 Trust region warning: step length has converged, but residual has not met accur
 acy goal
 Final residual =   7.452339605356264E-009
 Trust region warning: step length has converged, but residual has not met accur
 acy goal
 Final residual =   1.134905911263195E-008
 Trust region warning: step length has converged, but residual has not met accur
 acy goal
 Final residual =   9.750991998339878E-009
 Trust region warning: step length has converged, but residual has not met accur
 acy goal
 Final residual =   7.822582762918105E-009
 Trust region warning: step length has converged, but residual has not met accur
 acy goal
 Final residual =   1.182366279548874E-009
 Trust region warning: step length has converged, but residual has not met accur
 acy goal
 Final residual =   3.258312761922198E-009
 Trust region warning: step length has converged, but residual has not met accur
 acy goal
 Final residual =   3.458565510797800E-008
 Trust region warning: step length has converged, but residual has not met accur
 acy goal
 Final residual =   6.330740996853830E-010
 Trust region warning: step length has converged, but residual has not met accur
 acy goal
 Final residual =   3.535503649359550E-009
 Trust region warning: step length has converged, but residual has not met accur
 acy goal
 Final residual =   1.336753053491394E-008
 Trust region warning: step length has converged, but residual has not met accur
 acy goal
 Final residual =   2.287499520060429E-008
 Trust region warning: step length has converged, but residual has not met accur
 acy goal
 Final residual =   2.544612495995649E-009
 Trust region warning: step length has converged, but residual has not met accur
 acy goal
 Final residual =   4.516205953931250E-009
 Trust region warning: step length has converged, but residual has not met accur
 acy goal
 Final residual =   5.896844353776792E-009
 Trust region warning: step length has converged, but residual has not met accur
 acy goal
 Final residual =   6.205189291288177E-009
 Trust region warning: step length has converged, but residual has not met accur
 acy goal
 Final residual =   1.030415645713847E-008
 Trust region warning: step length has converged, but residual has not met accur
 acy goal
 Final residual =   1.552570247926687E-008
 Trust region warning: step length has converged, but residual has not met accur
 acy goal
 Final residual =   1.574016103956911E-008
 Trust region warning: step length has converged, but residual has not met accur
 acy goal
 Final residual =   2.199709400087527E-009
 Trust region warning: step length has converged, but residual has not met accur
 acy goal
 Final residual =   7.816559580807196E-009
 Trust region warning: step length has converged, but residual has not met accur
 acy goal
 Final residual =   1.494210167351248E-008
 Trust region warning: step length has converged, but residual has not met accur
 acy goal
 Final residual =   1.052596046815462E-008
 Trust region warning: step length has converged, but residual has not met accur
 acy goal
 Final residual =   1.589501171643006E-008
 Trust region warning: step length has converged, but residual has not met accur
 acy goal
 Final residual =   5.244598174844751E-009
 Trust region warning: step length has converged, but residual has not met accur
 acy goal
 Final residual =   2.062231736107262E-008
 Trust region warning: step length has converged, but residual has not met accur
 acy goal
 Final residual =   1.253108426041364E-008
 Trust region warning: step length has converged, but residual has not met accur
 acy goal
 Final residual =   4.722308206276933E-009
 Trust region warning: step length has converged, but residual has not met accur
 acy goal
 Final residual =   6.447435452469327E-009
 Trust region warning: step length has converged, but residual has not met accur
 acy goal
 Final residual =   6.419414494847222E-009
 Failed trust region: max iteration exceeded!
 Final residual =    1.08977862731405     
 Failed trust region: max iteration exceeded!
 Final residual =   0.772699166782138     
 Failed trust region: max iteration exceeded!
 Final residual =   0.501771137013126     
 Failed trust region: max iteration exceeded!
 Final residual =   0.244436467190124     
 Trust region warning: step length has converged, but residual has not met accur
 acy goal
 Final residual =   1.821187777053591E-008
 Trust region warning: step length has converged, but residual has not met accur
 acy goal
 Final residual =   3.576021878981033E-008
 Trust region warning: step length has converged, but residual has not met accur
 acy goal
 Final residual =   5.893848165687818E-009
 Trust region warning: step length has converged, but residual has not met accur
 acy goal
 Final residual =   1.590696800691332E-009
 Trust region warning: step length has converged, but residual has not met accur
 acy goal
 Final residual =   1.136025220189125E-008
 Trust region warning: step length has converged, but residual has not met accur
 acy goal
 Final residual =   2.845412871855071E-008
 Trust region warning: step length has converged, but residual has not met accur
 acy goal
 Final residual =   1.510512844950952E-008
 Trust region warning: step length has converged, but residual has not met accur
 acy goal
 Final residual =   2.877100256136505E-009
 Trust region warning: step length has converged, but residual has not met accur
 acy goal
 Final residual =   6.085105956007791E-009
 Trust region warning: step length has converged, but residual has not met accur
 acy goal
 Final residual =   2.096962971072437E-008
 Trust region warning: step length has converged, but residual has not met accur
 acy goal
 Final residual =   2.563567546452685E-009
 Trust region warning: step length has converged, but residual has not met accur
 acy goal
 Final residual =   4.246746269455546E-009
 Trust region warning: step length has converged, but residual has not met accur
 acy goal
 Final residual =   5.990138463700233E-009
 Trust region warning: step length has converged, but residual has not met accur
 acy goal
 Final residual =   6.084586885889953E-009
 Trust region warning: step length has converged, but residual has not met accur
 acy goal
 Final residual =   2.432387414919688E-009
 Trust region warning: step length has converged, but residual has not met accur
 acy goal
 Final residual =   4.029221006107349E-009
 Failed trust region: max iteration exceeded!
 Final residual =   5.184710120233611E-011
 Trust region warning: step length has converged, but residual has not met accur
 acy goal
 Final residual =   4.580574028632523E-009
 Trust region warning: step length has converged, but residual has not met accur
 acy goal
 Final residual =   8.612821488691003E-009
 Trust region warning: step length has converged, but residual has not met accur
 acy goal
 Final residual =   6.403413712905070E-009
 Trust region warning: step length has converged, but residual has not met accur
 acy goal
 Final residual =   6.689363985999116E-009
 Trust region warning: step length has converged, but residual has not met accur
 acy goal
 Final residual =   9.808997075328640E-009
 Trust region warning: step length has converged, but residual has not met accur
 acy goal
 Final residual =   3.835709680114419E-008
 Trust region warning: step length has converged, but residual has not met accur
 acy goal
 Final residual =   1.074449019515336E-008
 Trust region warning: step length has converged, but residual has not met accur
 acy goal
 Final residual =   1.634691436727891E-008
 Trust region warning: step length has converged, but residual has not met accur
 acy goal
 Final residual =   2.053430868129942E-008
 Trust region warning: step length has converged, but residual has not met accur
 acy goal
 Final residual =   1.395377519389530E-008
 Trust region warning: step length has converged, but residual has not met accur
 acy goal
 Final residual =   7.640438272100271E-010
 Trust region warning: step length has converged, but residual has not met accur
 acy goal
 Final residual =   2.067831329477450E-008
 Trust region warning: step length has converged, but residual has not met accur
 acy goal
 Final residual =   5.281273499945006E-009
 Trust region warning: step length has converged, but residual has not met accur
 acy goal
 Final residual =   2.228327374127158E-008
 Trust region warning: step length has converged, but residual has not met accur
 acy goal
 Final residual =   5.285805193803093E-009
 Trust region warning: step length has converged, but residual has not met accur
 acy goal
 Final residual =   1.605121452435827E-008
 Trust region warning: step length has converged, but residual has not met accur
 acy goal
 Final residual =   2.280562954541675E-008
 Trust region warning: step length has converged, but residual has not met accur
 acy goal
 Final residual =   1.488700724209107E-008
 Trust region warning: step length has converged, but residual has not met accur
 acy goal
 Final residual =   4.096728926200381E-009
 Trust region warning: step length has converged, but residual has not met accur
 acy goal
 Final residual =   3.480807305039103E-009
 Trust region warning: step length has converged, but residual has not met accur
 acy goal
 Final residual =   7.897420352426998E-009
 Trust region warning: step length has converged, but residual has not met accur
 acy goal
 Final residual =   3.409705668504573E-010
 Trust region warning: step length has converged, but residual has not met accur
 acy goal
 Final residual =   1.592393792493280E-008
 Trust region warning: step length has converged, but residual has not met accur
 acy goal
 Final residual =   6.054640600483919E-009
 Trust region warning: step length has converged, but residual has not met accur
 acy goal
 Final residual =   3.050034018849353E-008
 Trust region warning: step length has converged, but residual has not met accur
 acy goal
 Final residual =   1.312593968264249E-008
 Trust region warning: step length has converged, but residual has not met accur
 acy goal
 Final residual =   1.792893061994702E-008
 Trust region warning: step length has converged, but residual has not met accur
 acy goal
 Final residual =   2.117772014650565E-008
 Trust region warning: step length has converged, but residual has not met accur
 acy goal
 Final residual =   1.674843048737000E-008
 Trust region warning: step length has converged, but residual has not met accur
 acy goal
 Final residual =   1.696565335214749E-009
 Trust region warning: step length has converged, but residual has not met accur
 acy goal
 Final residual =   5.946230553021138E-009
 Trust region warning: step length has converged, but residual has not met accur
 acy goal
 Final residual =   2.497763504115039E-008
 Trust region warning: step length has converged, but residual has not met accur
 acy goal
 Final residual =   2.388801300312523E-008
 Trust region warning: step length has converged, but residual has not met accur
 acy goal
 Final residual =   7.213403253007561E-009
 Trust region warning: step length has converged, but residual has not met accur
 acy goal
 Final residual =   9.503454480102584E-009
 Trust region warning: step length has converged, but residual has not met accur
 acy goal
 Final residual =   2.181824242799750E-008
 Trust region warning: step length has converged, but residual has not met accur
 acy goal
 Final residual =   1.303889717212691E-008
 Trust region warning: step length has converged, but residual has not met accur
 acy goal
 Final residual =   1.378030658065765E-008
 Trust region warning: step length has converged, but residual has not met accur
 acy goal
 Final residual =   1.925019232755772E-008
 Trust region warning: step length has converged, but residual has not met accur
 acy goal
 Final residual =   2.030502276386639E-008
 Trust region warning: step length has converged, but residual has not met accur
 acy goal
 Final residual =   2.310002637706468E-008
 Trust region warning: step length has converged, but residual has not met accur
 acy goal
 Final residual =   3.182970644031653E-009
 Trust region warning: step length has converged, but residual has not met accur
 acy goal
 Final residual =   1.569533558565452E-009
 Trust region warning: step length has converged, but residual has not met accur
 acy goal
 Final residual =   1.209611966152876E-008
 Trust region warning: step length has converged, but residual has not met accur
 acy goal
 Final residual =   3.356645333821625E-008
 Trust region warning: step length has converged, but residual has not met accur
 acy goal
 Final residual =   2.688507783102703E-009
 Trust region warning: step length has converged, but residual has not met accur
 acy goal
 Final residual =   9.483156849597005E-009
 Trust region warning: step length has converged, but residual has not met accur
 acy goal
 Final residual =   1.244936844003082E-008
 Trust region warning: step length has converged, but residual has not met accur
 acy goal
 Final residual =   1.898854467161316E-008
 Trust region warning: step length has converged, but residual has not met accur
 acy goal
 Final residual =   2.730190037686170E-009
 Trust region warning: step length has converged, but residual has not met accur
 acy goal
 Final residual =   3.888361184197157E-009
 Failed trust region: max iteration exceeded!
 Final residual =   1.170897440592178E-008
 Trust region warning: step length has converged, but residual has not met accur
 acy goal
 Final residual =   5.185461732871998E-009
 Trust region warning: step length has converged, but residual has not met accur
 acy goal
 Final residual =   8.536162062118137E-009
 Trust region warning: step length has converged, but residual has not met accur
 acy goal
 Final residual =   2.582500743035248E-009
 Trust region warning: step length has converged, but residual has not met accur
 acy goal
 Final residual =   1.499261811532013E-008
 Trust region warning: step length has converged, but residual has not met accur
 acy goal
 Final residual =   7.538666658789705E-009
 Trust region warning: step length has converged, but residual has not met accur
 acy goal
 Final residual =   2.104273039149697E-008
 Trust region warning: step length has converged, but residual has not met accur
 acy goal
 Final residual =   1.054875818204996E-008
 Trust region warning: step length has converged, but residual has not met accur
 acy goal
 Final residual =   2.505983751241357E-009
 Trust region warning: step length has converged, but residual has not met accur
 acy goal
 Final residual =   1.645382756156550E-008
 Trust region warning: step length has converged, but residual has not met accur
 acy goal
 Final residual =   3.060545113243249E-009
 Trust region warning: step length has converged, but residual has not met accur
 acy goal
 Final residual =   1.779120619690509E-009
 Trust region warning: step length has converged, but residual has not met accur
 acy goal
 Final residual =   3.691476968898110E-008
 Trust region warning: step length has converged, but residual has not met accur
 acy goal
 Final residual =   5.331603225959747E-010
 Trust region warning: step length has converged, but residual has not met accur
 acy goal
 Final residual =   1.614059478761070E-008
 Trust region warning: step length has converged, but residual has not met accur
 acy goal
 Final residual =   1.542943619104795E-008
 Trust region warning: step length has converged, but residual has not met accur
 acy goal
 Final residual =   1.491883249836325E-008
 Trust region warning: step length has converged, but residual has not met accur
 acy goal
 Final residual =   1.426677570132510E-008
 Trust region warning: step length has converged, but residual has not met accur
 acy goal
 Final residual =   1.688676748131514E-008
 Trust region warning: step length has converged, but residual has not met accur
 acy goal
 Final residual =   1.782865772359777E-008
 Trust region warning: step length has converged, but residual has not met accur
 acy goal
 Final residual =   4.470188912520508E-009
 Trust region warning: step length has converged, but residual has not met accur
 acy goal
 Final residual =   1.662208528508565E-008
 Trust region warning: step length has converged, but residual has not met accur
 acy goal
 Final residual =   1.653231155364741E-008
 Trust region warning: step length has converged, but residual has not met accur
 acy goal
 Final residual =   3.019171386920029E-008
 Trust region warning: step length has converged, but residual has not met accur
 acy goal
 Final residual =   1.465683696677387E-009
 Trust region warning: step length has converged, but residual has not met accur
 acy goal
 Final residual =   2.836747317014057E-009
 Trust region warning: step length has converged, but residual has not met accur
 acy goal
 Final residual =   7.165729480669114E-009
 Trust region warning: step length has converged, but residual has not met accur
 acy goal
 Final residual =   2.963675812299784E-010
 Trust region warning: step length has converged, but residual has not met accur
 acy goal
 Final residual =   1.530757080479143E-008
 Trust region warning: step length has converged, but residual has not met accur
 acy goal
 Final residual =   5.855173453075003E-009
 Trust region warning: step length has converged, but residual has not met accur
 acy goal
 Final residual =   1.432785034302886E-008
 Trust region warning: step length has converged, but residual has not met accur
 acy goal
 Final residual =   2.993067524752724E-008
 Trust region warning: step length has converged, but residual has not met accur
 acy goal
 Final residual =   1.278001756147731E-008
 Trust region warning: step length has converged, but residual has not met accur
 acy goal
 Final residual =   2.865586987081809E-008
 Trust region warning: step length has converged, but residual has not met accur
 acy goal
 Final residual =   1.973405949933182E-008
 Trust region warning: step length has converged, but residual has not met accur
 acy goal
 Final residual =   2.570439809052749E-008
 Trust region warning: step length has converged, but residual has not met accur
 acy goal
 Final residual =   3.055604383477889E-008
 Trust region warning: step length has converged, but residual has not met accur
 acy goal
 Final residual =   1.907831426423655E-008
 Trust region warning: step length has converged, but residual has not met accur
 acy goal
 Final residual =   1.392689967603444E-008
 Trust region warning: step length has converged, but residual has not met accur
 acy goal
 Final residual =   1.945794524755336E-009
 Trust region warning: step length has converged, but residual has not met accur
 acy goal
 Final residual =   2.487133414009719E-008
 Trust region warning: step length has converged, but residual has not met accur
 acy goal
 Final residual =   7.381441324900552E-011
 Trust region warning: step length has converged, but residual has not met accur
 acy goal
 Final residual =   8.713125771319428E-009
 Trust region warning: step length has converged, but residual has not met accur
 acy goal
 Final residual =   4.476780987861074E-011
 Trust region warning: step length has converged, but residual has not met accur
 acy goal
 Final residual =   9.671765249589655E-009
 Trust region warning: step length has converged, but residual has not met accur
 acy goal
 Final residual =   8.298974107752395E-009
 Trust region warning: step length has converged, but residual has not met accur
 acy goal
 Final residual =   1.049491511761756E-008
 Trust region warning: step length has converged, but residual has not met accur
 acy goal
 Final residual =   1.450028620832159E-008
 Trust region warning: step length has converged, but residual has not met accur
 acy goal
 Final residual =   7.697243730853027E-009
 Trust region warning: step length has converged, but residual has not met accur
 acy goal
 Final residual =   2.551425077825746E-009
 Trust region warning: step length has converged, but residual has not met accur
 acy goal
 Final residual =   2.551425077825746E-009
Critics: a critical geometry searcher
Yifan Shen 2021

Echo of user command line input:
/home/yshen/Software/Mine/diabatz/tools/critics/v1/critics.exe -j min -f default -i opt.IntCoordDef -t 1 -d default IntCoordDef SAS.in pretrain-Hd.in pretrain-Hd.net pretrain-11.in pretrain-12.in pretrain-13.in pretrain-14.in pretrain-22.in pretrain-23.in pretrain-24.in pretrain-33.in pretrain-34.in pretrain-44.in default IntCoordDef SAS.in Hd.in Hd.net 11.in 12.in 13.in 14.in 22.in 23.in 24.in 33.in 34.in 44.in -x asym.xyz -c 22 24 26 27 28 29 30 31 32 33 34 35 36 -o min.xyz

Wed Dec  7 18:01:11 2022

Job type: min
The target electronic state is 1

Wed Dec  7 18:14:34 2022
Mission success
