 Trust region warning: step length has converged, but residual has not met accur
 acy goal
 Final residual =   8.698435335502260E-009
 Trust region warning: step length has converged, but residual has not met accur
 acy goal
 Final residual =   1.093508322018856E-008
 Trust region warning: step length has converged, but residual has not met accur
 acy goal
 Final residual =   5.280519359901934E-009
 Trust region warning: step length has converged, but residual has not met accur
 acy goal
 Final residual =   2.578722179120060E-009
 Trust region warning: step length has converged, but residual has not met accur
 acy goal
 Final residual =   1.054130682412189E-008
 Trust region warning: step length has converged, but residual has not met accur
 acy goal
 Final residual =   9.971802940809817E-010
 Trust region warning: step length has converged, but residual has not met accur
 acy goal
 Final residual =   9.971802940809817E-010
Critics: a critical geometry searcher
Yifan Shen 2021

Echo of user command line input:
/home/yshen/Software/Mine/diabatz/tools/critics/v0/critics.exe -j min -f default -i opt.IntCoordDef -t 3 -d default IntCoordDef SAS.in Hd.in Hd.net 11.in 12.in 13.in 14.in 22.in 23.in 24.in 33.in 34.in 44.in -x sad-B2.xyz -c 14 15 16 17 18 19 20 21 22 23 24 25 26 27 28 29 30 31 32 33 34 35 36 -o sad.xyz

Fri Apr  8 22:49:26 2022

Job type: min
The target electronic state is 3

Fri Apr  8 22:49:38 2022
Mission success
