 Trust region warning: step length has converged, but residual has not met accur
 acy goal
 Final residual =   1.355661293753732E-010
 Trust region warning: step length has converged, but residual has not met accur
 acy goal
 Final residual =   1.519892534095856E-010
 Trust region warning: step length has converged, but residual has not met accur
 acy goal
 Final residual =   1.069938376775163E-010
 Trust region warning: step length has converged, but residual has not met accur
 acy goal
 Final residual =   1.463057464370580E-010
 Trust region warning: step length has converged, but residual has not met accur
 acy goal
 Final residual =   3.917946190928841E-011
 Trust region warning: step length has converged, but residual has not met accur
 acy goal
 Final residual =   1.056583889668018E-010
 Trust region warning: step length has converged, but residual has not met accur
 acy goal
 Final residual =   6.342107263108513E-011
 Trust region warning: step length has converged, but residual has not met accur
 acy goal
 Final residual =   1.256397505834973E-010
 Trust region warning: step length has converged, but residual has not met accur
 acy goal
 Final residual =   1.366498266298632E-010
 Trust region warning: step length has converged, but residual has not met accur
 acy goal
 Final residual =   1.197235570310767E-010
 Trust region warning: step length has converged, but residual has not met accur
 acy goal
 Final residual =   1.197235570310767E-010
Critics: a critical geometry searcher
Yifan Shen 2021

Echo of user command line input:
/home/yshen/Software/Mine/diabatz/tools/critics/v1/critics.exe -j min -f default -i opt.IntCoordDef -t 1 -d default IntCoordDef SAS.in pretrain-Hd.in pretrain-Hd.net pretrain-11.in pretrain-12.in pretrain-13.in pretrain-14.in pretrain-22.in pretrain-23.in pretrain-24.in pretrain-33.in pretrain-34.in pretrain-44.in default IntCoordDef SAS.in Hd.in Hd.net 11.in 12.in 13.in 14.in 22.in 23.in 24.in 33.in 34.in 44.in -x A1rot-sad.xyz -c 25 26 27 28 29 30 31 32 33 34 35 36 -o sad.xyz

Wed Apr 20 19:41:28 2022

Job type: min
The target electronic state is 1

Wed Apr 20 19:42:14 2022
Mission success
