    1,17   # NH angle bias under 2nd scaling
    1,17       1,17   
    2,6        2,6    
    1,17       1,17       1,17   
    2,6        2,6        1,17   
    1,17       1,17       1,17       1,17   
    2,6        2,6        1,17       1,17   
    2,6        2,6        2,6        2,6    
    1,17       1,1    
    1,17       1,2    
    1,17       1,3    
    1,17       1,14   
    1,17       1,5    
    1,17       1,6    
    1,17       1,7    
    1,17       1,8    
    1,17       1,9    
    1,17       1,10   
    1,17       1,11   
    1,17       1,12   
    1,17       1,13   
    1,17       1,17       3,12       3,12   
    1,17       1,17       5,2        5,2    
    1,17       1,17       7,8        7,8    
    1,17       1,17       8,2        8,2    
    2,6        2,6        3,12       3,12   
    2,6        2,6        5,2        5,2    
    2,6        2,6        7,8        7,8    
    2,6        2,6        8,2        8,2    
