    1,17       3,1    # NH angle bias under 2nd scaling
    1,17       3,2    
    1,17       3,3    
    1,17       3,4    
    1,17       3,5    
    1,17       3,6    
    1,17       3,7    
    1,17       3,8    
    1,17       3,9    
    1,17       3,10   
    1,17       3,12   
    1,17       2,1        5,2    
    1,17       2,3        5,2    
    1,17       1,17       3,1    
    1,17       1,17       3,2    
    1,17       1,17       3,3    
    1,17       1,17       3,4    
    1,17       1,17       3,5    
    1,17       1,17       3,6    
    1,17       1,17       3,7    
    1,17       1,17       3,8    
    1,17       1,17       3,9    
    1,17       1,17       3,10   
    1,17       1,17       3,12   
    1,17       1,17       2,1        5,2    
    1,17       1,17       2,3        5,2    
    2,6        2,6        3,1    
    2,6        2,6        3,2    
    2,6        2,6        3,3    
    2,6        2,6        3,4    
    2,6        2,6        3,5    
    2,6        2,6        3,6    
    2,6        2,6        3,7    
    2,6        2,6        3,8    
    2,6        2,6        3,9    
    2,6        2,6        3,10   
    2,6        2,6        3,12   
    2,6        2,6        2,1        5,2    
    2,6        2,6        2,3        5,2    
