    1,17       7,1    # NH angle bias under 2nd scaling
    1,17       7,2    
    1,17       7,3    
    1,17       7,4    
    1,17       7,5    
    1,17       7,6    
    1,17       7,8    
    1,17       2,1        8,2    
    1,17       2,3        8,2    
    1,17       1,17       7,1    
    1,17       1,17       7,2    
    1,17       1,17       7,3    
    1,17       1,17       7,4    
    1,17       1,17       7,5    
    1,17       1,17       7,6    
    1,17       1,17       7,8    
    1,17       1,17       8,2        2,1    
    1,17       1,17       8,2        2,3    
    2,6        2,6        7,1    
    2,6        2,6        7,2    
    2,6        2,6        7,3    
    2,6        2,6        7,4    
    2,6        2,6        7,5    
    2,6        2,6        7,6    
    2,6        2,6        7,8    
    2,6        2,6        8,2        2,1    
    2,6        2,6        8,2        2,3    
