Diabatz version 1.3.0
Yifan Shen 2021

Echo of user command line input:
/home/yshen57/Software/Mine/diabatz/v1.3.0/diabatz.exe --pretrained default IntCoordDef SAS.in pretrained_Hd.in pretrained_Hd.net pretrained_11.in -f default -i IntCoordDef -s SAS.in -n Hd.in -l 11.in -d data/critical/list.txt data/fast/list.txt data/slow/list.txt data/linear-path/list.txt data/other/A1-rotation/list.txt data/other/B1-rotation/list.txt data/artifact/asymptote/ -z -286.1075216397

Mon Feb 28 19:56:04 2022

The data set will be read from: 
    data/critical/min-A1/, data/critical/sad-A1/, data/critical/min-B1/, 
    data/critical/sad-B1/, data/critical/min-B2/, data/critical/sad-B2/, data/critical/min-A2/, 
    data/critical/sad-A2/, data/critical/mex-B2-A2/, data/fast/0.7/, data/fast/0.8/, 
    data/fast/0.9/, data/fast/1.1/, data/fast/1.2/, data/fast/1.4/, data/fast/1.5/, 
    data/fast/1.6/, data/fast/1.7/, data/fast/1.9/, data/fast/2.0/, data/fast/2.1/, 
    data/fast/2.2/, data/fast/2.3/, data/fast/2.4/, data/fast/2.5/, data/fast/2.6/, 
    data/fast/2.7/, data/fast/2.8/, data/fast/2.9/, data/fast/3/, data/fast/4/, 
    data/fast/5/, data/fast/6/, data/fast/6_partial-loop/, data/slow/0.7/, 
    data/slow/0.8/, data/slow/0.9/, data/slow/1.1/, data/slow/1.2/, data/slow/1.3/, 
    data/slow/1.4/, data/slow/1.5/, data/slow/1.6/, data/slow/1.7/, 
    data/linear-path/min-B1_min-B2/, data/linear-path/1.1-fast-slow/, data/linear-path/1.2-fast-slow/, 
    data/linear-path/1.3-fast-slow/, data/linear-path/1.4-fast-slow/, data/linear-path/1.5-fast-slow/, 
    data/linear-path/1.6-fast-slow/, data/linear-path/1.7-fast-slow/, data/other/A1-rotation/0.1/, 
    data/other/A1-rotation/0.2/, data/other/A1-rotation/0.3/, data/other/A1-rotation/0.7/, 
    data/other/A1-rotation/0.8/, data/other/A1-rotation/0.9/, data/other/A1-rotation/1.0/, 
    data/other/A1-rotation/1.1/, data/other/A1-rotation/1.2/, data/other/A1-rotation/1.3/, 
    data/other/A1-rotation/1.4/, data/other/A1-rotation/1.5/, data/other/A1-rotation/1.6/, 
    data/other/A1-rotation/1.7/, data/other/A1-rotation/1.8/, data/other/A1-rotation/1.9/, 
    data/other/A1-rotation/2.0/, data/other/A1-rotation/2.1/, data/other/A1-rotation/2.2/, 
    data/other/B1-rotation/0.1/, data/other/B1-rotation/0.2/, data/other/B1-rotation/0.3/, 
    data/other/B1-rotation/0.4/, data/other/B1-rotation/0.5/, data/other/B1-rotation/0.6/, 
    data/other/B1-rotation/0.7/, data/other/B1-rotation/0.8/, data/other/B1-rotation/0.9/, 
    data/other/B1-rotation/1.0/, data/other/B1-rotation/1.1/, data/other/B1-rotation/1.2/, 
    data/other/B1-rotation/1.3/, data/other/B1-rotation/1.4/, data/other/B1-rotation/1.5/, 
    data/other/B1-rotation/1.6/, data/other/B1-rotation/1.7/, data/other/B1-rotation/1.8/, 
    data/other/B1-rotation/2.2/, data/artifact/asymptote/, 
There are 1786 data points in adiabatic representation
          0 data points in composite representation

maximum ground state energy = 0.353304
maximum ||ground state energy gradient||_infinity = 0.706673
so we suggest to set gradient / energy scaling to around 2.00018

The number of threads = 4

Thread 1:
* owns 447 adiabatic data points
* owns 0 composite data points
* owns 0 energy-only data points
* starts with Jacobian row 0
Thread 2:
* owns 447 adiabatic data points
* owns 0 composite data points
* owns 0 energy-only data points
* starts with Jacobian row 10242
Thread 3:
* owns 446 adiabatic data points
* owns 0 composite data points
* owns 0 energy-only data points
* starts with Jacobian row 22711
Thread 4:
* owns 446 adiabatic data points
* owns 0 composite data points
* owns 0 energy-only data points
* starts with Jacobian row 38553

The data set corresponds to 53378 least square equations
There are 2776 parameters to train

The initial residue = 30.3874
 
2022 year  2 month 28 day 20: 2:58
 Iteration           1 , residue   30.3874032176696     
 
2022 year  2 month 28 day 20: 3: 2
 Iteration           2 , residue   30.3874032176696     
 
2022 year  2 month 28 day 20: 3: 6
 Iteration           3 , residue   30.3874032176696     
 
2022 year  2 month 28 day 20: 3:10
 Iteration           4 , residue   25.1429417953531     
 
2022 year  2 month 28 day 20: 3:21
 Iteration           5 , residue   18.2591827343453     
 
2022 year  2 month 28 day 20: 3:32
 Iteration           6 , residue   10.9320841200973     
 
2022 year  2 month 28 day 20: 3:43
 Iteration           7 , residue   5.28801050324804     
 
2022 year  2 month 28 day 20: 3:54
 Iteration           8 , residue   2.28930034571461     
 
2022 year  2 month 28 day 20: 4: 4
 Iteration           9 , residue   1.28497936650665     
 
2022 year  2 month 28 day 20: 4:14
 Iteration          10 , residue  0.952328643582171     
 
2022 year  2 month 28 day 20: 4:24
 Iteration          11 , residue  0.837429302455344     
 
2022 year  2 month 28 day 20: 4:35
 Iteration          12 , residue  0.451014178114886     
 
2022 year  2 month 28 day 20: 4:45
 Iteration          13 , residue  0.451014178114886     
 
2022 year  2 month 28 day 20: 4:49
 Iteration          14 , residue  0.391439831144147     
 
2022 year  2 month 28 day 20: 4:59
 Iteration          15 , residue  0.364648922311425     
 
2022 year  2 month 28 day 20: 5: 9
 Iteration          16 , residue  0.348003609796085     
 
2022 year  2 month 28 day 20: 5:20
 Iteration          17 , residue  0.328278138093973     
 
2022 year  2 month 28 day 20: 5:30
 Iteration          18 , residue  0.309372404365656     
 
2022 year  2 month 28 day 20: 5:40
 Iteration          19 , residue  0.291870230334484     
 
2022 year  2 month 28 day 20: 5:51
 Iteration          20 , residue  0.280389979196132     
 
2022 year  2 month 28 day 20: 6: 1
 Iteration          21 , residue  0.276829312807455     
 
2022 year  2 month 28 day 20: 6:11
 Iteration          22 , residue  0.271419823872874     
 
2022 year  2 month 28 day 20: 6:21
 Iteration          23 , residue  0.262946123506744     
 
2022 year  2 month 28 day 20: 6:31
 Iteration          24 , residue  0.250941131467777     
 
2022 year  2 month 28 day 20: 6:42
 Iteration          25 , residue  0.243725817707388     
 
2022 year  2 month 28 day 20: 6:52
 Iteration          26 , residue  0.240315376893985     
 
2022 year  2 month 28 day 20: 7: 2
 Iteration          27 , residue  0.215389025681824     
 
2022 year  2 month 28 day 20: 7:12
 Iteration          28 , residue  0.210707389133986     
 
2022 year  2 month 28 day 20: 7:22
 Iteration          29 , residue  0.206432523616484     
 
2022 year  2 month 28 day 20: 7:33
 Iteration          30 , residue  0.202228368256213     
 
2022 year  2 month 28 day 20: 7:43
 Iteration          31 , residue  0.198159532781484     
 
2022 year  2 month 28 day 20: 7:53
 Iteration          32 , residue  0.194243896060381     
 
2022 year  2 month 28 day 20: 8: 3
 Iteration          33 , residue  0.190445197698497     
 
2022 year  2 month 28 day 20: 8:13
 Iteration          34 , residue  0.186780134196235     
 
2022 year  2 month 28 day 20: 8:23
 Iteration          35 , residue  0.183319625963450     
 
2022 year  2 month 28 day 20: 8:34
 Iteration          36 , residue  0.180049647516986     
 
2022 year  2 month 28 day 20: 8:44
 Iteration          37 , residue  0.176973456790826     
 
2022 year  2 month 28 day 20: 8:54
 Iteration          38 , residue  0.174112427817676     
 
2022 year  2 month 28 day 20: 9: 4
 Iteration          39 , residue  0.171411158602667     
 
2022 year  2 month 28 day 20: 9:14
 Iteration          40 , residue  0.168958827450447     
 
2022 year  2 month 28 day 20: 9:24
 Iteration          41 , residue  0.166703827308986     
 
2022 year  2 month 28 day 20: 9:34
 Iteration          42 , residue  0.164641609376840     
 
2022 year  2 month 28 day 20: 9:45
 Iteration          43 , residue  0.162851865119145     
 
2022 year  2 month 28 day 20: 9:55
 Iteration          44 , residue  0.161201118501959     
 
2022 year  2 month 28 day 20:10: 5
 Iteration          45 , residue  0.155121907472165     
 
2022 year  2 month 28 day 20:10:15
 Iteration          46 , residue  0.153946118409471     
 
2022 year  2 month 28 day 20:10:25
 Iteration          47 , residue  0.152792834067808     
 
2022 year  2 month 28 day 20:10:35
 Iteration          48 , residue  0.151658888495192     
 
2022 year  2 month 28 day 20:10:46
 Iteration          49 , residue  0.150542106719885     
 
2022 year  2 month 28 day 20:10:56
 Iteration          50 , residue  0.149441295768372     
 
2022 year  2 month 28 day 20:11: 6
 Iteration          51 , residue  0.148355878089213     
 
2022 year  2 month 28 day 20:11:16
 Iteration          52 , residue  0.147285648880687     
 
2022 year  2 month 28 day 20:11:26
 Iteration          53 , residue  0.146230813163561     
 
2022 year  2 month 28 day 20:11:36
 Iteration          54 , residue  0.145191908187430     
 
2022 year  2 month 28 day 20:11:47
 Iteration          55 , residue  0.144169746600648     
 
2022 year  2 month 28 day 20:11:57
 Iteration          56 , residue  0.143165344584313     
 
2022 year  2 month 28 day 20:12: 7
 Iteration          57 , residue  0.142179895819003     
 
2022 year  2 month 28 day 20:12:17
 Iteration          58 , residue  0.141214680014096     
 
2022 year  2 month 28 day 20:12:27
 Iteration          59 , residue  0.140270852071228     
 
2022 year  2 month 28 day 20:12:37
 Iteration          60 , residue  0.139349370521870     
 
2022 year  2 month 28 day 20:12:47
 Iteration          61 , residue  0.138450728787276     
 
2022 year  2 month 28 day 20:12:57
 Iteration          62 , residue  0.137575044777399     
 
2022 year  2 month 28 day 20:13: 7
 Iteration          63 , residue  0.136721896274536     
 
2022 year  2 month 28 day 20:13:18
 Iteration          64 , residue  0.135890540997933     
 
2022 year  2 month 28 day 20:13:28
 Iteration          65 , residue  0.135080110739020     
 
2022 year  2 month 28 day 20:13:38
 Iteration          66 , residue  0.134289693183826     
 
2022 year  2 month 28 day 20:13:48
 Iteration          67 , residue  0.133518435302039     
 
2022 year  2 month 28 day 20:13:58
 Iteration          68 , residue  0.132765657166499     
 
2022 year  2 month 28 day 20:14: 8
 Iteration          69 , residue  0.132030869137710     
 
2022 year  2 month 28 day 20:14:19
 Iteration          70 , residue  0.131313533816297     
 
2022 year  2 month 28 day 20:14:29
 Iteration          71 , residue  0.130613514104901     
 
2022 year  2 month 28 day 20:14:39
 Iteration          72 , residue  0.129930603894518     
 
2022 year  2 month 28 day 20:14:49
 Iteration          73 , residue  0.129264675712932     
 
2022 year  2 month 28 day 20:14:58
 Iteration          74 , residue  0.128615649455161     
 
2022 year  2 month 28 day 20:15: 8
 Iteration          75 , residue  0.127983439888637     
 
2022 year  2 month 28 day 20:15:18
 Iteration          76 , residue  0.127367940623026     
 
2022 year  2 month 28 day 20:15:28
 Iteration          77 , residue  0.126768976705201     
 
2022 year  2 month 28 day 20:15:38
 Iteration          78 , residue  0.126186294951004     
 
2022 year  2 month 28 day 20:15:48
 Iteration          79 , residue  0.125619637152916     
 
2022 year  2 month 28 day 20:15:58
 Iteration          80 , residue  0.125068534067748     
 
2022 year  2 month 28 day 20:16: 8
 Iteration          81 , residue  0.124532467025583     
 
2022 year  2 month 28 day 20:16:17
 Iteration          82 , residue  0.124010760323560     
 
2022 year  2 month 28 day 20:16:27
 Iteration          83 , residue  0.123502573653138     
 
2022 year  2 month 28 day 20:16:37
 Iteration          84 , residue  0.123006914172604     
 
2022 year  2 month 28 day 20:16:47
 Iteration          85 , residue  0.122522634332592     
 
2022 year  2 month 28 day 20:16:56
 Iteration          86 , residue  0.122048478228322     
 
2022 year  2 month 28 day 20:17: 6
 Iteration          87 , residue  0.121583123883153     
 
2022 year  2 month 28 day 20:17:16
 Iteration          88 , residue  0.121125235724907     
 
2022 year  2 month 28 day 20:17:25
 Iteration          89 , residue  0.120673529721570     
 
2022 year  2 month 28 day 20:17:35
 Iteration          90 , residue  0.120226636122267     
 
2022 year  2 month 28 day 20:17:44
 Iteration          91 , residue  0.119783375818754     
 
2022 year  2 month 28 day 20:17:54
 Iteration          92 , residue  0.119342452287520     
 
2022 year  2 month 28 day 20:18: 3
 Iteration          93 , residue  0.118902695981250     
 
2022 year  2 month 28 day 20:18:13
 Iteration          94 , residue  0.118462815534712     
 
2022 year  2 month 28 day 20:18:22
 Iteration          95 , residue  0.118021683750037     
 
2022 year  2 month 28 day 20:18:32
 Iteration          96 , residue  0.117578172451690     
 
2022 year  2 month 28 day 20:18:41
 Iteration          97 , residue  0.117131203343600     
 
2022 year  2 month 28 day 20:18:51
 Iteration          98 , residue  0.116679849542874     
 
2022 year  2 month 28 day 20:19: 0
 Iteration          99 , residue  0.116223281128015     
 
2022 year  2 month 28 day 20:19:10
 Iteration         100 , residue  0.115760784298118     
 
2022 year  2 month 28 day 20:19:19
 Iteration         101 , residue  0.115291868689772     
 
2022 year  2 month 28 day 20:19:29
 Iteration         102 , residue  0.114816219721800     
 
2022 year  2 month 28 day 20:19:38
 Iteration         103 , residue  0.114333813634563     
 
2022 year  2 month 28 day 20:19:47
 Iteration         104 , residue  0.113845082947681     
 Failed trust region: max iteration exceeded!
 Final residual =   0.113845082947681     
The final residue = 0.113845

Mon Feb 28 20:19:48 2022
Mission success
