Root mean square deviation analyzer for diabatz
Yifan Shen 2021

Echo of user command line input:
/home-4/yshen57@jhu.edu/Software/Mine/diabatz/tools/RMSD/v0/RMSD.exe -d default IntCoordDef SAS.in Hd.in Hd.net 11.in 12.in 13.in 14.in 22.in 23.in 24.in 33.in 34.in 44.in -s min-A1/ -z -286.1075216397

Sun May 30 12:53:39 2021

Root mean square deviation of energy:
State 1 = 1.58985e-05
State 2 = 8.7358e-05
State 3 = 9.58679e-05
State 4 = 9.66483e-06
Root mean square deviation of energy gradient:
State 1 = 0.000112892
State 2 = 9.87006e-05
State 3 = 0.000103058
State 4 = 9.07542e-05
Root mean square deviation of interstate coupling:
State 1-2 = 0.00104385
State 1-3 = 0.00101117
State 1-4 = 0.00179705
State 2-3 = 0.000203735
State 2-4 = 0.000335607
State 3-4 = 0.000233831

Sun May 30 12:53:55 2021
Mission success
