 Trust region warning: step length has converged, but residual has not met accur
 acy goal
 Final residual =   1.210420540942068E-008
 Trust region warning: step length has converged, but residual has not met accur
 acy goal
 Final residual =   1.210420540942068E-008
 Trust region warning: step length has converged, but residual has not met accur
 acy goal
 Final residual =   6.208461080246732E-009
 Trust region warning: step length has converged, but residual has not met accur
 acy goal
 Final residual =   6.208461080246732E-009
 Trust region warning: step length has converged, but residual has not met accur
 acy goal
 Final residual =   4.911762419014086E-009
 Trust region warning: step length has converged, but residual has not met accur
 acy goal
 Final residual =   4.911762419014086E-009
 Trust region warning: step length has converged, but residual has not met accur
 acy goal
 Final residual =   1.014414493198962E-008
 Trust region warning: step length has converged, but residual has not met accur
 acy goal
 Final residual =   1.014414493198962E-008
 Trust region warning: step length has converged, but residual has not met accur
 acy goal
 Final residual =   1.187810243817971E-008
 Trust region warning: step length has converged, but residual has not met accur
 acy goal
 Final residual =   1.187810243817971E-008
 Trust region warning: step length has converged, but residual has not met accur
 acy goal
 Final residual =   1.324730067220956E-008
 Trust region warning: step length has converged, but residual has not met accur
 acy goal
 Final residual =   1.324730067220956E-008
 Trust region warning: step length has converged, but residual has not met accur
 acy goal
 Final residual =   2.173122027674239E-008
 Trust region warning: step length has converged, but residual has not met accur
 acy goal
 Final residual =   2.173122027674239E-008
 Trust region warning: step length has converged, but residual has not met accur
 acy goal
 Final residual =   2.173122027674239E-008
Critics: a critical geometry searcher
Yifan Shen 2021

Echo of user command line input:
/home/yshen57/Software/Mine/diabatz/tools/critics/v1/critics.exe -j sad -f default -i opt.IntCoordDef -t 4 -d default IntCoordDef SAS.in pretrain-Hd.in pretrain-Hd.net pretrain-11.in pretrain-12.in pretrain-13.in pretrain-14.in pretrain-22.in pretrain-23.in pretrain-24.in pretrain-33.in pretrain-34.in pretrain-44.in default IntCoordDef SAS.in Hd.in Hd.net 11.in 12.in 13.in 14.in 22.in 23.in 24.in 33.in 34.in 44.in -x sad-A2.xyz -c 26 27 28 29 30 31 32 33 34 35 36 -o sad.xyz

Mon Dec 12 17:53:21 2022

Job type: sad
The target electronic state is 4

Mon Dec 12 17:57:19 2022
Mission success
