Statisticize data set for diabatz version 0
Yifan Shen 2022

Echo of user command line input:
/home/yshen/Software/Mine/diabatz/tools/v0/data-stats/data-stats.exe -f default -i IntCoordDef -s SAS.in -n Hd.in -l 11.in 12.in 13.in 14.in 22.in 23.in 24.in 33.in 34.in 44.in -d data/critical/no-deg_list.txt data/linear-path/min-B1_min-B2/ data/NH2-rotation-A1/list.txt data/NH2-rotation-B1/list.txt data/other/NH2-angles/list.txt data/other/benzene/list.txt data/other/in-benzene/list.txt data/other/out-of-benzene/list.txt data/fast/list.txt data/other/fast_bound_N-H/list.txt data/slow/list.txt data/other/slow_bound_N-H/list.txt data/linear-path/fast-slow/list.txt data/linear-path/min-B1_stretch/list.txt data/linear-path/min-A1_stretch/list.txt data/linear-path/A1rot-sad_stretch/list.txt data/artifact/asymptote/ -z -286.1075216397

Wed May 25 16:34:48 2022

The data set will be read from: 
    data/critical/min-A1/, data/critical/sad-A1/, data/critical/min-B1/, 
    data/critical/sad-B1/, data/critical/min-B2/, data/critical/sad-B2/, data/critical/min-A2/, 
    data/critical/sad-A2/, data/linear-path/min-B1_min-B2/, data/NH2-rotation-A1/0.1/, 
    data/NH2-rotation-A1/0.2/, data/NH2-rotation-A1/0.3/, data/NH2-rotation-A1/0.4/, 
    data/NH2-rotation-A1/0.5/, data/NH2-rotation-A1/0.6/, data/NH2-rotation-A1/0.7/, 
    data/NH2-rotation-A1/0.8/, data/NH2-rotation-A1/0.9/, data/NH2-rotation-A1/1.0/, 
    data/NH2-rotation-A1/1.1/, data/NH2-rotation-A1/1.2/, data/NH2-rotation-A1/1.3/, 
    data/NH2-rotation-A1/1.4/, data/NH2-rotation-A1/1.5/, data/NH2-rotation-A1/1.6/, 
    data/NH2-rotation-A1/1.7/, data/NH2-rotation-A1/1.8/, data/NH2-rotation-A1/1.9/, 
    data/NH2-rotation-A1/2.0/, data/NH2-rotation-A1/2.1/, data/NH2-rotation-A1/2.2/, 
    data/NH2-rotation-B1/0.1/, data/NH2-rotation-B1/0.2/, data/NH2-rotation-B1/0.3/, 
    data/NH2-rotation-B1/0.4/, data/NH2-rotation-B1/0.5/, data/NH2-rotation-B1/0.6/, 
    data/NH2-rotation-B1/0.7/, data/NH2-rotation-B1/0.8/, data/NH2-rotation-B1/0.9/, 
    data/NH2-rotation-B1/1.0/, data/NH2-rotation-B1/1.1/, data/NH2-rotation-B1/1.2/, 
    data/NH2-rotation-B1/1.3/, data/NH2-rotation-B1/1.4/, data/NH2-rotation-B1/1.5/, 
    data/NH2-rotation-B1/1.6/, data/NH2-rotation-B1/1.7/, data/NH2-rotation-B1/1.8/, 
    data/NH2-rotation-B1/1.9/, data/NH2-rotation-B1/2.0/, data/NH2-rotation-B1/2.1/, 
    data/NH2-rotation-B1/2.2/, data/other/NH2-angles/H-N-H_from_min-B1/0-18_4-states/, 
    data/other/NH2-angles/H-N-H_from_min-B1/19_3-states/, data/other/NH2-angles/H-N-H_from_min-A1/, 
    data/other/NH2-angles/C-N-avgH_from_min-B1/0-11_4-states/, data/other/NH2-angles/C-N-avgH_from_min-B1/12-13_5to4-states/, 
    data/other/NH2-angles/C-out-of-NH2/0-9_4-states/, data/other/NH2-angles/C-out-of-NH2/10-14_5to4-states/, 
    data/other/benzene/A1-9/0-13_4-states/, data/other/benzene/A1-9/14-19_4-states/, data/other/benzene/A1-10/, 
    data/other/benzene/B1-14/0-5_4-states/, data/other/benzene/B1-14/6-9_4-states/, data/other/benzene/B1-15/, 
    data/other/benzene/B2-27/, data/other/benzene/A2-33/, data/other/in-benzene/A1-11/, 
    data/other/in-benzene/A1-12/, data/other/in-benzene/B2-28/, data/other/in-benzene/B2-29/, 
    data/other/in-benzene/B2-30/, data/other/out-of-benzene/B1-16_H/0-5_4-states/, 
    data/other/out-of-benzene/B1-16_H/6-10_4-states/, data/other/out-of-benzene/B1-17_H/0-9_4-states/, 
    data/other/out-of-benzene/B1-17_H/10-12_4-states/, data/other/out-of-benzene/B1-18_H/, 
    data/other/out-of-benzene/B1-19_N/0-2_4-states/, data/other/out-of-benzene/B1-19_N/3-4_4-states/, 
    data/other/out-of-benzene/A2-34_H/0-6_4-states/, data/other/out-of-benzene/A2-34_H/7_3-states/, 
    data/other/out-of-benzene/A2-34_H/8-10_4-states/, data/other/out-of-benzene/A2-35_H/0-2_4-states/, 
    data/other/out-of-benzene/A2-35_H/3-7_3-states/, data/fast/0.7/, data/fast/0.8/, data/fast/0.9/, data/fast/1.1/, 
    data/fast/1.2/, data/fast/1.4/, data/fast/1.5/, data/fast/1.6/, data/fast/1.7/, 
    data/fast/1.9/, data/fast/2.0/, data/fast/2.1/, data/fast/2.2/, data/fast/2.3/, 
    data/fast/2.4/, data/fast/2.5/, data/fast/2.6/, data/fast/2.7/, data/fast/2.8/, 
    data/fast/2.9/, data/fast/3/, data/fast/4/, data/fast/5/, data/fast/6/, 
    data/fast/6_partial-loop/, data/other/fast_bound_N-H/1.1/0.8-0.9-1.1-1.2_4-states/, 
    data/other/fast_bound_N-H/1.1/1.3_3-states/, data/other/fast_bound_N-H/1.2/0.8-0.9-1.1-1.2_4-states/, 
    data/other/fast_bound_N-H/1.2/1.3_3-states/, data/other/fast_bound_N-H/1.3/0.8-0.9-1.1_3-states/, 
    data/other/fast_bound_N-H/1.3/1.2_4-states/, data/other/fast_bound_N-H/1.3/1.3_3-states/, 
    data/other/fast_bound_N-H/1.4/0.8-0.9-1.1-1.2-1.3_4-states/, data/other/fast_bound_N-H/1.4/1.4_2-states/, 
    data/other/fast_bound_N-H/1.5/0.8-0.9-1.1-1.2-1.3_4-states/, data/other/fast_bound_N-H/1.5/1.4-1.5_2-states/, data/slow/0.7/, 
    data/slow/0.8/, data/slow/0.9/, data/slow/1.1/, data/slow/1.2/, data/slow/1.3/, 
    data/slow/1.4/, data/slow/1.5/, data/slow/1.6/, data/slow/1.7/, data/slow/1.79/, 
    data/other/slow_bound_N-H/1.1/, data/other/slow_bound_N-H/1.2/, data/other/slow_bound_N-H/1.3/, 
    data/other/slow_bound_N-H/1.4/, data/other/slow_bound_N-H/1.5/, data/linear-path/fast-slow/1.1/, 
    data/linear-path/fast-slow/1.2/, data/linear-path/fast-slow/1.3/, data/linear-path/fast-slow/1.4/, 
    data/linear-path/fast-slow/1.5/, data/linear-path/fast-slow/1.6/, data/linear-path/fast-slow/1.7/, 
    data/linear-path/min-B1_stretch/0.7-0.8/, data/linear-path/min-B1_stretch/0.7-0.9/, 
    data/linear-path/min-B1_stretch/0.7-1.0/, data/linear-path/min-B1_stretch/0.8-0.8/, 
    data/linear-path/min-B1_stretch/0.8-0.9/, data/linear-path/min-B1_stretch/0.8-1.0/, 
    data/linear-path/min-B1_stretch/0.9-0.9/, data/linear-path/min-B1_stretch/0.9-1.0/, 
    data/linear-path/min-B1_stretch/1.1-1.0/, data/linear-path/min-B1_stretch/1.1-1.1/, 
    data/linear-path/min-B1_stretch/1.2-1.0/, data/linear-path/min-B1_stretch/1.2-1.1/, 
    data/linear-path/min-B1_stretch/1.2-1.2/, data/linear-path/min-B1_stretch/1.3-1.0/, 
    data/linear-path/min-B1_stretch/1.3-1.1/, data/linear-path/min-B1_stretch/1.3-1.2/, 
    data/linear-path/min-B1_stretch/1.3-1.3/, data/linear-path/min-B1_stretch/1.4-1.0/, 
    data/linear-path/min-B1_stretch/1.4-1.1/, data/linear-path/min-B1_stretch/1.4-1.2/, 
    data/linear-path/min-B1_stretch/1.4-1.3/, data/linear-path/min-B1_stretch/1.4-1.4/, 
    data/linear-path/min-B1_stretch/1.5-1.0/, data/linear-path/min-B1_stretch/1.5-1.1/, 
    data/linear-path/min-B1_stretch/1.5-1.2/, data/linear-path/min-B1_stretch/1.5-1.3/, 
    data/linear-path/min-B1_stretch/1.5-1.4/, data/linear-path/min-B1_stretch/1.6-1.0/, 
    data/linear-path/min-B1_stretch/1.6-1.1/, data/linear-path/min-B1_stretch/1.6-1.2/, 
    data/linear-path/min-B1_stretch/1.6-1.3/, data/linear-path/min-B1_stretch/1.6-1.4/, 
    data/linear-path/min-B1_stretch/1.6-1.5/, data/linear-path/min-B1_stretch/1.6-1.6/, 
    data/linear-path/min-B1_stretch/1.7-1.0/, data/linear-path/min-B1_stretch/1.7-1.1/, 
    data/linear-path/min-B1_stretch/1.7-1.2/, data/linear-path/min-B1_stretch/1.7-1.3/, 
    data/linear-path/min-B1_stretch/1.7-1.4/, data/linear-path/min-B1_stretch/1.7-1.5/, 
    data/linear-path/min-B1_stretch/1.8-1.0/, data/linear-path/min-B1_stretch/1.8-1.1/, 
    data/linear-path/min-B1_stretch/1.8-1.2/, data/linear-path/min-B1_stretch/1.9-1.0/, 
    data/linear-path/min-B1_stretch/1.9-1.1/, data/linear-path/min-B1_stretch/2.0-1.0/, 
    data/linear-path/min-B1_stretch/2.1-1.0/, data/linear-path/min-B1_stretch/2.2-1.0/, 
    data/linear-path/min-B1_stretch/2.3-1.0/, data/linear-path/min-B1_stretch/2.4-1.0/, 
    data/linear-path/min-B1_stretch/2.5-1.0/, data/linear-path/min-B1_stretch/2.6-1.0/, 
    data/linear-path/min-B1_stretch/2.7-1.0/, data/linear-path/min-B1_stretch/2.8-1.0/, 
    data/linear-path/min-B1_stretch/2.9-1.0/, data/linear-path/min-B1_stretch/3-1.0/, 
    data/linear-path/min-B1_stretch/4-1.0/, data/linear-path/min-B1_stretch/5-1.0/, 
    data/linear-path/min-B1_stretch/6-1.0/, data/linear-path/min-A1_stretch/1.1-1.0/, 
    data/linear-path/min-A1_stretch/1.1-1.1/, data/linear-path/min-A1_stretch/1.2-1.0/, 
    data/linear-path/min-A1_stretch/1.2-1.1/, data/linear-path/min-A1_stretch/1.2-1.2/, 
    data/linear-path/min-A1_stretch/1.3-1.0/, data/linear-path/min-A1_stretch/1.3-1.1/, 
    data/linear-path/min-A1_stretch/1.3-1.2/, data/linear-path/min-A1_stretch/1.3-1.3/, 
    data/linear-path/min-A1_stretch/1.4-1.0/, data/linear-path/min-A1_stretch/1.4-1.1/, 
    data/linear-path/min-A1_stretch/1.4-1.2/, data/linear-path/min-A1_stretch/1.4-1.3/, 
    data/linear-path/min-A1_stretch/1.5-1.0/, data/linear-path/min-A1_stretch/1.5-1.1/, 
    data/linear-path/min-A1_stretch/1.5-1.2/, data/linear-path/A1rot-sad_stretch/1.1-1.0/, 
    data/linear-path/A1rot-sad_stretch/1.1-1.1/, data/linear-path/A1rot-sad_stretch/1.2-1.0/, 
    data/linear-path/A1rot-sad_stretch/1.2-1.1/, data/linear-path/A1rot-sad_stretch/1.2-1.2/, 
    data/linear-path/A1rot-sad_stretch/1.3-1.0/, data/linear-path/A1rot-sad_stretch/1.3-1.1/, 
    data/linear-path/A1rot-sad_stretch/1.3-1.2/, data/linear-path/A1rot-sad_stretch/1.3-1.3/, 
    data/linear-path/A1rot-sad_stretch/1.4-1.0/, data/linear-path/A1rot-sad_stretch/1.4-1.1/, 
    data/linear-path/A1rot-sad_stretch/1.4-1.2/, data/linear-path/A1rot-sad_stretch/1.4-1.3/, 
    data/linear-path/A1rot-sad_stretch/1.4-1.4/, data/artifact/asymptote/, 
There are 2087 data points in adiabatic representation
          1 data points in composite representation

state 1 - state 1
* x      average       range [-1.23684, 3.10588]
* x standard deviation range [1.23442e-05, 1.60653]
* S      average       range [2.92796e-06, 70.002]
* S standard deviation range [8.80281e-06, 113.635]
state 1 - state 2
* x      average       range [0, 0]
* x standard deviation range [1.09899e-05, 0.52561]
* S      average       range [1.47363e-05, 11.8822]
* S standard deviation range [5.18098e-05, 7.01255]
state 1 - state 3
* x      average       range [0, 0]
* x standard deviation range [3.17511e-05, 0.470777]
* S      average       range [6.38433e-05, 6.19943]
* S standard deviation range [0.000149028, 4.35724]
state 1 - state 4
* x      average       range [0, 0]
* x standard deviation range [7.35301e-06, 0.152444]
* S      average       range [9.24779e-06, 4.06686]
* S standard deviation range [3.22061e-05, 1.30284]
state 2 - state 2
* x      average       range [-1.23684, 3.10588]
* x standard deviation range [1.23442e-05, 1.60653]
* S      average       range [2.92796e-06, 70.002]
* S standard deviation range [8.80281e-06, 113.635]
state 2 - state 3
* x      average       range [0, 0]
* x standard deviation range [7.35301e-06, 0.152444]
* S      average       range [9.24779e-06, 4.06686]
* S standard deviation range [3.22061e-05, 1.30284]
state 2 - state 4
* x      average       range [0, 0]
* x standard deviation range [3.17511e-05, 0.470777]
* S      average       range [6.38433e-05, 6.19943]
* S standard deviation range [0.000149028, 4.35724]
state 3 - state 3
* x      average       range [-1.23684, 3.10588]
* x standard deviation range [1.23442e-05, 1.60653]
* S      average       range [2.92796e-06, 70.002]
* S standard deviation range [8.80281e-06, 113.635]
state 3 - state 4
* x      average       range [0, 0]
* x standard deviation range [1.09899e-05, 0.52561]
* S      average       range [1.47363e-05, 11.8822]
* S standard deviation range [5.18098e-05, 7.01255]
state 4 - state 4
* x      average       range [-1.23684, 3.10588]
* x standard deviation range [1.23442e-05, 1.60653]
* S      average       range [2.92796e-06, 70.002]
* S standard deviation range [8.80281e-06, 113.635]
Details can be found in regset_x.txt and regset_S.txt

Wed May 25 16:47:47 2022
Mission success
