    8,1        8,1        3,1    
    8,1        8,1        3,2    
    8,1        8,1        3,3    
    8,1        8,1        3,4    
    8,1        8,1        3,5    
    8,1        8,1        3,6    
    8,1        8,1        3,7    
    8,1        8,1        3,8    
    8,1        8,1        3,9    
    8,1        8,1        3,10   
    8,1        8,1        5,1        2,1    
    8,1        8,1        5,1        2,2    
    8,1        8,1        3,11   
    5,1        5,1        3,1    
    5,1        5,1        3,2    
    5,1        5,1        3,3    
    5,1        5,1        3,4    
    5,1        5,1        3,5    
    5,1        5,1        3,6    
    5,1        5,1        3,7    
    5,1        5,1        3,8    
    5,1        5,1        3,9    
    5,1        5,1        3,10   
    5,1        5,1        5,1        2,1    
    5,1        5,1        5,1        2,2    
    5,1        5,1        3,11   

    8,2        8,2        3,1    
    8,2        8,2        3,2    
    8,2        8,2        3,3    
    8,2        8,2        3,4    
    8,2        8,2        3,5    
    8,2        8,2        3,6    
    8,2        8,2        3,7    
    8,2        8,2        3,8    
    8,2        8,2        3,9    
    8,2        8,2        3,10   
    8,2        8,2        5,2        2,1    
    8,2        8,2        5,2        2,3    
    8,2        8,2        3,12   
    5,2        5,2        3,1    
    5,2        5,2        3,2    
    5,2        5,2        3,3    
    5,2        5,2        3,4    
    5,2        5,2        3,5    
    5,2        5,2        3,6    
    5,2        5,2        3,7    
    5,2        5,2        3,8    
    5,2        5,2        3,9    
    5,2        5,2        3,10   
    5,2        5,2        5,2        2,1    
    5,2        5,2        5,2        2,3    
    5,2        5,2        3,12   
