    8,1        8,1        4,1    
    8,1        8,1        4,2    
    8,1        8,1        4,3    
    8,1        8,1        8,1        5,1    
    5,1        5,1        4,1    
    5,1        5,1        4,2    
    5,1        5,1        4,3    
    5,1        5,1        5,1        8,1    
    5,1        5,1        7,7        3,11   
    8,1        8,1        7,7        3,11   

    8,2        8,2        4,1    
    8,2        8,2        4,2    
    8,2        8,2        4,3    
    8,2        8,2        8,2        5,2    
    5,2        5,2        4,1    
    5,2        5,2        4,2    
    5,2        5,2        4,3    
    5,2        5,2        5,2        8,2    
    5,2        5,2        7,8        3,12   
    8,2        8,2        7,8        3,12   
