    8,1        8,1        7,1    
    8,1        8,1        7,2    
    8,1        8,1        7,3    
    8,1        8,1        7,4    
    8,1        8,1        7,5    
    8,1        8,1        7,6    
    8,1        8,1        7,7    
    8,1        8,1        8,1        2,1    
    8,1        8,1        8,1        2,2    
    5,1        5,1        7,1    
    5,1        5,1        7,2    
    5,1        5,1        7,3    
    5,1        5,1        7,4    
    5,1        5,1        7,5    
    5,1        5,1        7,6    
    5,1        5,1        7,7    
    5,1        5,1        8,1        2,1    
    5,1        5,1        8,1        2,2    

    8,2        8,2        7,1    
    8,2        8,2        7,2    
    8,2        8,2        7,3    
    8,2        8,2        7,4    
    8,2        8,2        7,5    
    8,2        8,2        7,6    
    8,2        8,2        7,8    
    8,2        8,2        8,2        2,1    
    8,2        8,2        8,2        2,3    
    5,2        5,2        7,1    
    5,2        5,2        7,2    
    5,2        5,2        7,3    
    5,2        5,2        7,4    
    5,2        5,2        7,5    
    5,2        5,2        7,6    
    5,2        5,2        7,8    
    5,2        5,2        8,2        2,1    
    5,2        5,2        8,2        2,3    
