     -285.496704517962996
     -285.610106730835639
     -285.719151270674104
     -285.659355046072051
     -285.766761253368315
     -285.813915318805641
     -285.669031955504522
     -285.777687925137911
     -285.825838407371350
     -285.838931618773813
     -285.658681644034971
     -285.769998815797408
     -285.819800678892705
     -285.833901161237463
     -285.829212249203749
     -285.638067563296602
     -285.754242990908949
     -285.807014689254800
     -285.822708614436635
     -285.818272207835264
     -285.807060587015144
     -285.615952252195029
     -285.738391871314036
     -285.795043976253908
     -285.812811745335694
     -285.808623397913948
     -285.796806159910204
     -285.785311489362130
     -285.596457801407155
     -285.726137777603299
     -285.787352194318828
     -285.807625781061859
     -285.803760234663855
     -285.791191343422327
     -285.778080745032582
     -285.768674707707362
     -285.580613494396573
     -285.718092472896501
     -285.784286850481749
     -285.807360018588327
     -285.803888480367618
     -285.790501267419643
     -285.775550952297465
     -285.763616392920255
     -285.755585323568880
     -285.567591826667524
     -285.713061472379820
     -285.784400647332973
     -285.810401687216256
     -285.807353899937937
     -285.793102937303502
     -285.776176682184484
     -285.761500868994290
     -285.750232951665339
     -285.741355736438720
     -285.555957944677687
     -285.709315912655995
     -285.785754979521300
     -285.814665190496385
     -285.812026006770850
     -285.796869410848785
     -285.777889943883793
     -285.760364231344681
     -285.745733492217198
     -285.733204998600854
     -285.721290243807687
     -285.544563959748871
     -285.705491219317423
     -285.786829744413126
     -285.818521746354747
     -285.816244190932480
     -285.800146520055080
     -285.779086331850579
     -285.758686840910116
     -285.740677716753055
     -285.724498543180459
     -285.708842902732158
     -285.692702908897502
     -285.532942304374217
     -285.700973255433098
     -285.786906923593335
     -285.821184728587866
     -285.819206539078550
     -285.802147456096748
     -285.779026296586267
     -285.755801637889817
     -285.734488338969811
     -285.714758510825106
     -285.695487799414934
     -285.675804502938774
     -285.655530808451999
     -285.521257124125214
     -285.695837629121968
     -285.786001197463122
     -285.822633577887643
     -285.820890877811166
     -285.802872046229254
     -285.777754304247992
     -285.751814667289068
     -285.727343262896795
     -285.704238586808742
     -285.681553171647806
     -285.658545676261497
     -285.635127628670432
     -285.611815252603890
     -285.510010122087124
     -285.690542693726968
     -285.784542861831540
     -285.823287699528578
     -285.821723863253908
     -285.802771567579782
     -285.775761053689337
     -285.747266400864760
     -285.719837731574728
     -285.693588680637504
     -285.667739492816281
     -285.641670850877233
     -285.615375660994744
     -285.589417956395891
     -285.564629172924356
     -285.499719917160746
     -285.685597242233712
     -285.783036278971508
     -285.823656538608020
     -285.822226508676408
     -285.802390122848863
     -285.773622191592153
     -285.742769339663084
     -285.712622426445876
     -285.683495154968057
     -285.654763404890502
     -285.625919922771175
     -285.597030670135780
     -285.568700627813428
     -285.541777842375041
     -285.517030535969411
     -285.490716427558880
     -285.681345098555767
     -285.781836858268264
     -285.824109913317557
     -285.822781085530096
     -285.802128608085638
     -285.771760642777451
     -285.738770003510297
     -285.706166427545497
     -285.674446060976322
     -285.643126468228786
     -285.611801617822891
     -285.580602311837367
     -285.550168498555365
     -285.521360760625782
     -285.494944547722184
     -285.471393614318572
     -285.483083847409205
     -285.677900261108846
     -285.781080325713390
     -285.824802528524685
     -285.823553475410506
     -285.802165587810123
     -285.770367148847868
     -285.735470185453892
     -285.700680161595869
     -285.666656680481537
     -285.633044097958020
     -285.599526485130411
     -285.566291669590044
     -285.534009508709005
     -285.503550257446818
     -285.475675397085297
     -285.450846609571670
     -285.429186515095580
     -285.476710404214430
     -285.675190613757593
     -285.780722110732711
     -285.825710258004619
     -285.824528388462738
     -285.802492295250943
     -285.769436061782415
     -285.732864380372121
     -285.696155143749365
     -285.660112107535497
     -285.624491372388263
     -285.589056187024198
     -285.554044154082931
     -285.520150823833660
     -285.488254232230872
     -285.459111650267744
     -285.433173519894581
     -285.410547893403134
     -285.391072115700979
     -285.471380262131504
     -285.673045302701496
     -285.780621664861030
     -285.826712631184648
     -285.825591588744999
     -285.802995522368860
     -285.768849785971270
     -285.730826443592207
     -285.692453291883908
     -285.654659453588522
     -285.617298197304933
     -285.580201565368384
     -285.543650327832097
     -285.508362220175570
     -285.475221873249154
     -285.444982736629072
     -285.418085347934209
     -285.394625001356928
     -285.374425571860684
     -285.357153502037932
     -285.466857568013666
     -285.671275494738495
     -285.780621137389232
     -285.827670566150914
     -285.826607864564437
     -285.803536740900199
     -285.768459806113299
     -285.729193040899361
     -285.689393063246541
     -285.650096710020875
     -285.611240758932240
     -285.572716435546681
     -285.534841734720999
     -285.498353634911496
     -285.464142636290035
     -285.432959103469386
     -285.405235237167005
     -285.381055504710389
     -285.360232300552013
     -285.342421000571335
     -285.327223669932494
     -285.462939608887950
     -285.669725225125035
     -285.780594860560029
     -285.828475476788356
     -285.827470618096356
     -285.804002997639884
     -285.768139506058958
     -285.727818779971301
     -285.686807044953980
     -285.646232726601625
     -285.606103655235529
     -285.566361537556247
     -285.527356303380884
     -285.489841670343253
     -285.454713547099743
     -285.422720078552572
     -285.394286722270863
     -285.369489002304363
     -285.348129723862371
     -285.329854941885515
     -285.314258117102497
     -285.300949319728659
     -285.459477865143754
     -285.668290894693087
     -285.780467997550772
     -285.829067863492639
     -285.828121002237197
     -285.804327281209169
     -285.767806245027145
     -285.726600279225238
     -285.684568087816046
     -285.642915293492536
     -285.601709669056561
     -285.560935664194460
     -285.520970474352225
     -285.482582390633866
     -285.446672394585448
     -285.413987255715199
     -285.384947171374051
     -285.359620447908355
     -285.337802016583794
     -285.319130181180924
     -285.303191170613729
     -285.289588491689869
     -285.277976201414333
     -285.456376601970192
     -285.666918873506347
     -285.780213653728481
     -285.829434523216776
     -285.828545629812936
     -285.804487254950345
     -285.767421464044389
     -285.725477843870806
     -285.682592581203494
     -285.640035894261018
     -285.597925768625430
     -285.556282618879891
     -285.515506814273351
     -285.476379319082241
     -285.439805889577428
     -285.406532654941884
     -285.376975847023459
     -285.351198062362016
     -285.328987857995287
     -285.309977159618825
     -285.293746165432538
     -285.279892847260101
     -285.268066254330165
     -285.257973835577502
     -285.439057835168285
     -285.657269882716946
     -285.775578650466002
     -285.827725774457804
     -285.827287663181778
     -285.802362429954826
     -285.763247206547817
     -285.718431036152651
     -285.672164590297427
     -285.625978503010629
     -285.580194064115062
     -285.534980120028308
     -285.490836804183630
     -285.448604712574934
     -285.409218370103588
     -285.373430554071149
     -285.341649453653304
     -285.313920724245463
     -285.290011265091835
     -285.269529435244465
     -285.252031710731387
     -285.237093198553850
     -285.224341473532490
     -285.213464145370835
     -285.165627408078990
     -285.435262866364383
     -285.654778799642145
     -285.773966028343750
     -285.826690349339856
     -285.826418225989357
     -285.801486561809327
     -285.762191476855662
     -285.717072536901355
     -285.670423067083163
     -285.623808385730058
     -285.577576918149930
     -285.531917861691682
     -285.487345869011165
     -285.444711239341927
     -285.404954370433700
     -285.368830976566073
     -285.336750018712792
     -285.308756395086220
     -285.284615225102186
     -285.263932455468591
     -285.246261808979114
     -285.231175509965794
     -285.218298269358513
     -285.207314951300987
     -285.159038427071721
     -285.152393726552702
     -285.434585681414774
     -285.654324631867325
     -285.773666976020934
     -285.826504985162899
     -285.826277951504949
     -285.801371421567637
     -285.762076958957323
     -285.716941073567739
     -285.670262738438794
     -285.623611757820754
     -285.577340026703610
     -285.531639345696021
     -285.487026250440579
     -285.444352339172440
     -285.404558846973998
     -285.368401970006232
     -285.336290885271978
     -285.308270514776837
     -285.284105868498955
     -285.263402696642800
     -285.245714473664520
     -285.230613149900819
     -285.217723155476961
     -285.206729079978516
     -285.158408395377421
     -285.151758413759183
     -285.151122692159390
R^2 = 0.9990935653587809
