1-2
0        7.496706085573385e-03
11        2.567219754928897e-02
12        6.094941485066509e-02
13        1.027419561843197e-01
14        2.702705513852366e-02
15       -3.732175746965773e-03
21        2.990327070004694e-02
22        1.146690342098226e-01
23       -8.870159766623130e-02
24        9.937408394451082e-02
25       -2.961523771205670e-01

1-3
0        4.230559621950678e-02
11       -1.867029083523807e-01
12        1.753985264558414e-02
13       -1.677826573844637e-02
14       -2.261311986102062e-02
15       -3.261815281749120e-02
21        1.853603120944481e-02
22       -7.698728196059429e-02
23       -2.876954002474286e-02
24        1.325001365840154e-01
25       -1.239869921128741e-02

1-4
0       -1.323325815861879e-01
11       -7.720823102454187e-04
12        1.148214986580677e-02
13        6.227759845119814e-02
14       -5.154142784659807e-03
15        4.954230632641878e-03
21       -4.303335486080865e-03
22       -5.364681128854781e-02
23        1.450221399933079e-01
24        5.193154177977290e-02
25        1.266011838741502e-01

2-3
0        3.557701670070524e-01
11       -1.173508027833288e-01
12       -1.262018039883313e-01
13        4.959111358308835e-02
14        2.044285300338902e-01
15        1.193866258273124e-01
21        1.886740212981002e-01
22       -6.050469281220949e-02
23       -1.484951166418558e-01
24        6.118166719394594e-02
25       -2.102728207475250e-02

2-4
0       -4.650671429502230e-02
11       -1.714082129582568e-02
12       -1.899350362936365e-02
13       -8.921761562610210e-03
14       -8.922945977549722e-03
15        2.604731016185252e-02
21       -1.234327847808358e-02
22        4.041911767777338e-02
23       -1.109633517308274e-02
24       -2.496705515567816e-02
25        9.926320299817104e-02

3-4
0       -1.157129075660531e-01
11       -1.440393074527633e-02
12        6.126012723457801e-02
13        2.001574909335044e-02
14       -1.079141751804821e-01
15       -3.196647989687185e-03
21        8.261775510581314e-03
22        5.924340746426470e-02
23       -4.757917007635523e-02
24       -2.201245504991551e-02
25        3.305958723398767e-03

