     -285.762057880196267
     -285.869641145272794
     -285.975799070908067
     -285.916694934252007
     -286.022738945730111
     -286.070768871164148
     -285.926861196650805
     -286.033034915698352
     -286.082694996593375
     -286.097115026196605
     -285.919118729697175
     -286.025172696798734
     -286.075559696381333
     -286.091215135904406
     -286.085961876009719
     -285.900783432181868
     -286.006314082407300
     -286.057339853777705
     -286.074315601268722
     -286.069790700453325
     -286.054461785095327
     -285.878905532644865
     -285.983504300282107
     -286.034736797685071
     -286.052552235734652
     -286.048536752241148
     -286.033813636876403
     -286.013605048479974
     -285.856942193482837
     -285.960271596656355
     -286.011333408425060
     -286.029550526121454
     -286.025837242769114
     -286.011487457401813
     -285.991545011430617
     -285.969628702578291
     -285.836683067789807
     -285.938500634590469
     -285.989095018528872
     -286.007353450546930
     -286.003767003360394
     -285.989589577957929
     -285.969759276392779
     -285.947874295492454
     -285.926073392084334
     -285.818907102803280
     -285.919064238860699
     -285.968977651492992
     -285.987002180805575
     -285.983404869435162
     -285.969239583352476
     -285.949396931012700
     -285.927451294629918
     -285.905539396537733
     -285.884852019670177
     -285.803809674360650
     -285.902239115405848
     -285.951332561390529
     -285.968927003874057
     -285.965217319126680
     -285.950944479219515
     -285.930995837432988
     -285.908920413360704
     -285.886849467633169
     -285.865977775760996
     -285.846901597602255
     -285.791271999310879
     -285.887971373466030
     -285.936167468916153
     -285.953202826508289
     -285.949310720819085
     -285.934846533057623
     -285.914726260541272
     -285.892473244300959
     -285.870211095881984
     -285.849135749235359
     -285.829848271817809
     -285.812581711927066
     -285.781025488387797
     -285.876040898461611
     -285.923310311485409
     -285.939711471321459
     -285.935592588578345
     -285.920882941160130
     -285.900548861697644
     -285.878088569741351
     -285.855616773651150
     -285.834328605781934
     -285.814827863923824
     -285.797351399409592
     -285.781918188394002
     -285.772747989437505
     -285.866159441231787
     -285.912508493066696
     -285.928241631588151
     -285.923871643838709
     -285.908885786402209
     -285.888314343942284
     -285.865631559139842
     -285.842942665891599
     -285.821440698742322
     -285.801730700485564
     -285.784051920318063
     -285.768425773132208
     -285.754751781823131
     -285.766117037541051
     -285.858026379357113
     -285.903486528429880
     -285.918548169062774
     -285.913917751330530
     -285.898642581105548
     -285.877824354349400
     -285.854914849222780
     -285.832009738330498
     -285.810299156032045
     -285.790388355906884
     -285.772517967346573
     -285.756710956283086
     -285.742868107369304
     -285.730828389805936
     -285.760836744075277
     -285.851358170057608
     -285.895977529521929
     -285.910385537851653
     -285.905496169215553
     -285.889931400081934
     -285.868867258012415
     -285.845734772343633
     -285.822620298771540
     -285.800710628856166
     -285.780610531076945
     -285.762561292478381
     -285.746586787984029
     -285.732588543000304
     -285.720405940328931
     -285.709853180313189
     -285.756649080542502
     -285.845901956299201
     -285.889738710366998
     -285.903525168250553
     -285.898385766524655
     -285.882540024224397
     -285.861237991869643
     -285.837891749541882
     -285.814578795817170
     -285.792482392929969
     -285.772206378160320
     -285.753992195466481
     -285.737864172934167
     -285.723724206186318
     -285.711411815101258
     -285.700741074213965
     -285.691522434125204
     -285.753336351189944
     -285.841440005004642
     -285.884557467347292
     -285.897763210496521
     -285.892387521281137
     -285.876275293396986
     -285.854748089842303
     -285.831200840769043
     -285.807702777118777
     -285.785433622569144
     -285.764996018494628
     -285.746631229579009
     -285.730363720716127
     -285.716095500184110
     -285.703666036840843
     -285.692889157242917
     -285.683574885350652
     -285.675541645629778
     -285.750719037390922
     -285.837789141184430
     -285.880252165805018
     -285.892922715610155
     -285.887327342949334
     -285.870966664656180
     -285.849229828048635
     -285.825496355493271
     -285.801827867403972
     -285.779400658030625
     -285.758816037431757
     -285.740314875290267
     -285.723921560181566
     -285.709538039264942
     -285.697003607562408
     -285.686131770588304
     -285.676732095379236
     -285.668622443984987
     -285.661635189522599
     -285.748651511549497
     -285.834797703988897
     -285.876670171619367
     -285.888852792414355
     -285.883055753188557
     -285.866466498580564
     -285.844536998641559
     -285.820633016415570
     -285.796809242645907
     -285.774238726253145
     -285.753521400691113
     -285.734897611820941
     -285.718391534230818
     -285.703904941539690
     -285.691276879598206
     -285.680320494992600
     -285.670844892472303
     -285.662667392032688
     -285.655619773204421
     -285.649550858703492
     -285.747017053157265
     -285.832341505346960
     -285.873684641554235
     -285.885426280749698
     -285.879445973849045
     -285.862648629862122
     -285.840543871266675
     -285.816485235122343
     -285.792521157019451
     -285.769821668210795
     -285.748985341278626
     -285.730251931085377
     -285.713645314968119
     -285.699067024886801
     -285.686355816145351
     -285.675324463149252
     -285.665781619807944
     -285.657544094988168
     -285.650443119607303
     -285.644326952015149
     -285.639061333841653
     -285.745722941572808
     -285.830319618597343
     -285.871190939509233
     -285.882536844058734
     -285.876391340166151
     -285.859406155424210
     -285.837143286120806
     -285.812945450947893
     -285.788855478702430
     -285.766040631889723
     -285.745098177637260
     -285.726267255451091
     -285.709571400758193
     -285.694911867217741
     -285.682127102019763
     -285.671029510896403
     -285.661427319168638
     -285.653136861558778
     -285.645988867783785
     -285.639831085756612
     -285.634528752446442
     -285.629963867879781
     -285.744696004357081
     -285.828650425965634
     -285.869103146613497
     -285.880095986603408
     -285.873802560588274
     -285.856648979239878
     -285.834244431242439
     -285.809922095838715
     -285.785719804941550
     -285.762802307019228
     -285.741765643409281
     -285.722848342846589
     -285.706073581043029
     -285.691342318640977
     -285.678492693422754
     -285.667336756910515
     -285.657682334524111
     -285.649345326657681
     -285.642156009354039
     -285.635961672180656
     -285.630627101482048
     -285.626033863894065
     -285.622078981795539
     -285.743878770148740
     -285.827268117723577
     -285.867350893048524
     -285.878030257591320
     -285.871605100839190
     -285.854301408665890
     -285.831770612340392
     -285.807337504081374
     -285.783035483509821
     -285.760027035150870
     -285.738907067477214
     -285.719913521861940
     -285.703069214703589
     -285.688274813792702
     -285.675368156952800
     -285.664160962702681
     -285.654460688559823
     -285.646082840992676
     -285.638857288444058
     -285.632630911343654
     -285.627268095632076
     -285.622650024142672
     -285.618673357554712
     -285.615248662070996
     -285.740875714149752
     -285.821368304565738
     -285.859532489412175
     -285.868566727308917
     -285.861444953565240
     -285.843345455242797
     -285.820145917484183
     -285.795128228705948
     -285.770302594575071
     -285.746819203440850
     -285.725266432573051
     -285.705878545891721
     -285.688675946122885
     -285.673557331348945
     -285.660358630501321
     -285.648889568701577
     -285.638955501838268
     -285.630369758268955
     -285.622960002940374
     -285.616570939305120
     -285.611064847084378
     -285.606320907290922
     -285.602233906156641
     -285.598712676391756
     -285.581688839615708
     -285.740425766388341
     -285.820212335704241
     -285.857903771909776
     -285.866528183450669
     -285.859231663843673
     -285.840932079311074
     -285.817564516920015
     -285.792400431563863
     -285.767444268336703
     -285.743843060207155
     -285.722183426028835
     -285.702698579775188
     -285.685408203904842
     -285.670210408141656
     -285.656940570246718
     -285.645407863124035
     -285.635417080357399
     -285.626780982495802
     -285.619326670818737
     -285.612898299531309
     -285.607357622370671
     -285.602583324285604
     -285.598469729757539
     -285.594925246444461
     -285.577784078047500
     -285.573851140609236
     -285.740335221277689
     -285.819955950980784
     -285.857536071811978
     -285.866063751453794
     -285.858725923802353
     -285.840379017096950
     -285.816971720677827
     -285.791773040006660
     -285.766786061502614
     -285.743157068709365
     -285.721472258747212
     -285.701964590933585
     -285.684653571634612
     -285.669437166699083
     -285.656150619915650
     -285.644602970989865
     -285.634598878789234
     -285.625950968540963
     -285.618486207716330
     -285.612048620516077
     -285.606499836453850
     -285.601718423517298
     -285.597598597459523
     -285.594048665953608
     -285.576880017091071
     -285.572940482826198
     -285.572028280648283
R^2 = 0.9984560191777199
