     -285.518622260120026
     -285.633282513716495
     -285.743585094278728
     -285.683304803569797
     -285.791969051589888
     -285.839897091644104
     -285.692584917983652
     -285.802753711356104
     -285.851840821440817
     -285.865187681980842
     -285.682869571647927
     -285.795444784134190
     -285.846020621846378
     -285.860308630942313
     -285.855670362272690
     -285.661853116583472
     -285.779286584919646
     -285.832832257882387
     -285.848776722648267
     -285.844327946578062
     -285.832713951431856
     -285.639090370138888
     -285.762788029981721
     -285.820214109538483
     -285.838309365659597
     -285.834031701313734
     -285.821812088983904
     -285.809669983092817
     -285.618777089231003
     -285.749715106150973
     -285.811703497483393
     -285.832400763983969
     -285.828349707943687
     -285.815378442376016
     -285.801620408643259
     -285.791395541198028
     -285.602007636023870
     -285.740744655247624
     -285.807713007449763
     -285.831321020447319
     -285.827552807450843
     -285.813763220176781
     -285.798165469711591
     -285.785412080214371
     -285.776455864666445
     -285.588008923239443
     -285.734736609675565
     -285.806849759245608
     -285.833503506536204
     -285.830041181965839
     -285.815387845005262
     -285.797814154543232
     -285.782319511233084
     -285.770126447707526
     -285.760272187425585
     -285.575389407101056
     -285.730005415803191
     -285.807218457285387
     -285.836897887428336
     -285.833727654650147
     -285.818168684401996
     -285.798541782093992
     -285.780197239434870
     -285.764641354110836
     -285.751135815439113
     -285.738235426497397
     -285.563033986978382
     -285.725219287270761
     -285.807331786983355
     -285.839902310246600
     -285.836984403617919
     -285.820484358414433
     -285.798776734866919
     -285.777558413806446
     -285.758624143452835
     -285.741467924824860
     -285.724826650228010
     -285.707725221199496
     -285.550498530516336
     -285.719787522299043
     -285.806495165076171
     -285.841750260762808
     -285.839032950676653
     -285.821571493368708
     -285.797802898515215
     -285.773759409698812
     -285.751520964582198
     -285.730814091382172
     -285.710557745823394
     -285.689913014153376
     -285.668725518579265
     -285.537962699121579
     -285.713801244842159
     -285.804738787800204
     -285.842435477899244
     -285.839866638263459
     -285.821445432355461
     -285.795680255031186
     -285.768921787952252
     -285.743525237363428
     -285.719443516219997
     -285.695772466910512
     -285.671803536330344
     -285.647471687651887
     -285.623308660439591
     -285.525937278145648
     -285.707727890509318
     -285.802502033230780
     -285.842386678238142
     -285.839921204768416
     -285.820566534768147
     -285.792908585534690
     -285.763595102590102
     -285.735241287103520
     -285.708015191110974
     -285.681180369141146
     -285.654150292008239
     -285.626941301038414
     -285.600132945293751
     -285.574565742884431
     -285.514944941339365
     -285.702080307136157
     -285.800293318490844
     -285.842118418853033
     -285.839721718311012
     -285.819482958157323
     -285.790067591557602
     -285.758395909508579
     -285.727323850094763
     -285.697219533561622
     -285.667502149335462
     -285.637697232022276
     -285.607894178299546
     -285.578713484831383
     -285.551012280455211
     -285.525562842169677
     -285.505315887887321
     -285.697202599608033
     -285.798468333937421
     -285.842002207944006
     -285.839650731314521
     -285.818595879543921
     -285.787580478892721
     -285.753771009505613
     -285.720242287344206
     -285.687544875719709
     -285.655239648823567
     -285.622953363223814
     -285.590840256150955
     -285.559555791723199
     -285.529969634855775
     -285.502851290072272
     -285.478674792818481
     -285.497131887567377
     -285.693206341990845
     -285.797160381212279
     -285.842191770362263
     -285.839871701024663
     -285.818081439098137
     -285.785635564792869
     -285.749919771278883
     -285.714204601224310
     -285.679204075054656
     -285.644605858382533
     -285.610126810361066
     -285.575978193733306
     -285.542845381706513
     -285.511607711506485
     -285.483030719265116
     -285.457576367901311
     -285.435364853254896
     -285.490276916046980
     -285.690015166313913
     -285.796320637905978
     -285.842660029176614
     -285.840365085751216
     -285.817926618213335
     -285.784222949401794
     -285.746832437871490
     -285.709198055052184
     -285.672177973782937
     -285.635571604487154
     -285.599174983929231
     -285.563249149900571
     -285.528505168505546
     -285.495830157964917
     -285.465985444121884
     -285.439421749898543
     -285.416244703236828
     -285.396287397209051
     -285.484529755778283
     -285.687452837072101
     -285.795803173848526
     -285.843282214298483
     -285.841011267847762
     -285.818012827145481
     -285.783219655404878
     -285.744377482905804
     -285.705079185000955
     -285.666308301650247
     -285.627961411218052
     -285.589903344087645
     -285.552438305464023
     -285.516299546661685
     -285.482380780797428
     -285.451439512297497
     -285.423916559752456
     -285.399904793004850
     -285.379223835182984
     -285.361534747174460
     -285.479648578794297
     -285.685324546242953
     -285.795444163510581
     -285.843914123233162
     -285.841669060801053
     -285.818195562810672
     -285.782471192680759
     -285.742385597346811
     -285.701660473497441
     -285.661387075216453
     -285.621545489979212
     -285.582059731399795
     -285.543271229486720
     -285.505932478531463
     -285.470943060972161
     -285.439057396271608
     -285.410707966119105
     -285.385976813492164
     -285.364672081008166
     -285.346443762841716
     -285.330887949336727
     -285.475424503275462
     -285.683468160236316
     -285.795111770288258
     -285.844441654867182
     -285.842225697939796
     -285.818355703157238
     -285.781844776233299
     -285.740705220025632
     -285.698768338811760
     -285.657216975404026
     -285.616102269889382
     -285.575398717016242
     -285.535479681753486
     -285.497114397570101
     -285.461207855388750
     -285.428512254961674
     -285.399453334829786
     -285.374104194693018
     -285.352263387925404
     -285.333571587762776
     -285.317616280113612
     -285.304001366346654
     -285.471702931958305
     -285.681774002231407
     -285.794725079706041
     -285.844799727624888
     -285.842616254507675
     -285.818420159153561
     -285.781251687628526
     -285.739226891706608
     -285.696269554100866
     -285.653639714721976
     -285.611448456137452
     -285.569713016081494
     -285.528834025151866
     -285.489595290287753
     -285.452906875301494
     -285.419519604551340
     -285.389853956360014
     -285.363975812724050
     -285.341675853073809
     -285.322586999485225
     -285.306289506051883
     -285.292380710734847
     -285.280508592886349
     -285.468382337365824
     -285.680182649625806
     -285.794251404464831
     -285.844969726387717
     -285.842821550664496
     -285.818360801475819
     -285.780647575226851
     -285.737885124933257
     -285.694074716069395
     -285.650540984071540
     -285.607445224287403
     -285.564840639348006
     -285.523151033654074
     -285.483172887317210
     -285.445821038874556
     -285.411845672359107
     -285.381663300590503
     -285.355334095758792
     -285.332642363066441
     -285.313214646504207
     -285.296625169451772
     -285.282465734886216
     -285.270379314383320
     -285.260067564211738
     -285.450150644430266
     -285.669620732702754
     -285.788703475068701
     -285.842469333395854
     -285.840650657899687
     -285.815323050346649
     -285.775560391596628
     -285.729925391081451
     -285.682733799029677
     -285.635570666687499
     -285.588800593643384
     -285.542625214362772
     -285.497568097430701
     -285.454485354676251
     -285.414320593267064
     -285.377830645354720
     -285.345423981086697
     -285.317143831508588
     -285.292752844029337
     -285.271853995996196
     -285.253997788616971
     -285.238753160046315
     -285.225741607451994
     -285.214644947871420
     -285.165895284445924
     -285.446235857363092
     -285.667009831364624
     -285.786971034683177
     -285.841344298428737
     -285.839661402443994
     -285.814327363937878
     -285.774384843641201
     -285.728447073566883
     -285.680872457552141
     -285.633280731143657
     -285.586063629414980
     -285.539443137762873
     -285.493957343994964
     -285.450472063179973
     -285.409936775333904
     -285.373111249586373
     -285.340404727882913
     -285.311859684086073
     -285.287236985776360
     -285.266137197957050
     -285.248108068601425
     -285.232715653194930
     -285.219578585014688
     -285.208375935538299
     -285.159186485175383
     -285.152421966393035
     -285.445545869456907
     -285.666542860633285
     -285.786659179403784
     -285.841153094307174
     -285.839508325003010
     -285.814199420739612
     -285.774257522786286
     -285.728302807276691
     -285.680699325951196
     -285.633071300277777
     -285.585813935012084
     -285.539151818810637
     -285.493624922467802
     -285.450100360053909
     -285.409528448917627
     -285.372669440069956
     -285.339932791485523
     -285.311361000820114
     -285.286714826216610
     -285.265594636174683
     -285.247547930330256
     -285.232140490173435
     -285.218990668176616
     -285.207777261259253
     -285.158543650524507
     -285.151773850642996
     -285.151125326086628
R^2 = 0.9990935653587809
