Root mean square deviation analyzer for diabatz
Yifan Shen 2021

Echo of user command line input:
/home-4/yshen57@jhu.edu/Software/Mine/diabatz/tools/RMSD/v0/RMSD.exe -d default IntCoordDef SAS.in Hd.in Hd.net 11.in 12.in 13.in 14.in 22.in 23.in 24.in 33.in 34.in 44.in -s min-B1/ -z -286.1075216397

Fri Jun 11 16:09:55 2021

Root mean square deviation of energy:
State 1 = 7.51079e-05
State 2 = 0.000950655
State 3 = 0.00076747
State 4 = 0.00131722
Root mean square deviation of energy gradient:
State 1 = 0.000253006
State 2 = 0.000151342
State 3 = 0.000330897
State 4 = 0.000690913
Root mean square deviation of interstate coupling:
State 1-2 = 0.000570543
State 1-3 = 0.0019303
State 1-4 = 0.00166232
State 2-3 = 0.000167905
State 2-4 = 0.00120268
State 3-4 = 0.000729026

Fri Jun 11 16:10:11 2021
Mission success
