Root mean square deviation analyzer for diabatz
Yifan Shen 2021

Echo of user command line input:
/home-4/yshen57@jhu.edu/Software/Mine/diabatz/tools/RMSD/v0/RMSD.exe -d default IntCoordDef SAS.in Hd.in Hd.net 11.in 12.in 13.in 14.in 22.in 23.in 24.in 33.in 34.in 44.in -s min-A1/ -z -286.1075216397

Fri Jun 11 16:10:00 2021

Root mean square deviation of energy:
State 1 = 2.20442e-05
State 2 = 0.000482678
State 3 = 0.000111247
State 4 = 0.00149263
Root mean square deviation of energy gradient:
State 1 = 5.5505e-05
State 2 = 0.0011996
State 3 = 0.000713197
State 4 = 0.000292892
Root mean square deviation of interstate coupling:
State 1-2 = 0.00118859
State 1-3 = 0.00207798
State 1-4 = 0.00189091
State 2-3 = 0.000289668
State 2-4 = 0.000781757
State 3-4 = 0.000405053

Fri Jun 11 16:10:14 2021
Mission success
