Root mean square deviation analyzer for diabatz
Yifan Shen 2021

Echo of user command line input:
/home-4/yshen57@jhu.edu/Software/Mine/diabatz/tools/RMSD/v0/RMSD.exe -d default IntCoordDef SAS.in Hd.in Hd.net 11.in 12.in 13.in 14.in 22.in 23.in 24.in 33.in 34.in 44.in -s slow/1.3/ -z -286.1075216397

Fri Jun 11 16:10:17 2021

Root mean square deviation of energy:
State 1 = 2.08443e-05
State 2 = 0.000949253
State 3 = 0.00257118
State 4 = 0.0030517
Root mean square deviation of energy gradient:
State 1 = 0.000609337
State 2 = 0.0117052
State 3 = 0.0140825
State 4 = 0.00278617
Root mean square deviation of interstate coupling:
State 1-2 = 0.00343701
State 1-3 = 0.00522109
State 1-4 = 0.00376699
State 2-3 = 0.00235205
State 2-4 = 0.00450536
State 3-4 = 0.00164336

Fri Jun 11 16:10:36 2021
Mission success
