Root mean square deviation analyzer for diabatz
Yifan Shen 2021

Echo of user command line input:
/home-4/yshen57@jhu.edu/Software/Mine/diabatz/tools/RMSD/v0/RMSD.exe -d default IntCoordDef SAS.in Hd.in Hd.net 11.in 12.in 13.in 14.in 22.in 23.in 24.in 33.in 34.in 44.in -s sad-B1/ -z -286.1075216397

Fri Jun 11 16:10:06 2021

Root mean square deviation of energy:
State 1 = 0.000137529
State 2 = 0.00279298
State 3 = 0.00145131
State 4 = 0.00747345
Root mean square deviation of energy gradient:
State 1 = 0.000453625
State 2 = 0.000186553
State 3 = 0.000425236
State 4 = 0.00332279
Root mean square deviation of interstate coupling:
State 1-2 = 0.000764259
State 1-3 = 0.00232961
State 1-4 = 0.00878383
State 2-3 = 0.000401064
State 2-4 = 0.0169769
State 3-4 = 0.00293918

Fri Jun 11 16:10:21 2021
Mission success
