Vibronics version 0
Yifan Shen 2021

Echo of user command line input:
/home/yshen/Software/Mine/vibronics/v0/vibronics.exe -w wfn-4.in -v vibration1.in vibration2.in vibration3.in vibration4.in -H Hd_1-1.in Hd_1-2.in Hd_1-3.in Hd_2-2.in Hd_2-3.in Hd_3-3.in -f final-freq-1.in final-freq-2.in final-freq-3.in final-freq-4.in -p seed

Sat Apr 10 16:49:14 2021

Number of irreducible representations: 4
Point group product table:
    1    2    3    4
    2    1    4    3
    3    4    1    2
    4    3    2    1
Number of normal modes:
    irreducible 0: 13
    irreducible 1: 7
    irreducible 2: 12
    irreducible 3: 4
Number of electronic states = 3
Vibrational irreducible:
    state 1: 3
    state 2: 2
    state 3: 1
Number of segmentations = 4
Segment 0 owns:
Electronic state 0: [0, 0)
Electronic state 1: [0, 288000)
Electronic state 2: [0, 288000)
Segment 1 owns:
Electronic state 0: [0, 0)
Electronic state 1: [288000, 576000)
Electronic state 2: [288000, 576000)
Segment 2 owns:
Electronic state 0: [0, 0)
Electronic state 1: [576000, 864000)
Electronic state 2: [576000, 864000)
Segment 3 owns:
Electronic state 0: [0, 0)
Electronic state 1: [864000, 1152000)
Electronic state 2: [864000, 1152000)
Vibrational basis functions of irreducible 0:
Highest phonons among the vibrational basis functions:
4, 1, 4, 1, 1, 2, 1, 1, 2, 0, 0, 1, 1, 
0, 1, 9, 1, 1, 0, 0, 
0, 0, 0, 0, 0, 0, 0, 0, 0, 0, 0, 0, 
0, 0, 0, 0, 
Vibrational basis functions of irreducible 1:
Highest phonons among the vibrational basis functions:
4, 1, 4, 1, 1, 2, 1, 1, 2, 0, 0, 1, 1, 
0, 1, 9, 1, 1, 0, 0, 
0, 0, 0, 0, 0, 0, 0, 0, 0, 0, 0, 0, 
0, 0, 0, 0, 
Vibrational basis functions of irreducible 2:
Highest phonons among the vibrational basis functions:
Vibrational basis functions of irreducible 3:
Highest phonons among the vibrational basis functions:

Summary of this anharmonic diabatic electronic Hamiltonian
Highest possible excitation difference to couple = 4
The highest order of each normal mode:
    2 2 2 2 2 2 2 2 2 2 2 2 2 
    4 4 4 4 4 4 4 
    2 2 2 2 2 2 2 2 2 2 2 2 
    2 2 2 2 
The number of expansion terms
    Hd0,0: 430
    Hd0,1: 252
    Hd0,2: 532
    Hd1,1: 430
    Hd1,2: 230
    Hd2,2: 430

