Diabatz version 1.0.0
Yifan Shen 2021

Echo of user command line input:
/home/yshen57/Software/Mine/diabatz/v1.0.0/diabatz.exe --pretrained default IntCoordDef SAS.in pretrained_Hd.in pretrained_Hd.net pretrained_11.in -f default -i IntCoordDef -s SAS.in -n Hd.in -l 11.in -d data/critical/list.txt data/fast/list.txt data/slow/list.txt data/linear-path/list.txt data/other/A1-rotation/list.txt data/other/B1-rotation/list.txt data/artifact/asymptote/ -z -286.1075216397 -c Hd.net

Sun Feb 20 20:29:41 2022

The data set will be read from: 
    data/critical/min-A1/, data/critical/sad-A1/, data/critical/min-B1/, 
    data/critical/sad-B1/, data/critical/min-B2/, data/critical/sad-B2/, data/critical/min-A2/, 
    data/critical/sad-A2/, data/critical/mex-B1-B2/, data/critical/mex-B2-A2/, data/fast/0.7/, 
    data/fast/0.8/, data/fast/0.9/, data/fast/1.1/, data/fast/1.2/, data/fast/1.4/, 
    data/fast/1.5/, data/fast/1.6/, data/fast/1.7/, data/fast/1.9/, data/fast/2.0/, 
    data/fast/2.1/, data/fast/2.2/, data/fast/2.3/, data/fast/2.4/, data/fast/2.5/, 
    data/fast/2.6/, data/fast/2.7/, data/fast/2.8/, data/fast/2.9/, data/fast/3/, 
    data/fast/4/, data/fast/5/, data/fast/6/, data/fast/6_partial-loop/, data/slow/0.7/, 
    data/slow/0.8/, data/slow/0.9/, data/slow/1.1/, data/slow/1.2/, data/slow/1.3/, 
    data/slow/1.4/, data/slow/1.5/, data/slow/1.6/, data/slow/1.7/, 
    data/linear-path/min-B1_min-B2/, data/linear-path/1.1-fast-slow/, data/linear-path/1.2-fast-slow/, 
    data/linear-path/1.3-fast-slow/, data/linear-path/1.4-fast-slow/, data/linear-path/1.5-fast-slow/, 
    data/linear-path/1.6-fast-slow/, data/linear-path/1.7-fast-slow/, data/other/A1-rotation/0.1/, 
    data/other/A1-rotation/0.2/, data/other/A1-rotation/0.3/, data/other/A1-rotation/0.4/, 
    data/other/A1-rotation/0.5/, data/other/A1-rotation/0.6/, data/other/A1-rotation/0.7/, 
    data/other/A1-rotation/0.8/, data/other/A1-rotation/0.9/, data/other/A1-rotation/1.0/, 
    data/other/A1-rotation/1.1/, data/other/A1-rotation/1.2/, data/other/A1-rotation/1.3/, 
    data/other/A1-rotation/1.4/, data/other/A1-rotation/1.5/, data/other/A1-rotation/1.6/, 
    data/other/A1-rotation/1.7/, data/other/A1-rotation/1.8/, data/other/A1-rotation/1.9/, 
    data/other/A1-rotation/2.0/, data/other/A1-rotation/2.1/, data/other/A1-rotation/2.2/, 
    data/other/B1-rotation/0.1/, data/other/B1-rotation/0.2/, data/other/B1-rotation/0.3/, 
    data/other/B1-rotation/0.4/, data/other/B1-rotation/0.5/, data/other/B1-rotation/0.6/, 
    data/other/B1-rotation/0.7/, data/other/B1-rotation/0.8/, data/other/B1-rotation/0.9/, 
    data/other/B1-rotation/1.0/, data/other/B1-rotation/1.1/, data/other/B1-rotation/1.2/, 
    data/other/B1-rotation/1.3/, data/other/B1-rotation/1.4/, data/other/B1-rotation/1.5/, 
    data/other/B1-rotation/1.6/, data/other/B1-rotation/1.7/, data/other/B1-rotation/1.8/, 
    data/other/B1-rotation/1.9/, data/other/B1-rotation/2.0/, data/other/B1-rotation/2.1/, 
    data/other/B1-rotation/2.2/, data/artifact/asymptote/, 
There are 1849 data points in adiabatic representation
          0 data points in composite representation

maximum ground state energy = 0.254234
maximum ||ground state energy gradient||_infinity = 0.703726
so we suggest to set gradient / energy scaling to around 2.76803

The number of threads = 4

Thread 1:
* owns 463 adiabatic data points
* owns 0 composite data points
* owns 0 energy-only data points
* starts with Jacobian row 0
Thread 2:
* owns 462 adiabatic data points
* owns 0 composite data points
* owns 0 energy-only data points
* starts with Jacobian row 10533
Thread 3:
* owns 462 adiabatic data points
* owns 0 composite data points
* owns 0 energy-only data points
* starts with Jacobian row 23411
Thread 4:
* owns 462 adiabatic data points
* owns 0 composite data points
* owns 0 energy-only data points
* starts with Jacobian row 39636

The data set corresponds to 54996 least square equations
There are 4075 parameters to train

The initial residue = 0.367558
 
2022 year  2 month 20 day 20:36: 6
 Iteration           1 , residue  0.367557727373164     
 
2022 year  2 month 20 day 20:36:14
 Iteration           2 , residue  0.367557727373164     
 
2022 year  2 month 20 day 20:36:23
 Iteration           3 , residue  0.367557727373164     
 
2022 year  2 month 20 day 20:36:32
 Iteration           4 , residue  0.367557727373164     
 
2022 year  2 month 20 day 20:36:41
 Iteration           5 , residue  0.367557727373164     
 
2022 year  2 month 20 day 20:36:50
 Iteration           6 , residue  0.348664761198573     
 
2022 year  2 month 20 day 20:37:12
 Iteration           7 , residue  0.331211254777055     
 
2022 year  2 month 20 day 20:37:35
 Iteration           8 , residue  0.316726611000766     
 
2022 year  2 month 20 day 20:37:57
 Iteration           9 , residue  0.304944532962723     
 
2022 year  2 month 20 day 20:38:20
 Iteration          10 , residue  0.295821429287623     
 
2022 year  2 month 20 day 20:38:45
 Iteration          11 , residue  0.289001313186590     
 
2022 year  2 month 20 day 20:39: 8
 Iteration          12 , residue  0.283738928535373     
 
2022 year  2 month 20 day 20:39:32
 Iteration          13 , residue  0.280283884982293     
 
2022 year  2 month 20 day 20:39:56
 Iteration          14 , residue  0.276655797011608     
 
2022 year  2 month 20 day 20:40:20
 Iteration          15 , residue  0.273679462060314     
 
2022 year  2 month 20 day 20:40:44
 Iteration          16 , residue  0.271403321517891     
 
2022 year  2 month 20 day 20:41: 8
 Iteration          17 , residue  0.268495650076588     
 
2022 year  2 month 20 day 20:41:32
 Iteration          18 , residue  0.265169701336070     
 
2022 year  2 month 20 day 20:41:55
 Iteration          19 , residue  0.262898129247945     
 
2022 year  2 month 20 day 20:42:18
 Iteration          20 , residue  0.261030645501845     
 
2022 year  2 month 20 day 20:42:42
 Iteration          21 , residue  0.258986085276667     
 
2022 year  2 month 20 day 20:43: 5
 Iteration          22 , residue  0.257579534950095     
 
2022 year  2 month 20 day 20:43:28
 Iteration          23 , residue  0.256822943511571     
 
2022 year  2 month 20 day 20:43:52
 Iteration          24 , residue  0.254065500492385     
 
2022 year  2 month 20 day 20:44:16
 Iteration          25 , residue  0.253443441228446     
 
2022 year  2 month 20 day 20:44:39
 Iteration          26 , residue  0.252838950225742     
 
2022 year  2 month 20 day 20:45: 2
 Iteration          27 , residue  0.252265039980379     
 
2022 year  2 month 20 day 20:45:26
 Iteration          28 , residue  0.251704733915854     
 
2022 year  2 month 20 day 20:45:49
 Iteration          29 , residue  0.251126180450787     
 
2022 year  2 month 20 day 20:46:12
 Iteration          30 , residue  0.250509811039775     
 
2022 year  2 month 20 day 20:46:35
 Iteration          31 , residue  0.249869743400240     
 
2022 year  2 month 20 day 20:46:59
 Iteration          32 , residue  0.249231146528393     
 
2022 year  2 month 20 day 20:47:22
 Iteration          33 , residue  0.248611094493895     
 
2022 year  2 month 20 day 20:47:45
 Iteration          34 , residue  0.248020476272639     
 
2022 year  2 month 20 day 20:48: 9
 Iteration          35 , residue  0.247465134515416     
 
2022 year  2 month 20 day 20:48:32
 Iteration          36 , residue  0.246942653896478     
 
2022 year  2 month 20 day 20:48:55
 Iteration          37 , residue  0.246442073614153     
 
2022 year  2 month 20 day 20:49:18
 Iteration          38 , residue  0.245948363047973     
 
2022 year  2 month 20 day 20:49:41
 Iteration          39 , residue  0.245449283285956     
 
2022 year  2 month 20 day 20:50: 5
 Iteration          40 , residue  0.244941069438362     
 
2022 year  2 month 20 day 20:50:28
 Iteration          41 , residue  0.244428963477019     
 
2022 year  2 month 20 day 20:50:52
 Iteration          42 , residue  0.243922044930320     
 
2022 year  2 month 20 day 20:51:15
 Iteration          43 , residue  0.243427052675694     
 
2022 year  2 month 20 day 20:51:38
 Iteration          44 , residue  0.242951722526299     
 
2022 year  2 month 20 day 20:52: 0
 Iteration          45 , residue  0.242481831623861     
 
2022 year  2 month 20 day 20:52:23
 Iteration          46 , residue  0.242020553555405     
 
2022 year  2 month 20 day 20:52:45
 Iteration          47 , residue  0.241563962169584     
 
2022 year  2 month 20 day 20:53: 8
 Iteration          48 , residue  0.241109124807675     
 
2022 year  2 month 20 day 20:53:31
 Iteration          49 , residue  0.240654109267610     
 
2022 year  2 month 20 day 20:53:55
 Iteration          50 , residue  0.240197972891879     
 
2022 year  2 month 20 day 20:54:18
 Iteration          51 , residue  0.239740590080110     
 
2022 year  2 month 20 day 20:54:41
 Iteration          52 , residue  0.239282433090071     
 
2022 year  2 month 20 day 20:55: 4
 Iteration          53 , residue  0.238824279334976     
 
2022 year  2 month 20 day 20:55:27
 Iteration          54 , residue  0.238366983741340     
 
2022 year  2 month 20 day 20:55:50
 Iteration          55 , residue  0.237911397270700     
 
2022 year  2 month 20 day 20:56:13
 Iteration          56 , residue  0.237458273483647     
 
2022 year  2 month 20 day 20:56:36
 Iteration          57 , residue  0.237008302846108     
 
2022 year  2 month 20 day 20:56:59
 Iteration          58 , residue  0.236562045396918     
 
2022 year  2 month 20 day 20:57:23
 Iteration          59 , residue  0.236120016196801     
 
2022 year  2 month 20 day 20:57:46
 Iteration          60 , residue  0.235682569856229     
 
2022 year  2 month 20 day 20:58: 9
 Iteration          61 , residue  0.235250015642268     
 
2022 year  2 month 20 day 20:58:32
 Iteration          62 , residue  0.234822565858781     
 
2022 year  2 month 20 day 20:58:55
 Iteration          63 , residue  0.234400342744292     
 
2022 year  2 month 20 day 20:59:17
 Iteration          64 , residue  0.233983408476030     
 
2022 year  2 month 20 day 20:59:40
 Iteration          65 , residue  0.233571783469629     
 
2022 year  2 month 20 day 21: 0: 3
 Iteration          66 , residue  0.233165459143587     
 
2022 year  2 month 20 day 21: 0:26
 Iteration          67 , residue  0.232764405683358     
 
2022 year  2 month 20 day 21: 0:50
 Iteration          68 , residue  0.232368581152777     
 
2022 year  2 month 20 day 21: 1:12
 Iteration          69 , residue  0.231977909858095     
 
2022 year  2 month 20 day 21: 1:35
 Iteration          70 , residue  0.231592290027062     
 
2022 year  2 month 20 day 21: 1:59
 Iteration          71 , residue  0.231211561209424     
 
2022 year  2 month 20 day 21: 2:21
 Iteration          72 , residue  0.230835504623565     
 
2022 year  2 month 20 day 21: 2:44
 Iteration          73 , residue  0.230463837267504     
 
2022 year  2 month 20 day 21: 3: 7
 Iteration          74 , residue  0.230096227738972     
 
2022 year  2 month 20 day 21: 3:30
 Iteration          75 , residue  0.229732336047081     
 
2022 year  2 month 20 day 21: 3:53
 Iteration          76 , residue  0.229371844264678     
 
2022 year  2 month 20 day 21: 4:16
 Iteration          77 , residue  0.229014507840328     
 
2022 year  2 month 20 day 21: 4:40
 Iteration          78 , residue  0.228660189861737     
 
2022 year  2 month 20 day 21: 5: 2
 Iteration          79 , residue  0.228308875566578     
 
2022 year  2 month 20 day 21: 5:24
 Iteration          80 , residue  0.227960663909099     
 
2022 year  2 month 20 day 21: 5:45
 Iteration          81 , residue  0.227615734182120     
 
2022 year  2 month 20 day 21: 6: 6
 Iteration          82 , residue  0.227274327997150     
 
2022 year  2 month 20 day 21: 6:27
 Iteration          83 , residue  0.226936678582505     
 
2022 year  2 month 20 day 21: 6:47
 Iteration          84 , residue  0.226602970924698     
 
2022 year  2 month 20 day 21: 7: 7
 Iteration          85 , residue  0.226273337124691     
 
2022 year  2 month 20 day 21: 7:27
 Iteration          86 , residue  0.225947814256191     
 
2022 year  2 month 20 day 21: 7:47
 Iteration          87 , residue  0.225626380821712     
 
2022 year  2 month 20 day 21: 8: 8
 Iteration          88 , residue  0.225308954936382     
 
2022 year  2 month 20 day 21: 8:29
 Iteration          89 , residue  0.224995432610699     
 
2022 year  2 month 20 day 21: 8:50
 Iteration          90 , residue  0.224685696550777     
 
2022 year  2 month 20 day 21: 9:10
 Iteration          91 , residue  0.224379643565932     
 
2022 year  2 month 20 day 21: 9:31
 Iteration          92 , residue  0.224077182241315     
 
2022 year  2 month 20 day 21: 9:52
 Iteration          93 , residue  0.223778240988047     
 
2022 year  2 month 20 day 21:10:13
 Iteration          94 , residue  0.223482770346997     
 
2022 year  2 month 20 day 21:10:33
 Iteration          95 , residue  0.223190725755804     
 
2022 year  2 month 20 day 21:10:54
 Iteration          96 , residue  0.222902087392094     
 
2022 year  2 month 20 day 21:11:15
 Iteration          97 , residue  0.222616833367044     
 
2022 year  2 month 20 day 21:11:36
 Iteration          98 , residue  0.222334944978049     
 
2022 year  2 month 20 day 21:11:58
 Iteration          99 , residue  0.222056401788658     
 
2022 year  2 month 20 day 21:12:19
 Iteration         100 , residue  0.221781175820405     
 
2022 year  2 month 20 day 21:12:40
 Iteration         101 , residue  0.221509227361633     
 
2022 year  2 month 20 day 21:13: 2
 Iteration         102 , residue  0.221240499356944     
 
2022 year  2 month 20 day 21:13:25
 Iteration         103 , residue  0.220974918790238     
 
2022 year  2 month 20 day 21:13:47
 Iteration         104 , residue  0.220712388698718     
 
2022 year  2 month 20 day 21:14: 9
 Iteration         105 , residue  0.220452791688515     
 Failed trust region: max iteration exceeded!
 Final residual =   0.220452791688515     
The final residue = 0.220453

Sun Feb 20 21:14:09 2022
Mission success
