Diabatz version 1.3.0
Yifan Shen 2021

Echo of user command line input:
/home/yshen/Software/Mine/diabatz/v1.3.0/diabatz.exe --pretrained default IntCoordDef SAS.in pretrain-Hd.in pretrain-Hd.net pretrain-11.in pretrain-12.in pretrain-13.in pretrain-14.in pretrain-22.in pretrain-23.in pretrain-24.in pretrain-33.in pretrain-34.in pretrain-44.in -f default -i IntCoordDef -s SAS.in -n Hd.in -l 11.in 12.in 13.in 14.in 22.in 23.in 24.in 33.in 34.in 44.in -d data/critical/no-deg_list.txt data/linear-path/min-B1_min-B2/ data/other/benzene/list.txt data/other/in-benzene/list.txt data/other/out-of-benzene/list.txt data/other/NH2-angles/list.txt data/fast/list.txt data/other/fast_bound_N-H/list.txt data/artifact/asymptote/ --energy_data data/artifact/fast-B2/list.txt data/artifact/asymptote-B2/ -z -286.1075216397 -r reg-continue/reg -p reg-continue/prior -c replace-diag.net -m 20

Sun Apr 24 12:14:31 2022

The data set will be read from: 
    data/critical/min-A1/, data/critical/sad-A1/, data/critical/min-B1/, 
    data/critical/sad-B1/, data/critical/min-B2/, data/critical/sad-B2/, data/critical/min-A2/, 
    data/critical/sad-A2/, data/linear-path/min-B1_min-B2/, 
    data/other/benzene/A1-9/0-13_4-states/, data/other/benzene/A1-9/14-19_4-states/, data/other/benzene/A1-10/, 
    data/other/benzene/B1-14/0-5_4-states/, data/other/benzene/B1-14/6-9_4-states/, data/other/benzene/B1-15/, 
    data/other/benzene/B2-27/, data/other/benzene/A2-33/, data/other/in-benzene/A1-11/, 
    data/other/in-benzene/A1-12/, data/other/in-benzene/B2-28/, data/other/in-benzene/B2-29/, 
    data/other/in-benzene/B2-30/, data/other/out-of-benzene/B1-16_H/0-5_4-states/, 
    data/other/out-of-benzene/B1-16_H/6-10_4-states/, data/other/out-of-benzene/B1-17_H/0-9_4-states/, 
    data/other/out-of-benzene/B1-17_H/10-12_4-states/, data/other/out-of-benzene/B1-18_H/, 
    data/other/out-of-benzene/B1-19_N/0-2_4-states/, data/other/out-of-benzene/B1-19_N/3-4_4-states/, 
    data/other/out-of-benzene/A2-34_H/0-6_4-states/, data/other/out-of-benzene/A2-34_H/7_3-states/, 
    data/other/out-of-benzene/A2-34_H/8-10_4-states/, data/other/out-of-benzene/A2-35_H/0-2_4-states/, 
    data/other/out-of-benzene/A2-35_H/3-7_3-states/, data/other/NH2-angles/H-N-H_from_min-B1/0-18_4-states/, 
    data/other/NH2-angles/H-N-H_from_min-B1/19_3-states/, data/other/NH2-angles/H-N-H_from_min-A1/, 
    data/other/NH2-angles/C-N-avgH_from_min-B1/0-11_4-states/, data/other/NH2-angles/C-N-avgH_from_min-B1/12-13_5to4-states/, 
    data/other/NH2-angles/C-out-of-NH2/0-9_4-states/, data/other/NH2-angles/C-out-of-NH2/10-14_5to4-states/, 
    data/other/NH2-angles/NH2-rotation_from_min-B1/0.1/, data/other/NH2-angles/NH2-rotation_from_min-B1/0.2/, 
    data/other/NH2-angles/NH2-rotation_from_min-B1/0.3/, data/other/NH2-angles/NH2-rotation_from_min-B1/0.4/, 
    data/other/NH2-angles/NH2-rotation_from_min-B1/0.5/, data/other/NH2-angles/NH2-rotation_from_min-B1/0.6/, 
    data/other/NH2-angles/NH2-rotation_from_min-B1/0.7/, data/other/NH2-angles/NH2-rotation_from_min-B1/0.8/, 
    data/other/NH2-angles/NH2-rotation_from_min-B1/0.9/, data/other/NH2-angles/NH2-rotation_from_min-B1/1.0/, 
    data/other/NH2-angles/NH2-rotation_from_min-B1/1.1/, data/other/NH2-angles/NH2-rotation_from_min-B1/1.2/, 
    data/other/NH2-angles/NH2-rotation_from_min-B1/1.3/, data/other/NH2-angles/NH2-rotation_from_min-B1/1.4/, 
    data/other/NH2-angles/NH2-rotation_from_min-B1/1.5/, data/other/NH2-angles/NH2-rotation_from_min-B1/1.6/, 
    data/other/NH2-angles/NH2-rotation_from_min-B1/1.7/, data/other/NH2-angles/NH2-rotation_from_min-B1/1.8/, 
    data/other/NH2-angles/NH2-rotation_from_min-B1/1.9/, data/other/NH2-angles/NH2-rotation_from_min-B1/2.0/, 
    data/other/NH2-angles/NH2-rotation_from_min-B1/2.1/, data/other/NH2-angles/NH2-rotation_from_min-B1/2.2/, 
    data/other/NH2-angles/NH2-rotation_from_min-A1/0.1/, data/other/NH2-angles/NH2-rotation_from_min-A1/0.2/, 
    data/other/NH2-angles/NH2-rotation_from_min-A1/0.3/, data/other/NH2-angles/NH2-rotation_from_min-A1/0.4/, 
    data/other/NH2-angles/NH2-rotation_from_min-A1/0.5/, data/other/NH2-angles/NH2-rotation_from_min-A1/0.6/, 
    data/other/NH2-angles/NH2-rotation_from_min-A1/0.7/, data/other/NH2-angles/NH2-rotation_from_min-A1/0.8/, 
    data/other/NH2-angles/NH2-rotation_from_min-A1/0.9/, data/other/NH2-angles/NH2-rotation_from_min-A1/1.0/, 
    data/other/NH2-angles/NH2-rotation_from_min-A1/1.1/, data/other/NH2-angles/NH2-rotation_from_min-A1/1.2/, 
    data/other/NH2-angles/NH2-rotation_from_min-A1/1.3/, data/other/NH2-angles/NH2-rotation_from_min-A1/1.4/, 
    data/other/NH2-angles/NH2-rotation_from_min-A1/1.5/, data/other/NH2-angles/NH2-rotation_from_min-A1/1.6/, 
    data/other/NH2-angles/NH2-rotation_from_min-A1/1.7/, data/other/NH2-angles/NH2-rotation_from_min-A1/1.8/, 
    data/other/NH2-angles/NH2-rotation_from_min-A1/1.9/, data/other/NH2-angles/NH2-rotation_from_min-A1/2.0/, 
    data/other/NH2-angles/NH2-rotation_from_min-A1/2.1/, data/other/NH2-angles/NH2-rotation_from_min-A1/2.2/, data/fast/0.7/, 
    data/fast/0.8/, data/fast/0.9/, data/fast/1.1/, data/fast/1.2/, data/fast/1.4/, 
    data/fast/1.5/, data/fast/1.6/, data/fast/1.7/, data/fast/1.9/, data/fast/2.0/, 
    data/fast/2.1/, data/fast/2.2/, data/fast/2.3/, data/fast/2.4/, data/fast/2.5/, 
    data/fast/2.6/, data/fast/2.7/, data/fast/2.8/, data/fast/2.9/, data/fast/3/, 
    data/fast/4/, data/fast/5/, data/fast/6/, data/fast/6_partial-loop/, 
    data/other/fast_bound_N-H/1.1/, data/other/fast_bound_N-H/1.2/, data/other/fast_bound_N-H/1.3/, 
    data/other/fast_bound_N-H/1.4/, data/other/fast_bound_N-H/1.5/, data/artifact/asymptote/, 
There are 1440 data points in adiabatic representation
          1 data points in composite representation

The data set will be read from: 
    data/artifact/fast-B2/1.9/, data/artifact/fast-B2/2.0/, 
    data/artifact/fast-B2/2.1/, data/artifact/fast-B2/2.2/, data/artifact/fast-B2/2.3/, 
    data/artifact/fast-B2/2.4/, data/artifact/fast-B2/2.5/, data/artifact/fast-B2/2.6/, 
    data/artifact/fast-B2/2.7/, data/artifact/fast-B2/2.8/, data/artifact/fast-B2/2.9/, 
    data/artifact/fast-B2/3/, data/artifact/fast-B2/4/, data/artifact/fast-B2/5/, 
    data/artifact/fast-B2/6/, data/artifact/asymptote-B2/, 
There are 115 data points without gradient

maximum ground state energy = 0.228122
maximum ||ground state energy gradient||_infinity = 0.703726
so we suggest to set gradient / energy scaling to around 3.08487

Got regularization strength, enable regularization

The number of threads = 4

Thread 1:
* owns 360 adiabatic data points
* owns 1 composite data points
* owns 29 energy-only data points
* starts with Jacobian row 0
Thread 2:
* owns 360 adiabatic data points
* owns 0 composite data points
* owns 29 energy-only data points
* starts with Jacobian row 61746
Thread 3:
* owns 360 adiabatic data points
* owns 0 composite data points
* owns 29 energy-only data points
* starts with Jacobian row 123375
Thread 4:
* owns 360 adiabatic data points
* owns 0 composite data points
* owns 28 energy-only data points
* starts with Jacobian row 201623

The data set corresponds to 274765 least square equations
There are 1440 parameters to train

The initial residue = 4.8572
 
2022 year  4 month 24 day 12:34:24
 Iteration           1 , residue   3.85408066155109     
 
2022 year  4 month 24 day 12:38:30
 Iteration           2 , residue   3.84205297938156     
 
2022 year  4 month 24 day 12:42:32
 Iteration           3 , residue   3.84202086245363     
 
2022 year  4 month 24 day 12:46:34
 Iteration           4 , residue   3.84201824333287     
 
2022 year  4 month 24 day 12:50:36
 Iteration           5 , residue   3.84201788382964     
 
2022 year  4 month 24 day 12:54:35
 Iteration           6 , residue   3.84201782690602     
 
2022 year  4 month 24 day 12:58:33
 Iteration           7 , residue   3.84201781760191     
 
2022 year  4 month 24 day 13: 2:33
 Iteration           8 , residue   3.84201781602401     
 
2022 year  4 month 24 day 13: 6:33
 Iteration           9 , residue   3.84201781575263     
 
2022 year  4 month 24 day 13:10:16
 Iteration          10 , residue   3.84201781570536     
 
2022 year  4 month 24 day 13:13:55
 Iteration          11 , residue   3.84201781569708     
 
2022 year  4 month 24 day 13:17:34
 Iteration          12 , residue   3.84201781569563     
 
2022 year  4 month 24 day 13:21:13
 Iteration          13 , residue   3.84201781569537     
 Trust region warning: step length has converged, but residual has not met accur
 acy goal
 Final residual =    3.84201781569538     
The final residue = 3.80647

Sun Apr 24 13:24:52 2022
Mission success
