Diabatz version 0.3.0
Yifan Shen 2021

Echo of user command line input:
/home/yshen/Software/Mine/diabatz/v0.3.0/diabatz.exe -f default -i IntCoordDef -s SAS.in -n Hd.in -l 11.in 12.in 13.in 14.in 22.in 23.in 24.in 33.in 34.in 44.in -d data/critical/min-A1/ data/critical/sad-A1/ data/critical/min-B1/ data/critical/min-B2/ data/critical/sad-B2/ data/critical/min-A2/ data/linear-path/min-B1_min-B2/ data/other/NH2-angles/list.txt data/other/benzene/list.txt data/other/in-benzene/list.txt data/other/out-of-benzene/list.txt -z -286.1075216397 -r regularization/reg -p regularization/prior -c txt2bin/benzene-diag.net -m 10

Sun Apr 10 21:09:20 2022

The data set will be read from: 
    data/critical/min-A1/, data/critical/sad-A1/, data/critical/min-B1/, 
    data/critical/min-B2/, data/critical/sad-B2/, data/critical/min-A2/, 
    data/linear-path/min-B1_min-B2/, data/other/NH2-angles/H-N-H_from_min-B1/0-18_4-states/, 
    data/other/NH2-angles/H-N-H_from_min-B1/19_3-states/, data/other/NH2-angles/H-N-H_from_min-A1/, 
    data/other/NH2-angles/C-N-avgH_from_min-B1/0-11_4-states/, data/other/NH2-angles/C-N-avgH_from_min-B1/12-13_5to4-states/, 
    data/other/NH2-angles/C-out-of-NH2/0-9_4-states/, data/other/NH2-angles/C-out-of-NH2/10-14_5to4-states/, 
    data/other/NH2-angles/NH2-rotation_from_min-B1/0.1/, data/other/NH2-angles/NH2-rotation_from_min-B1/0.2/, 
    data/other/NH2-angles/NH2-rotation_from_min-B1/0.3/, data/other/NH2-angles/NH2-rotation_from_min-B1/0.4/, 
    data/other/NH2-angles/NH2-rotation_from_min-B1/0.5/, data/other/NH2-angles/NH2-rotation_from_min-B1/0.6/, 
    data/other/NH2-angles/NH2-rotation_from_min-B1/0.7/, data/other/NH2-angles/NH2-rotation_from_min-B1/0.8/, 
    data/other/NH2-angles/NH2-rotation_from_min-B1/0.9/, data/other/NH2-angles/NH2-rotation_from_min-B1/1.0/, 
    data/other/NH2-angles/NH2-rotation_from_min-B1/1.1/, data/other/NH2-angles/NH2-rotation_from_min-B1/1.2/, 
    data/other/NH2-angles/NH2-rotation_from_min-B1/1.3/, data/other/NH2-angles/NH2-rotation_from_min-B1/1.4/, 
    data/other/NH2-angles/NH2-rotation_from_min-B1/1.5/, data/other/NH2-angles/NH2-rotation_from_min-B1/1.6/, 
    data/other/NH2-angles/NH2-rotation_from_min-B1/1.7/, data/other/NH2-angles/NH2-rotation_from_min-B1/1.8/, 
    data/other/NH2-angles/NH2-rotation_from_min-B1/1.9/, data/other/NH2-angles/NH2-rotation_from_min-B1/2.0/, 
    data/other/NH2-angles/NH2-rotation_from_min-B1/2.1/, data/other/NH2-angles/NH2-rotation_from_min-B1/2.2/, 
    data/other/NH2-angles/NH2-rotation_from_min-A1/0.1/, data/other/NH2-angles/NH2-rotation_from_min-A1/0.2/, 
    data/other/NH2-angles/NH2-rotation_from_min-A1/0.3/, data/other/NH2-angles/NH2-rotation_from_min-A1/0.4/, 
    data/other/NH2-angles/NH2-rotation_from_min-A1/0.5/, data/other/NH2-angles/NH2-rotation_from_min-A1/0.6/, 
    data/other/NH2-angles/NH2-rotation_from_min-A1/0.7/, data/other/NH2-angles/NH2-rotation_from_min-A1/0.8/, 
    data/other/NH2-angles/NH2-rotation_from_min-A1/0.9/, data/other/NH2-angles/NH2-rotation_from_min-A1/1.0/, 
    data/other/NH2-angles/NH2-rotation_from_min-A1/1.1/, data/other/NH2-angles/NH2-rotation_from_min-A1/1.2/, 
    data/other/NH2-angles/NH2-rotation_from_min-A1/1.3/, data/other/NH2-angles/NH2-rotation_from_min-A1/1.4/, 
    data/other/NH2-angles/NH2-rotation_from_min-A1/1.5/, data/other/NH2-angles/NH2-rotation_from_min-A1/1.6/, 
    data/other/NH2-angles/NH2-rotation_from_min-A1/1.7/, data/other/NH2-angles/NH2-rotation_from_min-A1/1.8/, 
    data/other/NH2-angles/NH2-rotation_from_min-A1/1.9/, data/other/NH2-angles/NH2-rotation_from_min-A1/2.0/, 
    data/other/NH2-angles/NH2-rotation_from_min-A1/2.1/, data/other/NH2-angles/NH2-rotation_from_min-A1/2.2/, 
    data/other/benzene/A1-9/0-13_4-states/, data/other/benzene/A1-9/14-19_4-states/, data/other/benzene/A1-10/, 
    data/other/benzene/B1-14/0-5_4-states/, data/other/benzene/B1-14/6-9_4-states/, data/other/benzene/B1-15/, 
    data/other/benzene/B2-27/, data/other/benzene/A2-33/, data/other/in-benzene/A1-11/, 
    data/other/in-benzene/A1-12/, data/other/in-benzene/B2-28/, data/other/in-benzene/B2-29/, 
    data/other/in-benzene/B2-30/, data/other/out-of-benzene/B1-16_H/0-5_4-states/, 
    data/other/out-of-benzene/B1-16_H/6-10_4-states/, data/other/out-of-benzene/B1-17_H/0-9_4-states/, 
    data/other/out-of-benzene/B1-17_H/10-12_4-states/, data/other/out-of-benzene/B1-18_H/, 
    data/other/out-of-benzene/B1-19_N/0-2_4-states/, data/other/out-of-benzene/B1-19_N/3-4_4-states/, 
    data/other/out-of-benzene/A2-34_H/0-6_4-states/, data/other/out-of-benzene/A2-34_H/7_3-states/, 
    data/other/out-of-benzene/A2-34_H/8-10_4-states/, data/other/out-of-benzene/A2-35_H/0-2_4-states/, 
    data/other/out-of-benzene/A2-35_H/3-7_3-states/, 
There are 731 data points in adiabatic representation
          1 data points in composite representation

maximum ground state energy = 0.228122
maximum ||ground state energy gradient||_infinity = 0.156611
so we suggest to set gradient / energy scaling to around 0.686524

Got regularization strength, enable regularization

The number of threads = 4

Thread 1:
* owns 183 adiabatic data points
* owns 1 composite data points
* owns 0 energy-only data points
* starts with Jacobian row 0
Thread 2:
* owns 183 adiabatic data points
* owns 0 composite data points
* owns 0 energy-only data points
* starts with Jacobian row 32958
Thread 3:
* owns 183 adiabatic data points
* owns 0 composite data points
* owns 0 energy-only data points
* starts with Jacobian row 64049
Thread 4:
* owns 182 adiabatic data points
* owns 0 composite data points
* owns 0 energy-only data points
* starts with Jacobian row 98657

The data set corresponds to 128361 least square equations
There are 3708 parameters to train

The initial residue = 1.44208
 
2022 year  4 month 10 day 21:16:17
 Iteration           1 , residue   1.49941662054160     
 
2022 year  4 month 10 day 21:16:56
 Iteration           2 , residue   1.14742029554058     
 
2022 year  4 month 10 day 21:19:45
 Iteration           3 , residue   1.14191154868168     
 
2022 year  4 month 10 day 21:22:32
 Iteration           4 , residue   1.13996091103010     
 
2022 year  4 month 10 day 21:25:20
 Iteration           5 , residue   1.12605595883774     
 
2022 year  4 month 10 day 21:28: 7
 Iteration           6 , residue   1.12322847375098     
 
2022 year  4 month 10 day 21:30:54
 Iteration           7 , residue   1.12090600542973     
 
2022 year  4 month 10 day 21:33:42
 Iteration           8 , residue   1.11914164596326     
 
2022 year  4 month 10 day 21:36:29
 Iteration           9 , residue   1.11763321814458     
 
2022 year  4 month 10 day 21:39:16
 Iteration          10 , residue   1.11763321814458     
 
2022 year  4 month 10 day 21:39:55
 Iteration          11 , residue   1.11549458090128     
 
2022 year  4 month 10 day 21:42:42
 Iteration          12 , residue   1.11408275499430     
 Failed trust region: max iteration exceeded!
 Final residual =    1.11408275499430     
The final residue = 1.05582

Sun Apr 10 21:42:46 2022
Mission success
