Diabatz version 0.3.0
Yifan Shen 2021

Echo of user command line input:
/home/yshen57/Software/Mine/diabatz/v0.3.0/diabatz.exe -f default -i IntCoordDef -s SAS.in -n Hd.in -l 11.in 12.in 13.in 14.in 22.in 23.in 24.in 33.in 34.in 44.in -d data/critical/min-A1/ data/critical/sad-A1/ data/critical/min-B1/ data/critical/min-B2/ data/critical/sad-B2/ data/critical/min-A2/ data/linear-path/min-B1_min-B2/ data/other/NH2-angles/list.txt data/other/benzene/list.txt data/other/in-benzene/list.txt data/other/out-of-benzene/list.txt -z -286.1075216397 -r regularization/reg -p regularization/prior -m 10

Mon Apr 18 14:07:28 2022

The data set will be read from: 
    data/critical/min-A1/, data/critical/sad-A1/, data/critical/min-B1/, 
    data/critical/min-B2/, data/critical/sad-B2/, data/critical/min-A2/, 
    data/linear-path/min-B1_min-B2/, data/other/NH2-angles/H-N-H_from_min-B1/0-18_4-states/, 
    data/other/NH2-angles/H-N-H_from_min-B1/19_3-states/, data/other/NH2-angles/H-N-H_from_min-A1/, 
    data/other/NH2-angles/C-N-avgH_from_min-B1/0-11_4-states/, data/other/NH2-angles/C-N-avgH_from_min-B1/12-13_5to4-states/, 
    data/other/NH2-angles/C-out-of-NH2/0-9_4-states/, data/other/NH2-angles/C-out-of-NH2/10-14_5to4-states/, 
    data/other/NH2-angles/NH2-rotation_from_min-B1/0.1/, data/other/NH2-angles/NH2-rotation_from_min-B1/0.2/, 
    data/other/NH2-angles/NH2-rotation_from_min-B1/0.3/, data/other/NH2-angles/NH2-rotation_from_min-B1/0.4/, 
    data/other/NH2-angles/NH2-rotation_from_min-B1/0.5/, data/other/NH2-angles/NH2-rotation_from_min-B1/0.6/, 
    data/other/NH2-angles/NH2-rotation_from_min-B1/0.7/, data/other/NH2-angles/NH2-rotation_from_min-B1/0.8/, 
    data/other/NH2-angles/NH2-rotation_from_min-B1/0.9/, data/other/NH2-angles/NH2-rotation_from_min-B1/1.0/, 
    data/other/NH2-angles/NH2-rotation_from_min-B1/1.1/, data/other/NH2-angles/NH2-rotation_from_min-B1/1.2/, 
    data/other/NH2-angles/NH2-rotation_from_min-B1/1.3/, data/other/NH2-angles/NH2-rotation_from_min-B1/1.4/, 
    data/other/NH2-angles/NH2-rotation_from_min-B1/1.5/, data/other/NH2-angles/NH2-rotation_from_min-B1/1.6/, 
    data/other/NH2-angles/NH2-rotation_from_min-B1/1.7/, data/other/NH2-angles/NH2-rotation_from_min-B1/1.8/, 
    data/other/NH2-angles/NH2-rotation_from_min-B1/1.9/, data/other/NH2-angles/NH2-rotation_from_min-B1/2.0/, 
    data/other/NH2-angles/NH2-rotation_from_min-B1/2.1/, data/other/NH2-angles/NH2-rotation_from_min-B1/2.2/, 
    data/other/NH2-angles/NH2-rotation_from_min-A1/0.1/, data/other/NH2-angles/NH2-rotation_from_min-A1/0.2/, 
    data/other/NH2-angles/NH2-rotation_from_min-A1/0.3/, data/other/NH2-angles/NH2-rotation_from_min-A1/0.4/, 
    data/other/NH2-angles/NH2-rotation_from_min-A1/0.5/, data/other/NH2-angles/NH2-rotation_from_min-A1/0.6/, 
    data/other/NH2-angles/NH2-rotation_from_min-A1/0.7/, data/other/NH2-angles/NH2-rotation_from_min-A1/0.8/, 
    data/other/NH2-angles/NH2-rotation_from_min-A1/0.9/, data/other/NH2-angles/NH2-rotation_from_min-A1/1.0/, 
    data/other/NH2-angles/NH2-rotation_from_min-A1/1.1/, data/other/NH2-angles/NH2-rotation_from_min-A1/1.2/, 
    data/other/NH2-angles/NH2-rotation_from_min-A1/1.3/, data/other/NH2-angles/NH2-rotation_from_min-A1/1.4/, 
    data/other/NH2-angles/NH2-rotation_from_min-A1/1.5/, data/other/NH2-angles/NH2-rotation_from_min-A1/1.6/, 
    data/other/NH2-angles/NH2-rotation_from_min-A1/1.7/, data/other/NH2-angles/NH2-rotation_from_min-A1/1.8/, 
    data/other/NH2-angles/NH2-rotation_from_min-A1/1.9/, data/other/NH2-angles/NH2-rotation_from_min-A1/2.0/, 
    data/other/NH2-angles/NH2-rotation_from_min-A1/2.1/, data/other/NH2-angles/NH2-rotation_from_min-A1/2.2/, 
    data/other/benzene/A1-9/0-13_4-states/, data/other/benzene/A1-9/14-19_4-states/, data/other/benzene/A1-10/, 
    data/other/benzene/B1-14/0-5_4-states/, data/other/benzene/B1-14/6-9_4-states/, data/other/benzene/B1-15/, 
    data/other/benzene/B2-27/, data/other/benzene/A2-33/, data/other/in-benzene/A1-11/, 
    data/other/in-benzene/A1-12/, data/other/in-benzene/B2-28/, data/other/in-benzene/B2-29/, 
    data/other/in-benzene/B2-30/, data/other/out-of-benzene/B1-16_H/0-5_4-states/, 
    data/other/out-of-benzene/B1-16_H/6-10_4-states/, data/other/out-of-benzene/B1-17_H/0-9_4-states/, 
    data/other/out-of-benzene/B1-17_H/10-12_4-states/, data/other/out-of-benzene/B1-18_H/, 
    data/other/out-of-benzene/B1-19_N/0-2_4-states/, data/other/out-of-benzene/B1-19_N/3-4_4-states/, 
    data/other/out-of-benzene/A2-34_H/0-6_4-states/, data/other/out-of-benzene/A2-34_H/7_3-states/, 
    data/other/out-of-benzene/A2-34_H/8-10_4-states/, data/other/out-of-benzene/A2-35_H/0-2_4-states/, 
    data/other/out-of-benzene/A2-35_H/3-7_3-states/, 
There are 731 data points in adiabatic representation
          1 data points in composite representation

maximum ground state energy = 0.228122
maximum ||ground state energy gradient||_infinity = 0.156611
so we suggest to set gradient / energy scaling to around 0.686524

Got regularization strength, enable regularization

The number of threads = 4

Thread 1:
* owns 183 adiabatic data points
* owns 1 composite data points
* owns 0 energy-only data points
* starts with Jacobian row 0
Thread 2:
* owns 183 adiabatic data points
* owns 0 composite data points
* owns 0 energy-only data points
* starts with Jacobian row 32958
Thread 3:
* owns 183 adiabatic data points
* owns 0 composite data points
* owns 0 energy-only data points
* starts with Jacobian row 64049
Thread 4:
* owns 182 adiabatic data points
* owns 0 composite data points
* owns 0 energy-only data points
* starts with Jacobian row 98657

The data set corresponds to 128361 least square equations
There are 5380 parameters to train

The initial residue = 13.3189
 
2022 year  4 month 18 day 14:15: 4
 Iteration           1 , residue   21.2977058270569     
 
2022 year  4 month 18 day 14:18: 8
 Iteration           2 , residue   3.47790921963232     
 
2022 year  4 month 18 day 14:21:11
 Iteration           3 , residue   2.12693956619817     
 
2022 year  4 month 18 day 14:24:13
 Iteration           4 , residue   2.12693956619817     
 
2022 year  4 month 18 day 14:24:46
 Iteration           5 , residue   1.16323210822165     
 
2022 year  4 month 18 day 14:27:49
 Iteration           6 , residue   1.16323210822165     
 
2022 year  4 month 18 day 14:28:21
 Iteration           7 , residue   1.11501749129864     
 
2022 year  4 month 18 day 14:31:26
 Iteration           8 , residue   1.10187207673590     
 
2022 year  4 month 18 day 14:34:36
 Iteration           9 , residue   1.09942017718222     
 
2022 year  4 month 18 day 14:37:45
 Iteration          10 , residue   1.08815489235971     
 
2022 year  4 month 18 day 14:40:55
 Iteration          11 , residue   1.08225625011491     
 
2022 year  4 month 18 day 14:44: 5
 Iteration          12 , residue   1.08022345768477     
 Failed trust region: max iteration exceeded!
 Final residual =    1.08022345768477     
The final residue = 1.0239

Mon Apr 18 14:44:08 2022
Mission success
