 Trust region warning: step length has converged, but residual has not met accur
 acy goal
 Final residual =   2.093878357006006E-010
 Trust region warning: step length has converged, but residual has not met accur
 acy goal
 Final residual =   8.114963714165539E-011
 Trust region warning: step length has converged, but residual has not met accur
 acy goal
 Final residual =   1.394551956372744E-010
 Trust region warning: step length has converged, but residual has not met accur
 acy goal
 Final residual =   8.758997419732001E-011
 Trust region warning: step length has converged, but residual has not met accur
 acy goal
 Final residual =   1.056964084747289E-010
 Trust region warning: step length has converged, but residual has not met accur
 acy goal
 Final residual =   7.183510709449398E-011
 Trust region warning: step length has converged, but residual has not met accur
 acy goal
 Final residual =   1.800906192302987E-010
 Trust region warning: step length has converged, but residual has not met accur
 acy goal
 Final residual =   9.911221433066464E-011
 Trust region warning: step length has converged, but residual has not met accur
 acy goal
 Final residual =   1.311115678678184E-010
 Trust region warning: step length has converged, but residual has not met accur
 acy goal
 Final residual =   8.379715677064104E-011
 Trust region warning: step length has converged, but residual has not met accur
 acy goal
 Final residual =   1.067917800634931E-010
 Trust region warning: step length has converged, but residual has not met accur
 acy goal
 Final residual =   4.784925031677472E-011
 Trust region warning: step length has converged, but residual has not met accur
 acy goal
 Final residual =   1.298253295561468E-010
 Trust region warning: step length has converged, but residual has not met accur
 acy goal
 Final residual =   8.342198712396427E-011
 Trust region warning: step length has converged, but residual has not met accur
 acy goal
 Final residual =   9.578713243744606E-011
 Trust region warning: step length has converged, but residual has not met accur
 acy goal
 Final residual =   8.266739152030486E-011
 Trust region warning: step length has converged, but residual has not met accur
 acy goal
 Final residual =   1.293149904974570E-010
 Trust region warning: step length has converged, but residual has not met accur
 acy goal
 Final residual =   9.140197662403292E-011
 Trust region warning: step length has converged, but residual has not met accur
 acy goal
 Final residual =   1.712001152597029E-010
 Trust region warning: step length has converged, but residual has not met accur
 acy goal
 Final residual =   1.072919830396674E-010
 Trust region warning: step length has converged, but residual has not met accur
 acy goal
 Final residual =   2.057079342332169E-010
 Trust region warning: step length has converged, but residual has not met accur
 acy goal
 Final residual =   1.010505191208531E-010
 Trust region warning: step length has converged, but residual has not met accur
 acy goal
 Final residual =   1.058189521686173E-010
 Trust region warning: step length has converged, but residual has not met accur
 acy goal
 Final residual =   7.970963289018173E-011
 Trust region warning: step length has converged, but residual has not met accur
 acy goal
 Final residual =   1.136589858229761E-010
 Trust region warning: step length has converged, but residual has not met accur
 acy goal
 Final residual =   1.659726580884068E-010
 Trust region warning: step length has converged, but residual has not met accur
 acy goal
 Final residual =   1.097028572715207E-010
 Trust region warning: step length has converged, but residual has not met accur
 acy goal
 Final residual =   7.658028329977339E-011
 Trust region warning: step length has converged, but residual has not met accur
 acy goal
 Final residual =   1.209596792442682E-010
 Trust region warning: step length has converged, but residual has not met accur
 acy goal
 Final residual =   1.466706962372594E-010
 Trust region warning: step length has converged, but residual has not met accur
 acy goal
 Final residual =   1.396508438721163E-010
 Trust region warning: step length has converged, but residual has not met accur
 acy goal
 Final residual =   2.013183223027693E-010
 Trust region warning: step length has converged, but residual has not met accur
 acy goal
 Final residual =   2.518902760200288E-010
 Trust region warning: step length has converged, but residual has not met accur
 acy goal
 Final residual =   8.470952089750334E-011
 Trust region warning: step length has converged, but residual has not met accur
 acy goal
 Final residual =   2.010095075263198E-010
 Trust region warning: step length has converged, but residual has not met accur
 acy goal
 Final residual =   2.777010868772952E-010
 Trust region warning: step length has converged, but residual has not met accur
 acy goal
 Final residual =   2.050935142194001E-010
 Trust region warning: step length has converged, but residual has not met accur
 acy goal
 Final residual =   1.372279300472122E-010
 Trust region warning: step length has converged, but residual has not met accur
 acy goal
 Final residual =   1.137825963050142E-010
 Trust region warning: step length has converged, but residual has not met accur
 acy goal
 Final residual =   7.978856959237719E-011
 Trust region warning: step length has converged, but residual has not met accur
 acy goal
 Final residual =   1.738188111142605E-010
 Trust region warning: step length has converged, but residual has not met accur
 acy goal
 Final residual =   1.166688321613376E-010
 Trust region warning: step length has converged, but residual has not met accur
 acy goal
 Final residual =   1.113399561890752E-010
 Trust region warning: step length has converged, but residual has not met accur
 acy goal
 Final residual =   1.777182698746600E-010
 Trust region warning: step length has converged, but residual has not met accur
 acy goal
 Final residual =   1.494805162268774E-010
 Trust region warning: step length has converged, but residual has not met accur
 acy goal
 Final residual =   3.031129487206325E-010
 Trust region warning: step length has converged, but residual has not met accur
 acy goal
 Final residual =   6.366101462584809E-011
 Trust region warning: step length has converged, but residual has not met accur
 acy goal
 Final residual =   1.195500160781522E-010
 Trust region warning: step length has converged, but residual has not met accur
 acy goal
 Final residual =   1.396207335093158E-010
 Trust region warning: step length has converged, but residual has not met accur
 acy goal
 Final residual =   1.009680697044349E-010
 Trust region warning: step length has converged, but residual has not met accur
 acy goal
 Final residual =   7.694183813409446E-011
 Trust region warning: step length has converged, but residual has not met accur
 acy goal
 Final residual =   1.222487162317362E-010
 Trust region warning: step length has converged, but residual has not met accur
 acy goal
 Final residual =   2.714302547280746E-010
 Trust region warning: step length has converged, but residual has not met accur
 acy goal
 Final residual =   1.918578557954438E-010
 Trust region warning: step length has converged, but residual has not met accur
 acy goal
 Final residual =   1.027453541164041E-010
 Trust region warning: step length has converged, but residual has not met accur
 acy goal
 Final residual =   2.726685675800614E-010
 Trust region warning: step length has converged, but residual has not met accur
 acy goal
 Final residual =   1.996783374085511E-010
 Trust region warning: step length has converged, but residual has not met accur
 acy goal
 Final residual =   1.126670487002025E-010
 Trust region warning: step length has converged, but residual has not met accur
 acy goal
 Final residual =   8.025624289994882E-011
 Trust region warning: step length has converged, but residual has not met accur
 acy goal
 Final residual =   1.147251946461603E-010
 Trust region warning: step length has converged, but residual has not met accur
 acy goal
 Final residual =   9.613865826095361E-011
 Trust region warning: step length has converged, but residual has not met accur
 acy goal
 Final residual =   8.715530106829486E-011
 Trust region warning: step length has converged, but residual has not met accur
 acy goal
 Final residual =   1.143663164030534E-010
 Trust region warning: step length has converged, but residual has not met accur
 acy goal
 Final residual =   9.213151442927033E-011
 Trust region warning: step length has converged, but residual has not met accur
 acy goal
 Final residual =   6.254112892033870E-011
 Trust region warning: step length has converged, but residual has not met accur
 acy goal
 Final residual =   9.010694906702522E-011
 Trust region warning: step length has converged, but residual has not met accur
 acy goal
 Final residual =   1.281690957224516E-010
 Trust region warning: step length has converged, but residual has not met accur
 acy goal
 Final residual =   7.783680089797468E-011
 Trust region warning: step length has converged, but residual has not met accur
 acy goal
 Final residual =   7.822923190910595E-011
 Trust region warning: step length has converged, but residual has not met accur
 acy goal
 Final residual =   6.546483047094299E-011
 Trust region warning: step length has converged, but residual has not met accur
 acy goal
 Final residual =   7.323003782302239E-011
 Trust region warning: step length has converged, but residual has not met accur
 acy goal
 Final residual =   1.785767400229297E-010
 Trust region warning: step length has converged, but residual has not met accur
 acy goal
 Final residual =   1.371204235205251E-010
 Trust region warning: step length has converged, but residual has not met accur
 acy goal
 Final residual =   5.959368055158924E-011
 Trust region warning: step length has converged, but residual has not met accur
 acy goal
 Final residual =   7.663665969500579E-011
 Trust region warning: step length has converged, but residual has not met accur
 acy goal
 Final residual =   1.323262247207432E-010
 Trust region warning: step length has converged, but residual has not met accur
 acy goal
 Final residual =   1.567344780256674E-010
 Trust region warning: step length has converged, but residual has not met accur
 acy goal
 Final residual =   1.843597436608371E-010
 Trust region warning: step length has converged, but residual has not met accur
 acy goal
 Final residual =   2.949803491199067E-010
 Trust region warning: step length has converged, but residual has not met accur
 acy goal
 Final residual =   9.906640550244805E-011
 Trust region warning: step length has converged, but residual has not met accur
 acy goal
 Final residual =   1.903638708756111E-010
 Trust region warning: step length has converged, but residual has not met accur
 acy goal
 Final residual =   1.720668954440336E-010
 Trust region warning: step length has converged, but residual has not met accur
 acy goal
 Final residual =   9.036298768378938E-011
 Trust region warning: step length has converged, but residual has not met accur
 acy goal
 Final residual =   1.164565490001939E-010
 Trust region warning: step length has converged, but residual has not met accur
 acy goal
 Final residual =   1.284704297067705E-010
 Trust region warning: step length has converged, but residual has not met accur
 acy goal
 Final residual =   1.413475939606083E-010
 Trust region warning: step length has converged, but residual has not met accur
 acy goal
 Final residual =   1.066685165039632E-010
 Trust region warning: step length has converged, but residual has not met accur
 acy goal
 Final residual =   1.573577964689664E-010
 Trust region warning: step length has converged, but residual has not met accur
 acy goal
 Final residual =   6.965190551729232E-011
 Trust region warning: step length has converged, but residual has not met accur
 acy goal
 Final residual =   1.370555368111792E-010
 Trust region warning: step length has converged, but residual has not met accur
 acy goal
 Final residual =   1.027916617779378E-010
 Trust region warning: step length has converged, but residual has not met accur
 acy goal
 Final residual =   1.603828551939332E-010
 Trust region warning: step length has converged, but residual has not met accur
 acy goal
 Final residual =   9.666770659567981E-011
 Trust region warning: step length has converged, but residual has not met accur
 acy goal
 Final residual =   1.494340124929972E-010
 Trust region warning: step length has converged, but residual has not met accur
 acy goal
 Final residual =   7.437645595397470E-011
 Trust region warning: step length has converged, but residual has not met accur
 acy goal
 Final residual =   1.273096377338036E-010
 Trust region warning: step length has converged, but residual has not met accur
 acy goal
 Final residual =   1.273096377338036E-010
 Trust region warning: step length has converged, but residual has not met accur
 acy goal
 Final residual =   1.486183762135415E-010
 Trust region warning: step length has converged, but residual has not met accur
 acy goal
 Final residual =   1.137987717194897E-010
 Trust region warning: step length has converged, but residual has not met accur
 acy goal
 Final residual =   5.324451781537592E-011
 Trust region warning: step length has converged, but residual has not met accur
 acy goal
 Final residual =   6.009889577579709E-011
 Trust region warning: step length has converged, but residual has not met accur
 acy goal
 Final residual =   6.277899456646697E-011
 Trust region warning: step length has converged, but residual has not met accur
 acy goal
 Final residual =   7.444473129022719E-011
 Trust region warning: step length has converged, but residual has not met accur
 acy goal
 Final residual =   9.353442698782702E-011
 Trust region warning: step length has converged, but residual has not met accur
 acy goal
 Final residual =   2.402266120788247E-010
 Trust region warning: step length has converged, but residual has not met accur
 acy goal
 Final residual =   1.824417151605778E-010
 Trust region warning: step length has converged, but residual has not met accur
 acy goal
 Final residual =   1.646324065102607E-010
 Trust region warning: step length has converged, but residual has not met accur
 acy goal
 Final residual =   1.086303478158800E-010
 Trust region warning: step length has converged, but residual has not met accur
 acy goal
 Final residual =   1.399080262442125E-010
 Trust region warning: step length has converged, but residual has not met accur
 acy goal
 Final residual =   1.309338818106027E-010
 Trust region warning: step length has converged, but residual has not met accur
 acy goal
 Final residual =   1.591123548019424E-010
 Trust region warning: step length has converged, but residual has not met accur
 acy goal
 Final residual =   8.884161015592316E-011
 Trust region warning: step length has converged, but residual has not met accur
 acy goal
 Final residual =   3.591035188742938E-010
 Trust region warning: step length has converged, but residual has not met accur
 acy goal
 Final residual =   1.346944375227166E-010
 Trust region warning: step length has converged, but residual has not met accur
 acy goal
 Final residual =   1.175113945519420E-010
 Trust region warning: step length has converged, but residual has not met accur
 acy goal
 Final residual =   8.219959153058574E-011
 Trust region warning: step length has converged, but residual has not met accur
 acy goal
 Final residual =   1.659564879281760E-010
 Trust region warning: step length has converged, but residual has not met accur
 acy goal
 Final residual =   5.393349106917124E-011
 Trust region warning: step length has converged, but residual has not met accur
 acy goal
 Final residual =   1.579995238061263E-010
 Trust region warning: step length has converged, but residual has not met accur
 acy goal
 Final residual =   2.137389866879589E-010
 Trust region warning: step length has converged, but residual has not met accur
 acy goal
 Final residual =   1.310613061818516E-010
 Trust region warning: step length has converged, but residual has not met accur
 acy goal
 Final residual =   1.042945113248201E-010
 Trust region warning: step length has converged, but residual has not met accur
 acy goal
 Final residual =   1.276602065383564E-010
 Trust region warning: step length has converged, but residual has not met accur
 acy goal
 Final residual =   1.008280970409938E-010
 Trust region warning: step length has converged, but residual has not met accur
 acy goal
 Final residual =   1.124181545831498E-010
 Trust region warning: step length has converged, but residual has not met accur
 acy goal
 Final residual =   7.960075771779168E-011
 Trust region warning: step length has converged, but residual has not met accur
 acy goal
 Final residual =   1.470410135538362E-010
 Trust region warning: step length has converged, but residual has not met accur
 acy goal
 Final residual =   8.789104291668324E-011
 Trust region warning: step length has converged, but residual has not met accur
 acy goal
 Final residual =   1.716856255930028E-010
 Trust region warning: step length has converged, but residual has not met accur
 acy goal
 Final residual =   1.716856255930028E-010
Critics: a critical geometry searcher
Yifan Shen 2021

Echo of user command line input:
/home/yshen/Software/Mine/diabatz/tools/critics/v1/critics.exe -j min -f default -i opt.IntCoordDef -t 1 -d default IntCoordDef SAS.in pretrain-Hd.in pretrain-Hd.net pretrain-11.in pretrain-12.in pretrain-13.in pretrain-14.in pretrain-22.in pretrain-23.in pretrain-24.in pretrain-33.in pretrain-34.in pretrain-44.in default IntCoordDef SAS.in Hd.in Hd.net 11.in 12.in 13.in 14.in 22.in 23.in 24.in 33.in 34.in 44.in -x A1rot-sad.xyz -c 25 26 27 28 29 30 31 32 33 34 35 36 -o sad.xyz

Wed Dec  7 12:10:15 2022

Job type: min
The target electronic state is 1

Wed Dec  7 12:13:18 2022
Mission success
