1-2
1       -8.838991392212843e-02
2       -8.581698571460074e-02
3       -2.598132118588284e-02
4        5.772375678093976e-03
5       -3.545156858964423e-02
6       -3.915050934801201e-02

1-3
1        4.932860499800516e-02
2       -6.528150896156178e-02
3        4.991476716765850e-02
4       -4.944478036183345e-02
5       -4.522604468584366e-02
6       -4.617065607459409e-02

1-4
1        1.125597506179659e-01
2       -1.344430972662787e-02
3        6.400880511471293e-03
4       -1.137922442753958e-01
5       -8.721346214914027e-03
6       -9.691922803135652e-03

2-3
1       -4.964485368792673e-02
2       -5.459111447801907e-02
3       -5.296632777905554e-02
4        5.315425823941562e-02
5       -4.285119373843194e-02
6       -4.434946776637141e-02

2-4
1       -4.578644266130367e-02
2       -7.388936174391700e-03
3        4.775915896095465e-02
4       -7.060603131180928e-04
5        1.710475471279344e-02
6        2.885723129035569e-02

3-4
1       -1.283300746390615e-01
2       -1.238619420473042e-02
3        2.627474444673559e-02
4        1.588585552491543e-01
5        1.584547682529434e-02
6        4.108572084995631e-02

