Evaluation for diabatz
Yifan Shen 2021

Echo of user command line input:
/home/yshen/Software/Mine/diabatz/tools/eval/v1/eval.exe -d default pretrain-IntCoordDef pretrain-SAS.in pretrain-Hd.in pretrain-Hd.net pretrain-11.in pretrain-12.in pretrain-13.in pretrain-14.in pretrain-22.in pretrain-23.in pretrain-24.in pretrain-33.in pretrain-34.in pretrain-44.in default IntCoordDef SAS.in Hd.in Hd.net 11.in 12.in 13.in 14.in 22.in 23.in 24.in 33.in 34.in 44.in -x /home/yshen/C6H7N-aniline/Columbus/fast/0.7/fast-0.7.xyz -a -g

Tue Dec 20 12:49:19 2022

energy =
    1.824239e-01    3.391209e-01    3.627102e-01    4.151164e-01

states are:
   -9.999657e-01    0.000000e+00   -8.283899e-03    0.000000e+00
   -1.839395e-18    9.996152e-01    2.220370e-16    2.774041e-02
    8.283899e-03   -0.000000e+00   -9.999657e-01    0.000000e+00
   -0.000000e+00   -2.774041e-02    0.000000e+00    9.996152e-01

energy gradient of state 1 =
   -6.672380e-20   -7.037028e-01   -3.752729e-01
    2.849378e-20    1.375572e-03   -6.840189e-02
    2.292560e-20   -2.830742e-02    2.425519e-02
    4.450656e-20    3.143676e-02    2.845849e-02
    4.339899e-21   -1.624383e-02   -2.290837e-02
   -2.381977e-21    1.841321e-02   -2.186474e-02
   -2.947072e-20   -1.753352e-03    2.310289e-03
    2.847099e-20    6.901503e-01    4.454965e-01
   -8.422207e-21    9.985893e-03   -9.883661e-03
   -8.268081e-21    2.924250e-03   -9.251532e-05
   -7.087529e-21   -4.915049e-03    3.166520e-03
   -1.171450e-21    1.512051e-03   -2.335770e-03
    1.932574e-22   -7.906122e-04   -1.930921e-03
   -5.404316e-21   -8.494039e-05   -9.961432e-04

energy gradient of state 2 =
    0.000000e+00   -7.108017e-01   -4.471609e-01
    0.000000e+00   -1.890878e-03    5.588901e-03
    0.000000e+00    2.086865e-03   -3.926430e-03
    0.000000e+00    1.077939e-04   -4.469072e-03
    0.000000e+00   -4.937326e-04   -2.363785e-04
    0.000000e+00   -1.204812e-03    5.458213e-03
    0.000000e+00    1.973008e-03    1.189735e-03
    0.000000e+00    7.041967e-01    4.504882e-01
    0.000000e+00    4.165044e-03   -5.466152e-03
    0.000000e+00    2.812262e-03   -9.016045e-04
    0.000000e+00   -1.324016e-03   -2.107880e-04
    0.000000e+00    1.020931e-03   -8.441428e-04
    0.000000e+00   -3.815168e-06    1.690167e-04
    0.000000e+00   -6.436476e-04    3.214562e-04

energy gradient of state 3 =
    1.609883e-18   -7.274541e-01   -3.937680e-01
   -1.150934e-18   -1.102682e-03   -5.363565e-02
    1.587928e-18   -1.436247e-03    6.107555e-02
   -2.795620e-18    6.126810e-03    6.055344e-02
   -1.167488e-18    9.486541e-03   -5.585873e-02
    1.540418e-18   -1.179116e-02   -5.059884e-02
    3.761683e-19    2.487258e-03   -7.374390e-03
    1.297698e-18    7.058089e-01    4.525789e-01
   -8.292083e-19    1.551810e-02   -1.103610e-02
   -1.751643e-18    4.234414e-03   -1.173935e-03
    6.942594e-19   -1.145110e-03    2.003886e-03
    4.724190e-19   -4.631582e-04   -2.069361e-03
   -2.895842e-19    3.351830e-04   -1.242649e-03
    4.057041e-19   -6.047584e-04    5.458542e-04

energy gradient of state 4 =
    0.000000e+00   -7.030915e-01   -4.145204e-01
    0.000000e+00   -1.592171e-03   -7.578930e-03
    0.000000e+00   -2.454529e-02    6.935374e-02
    0.000000e+00    2.424662e-02    6.779363e-02
    0.000000e+00   -2.742413e-02   -6.857388e-02
    0.000000e+00    2.895136e-02   -7.511069e-02
    0.000000e+00   -3.294468e-03   -4.128169e-03
    0.000000e+00    7.008461e-01    4.406431e-01
    0.000000e+00    5.647847e-03   -5.809138e-03
    0.000000e+00   -1.084666e-03    4.425959e-04
    0.000000e+00    1.688557e-03   -5.148757e-04
    0.000000e+00   -1.288663e-04   -8.259613e-04
    0.000000e+00   -5.416052e-05   -1.651261e-03
    0.000000e+00   -1.652287e-04    4.802038e-04

nonadiabatic coupling between state 1 and 2 =
    1.158781e-01    8.343516e-18    5.247426e-18
   -4.968553e-02    1.503041e-20   -6.503316e-20
   -3.736639e-02   -2.332806e-20    5.275763e-20
   -7.946980e-02    6.759094e-23    4.702686e-20
   -5.723474e-03   -3.260528e-21   -1.527653e-20
    2.431762e-03    5.958044e-21   -4.763698e-20
    5.127674e-02   -3.185242e-21   -1.421096e-20
   -4.969314e-02   -8.265227e-18   -5.285987e-18
    1.483173e-02   -4.865989e-20    6.321512e-20
    1.296307e-02   -3.309085e-20    1.095667e-20
    1.371855e-02    1.581918e-20    2.594366e-21
    1.098252e-03   -1.183010e-20    1.042334e-20
    4.274021e-04    2.602520e-22   -2.600952e-21
    9.312698e-03    7.930426e-21   -3.653855e-21

nonadiabatic coupling between state 1 and 3 =
    2.230070e-17   -1.158145e-01    7.274393e-03
   -9.512661e-18    5.918949e-01    9.241766e-03
   -7.711478e-18   -2.113146e-01    4.568529e-01
   -1.483561e-17   -2.183906e-01   -4.623030e-01
   -1.426081e-18   -2.866819e-01   -4.605764e-01
    7.620433e-19   -2.771193e-01    4.555448e-01
    9.857519e-18    6.006973e-01    2.104227e-04
   -9.561286e-18    1.217209e-02   -8.772708e-03
    2.838624e-18   -1.105420e-03    1.217341e-03
    2.808219e-18   -1.395999e-02   -6.651045e-03
    2.356801e-18   -1.128251e-02    4.521310e-03
    3.813223e-19   -2.640068e-02   -2.193853e-02
   -5.804517e-20   -2.021011e-02    2.287337e-02
    1.799927e-18   -2.248478e-02    2.505368e-03

nonadiabatic coupling between state 1 and 4 =
   -2.066696e-03    2.257488e-19    1.012607e-19
    5.756246e-03   -1.733276e-19    1.493922e-20
   -5.869603e-02    3.351306e-20    1.470051e-19
    5.418130e-02    2.701629e-20   -1.462265e-19
   -4.387336e-02   -2.136907e-19   -4.229691e-19
    4.129922e-02   -2.048265e-19    4.146718e-19
   -3.228315e-03    4.852196e-19   -5.175045e-21
    6.901030e-03   -2.061954e-19   -9.533074e-20
   -5.236014e-03    3.926678e-21   -2.116866e-20
    3.361840e-02   -1.987282e-21    9.056416e-21
   -3.442862e-02    6.500387e-21    3.048461e-21
    2.268120e-02    3.656655e-21    1.275449e-20
   -1.850968e-02    5.240829e-21   -1.462713e-20
    1.601316e-03    9.205075e-21    2.761018e-21

nonadiabatic coupling between state 2 and 3 =
    1.617287e-01   -6.690287e-15   -4.207673e-15
   -1.249018e-01   -1.205221e-17    5.214715e-17
    1.546878e-01    1.870572e-17   -4.230395e-17
   -2.649455e-01   -5.419811e-20   -3.770871e-17
   -1.065917e-01    2.614469e-18    1.224956e-17
    1.495405e-01   -4.777485e-18    3.819793e-17
    3.194238e-02    2.554101e-18    1.139512e-17
    1.179620e-01    6.627511e-15    4.238594e-15
   -7.466001e-02    3.901816e-17   -5.068934e-17
   -1.668704e-01    2.653405e-17   -8.785654e-18
    6.543301e-02   -1.268468e-17   -2.080305e-18
    4.560427e-02    9.486022e-18   -8.358006e-18
   -2.738602e-02   -2.086843e-19    2.085585e-18
    3.845690e-02   -6.359049e-18    2.929861e-18

nonadiabatic coupling between state 2 and 4 =
    0.000000e+00   -1.191883e-01   -1.725778e-02
    0.000000e+00    2.892200e-01   -2.211037e-02
    0.000000e+00   -4.684540e-02   -2.701301e-01
    0.000000e+00   -5.384371e-02    2.187517e-01
    0.000000e+00    3.658688e-01    7.294020e-01
    0.000000e+00    3.305208e-01   -6.631157e-01
    0.000000e+00   -8.068224e-01    1.012536e-02
    0.000000e+00    8.744632e-02   -2.156393e-03
    0.000000e+00   -8.601419e-03    3.737300e-02
    0.000000e+00    3.705461e-03   -1.524307e-02
    0.000000e+00   -1.144156e-02   -4.888518e-03
    0.000000e+00   -6.042288e-03   -2.093816e-02
    0.000000e+00   -8.707658e-03    2.496122e-02
    0.000000e+00   -1.526867e-02   -4.773216e-03

nonadiabatic coupling between state 3 and 4 =
   -1.295554e-01   -1.209973e-16   -5.427390e-17
    2.431295e-01    9.290045e-17   -8.007152e-18
   -4.935986e-02   -1.796239e-17   -7.879208e-17
   -3.295916e-02   -1.448025e-17    7.837478e-17
   -7.950473e-02    1.145344e-16    2.267038e-16
   -3.946145e-02    1.097833e-16   -2.222566e-16
    6.457412e-02   -2.600690e-16    2.773731e-18
    9.677301e-02    1.105170e-16    5.109556e-17
   -7.344648e-02   -2.104628e-18    1.134602e-17
   -6.631079e-03    1.065147e-18   -4.854075e-18
    1.407431e-02   -3.484090e-18   -1.633920e-18
   -7.931151e-03   -1.959901e-18   -6.836179e-18
   -4.360484e-03   -2.808990e-18    7.839877e-18
    4.658871e-03   -4.933754e-18   -1.479856e-18

Tue Dec 20 12:49:20 2022
Mission success
