Evaluation for diabatz
Yifan Shen 2021

Echo of user command line input:
/home/yshen/Software/Mine/diabatz/tools/eval/v1/eval.exe -d default pretrain-IntCoordDef pretrain-SAS.in pretrain-Hd.in pretrain-Hd.net pretrain-11.in pretrain-12.in pretrain-13.in pretrain-14.in pretrain-22.in pretrain-23.in pretrain-24.in pretrain-33.in pretrain-34.in pretrain-44.in default IntCoordDef SAS.in Hd.in Hd.net 11.in 12.in 13.in 14.in 22.in 23.in 24.in 33.in 34.in 44.in -x /home/yshen/C6H7N-aniline/Columbus/fast/0.8/fast-0.8.xyz -a -g

Tue Dec 20 12:49:20 2022

energy =
    7.201947e-02    2.272376e-01    2.517760e-01    3.044752e-01

states are:
    9.999832e-01    6.786904e-10    5.792571e-03   -7.421428e-11
    6.818799e-10   -9.999051e-01   -3.832484e-10    1.377737e-02
   -5.792571e-03   -3.980209e-10    9.999832e-01   -7.832984e-10
    6.028693e-11    1.377737e-02    7.890702e-10    9.999051e-01

energy gradient of state 1 =
   -2.607298e-11   -3.311107e-01   -1.354610e-01
   -1.782375e-10   -2.418428e-03   -6.548744e-02
    2.598286e-10   -2.737267e-02    2.532984e-02
    1.816130e-10    3.000652e-02    2.758465e-02
   -3.372841e-10   -1.558394e-02   -2.268302e-02
   -2.816399e-10    1.686132e-02   -2.191139e-02
    3.267426e-10   -1.002446e-03    1.172631e-03
   -2.999207e-13    3.207600e-01    2.057970e-01
   -5.020718e-12    1.042145e-02   -1.246278e-02
    1.860243e-10    3.562708e-03    5.512534e-04
    3.868159e-11   -4.517509e-03    2.558308e-03
   -3.337049e-10    1.616807e-03   -2.045239e-03
   -1.692775e-10   -1.164969e-03   -1.732918e-03
    3.386472e-10   -5.807075e-05   -1.209888e-03

energy gradient of state 2 =
    2.110118e-11   -3.247589e-01   -2.143435e-01
   -2.724921e-10   -3.689009e-03    1.142048e-03
    1.639609e-10    5.128595e-04   -5.742709e-04
    1.292858e-10    4.602789e-05   -1.092721e-03
   -1.117016e-10    1.070622e-04   -1.788985e-03
   -1.453220e-10   -2.401214e-04    1.724459e-03
    2.676129e-10    7.648998e-04    2.933633e-04
    1.166043e-12    3.277454e-01    2.139820e-01
    4.098361e-12   -2.684275e-03    2.817792e-04
    1.713532e-10    2.240388e-03    1.860638e-05
    3.520968e-11   -3.617297e-04    2.190639e-04
   -3.337826e-10    7.295019e-04   -6.255865e-04
   -1.583388e-10    8.292002e-05    4.345963e-04
    2.278490e-10   -4.950654e-04    3.291537e-04

energy gradient of state 3 =
    1.315338e-11   -3.281299e-01   -1.535291e-01
   -1.292314e-10   -1.813125e-03   -4.833710e-02
    1.815408e-10   -1.260387e-03    5.919432e-02
    9.640043e-11    3.748510e-03    5.962286e-02
   -8.369070e-11    1.049974e-02   -5.411304e-02
   -1.050222e-10   -1.159346e-02   -5.042188e-02
    1.153808e-10    1.474163e-03   -7.308834e-03
   -9.051195e-12    3.202781e-01    2.055453e-01
    1.529611e-11    5.900842e-03   -8.830652e-03
    2.566206e-11    3.447562e-03    2.020895e-04
    7.472027e-12   -1.831606e-03    1.999931e-03
   -1.947401e-10   -3.404612e-04   -2.114272e-03
   -1.239432e-10   -2.308135e-05   -1.791383e-03
    1.907731e-10   -3.568563e-04   -1.182796e-04

energy gradient of state 4 =
   -3.405388e-11   -3.281879e-01   -1.813120e-01
   -5.075450e-11   -1.120745e-03   -1.318871e-02
    7.483459e-11   -2.505670e-02    6.943530e-02
    2.083488e-10    2.403485e-02    6.868367e-02
   -9.271368e-11   -2.689363e-02   -6.981654e-02
   -1.544042e-10    2.791493e-02   -7.295554e-02
   -9.999249e-11   -1.576058e-03   -4.102141e-03
    7.804203e-11    3.239222e-01    2.069250e-01
   -6.247226e-11    6.349639e-03   -3.016835e-03
    1.028565e-10   -5.180215e-04    5.274196e-04
   -1.287934e-11    1.269813e-03   -2.256324e-05
   -2.200174e-10    3.346646e-04   -6.459974e-04
   -9.482640e-11   -4.237662e-04   -1.006184e-03
    3.580322e-10   -4.924674e-05    4.951257e-04

nonadiabatic coupling between state 1 and 2 =
    1.115005e-01    6.345863e-10    2.510929e-10
   -6.894743e-02   -4.816372e-10   -2.257762e-10
   -4.357000e-02   -1.020637e-10   -1.020962e-10
   -7.853778e-02    5.067440e-10    4.013962e-10
   -1.141770e-03    1.256272e-10    1.903949e-10
    2.382057e-03    1.220949e-10   -4.840363e-10
    5.628908e-02   -3.957357e-10    2.975198e-10
   -3.271653e-02   -1.123619e-10   -3.557063e-11
    1.521387e-02   -2.590185e-10   -4.552321e-11
    1.272446e-02    7.974849e-11   -6.154922e-11
    1.500786e-02   -1.003702e-10   -4.749024e-11
    1.522634e-03   -5.782962e-11    2.543159e-11
    9.094186e-04   -2.285501e-11   -8.999130e-11
    9.363592e-03    6.307110e-11   -7.380214e-11

nonadiabatic coupling between state 1 and 3 =
    3.844538e-11   -1.293699e-01   -3.861406e-03
    3.177574e-10    5.849856e-01    4.023910e-03
    9.112916e-10   -2.120146e-01    4.596652e-01
   -5.471171e-10   -2.130794e-01   -4.555562e-01
    2.958421e-11   -2.782916e-01   -4.635107e-01
   -7.010115e-10   -2.721392e-01    4.606592e-01
   -3.917537e-10    5.879731e-01   -1.615313e-03
   -9.292058e-11    1.575780e-02   -8.087527e-03
    1.885109e-11    4.254348e-03    7.066098e-03
   -4.329740e-10   -1.173309e-02   -4.835964e-03
    1.682457e-10   -1.005212e-02    4.164868e-03
   -1.314856e-10   -2.405714e-02   -1.993512e-02
    4.853481e-10   -2.109831e-02    2.101147e-02
    3.277391e-10   -2.113552e-02    8.114108e-04

nonadiabatic coupling between state 1 and 4 =
    9.480295e-04   -2.041641e-10    1.275147e-10
   -1.855922e-03    2.842439e-10    1.186899e-11
    6.019222e-02   -3.919791e-10   -1.550223e-10
   -5.945316e-02   -1.694668e-10    6.479399e-11
    4.562794e-02    4.118865e-10    1.060970e-11
   -4.387774e-02    3.094974e-10   -1.063233e-10
    2.560573e-03   -2.927937e-10    3.685084e-11
   -7.114701e-03    3.718067e-11   -2.321621e-11
    6.011700e-03    5.508757e-11   -6.151180e-11
   -3.481749e-02    1.637850e-10    9.017645e-11
    3.573416e-02    6.615784e-11   -6.306232e-11
   -2.365363e-02   -1.042906e-10    5.846038e-11
    2.071025e-02   -9.384449e-11   -1.096452e-12
   -1.012223e-03   -7.130005e-11    9.957364e-12

nonadiabatic coupling between state 2 and 3 =
    8.591882e-02   -2.837651e-10   -2.938171e-09
   -8.965502e-02   -2.078248e-09    2.025091e-09
    1.615416e-01    1.704015e-09   -2.787632e-09
   -2.355936e-01    1.618341e-09   -4.032839e-10
   -1.235420e-01   -2.749749e-10    2.572376e-09
    1.566597e-01    8.385483e-11    7.011622e-10
    1.175579e-02   -9.947727e-11    2.791003e-10
    7.931508e-02    2.124500e-09    2.352295e-10
   -4.361065e-02   -1.777905e-09    7.708591e-10
   -1.088622e-01   -6.980193e-10   -1.484518e-10
    6.475473e-02   -4.138733e-10    1.392625e-10
    4.172561e-02   -1.427241e-11   -1.465606e-10
   -1.978493e-02   -7.850296e-11   -1.044056e-10
    1.937708e-02    1.883283e-10   -1.945745e-10

nonadiabatic coupling between state 2 and 4 =
   -2.127987e-10    1.014817e-01    3.236392e-02
    5.853664e-10   -2.886258e-01    5.596042e-03
    1.965921e-09    4.479337e-02    2.364225e-01
   -1.129259e-09    5.711614e-02   -2.100251e-01
    1.149584e-09   -3.407617e-01   -6.836037e-01
   -1.776929e-09   -3.224886e-01    6.458409e-01
   -3.242991e-10    7.793886e-01   -1.037205e-04
   -8.627750e-11   -6.805144e-02   -5.679864e-03
    8.784609e-11    2.594642e-03   -3.399993e-02
   -1.145890e-09   -1.158133e-03    1.328602e-02
    4.447943e-10    9.996305e-03   -2.108671e-03
   -7.939031e-10    2.430209e-03    1.806074e-02
    9.964809e-10    5.380252e-03   -1.921984e-02
    2.393642e-10    1.790453e-02    3.170714e-03

nonadiabatic coupling between state 3 and 4 =
    1.127568e-01    4.225003e-10    1.837055e-10
   -2.475264e-01   -3.615000e-10    5.945231e-10
    6.061860e-02   -3.226340e-11    1.290909e-10
    3.908793e-02    7.977334e-11    2.979957e-10
    6.829051e-02   -7.035248e-10   -5.577705e-10
    4.662068e-02    5.479611e-10   -3.544070e-10
   -6.755297e-02    1.690699e-10    2.875593e-10
   -5.505469e-02    2.807800e-10   -2.034136e-10
    4.257064e-02   -4.681013e-10   -2.153221e-10
    1.670285e-03   -1.847371e-10   -3.884631e-11
   -7.135627e-03    1.945109e-10   -1.184319e-10
    6.259313e-03   -4.067495e-11    7.071130e-11
    5.101597e-03    8.895433e-11    2.866905e-11
   -5.706702e-03    7.251691e-12   -1.040635e-10

Tue Dec 20 12:49:21 2022
Mission success
