Evaluation for diabatz
Yifan Shen 2021

Echo of user command line input:
/home/yshen/Software/Mine/diabatz/tools/eval/v1/eval.exe -d default pretrain-IntCoordDef pretrain-SAS.in pretrain-Hd.in pretrain-Hd.net pretrain-11.in pretrain-12.in pretrain-13.in pretrain-14.in pretrain-22.in pretrain-23.in pretrain-24.in pretrain-33.in pretrain-34.in pretrain-44.in default IntCoordDef SAS.in Hd.in Hd.net 11.in 12.in 13.in 14.in 22.in 23.in 24.in 33.in 34.in 44.in -x /home/yshen/C6H7N-aniline/Columbus/fast/0.9/fast-0.9.xyz -a -g

Tue Dec 20 12:49:21 2022

energy =
    2.543665e-02    1.784718e-01    2.047413e-01    2.565577e-01

states are:
   -9.999957e-01   -1.978400e-10   -2.932859e-03    1.758866e-10
    1.994800e-10   -9.999925e-01   -3.275175e-10    3.866254e-03
    2.932859e-03    3.274700e-10   -9.999957e-01   -1.639428e-10
    1.755967e-10    3.866254e-03   -1.621612e-10    9.999925e-01

energy gradient of state 1 =
   -4.061303e-11   -1.254920e-01   -2.570139e-03
   -8.537444e-11   -2.483653e-03   -6.363250e-02
    1.277449e-11   -2.683115e-02    2.582374e-02
    1.650836e-10    2.845662e-02    2.664481e-02
   -6.734286e-11   -1.525313e-02   -2.231277e-02
   -1.751761e-10    1.559125e-02   -2.193352e-02
    1.350845e-10   -2.911081e-04    4.496538e-04
   -2.609761e-11    1.147818e-01    7.125315e-02
    8.377913e-12    1.149487e-02   -1.193113e-02
   -6.486130e-11    3.936928e-03    1.146739e-03
    2.252148e-10   -4.111726e-03    2.015380e-03
    7.424530e-11    1.711016e-03   -1.856364e-03
   -2.575060e-10   -1.468387e-03   -1.624284e-03
    9.619074e-11   -4.134712e-05   -1.472756e-03

energy gradient of state 2 =
   -5.102010e-11   -1.236654e-01   -8.234332e-02
   -1.248936e-10   -7.763754e-04   -7.073540e-04
    2.697589e-11    2.778856e-04    2.414350e-04
    1.032214e-10   -5.930924e-04    4.264452e-04
   -8.284845e-11    6.659375e-04   -1.848572e-03
   -3.259594e-11   -3.124356e-04   -3.932280e-04
    1.245589e-10    1.466532e-04   -8.128716e-04
    1.927551e-11    1.255490e-01    8.189266e-02
   -3.556319e-12   -2.821343e-03    2.356571e-03
   -6.411159e-11    1.433134e-03    5.412285e-04
    2.113875e-10   -1.125618e-04    5.435486e-04
    7.987125e-11    6.258409e-04   -3.907677e-04
   -2.621190e-10   -1.336813e-04    3.592851e-04
    5.585455e-11   -2.835060e-04    1.349444e-04

energy gradient of state 3 =
   -3.154333e-11   -1.260642e-01   -2.316726e-02
   -7.116973e-11   -7.080796e-04   -4.759964e-02
    1.236875e-11   -1.889449e-03    5.977264e-02
    1.296600e-10    2.753185e-03    6.043369e-02
   -7.637112e-11    1.102713e-02   -5.332593e-02
   -3.437920e-11   -1.147923e-02   -5.151380e-02
    5.412373e-11    6.457173e-04   -7.124963e-03
   -1.050839e-11    1.189216e-01    7.384232e-02
    6.766021e-12    6.586479e-03   -9.314225e-03
    1.590219e-11    2.978091e-03    8.749908e-04
    5.792197e-11   -2.349367e-03    1.584688e-03
    2.113175e-11   -1.095098e-04   -1.954652e-03
   -1.194608e-10   -1.544538e-04   -1.875357e-03
    4.555815e-11   -1.579539e-04   -6.324926e-04

energy gradient of state 4 =
   -1.858115e-11   -1.277300e-01   -5.530870e-02
    6.121330e-11   -3.046278e-04   -1.344116e-02
    9.185787e-11   -2.418591e-02    6.842224e-02
   -6.479550e-11    2.345912e-02    6.844738e-02
   -1.201834e-10   -2.589088e-02   -6.972654e-02
    1.405275e-11    2.611082e-02   -7.051936e-02
   -1.023023e-11   -2.013040e-04   -5.051996e-03
   -6.821191e-11    1.206055e-01    7.927711e-02
    3.970617e-11    7.635650e-03   -1.751219e-03
   -8.053116e-11    4.010158e-05    5.221553e-04
    1.470262e-10    4.985991e-04    2.913015e-04
    8.266377e-11    7.496219e-04   -7.918795e-04
   -1.730366e-10   -7.931804e-04   -8.615536e-04
    9.904990e-11    6.500635e-06    4.922227e-04

nonadiabatic coupling between state 1 and 2 =
   -8.857106e-02    5.096007e-10   -3.752689e-10
    7.231652e-02   -4.637281e-10    5.514285e-10
    5.073212e-02    5.297852e-10   -4.170854e-10
    7.094591e-02    8.923572e-11    1.058823e-10
    5.607772e-04    1.385180e-10    4.377106e-10
   -8.320538e-04    3.503257e-11   -4.290823e-10
   -5.964644e-02   -4.708412e-10   -4.718317e-11
    8.590684e-03    9.522374e-11    2.682202e-11
   -1.266378e-02   -3.634150e-10    1.303006e-10
   -1.352699e-02   -4.830586e-11   -4.845531e-11
   -1.628596e-02    7.039291e-12   -2.366814e-11
   -1.335835e-03   -1.025553e-10    1.221651e-10
   -1.156128e-03   -7.269856e-11   -8.097755e-11
   -9.127768e-03    1.171089e-10    4.741173e-11

nonadiabatic coupling between state 1 and 3 =
   -8.113212e-11   -1.350134e-01   -7.698475e-03
   -6.411441e-10    5.832888e-01    1.258948e-03
   -3.553123e-10   -2.109611e-01    4.570113e-01
   -4.053352e-10   -2.094053e-01   -4.505371e-01
    6.586113e-10   -2.739392e-01   -4.599715e-01
    6.583469e-10   -2.708203e-01    4.589466e-01
    8.260595e-10    5.828227e-01   -1.784691e-03
    2.855192e-10    1.622118e-02   -8.840183e-03
   -1.307704e-10    7.454154e-03    1.097937e-02
    1.827927e-10   -1.232891e-02   -4.888389e-03
    3.822539e-10   -1.140614e-02    4.892787e-03
   -3.576404e-10   -2.336173e-02   -1.861279e-02
   -3.740706e-10   -2.244956e-02    1.942106e-02
   -6.481785e-10   -2.010128e-02   -1.769526e-04

nonadiabatic coupling between state 1 and 4 =
   -3.642209e-04   -1.011799e-11    1.874811e-10
    1.054791e-04   -1.071455e-10    3.911916e-11
   -5.997398e-02   -7.236689e-11   -4.325978e-11
    6.099389e-02    3.852498e-10   -1.059242e-10
   -4.692489e-02   -5.601326e-11   -1.152329e-10
    4.570474e-02   -2.467606e-10   -1.131747e-10
   -1.597278e-03    1.369202e-10    7.697997e-11
    6.651464e-03    3.708306e-11   -1.191290e-10
   -6.178716e-03   -4.525677e-11    1.238873e-12
    3.526647e-02    3.827067e-11   -2.243365e-11
   -3.593129e-02   -1.528702e-10    7.830946e-11
    2.391038e-02    2.060000e-11    5.140389e-11
   -2.214267e-02    4.776759e-11    6.354802e-11
    4.806221e-04    2.463990e-11    2.107383e-11

nonadiabatic coupling between state 2 and 3 =
   -3.292813e-02   -6.929799e-10   -2.525300e-09
    5.162810e-02    9.824154e-10    2.821956e-09
   -1.458104e-01   -5.158170e-10   -1.535563e-09
    1.839269e-01   -6.406886e-10   -2.470661e-09
    1.087620e-01   -1.925134e-10    1.944089e-09
   -1.310540e-01   -3.333664e-11    2.549053e-09
   -2.690623e-04    8.944650e-11    3.456385e-10
   -4.316959e-02    1.953244e-09    7.821062e-11
    2.099972e-02   -1.473440e-09   -2.846218e-10
    6.853956e-02    1.485974e-12    4.348407e-11
   -5.875040e-02    4.254801e-10   -5.148135e-11
   -3.285635e-02    1.595466e-10   -3.197866e-10
    1.712251e-02    8.128889e-12   -2.163877e-10
   -6.140748e-03   -7.097187e-11   -3.786298e-10

nonadiabatic coupling between state 2 and 4 =
    3.136152e-10    6.664133e-02    2.835685e-02
   -9.554177e-10   -2.774249e-01   -3.322650e-03
   -3.552479e-10    4.305404e-02    2.275138e-01
   -1.313442e-09    5.419904e-02   -2.183659e-01
    1.110650e-09   -3.282612e-01   -6.632238e-01
    9.250111e-11   -3.218436e-01    6.474025e-01
    5.343288e-10    7.668510e-01    3.821363e-03
    1.727612e-10   -3.694775e-02   -3.305494e-03
   -1.777090e-10   -2.121184e-04   -2.514299e-02
    3.103026e-10    1.769806e-03    1.272620e-02
    1.063310e-09    8.137561e-03   -8.269230e-03
   -4.346024e-10    4.971795e-04    1.521235e-02
    7.527633e-11    3.118030e-03   -1.508787e-02
   -4.363265e-10    2.042161e-02    1.684938e-03

nonadiabatic coupling between state 3 and 4 =
   -8.119976e-02    5.232103e-10   -2.214829e-10
    2.389439e-01   -4.638118e-10   -2.182884e-10
   -6.464380e-02    1.330684e-11   -4.936111e-10
   -5.213560e-02    2.886127e-10    4.315130e-10
   -5.834569e-02    2.880790e-10    4.086089e-10
   -5.033642e-02   -1.064980e-10   -1.595587e-10
    6.962622e-02   -2.454236e-10   -6.343994e-11
    1.673405e-02    1.670614e-10    1.103731e-10
   -1.808406e-02   -5.874006e-10    1.636478e-10
   -5.253170e-04    1.034455e-10    5.769581e-11
    1.316292e-03   -8.571685e-11   -1.056560e-11
   -4.620085e-03    3.650282e-11    1.425632e-11
   -4.895797e-03    6.470843e-11   -2.314340e-11
    8.166100e-03    3.923876e-12    3.995159e-12

Tue Dec 20 12:49:22 2022
Mission success
