Evaluation for diabatz
Yifan Shen 2021

Echo of user command line input:
/home/yshen/Software/Mine/diabatz/tools/eval/v1/eval.exe -d default pretrain-IntCoordDef pretrain-SAS.in pretrain-Hd.in pretrain-Hd.net pretrain-11.in pretrain-12.in pretrain-13.in pretrain-14.in pretrain-22.in pretrain-23.in pretrain-24.in pretrain-33.in pretrain-34.in pretrain-44.in default IntCoordDef SAS.in Hd.in Hd.net 11.in 12.in 13.in 14.in 22.in 23.in 24.in 33.in 34.in 44.in -x /home/yshen/C6H7N-aniline/Columbus/min-B1/min-B1.xyz -a -g

Tue Dec 20 12:49:48 2022

energy =
    1.348862e-02    1.628656e-01    1.919012e-01    2.424362e-01

states are:
    1.000000e+00   -0.000000e+00   -0.000000e+00    0.000000e+00
    0.000000e+00    1.000000e+00   -0.000000e+00    0.000000e+00
    0.000000e+00    0.000000e+00    1.000000e+00    0.000000e+00
    0.000000e+00    0.000000e+00    0.000000e+00    1.000000e+00

energy gradient of state 1 =
    0.000000e+00    1.006917e-18    7.738900e-02
    0.000000e+00    8.340566e-19   -6.257340e-02
    0.000000e+00   -2.681081e-02    2.640761e-02
    0.000000e+00    2.681081e-02    2.640761e-02
    0.000000e+00   -1.488773e-02   -2.212422e-02
    0.000000e+00    1.488773e-02   -2.212422e-02
    0.000000e+00   -4.088231e-19    1.685490e-04
    0.000000e+00   -1.438268e-02   -1.086825e-02
    0.000000e+00    1.438268e-02   -1.086825e-02
    0.000000e+00    3.810929e-03    1.533842e-03
    0.000000e+00   -3.810929e-03    1.533842e-03
    0.000000e+00    1.723966e-03   -1.606702e-03
    0.000000e+00   -1.723966e-03   -1.606702e-03
    0.000000e+00    0.000000e+00   -1.668716e-03

energy gradient of state 2 =
    0.000000e+00    1.891613e-17    1.237607e-03
    0.000000e+00    1.681551e-18    1.439958e-03
    0.000000e+00    1.017118e-03    6.731385e-04
    0.000000e+00   -1.017118e-03    6.731385e-04
    0.000000e+00    9.901298e-04   -1.123736e-03
    0.000000e+00   -9.901298e-04   -1.123736e-03
    0.000000e+00    7.773424e-20   -1.558840e-03
    0.000000e+00    7.399971e-04   -9.511397e-05
    0.000000e+00   -7.399971e-04   -9.511397e-05
    0.000000e+00    3.215717e-04    4.884933e-04
    0.000000e+00   -3.215717e-04    4.884933e-04
    0.000000e+00    7.150989e-04   -2.249095e-04
    0.000000e+00   -7.150989e-04   -2.249095e-04
    0.000000e+00    0.000000e+00   -5.544697e-04

energy gradient of state 3 =
    0.000000e+00    2.878789e-19    6.141485e-02
    0.000000e+00    9.072246e-19   -4.784799e-02
    0.000000e+00   -2.212963e-03    6.136849e-02
    0.000000e+00    2.212963e-03    6.136849e-02
    0.000000e+00    1.148758e-02   -5.244194e-02
    0.000000e+00   -1.148758e-02   -5.244194e-02
    0.000000e+00    4.584186e-19   -7.256441e-03
    0.000000e+00   -1.186820e-02   -1.100306e-02
    0.000000e+00    1.186820e-02   -1.100306e-02
    0.000000e+00    2.491605e-03    1.143525e-03
    0.000000e+00   -2.491605e-03    1.143525e-03
    0.000000e+00    1.611900e-04   -1.801795e-03
    0.000000e+00   -1.611900e-04   -1.801795e-03
    0.000000e+00    0.000000e+00   -8.408759e-04

energy gradient of state 4 =
    0.000000e+00    1.568724e-17    2.760495e-02
    0.000000e+00    1.664435e-19   -1.013922e-02
    0.000000e+00   -2.112012e-02    6.667805e-02
    0.000000e+00    2.112012e-02    6.667805e-02
    0.000000e+00   -2.479348e-02   -6.881156e-02
    0.000000e+00    2.479348e-02   -6.881156e-02
    0.000000e+00   -6.489131e-19   -6.044564e-03
    0.000000e+00   -9.684277e-03   -3.891577e-03
    0.000000e+00    9.684277e-03   -3.891577e-03
    0.000000e+00   -2.392822e-04    8.914734e-04
    0.000000e+00    2.392822e-04    8.914734e-04
    0.000000e+00    8.509911e-04   -7.567929e-04
    0.000000e+00   -8.509911e-04   -7.567929e-04
    0.000000e+00    0.000000e+00    3.596505e-04

nonadiabatic coupling between state 1 and 2 =
   -3.650233e-02    0.000000e+00    0.000000e+00
    5.485490e-02    0.000000e+00    0.000000e+00
    5.553765e-02    0.000000e+00    0.000000e+00
    5.553765e-02    0.000000e+00    0.000000e+00
    4.073929e-03    0.000000e+00    0.000000e+00
    4.073929e-03    0.000000e+00    0.000000e+00
   -6.016062e-02    0.000000e+00    0.000000e+00
   -1.695395e-02    0.000000e+00    0.000000e+00
   -1.695395e-02    0.000000e+00    0.000000e+00
   -1.685050e-02    0.000000e+00    0.000000e+00
   -1.685050e-02    0.000000e+00    0.000000e+00
   -6.919243e-04    0.000000e+00    0.000000e+00
   -6.919243e-04    0.000000e+00    0.000000e+00
   -8.422358e-03    0.000000e+00    0.000000e+00

nonadiabatic coupling between state 1 and 3 =
    0.000000e+00   -1.272750e-01    1.600937e-18
    0.000000e+00    5.882338e-01   -1.139487e-17
    0.000000e+00   -2.098880e-01    4.516607e-01
    0.000000e+00   -2.098880e-01   -4.516607e-01
    0.000000e+00   -2.739444e-01   -4.536479e-01
    0.000000e+00   -2.739444e-01    4.536479e-01
    0.000000e+00    5.867209e-01    1.615819e-17
    0.000000e+00    8.941397e-03   -1.242711e-02
    0.000000e+00    8.941397e-03    1.242711e-02
    0.000000e+00   -1.508296e-02   -6.533005e-03
    0.000000e+00   -1.508296e-02    6.533005e-03
    0.000000e+00   -2.429692e-02   -1.813920e-02
    0.000000e+00   -2.429692e-02    1.813920e-02
    0.000000e+00   -1.913799e-02    0.000000e+00

nonadiabatic coupling between state 1 and 4 =
    0.000000e+00    0.000000e+00    0.000000e+00
    0.000000e+00    0.000000e+00    0.000000e+00
    5.713159e-02    0.000000e+00    0.000000e+00
   -5.713159e-02    0.000000e+00    0.000000e+00
    4.681928e-02    0.000000e+00    0.000000e+00
   -4.681928e-02    0.000000e+00    0.000000e+00
    0.000000e+00    0.000000e+00    0.000000e+00
   -5.355234e-03    0.000000e+00    0.000000e+00
    5.355234e-03    0.000000e+00    0.000000e+00
   -3.441066e-02    0.000000e+00    0.000000e+00
    3.441066e-02    0.000000e+00    0.000000e+00
   -2.282142e-02    0.000000e+00    0.000000e+00
    2.282142e-02    0.000000e+00    0.000000e+00
    0.000000e+00    0.000000e+00    0.000000e+00

nonadiabatic coupling between state 2 and 3 =
    0.000000e+00    0.000000e+00    0.000000e+00
    0.000000e+00    0.000000e+00    0.000000e+00
   -1.138145e-01    0.000000e+00    0.000000e+00
    1.138145e-01    0.000000e+00    0.000000e+00
    6.983660e-02    0.000000e+00    0.000000e+00
   -6.983660e-02    0.000000e+00    0.000000e+00
    0.000000e+00    0.000000e+00    0.000000e+00
   -7.339673e-03    0.000000e+00    0.000000e+00
    7.339673e-03    0.000000e+00    0.000000e+00
    4.781850e-02    0.000000e+00    0.000000e+00
   -4.781850e-02    0.000000e+00    0.000000e+00
   -1.907916e-02    0.000000e+00    0.000000e+00
    1.907916e-02    0.000000e+00    0.000000e+00
    0.000000e+00    0.000000e+00    0.000000e+00

nonadiabatic coupling between state 2 and 4 =
    0.000000e+00   -1.326761e-02    2.068852e-18
    0.000000e+00    2.538934e-01   -6.920497e-18
    0.000000e+00   -4.531241e-02   -2.364965e-01
    0.000000e+00   -4.531241e-02    2.364965e-01
    0.000000e+00    3.240214e-01    6.550346e-01
    0.000000e+00    3.240214e-01   -6.550346e-01
    0.000000e+00   -7.578121e-01   -2.468025e-17
    0.000000e+00   -3.234523e-03   -9.235329e-03
    0.000000e+00   -3.234523e-03    9.235329e-03
    0.000000e+00   -4.790077e-03   -1.383504e-02
    0.000000e+00   -4.790077e-03    1.383504e-02
    0.000000e+00   -7.784790e-04   -1.158187e-02
    0.000000e+00   -7.784790e-04    1.158187e-02
    0.000000e+00   -2.262564e-02    0.000000e+00

nonadiabatic coupling between state 3 and 4 =
    2.174171e-02    0.000000e+00    0.000000e+00
   -2.028691e-01    0.000000e+00    0.000000e+00
    6.717037e-02    0.000000e+00    0.000000e+00
    6.717037e-02    0.000000e+00    0.000000e+00
    4.682152e-02    0.000000e+00    0.000000e+00
    4.682152e-02    0.000000e+00    0.000000e+00
   -6.831619e-02    0.000000e+00    0.000000e+00
    1.029377e-02    0.000000e+00    0.000000e+00
    1.029377e-02    0.000000e+00    0.000000e+00
    4.327979e-03    0.000000e+00    0.000000e+00
    4.327979e-03    0.000000e+00    0.000000e+00
    2.725995e-03    0.000000e+00    0.000000e+00
    2.725995e-03    0.000000e+00    0.000000e+00
   -1.323571e-02    0.000000e+00    0.000000e+00

Tue Dec 20 12:49:49 2022
Mission success
