Evaluation for diabatz
Yifan Shen 2021

Echo of user command line input:
/home/yshen/Software/Mine/diabatz/tools/eval/v1/eval.exe -d default pretrain-IntCoordDef pretrain-SAS.in pretrain-Hd.in pretrain-Hd.net pretrain-11.in pretrain-12.in pretrain-13.in pretrain-14.in pretrain-22.in pretrain-23.in pretrain-24.in pretrain-33.in pretrain-34.in pretrain-44.in default IntCoordDef SAS.in Hd.in Hd.net 11.in 12.in 13.in 14.in 22.in 23.in 24.in 33.in 34.in 44.in -x /home/yshen/C6H7N-aniline/Columbus/fast/1.1/fast-1.1.xyz -a -g

Tue Dec 20 12:49:22 2022

energy =
    1.897890e-02    1.656012e-01    1.973707e-01    2.467623e-01

states are:
   -1.000000e+00    9.649829e-10    2.324107e-04    8.157820e-11
   -9.648338e-10   -9.999983e-01   -1.455206e-11    1.849228e-03
   -2.324107e-04    1.283611e-11   -1.000000e+00   -1.049261e-09
    8.311868e-11    1.849228e-03   -1.049254e-09    9.999983e-01

energy gradient of state 1 =
    3.678467e-02    9.801965e-02    1.492238e-10
    2.257647e-03   -6.257990e-02    8.918892e-11
   -2.734535e-02    2.641192e-02   -1.119947e-10
    2.618451e-02    2.711619e-02   -4.931587e-11
   -1.448640e-02   -2.186081e-02    1.167086e-10
    1.507318e-02   -2.252283e-02    6.203682e-11
   -3.965718e-04    4.324571e-04   -1.155548e-10
   -5.332726e-02   -3.340106e-02    5.688417e-13
    1.543084e-02   -9.886604e-03    3.230820e-11
    3.638645e-03    1.580423e-03   -2.260519e-10
   -3.746230e-03    1.404239e-03   -7.949345e-11
    1.675491e-03   -1.471043e-03    1.358504e-10
   -1.786698e-03   -1.547511e-03   -2.954883e-11
    4.352367e-05   -1.695116e-03    2.607394e-11

energy gradient of state 2 =
    3.261285e-02    2.032798e-02    1.395102e-10
   -1.652833e-03    3.674115e-03    1.579358e-10
    1.274640e-03    1.345063e-03   -8.558334e-11
   -7.638270e-04    4.698784e-04   -3.965370e-11
    8.726986e-04   -9.801128e-04    5.002097e-11
   -1.435235e-03   -1.096376e-03    7.150068e-11
    2.129797e-04   -1.628093e-03   -1.470459e-10
   -3.025960e-02   -1.897332e-02   -4.606020e-12
   -2.099828e-04   -2.147509e-03   -1.424883e-11
   -1.294054e-04    3.465244e-04   -2.065176e-10
   -4.494028e-04    3.552647e-04   -7.147175e-11
    7.657071e-04   -1.967447e-04    1.398655e-10
   -9.937529e-04   -5.447975e-04   -3.107461e-11
    1.551681e-04   -9.518689e-04    4.136856e-11

energy gradient of state 3 =
    3.860454e-02    8.388983e-02    9.632448e-11
    5.111788e-04   -4.784291e-02    9.939392e-11
   -2.434998e-03    6.199805e-02   -1.092057e-10
    1.870249e-03    6.163858e-02   -6.657035e-11
    1.164248e-02   -5.188209e-02    8.067466e-11
   -1.153277e-02   -5.242014e-02    1.034431e-10
   -3.325230e-05   -7.168455e-03   -6.435617e-11
   -5.243283e-02   -3.528550e-02   -3.050962e-13
    1.361010e-02   -1.082795e-02    2.818027e-11
    2.377951e-03    1.184659e-03   -1.129590e-10
   -2.369918e-03    1.023413e-03   -9.119433e-11
    2.960205e-04   -1.818971e-03    3.611251e-11
   -1.664018e-04   -1.702397e-03   -3.475429e-11
    5.766974e-05   -7.861117e-04    3.521598e-11

energy gradient of state 4 =
    3.599086e-02    4.846837e-02    6.480385e-11
    1.631353e-04   -7.267823e-03   -2.542199e-10
   -1.888934e-02    6.501881e-02    1.428307e-10
    1.935536e-02    6.505798e-02    6.712381e-11
   -2.404100e-02   -6.761125e-02    1.459640e-11
    2.453477e-02   -6.844952e-02    8.208129e-11
   -7.736017e-04   -6.248072e-03   -6.925987e-11
   -4.502683e-02   -2.582754e-02    1.310137e-11
    9.100498e-03   -4.745500e-03    6.063260e-11
   -8.131891e-04    1.240110e-03   -1.267574e-10
    4.115458e-04    1.323075e-03   -1.264063e-11
    6.053044e-04   -5.958320e-04    5.557839e-11
   -6.274001e-04   -5.842779e-04   -7.263030e-11
    9.883813e-06    2.214774e-04    3.475975e-11

nonadiabatic coupling between state 1 and 2 =
    7.850424e-10    1.358446e-09    3.730577e-03
   -2.658498e-10   -1.824974e-09    3.601981e-02
   -3.958977e-10    3.987115e-10    5.567747e-02
    6.468462e-10    4.944476e-10    4.379280e-02
   -2.227601e-10    2.158337e-10    6.935385e-03
    2.100148e-10   -6.646192e-11    8.519157e-03
   -1.380312e-10   -1.497503e-10   -5.769225e-02
   -2.002967e-09   -3.830441e-10   -2.662642e-02
    1.454056e-09   -2.395605e-10   -2.566848e-02
   -6.102556e-12    1.807344e-10   -2.014850e-02
   -2.147330e-11    1.946938e-10   -1.632385e-02
    2.492309e-11    6.774296e-12   -5.073749e-04
   -1.257126e-10   -9.313332e-11    1.930802e-04
    5.791224e-11   -9.271700e-11   -7.901401e-03

nonadiabatic coupling between state 1 and 3 =
   -1.192430e-01    7.534019e-03   -6.580175e-11
    5.909025e-01   -6.890074e-04   -3.238301e-10
   -2.097429e-01    4.488656e-01    3.872033e-10
   -2.120799e-01   -4.553412e-01   -7.880467e-10
   -2.743690e-01   -4.510106e-01    7.374602e-10
   -2.764141e-01    4.510505e-01   -7.192180e-11
    5.899639e-01    1.385876e-03    4.184490e-10
    3.652720e-03   -1.350306e-02   -4.179469e-10
    9.152570e-03    1.206700e-02    5.244905e-10
   -1.641608e-02   -7.548573e-03    1.242395e-10
   -1.664558e-02    7.087589e-03    1.631913e-10
   -2.508635e-02   -1.842972e-02   -5.335858e-10
   -2.501903e-02    1.787976e-02    1.707727e-10
   -1.865577e-02    6.517223e-04   -3.246733e-10

nonadiabatic coupling between state 1 and 4 =
   -1.064814e-10    1.429282e-10    4.826515e-05
    7.243519e-10    2.588243e-11    1.486165e-04
   -4.929612e-10    2.305661e-10   -5.430981e-02
   -2.708950e-10   -3.186084e-10    5.274601e-02
    5.477985e-11   -3.169623e-10   -4.535095e-02
   -4.550124e-11    2.066617e-10    4.687614e-02
    1.194371e-10    3.811780e-11    9.960327e-04
    1.313173e-11   -9.665347e-11    4.608846e-03
   -4.053633e-11   -9.061565e-12   -4.516618e-03
    1.123945e-10    1.019538e-10    3.318370e-02
    1.429614e-11   -7.375404e-11   -3.277125e-02
   -3.645365e-11    3.538059e-12    2.127335e-02
   -2.294519e-11    5.436246e-11   -2.277358e-02
   -2.261715e-11    1.102920e-11   -1.587479e-04

nonadiabatic coupling between state 2 and 3 =
    1.698641e-09   -1.832559e-09    8.168563e-03
    1.552383e-09    9.242344e-10   -3.064423e-02
   -2.749133e-10   -4.104364e-10   -9.539417e-02
   -2.554037e-10   -6.502405e-10    7.691066e-02
    5.110996e-10    1.122590e-09    4.768742e-02
    4.804824e-10    2.342600e-10   -2.936038e-02
   -5.334236e-10    1.240001e-10   -5.609649e-03
    1.680216e-10   -1.051057e-09    6.319158e-03
   -2.571224e-09    1.930754e-09    6.228244e-03
   -2.309598e-10   -2.805542e-11    4.697664e-02
   -6.151778e-11    3.552991e-11   -4.075459e-02
   -1.834860e-10   -3.484623e-11   -1.142190e-02
   -2.383010e-10   -2.033840e-10    2.145127e-02
   -6.139877e-11   -1.607905e-10   -5.570297e-04

nonadiabatic coupling between state 2 and 4 =
   -4.107350e-03   -1.913282e-02    1.376801e-10
   -2.391874e-01    8.757223e-03   -4.560289e-10
    4.945662e-02    2.431440e-01   -9.315078e-10
    3.974050e-02   -2.419541e-01    1.252982e-10
   -3.226911e-01   -6.489798e-01    9.494611e-12
   -3.229622e-01    6.513169e-01    5.600082e-10
    7.480549e-01   -4.681565e-03    2.630521e-10
    1.215883e-02    1.380766e-02   -2.124971e-11
    7.194248e-03   -6.558811e-04    2.662059e-11
    5.729388e-03    1.500570e-02    8.331196e-10
    2.425229e-03   -1.540223e-02   -1.648538e-10
    1.770110e-03    9.889092e-03   -1.163129e-10
   -4.454155e-04   -1.003087e-02   -5.482013e-11
    2.286362e-02   -1.083267e-03   -2.105002e-10

nonadiabatic coupling between state 3 and 4 =
    3.637879e-10    2.085904e-09    2.155392e-02
   -3.033535e-10   -5.847887e-10    1.727444e-01
    8.047894e-10   -3.913320e-10   -7.027398e-02
   -7.045857e-10    1.711328e-10   -7.191177e-02
    6.605499e-10    5.301594e-10   -4.164270e-02
   -4.243786e-10   -5.604530e-11   -4.135146e-02
   -2.896583e-10   -6.635789e-11    6.613305e-02
   -2.739378e-09   -7.576820e-10   -1.223796e-02
    2.559179e-09   -9.188536e-10   -2.197561e-02
   -7.617227e-11    2.298094e-11   -8.963823e-03
    9.535641e-11   -1.632344e-11   -6.575282e-03
    1.350916e-10   -4.664306e-11   -2.260868e-03
   -7.864360e-11   -5.564572e-11   -3.781195e-04
   -2.584465e-12    8.349443e-11    1.714019e-02

Tue Dec 20 12:49:23 2022
Mission success
