Evaluation for diabatz
Yifan Shen 2021

Echo of user command line input:
/home/yshen/Software/Mine/diabatz/tools/eval/v1/eval.exe -d default pretrain-IntCoordDef pretrain-SAS.in pretrain-Hd.in pretrain-Hd.net pretrain-11.in pretrain-12.in pretrain-13.in pretrain-14.in pretrain-22.in pretrain-23.in pretrain-24.in pretrain-33.in pretrain-34.in pretrain-44.in default IntCoordDef SAS.in Hd.in Hd.net 11.in 12.in 13.in 14.in 22.in 23.in 24.in 33.in 34.in 44.in -x /home/yshen/C6H7N-aniline/Columbus/fast/1.2/fast-1.2.xyz -a -g

Tue Dec 20 12:49:24 2022

energy =
    3.451438e-02    1.735902e-01    2.130699e-01    2.582383e-01

states are:
   -9.999963e-01    1.832058e-10   -2.733154e-03    1.398010e-10
   -1.839639e-10   -9.999867e-01    5.415191e-10    5.151704e-03
    2.733154e-03   -5.440841e-10   -9.999963e-01   -3.993075e-10
    1.418415e-10    5.151704e-03   -4.017190e-10    9.999867e-01

energy gradient of state 1 =
    5.889725e-02    1.120480e-01    3.184965e-11
    7.678068e-03   -6.655832e-02    1.951615e-12
   -2.896375e-02    2.561190e-02   -5.670541e-11
    2.573026e-02    3.008532e-02    5.673174e-11
   -1.341133e-02   -2.076758e-02    3.851071e-11
    1.635984e-02   -2.331855e-02   -5.553546e-11
   -1.959947e-03    1.282519e-03    5.414404e-12
   -8.295654e-02   -4.907416e-02   -1.712024e-11
    1.872895e-02   -7.982516e-03    2.688652e-11
    3.638746e-03    1.409961e-03   -1.468743e-10
   -3.644833e-03    1.303431e-03    9.855699e-11
    1.518802e-03   -1.208432e-03    1.284594e-10
   -1.736100e-03   -1.210138e-03   -1.499984e-10
    1.205978e-04   -1.621437e-03    3.787280e-11

energy gradient of state 2 =
    3.848498e-02    2.402613e-02    2.438251e-11
   -3.235269e-03    4.336533e-03    1.316881e-11
    9.842399e-04    2.352420e-03   -3.884928e-11
   -1.542847e-04    5.915784e-04    3.825920e-11
    8.123460e-04   -8.520439e-04   -1.469772e-11
   -1.700010e-03   -6.883307e-04    2.008363e-11
    2.583159e-04   -1.523246e-03   -1.054041e-11
   -3.634128e-02   -2.151660e-02    6.558760e-12
    1.885028e-03   -4.674987e-03   -5.184528e-12
   -3.719377e-04    6.746261e-05   -1.340440e-10
   -5.244547e-04    1.190501e-04    9.114656e-11
    7.115013e-04   -1.542053e-04    1.330806e-10
   -1.161001e-03   -7.585734e-04   -1.528760e-10
    3.518289e-04   -1.325197e-03    2.951186e-11

energy gradient of state 3 =
    6.217614e-02    9.768670e-02    9.973077e-12
    5.054989e-03   -5.137272e-02    1.641116e-11
   -3.768038e-03    6.256812e-02   -4.266944e-11
    9.925270e-04    6.293096e-02    3.122025e-11
    1.168611e-02   -5.124266e-02   -7.305590e-12
   -1.138433e-02   -5.156426e-02    3.086087e-11
    3.172462e-04   -6.447887e-03   -2.929429e-12
   -8.255381e-02   -5.173257e-02   -1.120732e-11
    1.679021e-02   -9.056788e-03    2.457150e-11
    2.489333e-03    1.130608e-03   -4.139244e-11
   -2.204792e-03    9.322564e-04   -1.189352e-12
    4.565049e-04   -1.885499e-03    4.466657e-11
   -1.743809e-04   -1.441161e-03   -7.547292e-11
    1.222799e-04   -5.050970e-04    2.446307e-11

energy gradient of state 4 =
    4.645136e-02    5.419045e-02    1.526681e-11
    2.115133e-03   -3.485697e-03   -6.366576e-11
   -1.550257e-02    6.107731e-02    9.675891e-11
    1.678105e-02    6.223128e-02   -2.217503e-11
   -2.250340e-02   -6.474229e-02   -5.914363e-11
    2.429444e-02   -6.722705e-02    5.848722e-11
   -2.411634e-03   -6.226668e-03   -2.615097e-11
   -5.596441e-02   -3.372065e-02   -2.309959e-11
    7.884205e-03   -4.926850e-03    3.989270e-11
   -1.755780e-03    1.512929e-03   -1.082250e-10
    6.763503e-04    1.745055e-03    8.264979e-11
   -7.052863e-05   -2.666352e-04    9.277068e-11
   -9.865480e-05   -3.331289e-04   -1.248484e-10
    1.044354e-04    1.719459e-04    4.148234e-11

nonadiabatic coupling between state 1 and 2 =
   -1.109699e-10    4.031981e-10    8.018018e-02
    4.487294e-10   -4.561049e-10   -1.886201e-03
   -4.779921e-11    3.470377e-10    5.598158e-02
    1.741318e-10   -1.363093e-10    2.208929e-02
   -2.710368e-10   -5.986396e-11    1.211905e-02
   -1.498422e-10    9.318926e-11    1.693394e-02
    1.858748e-10   -6.543555e-11   -5.181085e-02
   -4.584313e-10   -2.870600e-10   -4.365962e-02
    4.264770e-10    9.185510e-11   -4.250633e-02
   -3.946270e-11    3.324285e-11   -2.612738e-02
   -3.101765e-11    6.812063e-11   -1.564324e-02
   -8.730028e-11    6.488912e-11   -3.790604e-04
   -1.279234e-10   -8.215889e-11    1.906399e-03
    8.857040e-11   -1.460014e-11   -7.197767e-03

nonadiabatic coupling between state 1 and 3 =
   -1.108752e-01    1.561673e-02   -9.905863e-11
    5.929286e-01   -2.426236e-03   -5.431256e-10
   -2.100269e-01    4.475389e-01   -1.408860e-10
   -2.152007e-01   -4.627361e-01   -5.713714e-10
   -2.746810e-01   -4.495022e-01    6.811719e-10
   -2.804997e-01    4.496352e-01    4.243015e-10
    5.951382e-01    2.573249e-03    7.262346e-10
    1.086376e-04   -1.115194e-02   -4.404203e-11
    8.770764e-03    1.184468e-02    2.214944e-10
   -1.790469e-02   -9.006051e-03    2.154529e-10
   -1.742934e-02    7.086424e-03    2.846961e-10
   -2.627176e-02   -1.939667e-02   -4.136732e-10
   -2.587000e-02    1.833616e-02   -1.990454e-10
   -1.818688e-02    1.587893e-03   -5.421491e-10

nonadiabatic coupling between state 1 and 4 =
   -5.696390e-11    1.796065e-10    3.974534e-04
    2.446960e-10    4.254982e-11   -1.519309e-03
   -2.695346e-10    2.717334e-11   -4.916301e-02
    1.143940e-10   -1.749725e-10    4.556158e-02
    4.194284e-11   -1.719299e-10   -4.163281e-02
   -1.291417e-10   -1.844748e-11    4.685211e-02
    7.502975e-11    6.600710e-11    2.535627e-03
    1.949245e-11   -1.074259e-10    3.902192e-03
   -4.272217e-11   -1.021339e-11   -2.993081e-03
    8.411458e-11    3.673481e-11    3.088699e-02
   -8.163257e-11    1.247999e-11   -3.000274e-02
   -1.197809e-11    3.886596e-11    1.798498e-02
    1.278770e-11    6.087272e-11   -2.260068e-02
   -4.843202e-13    1.869896e-11   -2.093099e-04

nonadiabatic coupling between state 2 and 3 =
    1.507459e-10   -1.236521e-09    1.813746e-02
    7.213173e-10    4.583706e-10   -6.314751e-02
   -3.028285e-10    3.464718e-10   -7.210987e-02
   -2.183104e-10   -6.213386e-11    2.989969e-02
    2.251545e-10    1.707332e-10    2.073390e-02
   -1.171746e-10    2.271660e-10    1.986745e-02
    5.824186e-12    9.250581e-11   -1.421914e-02
    9.074881e-10    4.609312e-11    1.375343e-02
   -1.271230e-09    4.880342e-10    9.195520e-03
   -6.969260e-11    1.486852e-11    4.922953e-02
    8.608526e-11    2.021458e-11   -3.133366e-02
   -9.123121e-12   -1.780176e-10   -2.063914e-03
   -6.997812e-11   -1.833605e-10    2.392114e-02
   -3.827744e-11   -2.044251e-10   -1.864019e-03

nonadiabatic coupling between state 2 and 4 =
   -5.083875e-03   -3.537657e-02    1.926844e-10
   -2.140647e-01    2.015144e-02   -6.453055e-10
    5.128528e-02    2.563661e-01   -5.981794e-10
    3.106250e-02   -2.479253e-01   -7.645536e-10
   -3.202732e-01   -6.401164e-01    4.834909e-10
   -3.194691e-01    6.401149e-01    4.034535e-10
    7.284498e-01   -8.796274e-03    4.531711e-10
    3.647180e-03    1.305331e-02   -1.011214e-10
    1.362322e-02    3.487460e-03    1.227651e-10
    7.023867e-03    1.676107e-02    5.890957e-10
   -2.573347e-04   -1.553549e-02    4.789985e-10
    3.105965e-03    8.534358e-03   -2.178841e-10
   -1.327646e-03   -7.475092e-03   -6.268510e-11
    2.227794e-02   -3.243569e-03   -3.339299e-10

nonadiabatic coupling between state 3 and 4 =
   -5.109490e-11    3.959039e-10    1.071021e-01
   -1.706606e-10   -3.853063e-10    1.217208e-01
    2.287424e-10   -8.009503e-10   -7.566165e-02
   -1.220143e-10    7.891466e-10   -8.107255e-02
    8.201904e-10    1.333630e-09   -3.784444e-02
    3.028630e-10   -1.101727e-09   -3.170044e-02
   -1.319034e-09   -3.199529e-11    6.479548e-02
   -5.290360e-10    8.461446e-11   -7.761348e-03
    7.432482e-10   -2.863412e-10   -5.832847e-02
    1.984283e-11    2.146810e-11   -1.969604e-02
    5.696495e-12   -1.312292e-11   -8.501557e-03
    8.694198e-11   -2.059984e-11   -3.311053e-03
    1.428613e-11   -2.073514e-11    5.212594e-03
   -2.997163e-11    3.601495e-11    2.504663e-02

Tue Dec 20 12:49:25 2022
Mission success
