Evaluation for diabatz
Yifan Shen 2021

Echo of user command line input:
/home/yshen/Software/Mine/diabatz/tools/eval/v1/eval.exe -d default pretrain-IntCoordDef pretrain-SAS.in pretrain-Hd.in pretrain-Hd.net pretrain-11.in pretrain-12.in pretrain-13.in pretrain-14.in pretrain-22.in pretrain-23.in pretrain-24.in pretrain-33.in pretrain-34.in pretrain-44.in default IntCoordDef SAS.in Hd.in Hd.net 11.in 12.in 13.in 14.in 22.in 23.in 24.in 33.in 34.in 44.in -x /home/yshen/C6H7N-aniline/Columbus/sad-B1/sad-B1.xyz -a -g

Tue Dec 20 12:49:49 2022

energy =
    5.798653e-02    1.790837e-01    2.362457e-01    2.690678e-01

states are:
    9.999290e-01    3.245482e-10   -1.191336e-02   -1.413146e-10
    3.261216e-10   -9.999728e-01    4.331130e-11    7.381557e-03
   -1.191336e-02   -7.106997e-11   -9.999290e-01   -3.234329e-09
    1.003683e-10    7.381557e-03   -3.236191e-09    9.999728e-01

energy gradient of state 1 =
    5.469983e-02    1.118638e-01    7.559606e-11
    1.972480e-02   -8.163611e-02   -9.035472e-11
   -3.347149e-02    2.375096e-02    1.119772e-10
    2.532231e-02    3.905371e-02    8.855443e-11
   -1.106920e-02   -1.852559e-02   -1.608179e-10
    1.961320e-02   -2.533982e-02   -1.955812e-10
   -5.191202e-03    2.972346e-03    1.851928e-10
   -9.565944e-02   -5.278458e-02   -2.973900e-11
    2.432901e-02    8.585976e-04    7.044371e-11
    4.389347e-03    8.259718e-04   -5.667822e-11
   -2.726641e-03    9.491792e-04    3.171746e-11
    1.160021e-03   -6.077796e-04   -1.048388e-10
   -1.360712e-03   -1.890370e-04   -2.028483e-10
    2.401630e-04   -1.191684e-03    2.773765e-10

energy gradient of state 2 =
    3.499653e-03    7.580381e-03    5.442095e-11
    2.114972e-03   -3.618819e-03   -7.302188e-11
   -2.023395e-03    3.377916e-03    7.065457e-11
    4.564368e-05    3.661208e-03    9.789832e-11
    1.536551e-03   -1.251924e-03   -6.404567e-11
   -9.684718e-04   -5.132329e-04   -5.397987e-11
   -3.892332e-04   -8.769082e-04    9.155523e-11
   -9.391811e-03   -3.785009e-03    5.655870e-12
    5.580023e-03   -2.133981e-03    5.946973e-12
    2.283879e-05   -5.445325e-04   -5.515600e-11
   -1.328172e-04   -2.768351e-04    2.336506e-11
    3.421224e-04    1.027609e-04   -1.008233e-10
   -7.832060e-04   -3.855398e-04   -1.992690e-10
    5.471297e-04   -1.335485e-03    1.967987e-10

energy gradient of state 3 =
    5.875636e-02    9.685557e-02   -5.236338e-11
    2.069662e-02   -6.589979e-02   -4.298214e-12
   -9.161365e-03    6.378271e-02    8.177334e-11
   -9.449052e-04    6.860766e-02    4.456756e-11
    1.165432e-02   -5.166877e-02   -1.069793e-11
   -1.070771e-02   -5.070541e-02   -7.316282e-12
    1.143099e-03   -4.235931e-03    3.726898e-11
   -9.499384e-02   -5.536452e-02   -1.994108e-11
    2.135850e-02   -6.740367e-04    1.144345e-10
    2.845534e-03    7.957914e-04   -5.142682e-11
   -1.640606e-03    7.354331e-04   -4.472396e-11
    3.966121e-04   -1.758366e-03   -1.005663e-10
    3.881796e-04   -5.240592e-04   -1.447120e-10
    2.092009e-04    5.372960e-05    1.580017e-10

energy gradient of state 4 =
    1.715830e-02    3.535961e-02    1.739411e-10
    8.441915e-03   -1.452758e-03   -2.468255e-10
   -1.324224e-02    5.638475e-02    1.474708e-10
    1.392148e-02    6.239953e-02    1.823368e-10
   -2.001691e-02   -6.180058e-02   -8.606100e-11
    2.439884e-02   -6.587800e-02   -3.069936e-11
   -4.141300e-03   -5.542156e-03   -1.219719e-10
   -3.072841e-02   -2.065060e-02    3.208434e-11
    5.594557e-03   -1.461533e-03   -6.832086e-11
   -2.198303e-03    8.153873e-04   -5.396205e-11
    8.796945e-04    1.514336e-03    1.680743e-11
   -7.961702e-04    1.236448e-05   -8.688057e-11
    4.588233e-04   -1.890304e-04   -1.608499e-10
    2.697147e-04    4.886766e-04    3.029307e-10

nonadiabatic coupling between state 1 and 2 =
   -2.274862e-09   -8.962848e-10   -2.184993e-01
    1.232316e-09    1.632981e-09    6.521051e-02
    2.367402e-10   -3.767877e-10   -6.250153e-02
   -3.849214e-10   -4.072856e-10    1.264559e-02
    2.793421e-10   -1.827598e-10   -2.281784e-02
   -2.803271e-10    8.065464e-11   -2.940490e-02
    1.229769e-10    4.031232e-10    4.583191e-02
    2.822109e-09   -2.745417e-10    9.589743e-02
   -1.822645e-09    4.018930e-10    5.868952e-02
    7.627404e-11   -2.035159e-10    3.312637e-02
   -4.218674e-11   -2.197727e-10    1.895179e-02
   -4.719806e-11   -1.776578e-11   -1.623109e-03
    1.206333e-10    4.838840e-11   -2.063329e-03
   -3.825143e-11    1.167344e-11    6.556921e-03

nonadiabatic coupling between state 1 and 3 =
    1.165467e-01   -2.024969e-02    1.434586e-10
   -6.004018e-01    5.822005e-03    1.391046e-10
    2.125209e-01   -4.567293e-01   -8.849414e-10
    2.198929e-01    4.782742e-01    1.099520e-09
    2.747156e-01    4.563533e-01   -7.776350e-10
    2.884010e-01   -4.587573e-01    4.506489e-10
   -6.038729e-01   -4.376350e-04   -2.305901e-10
   -5.145500e-03    4.753861e-03    2.079104e-10
   -7.030026e-03   -1.412861e-02   -3.362762e-10
    1.848687e-02    1.062173e-02    2.148819e-10
    1.333011e-02   -4.408791e-03   -3.896875e-10
    2.744511e-02    2.170052e-02    5.816687e-10
    2.629627e-02   -2.105378e-02   -4.025526e-10
    1.881482e-02   -1.760557e-03    1.844894e-10

nonadiabatic coupling between state 1 and 4 =
    7.346414e-10   -8.596767e-10   -4.247318e-03
   -2.047986e-09    6.909148e-11    1.114462e-02
    4.845801e-10   -9.253425e-10    4.377355e-02
    3.505192e-10    1.075156e-09   -3.743426e-02
    6.160628e-10    7.935045e-10    3.588462e-02
    7.221493e-10   -7.909430e-10   -4.836753e-02
   -1.110120e-09   -2.939401e-11   -5.461832e-03
    2.378339e-10    8.520788e-10   -4.472734e-03
   -1.124749e-10   -1.399404e-10    1.087428e-03
    5.113971e-11    1.819321e-11   -2.829222e-02
    1.077403e-10   -1.668509e-11    2.704672e-02
   -8.485008e-12    6.748712e-11   -1.318457e-02
   -1.862561e-11   -1.039261e-10    2.278057e-02
   -6.975805e-12   -9.603521e-12   -2.570496e-04

nonadiabatic coupling between state 2 and 3 =
   -9.739403e-10    1.614201e-10    3.644891e-02
    4.006324e-09    1.017827e-10   -7.279896e-02
   -1.324033e-09    5.477443e-10   -5.251371e-02
   -1.189770e-09   -8.187095e-10   -1.646101e-02
    5.941182e-10    9.126734e-10   -5.120646e-04
    5.032061e-10   -5.625427e-10    4.790221e-02
   -9.430039e-10    5.183235e-11   -1.710453e-02
   -5.857210e-11   -9.281421e-10    3.493370e-03
   -3.200312e-10    6.603736e-10    1.787822e-02
    1.167516e-11   -3.331390e-11    4.674713e-02
    1.301555e-10    3.688527e-11   -2.402135e-02
   -1.123227e-10   -7.372663e-11    5.451984e-03
   -1.140635e-10   -2.802333e-11    2.434472e-02
   -2.097418e-10   -2.825370e-11    1.145078e-03

nonadiabatic coupling between state 2 and 4 =
    3.799041e-04   -2.886686e-02    2.246884e-10
   -1.924388e-01    1.136838e-02   -3.821715e-10
    3.989692e-02    2.729401e-01    2.811626e-10
    2.524522e-02   -2.533738e-01   -8.433925e-10
   -3.231770e-01   -6.385562e-01    7.832062e-10
   -3.132599e-01    6.275266e-01   -4.014725e-10
    7.126862e-01   -1.901686e-03    9.436415e-11
    3.280145e-04    1.753807e-02   -6.574949e-11
    1.667042e-02   -9.646365e-03    4.958730e-11
    1.340547e-02    1.791484e-02    1.026833e-10
   -1.221212e-03   -1.375722e-02    2.853652e-10
    2.101271e-03    8.870956e-03   -5.554694e-10
   -2.537060e-03   -5.338847e-03    5.324031e-10
    2.192050e-02   -4.717981e-03   -1.052048e-10

nonadiabatic coupling between state 3 and 4 =
    4.399262e-09    5.627852e-09    3.028835e-01
    6.360097e-10   -6.149033e-09    4.940129e-02
    3.497613e-10    6.262621e-10   -7.690563e-02
   -1.610934e-09    4.676556e-10   -1.306522e-01
    2.942913e-09    1.179340e-09   -4.938855e-02
   -3.341693e-09    1.490287e-09   -2.059990e-02
    5.116928e-10   -2.079239e-10    8.016570e-02
   -9.071405e-09   -2.687678e-09   -1.390746e-02
    4.858402e-09   -3.197626e-10   -1.403776e-01
    5.002306e-10    9.381689e-11   -4.805611e-02
   -2.814030e-10    7.350154e-12   -7.893536e-03
    3.281212e-10   -2.514961e-10   -9.384161e-03
   -1.964159e-10   -8.208665e-11    1.952953e-02
   -2.454004e-11    2.054159e-10    4.518514e-02

Tue Dec 20 12:49:50 2022
Mission success
