Evaluation for diabatz
Yifan Shen 2021

Echo of user command line input:
/home/yshen/Software/Mine/diabatz/tools/eval/v1/eval.exe -d default pretrain-IntCoordDef pretrain-SAS.in pretrain-Hd.in pretrain-Hd.net pretrain-11.in pretrain-12.in pretrain-13.in pretrain-14.in pretrain-22.in pretrain-23.in pretrain-24.in pretrain-33.in pretrain-34.in pretrain-44.in default IntCoordDef SAS.in Hd.in Hd.net 11.in 12.in 13.in 14.in 22.in 23.in 24.in 33.in 34.in 44.in -x /home/yshen/C6H7N-aniline/Columbus/fast/1.4/fast-1.4.xyz -a -g

Tue Dec 20 12:49:25 2022

energy =
    8.045789e-02    1.780679e-01    2.584686e-01    2.725053e-01

states are:
    9.999041e-01   -6.970085e-10   -1.385168e-02   -1.175925e-10
   -7.017276e-10   -9.999280e-01   -4.413487e-10    1.200311e-02
   -1.385168e-02    3.946499e-10   -9.999041e-01   -4.699220e-09
    6.091642e-11    1.200311e-02   -4.695439e-09    9.999280e-01

energy gradient of state 1 =
    4.928794e-02    1.052931e-01    3.561412e-12
    2.681651e-02   -9.095301e-02    1.240636e-10
   -3.336662e-02    2.183183e-02   -1.094535e-10
    2.382112e-02    4.184593e-02   -1.177040e-10
   -1.065744e-02   -1.729171e-02    1.417832e-10
    2.078727e-02   -2.451075e-02    1.138783e-10
   -5.816844e-03    3.183782e-03   -1.429480e-10
   -9.853590e-02   -5.085396e-02    1.203819e-11
    2.503169e-02    1.057669e-02    8.674801e-11
    4.376559e-03    2.196536e-04   -1.509872e-10
   -2.179312e-03    8.509947e-04   -8.983053e-11
    1.119584e-03   -1.005430e-04    1.295748e-10
   -9.903488e-04    7.092934e-04    6.186699e-11
    3.058009e-04   -8.012980e-04   -6.259134e-11

energy gradient of state 2 =
   -2.469819e-02   -9.372554e-03    1.358049e-10
    1.688935e-03   -8.038077e-03    1.550805e-10
   -1.420997e-03    3.448912e-03   -5.800142e-11
    8.094197e-05    3.495188e-03   -7.515765e-11
    7.874304e-04   -1.558999e-03    7.311160e-11
   -6.818759e-04   -9.859801e-05    8.291310e-11
   -2.474863e-04   -1.584926e-03   -1.734768e-10
    2.011724e-02    1.415156e-02   -4.138368e-11
    4.044259e-03    1.921446e-03   -1.044302e-11
   -1.317422e-04   -8.457887e-04   -1.540643e-10
    6.822381e-05   -5.398677e-04   -9.354701e-11
    2.462327e-04    3.326187e-04    1.311287e-10
   -3.610085e-04   -2.395478e-04    5.796271e-11
    5.080461e-04   -1.071368e-03   -2.992751e-11

energy gradient of state 3 =
    5.597402e-02    9.102516e-02   -1.164863e-10
    2.854935e-02   -7.582287e-02    1.198450e-10
   -9.946898e-03    6.315796e-02   -6.566555e-11
   -2.801173e-03    7.269268e-02   -6.880132e-11
    1.198950e-02   -5.127062e-02    9.454745e-11
   -9.659919e-03   -5.047398e-02    9.054805e-11
    5.984912e-04   -3.180092e-03   -8.984399e-11
   -9.878400e-02   -5.351377e-02   -1.105392e-11
    2.170912e-02    7.287219e-03    1.309478e-10
    2.529953e-03    7.596815e-04   -5.191447e-11
   -1.185469e-03    3.578625e-04   -6.785492e-11
    1.067653e-04   -1.280650e-03    5.829421e-11
    6.270354e-04   -1.325424e-04    1.648657e-11
    2.932244e-04    3.939611e-04   -3.904862e-11

energy gradient of state 4 =
   -5.649180e-03    1.355415e-02    2.323946e-10
    6.292653e-03    6.483794e-03   -1.857803e-10
   -8.431997e-03    5.394229e-02    2.063351e-11
    9.971558e-03    6.031948e-02   -6.794567e-12
   -1.700708e-02   -5.892210e-02    3.143350e-11
    2.262982e-02   -6.493647e-02    7.687352e-11
   -5.770919e-03   -7.324620e-03    2.521319e-13
   -1.070855e-03   -3.882961e-03    1.017822e-11
    7.013943e-04    1.195518e-04   -6.446532e-11
   -2.473663e-03    2.870173e-04   -1.021951e-10
    7.114341e-04    6.924891e-04   -3.425280e-11
   -1.007080e-03   -1.264392e-04    5.470813e-11
    8.193772e-04   -5.834967e-04    1.538161e-11
    2.845311e-04    3.773160e-04   -4.836722e-11

nonadiabatic coupling between state 1 and 2 =
   -2.148256e-09   -2.163015e-09   -4.084411e-01
    1.352969e-09    2.778650e-09    1.498808e-01
    7.757042e-10   -3.808608e-10   -8.100067e-02
   -1.141217e-09   -1.313164e-09    6.147128e-02
    1.459167e-10   -2.696204e-10   -3.099695e-02
   -6.761349e-10    7.234534e-10   -4.828448e-02
    6.228061e-10   -1.054996e-11    3.708135e-02
    3.171217e-09    2.867111e-10    1.747125e-01
   -2.055522e-09    4.716417e-10    7.670958e-02
   -9.745997e-11   -1.816461e-10    4.186945e-02
    7.477816e-11   -1.770765e-10    2.620911e-02
   -6.531074e-11    1.582885e-11   -5.995886e-03
    8.626250e-11    9.863829e-11    1.137043e-04
   -4.575298e-11    1.210096e-10    6.671245e-03

nonadiabatic coupling between state 1 and 3 =
    1.262722e-01   -2.166072e-02    1.419261e-10
   -5.957718e-01    6.951539e-03    1.068246e-11
    2.086104e-01   -4.550979e-01   -3.106832e-10
    2.178692e-01    4.796679e-01    3.987030e-10
    2.749084e-01    4.584397e-01   -4.525355e-10
    2.860585e-01   -4.569572e-01    2.627238e-10
   -6.052691e-01   -2.945223e-03   -1.121717e-10
   -1.432853e-02    3.962433e-04    2.201288e-10
   -3.728465e-03   -1.258082e-02   -2.950384e-10
    1.697909e-02    1.027366e-02    2.207555e-11
    1.387833e-02   -5.201979e-03   -1.042936e-10
    2.742619e-02    2.369350e-02    2.525567e-10
    2.775373e-02   -2.286464e-02   -1.811735e-10
    1.934181e-02   -2.114102e-03    1.470995e-10

nonadiabatic coupling between state 1 and 4 =
    1.663180e-09   -8.975764e-10   -1.276242e-02
   -3.802707e-09    8.069515e-11    2.244759e-02
    1.262740e-09   -1.757793e-09    4.012885e-02
    1.182289e-09    1.958629e-09   -2.903256e-02
    7.548174e-10    1.624105e-09    3.043097e-02
    8.662121e-10   -1.616664e-09   -5.030256e-02
   -1.977692e-09   -3.225585e-11   -1.006100e-02
   -1.141353e-10    7.270366e-10   -3.856155e-03
   -2.374944e-10   -5.653985e-11    1.428218e-04
   -3.673320e-11   -4.786612e-11   -2.631278e-02
   -6.145186e-12    5.749396e-11    2.444078e-02
    1.634917e-10    9.649582e-11   -7.962653e-03
    1.550275e-10   -1.209039e-10    2.382507e-02
    1.271487e-10   -1.485606e-11   -1.125951e-03

nonadiabatic coupling between state 2 and 3 =
   -1.629969e-10   -6.411954e-11    4.864227e-02
    2.637977e-09    3.297267e-10   -6.786514e-02
   -4.831290e-10   -8.622140e-10   -4.047192e-02
   -4.564455e-10   -1.393805e-10   -3.590115e-02
    1.011013e-09    2.661805e-09   -7.054398e-03
    9.802050e-10   -1.835262e-09    4.899075e-02
   -2.153253e-09    3.216761e-11   -1.629238e-02
   -2.018125e-10   -6.492561e-10   -6.286764e-03
   -4.411679e-10    6.526726e-10    2.205507e-02
   -2.396828e-10   -1.357228e-10    3.893449e-02
   -1.060558e-10    8.067612e-11   -2.122556e-02
   -1.296770e-10   -9.071748e-11    8.383493e-03
   -9.672707e-11    4.091366e-11    2.355778e-02
   -1.582476e-10   -2.128934e-11    4.533464e-03

nonadiabatic coupling between state 2 and 4 =
   -1.571189e-02   -2.859270e-02    2.107864e-10
   -1.318010e-01    1.326137e-02   -4.814242e-10
    8.950930e-03    3.166548e-01   -9.429121e-10
    1.089991e-03   -2.810295e-01    3.675043e-10
   -3.293679e-01   -6.598041e-01   -4.781718e-10
   -3.101187e-01    6.340340e-01    8.649443e-10
    7.123431e-01    9.372656e-04    7.996111e-11
    1.830543e-02    2.299858e-02   -7.679101e-11
    1.301436e-02   -2.588522e-02    1.749448e-10
    1.653986e-02    1.719628e-02    7.932854e-10
    1.141529e-03   -1.015852e-02   -4.585615e-10
    1.422240e-03    8.477813e-03    1.930256e-10
   -7.938916e-03   -6.186775e-03   -1.733445e-10
    2.213091e-02   -1.903266e-03   -7.324681e-11

nonadiabatic coupling between state 3 and 4 =
    2.053367e-08    2.691993e-08    1.036736e+00
    5.909486e-09   -2.673496e-08   -1.119733e-01
    4.767418e-10    3.887369e-09   -7.439355e-02
   -5.620178e-09    3.300903e-09   -3.909902e-01
    8.274228e-09    4.859942e-10   -1.181679e-01
   -1.110793e-08    6.088171e-09    1.842220e-03
    4.035584e-09    1.505732e-09    1.678577e-01
   -3.716124e-08   -1.600890e-08   -7.682889e-02
    1.321144e-08    7.262323e-10   -4.308387e-01
    1.267472e-09    1.861917e-10   -1.626450e-01
   -1.523815e-10   -2.114288e-10   -5.445806e-03
    5.836164e-10   -4.082987e-10   -3.807163e-02
   -2.767877e-10    1.218150e-10    7.418237e-02
    2.628195e-11    1.412492e-10    1.287363e-01

Tue Dec 20 12:49:26 2022
Mission success
