Evaluation for diabatz
Yifan Shen 2021

Echo of user command line input:
/home/yshen/Software/Mine/diabatz/tools/eval/v1/eval.exe -d default pretrain-IntCoordDef pretrain-SAS.in pretrain-Hd.in pretrain-Hd.net pretrain-11.in pretrain-12.in pretrain-13.in pretrain-14.in pretrain-22.in pretrain-23.in pretrain-24.in pretrain-33.in pretrain-34.in pretrain-44.in default IntCoordDef SAS.in Hd.in Hd.net 11.in 12.in 13.in 14.in 22.in 23.in 24.in 33.in 34.in 44.in -x /home/yshen/C6H7N-aniline/Columbus/fast/1.5/fast-1.5.xyz -a -g

Tue Dec 20 12:49:26 2022

energy =
    1.024390e-01    1.714969e-01    2.702531e-01    2.807496e-01

states are:
   -9.999342e-01    0.000000e+00    0.000000e+00   -1.146742e-02
   -0.000000e+00    9.998126e-01    1.935862e-02    0.000000e+00
    1.146742e-02   -0.000000e+00    0.000000e+00   -9.999342e-01
   -0.000000e+00   -1.935862e-02    9.998126e-01    0.000000e+00

energy gradient of state 1 =
    4.570059e-02    9.748732e-02    0.000000e+00
    3.039091e-02   -8.908293e-02    0.000000e+00
   -3.003275e-02    1.878330e-02    0.000000e+00
    2.208918e-02    3.904253e-02    0.000000e+00
   -1.167182e-02   -1.635813e-02    0.000000e+00
    2.004268e-02   -2.070648e-02    0.000000e+00
   -3.803891e-03    3.154834e-03    0.000000e+00
   -9.870669e-02   -5.135577e-02    0.000000e+00
    2.350853e-02    1.687937e-02    0.000000e+00
    3.910410e-03   -2.741156e-04    0.000000e+00
   -2.056048e-03    1.145001e-03    0.000000e+00
    1.076912e-03    1.924989e-04    0.000000e+00
   -7.733000e-04    1.412137e-03    0.000000e+00
    3.252734e-04   -3.195747e-04    0.000000e+00

energy gradient of state 2 =
   -3.729947e-02   -2.019147e-02    0.000000e+00
   -8.054504e-04   -4.055968e-03    0.000000e+00
    3.049104e-04    3.075822e-03    0.000000e+00
    9.471782e-04    8.384327e-04    0.000000e+00
   -1.378906e-03   -2.254298e-03    0.000000e+00
   -8.794753e-04    1.263980e-03    0.000000e+00
    1.729593e-03   -1.907360e-03    0.000000e+00
    3.631531e-02    2.216856e-02    0.000000e+00
    1.407181e-03    2.977066e-03    0.000000e+00
   -3.199154e-04   -8.569609e-04    0.000000e+00
   -1.338069e-04   -5.986610e-04    0.000000e+00
    2.034190e-04    4.553245e-04    0.000000e+00
   -2.926833e-04   -3.434723e-04    0.000000e+00
    2.021212e-04   -5.709990e-04    0.000000e+00

energy gradient of state 3 =
   -1.821696e-02   -5.747381e-03    0.000000e+00
    1.492391e-03    2.119839e-02    0.000000e+00
   -3.423089e-03    5.151603e-02    0.000000e+00
    5.695433e-03    5.560648e-02    0.000000e+00
   -1.425448e-02   -5.548700e-02    0.000000e+00
    2.015710e-02   -6.346359e-02    0.000000e+00
   -6.861027e-03   -9.041779e-03    0.000000e+00
    1.897858e-02    7.341054e-03    0.000000e+00
   -1.707146e-03   -9.206513e-04    0.000000e+00
   -2.372520e-03    1.806626e-04    0.000000e+00
    4.228793e-04   -1.756946e-04    0.000000e+00
   -1.090589e-03   -2.774319e-04    0.000000e+00
    9.763803e-04   -1.049611e-03    0.000000e+00
    2.030467e-04    3.205263e-04    0.000000e+00

energy gradient of state 4 =
    5.330602e-02    8.463820e-02    0.000000e+00
    3.275100e-02   -7.508750e-02    0.000000e+00
   -7.851265e-03    6.103109e-02    0.000000e+00
   -4.092751e-03    7.500512e-02    0.000000e+00
    1.217579e-02   -5.038706e-02    0.000000e+00
   -8.571966e-03   -5.023169e-02    0.000000e+00
   -2.428203e-04   -2.351765e-03    0.000000e+00
   -9.972530e-02   -5.468881e-02    0.000000e+00
    2.117620e-02    1.104026e-02    0.000000e+00
    1.720243e-03    1.077511e-03    0.000000e+00
   -1.055215e-03   -1.732691e-05    0.000000e+00
   -4.285607e-04   -6.415394e-04    0.000000e+00
    4.679448e-04   -1.605457e-04    0.000000e+00
    3.706855e-04    7.740527e-04    0.000000e+00

nonadiabatic coupling between state 1 and 2 =
    0.000000e+00    0.000000e+00   -7.177456e-01
    0.000000e+00    0.000000e+00    2.921888e-01
    0.000000e+00    0.000000e+00   -1.181261e-01
    0.000000e+00    0.000000e+00    1.373071e-01
    0.000000e+00    0.000000e+00   -4.038907e-02
    0.000000e+00    0.000000e+00   -8.055911e-02
    0.000000e+00    0.000000e+00    2.770730e-02
    0.000000e+00    0.000000e+00    3.126075e-01
    0.000000e+00    0.000000e+00    9.666864e-02
    0.000000e+00    0.000000e+00    5.018239e-02
    0.000000e+00    0.000000e+00    4.177723e-02
    0.000000e+00    0.000000e+00   -1.703495e-02
    0.000000e+00    0.000000e+00    7.618491e-03
    0.000000e+00    0.000000e+00    7.797474e-03

nonadiabatic coupling between state 1 and 3 =
    0.000000e+00    0.000000e+00    2.792237e-02
    0.000000e+00    0.000000e+00   -3.861680e-02
    0.000000e+00    0.000000e+00   -3.618068e-02
    0.000000e+00    0.000000e+00    1.837823e-02
    0.000000e+00    0.000000e+00   -2.426846e-02
    0.000000e+00    0.000000e+00    5.198551e-02
    0.000000e+00    0.000000e+00    1.658763e-02
    0.000000e+00    0.000000e+00    1.536571e-03
    0.000000e+00    0.000000e+00    7.575600e-04
    0.000000e+00    0.000000e+00    2.394595e-02
    0.000000e+00    0.000000e+00   -2.169467e-02
    0.000000e+00    0.000000e+00    2.019145e-03
    0.000000e+00    0.000000e+00   -2.512291e-02
    0.000000e+00    0.000000e+00    2.750542e-03

nonadiabatic coupling between state 1 and 4 =
   -1.353948e-01    2.030380e-02    0.000000e+00
    5.868881e-01   -7.706548e-03    0.000000e+00
   -2.057719e-01    4.542083e-01    0.000000e+00
   -2.152004e-01   -4.738551e-01    0.000000e+00
   -2.741180e-01   -4.609012e-01    0.000000e+00
   -2.796777e-01    4.528479e-01    0.000000e+00
    6.018415e-01    6.753766e-03    0.000000e+00
    2.370173e-02   -2.528304e-05    0.000000e+00
    1.995308e-03    7.109108e-03    0.000000e+00
   -1.321316e-02   -7.301670e-03    0.000000e+00
   -1.663394e-02    7.161712e-03    0.000000e+00
   -2.628245e-02   -2.496796e-02    0.000000e+00
   -2.934674e-02    2.405330e-02    0.000000e+00
   -1.878737e-02    2.319934e-03    0.000000e+00

nonadiabatic coupling between state 2 and 3 =
    3.248395e-02    1.497559e-02    0.000000e+00
    6.724009e-02   -1.569612e-02    0.000000e+00
    1.833896e-02   -3.496926e-01    0.000000e+00
    2.250649e-02    2.971013e-01    0.000000e+00
    3.327107e-01    6.750242e-01    0.000000e+00
    3.038143e-01   -6.275895e-01    0.000000e+00
   -7.110796e-01   -3.544865e-03    0.000000e+00
   -3.175584e-02   -1.578014e-02    0.000000e+00
   -5.800685e-03    3.832830e-02    0.000000e+00
   -1.562076e-02   -1.629570e-02    0.000000e+00
   -3.561566e-03    6.513074e-03    0.000000e+00
    4.557996e-04   -8.373293e-03    0.000000e+00
    1.279103e-02    6.677279e-03    0.000000e+00
   -2.252285e-02   -1.647506e-03    0.000000e+00

nonadiabatic coupling between state 2 and 4 =
    0.000000e+00    0.000000e+00   -5.826628e-02
    0.000000e+00    0.000000e+00    6.023555e-02
    0.000000e+00    0.000000e+00    3.312194e-02
    0.000000e+00    0.000000e+00    4.384455e-02
    0.000000e+00    0.000000e+00    7.951921e-03
    0.000000e+00    0.000000e+00   -4.138772e-02
    0.000000e+00    0.000000e+00    1.408337e-02
    0.000000e+00    0.000000e+00    1.451560e-02
    0.000000e+00    0.000000e+00   -2.432504e-02
    0.000000e+00    0.000000e+00   -3.033231e-02
    0.000000e+00    0.000000e+00    2.018248e-02
    0.000000e+00    0.000000e+00   -9.909916e-03
    0.000000e+00    0.000000e+00   -2.167037e-02
    0.000000e+00    0.000000e+00   -8.043756e-03

nonadiabatic coupling between state 3 and 4 =
    0.000000e+00    0.000000e+00    1.782834e+00
    0.000000e+00    0.000000e+00   -4.390201e-01
    0.000000e+00    0.000000e+00    1.070816e-01
    0.000000e+00    0.000000e+00   -6.894140e-01
    0.000000e+00    0.000000e+00   -1.642111e-01
    0.000000e+00    0.000000e+00    8.181123e-02
    0.000000e+00    0.000000e+00    1.866670e-01
    0.000000e+00    0.000000e+00   -1.987625e-01
    0.000000e+00    0.000000e+00   -6.601138e-01
    0.000000e+00    0.000000e+00   -2.811256e-01
    0.000000e+00    0.000000e+00    1.823763e-02
    0.000000e+00    0.000000e+00   -7.455289e-02
    0.000000e+00    0.000000e+00    1.359976e-01
    0.000000e+00    0.000000e+00    1.945708e-01

Tue Dec 20 12:49:27 2022
Mission success
