Evaluation for diabatz
Yifan Shen 2021

Echo of user command line input:
/home/yshen/Software/Mine/diabatz/tools/eval/v1/eval.exe -d default pretrain-IntCoordDef pretrain-SAS.in pretrain-Hd.in pretrain-Hd.net pretrain-11.in pretrain-12.in pretrain-13.in pretrain-14.in pretrain-22.in pretrain-23.in pretrain-24.in pretrain-33.in pretrain-34.in pretrain-44.in default IntCoordDef SAS.in Hd.in Hd.net 11.in 12.in 13.in 14.in 22.in 23.in 24.in 33.in 34.in 44.in -x /home/yshen/C6H7N-aniline/Columbus/fast/1.6/fast-1.6.xyz -a -g

Tue Dec 20 12:49:27 2022

energy =
    1.239375e-01    1.640288e-01    2.656834e-01    3.027583e-01

states are:
    9.999635e-01   -1.339709e-09   -2.974114e-10   -8.540665e-03
   -1.335757e-09   -9.996738e-01    2.554084e-02   -4.721058e-10
   -8.540665e-03    5.333273e-10    1.944201e-09   -9.999635e-01
    3.482352e-10    2.554084e-02    9.996738e-01    1.954285e-09

energy gradient of state 1 =
    4.210937e-02    9.108158e-02   -1.531514e-10
    3.317237e-02   -8.478723e-02    1.113733e-10
   -2.653472e-02    1.580829e-02   -7.227081e-12
    2.048055e-02    3.598215e-02   -6.199061e-11
   -1.299543e-02   -1.557597e-02    1.830335e-11
    1.877401e-02   -1.637246e-02    3.217234e-11
   -8.891929e-04    2.848208e-03   -4.004995e-11
   -9.826045e-02   -5.368813e-02    5.879264e-11
    2.187835e-02    2.129539e-02    9.305429e-11
    3.423343e-03   -4.392202e-04   -2.645393e-11
   -1.827170e-03    1.470657e-03   -8.124588e-11
    9.009886e-04    3.321615e-04   -1.626558e-11
   -5.624678e-04    1.874610e-03    6.051667e-11
    3.304526e-04    1.699741e-04    1.217188e-11

energy gradient of state 2 =
   -3.030930e-02   -1.659748e-02    1.856790e-10
   -4.722733e-04   -2.777659e-04    1.410111e-11
    7.944401e-04    2.494618e-03    1.802087e-11
    1.854431e-03   -1.013776e-03   -5.442493e-11
   -3.119481e-03   -3.011865e-03    3.820632e-11
   -8.661869e-04    2.212223e-03    3.481694e-11
    3.757026e-03   -1.383949e-03   -7.126911e-11
    2.929309e-02    1.600160e-02   -7.321938e-11
    8.157900e-05    2.763519e-03   -1.392686e-11
   -1.697224e-04   -6.105077e-04   -3.983294e-11
   -4.668241e-04   -4.781318e-04   -9.488501e-11
    2.647072e-04    4.577978e-04   -9.323181e-12
   -3.738949e-04   -4.300466e-04    5.148152e-11
   -2.675912e-04   -1.262289e-04    1.457565e-11

energy gradient of state 3 =
   -1.901455e-02   -1.520003e-02    2.632397e-12
   -1.237428e-03    3.057964e-02   -1.028886e-10
   -1.186245e-03    4.973027e-02   -4.423652e-12
    2.789461e-03    5.284663e-02    1.114641e-10
   -1.278817e-02   -5.305375e-02    4.176810e-11
    1.869782e-02   -6.227400e-02    9.772941e-12
   -6.934968e-03   -9.463789e-03   -3.637151e-11
    1.996322e-02    9.324924e-03    3.387229e-11
    7.557066e-04   -6.299854e-04   -6.377067e-12
   -1.441984e-03    6.105929e-05    1.028329e-11
    3.170523e-04   -1.101833e-03   -5.175235e-11
   -7.652040e-04   -1.969285e-04   -2.676666e-11
    8.295145e-04   -1.102589e-03    1.319433e-11
    1.577393e-05    4.803839e-04    5.592347e-12

energy gradient of state 4 =
    4.868550e-02    8.066920e-02    5.280691e-11
    3.657573e-02   -7.142082e-02    2.668960e-11
   -5.512544e-03    5.900082e-02    2.926311e-11
   -4.456028e-03    7.730838e-02   -1.395626e-10
    1.180423e-02   -4.965308e-02    3.377635e-11
   -7.803984e-03   -5.052089e-02    4.286348e-11
   -6.107156e-04   -2.190712e-03   -2.055239e-11
   -9.850393e-02   -5.824086e-02   -3.347837e-11
    2.011510e-02    1.261066e-02    7.079713e-11
    5.096805e-04    1.556645e-03   -4.849479e-11
   -6.984473e-04   -4.156974e-04   -4.814560e-11
   -1.102918e-03    1.321443e-04   -1.690207e-11
    6.608515e-04    1.174200e-05    2.505420e-11
    3.374811e-04    1.152470e-03    2.588505e-11

nonadiabatic coupling between state 1 and 2 =
   -7.962678e-09   -2.066158e-09   -1.271855e+00
    5.811572e-09    6.038121e-09    5.506376e-01
    1.665688e-09   -1.174031e-10   -1.900488e-01
   -1.992341e-09   -3.449894e-09    2.660660e-01
   -8.952674e-11   -8.713497e-10   -5.956228e-02
   -2.035640e-09    2.028596e-09   -1.352174e-01
    1.897653e-09    9.149911e-11    2.062749e-02
    6.559346e-09   -1.867872e-09    5.865410e-01
   -3.417764e-09    6.231562e-10    1.049424e-01
   -1.950099e-10   -3.123283e-10    5.360249e-02
    2.623800e-11   -3.268898e-10    7.745153e-02
   -2.790546e-10    1.021572e-10   -4.463498e-02
   -3.032566e-11   -1.980812e-11    2.984601e-02
    4.184179e-11    1.481737e-10    1.160433e-02

nonadiabatic coupling between state 1 and 3 =
    1.919581e-09   -1.099307e-09   -4.733077e-02
   -3.768988e-10    2.927090e-10    5.730691e-02
   -4.026990e-10    1.625659e-09    3.135331e-02
   -3.478775e-10   -1.526476e-09   -5.955444e-03
   -1.174945e-09   -2.114659e-09    1.740124e-02
   -1.217266e-09    1.785482e-09   -5.048721e-02
    2.535008e-09    3.023388e-11   -2.336572e-02
   -2.269169e-10    1.057658e-09    1.288382e-03
   -3.989821e-10   -1.384555e-10   -1.609111e-03
   -3.567812e-11   -3.772060e-11   -1.990883e-02
   -1.254753e-10    8.034588e-11    1.867979e-02
   -6.041376e-11   -2.913947e-11    3.289689e-03
   -7.573723e-11    5.774308e-11    2.441281e-02
   -1.169956e-11    1.592644e-11   -5.075033e-03

nonadiabatic coupling between state 1 and 4 =
    1.432667e-01   -1.678013e-02    4.713092e-13
   -5.664840e-01    7.341139e-03   -7.345958e-11
    1.982976e-01   -4.499182e-01   -2.417468e-10
    2.075185e-01    4.585153e-01    3.144827e-11
    2.693112e-01    4.577675e-01    1.347965e-11
    2.723669e-01   -4.465925e-01    2.175742e-10
   -5.920131e-01   -9.406032e-03    1.301256e-10
   -2.808814e-02    6.870456e-03    9.681160e-11
   -4.809116e-03   -3.673567e-04   -1.018735e-10
    8.521806e-03    2.723032e-03    4.424211e-11
    2.000336e-02   -8.422956e-03    8.804746e-11
    2.395465e-02    2.548832e-02    6.518916e-11
    3.088755e-02   -2.428082e-02   -1.450388e-10
    1.726607e-02   -2.937774e-03   -1.252707e-10

nonadiabatic coupling between state 2 and 3 =
   -3.105099e-02    5.214717e-03    9.367325e-11
   -1.888961e-02    1.505950e-02    3.581217e-11
   -3.565892e-02    3.708737e-01   -1.404172e-10
   -3.554125e-02   -3.066997e-01    6.464609e-10
   -3.337019e-01   -6.822850e-01   -2.228006e-10
   -3.017081e-01    6.204875e-01    7.853395e-11
    7.088627e-01    5.593204e-03   -6.184986e-11
    2.549491e-02   -1.172439e-03    4.760712e-11
   -2.065143e-03   -4.337195e-02   -2.285703e-10
    1.269148e-02    1.569846e-02    7.172283e-11
    3.868925e-03   -3.866761e-03   -2.873124e-10
   -1.279745e-03    7.455601e-03    2.716912e-11
   -1.376965e-02   -5.292365e-03   -1.061515e-10
    2.274733e-02    2.305557e-03    4.612251e-11

nonadiabatic coupling between state 2 and 4 =
   -8.858803e-10    1.440665e-10    6.450171e-02
    1.560204e-09    1.625438e-10   -5.768620e-02
   -4.966582e-10    1.453643e-09   -2.361993e-02
   -5.043505e-10   -1.783255e-09   -5.211966e-02
   -1.174798e-09   -2.010232e-09   -5.480206e-03
   -1.048674e-09    2.147112e-09    3.314783e-02
    2.493542e-09    1.919813e-11   -1.115014e-02
    2.338616e-10   -2.318034e-10   -2.258038e-02
    8.306761e-11    3.890593e-11    3.074374e-02
   -1.353717e-11    6.954702e-12    2.182333e-02
   -5.659020e-11    1.169891e-11   -1.802163e-02
   -7.294821e-11   -2.040064e-11    1.042731e-02
   -1.075600e-10    4.282974e-11    1.921425e-02
   -9.678609e-12    1.873757e-11    1.079996e-02

nonadiabatic coupling between state 3 and 4 =
   -3.807827e-09   -5.267052e-09    5.938124e-01
   -1.850196e-09    5.547318e-09   -1.976764e-01
    1.030011e-10    7.504861e-10    9.394300e-02
   -1.954167e-10   -2.497758e-09   -2.431320e-01
   -2.295098e-09   -1.951193e-09   -4.914373e-02
    6.642675e-10    9.557364e-10    4.410920e-02
    1.602607e-09   -3.834517e-10    4.194224e-02
    5.263723e-09    3.948386e-09   -8.867960e-02
    6.741344e-10   -9.440133e-10   -1.936243e-01
   -1.775340e-10   -6.289915e-11   -9.223326e-02
    1.160170e-10   -1.738385e-11    1.211172e-02
    3.607709e-11   -6.144997e-11   -2.601988e-02
   -1.288374e-10   -4.556320e-11    4.665573e-02
   -4.917243e-12    2.883800e-11    5.793484e-02

Tue Dec 20 12:49:28 2022
Mission success
