Evaluation for diabatz
Yifan Shen 2021

Echo of user command line input:
/home/yshen/Software/Mine/diabatz/tools/eval/v1/eval.exe -d default pretrain-IntCoordDef pretrain-SAS.in pretrain-Hd.in pretrain-Hd.net pretrain-11.in pretrain-12.in pretrain-13.in pretrain-14.in pretrain-22.in pretrain-23.in pretrain-24.in pretrain-33.in pretrain-34.in pretrain-44.in default IntCoordDef SAS.in Hd.in Hd.net 11.in 12.in 13.in 14.in 22.in 23.in 24.in 33.in 34.in 44.in -x /home/yshen/C6H7N-aniline/Columbus/fast/1.7/fast-1.7.xyz -a -g

Tue Dec 20 12:49:28 2022

energy =
    1.450766e-01    1.598661e-01    2.628275e-01    3.243499e-01

states are:
    9.999678e-01    1.640463e-17    1.448452e-19   -8.023090e-03
   -1.504789e-17    9.996545e-01    2.628501e-02    1.689332e-16
   -8.023090e-03    1.685536e-16    1.185721e-17   -9.999678e-01
    3.459445e-19   -2.628501e-02    9.996545e-01    7.420142e-18

energy gradient of state 1 =
    3.274378e-02    8.364663e-02   -1.231663e-18
    3.643079e-02   -8.016051e-02    5.459955e-19
   -2.381205e-02    1.386859e-02   -1.659447e-19
    1.912316e-02    3.481869e-02    2.528395e-19
   -1.404859e-02   -1.504223e-02   -5.856430e-20
    1.760526e-02   -1.316188e-02   -1.130577e-19
    1.853749e-03    2.159110e-03    1.608380e-20
   -9.290644e-02   -5.536433e-02    6.391260e-19
    2.085021e-02    2.485891e-02    1.595742e-20
    2.899406e-03   -1.250492e-04    9.207035e-21
   -1.375781e-03    1.717502e-03    8.758529e-20
    5.728349e-04    2.728802e-04   -6.739504e-20
   -2.792023e-04    1.934971e-03    5.635360e-20
    3.428625e-04    5.767170e-04    1.347700e-20

energy gradient of state 2 =
   -1.647656e-02   -6.573214e-03    4.932503e-18
    1.921170e-03    1.511392e-03   -4.016499e-18
   -1.991603e-05    1.536400e-03   -4.381192e-19
    2.424906e-03   -1.144126e-03   -3.726674e-18
   -3.423730e-03   -3.061842e-03    6.007759e-20
   -5.845588e-04    1.919699e-03    1.561058e-18
    4.382387e-03   -8.786706e-05   -4.450767e-19
    1.253954e-02    4.254579e-03   -2.303586e-18
    4.254042e-04    2.106698e-03    2.342841e-18
    2.794114e-04   -1.129047e-04    7.355981e-19
   -8.746698e-04   -1.871383e-04   -8.626147e-19
    4.744053e-04    2.832093e-04    6.422690e-19
   -3.713471e-04   -5.025834e-04    8.434132e-19
   -6.964410e-04    5.769761e-05    6.748105e-19

energy gradient of state 3 =
   -1.155929e-02   -1.436935e-02   -5.771883e-19
   -6.115476e-04    3.342103e-02    2.296765e-19
   -9.509364e-04    4.929023e-02   -1.298327e-19
    9.065638e-04    5.234127e-02    2.465381e-19
   -1.250163e-02   -5.213974e-02    4.515357e-20
    1.822055e-02   -6.132685e-02   -5.397811e-20
   -6.119821e-03   -9.152918e-03   -2.865262e-20
    5.894150e-03    2.614820e-03    1.054170e-19
    6.456418e-03    1.554583e-03    1.633947e-19
   -2.302104e-04   -2.792741e-04    8.521412e-20
    3.397562e-04   -1.979184e-03   -1.417174e-20
   -1.283123e-04    3.224993e-05    2.434800e-20
    3.945481e-04   -7.154667e-04   -4.522494e-20
   -1.102464e-04    7.085968e-04   -5.069364e-20

energy gradient of state 4 =
    3.790331e-02    7.589563e-02   -3.123651e-18
    4.009146e-02   -6.572214e-02    3.240827e-18
   -3.111604e-03    5.788819e-02    7.338966e-19
   -3.901026e-03    7.883793e-02    3.227296e-18
    1.031908e-02   -4.971171e-02   -4.666686e-20
   -8.029329e-03   -5.104664e-02   -1.394022e-18
    6.358297e-04   -3.245015e-03    4.576455e-19
   -8.865531e-02   -6.069985e-02    1.559043e-18
    1.595450e-02    1.339616e-02   -2.522193e-18
   -1.209270e-03    2.096201e-03   -8.300192e-19
    2.990912e-04   -8.008598e-04    7.892011e-19
   -1.965742e-03    1.050499e-03   -5.992220e-19
    1.574360e-03    6.885865e-04   -8.545419e-19
    9.466090e-05    1.373016e-03   -6.375938e-19

nonadiabatic coupling between state 1 and 2 =
   -2.436718e-16    1.149664e-16    2.768163e+00
    1.111156e-15   -9.374021e-17   -1.228214e+00
   -3.959174e-16    9.082236e-16    3.720873e-01
   -3.770614e-16   -8.449798e-16   -5.681284e-01
   -5.405779e-16   -9.228448e-16    1.312781e-01
   -5.210236e-16    8.796687e-16    2.549908e-01
    1.170522e-15    2.365656e-17   -3.540071e-02
   -6.494170e-17   -1.078103e-16   -1.435645e+00
    5.080563e-17    8.266598e-18   -3.576828e-02
   -3.957593e-18    6.537824e-18   -2.036259e-02
   -4.918691e-17    1.893843e-17   -1.971132e-01
   -4.194328e-17   -5.123251e-17    1.512262e-01
   -6.530201e-17    5.011511e-17   -1.270486e-01
   -2.889983e-17    1.023441e-17   -3.006436e-02

nonadiabatic coupling between state 1 and 3 =
   -2.639356e-18    4.963057e-19   -6.576787e-02
    9.621346e-18    2.787637e-20    7.057088e-02
   -3.902144e-18    1.296423e-17    2.435209e-02
   -3.969809e-18   -1.200429e-17    8.629296e-03
   -9.014362e-18   -1.691612e-17    9.998513e-03
   -8.825610e-18    1.612621e-17   -4.002676e-02
    1.962725e-17    2.142565e-19   -2.757411e-02
    3.456572e-19   -6.970617e-19    4.083340e-03
    1.572492e-19   -6.747907e-19   -2.799313e-03
    5.536189e-20    2.468290e-19   -1.206686e-02
   -3.987531e-19    1.278040e-19    1.476911e-02
   -3.763464e-19   -3.911852e-19    5.685909e-03
   -7.174912e-19    3.935037e-19    1.799049e-02
    3.700785e-20    8.643445e-20   -7.844718e-03

nonadiabatic coupling between state 1 and 4 =
    1.436722e-01   -1.131719e-02    3.892244e-17
   -5.262596e-01    5.196132e-03   -1.740248e-17
    1.817828e-01   -4.379856e-01    5.215691e-18
    1.927163e-01    4.311044e-01   -8.700263e-18
    2.590387e-01    4.452624e-01    1.905617e-18
    2.638211e-01   -4.376250e-01    3.596219e-18
   -5.736121e-01   -1.045113e-02   -8.145617e-19
   -2.072399e-02    2.304881e-02   -2.035902e-17
   -1.468281e-02    7.274766e-03    6.940707e-20
    3.241102e-03   -3.201099e-03   -1.910158e-19
    2.380705e-02   -8.314582e-03   -2.820922e-18
    2.056232e-02    2.505217e-02    2.292056e-18
    3.198162e-02   -2.329710e-02   -1.404384e-18
    1.465536e-02   -4.747041e-03   -3.087799e-19

nonadiabatic coupling between state 2 and 3 =
    4.883027e-03   -1.904164e-02   -3.966775e-17
   -7.967107e-03   -1.288886e-02    1.583034e-17
    4.639886e-02   -3.853724e-01   -8.772704e-18
    3.786015e-02    3.201764e-01    1.598230e-17
    3.295381e-01    6.757107e-01    3.284695e-18
    3.086663e-01   -6.234343e-01   -3.889426e-18
   -7.041984e-01   -1.580483e-03   -2.578473e-18
   -1.004832e-03    1.948692e-02    6.770657e-18
    8.654471e-03    4.203948e-02    1.204624e-17
   -8.551910e-03   -1.435824e-02    5.942639e-18
   -2.414106e-03    1.813216e-03   -1.002615e-18
    4.117849e-04   -4.634318e-03    1.972575e-18
    1.062397e-02    2.143442e-03   -2.522636e-18
   -2.290033e-02   -5.996419e-05   -3.395847e-18

nonadiabatic coupling between state 2 and 4 =
   -5.337388e-17   -8.489960e-17   -6.667971e-02
   -4.783651e-17    6.893821e-17    6.252777e-02
    6.497138e-18   -6.783504e-17    1.088082e-02
    9.929871e-18   -7.257347e-17    6.260086e-02
   -7.397746e-18    6.016010e-17   -2.938065e-05
    1.425385e-17    4.251062e-17   -2.608626e-02
   -1.079513e-17    3.054502e-18    7.736786e-03
    1.034289e-16    6.713417e-17    2.999472e-02
   -1.610187e-17   -1.114606e-17   -4.250780e-02
    1.516350e-18   -2.424551e-18   -1.341974e-02
   -8.310640e-19    5.064342e-19    1.396385e-02
    2.842780e-18   -4.102772e-19   -1.036112e-02
   -1.391820e-18   -1.587839e-18   -1.621868e-02
   -7.408416e-19   -1.427193e-18   -1.240211e-02

nonadiabatic coupling between state 3 and 4 =
   -8.134279e-18   -2.277491e-17    3.950603e-01
   -1.017051e-17    1.547139e-17   -1.568474e-01
    1.354098e-17   -1.105095e-16    8.917888e-02
    1.164229e-17    8.533977e-17   -1.689008e-01
    8.866613e-17    1.903466e-16   -3.086671e-02
    9.223280e-17   -1.780375e-16    3.667386e-02
   -2.001772e-16   -1.586381e-18    1.941643e-02
    1.793704e-17    1.770784e-17   -7.221695e-02
    6.103078e-19    9.586236e-18   -1.120084e-01
   -2.224990e-18   -4.511584e-18   -5.850008e-02
   -6.702050e-19    2.835453e-19    9.831395e-03
    4.733744e-19   -1.500878e-18   -1.664178e-02
    2.776332e-18    3.310888e-19    3.114019e-02
   -6.502033e-18   -1.456771e-19    3.468100e-02

Tue Dec 20 12:49:29 2022
Mission success
