Evaluation for diabatz
Yifan Shen 2021

Echo of user command line input:
/home/yshen/Software/Mine/diabatz/tools/eval/v1/eval.exe -d default pretrain-IntCoordDef pretrain-SAS.in pretrain-Hd.in pretrain-Hd.net pretrain-11.in pretrain-12.in pretrain-13.in pretrain-14.in pretrain-22.in pretrain-23.in pretrain-24.in pretrain-33.in pretrain-34.in pretrain-44.in default IntCoordDef SAS.in Hd.in Hd.net 11.in 12.in 13.in 14.in 22.in 23.in 24.in 33.in 34.in 44.in -x /home/yshen/C6H7N-aniline/Columbus/mex-A1-B1/mex-A1-B1.xyz -a -g

Tue Dec 20 12:49:51 2022

energy =
    1.590186e-01    1.596183e-01    2.632386e-01    3.399188e-01

states are:
   -6.408775e-08    9.999169e-01    1.260634e-09    1.289030e-02
    9.998469e-01    6.407767e-08    1.750045e-02   -1.277275e-09
    2.152235e-09   -1.289030e-02   -2.785979e-09    9.999169e-01
   -1.750045e-02   -2.418200e-09    9.998469e-01    2.792278e-09

energy gradient of state 1 =
   -5.191032e-03   -1.482845e-02   -2.507445e-09
   -1.686417e-03    1.837135e-02    8.545567e-10
    5.175920e-04   -3.554624e-03   -2.344636e-10
    2.703144e-03   -5.226804e-03    2.420489e-10
   -2.536495e-03    1.611224e-03   -8.153095e-11
   -1.578875e-03    2.029024e-03   -8.815526e-11
    3.612128e-03    3.049566e-03    6.791030e-11
    6.630335e-03    4.798021e-04    1.608472e-09
   -6.513208e-04   -2.545737e-03   -1.641505e-10
    6.074688e-05    1.676021e-04   -1.984984e-10
   -2.233967e-03    1.009417e-03    3.778632e-10
    5.853746e-04   -8.073808e-05   -4.201353e-11
    3.451657e-04   -7.801276e-04    2.990442e-10
   -5.763777e-04    2.984906e-04   -1.336371e-10

energy gradient of state 2 =
    2.024660e-02    6.241201e-02    2.662765e-09
    3.590911e-02   -5.812903e-02   -9.152337e-10
   -1.941929e-02    8.701127e-03   -9.205807e-11
    1.717692e-02    2.908603e-02   -1.932960e-10
   -1.444356e-02   -1.136728e-02    2.645704e-10
    1.480151e-02   -9.383333e-03    2.255701e-10
    5.034477e-03    2.811643e-03   -2.117033e-10
   -7.827231e-02   -5.339165e-02   -1.606640e-09
    1.822939e-02    2.471371e-02   -1.501217e-10
    1.423590e-03    5.009829e-05    1.864944e-10
   -1.708561e-03    2.506164e-03   -8.596092e-11
    6.988439e-05   -4.283546e-06    4.762110e-10
    4.492723e-04    1.488963e-03   -2.264776e-10
    5.029624e-04    5.058428e-04   -3.341188e-10

energy gradient of state 3 =
    3.339288e-03   -2.640186e-02   -1.914248e-10
   -4.664608e-03    6.627815e-02    3.572370e-10
    5.770431e-03    4.415689e-02   -5.735248e-11
   -1.788519e-03    4.273945e-02   -4.109416e-10
   -1.251291e-02   -5.057345e-02   -6.622323e-12
    1.217162e-02   -5.400496e-02    6.523107e-11
    2.010945e-04   -6.945546e-03    1.593864e-10
   -2.687334e-04   -7.043603e-03   -8.970706e-11
    1.901474e-04   -6.383166e-03    1.528137e-10
    2.105272e-05   -1.017586e-03   -4.625666e-11
   -2.333039e-03   -1.299175e-03    9.811726e-11
   -1.723209e-05    3.040367e-04    1.839304e-10
    7.578544e-05   -1.181284e-03    6.683947e-11
   -1.843829e-04    1.372119e-03   -2.812504e-10

energy gradient of state 4 =
    1.883452e-02    5.161718e-02    1.756975e-10
    4.093739e-02   -4.287642e-02   -3.107580e-11
    1.326442e-03    5.508127e-02   -2.967278e-10
   -3.553602e-03    7.296103e-02    3.466100e-10
    7.512028e-03   -4.868905e-02   -2.855740e-11
   -1.089238e-02   -4.863623e-02   -2.778408e-11
    5.309045e-03   -3.590815e-03   -2.378321e-11
   -6.144163e-02   -5.649251e-02    1.183562e-10
    4.269272e-03    1.470447e-02   -4.529648e-10
   -3.027779e-03    1.947157e-03    9.763976e-11
    7.817894e-04   -9.707116e-04    1.052078e-10
   -2.587554e-03    1.978366e-03    1.552385e-10
    2.650792e-03    1.760389e-03    5.526526e-11
   -1.183300e-04    1.205876e-03   -1.931219e-10

nonadiabatic coupling between state 1 and 2 =
   -3.599284e-06   -7.645154e-06    3.100428e+01
   -2.543557e-06    8.717863e-06   -1.116603e+01
    2.225379e-06   -1.217203e-06    1.878294e+00
   -1.737397e-06   -4.042726e-06   -4.149313e+00
    1.197429e-06    1.117470e-06    1.245818e+00
   -2.017478e-06    1.500514e-06    1.673577e+00
    1.836870e-07    1.167108e-07   -9.710877e-01
    9.092613e-06    4.620263e-06   -2.092262e+01
   -2.480906e-06   -2.667635e-06    2.679739e+00
   -1.394584e-07   -4.181187e-08    2.617392e+00
   -7.677990e-08   -2.151164e-07   -3.013524e+00
    1.009839e-08    3.646505e-09    3.419128e+00
   -1.449628e-08   -2.385956e-07   -3.452315e+00
   -9.984982e-08   -8.223783e-09   -8.433440e-01

nonadiabatic coupling between state 1 and 3 =
   -3.053988e-02   -2.831795e-03    3.696293e-09
   -1.059419e-02   -1.990716e-02   -2.800198e-09
    5.231774e-02   -3.746762e-01   -4.241228e-10
    3.276465e-02    3.262514e-01   -3.044996e-10
    3.078500e-01    6.275315e-01   -1.199199e-10
    3.193312e-01   -6.180682e-01    2.044497e-10
   -6.809767e-01    1.292531e-02    1.043244e-09
    1.503886e-02    2.130009e-02   -2.610886e-10
    1.489767e-02    3.744207e-02   -2.384739e-10
   -2.963389e-03   -1.332082e-02   -1.480961e-10
    1.649247e-03   -5.342157e-04   -9.339662e-10
   -1.981360e-03    9.114370e-04   -4.619409e-10
    6.333972e-03   -1.933059e-03    7.321869e-11
   -2.312781e-02    4.909639e-03    6.751006e-10

nonadiabatic coupling between state 1 and 4 =
    9.736656e-09   -5.505175e-10    6.279399e-02
   -3.130790e-08   -2.846259e-10   -7.127137e-02
    1.090072e-08   -2.796735e-08    3.209178e-03
    1.196663e-08    2.742070e-08   -6.943715e-02
    1.667955e-08    2.938260e-08    9.169695e-03
    1.689866e-08   -2.973838e-08    1.856623e-02
   -3.705378e-08   -9.281875e-10   -4.675403e-03
   -3.760782e-10    3.070232e-09   -3.577766e-02
   -2.695030e-09    1.244155e-09    5.608864e-02
   -3.154981e-10   -7.707962e-10    5.563726e-03
    1.782229e-09   -4.419130e-10   -8.702470e-03
    1.107716e-09    1.433501e-09    9.721877e-03
    2.014651e-09   -1.363379e-09    1.257954e-02
    6.614640e-10   -5.060249e-10    1.217117e-02

nonadiabatic coupling between state 2 and 3 =
   -1.470016e-08    2.403762e-09   -5.599311e-02
    4.275548e-09   -3.022930e-09    5.084117e-02
    4.279478e-09   -2.725507e-08    1.226046e-02
    3.058248e-09    2.365701e-08    1.783484e-02
    2.144543e-08    4.447221e-08    4.165027e-03
    2.251229e-08   -4.260783e-08   -1.374238e-02
   -4.823404e-08    7.879613e-10   -2.221495e-02
    5.666341e-09   -9.127501e-10    4.677513e-03
    2.164584e-09    3.400551e-09   -5.049134e-03
   -3.207468e-10   -8.670704e-10   -5.776942e-04
    3.609212e-10   -1.357271e-10    9.435472e-03
    1.258501e-10    3.206282e-11    2.966370e-03
    7.042580e-10   -1.971581e-10    3.985704e-03
   -1.337995e-09    2.449771e-10   -8.589283e-03

nonadiabatic coupling between state 2 and 4 =
   -1.210193e-01    5.630968e-03    4.429997e-09
    4.650084e-01    5.021720e-04   -5.004849e-09
   -1.614260e-01    4.182150e-01   -7.240280e-10
   -1.797834e-01   -3.983711e-01   -3.952869e-09
   -2.438527e-01   -4.299405e-01    4.060284e-10
   -2.493349e-01    4.282526e-01    2.103979e-09
    5.425934e-01    1.439895e-02    1.132252e-10
   -3.587075e-03   -4.630289e-02   -2.255233e-09
    3.172041e-02   -1.728759e-02    3.295787e-09
    4.122578e-03    1.175027e-02    6.482268e-10
   -2.743817e-02    6.787990e-03   -5.471599e-10
   -1.665765e-02   -2.248598e-02    9.355198e-10
   -3.014016e-02    2.119122e-02    1.228307e-10
   -1.020547e-02    7.658868e-03    4.285452e-10

nonadiabatic coupling between state 3 and 4 =
   -1.673769e-09   -4.040308e-09   -3.185067e-01
   -1.250714e-09    4.166019e-09    1.454872e-01
   -2.763330e-10    1.551480e-09   -8.458443e-02
   -6.421176e-10   -3.010565e-09    1.421463e-01
   -2.141678e-09   -2.544396e-09    2.128007e-02
   -3.827538e-10    2.295486e-09   -3.524094e-02
    2.713019e-09   -2.498002e-10   -9.433277e-03
    1.698835e-09    2.784142e-09    6.589520e-02
    2.176937e-09   -8.987309e-10    7.520068e-02
    9.413925e-11   -1.862558e-11    4.359025e-02
   -1.674819e-10    5.828019e-11   -6.687405e-03
    1.493013e-10   -1.657269e-10    1.227508e-02
   -3.151907e-10   -7.208980e-11   -2.516479e-02
    1.780630e-11    1.448352e-10   -2.625718e-02

Tue Dec 20 12:49:52 2022
Mission success
