Evaluation for diabatz
Yifan Shen 2021

Echo of user command line input:
/home/yshen/Software/Mine/diabatz/tools/eval/v1/eval.exe -d default pretrain-IntCoordDef pretrain-SAS.in pretrain-Hd.in pretrain-Hd.net pretrain-11.in pretrain-12.in pretrain-13.in pretrain-14.in pretrain-22.in pretrain-23.in pretrain-24.in pretrain-33.in pretrain-34.in pretrain-44.in default IntCoordDef SAS.in Hd.in Hd.net 11.in 12.in 13.in 14.in 22.in 23.in 24.in 33.in 34.in 44.in -x /home/yshen/C6H7N-aniline/Columbus/fast/1.9/fast-1.9.xyz -a -g

Tue Dec 20 12:49:29 2022

energy =
    1.576207e-01    1.819200e-01    2.642396e-01    3.564764e-01

states are:
   -4.671118e-09    9.997050e-01    9.778493e-10    2.428816e-02
    9.998607e-01    4.675147e-09    1.669292e-02   -8.079541e-10
    9.476970e-10   -2.428816e-02   -1.575401e-09    9.997050e-01
   -1.669292e-02   -1.094019e-09    9.998607e-01    1.564891e-09

energy gradient of state 1 =
   -1.720907e-02   -6.570909e-03   -3.888104e-11
    5.141014e-03   -5.729259e-04    2.436675e-11
   -3.179966e-03    5.243965e-04   -7.132522e-11
    1.992247e-03    1.642600e-03   -1.436433e-10
   -6.843398e-04   -1.675320e-03    3.715989e-11
   -1.640721e-04    3.130667e-04    8.612520e-11
    2.014732e-03    2.146511e-03   -6.115482e-11
    9.619300e-03    2.849368e-03    5.353778e-11
    1.957464e-03    1.563725e-03   -2.631552e-11
    1.367665e-03    3.387606e-04   -5.229937e-11
   -1.112299e-03    5.174562e-05    6.833515e-11
    8.491284e-04   -2.201234e-04    1.852007e-10
    8.360658e-05   -5.761881e-04    1.282178e-10
   -6.754108e-04    1.852943e-04   -1.893240e-10

energy gradient of state 2 =
   -3.691368e-03    5.997541e-02    2.025635e-10
    4.422332e-02   -7.417941e-02    5.730483e-11
   -2.245906e-02    1.373398e-02   -2.487794e-10
    1.763874e-02    4.030205e-02    6.622926e-11
   -1.374421e-02   -1.445670e-02    2.111317e-10
    1.775547e-02   -1.427499e-02    1.256537e-10
    2.724324e-03    1.262422e-03   -2.046011e-10
   -6.345500e-02   -4.803084e-02   -5.794554e-11
    1.862828e-02    3.089874e-02   -2.204603e-10
    1.882862e-03    9.546733e-04   -6.242960e-12
   -2.271183e-04    1.757036e-03    4.379325e-11
   -1.716664e-04   -1.155495e-04    2.204318e-10
    5.558201e-04    1.219717e-03    8.937026e-11
    3.395986e-04    9.534617e-04   -2.784491e-10

energy gradient of state 3 =
   -5.644754e-03   -1.967546e-02   -1.666298e-10
    1.341327e-03    4.665590e-02    2.526230e-10
    3.749199e-03    4.648402e-02   -6.733604e-11
   -3.300245e-03    4.863779e-02   -3.121506e-10
   -1.214845e-02   -5.261301e-02    4.427725e-11
    1.429688e-02   -5.588116e-02    8.441790e-11
   -1.563850e-03   -9.170113e-03    1.226292e-10
   -2.741427e-03   -4.622614e-03   -5.611960e-11
    5.695946e-03    1.473702e-03    1.309746e-10
    3.787333e-04   -8.043740e-04   -3.306193e-11
   -2.548356e-04   -1.908682e-03    4.253192e-11
    2.003592e-04    5.043812e-04    1.532063e-10
    1.358470e-04   -4.610636e-04    9.160754e-11
   -1.447296e-04    1.380683e-03   -2.869697e-10

energy gradient of state 4 =
   -1.283260e-02    4.530980e-02    2.009262e-10
    4.099155e-02   -5.719903e-02    1.230983e-11
   -1.168255e-03    6.336607e-02   -2.862139e-10
   -7.229616e-04    8.014818e-02    2.311663e-10
    3.851249e-03   -5.590899e-02    1.072801e-11
   -1.150382e-02   -5.226934e-02    1.515296e-11
    8.917009e-03   -7.314013e-03   -5.157505e-11
   -2.241712e-02   -3.749517e-02    9.231886e-11
   -5.935146e-03    1.340468e-02   -3.937149e-10
   -4.374696e-03    1.505178e-03    6.106865e-11
    4.331926e-03   -2.154865e-03    5.828695e-11
   -3.831072e-03    3.381777e-03    1.434599e-10
    5.265839e-03    4.329809e-03    8.598775e-11
   -5.719021e-04    8.959092e-04   -1.799016e-10

nonadiabatic coupling between state 1 and 2 =
   -1.607359e-08   -4.376697e-09   -2.333804e-01
    1.644293e-08    2.261962e-08    1.948732e-01
    4.939962e-09   -8.285588e-10   -6.510885e-02
   -5.767096e-09   -1.356578e-08    1.297055e-01
    1.213479e-09   -2.493817e-09    4.982055e-02
   -8.086007e-09    7.822881e-09   -1.051166e-01
    5.874755e-09    2.152863e-09   -7.038476e-02
    1.494786e-08   -7.492850e-09   -2.773297e-01
   -1.245684e-08   -1.168742e-09    3.272949e-01
    1.529236e-10   -1.082312e-09    1.396627e-01
   -6.341297e-10   -1.370917e-09   -4.299754e-02
   -5.313223e-10    8.970753e-11    8.704598e-02
   -6.441990e-11   -2.972973e-10   -1.102445e-01
    4.149886e-11   -8.098117e-12   -2.384062e-02

nonadiabatic coupling between state 1 and 3 =
   -3.524674e-02   -6.900951e-03    1.900566e-10
   -1.682411e-02   -1.391488e-02    2.158588e-10
    4.883288e-02   -3.706710e-01    3.822066e-10
    4.835472e-02    3.420331e-01    1.331464e-10
    3.214098e-01    6.411190e-01    3.994176e-10
    3.164701e-01   -6.203557e-01   -7.742837e-10
   -6.938377e-01    6.930350e-03   -1.690324e-10
    1.686329e-02    2.500307e-03    1.510811e-11
    1.047454e-02    3.011019e-02   -2.939064e-10
    8.149738e-04   -9.661829e-03   -2.588521e-10
    1.150468e-03    2.361397e-03   -6.202151e-11
    2.151008e-03    1.563097e-03   -3.194092e-10
    2.814502e-03   -5.016285e-03    4.297537e-10
   -2.342767e-02   -9.679810e-05    1.119575e-10

nonadiabatic coupling between state 1 and 4 =
    2.296291e-09    1.734177e-10    4.904446e-02
   -2.733340e-09   -1.296329e-10   -7.763744e-02
    9.882699e-10   -2.477786e-09    1.668753e-02
    1.040951e-09    2.816932e-09   -7.955742e-02
    1.652742e-09    2.911367e-09    1.302278e-02
    1.646582e-09   -3.291033e-09    1.638496e-02
   -3.718431e-09   -5.797964e-11   -1.922427e-03
   -6.065180e-10   -5.136531e-11   -3.498342e-02
   -9.546052e-10    2.368030e-10    6.976055e-02
   -7.407105e-11   -7.978919e-11    7.277672e-06
    1.342111e-10   -1.526725e-11   -8.306447e-04
    8.313372e-11    1.036020e-10    9.336273e-03
    1.960650e-10   -7.664258e-11    9.462006e-03
    4.872026e-11   -6.262518e-11    1.122552e-02

nonadiabatic coupling between state 2 and 3 =
   -1.196357e-08    1.641051e-09   -5.583343e-02
    4.303768e-09   -1.834163e-09    3.811875e-02
    1.061128e-09   -4.697978e-09    5.581376e-03
    1.304890e-09    4.082639e-09    3.673103e-02
    2.994345e-09    7.185113e-09   -3.249509e-03
    3.246491e-09   -6.005124e-09    1.938502e-02
   -7.576274e-09    7.890115e-11   -1.784920e-02
    4.755418e-09   -1.214573e-09    3.096179e-03
    1.284953e-09    1.012446e-09   -1.068821e-02
   -1.683447e-10   -1.164387e-10    1.538199e-02
    9.436634e-11    1.640642e-11    3.195381e-03
    2.858725e-10   -3.733065e-11   -4.112417e-03
    3.436443e-10   -4.735324e-11   -1.769228e-02
    3.330988e-11   -6.359635e-11   -1.206468e-02

nonadiabatic coupling between state 2 and 4 =
   -1.353250e-01   -1.239176e-02    7.133552e-10
    4.096462e-01    3.570753e-03   -7.583383e-10
   -1.333368e-01    4.028115e-01   -6.849802e-10
   -1.560180e-01   -3.722039e-01    9.269585e-11
   -2.370880e-01   -4.102140e-01   -1.798442e-10
   -2.544160e-01    4.289517e-01    8.038733e-10
    5.390613e-01    8.759656e-03    2.185637e-10
   -6.790815e-03   -5.307756e-02   -2.211528e-10
    5.555611e-02   -2.351328e-02    1.330641e-10
    4.728984e-03    1.511729e-02    2.511548e-10
   -3.120866e-02    3.769571e-03   -1.098145e-10
   -1.450868e-02   -2.304555e-02    3.639851e-10
   -3.222123e-02    1.927836e-02   -4.787347e-10
   -8.079357e-03    1.218724e-02   -1.438274e-10

nonadiabatic coupling between state 3 and 4 =
   -9.045195e-10   -1.983994e-09   -2.731482e-01
   -3.824370e-10    1.858691e-09    1.340711e-01
   -1.739595e-10    8.120832e-10   -7.890161e-02
   -3.872449e-10   -1.620899e-09    1.212037e-01
   -1.084181e-09   -1.309350e-09    1.983652e-02
   -2.959216e-10    1.391119e-09   -2.915213e-02
    1.504502e-09   -1.422628e-10   -8.265217e-03
    1.735870e-10    1.162774e-09    6.049540e-02
    1.697968e-09   -1.773109e-10    5.768526e-02
    8.947374e-11    2.647819e-11    3.626779e-02
   -1.463085e-10    4.596142e-11   -6.457284e-03
    1.102432e-10   -1.195566e-10    8.459428e-03
   -2.223269e-10   -6.181686e-11   -2.146280e-02
    2.112455e-11    1.180831e-10   -2.063196e-02

Tue Dec 20 12:49:30 2022
Mission success
