Evaluation for diabatz
Yifan Shen 2021

Echo of user command line input:
/home/yshen/Software/Mine/diabatz/tools/eval/v1/eval.exe -d default pretrain-IntCoordDef pretrain-SAS.in pretrain-Hd.in pretrain-Hd.net pretrain-11.in pretrain-12.in pretrain-13.in pretrain-14.in pretrain-22.in pretrain-23.in pretrain-24.in pretrain-33.in pretrain-34.in pretrain-44.in default IntCoordDef SAS.in Hd.in Hd.net 11.in 12.in 13.in 14.in 22.in 23.in 24.in 33.in 34.in 44.in -x /home/yshen/C6H7N-aniline/Columbus/fast/2.0/fast-2.0.xyz -a -g

Tue Dec 20 12:49:30 2022

energy =
    1.559403e-01    1.960059e-01    2.650322e-01    3.602893e-01

states are:
   -4.091578e-09    9.994541e-01    5.716649e-10    3.303937e-02
    9.998936e-01    4.111709e-09    1.458630e-02   -8.069138e-10
    9.649380e-10   -3.303937e-02   -1.543509e-09    9.994541e-01
   -1.458630e-02   -6.823965e-10    9.998936e-01    1.535712e-09

energy gradient of state 1 =
   -1.268315e-02   -7.368273e-03    1.037768e-10
    5.292528e-03   -1.471440e-03   -1.384688e-10
   -4.165503e-03    8.245484e-04   -2.020846e-11
    3.792136e-04    1.952736e-03   -1.231839e-10
    6.542282e-04   -1.424052e-03    1.613523e-11
   -1.305722e-04    5.830730e-04    6.564574e-11
    1.264907e-03    1.858885e-03    4.612717e-12
    7.676483e-03    2.763488e-03    3.285222e-12
    2.050649e-04    2.627128e-03   -5.550030e-11
    1.583062e-03    2.087356e-04    2.339505e-11
   -6.434393e-04   -6.955367e-05    6.549935e-11
    6.642489e-04   -2.987146e-04    9.754033e-11
    2.939311e-04   -4.832872e-04    1.147412e-10
   -3.910028e-04    2.967265e-04   -1.572702e-10

energy gradient of state 2 =
   -1.461024e-02    4.804038e-02    1.047007e-10
    4.720686e-02   -7.449305e-02    8.612994e-11
   -2.397405e-02    1.655458e-02   -2.033452e-10
    1.682936e-02    4.521599e-02    1.320237e-10
   -1.299090e-02   -1.628809e-02    1.224921e-10
    1.877530e-02   -1.787652e-02    5.234743e-11
    1.833926e-03    2.501496e-03   -1.247548e-10
   -5.295431e-02   -4.096083e-02   -6.534380e-12
    1.777627e-02    3.314112e-02   -2.773318e-10
    1.867413e-03    5.933643e-04    7.922157e-11
   -4.764085e-04    1.158498e-03    6.151498e-11
   -2.126990e-04    1.582767e-04    1.123695e-10
    6.846581e-04    1.320058e-03    8.912651e-11
    2.448194e-04    9.347293e-04   -2.279604e-10

energy gradient of state 3 =
   -3.166012e-03   -2.457882e-02   -2.016270e-10
    1.220601e-03    4.978881e-02    2.812419e-10
    3.917018e-03    4.442417e-02   -6.484427e-11
   -4.767474e-03    4.578103e-02   -2.969678e-10
   -1.187111e-02   -5.224176e-02    2.409193e-11
    1.287406e-02   -5.263727e-02    4.138804e-11
   -5.332155e-05   -9.298320e-03    1.224307e-10
   -1.099650e-03   -2.251969e-03   -5.413015e-11
    2.587836e-03    1.309272e-03    1.402169e-10
    2.599172e-04   -3.919454e-04    1.588655e-11
   -1.366733e-04   -1.177955e-03    2.875920e-11
    2.145930e-05    5.229594e-04    9.678095e-11
    3.530060e-04   -6.106495e-04    9.793880e-11
   -1.396525e-04    1.362444e-03   -2.311658e-10

energy gradient of state 4 =
   -2.910377e-02    3.150434e-02    3.162680e-10
    3.281965e-02   -6.288528e-02   -4.273168e-11
   -3.116116e-03    7.150389e-02   -2.866371e-10
    1.966085e-03    8.439491e-02    3.042073e-10
    1.166116e-03   -6.148505e-02   -1.798231e-11
   -1.289727e-02   -5.485687e-02   -1.849455e-11
    1.240488e-02   -9.524648e-03   -2.503595e-11
    9.943019e-03   -1.722328e-02    9.832400e-11
   -1.720377e-02    1.089321e-02   -5.107627e-10
   -4.375684e-03   -1.072893e-03    8.764248e-11
    6.259695e-03   -4.310472e-03    7.050705e-11
   -4.485855e-03    5.138359e-03    9.842070e-11
    7.289705e-03    7.329871e-03    7.720033e-11
   -6.666852e-04    5.939025e-04   -1.509256e-10

nonadiabatic coupling between state 1 and 2 =
   -3.706166e-09   -3.296475e-09   -6.615785e-01
    8.274004e-09    1.411236e-08    4.069855e-01
    3.263936e-09   -1.379016e-09   -5.958317e-02
   -4.052977e-09   -8.262458e-09    1.180137e-01
    1.100763e-09   -9.876421e-10    1.797443e-02
   -4.578376e-09    4.663567e-09   -1.300492e-01
    3.142649e-09    1.031917e-09   -3.427335e-02
    6.273431e-09   -4.441962e-09   -1.752775e-02
   -9.379188e-09    2.850408e-11    3.016101e-01
    6.450627e-11   -6.962954e-10    9.763654e-02
   -2.022122e-10   -8.651362e-10    3.168692e-03
   -2.840607e-10   -2.093412e-11    2.956026e-02
    1.276335e-10   -2.804826e-11   -5.409552e-02
   -4.394151e-11    1.416216e-10   -1.784173e-02

nonadiabatic coupling between state 1 and 3 =
   -2.930529e-02   -4.265922e-03   -1.563352e-10
   -2.443723e-02   -2.038875e-02    3.713056e-10
    4.054406e-02   -3.503460e-01    2.316142e-11
    6.341758e-02    3.457228e-01    1.551409e-10
    3.223177e-01    6.277738e-01    2.570359e-10
    3.076746e-01   -6.053179e-01   -5.340562e-10
   -6.871678e-01    5.984293e-03   -4.283430e-11
    9.790402e-03   -1.202791e-02    6.398916e-11
    7.631825e-03    2.519308e-02   -1.753401e-10
    4.863601e-03   -7.328855e-03    2.471860e-11
    7.283739e-04    3.831508e-03   -7.182169e-11
    5.281659e-03    1.862760e-03   -2.526373e-10
    1.408640e-03   -6.633588e-03    3.358744e-10
   -2.274818e-02   -4.059433e-03    1.798649e-12

nonadiabatic coupling between state 1 and 4 =
    2.516161e-09    6.459566e-10    2.538497e-02
   -2.164601e-09   -2.323739e-10   -7.775344e-02
    7.772060e-10   -2.027433e-09    3.064156e-02
    8.793400e-10    2.511306e-09   -8.402975e-02
    1.439492e-09    2.460769e-09    1.652691e-02
    1.452055e-09   -3.001420e-09    1.380822e-02
   -3.269438e-09   -6.492900e-11   -7.719526e-04
   -9.443310e-10   -4.340317e-10   -3.031511e-02
   -1.057662e-09    2.328420e-10    7.904475e-02
   -4.458206e-11   -8.769543e-11   -4.037169e-03
    1.330575e-10   -1.178382e-11    7.581367e-03
    7.358002e-11    9.951392e-11    8.127884e-03
    1.808372e-10   -3.272604e-11    7.470783e-03
    2.888418e-11   -5.799470e-11    8.320987e-03

nonadiabatic coupling between state 2 and 3 =
   -1.384314e-08    1.820535e-09   -2.415224e-03
    5.682997e-09   -1.592320e-09   -2.765999e-02
    6.342622e-10   -4.893984e-09   -1.053724e-02
    1.277514e-09    4.487335e-09    4.141293e-02
    3.642268e-09    7.555746e-09   -6.884254e-03
    3.710324e-09   -6.865155e-09    6.062104e-02
   -8.604324e-09    1.106994e-10   -1.561462e-04
    5.368883e-09   -1.475896e-09   -4.856229e-04
    1.409676e-09    1.032932e-09   -1.746044e-02
    1.150017e-11   -2.510467e-11    2.917598e-02
    1.238368e-10   -5.760919e-11   -3.941332e-03
    2.725612e-10    8.154580e-12   -1.193855e-02
    3.233811e-10   -1.103650e-11   -3.996194e-02
   -9.742747e-12   -9.429789e-11   -9.769194e-03

nonadiabatic coupling between state 2 and 4 =
   -1.440767e-01   -3.720733e-02    6.353930e-10
    3.638155e-01    1.054969e-02   -6.039335e-10
   -1.137881e-01    3.961584e-01   -5.623867e-10
   -1.466277e-01   -3.634571e-01    2.500895e-10
   -2.379066e-01   -4.103280e-01   -3.759291e-10
   -2.645270e-01    4.423702e-01    6.740447e-10
    5.465676e-01    8.100564e-03    1.000830e-11
   -2.696723e-03   -4.693137e-02   -1.416268e-10
    7.729281e-02   -3.022110e-02    4.924980e-11
    5.193931e-03    1.955679e-02    1.284528e-10
   -3.374530e-02   -1.653649e-04   -1.175248e-10
   -1.347619e-02   -2.251088e-02    4.838595e-10
   -3.060760e-02    1.742886e-02   -4.429374e-10
   -5.417898e-03    1.665665e-02    1.324066e-11

nonadiabatic coupling between state 3 and 4 =
   -7.865710e-10   -1.659102e-09   -2.472420e-01
   -5.186081e-10    1.950613e-09    1.247179e-01
    4.651927e-11    2.462785e-10   -7.120255e-02
   -3.888466e-10   -1.335131e-09    1.096467e-01
   -8.204948e-10   -8.205587e-10    1.703353e-02
   -5.862771e-11    1.032341e-09   -2.422613e-02
    9.627137e-10   -9.130527e-11   -7.367133e-03
   -3.147541e-10    8.365861e-10    5.482581e-02
    1.997460e-09   -1.678982e-10    4.751988e-02
    5.431798e-11    6.584876e-11    3.314078e-02
   -1.198949e-10    7.039622e-11   -3.407938e-03
    1.311245e-10   -1.228780e-10    6.445781e-03
   -2.120752e-10   -1.219464e-10   -2.042213e-02
    2.773695e-11    1.167564e-10   -1.946256e-02

Tue Dec 20 12:49:31 2022
Mission success
