Evaluation for diabatz
Yifan Shen 2021

Echo of user command line input:
/home/yshen/Software/Mine/diabatz/tools/eval/v1/eval.exe -d default pretrain-IntCoordDef pretrain-SAS.in pretrain-Hd.in pretrain-Hd.net pretrain-11.in pretrain-12.in pretrain-13.in pretrain-14.in pretrain-22.in pretrain-23.in pretrain-24.in pretrain-33.in pretrain-34.in pretrain-44.in default IntCoordDef SAS.in Hd.in Hd.net 11.in 12.in 13.in 14.in 22.in 23.in 24.in 33.in 34.in 44.in -x /home/yshen/C6H7N-aniline/Columbus/fast/2.1/fast-2.1.xyz -a -g

Tue Dec 20 12:49:32 2022

energy =
    1.549835e-01    2.078219e-01    2.653933e-01    3.590977e-01

states are:
   -1.497341e-09    9.992841e-01   -3.508858e-10   -3.783111e-02
   -9.998776e-01   -1.502770e-09    1.564713e-02   -2.650373e-10
    3.289914e-10   -3.783111e-02    4.634690e-10   -9.992841e-01
    1.564713e-02    3.917301e-10    9.998776e-01    4.540655e-10

energy gradient of state 1 =
   -3.497583e-03   -4.608421e-03   -8.403362e-11
    3.455984e-03   -3.587039e-03    2.527189e-10
   -4.854794e-03    2.189601e-03   -8.300016e-11
    5.842236e-04    2.580855e-03   -7.561932e-11
    1.215583e-03   -1.880573e-03    7.931289e-11
   -5.047035e-04    4.714308e-04    6.037574e-11
    1.027088e-03    1.311350e-03   -1.770585e-10
    2.717241e-03    7.711518e-04   -1.887302e-12
   -2.135693e-03    3.173114e-03    5.391329e-11
    1.515488e-03    9.697024e-07   -8.782087e-11
   -3.754856e-04   -9.506414e-05   -1.002391e-10
    5.032185e-04   -3.944905e-04    1.253861e-10
    4.745143e-04   -2.784844e-04    1.177898e-10
   -1.250822e-04    3.455998e-04   -7.983781e-11

energy gradient of state 2 =
   -2.180723e-02    4.106606e-02    6.829285e-11
    4.992409e-02   -7.660461e-02    6.438611e-11
   -2.615844e-02    1.994820e-02   -8.779634e-11
    1.715523e-02    4.973936e-02   -1.751849e-10
   -1.245025e-02   -1.824066e-02    1.633631e-10
    2.016742e-02   -2.169433e-02    1.911991e-10
    3.416749e-04    3.753061e-03   -1.740998e-10
   -4.526195e-02   -3.569598e-02   -3.659473e-13
    1.657073e-02    3.462975e-02    5.678509e-11
    1.801848e-03    1.494602e-04   -1.197165e-10
   -8.115277e-04    6.460757e-04   -1.105887e-10
   -2.153293e-04    2.792289e-04    1.236360e-10
    6.297913e-04    1.327014e-03    1.275672e-10
    1.139459e-04    6.973780e-04   -1.274772e-10

energy gradient of state 3 =
   -1.225689e-03   -2.811418e-02    3.912321e-11
    1.070478e-04    5.438712e-02   -6.748488e-11
    4.233871e-03    4.261179e-02   -3.430603e-11
   -4.754152e-03    4.525282e-02   -1.837301e-11
   -1.101971e-02   -5.127898e-02    8.324340e-11
    1.266795e-02   -5.241444e-02    7.188156e-11
   -2.428181e-04   -9.921885e-03    6.181480e-12
    6.827020e-04   -5.709811e-04    9.178409e-12
   -1.796099e-04   -1.175922e-04    7.488664e-12
   -1.925603e-04   -1.470665e-04   -4.274863e-11
   -1.408010e-04   -3.977251e-04   -4.068654e-11
   -2.787203e-04    3.295536e-04    5.969261e-11
    5.174719e-04   -8.487265e-04    6.102244e-11
   -1.749905e-04    1.230296e-03   -1.342127e-10

energy gradient of state 4 =
   -2.436307e-02    3.172101e-02   -8.358475e-11
    2.008508e-02   -7.438765e-02    9.748171e-11
   -6.378081e-03    8.160533e-02   -2.479831e-11
    6.647687e-03    9.134742e-02   -1.706360e-10
   -9.931994e-04   -6.716205e-02    7.834322e-11
   -1.322172e-02   -5.942817e-02    8.104871e-11
    1.468517e-02   -1.175221e-02   -7.378070e-11
    2.349259e-02   -6.142929e-03   -1.929276e-11
   -2.717357e-02    7.517844e-03    1.421075e-10
   -3.874535e-03   -4.402600e-03   -5.184357e-11
    7.805178e-03   -6.486974e-03   -4.976519e-11
   -4.903217e-03    6.659528e-03    6.679331e-11
    8.895032e-03    1.033999e-02    6.915931e-11
   -7.033457e-04    5.714669e-04   -6.123247e-11

nonadiabatic coupling between state 1 and 2 =
    8.897199e-10   -1.825432e-09    8.036829e-01
    6.043407e-10    4.591137e-09   -4.669429e-01
    1.539353e-09   -6.878609e-10    3.934659e-02
   -1.621829e-09   -2.685372e-09   -9.454907e-02
    2.079820e-10   -2.111472e-10   -1.341897e-02
   -1.347104e-09    1.589374e-09    1.308937e-01
    1.023413e-09   -2.653468e-10    2.599826e-02
    1.127915e-09   -3.756192e-10   -6.939506e-02
   -2.362296e-09   -1.368256e-10   -2.994189e-01
   -1.496443e-10   -1.381408e-10   -7.140254e-02
    1.043394e-10   -1.689154e-10   -2.293389e-02
   -6.176459e-11    4.893374e-11   -7.493816e-03
    3.672484e-11    6.010220e-11    3.045304e-02
    8.849342e-12    2.051131e-10    1.518061e-02

nonadiabatic coupling between state 1 and 3 =
    2.444021e-02   -2.044017e-03   -2.294948e-10
    2.169028e-02    2.747234e-02    2.115254e-10
   -3.748904e-02    3.384380e-01   -6.172107e-10
   -6.470538e-02   -3.437404e-01    6.720299e-10
   -3.224997e-01   -6.235759e-01   -5.127972e-10
   -3.071320e-01    5.985712e-01    3.925258e-10
    6.880903e-01   -4.998098e-03    7.067118e-12
   -4.728064e-03    1.961126e-02    5.114427e-11
   -5.666344e-03   -2.162102e-02    2.228241e-12
   -6.238965e-03    6.844255e-03    3.802516e-10
   -3.764712e-04   -4.643228e-03   -3.707025e-10
   -6.366761e-03   -1.841419e-03    2.441510e-10
   -1.669818e-03    6.230717e-03   -2.174115e-10
    2.265174e-02    5.296350e-03   -1.330668e-11

nonadiabatic coupling between state 1 and 4 =
   -6.443915e-10   -3.661737e-10   -7.537008e-04
    4.241326e-10    9.661183e-11   -7.297722e-02
   -8.600078e-11    4.418406e-10    4.248444e-02
   -1.370147e-10   -6.298058e-10   -8.552616e-02
   -3.792909e-10   -5.464809e-10    1.602139e-02
   -3.924323e-10    7.484173e-10    1.386460e-02
    8.560700e-10    3.080479e-11   -1.087276e-03
    3.436036e-10    2.040741e-10   -2.355455e-02
    2.277323e-10   -6.605336e-12    8.332704e-02
   -3.100255e-11    2.390387e-11   -5.619402e-03
   -9.268468e-11    1.247573e-11    1.561333e-02
   -3.025002e-11   -3.463262e-11    7.246697e-03
   -6.542879e-11    1.660129e-12    6.257521e-03
    6.957745e-12    2.391000e-11    4.703288e-03

nonadiabatic coupling between state 2 and 3 =
    4.079960e-09   -1.196893e-09    5.733363e-02
   -3.042757e-09    9.937066e-10   -1.039181e-01
    9.865991e-10    1.544552e-09   -2.446844e-02
    5.268311e-10   -1.370426e-09    4.853387e-02
   -1.989258e-09   -2.463251e-09   -6.736711e-03
   -2.025790e-09    2.007695e-09    9.847347e-02
    3.295275e-09   -7.800488e-11    1.786927e-02
   -8.129875e-10    7.378345e-10   -3.278501e-03
   -8.779676e-10   -2.216716e-10   -2.533745e-02
   -3.343241e-10   -2.274904e-10    4.037194e-02
   -3.494633e-10    2.399377e-10   -1.047758e-02
    1.680135e-10   -4.609532e-11   -2.027096e-02
    1.606493e-10    3.685296e-11   -6.097503e-02
    2.152205e-10    4.325295e-11   -7.119390e-03

nonadiabatic coupling between state 2 and 4 =
    1.546822e-01    5.289716e-02    2.981631e-10
   -3.516812e-01   -2.093345e-02   -2.729898e-10
    1.044871e-01   -4.030219e-01    2.682857e-10
    1.507349e-01    3.848820e-01   -3.489065e-10
    2.546125e-01    4.302017e-01   -7.822814e-12
    2.878000e-01   -4.703526e-01    5.214929e-11
   -5.828398e-01   -1.057719e-02    3.106119e-11
   -6.284549e-03    3.321480e-02   -5.155475e-11
   -9.497760e-02    3.607131e-02   -2.706821e-11
   -2.266865e-03   -2.213490e-02   -1.459227e-10
    3.631895e-02    4.345343e-03    1.842082e-10
    1.498575e-02    2.371728e-02    1.232469e-11
    2.976507e-02   -1.612902e-02   -2.265160e-11
    4.663675e-03   -2.218049e-02    3.072430e-11

nonadiabatic coupling between state 3 and 4 =
   -4.549965e-10   -2.920532e-10    2.271918e-01
    7.111282e-11    7.255967e-10   -1.157310e-01
    1.014905e-10    1.661548e-10    6.555994e-02
   -3.408245e-10   -5.616333e-10   -1.023413e-01
   -3.434239e-10   -4.394067e-10   -1.630715e-02
   -6.751494e-11    4.495065e-10    2.049430e-02
    4.786762e-10    5.939746e-11    7.488447e-03
   -1.062877e-10    1.281353e-10   -4.905562e-02
    7.392242e-10   -1.984669e-10   -4.072132e-02
   -3.874624e-11    2.741080e-11   -3.208323e-02
    1.338196e-11    5.519170e-12    1.476917e-03
    1.551500e-11   -4.320662e-11   -4.724274e-03
   -7.081611e-11   -4.082082e-11    1.979018e-02
    3.209208e-12    1.386684e-11    1.896229e-02

Tue Dec 20 12:49:33 2022
Mission success
