Evaluation for diabatz
Yifan Shen 2021

Echo of user command line input:
/home/yshen/Software/Mine/diabatz/tools/eval/v1/eval.exe -d default pretrain-IntCoordDef pretrain-SAS.in pretrain-Hd.in pretrain-Hd.net pretrain-11.in pretrain-12.in pretrain-13.in pretrain-14.in pretrain-22.in pretrain-23.in pretrain-24.in pretrain-33.in pretrain-34.in pretrain-44.in default IntCoordDef SAS.in Hd.in Hd.net 11.in 12.in 13.in 14.in 22.in 23.in 24.in 33.in 34.in 44.in -x /home/yshen/C6H7N-aniline/Columbus/fast/2.2/fast-2.2.xyz -a -g

Tue Dec 20 12:49:33 2022

energy =
    1.547737e-01    2.179696e-01    2.653377e-01    3.563722e-01

states are:
   -1.663504e-09    9.992088e-01   -1.705975e-10    3.977071e-02
    9.998455e-01    1.670317e-09    1.757487e-02   -6.915638e-11
    1.468394e-10   -3.977071e-02   -6.421320e-10    9.992088e-01
   -1.757487e-02    1.155867e-10    9.998455e-01    6.497245e-10

energy gradient of state 1 =
    2.967032e-03   -3.148901e-03    1.327626e-10
    1.973598e-03   -5.274721e-03   -1.603234e-10
   -5.080709e-03    3.397209e-03    1.189629e-12
    8.025451e-04    2.852981e-03    2.551313e-11
    1.365637e-03   -2.481308e-03   -3.440453e-11
   -9.599260e-04    5.670358e-04    8.144145e-12
    1.288001e-03    8.500406e-04    6.753953e-11
    3.243055e-04   -9.415493e-06   -1.201846e-11
   -4.693421e-03    3.733105e-03   -6.483766e-11
    1.285746e-03   -1.479998e-04   -1.880011e-11
   -1.525438e-04   -1.258271e-04    1.042674e-10
    3.154210e-04   -4.103111e-04    4.952792e-11
    5.247048e-04   -1.133117e-04   -9.194384e-11
    3.960869e-05    3.114241e-04   -6.616390e-12

energy gradient of state 2 =
   -2.772300e-02    3.523550e-02   -6.613527e-11
    5.219171e-02   -7.858769e-02    3.564404e-11
   -2.772837e-02    2.273362e-02   -5.246929e-11
    1.727586e-02    5.270113e-02    1.430093e-10
   -1.210227e-02   -1.982021e-02   -1.022792e-11
    2.132599e-02   -2.451532e-02   -9.333147e-11
   -1.053053e-03    4.893105e-03    3.113455e-11
   -3.847820e-02   -3.051546e-02    1.834313e-11
    1.543159e-02    3.586553e-02   -7.545445e-11
    1.700346e-03   -3.601931e-04   -4.445211e-13
   -1.186581e-03    1.895550e-04    1.193802e-10
   -9.823039e-05    3.657922e-04    4.649609e-11
    4.624058e-04    1.336353e-03   -9.437758e-11
   -1.819521e-05    4.782789e-04   -1.566790e-12

energy gradient of state 3 =
   -1.157711e-03   -3.138573e-02   -9.013045e-11
    2.835336e-04    5.842492e-02    9.919064e-11
    3.668073e-03    4.243815e-02    2.040679e-11
   -4.634396e-03    4.605735e-02   -7.907949e-11
   -1.024186e-02   -5.107371e-02   -4.517386e-11
    1.332085e-02   -5.404372e-02   -3.434019e-12
   -1.262702e-03   -1.062245e-02    2.324582e-11
    2.060081e-03    7.362654e-04   -1.251588e-11
   -1.408163e-03   -6.726041e-04    4.886390e-11
   -6.430409e-04    3.721385e-05   -3.092557e-11
    1.872526e-04    6.897910e-05    6.693097e-11
   -5.783523e-04   -8.632192e-06    5.178163e-11
    6.202296e-04   -1.018025e-03   -4.774347e-11
   -2.137878e-04    1.061989e-03   -1.417014e-12

energy gradient of state 4 =
   -4.673747e-03    4.249486e-02    1.385658e-10
    6.201940e-03   -8.815207e-02   -6.241013e-11
   -9.890779e-03    9.230733e-02   -9.510699e-11
    1.140191e-02    9.880031e-02    1.605536e-10
   -2.475541e-03   -7.224430e-02   -3.391058e-11
   -1.308596e-02   -6.417017e-02   -2.016389e-11
    1.588858e-02   -1.417542e-02    2.531095e-11
    2.150444e-02   -3.752364e-03    2.481916e-11
   -3.477063e-02    3.603997e-03   -1.859848e-10
   -3.202024e-03   -8.028151e-03    3.164368e-11
    8.982255e-03   -8.688916e-03    4.569237e-11
   -5.270413e-03    8.077453e-03    2.562939e-11
    1.015256e-02    1.312358e-02   -3.993230e-11
   -7.625828e-04    8.038618e-04   -1.470630e-11

nonadiabatic coupling between state 1 and 2 =
   -2.301183e-09   -1.153121e-09   -8.475229e-01
    1.780876e-09    3.562266e-09    4.780682e-01
    1.372725e-09   -1.090088e-09   -2.031391e-02
   -7.650889e-10   -1.708953e-09    7.206388e-02
    6.291626e-10    8.730496e-10    1.619249e-02
   -8.199412e-10    3.418799e-10   -1.265649e-01
   -2.846173e-10   -1.334950e-11   -2.359829e-02
    1.899312e-09   -6.789774e-10    1.003690e-01
   -1.374690e-09    5.865590e-11    3.010036e-01
   -6.070903e-11   -1.593787e-10    5.326497e-02
    1.895673e-11   -1.411694e-10    3.171881e-02
   -1.574124e-10    1.141585e-10   -3.128879e-03
   -4.119950e-11   -8.840771e-11   -1.773324e-02
    1.038098e-10    8.343426e-11   -1.381892e-02

nonadiabatic coupling between state 1 and 3 =
   -2.460972e-02    3.879998e-03    2.430178e-10
   -1.609278e-02   -3.336234e-02    2.695521e-10
    3.451776e-02   -3.340643e-01   -2.538389e-11
    6.418913e-02    3.461345e-01    6.398035e-10
    3.250474e-01    6.252599e-01   -2.842552e-10
    3.094334e-01   -5.997049e-01   -1.251574e-10
   -6.927566e-01    4.838445e-03   -2.770835e-10
    5.179910e-03   -2.012945e-02    1.908316e-11
    3.395498e-03    1.880984e-02   -3.322967e-10
    6.815250e-03   -7.115338e-03   -9.017471e-11
   -2.570824e-04    5.255759e-03   -3.735607e-10
    6.450737e-03    1.990575e-03    1.043861e-10
    1.705603e-03   -5.820795e-03    8.091232e-11
   -2.301854e-02   -5.971861e-03    1.511570e-10

nonadiabatic coupling between state 1 and 4 =
    1.025673e-09    1.691461e-10   -2.537315e-02
   -6.882716e-10    6.670141e-11   -6.443552e-02
    2.017886e-10   -8.020452e-10    5.290515e-02
    2.714117e-10    7.356072e-10   -8.575483e-02
    5.336878e-10    1.006197e-09    1.234606e-02
    5.591816e-10   -9.199705e-10    1.509742e-02
   -1.210996e-09   -5.331001e-12   -2.182870e-03
   -4.530193e-10   -2.475566e-10   -1.670326e-02
   -4.153247e-10    8.948560e-11    8.345321e-02
    7.871326e-12   -3.115659e-11   -5.823238e-03
    7.089831e-11    5.789754e-12    2.306758e-02
    4.218589e-11    1.825632e-11    6.739124e-03
    5.107090e-11   -3.078170e-11    5.688295e-03
    3.842975e-12   -5.434142e-11    9.760254e-04

nonadiabatic coupling between state 2 and 3 =
   -4.164643e-09    1.491310e-10    1.231436e-01
    1.894953e-09    1.613881e-10   -1.897384e-01
    5.155858e-10   -2.097300e-09   -3.605438e-02
   -3.983261e-10    2.600693e-09    5.901885e-02
    2.159341e-09    3.899982e-09   -3.060840e-03
    2.561226e-09   -3.730853e-09    1.331951e-01
   -4.901539e-09   -2.312341e-10    3.571363e-02
    1.719844e-09   -3.671539e-10   -5.520799e-03
    2.838238e-10    1.204667e-10   -3.453925e-02
   -4.393266e-11    1.903490e-11    4.884841e-02
    4.176040e-10   -1.703903e-10   -1.689264e-02
    5.716367e-11   -7.993556e-11   -2.899867e-02
    8.913775e-12   -1.587295e-10   -8.097283e-02
   -1.100138e-10   -1.150984e-10   -4.141692e-03

nonadiabatic coupling between state 2 and 4 =
   -1.611367e-01   -5.597629e-02    3.320631e-10
    3.652816e-01    3.319028e-02   -7.065427e-10
   -1.016019e-01    4.182341e-01   -1.124139e-10
   -1.643418e-01   -4.237246e-01   -4.069466e-10
   -2.819627e-01   -4.613725e-01    2.721725e-10
   -3.193140e-01    5.059507e-01    5.588851e-10
    6.375710e-01    1.295956e-02    4.617540e-10
    1.270414e-02   -1.976027e-02   -1.612219e-10
    1.079431e-01   -4.125228e-02    1.501054e-10
   -4.298193e-03    2.257630e-02    1.298627e-10
   -3.815818e-02   -8.841595e-03    2.428395e-10
   -1.904324e-02   -2.548336e-02   -5.307886e-11
   -2.837369e-02    1.574752e-02   -3.542241e-10
   -5.269359e-03    2.775243e-02   -3.532543e-10

nonadiabatic coupling between state 3 and 4 =
   -5.362043e-10   -7.385246e-10   -2.063823e-01
   -1.763601e-10    1.100468e-09    1.036641e-01
    1.963815e-10   -3.605768e-10   -6.006789e-02
   -1.735688e-10   -3.829574e-10    9.689821e-02
   -7.481450e-11    1.149167e-10    1.693642e-02
    2.671264e-10    6.867383e-11   -1.729684e-02
   -1.586650e-10    1.398978e-11   -8.481743e-03
   -6.028879e-11    2.425150e-10    4.257044e-02
    7.763772e-10   -1.609948e-11    3.493881e-02
   -1.193819e-11    4.845669e-11    3.194244e-02
   -1.735143e-11    6.755254e-11   -8.634414e-05
    4.942787e-11   -5.995508e-11    3.165615e-03
   -9.126997e-11   -1.110160e-10   -1.905227e-02
    1.114812e-11    1.255686e-11   -1.874859e-02

Tue Dec 20 12:49:34 2022
Mission success
