Evaluation for diabatz
Yifan Shen 2021

Echo of user command line input:
/home/yshen/Software/Mine/diabatz/tools/eval/v1/eval.exe -d default pretrain-IntCoordDef pretrain-SAS.in pretrain-Hd.in pretrain-Hd.net pretrain-11.in pretrain-12.in pretrain-13.in pretrain-14.in pretrain-22.in pretrain-23.in pretrain-24.in pretrain-33.in pretrain-34.in pretrain-44.in default IntCoordDef SAS.in Hd.in Hd.net 11.in 12.in 13.in 14.in 22.in 23.in 24.in 33.in 34.in 44.in -x /home/yshen/C6H7N-aniline/Columbus/fast/2.3/fast-2.3.xyz -a -g

Tue Dec 20 12:49:34 2022

energy =
    1.546739e-01    2.265013e-01    2.650437e-01    3.546811e-01

states are:
   -9.792978e-18    9.992163e-01    7.721056e-19   -3.958207e-02
    9.998203e-01    1.527960e-17    1.895734e-02    1.387255e-16
    1.391359e-16   -3.958207e-02    5.839423e-18   -9.992163e-01
   -1.895734e-02   -8.301738e-19    9.998203e-01    3.236123e-18

energy gradient of state 1 =
    5.300823e-03   -3.048070e-03   -6.727718e-19
    1.113817e-03   -6.422823e-03   -3.980465e-18
   -5.035927e-03    4.227628e-03    3.449976e-18
    1.088683e-03    3.007822e-03   -4.854963e-18
    1.239378e-03   -3.047337e-03    3.157365e-19
   -1.336359e-03    6.344944e-04    1.172447e-18
    1.707218e-03    5.316184e-04   -1.452737e-19
    8.143020e-04    6.539173e-04   -8.413691e-19
   -6.641148e-03    3.948593e-03    3.783157e-18
    9.852366e-04   -1.934632e-04   -4.015176e-19
   -1.678852e-05   -1.296662e-04    1.559868e-18
    1.670352e-04   -3.742606e-04    3.812398e-19
    5.050815e-04   -1.572166e-05    3.326601e-19
    1.086487e-04    2.272680e-04   -9.872410e-20

energy gradient of state 2 =
   -3.356012e-02    2.982098e-02   -1.866547e-18
    5.388456e-02   -8.002047e-02    1.040881e-18
   -2.852688e-02    2.466609e-02   -9.200968e-21
    1.709489e-02    5.419978e-02    1.142498e-19
   -1.195547e-02   -2.088681e-02    4.455598e-20
    2.206957e-02   -2.612284e-02   -2.723617e-19
   -2.036639e-03    5.647985e-03   -5.226999e-20
   -3.190638e-02   -2.527881e-02    2.329545e-19
    1.465687e-02    3.688706e-02    6.672875e-19
    1.580724e-03   -8.486449e-04    8.868249e-20
   -1.487883e-03   -1.987468e-04    7.646716e-20
    5.673318e-05    4.392594e-04   -1.604478e-20
    2.634717e-04    1.370874e-03   -1.987440e-20
   -1.334583e-04    3.243078e-04   -2.877933e-20

energy gradient of state 3 =
   -1.163205e-03   -3.323434e-02   -1.829673e-19
    5.963628e-04    6.007171e-02    8.078100e-20
    2.545124e-03    4.395291e-02   -5.861136e-20
   -4.069302e-03    4.829030e-02    9.905036e-20
   -9.838390e-03   -5.219235e-02    1.928991e-20
    1.414712e-02   -5.683945e-02   -8.216914e-21
   -2.163058e-03   -1.077197e-02   -8.228980e-21
    2.355496e-03    1.336827e-03    3.674458e-20
   -1.727576e-03   -6.301482e-04    2.861365e-20
   -9.173583e-04    1.546069e-04    3.568763e-20
    6.109893e-04    2.482143e-04   -2.740380e-23
   -7.867708e-04   -2.824820e-04    2.338699e-22
    6.645321e-04   -1.039139e-03   -2.300150e-20
   -2.539630e-04    9.353154e-04   -1.934757e-20

energy gradient of state 4 =
    2.039986e-02    5.853932e-02    2.722286e-18
   -6.830002e-03   -1.024334e-01    2.858803e-18
   -1.346555e-02    1.027736e-01   -3.382164e-18
    1.592553e-02    1.063228e-01    4.641663e-18
   -3.406091e-03   -7.663300e-02   -3.795824e-19
   -1.258407e-02   -6.876854e-02   -8.918682e-19
    1.632244e-02   -1.664692e-02    2.057727e-19
    1.137529e-02   -6.600096e-03    5.716700e-19
   -3.968891e-02   -3.404036e-04   -4.479058e-18
   -2.499571e-03   -1.156582e-02    2.771475e-19
    9.801032e-03   -1.077529e-02   -1.636308e-18
   -5.598589e-03    9.373757e-03   -3.654289e-19
    1.109117e-02    1.558064e-02   -2.897842e-19
   -8.425189e-04    1.173387e-03    1.468510e-19

nonadiabatic coupling between state 1 and 2 =
   -3.161564e-17   -1.841602e-17   -8.459368e-01
    8.572082e-17    2.725297e-17    4.683766e-01
   -2.024562e-17    1.030868e-16   -5.059794e-03
   -4.824801e-17   -1.270155e-16    5.340191e-02
   -7.479593e-17   -1.190435e-16    2.035985e-02
   -9.235866e-17    1.395755e-16   -1.208016e-01
    1.734958e-16    2.769144e-18   -2.278854e-02
    1.068929e-17    3.170510e-18    1.059114e-01
    2.406762e-17   -1.830476e-17    3.028830e-01
   -3.376168e-18    5.425412e-18    4.140840e-02
   -9.311079e-18   -3.324977e-18    3.435457e-02
   -6.013875e-18   -6.882322e-18   -8.031912e-03
   -6.418317e-18    3.632247e-18   -1.096115e-02
   -1.590261e-18    8.074554e-18   -1.311591e-02

nonadiabatic coupling between state 1 and 3 =
   -2.734302e-02    2.142901e-03   -2.229222e-17
   -9.209345e-03   -3.611795e-02    1.105538e-17
    3.224461e-02   -3.339221e-01   -5.168289e-18
    6.140993e-02    3.494580e-01    8.995593e-18
    3.273155e-01    6.282039e-01    2.101434e-18
    3.131490e-01   -6.030821e-01   -2.390470e-18
   -6.972168e-01    4.271885e-03   -1.445876e-18
    8.799127e-03   -1.596612e-02    3.921738e-18
    1.179856e-03    1.632961e-02    4.469755e-18
    6.775047e-03   -7.811367e-03    3.238689e-18
   -9.702749e-04    5.755226e-03    5.567492e-19
    5.841143e-03    2.328917e-03    4.683987e-19
    1.614419e-03   -5.560219e-03   -1.418177e-18
   -2.358922e-02   -6.030539e-03   -2.092703e-18

nonadiabatic coupling between state 1 and 4 =
   -1.213577e-17   -4.313593e-17    4.564146e-02
    9.317053e-18    6.689258e-17    5.322096e-02
    4.948490e-18   -6.514506e-17   -6.200873e-02
   -1.185996e-17   -7.507217e-17    8.542815e-02
    1.216113e-18    4.819533e-17   -6.499804e-03
    5.359256e-18    5.143973e-17   -1.635596e-02
   -5.569336e-18    1.207449e-17    3.522268e-03
   -7.144333e-18    4.882952e-18    1.097589e-02
    2.404465e-17    2.579094e-18   -8.021514e-02
    2.309003e-18    8.066845e-18    5.599757e-03
   -7.189855e-18    7.265767e-18   -2.948807e-02
    3.776507e-18   -7.015204e-18   -6.556258e-03
   -7.588982e-18   -1.067356e-17   -5.564245e-03
    5.171580e-19   -3.548637e-19    2.299732e-03

nonadiabatic coupling between state 2 and 3 =
   -4.798384e-18    7.779202e-20    1.956508e-01
    7.987493e-18   -2.634845e-18   -2.863421e-01
   -1.012018e-18   -6.444539e-18   -4.596562e-02
   -5.453373e-19    6.254149e-18    7.361401e-02
    8.206835e-18    1.830495e-17    4.119490e-03
    6.955980e-18   -1.546345e-17    1.675367e-01
   -1.696012e-17    7.217714e-19    5.298278e-02
    1.990711e-19   -1.258720e-18   -6.790471e-03
    2.536526e-18    3.518747e-19   -4.557745e-02
    7.596681e-20    6.010666e-20    5.487171e-02
   -8.307851e-19   -1.716859e-20   -2.389358e-02
   -2.080004e-19   -4.167070e-19   -3.841516e-02
   -4.449127e-19    9.958514e-20   -1.009659e-01
   -1.162311e-18    3.652007e-19   -8.253143e-04

nonadiabatic coupling between state 2 and 4 =
    1.613202e-01    4.614281e-02   -6.435401e-17
   -3.918544e-01   -4.669780e-02    3.718569e-17
    1.019373e-01   -4.331324e-01   -1.974183e-18
    1.810326e-01    4.681559e-01    6.351521e-18
    3.125727e-01    4.944035e-01    1.440762e-18
    3.521101e-01   -5.390979e-01   -9.485148e-18
   -6.956883e-01   -1.560978e-02   -1.596663e-18
   -1.507668e-02    9.555118e-03    8.491328e-18
   -1.156104e-01    4.558577e-02    2.154699e-17
    1.311089e-02   -2.133885e-02    3.459354e-18
    3.890350e-02    1.347930e-02    1.923515e-18
    2.438270e-02    2.710965e-02   -8.475247e-19
    2.614459e-02   -1.585569e-02   -1.169154e-18
    6.715162e-03   -3.269968e-02   -9.724740e-19

nonadiabatic coupling between state 3 and 4 =
   -5.953927e-18   -5.603739e-18    1.817532e-01
   -1.388933e-18    4.431886e-18   -8.816606e-02
    6.630758e-18   -6.118596e-17    5.391886e-02
    9.314542e-18    5.621882e-17   -9.128132e-02
    5.569521e-17    1.092192e-16   -1.818162e-02
    5.547750e-17   -1.025854e-16    1.445098e-02
   -1.207659e-16    1.101599e-18    9.924616e-03
    9.002009e-19   -2.198769e-18   -3.521328e-02
    2.596070e-18    2.803821e-18   -2.901719e-02
    1.270201e-18   -5.830077e-19   -3.176548e-02
   -7.369195e-19    1.714186e-18   -9.204382e-04
    1.330817e-18   -2.133479e-19   -1.744156e-03
   -3.864732e-19   -2.048925e-18    1.787497e-02
   -3.983110e-18   -1.070292e-18    1.836695e-02

Tue Dec 20 12:49:35 2022
Mission success
