Evaluation for diabatz
Yifan Shen 2021

Echo of user command line input:
/home/yshen/Software/Mine/diabatz/tools/eval/v1/eval.exe -d default pretrain-IntCoordDef pretrain-SAS.in pretrain-Hd.in pretrain-Hd.net pretrain-11.in pretrain-12.in pretrain-13.in pretrain-14.in pretrain-22.in pretrain-23.in pretrain-24.in pretrain-33.in pretrain-34.in pretrain-44.in default IntCoordDef SAS.in Hd.in Hd.net 11.in 12.in 13.in 14.in 22.in 23.in 24.in 33.in 34.in 44.in -x /home/yshen/C6H7N-aniline/Columbus/fast/2.4/fast-2.4.xyz -a -g

Tue Dec 20 12:49:35 2022

energy =
    1.542881e-01    2.334639e-01    2.647483e-01    3.551273e-01

states are:
    8.104604e-18    9.992701e-01   -8.743071e-19   -3.819963e-02
    9.998161e-01   -1.337374e-17    1.917816e-02   -1.381593e-16
   -1.384824e-16   -3.819963e-02   -5.856230e-18   -9.992701e-01
   -1.917816e-02    9.066136e-19    9.998161e-01   -3.236309e-18

energy gradient of state 1 =
    5.124680e-03   -3.199336e-03    1.595992e-18
    7.225333e-04   -7.029652e-03    3.206615e-18
   -4.854112e-03    4.672217e-03   -3.835838e-18
    1.452018e-03    3.190466e-03    4.790077e-18
    9.613884e-04   -3.494216e-03    7.321077e-20
   -1.561388e-03    5.618990e-04   -1.186174e-18
    2.082221e-03    3.361581e-04    2.158273e-19
    2.330587e-03    1.707559e-03    5.874547e-19
   -7.599593e-03    3.671050e-03   -3.496052e-18
    6.695180e-04   -1.576635e-04    3.771414e-19
    3.331641e-05   -1.063394e-04   -1.840144e-18
    7.608629e-05   -3.069572e-04   -3.878420e-19
    4.574728e-04    1.946955e-05   -3.351879e-19
    1.052719e-04    1.353448e-04    2.349213e-19

energy gradient of state 2 =
   -3.944188e-02    2.480116e-02    1.750809e-18
    5.501624e-02   -8.072690e-02   -9.675141e-19
   -2.857648e-02    2.565893e-02   -1.491983e-20
    1.662385e-02    5.442964e-02   -7.913355e-20
   -1.195681e-02   -2.133565e-02   -5.023075e-20
    2.237427e-02   -2.655409e-02    2.520848e-19
   -2.539211e-03    5.914987e-03    4.980601e-20
   -2.570177e-02   -2.027078e-02   -2.087194e-19
    1.434912e-02    3.771521e-02   -6.471898e-19
    1.446831e-03   -1.272016e-03   -7.105908e-20
   -1.647185e-03   -5.001943e-04   -7.149417e-20
    1.806215e-04    4.870474e-04    1.815781e-20
    1.015654e-04    1.418710e-03    1.216051e-20
   -2.291637e-04    2.339606e-04    2.724255e-20

energy gradient of state 3 =
   -3.508193e-04   -3.336927e-02    1.529510e-19
    2.711476e-04    5.926217e-02   -5.935222e-20
    1.372921e-03    4.646582e-02    5.278881e-20
   -3.022065e-03    5.134773e-02   -9.433107e-20
   -9.988166e-03   -5.437053e-02   -2.139308e-20
    1.475239e-02   -5.992832e-02    4.557982e-21
   -2.496010e-03   -1.026593e-02    9.319929e-21
    1.730421e-03    1.377907e-03   -2.906366e-20
   -1.724184e-03   -5.136018e-04   -2.196173e-20
   -1.024441e-03    1.889332e-04   -3.554260e-20
    9.689123e-04    2.195767e-04   -3.143686e-22
   -8.697300e-04   -3.893688e-04    1.396958e-21
    6.713273e-04   -9.160950e-04    2.228722e-20
   -2.917086e-04    8.909720e-04    1.865687e-20

energy gradient of state 4 =
    4.371879e-02    7.534389e-02   -3.499752e-18
   -1.783882e-02   -1.160800e-01   -2.179748e-18
   -1.695471e-02    1.124463e-01    3.797969e-18
    2.005509e-02    1.135853e-01   -4.616613e-18
   -3.967273e-03   -8.036439e-02   -1.586938e-21
   -1.184334e-02   -7.299509e-02    9.295314e-19
    1.626283e-02   -1.901213e-02   -2.749532e-19
   -6.352893e-04   -1.130251e-02   -3.496717e-19
   -4.224681e-02   -3.987642e-03    4.165204e-18
   -1.831364e-03   -1.476903e-02   -2.705397e-19
    1.031986e-02   -1.265779e-02    1.911953e-18
   -5.882400e-03    1.052932e-02    3.682872e-19
    1.176314e-02    1.767105e-02    3.007402e-19
   -9.197200e-04    1.592741e-03   -2.808207e-19

nonadiabatic coupling between state 1 and 2 =
    2.555818e-17    1.042262e-17   -8.205359e-01
   -7.987289e-17   -2.515032e-17    4.488131e-01
    1.785973e-17   -9.033638e-17    5.997061e-03
    4.408869e-17    1.165352e-16    3.910457e-02
    7.016437e-17    1.079592e-16    2.397114e-02
    8.473271e-17   -1.242503e-16   -1.150025e-01
   -1.590825e-16   -2.924325e-18   -2.217585e-02
   -7.793304e-18   -3.086165e-18    9.830943e-02
   -2.131794e-17    1.611935e-17    3.041307e-01
    4.898359e-18   -4.220543e-18    3.463795e-02
    7.870456e-18    3.709675e-18    3.310495e-02
    6.322932e-18    6.093936e-18   -9.493644e-03
    4.852346e-18   -3.182294e-18   -8.063890e-03
    1.718886e-18   -7.689594e-18   -1.279709e-02

nonadiabatic coupling between state 1 and 3 =
   -2.968387e-02   -1.277075e-03    1.949751e-17
   -1.882406e-03   -3.511761e-02   -9.263465e-18
    3.056263e-02   -3.353557e-01    4.420634e-18
    5.660359e-02    3.507120e-01   -8.374913e-18
    3.280727e-01    6.294742e-01   -2.160813e-18
    3.164226e-01   -6.048086e-01    2.004335e-18
   -6.988778e-01    2.931846e-03    1.607311e-18
    1.223070e-02   -1.011650e-02   -3.117272e-18
   -3.398725e-04    1.417095e-02   -3.750971e-18
    6.271311e-03   -8.598971e-03   -3.257789e-18
   -1.653534e-03    6.192718e-03   -6.782233e-19
    4.868700e-03    2.605442e-03   -3.110280e-19
    1.516490e-03   -5.296447e-03    1.324746e-18
   -2.411120e-02   -5.516259e-03    2.059942e-18

nonadiabatic coupling between state 1 and 4 =
    2.789470e-17    5.421807e-17    6.014419e-02
   -1.615861e-17   -7.533947e-17    4.066104e-02
   -7.582759e-18    7.160006e-17   -6.939276e-02
    1.419128e-17    7.886988e-17    8.487440e-02
   -1.695923e-18   -5.066330e-17    4.036964e-04
   -5.019382e-18   -5.316438e-17   -1.699149e-02
    5.983776e-18   -1.345890e-17    4.739283e-03
   -2.195687e-18   -8.886893e-18    6.834194e-03
   -2.477478e-17   -4.915385e-18   -7.466304e-02
   -1.557582e-18   -1.017095e-17    5.476065e-03
    7.388880e-18   -8.504701e-18   -3.444493e-02
   -3.871201e-18    7.668965e-18   -6.630210e-03
    7.955194e-18    1.202164e-17   -5.735468e-03
   -5.579037e-19    7.253776e-19    4.725037e-03

nonadiabatic coupling between state 2 and 3 =
    5.788463e-18   -5.344710e-19    2.748639e-01
   -1.065516e-17    3.203204e-18   -3.929060e-01
    1.533861e-18    6.190297e-18   -5.422941e-02
    1.389890e-18   -5.040781e-18    9.276868e-02
   -7.695411e-18   -1.853331e-17    1.452874e-02
   -6.443481e-18    1.504784e-17    2.032609e-01
    1.603030e-17   -8.922987e-19    6.862097e-02
   -3.388040e-19    9.970064e-19   -7.180718e-03
   -3.017965e-18   -3.476536e-19   -5.895343e-02
    1.658227e-19    2.720155e-21    5.845908e-02
    1.012385e-18    1.289748e-19   -3.215933e-02
    4.277397e-19    5.012853e-19   -4.843707e-02
    4.699527e-19   -1.664338e-19   -1.213717e-01
    1.332404e-18   -5.563746e-19    2.735379e-03

nonadiabatic coupling between state 2 and 4 =
    1.561116e-01    2.681354e-02    7.205764e-17
   -4.197324e-01   -5.965290e-02   -4.066590e-17
    1.029555e-01   -4.410784e-01    1.099865e-18
    1.954700e-01    5.069303e-01   -5.571063e-18
    3.396015e-01    5.203766e-01   -2.194253e-18
    3.789431e-01   -5.614352e-01    1.040719e-17
   -7.431372e-01   -1.824230e-02    1.789491e-18
   -1.444213e-02    3.014450e-03   -8.986996e-18
   -1.179706e-01    4.878107e-02   -2.559901e-17
    2.244122e-02   -1.896787e-02   -3.336909e-18
    3.844249e-02    1.777235e-02   -2.165388e-18
    2.969791e-02    2.807872e-02    1.072623e-18
    2.314787e-02   -1.609178e-02    1.042890e-18
    8.471271e-03   -3.629858e-02    1.049816e-18

nonadiabatic coupling between state 3 and 4 =
    7.742306e-18    7.271295e-18    1.542820e-01
   -4.943971e-19   -5.439757e-18   -7.081118e-02
   -6.440984e-18    6.127364e-17    4.754866e-02
   -8.220113e-18   -5.557326e-17   -8.512532e-02
   -5.526723e-17   -1.083716e-16   -1.955420e-02
   -5.545965e-17    1.017016e-16    1.205469e-02
    1.198072e-16   -1.048327e-18    1.138399e-02
   -2.205343e-18    8.787889e-19   -2.759447e-02
   -2.478206e-18   -2.660250e-18   -2.289777e-02
   -1.130462e-18    4.936278e-19   -3.117546e-02
    8.543192e-19   -1.899125e-18   -1.524880e-03
   -1.173994e-18    2.467750e-19   -5.384831e-04
    4.461233e-19    2.118222e-18    1.631035e-02
    4.020451e-18    1.008324e-18    1.764211e-02

Tue Dec 20 12:49:36 2022
Mission success
