Evaluation for diabatz
Yifan Shen 2021

Echo of user command line input:
/home/yshen/Software/Mine/diabatz/tools/eval/v1/eval.exe -d default pretrain-IntCoordDef pretrain-SAS.in pretrain-Hd.in pretrain-Hd.net pretrain-11.in pretrain-12.in pretrain-13.in pretrain-14.in pretrain-22.in pretrain-23.in pretrain-24.in pretrain-33.in pretrain-34.in pretrain-44.in default IntCoordDef SAS.in Hd.in Hd.net 11.in 12.in 13.in 14.in 22.in 23.in 24.in 33.in 34.in 44.in -x /home/yshen/C6H7N-aniline/Columbus/fast/2.5/fast-2.5.xyz -a -g

Tue Dec 20 12:49:36 2022

energy =
    1.535834e-01    2.389661e-01    2.645707e-01    3.577557e-01

states are:
   -1.373670e-17    9.993393e-01    1.841854e-18   -3.634549e-02
    9.998317e-01    2.359537e-17    1.834837e-02    2.718132e-16
    2.723377e-16   -3.634549e-02    1.086331e-17   -9.993393e-01
   -1.834837e-02   -1.879057e-18    9.998317e-01    5.936743e-18

energy gradient of state 1 =
    3.999174e-03   -2.917855e-03   -4.498687e-18
    5.396755e-04   -7.167519e-03   -4.838003e-18
   -4.616748e-03    4.823409e-03    8.241203e-18
    1.874348e-03    3.451968e-03   -9.458912e-18
    6.060621e-04   -3.828609e-03   -9.216736e-19
   -1.633365e-03    3.425269e-04    2.316434e-18
    2.353656e-03    2.286487e-04   -5.423945e-19
    3.549851e-03    2.437613e-03   -8.022608e-19
   -7.553572e-03    2.922105e-03    6.312900e-18
    3.679895e-04   -7.628548e-05   -7.509782e-19
    1.723228e-05   -6.636156e-05    4.075695e-18
    3.660538e-05   -2.240509e-04    7.977155e-19
    4.041560e-04    1.100305e-05    7.053868e-19
    5.493551e-05    6.340718e-05   -6.364249e-19

energy gradient of state 2 =
   -4.525219e-02    2.022686e-02   -3.191292e-18
    5.568071e-02   -8.071420e-02    1.753765e-18
   -2.801987e-02    2.577150e-02    5.870336e-20
    1.594059e-02    5.367230e-02    1.067949e-19
   -1.205333e-02   -2.118110e-02    1.052892e-19
    2.233082e-02   -2.601157e-02   -4.608000e-19
   -2.636557e-03    5.732738e-03   -9.225836e-20
   -2.002401e-02   -1.569563e-02    3.414739e-19
    1.444372e-02    3.837335e-02    1.236282e-18
    1.302194e-03   -1.606019e-03    1.230643e-19
   -1.654096e-03   -7.034911e-04    1.225445e-19
    2.426226e-04    4.927762e-04   -3.137716e-20
    5.641195e-06    1.456822e-03   -2.047286e-20
   -3.062390e-04    1.856515e-04   -5.171591e-20

energy gradient of state 3 =
    8.611252e-04   -3.238932e-02   -2.319852e-19
   -7.332461e-04    5.712796e-02    7.227551e-20
    5.033273e-04    4.908982e-02   -8.949600e-20
   -1.769252e-03    5.439109e-02    1.693055e-19
   -1.061673e-02   -5.687506e-02    4.435024e-20
    1.515415e-02   -6.264287e-02   -3.017892e-21
   -2.341121e-03   -9.435681e-03   -1.955676e-20
    9.148555e-04    1.277131e-03    4.136415e-20
   -1.624374e-03   -6.057183e-04    2.919982e-20
   -1.069332e-03    1.407459e-04    6.586686e-20
    1.230990e-03    6.483446e-05    4.349776e-22
   -8.505080e-04   -3.578119e-04   -5.122676e-21
    6.613273e-04   -7.130993e-04   -4.021794e-20
   -3.212107e-04    9.279813e-04   -3.340052e-20

energy gradient of state 4 =
    6.173899e-02    9.021071e-02    7.921964e-18
   -2.641063e-02   -1.284696e-01    3.011962e-18
   -2.025834e-02    1.210314e-01   -8.210410e-18
    2.371097e-02    1.203651e-01    9.182812e-18
   -4.316349e-03   -8.351485e-02    7.720342e-19
   -1.095462e-02   -7.673300e-02   -1.852616e-18
    1.593063e-02   -2.115766e-02    6.542096e-19
   -1.086722e-02   -1.566229e-02    4.194228e-19
   -4.307142e-02   -7.192329e-03   -7.578381e-18
   -1.227573e-03   -1.752269e-02    5.620471e-19
    1.060621e-02   -1.429469e-02   -4.198674e-18
   -6.118518e-03    1.153218e-02   -7.612157e-19
    1.221725e-02    1.939716e-02   -6.446960e-19
   -9.793743e-04    2.010515e-03    7.215413e-19

nonadiabatic coupling between state 1 and 2 =
   -4.207694e-17   -7.625410e-18   -7.844367e-01
    1.514415e-16    4.701668e-17    4.254325e-01
   -3.264053e-17    1.609093e-16    1.344483e-02
   -8.129387e-17   -2.160172e-16    2.860880e-02
   -1.326195e-16   -1.983139e-16    2.660200e-02
   -1.566887e-16    2.235562e-16   -1.098044e-01
    2.943486e-16    6.267390e-18   -2.138303e-02
    1.115790e-17    5.240361e-18    8.451169e-02
    3.772871e-17   -2.897066e-17    3.050580e-01
   -1.188429e-17    6.523265e-18    3.159402e-02
   -1.351666e-17   -7.857306e-18    2.960300e-02
   -1.290975e-17   -1.087088e-17   -8.851177e-03
   -7.369884e-18    5.735440e-18   -7.675796e-03
   -3.676558e-18    1.440667e-17   -1.270365e-02

nonadiabatic coupling between state 1 and 3 =
   -3.037996e-02   -4.437466e-03   -3.317191e-17
    5.435133e-03   -3.108432e-02    1.494273e-17
    2.956906e-02   -3.370714e-01   -7.681458e-18
    5.030306e-02    3.488948e-01    1.570679e-17
    3.270719e-01    6.284647e-01    4.473089e-18
    3.187183e-01   -6.038851e-01   -3.424883e-18
   -6.975706e-01    9.374867e-04   -3.440698e-18
    1.362018e-02   -4.877975e-03    4.740161e-18
   -8.630883e-04    1.248280e-02    6.004233e-18
    5.470329e-03   -9.284280e-03    6.484857e-18
   -2.215458e-03    6.584288e-03    1.419304e-18
    3.809449e-03    2.680211e-03    3.586429e-19
    1.489329e-03   -4.879860e-03   -2.443944e-18
   -2.445757e-02   -4.523829e-03   -3.966919e-18

nonadiabatic coupling between state 1 and 4 =
   -7.903331e-17   -1.239819e-16    6.908377e-02
    4.195376e-17    1.621798e-16    2.814023e-02
    1.956665e-17   -1.505803e-16   -7.478072e-02
   -3.156734e-17   -1.608127e-16    8.422850e-02
    3.563161e-18    1.024128e-16    7.341083e-03
    8.858993e-18    1.067902e-16   -1.688836e-02
   -1.159922e-17    2.874421e-17    5.667199e-03
    1.943280e-17    2.406136e-17    4.158468e-03
    4.884612e-17    1.283571e-17   -6.800353e-02
    1.732983e-18    2.337915e-17    5.620763e-03
   -1.461073e-17    1.867867e-17   -3.781770e-02
    7.745043e-18   -1.601414e-17   -6.869230e-03
   -1.598085e-17   -2.560014e-17   -6.079666e-03
    1.091942e-18   -2.092673e-18    6.199187e-03

nonadiabatic coupling between state 2 and 3 =
   -1.319181e-17    2.351760e-18    3.578907e-01
    2.609497e-17   -7.399211e-18   -5.046790e-01
   -3.819805e-18   -1.356879e-17   -6.024510e-02
   -4.213993e-18    8.676744e-18    1.165163e-01
    1.524509e-17    3.930072e-17    2.750020e-02
    1.300537e-17   -3.093039e-17    2.403633e-01
   -3.234880e-17    1.997310e-18    8.088937e-02
    8.373880e-19   -1.429303e-18   -6.930278e-03
    6.693600e-18    9.133498e-19   -7.470636e-02
   -8.633099e-19   -2.338754e-19    5.944355e-02
   -2.264713e-18   -4.445952e-19   -4.202963e-02
   -1.270520e-18   -1.107816e-18   -5.852006e-02
   -8.870859e-19    4.442165e-19   -1.417502e-01
   -3.016381e-18    1.429878e-18    6.257254e-03

nonadiabatic coupling between state 2 and 4 =
    1.475393e-01    3.253026e-03   -1.496656e-16
   -4.410912e-01   -7.039984e-02    8.308576e-17
    1.033495e-01   -4.394052e-01   -6.006311e-19
    2.045444e-01    5.330503e-01    9.370327e-18
    3.585355e-01    5.342913e-01    5.580748e-18
    3.954479e-01   -5.692027e-01   -2.157195e-17
   -7.716852e-01   -2.061703e-02   -3.768917e-18
   -1.233100e-02   -5.652161e-04    1.667768e-17
   -1.159257e-01    5.063566e-02    5.664781e-17
    3.073309e-02   -1.609357e-02    6.571512e-18
    3.699793e-02    2.122311e-02    4.147637e-18
    3.398772e-02    2.822478e-02   -2.145450e-18
    1.978409e-02   -1.620947e-02   -2.095960e-18
    1.011373e-02   -3.818515e-02   -2.232923e-18

nonadiabatic coupling between state 3 and 4 =
   -1.669378e-17   -1.580086e-17    1.269730e-01
    3.955496e-18    1.156830e-17   -5.385838e-02
    1.219142e-17   -1.183046e-16    4.177147e-02
    1.366612e-17    1.061364e-16   -7.892922e-02
    1.057487e-16    2.074516e-16   -2.078572e-02
    1.069128e-16   -1.947887e-16    1.022436e-02
   -2.292679e-16    1.639373e-18    1.254865e-02
    5.765265e-18    4.062810e-19   -2.057110e-02
    4.365474e-18    4.904300e-18   -1.706068e-02
    1.845155e-18   -9.631603e-19   -3.019343e-02
   -1.747593e-18    3.852721e-18   -1.742269e-03
    1.912728e-18   -4.745145e-19    3.880336e-04
   -8.362303e-19   -3.966098e-18    1.460062e-02
   -7.817627e-18   -1.660988e-18    1.663470e-02

Tue Dec 20 12:49:37 2022
Mission success
