Evaluation for diabatz
Yifan Shen 2021

Echo of user command line input:
/home/yshen/Software/Mine/diabatz/tools/eval/v1/eval.exe -d default pretrain-IntCoordDef pretrain-SAS.in pretrain-Hd.in pretrain-Hd.net pretrain-11.in pretrain-12.in pretrain-13.in pretrain-14.in pretrain-22.in pretrain-23.in pretrain-24.in pretrain-33.in pretrain-34.in pretrain-44.in default IntCoordDef SAS.in Hd.in Hd.net 11.in 12.in 13.in 14.in 22.in 23.in 24.in 33.in 34.in 44.in -x /home/yshen/C6H7N-aniline/Columbus/fast/2.6/fast-2.6.xyz -a -g

Tue Dec 20 12:49:37 2022

energy =
    1.526967e-01    2.431528e-01    2.644955e-01    3.620668e-01

states are:
    5.999008e-18    9.994065e-01   -9.227478e-19   -3.444838e-02
    9.998570e-01   -1.055431e-17    1.691067e-02   -1.325317e-16
   -1.327548e-16   -3.444838e-02   -4.778682e-18   -9.994065e-01
   -1.691067e-02    9.361967e-19    9.998570e-01   -2.566799e-18

energy gradient of state 1 =
    2.677578e-03   -2.125632e-03    2.661062e-18
    3.794738e-04   -6.935604e-03    1.697098e-18
   -4.369664e-03    4.795168e-03   -4.306840e-18
    2.326741e-03    3.783984e-03    4.673804e-18
    2.126605e-04   -4.094040e-03    8.084685e-19
   -1.594464e-03    2.315858e-05   -1.103204e-18
    2.544857e-03    1.762769e-04    3.098600e-19
    4.092149e-03    2.693426e-03    2.736739e-19
   -6.690380e-03    1.818297e-03   -2.813609e-18
    9.255890e-05    2.098714e-05    3.913840e-19
   -4.254421e-05   -1.910393e-05   -2.160054e-18
    3.477807e-05   -1.389602e-04   -4.116101e-19
    3.574144e-04   -2.021708e-05   -3.769511e-19
   -2.115799e-05    2.225905e-05    3.569183e-19

energy gradient of state 2 =
   -5.080093e-02    1.612641e-02    1.441140e-18
    5.600223e-02   -8.009702e-02   -7.885140e-19
   -2.706048e-02    2.518151e-02   -3.689673e-20
    1.514648e-02    5.225048e-02   -3.541785e-20
   -1.220851e-02   -2.054352e-02   -5.290498e-20
    2.206696e-02   -2.479021e-02    2.106316e-19
   -2.453201e-03    5.218918e-03    4.184569e-20
   -1.497669e-02   -1.165416e-02   -1.318218e-19
    1.481885e-02    3.888418e-02   -5.884992e-19
    1.152803e-03   -1.842704e-03   -5.732749e-20
   -1.538747e-03   -8.104424e-04   -4.970730e-20
    2.433298e-04    4.497729e-04    1.128745e-20
   -2.505415e-05    1.469921e-03    1.152636e-20
   -3.670478e-04    1.568678e-04    2.465799e-20

energy gradient of state 3 =
    1.823194e-03   -3.102121e-02    8.199814e-20
   -2.068080e-03    5.492415e-02   -1.676499e-20
    4.150474e-05    5.118671e-02    3.684214e-20
   -6.228468e-04    5.681709e-02   -7.338825e-20
   -1.148694e-02   -5.904582e-02   -2.176171e-20
    1.548731e-02   -6.465836e-02   -5.715012e-22
   -1.959935e-03   -8.662323e-03    9.628653e-21
    3.935890e-04    1.270558e-03   -1.361462e-20
   -1.419832e-03   -9.529459e-04   -8.242628e-21
   -1.137555e-03    4.134947e-05   -2.907553e-20
    1.421488e-03   -1.373588e-04    1.509299e-22
   -7.793599e-04   -2.729756e-04    3.167109e-21
    6.473966e-04   -5.044361e-04    1.738294e-20
   -3.399357e-04    1.015577e-03    1.424932e-20

energy gradient of state 4 =
    7.369516e-02    1.020268e-01   -4.184200e-18
   -3.267937e-02   -1.393445e-01   -8.918194e-19
   -2.330827e-02    1.284347e-01    4.306895e-18
    2.688548e-02    1.265405e-01   -4.564998e-18
   -4.572379e-03   -8.616949e-02   -7.338018e-19
   -9.988584e-03   -7.996133e-02    8.931443e-19
    1.549161e-02   -2.302277e-02   -3.613344e-19
   -1.790928e-02   -1.866423e-02   -1.282375e-19
   -4.281294e-02   -9.922327e-03    3.410351e-18
   -7.008467e-04   -1.980971e-02   -3.049810e-19
    1.072404e-02   -1.568219e-02    2.209610e-18
   -6.307473e-03    1.238260e-02    3.971555e-19
    1.250169e-02    2.079356e-02    3.480418e-19
   -1.018824e-03    2.398404e-03   -3.958256e-19

nonadiabatic coupling between state 1 and 2 =
    1.770091e-17   -1.301294e-18   -7.463105e-01
   -7.236903e-17   -2.217675e-17    4.020249e-01
    1.527640e-17   -7.269622e-17    1.822665e-02
    3.772208e-17    1.009047e-16    2.096159e-02
    6.297136e-17    9.199646e-17    2.837930e-02
    7.292644e-17   -1.016270e-16   -1.054728e-01
   -1.371542e-16   -3.347128e-18   -2.039649e-02
   -3.944810e-18   -2.063952e-18    6.883894e-02
   -1.682090e-17    1.326169e-17    3.062342e-01
    6.583768e-18   -2.538227e-18    3.096042e-02
    5.915228e-18    4.021781e-18    2.509542e-02
    6.436248e-18    4.893354e-18   -7.050957e-03
    2.834987e-18   -2.635670e-18   -8.752281e-03
    1.921502e-18   -6.691738e-18   -1.273841e-02

nonadiabatic coupling between state 1 and 3 =
   -2.977198e-02   -6.253934e-03    1.386101e-17
    1.250218e-02   -2.535508e-02   -5.845157e-18
    2.939739e-02   -3.387211e-01    3.444133e-18
    4.317095e-02    3.445043e-01   -7.439274e-18
    3.247520e-01    6.259327e-01   -2.324952e-18
    3.203563e-01   -6.010876e-01    1.512563e-18
   -6.945441e-01   -1.352299e-03    1.784256e-18
    1.294210e-02   -1.232297e-03   -1.734365e-18
   -5.176752e-04    1.134045e-02   -2.308447e-18
    4.529263e-03   -9.810307e-03   -3.201171e-18
   -2.605265e-03    6.924278e-03   -6.753612e-19
    2.836187e-03    2.558223e-03   -7.725810e-20
    1.568976e-03   -4.262192e-03    1.122290e-18
   -2.461624e-02   -3.185120e-03    1.881734e-18

nonadiabatic coupling between state 1 and 4 =
    4.583602e-17    6.579557e-17    7.369721e-02
   -2.366745e-17   -8.417950e-17    1.673741e-02
   -1.144101e-17    7.651986e-17   -7.827057e-02
    1.667480e-17    8.005593e-17    8.353530e-02
   -1.651115e-18   -5.031931e-17    1.359660e-02
   -3.725343e-18   -5.244707e-17   -1.625269e-02
    5.289477e-18   -1.481030e-17    6.289099e-03
   -1.401322e-17   -1.352323e-17    2.560906e-03
   -2.351997e-17   -7.149980e-18   -6.127837e-02
   -2.910997e-19   -1.260145e-17    5.988574e-03
    7.028750e-18   -9.786288e-18   -3.980576e-02
   -3.799132e-18    8.082094e-18   -7.177334e-03
    7.778917e-18    1.308320e-17   -6.493870e-03
   -4.996143e-19    1.280478e-18    6.873484e-03

nonadiabatic coupling between state 2 and 3 =
    7.204236e-18   -1.854604e-18    4.390423e-01
   -1.488639e-17    4.103722e-18   -6.136496e-01
    2.087856e-18    8.175632e-18   -6.331479e-02
    2.615931e-18   -4.309911e-18    1.441236e-01
   -8.090573e-18   -2.166305e-17    4.193626e-02
   -7.222951e-18    1.676240e-17    2.773260e-01
    1.756161e-17   -1.023137e-18    8.806069e-02
   -4.368536e-19    4.675526e-19   -6.246589e-03
   -3.521564e-18   -6.697752e-19   -9.217420e-02
    6.609428e-19    2.544722e-19    5.778693e-02
    1.186433e-18    2.723962e-19   -5.334197e-02
    7.925297e-19    5.744496e-19   -6.784469e-02
    3.797248e-19   -2.656977e-19   -1.610491e-01
    1.669070e-18   -8.244485e-19    9.345280e-03

nonadiabatic coupling between state 2 and 4 =
    1.376846e-01   -1.968450e-02    7.351737e-17
   -4.529536e-01   -7.812482e-02   -4.031724e-17
    1.027880e-01   -4.293032e-01   -3.025045e-19
    2.077801e-01    5.450600e-01   -3.836573e-18
    3.681908e-01    5.359463e-01   -3.162423e-18
    4.011715e-01   -5.636975e-01    1.069692e-17
   -7.804991e-01   -2.259630e-02    1.870556e-18
   -9.928395e-03   -2.219226e-03   -6.988145e-18
   -1.110196e-01    5.122400e-02   -2.964608e-17
    3.707058e-02   -1.327224e-02   -3.299128e-18
    3.498513e-02    2.358815e-02   -1.743111e-18
    3.680399e-02    2.769058e-02    9.032496e-19
    1.652765e-02   -1.611178e-02    1.149816e-18
    1.139835e-02   -3.849946e-02    1.157293e-18

nonadiabatic coupling between state 3 and 4 =
    7.933187e-18    7.523109e-18    1.025351e-01
   -2.987752e-18   -5.651532e-18   -3.902160e-02
   -5.707522e-18    5.561563e-17    3.708767e-02
   -5.389156e-18   -4.935859e-17   -7.325681e-02
   -4.929196e-17   -9.683894e-17   -2.175032e-02
   -5.025118e-17    9.100294e-17    8.949941e-03
    1.070024e-16   -4.814600e-19    1.329854e-02
   -2.857097e-18   -7.931530e-19   -1.472714e-02
   -1.858484e-18   -2.210562e-18   -1.196296e-02
   -7.001865e-19    5.231971e-19   -2.899978e-02
    8.215050e-19   -1.838726e-18   -1.677759e-03
   -7.368605e-19    2.097104e-19    1.037296e-03
    3.306890e-19    1.711233e-18    1.297730e-02
    3.692419e-18    5.871381e-19    1.551047e-02

Tue Dec 20 12:49:38 2022
Mission success
