Evaluation for diabatz
Yifan Shen 2021

Echo of user command line input:
/home/yshen/Software/Mine/diabatz/tools/eval/v1/eval.exe -d default pretrain-IntCoordDef pretrain-SAS.in pretrain-Hd.in pretrain-Hd.net pretrain-11.in pretrain-12.in pretrain-13.in pretrain-14.in pretrain-22.in pretrain-23.in pretrain-24.in pretrain-33.in pretrain-34.in pretrain-44.in default IntCoordDef SAS.in Hd.in Hd.net 11.in 12.in 13.in 14.in 22.in 23.in 24.in 33.in 34.in 44.in -x /home/yshen/C6H7N-aniline/Columbus/fast/2.7/fast-2.7.xyz -a -g

Tue Dec 20 12:49:39 2022

energy =
    1.517716e-01    2.461949e-01    2.644568e-01    3.674047e-01

states are:
   -1.285807e-09    9.994653e-01   -3.058598e-10    3.269709e-02
    9.998831e-01    1.286799e-09    1.529222e-02    1.291537e-10
   -8.067160e-11   -3.269709e-02   -4.150963e-10    9.994653e-01
   -1.529222e-02    2.724776e-10    9.998831e-01    4.229494e-10

energy gradient of state 1 =
    1.382516e-03   -1.052809e-03    1.477645e-10
    1.634813e-04   -6.437165e-03   -2.900888e-10
   -4.137930e-03    4.683288e-03    6.616061e-11
    2.778484e-03    4.160971e-03    1.138160e-10
   -1.946308e-04   -4.334080e-03   -9.768916e-11
   -1.489957e-03   -3.417566e-04   -6.120758e-11
    2.694722e-03    1.528216e-04    1.958850e-10
    4.098247e-03    2.616286e-03   -8.567279e-12
   -5.289232e-03    5.149761e-04   -9.147201e-11
   -1.514773e-04    1.172453e-04    5.921954e-11
   -1.258568e-04    2.948270e-05    1.486285e-10
    5.762907e-05   -6.163243e-05   -8.252597e-11
    3.205741e-04   -5.900113e-05   -1.871373e-10
   -1.065698e-04    1.137426e-05    8.721403e-11

energy gradient of state 2 =
   -5.586483e-02    1.253819e-02   -7.637766e-11
    5.611226e-02   -7.903682e-02   -7.038090e-11
   -2.590888e-02    2.412230e-02    5.875473e-11
    1.433096e-02    5.047616e-02    2.350659e-10
   -1.240040e-02   -1.960200e-02   -1.575813e-10
    2.170714e-02   -2.319642e-02   -2.248453e-10
   -2.110361e-03    4.515251e-03    1.889712e-10
   -1.066066e-02   -8.215115e-03    1.391083e-11
    1.535751e-02    3.927101e-02   -7.799719e-11
    1.009830e-03   -1.985022e-03    8.069137e-11
   -1.348484e-03   -8.346186e-04    1.670589e-10
    1.993904e-04    3.632976e-04   -8.619684e-11
   -9.679231e-06    1.452345e-03   -1.926280e-10
   -4.138027e-04    1.314404e-04    1.415543e-10

energy gradient of state 3 =
    2.237007e-03   -2.970800e-02   -1.031307e-10
   -3.403703e-03    5.338995e-02    1.002766e-10
   -8.071287e-05    5.250337e-02    6.506911e-11
    2.506721e-04    5.841765e-02    1.325160e-11
   -1.236499e-02   -6.057072e-02   -1.125065e-10
    1.582990e-02   -6.593759e-02   -8.260539e-11
   -1.552820e-03   -8.147216e-03   -3.841512e-12
    2.428449e-04    1.374654e-03   -3.260195e-12
   -1.050919e-03   -1.512024e-03    2.184059e-11
   -1.253474e-03   -6.099973e-05    6.201414e-12
    1.562494e-03   -3.215053e-04    7.714002e-11
   -7.007770e-04   -2.034825e-04   -2.517438e-11
    6.323484e-04   -3.406658e-04   -1.000479e-10
   -3.478750e-04    1.116586e-03    1.467873e-10

energy gradient of state 4 =
    8.039095e-02    1.107062e-01    1.803526e-10
   -3.706379e-02   -1.486725e-01   -1.453397e-10
   -2.606784e-02    1.346921e-01   -3.065555e-12
    2.961382e-02    1.320757e-01    2.082027e-10
   -4.811866e-03   -8.841465e-02   -8.809092e-11
   -8.993357e-03   -8.272267e-02   -7.870565e-11
    1.505214e-02   -2.458976e-02    8.375684e-11
   -2.176282e-02   -2.011196e-02    9.182152e-12
   -4.200221e-02   -1.220020e-02   -1.997240e-10
   -2.488580e-04   -2.166764e-02    4.962886e-11
    1.072832e-02   -1.684046e-02    6.656376e-11
   -6.452115e-03    1.309269e-02   -5.140529e-11
    1.265899e-02    2.191052e-02   -9.708427e-11
   -1.041354e-03    2.742586e-03    6.572847e-11

nonadiabatic coupling between state 1 and 2 =
    1.083989e-09   -1.347337e-09   -7.112559e-01
   -3.686036e-10    2.499406e-09    3.807488e-01
    1.079752e-09   -9.538299e-10    2.125255e-02
   -5.930004e-10   -8.444057e-10    1.523473e-02
    5.025438e-10    7.501931e-10    2.955032e-02
   -3.145257e-10   -7.464987e-11   -1.020323e-01
   -4.466933e-10   -1.895717e-10   -1.930026e-02
    3.332530e-10    4.761155e-12    5.380107e-02
   -1.219969e-09    9.849517e-11    3.080138e-01
   -1.020198e-10   -8.060860e-11    3.167649e-02
    8.162473e-11   -6.046710e-11    2.044233e-02
   -8.688271e-11    1.010490e-10   -4.758039e-03
   -1.596257e-12   -1.624917e-11   -1.053251e-02
    5.212694e-11    1.132145e-10   -1.284103e-02

nonadiabatic coupling between state 1 and 3 =
   -2.875849e-02   -6.581329e-03    2.211910e-10
    1.921268e-02   -1.912424e-02    1.278239e-10
    3.001923e-02   -3.402694e-01   -5.026659e-10
    3.578679e-02    3.385482e-01    9.016941e-10
    3.217330e-01    6.228267e-01   -6.597200e-10
    3.217946e-01   -5.975092e-01    3.925550e-10
   -6.911075e-01   -3.618573e-03   -1.731186e-10
    1.106850e-02    8.541407e-04   -1.156122e-11
    3.656174e-04    1.069516e-02   -1.941404e-10
    3.568229e-03   -1.019435e-02    2.446023e-10
   -2.820356e-03    7.200744e-03   -5.767253e-10
    2.012227e-03    2.308730e-03    3.095898e-10
    1.754949e-03   -3.485487e-03   -1.895177e-10
   -2.462953e-02   -1.651095e-03    1.099930e-10

nonadiabatic coupling between state 1 and 4 =
    2.561838e-10   -1.065599e-10   -7.544843e-02
   -2.975107e-10    1.257829e-10   -7.052329e-03
    5.529306e-11   -5.124554e-10    8.022540e-02
    8.670197e-11    3.459462e-10   -8.280245e-02
    3.610632e-10    6.325802e-10   -1.881975e-02
    3.741752e-10   -4.193076e-10    1.537284e-02
   -7.784675e-10    3.160731e-12   -6.662697e-03
   -1.048177e-10   -7.193659e-11   -1.645331e-03
   -1.569852e-10    4.623158e-11    5.515577e-02
    6.386261e-11    1.173173e-11   -6.459217e-03
    6.654032e-11    1.997134e-11    4.076151e-02
    5.398886e-11   -1.903201e-15    7.478499e-03
    2.114667e-11   -3.266363e-11    6.900850e-03
   -1.174438e-12   -4.247966e-11   -7.004666e-03

nonadiabatic coupling between state 2 and 3 =
   -1.993757e-09   -6.068255e-10    5.114158e-01
    3.350934e-09    1.886919e-09   -7.106048e-01
   -1.672248e-09   -2.822437e-09   -6.320142e-02
   -3.859693e-09    4.355175e-09    1.738740e-01
    5.815857e-09    5.903734e-09    5.642290e-02
    6.579958e-09   -6.346031e-09    3.116576e-01
   -9.798865e-09   -6.877674e-10    8.923078e-02
    8.290399e-10    1.463219e-10   -5.292330e-03
    3.179348e-10   -1.027245e-09   -1.100293e-01
    7.595202e-10    7.472250e-10    5.382457e-02
    1.596654e-09   -8.751383e-10   -6.541182e-02
   -5.438325e-10   -9.997246e-11   -7.555809e-02
   -6.844733e-10   -3.902687e-10   -1.779665e-01
   -6.970287e-10   -1.836900e-10    1.163856e-02

nonadiabatic coupling between state 2 and 4 =
   -1.280162e-01    3.906681e-02    3.646008e-11
    4.560955e-01    8.290147e-02   -4.096783e-10
   -1.014811e-01    4.139820e-01    2.718316e-10
   -2.064636e-01   -5.455328e-01   -6.232176e-10
   -3.699722e-01   -5.283504e-01    2.484195e-10
   -3.984639e-01    5.491390e-01    3.420747e-10
    7.739024e-01    2.414270e-02    4.002656e-10
    7.836620e-03    2.821011e-03   -1.982199e-11
    1.048157e-01   -5.085691e-02    3.031097e-11
   -4.127211e-02    1.084434e-02   -5.405035e-11
   -3.280486e-02   -2.492803e-02    4.454309e-10
   -3.820837e-02   -2.675570e-02   -1.446773e-10
   -1.370603e-02    1.582282e-02   -2.207946e-10
   -1.226191e-02    3.770371e-02   -3.025532e-10

nonadiabatic coupling between state 3 and 4 =
   -8.625453e-10   -5.473663e-10   -8.232997e-02
    2.617070e-11    8.861423e-10    2.705214e-02
    2.795291e-10   -4.725913e-10   -3.356757e-02
   -2.212063e-10   -1.195052e-10    6.840464e-02
    8.174851e-11    2.707723e-10    2.241073e-02
    3.461703e-10   -1.983484e-10   -8.121310e-03
   -3.993187e-10    1.039809e-10   -1.366286e-02
    1.232260e-10    1.428797e-10    1.022892e-02
    6.494035e-10   -2.987955e-11    7.801501e-03
   -4.849792e-11    6.900983e-11    2.777024e-02
    4.769429e-11    6.353597e-11    1.466007e-03
    3.669276e-11   -4.523536e-11   -1.458707e-03
   -6.253531e-11   -9.839634e-11   -1.157259e-02
    3.468425e-12   -2.499839e-11   -1.442117e-02

Tue Dec 20 12:49:40 2022
Mission success
