Evaluation for diabatz
Yifan Shen 2021

Echo of user command line input:
/home/yshen/Software/Mine/diabatz/tools/eval/v1/eval.exe -d default pretrain-IntCoordDef pretrain-SAS.in pretrain-Hd.in pretrain-Hd.net pretrain-11.in pretrain-12.in pretrain-13.in pretrain-14.in pretrain-22.in pretrain-23.in pretrain-24.in pretrain-33.in pretrain-34.in pretrain-44.in default IntCoordDef SAS.in Hd.in Hd.net 11.in 12.in 13.in 14.in 22.in 23.in 24.in 33.in 34.in 44.in -x /home/yshen/C6H7N-aniline/Columbus/fast/2.8/fast-2.8.xyz -a -g

Tue Dec 20 12:49:40 2022

energy =
    1.508960e-01    2.482835e-01    2.644008e-01    3.731784e-01

states are:
   -2.070867e-10    9.995150e-01    5.242419e-10   -3.114073e-02
   -9.999053e-01   -2.087614e-10    1.376158e-02    1.805147e-10
   -1.714130e-10   -3.114073e-02    1.837897e-10   -9.995150e-01
    1.376158e-02   -5.154402e-10    9.999053e-01    1.975604e-10

energy gradient of state 1 =
    1.234664e-04    5.617692e-05    3.370926e-13
   -1.220007e-04   -5.768812e-03    9.560734e-11
   -3.927763e-03    4.552750e-03   -5.886080e-11
    3.206366e-03    4.559593e-03   -3.469891e-12
   -6.006029e-04   -4.572868e-03    1.799799e-11
   -1.354187e-03   -7.188150e-04    4.759467e-11
    2.829864e-03    1.440006e-04   -7.873548e-11
    3.826643e-03    2.393115e-03    4.782015e-13
   -3.600549e-03   -8.557148e-04    1.721153e-11
   -3.651323e-04    2.025780e-04   -1.738394e-10
   -2.178326e-04    7.827518e-05    6.438811e-11
    9.686605e-05    7.941715e-07    1.860771e-10
    2.951606e-04   -9.350241e-05   -1.085972e-10
   -1.902997e-04    2.242861e-05   -6.189229e-12

energy gradient of state 2 =
   -6.027312e-02    9.508171e-03   -1.475591e-10
    5.612449e-02   -7.770006e-02    9.378805e-11
   -2.473366e-02    2.282272e-02   -4.326473e-11
    1.355508e-02    4.860453e-02   -5.290611e-11
   -1.261958e-02   -1.853319e-02    9.688827e-11
    2.134652e-02   -2.149395e-02   -1.047249e-12
   -1.702332e-03    3.753464e-03   -7.125941e-11
   -7.148341e-03   -5.420557e-03   -5.119323e-12
    1.598224e-02    3.955184e-02    1.802450e-10
    8.812716e-04   -2.046926e-03   -1.937123e-10
   -1.127361e-03   -7.958067e-04    6.523001e-11
    1.328329e-04    2.443305e-04    1.870198e-10
    3.099890e-05    1.408937e-03   -9.701603e-11
   -4.490551e-04    9.649453e-05   -1.128685e-11

energy gradient of state 3 =
    2.102595e-03   -2.860397e-02    8.606786e-11
   -4.575881e-03    5.271404e-02   -1.056679e-10
    2.409180e-05    5.307605e-02    2.790216e-11
    8.311363e-04    5.927753e-02    5.162605e-12
   -1.312045e-02   -6.143659e-02   -5.518042e-13
    1.619130e-02   -6.661383e-02    7.169232e-11
   -1.207184e-03   -7.911565e-03   -1.914472e-11
    3.391146e-04    1.522552e-03    1.630575e-12
   -4.794218e-04   -2.226549e-03   -1.846026e-11
   -1.407683e-03   -1.333071e-04   -1.180784e-10
    1.667426e-03   -4.497918e-04    7.123470e-11
   -6.365694e-04   -1.802538e-04    1.100303e-10
    6.185586e-04   -2.365302e-04   -9.589409e-11
   -3.470337e-04    1.202207e-03   -1.592344e-11

energy gradient of state 4 =
    8.319108e-02    1.166879e-01   -2.454690e-10
   -4.006092e-02   -1.565510e-01    9.711190e-11
   -2.851677e-02    1.399106e-01   -2.413140e-12
    3.194954e-02    1.369918e-01   -8.955302e-11
   -5.079761e-03   -9.032660e-02    3.163272e-11
   -8.003938e-03   -8.509201e-02    5.657263e-11
    1.467415e-02   -2.586416e-02   -1.986999e-11
   -2.308063e-02   -2.023956e-02   -9.965157e-12
   -4.099059e-02   -1.407482e-02    2.441574e-10
    1.349073e-04   -2.316077e-02   -5.383991e-11
    1.066330e-02   -1.779997e-02   -1.940663e-11
   -6.554783e-03    1.367983e-02    6.872849e-11
    1.272689e-02    2.280415e-02   -4.970945e-11
   -1.052478e-03    3.034571e-03   -7.976881e-12

nonadiabatic coupling between state 1 and 2 =
    1.359120e-09   -1.156798e-09    6.816427e-01
   -3.257039e-11    1.334889e-09   -3.625649e-01
    1.782070e-10   -5.198499e-10   -2.322876e-02
   -6.475636e-10   -2.864870e-10   -1.070631e-02
    4.381763e-10    1.355314e-10   -3.032503e-02
    4.637050e-11    5.570582e-11    9.936934e-02
   -1.311114e-10    2.559715e-11    1.817577e-02
    2.658821e-10    1.548232e-10   -4.064943e-02
   -1.675897e-09    3.363921e-10   -3.104458e-01
    1.097500e-11   -8.113213e-11   -3.299392e-02
    7.156444e-11   -9.949328e-11   -1.616191e-02
    1.034920e-10   -9.103856e-11    2.403446e-03
    1.707862e-10    1.467802e-10    1.251224e-02
   -1.574308e-10    4.507983e-11    1.297256e-02

nonadiabatic coupling between state 1 and 3 =
    2.799834e-02    5.742461e-03    1.747308e-10
   -2.546280e-02    1.315614e-02   -4.805869e-10
   -3.129839e-02    3.417399e-01   -7.413170e-10
   -2.853764e-02   -3.319729e-01   -3.954680e-10
   -3.185019e-01   -6.197591e-01    8.889962e-11
   -3.233082e-01    5.939402e-01    4.981304e-10
    6.880319e-01    5.664096e-03    5.415067e-10
   -8.869561e-03   -1.829992e-03   -1.717802e-11
   -1.465836e-03   -1.042191e-02    6.133460e-11
   -2.661990e-03    1.047782e-02    5.888245e-10
    2.878561e-03   -7.399752e-03    2.194557e-10
   -1.322233e-03   -2.007579e-03   -7.524917e-11
   -2.029279e-03    2.626098e-03   -1.735567e-10
    2.454899e-02    4.453935e-05   -2.895265e-10

nonadiabatic coupling between state 1 and 4 =
   -3.490237e-11   -2.372129e-10   -7.554054e-02
    1.096359e-10    1.047646e-10    7.411927e-04
   -7.279217e-11    1.855734e-10    8.108206e-02
   -3.341183e-11   -2.363485e-10   -8.202919e-02
   -1.487146e-10   -1.649591e-10   -2.294312e-02
   -1.633157e-10    3.515655e-10    1.447958e-02
    3.465533e-10    1.379407e-11   -6.862572e-03
    1.069418e-10    9.148583e-11   -1.120471e-03
   -4.125031e-11   -1.048236e-11    4.993793e-02
   -4.026417e-11   -1.833654e-11   -6.923689e-03
    8.290550e-12   -1.280983e-11    4.103380e-02
   -1.972872e-11   -1.996519e-11    7.726512e-03
   -1.738976e-11   -1.316740e-11    7.252833e-03
    3.480454e-13   -3.390156e-11   -6.834326e-03

nonadiabatic coupling between state 2 and 3 =
   -7.509842e-10    7.140804e-10    5.692225e-01
   -3.421376e-10   -4.129481e-09   -7.879013e-01
    3.417343e-09    2.150252e-09   -6.045890e-02
   -1.236647e-09   -9.121629e-10    2.033068e-01
   -4.112172e-09   -5.541299e-10    6.953118e-02
   -1.444428e-09    5.205975e-09    3.407409e-01
    4.879371e-09   -5.377730e-10    8.479735e-02
   -6.138198e-10   -1.751607e-10   -4.217848e-03
    8.443544e-10    6.174946e-10   -1.266606e-01
   -1.713353e-09   -9.382555e-10    4.832172e-02
    5.869825e-10    1.383551e-10   -7.721489e-02
    3.153815e-10   -6.764005e-10   -8.102816e-02
   -2.432156e-11   -6.787532e-10   -1.913860e-01
    1.944314e-10   -2.240398e-10    1.294726e-02

nonadiabatic coupling between state 2 and 4 =
    1.192875e-01   -5.399474e-02   -9.549898e-11
   -4.530079e-01   -8.531634e-02    8.855715e-10
    9.977488e-02   -3.966734e-01    3.468208e-10
    2.024133e-01    5.384807e-01    6.992532e-10
    3.663558e-01    5.153583e-01   -9.772752e-10
    3.905301e-01   -5.300621e-01   -6.948051e-10
   -7.578032e-01   -2.529684e-02   -1.017445e-09
   -6.205049e-03   -2.915019e-03    7.036791e-11
   -9.846671e-02    4.991700e-02   -2.278662e-10
    4.364501e-02   -8.924964e-03   -3.461774e-10
    3.073486e-02    2.547620e-02   -3.193047e-10
    3.853144e-02    2.568169e-02    5.519427e-10
    1.145171e-02   -1.541585e-02    3.317528e-10
    1.275831e-02   -3.631470e-02    7.926633e-10

nonadiabatic coupling between state 3 and 4 =
   -6.992280e-10   -1.975719e-10    6.649220e-02
   -1.061145e-10    3.726773e-10   -1.794103e-02
    1.710898e-10   -5.936400e-10    3.103224e-02
   -1.743665e-12    3.566026e-10   -6.441423e-02
    2.753688e-10    5.900398e-10   -2.278405e-02
    4.168110e-10   -5.669742e-10    7.605041e-03
   -7.377647e-10    2.039778e-11    1.373473e-02
    2.630661e-11    5.567090e-11   -6.950278e-03
    5.809397e-10   -5.134536e-11   -4.542364e-03
    3.385583e-12    4.890714e-11   -2.661482e-02
    2.733211e-11    3.507691e-11   -1.212638e-03
    6.291921e-11   -8.441456e-12    1.715803e-03
   -1.506076e-11   -5.056043e-11    1.042432e-02
   -4.241061e-12   -1.083897e-11    1.345508e-02

Tue Dec 20 12:49:41 2022
Mission success
