Evaluation for diabatz
Yifan Shen 2021

Echo of user command line input:
/home/yshen/Software/Mine/diabatz/tools/eval/v1/eval.exe -d default pretrain-IntCoordDef pretrain-SAS.in pretrain-Hd.in pretrain-Hd.net pretrain-11.in pretrain-12.in pretrain-13.in pretrain-14.in pretrain-22.in pretrain-23.in pretrain-24.in pretrain-33.in pretrain-34.in pretrain-44.in default IntCoordDef SAS.in Hd.in Hd.net 11.in 12.in 13.in 14.in 22.in 23.in 24.in 33.in 34.in 44.in -x /home/yshen/C6H7N-aniline/Columbus/fast/2.9/fast-2.9.xyz -a -g

Tue Dec 20 12:49:41 2022

energy =
    1.501041e-01    2.496173e-01    2.643041e-01    3.789451e-01

states are:
   -9.379511e-18    9.995568e-01    1.577688e-18   -2.976794e-02
    9.999227e-01    1.658539e-17    1.243540e-02    2.425051e-16
    2.428358e-16   -2.976794e-02    5.974452e-18   -9.995568e-01
   -1.243540e-02   -1.605512e-18    9.999227e-01    3.003353e-18

energy gradient of state 1 =
   -1.098285e-03    1.032229e-03   -6.124313e-18
   -4.589585e-04   -4.997297e-03   -4.004410e-19
   -3.739734e-03    4.439619e-03    8.931469e-18
    3.597293e-03    4.967178e-03   -9.035289e-18
   -9.889435e-04   -4.820844e-03   -2.993646e-18
   -1.208258e-03   -1.092697e-03    1.842642e-18
    2.958983e-03    1.377340e-04   -7.150600e-19
    3.466576e-03    2.147731e-03   -1.881810e-19
   -1.828859e-03   -2.192825e-03    4.033076e-18
   -5.512390e-04    2.738147e-04   -9.253738e-19
   -3.089918e-04    1.270664e-04    4.496602e-18
    1.448697e-04    4.623352e-05    8.776648e-19
    2.812786e-04   -1.170268e-04    8.829466e-19
   -2.657320e-04    4.908390e-05   -6.820965e-19

energy gradient of state 2 =
   -6.394879e-02    7.038889e-03   -2.199649e-18
    5.612227e-02   -7.621579e-02    1.183523e-18
   -2.365009e-02    2.146266e-02    8.369866e-20
    1.285407e-02    4.681956e-02    1.335177e-20
   -1.285469e-02   -1.747895e-02    9.862882e-20
    2.104484e-02   -1.987321e-02   -3.365127e-19
   -1.294713e-03    3.025202e-03   -5.959405e-20
   -4.444312e-03   -3.266206e-03    9.872568e-20
    1.664244e-02    3.974361e-02    1.041287e-18
    7.730673e-04   -2.045169e-03    1.120721e-19
   -9.084666e-04   -7.157947e-04    4.496430e-20
    5.986125e-05    1.075907e-04    2.670646e-21
    7.954383e-05    1.348098e-03   -3.930547e-20
   -4.750227e-04    4.950706e-05   -4.386083e-20

energy gradient of state 3 =
    1.564446e-03   -2.773114e-02   -5.012826e-20
   -5.544390e-03    5.278109e-02   -1.902520e-20
    2.570217e-04    5.307683e-02   -4.265893e-20
    1.174670e-03    5.961081e-02    9.389327e-20
   -1.371391e-02   -6.178356e-02    3.492257e-20
    1.655779e-02   -6.687756e-02    4.850278e-21
   -9.422276e-04   -7.896619e-03   -1.564810e-20
    5.374226e-04    1.651407e-03    6.281823e-21
    2.683418e-04   -3.030404e-03   -2.964190e-21
   -1.579924e-03   -1.635119e-04    3.704252e-20
    1.745759e-03   -5.142706e-04   -2.255965e-21
   -5.931138e-04   -2.036004e-04   -6.026733e-21
    6.081479e-04   -1.842090e-04   -2.138288e-20
   -3.400390e-04    1.264732e-03   -1.690020e-20

energy gradient of state 4 =
    8.344184e-02    1.205614e-01    8.374090e-18
   -4.211275e-02   -1.631196e-01   -7.640566e-19
   -3.065361e-02    1.442221e-01   -8.972509e-18
    3.394869e-02    1.413390e-01    8.928044e-18
   -5.389841e-03   -9.197143e-02    2.860095e-18
   -7.046083e-03   -8.714588e-02   -1.510979e-18
    1.438512e-02   -2.687460e-02    7.903021e-19
   -2.266336e-02   -1.942661e-02    8.317346e-20
   -3.998759e-02   -1.560097e-02   -5.071399e-18
    4.598764e-04   -2.435548e-02    7.762592e-19
    1.056090e-02   -1.859355e-02   -4.539311e-18
   -6.621523e-03    1.416459e-02   -8.743088e-19
    1.273541e-02    2.352467e-02   -8.222582e-19
   -1.057097e-03    3.276407e-03    7.428575e-19

nonadiabatic coupling between state 1 and 2 =
   -2.468065e-17    1.943357e-17   -6.580401e-01
    1.311419e-16    3.901854e-17    3.476691e-01
   -2.760193e-17    1.173479e-16    2.462786e-02
   -6.371125e-17   -1.737353e-16    6.899553e-03
   -1.118666e-16   -1.564879e-16    3.084275e-02
   -1.240101e-16    1.647531e-16   -9.731861e-02
    2.341235e-16    7.766816e-18   -1.708381e-02
    2.875749e-18    1.776114e-18    2.983542e-02
    2.610078e-17   -2.236701e-17    3.133478e-01
   -1.429821e-17    2.763578e-18    3.443935e-02
   -9.006083e-18   -7.906296e-18    1.251545e-02
   -1.200756e-17   -7.777922e-18   -2.371431e-04
   -3.042519e-18    4.473481e-18   -1.439078e-02
   -4.017082e-18    1.094142e-17   -1.310689e-02

nonadiabatic coupling between state 1 and 3 =
   -2.772709e-02   -4.139751e-03   -1.626649e-17
    3.119536e-02   -7.831430e-03    5.049483e-18
    3.303999e-02   -3.430651e-01   -5.986039e-18
    2.162101e-02    3.253821e-01    1.343108e-17
    3.153281e-01    6.169201e-01    5.130001e-18
    3.249544e-01   -5.907252e-01   -2.501962e-18
   -6.855531e-01   -7.396448e-03   -3.580985e-18
    6.862280e-03    2.153272e-03    1.164244e-18
    2.564153e-03    1.038212e-02    1.730495e-18
    1.843158e-03   -1.070127e-02    6.090048e-18
   -2.810275e-03    7.516674e-03    9.337531e-19
    7.249911e-04    1.708857e-03   -1.791872e-19
    2.372242e-03   -1.750744e-03   -1.814062e-18
   -2.441527e-02    1.546886e-03   -3.200385e-18

nonadiabatic coupling between state 1 and 4 =
   -9.069924e-17   -1.260410e-16    7.478881e-02
    4.841264e-17    1.683093e-16   -6.745251e-03
    2.769418e-17   -1.455622e-16   -8.122286e-02
   -3.394167e-17   -1.484544e-16    8.121955e-02
    2.234314e-18    8.949219e-17    2.605987e-02
    3.593956e-18    9.418102e-17   -1.370743e-02
   -7.246166e-18    2.884170e-17    6.952817e-03
    2.775102e-17    2.288983e-17    8.073334e-04
    4.130476e-17    1.377941e-17   -4.567749e-02
   -1.484854e-18    2.613201e-17    7.313724e-03
   -1.179604e-17    1.961713e-17   -4.089561e-02
    6.812947e-18   -1.518402e-17   -7.902356e-03
   -1.327910e-17   -2.491239e-17   -7.528443e-03
    6.432498e-19   -3.088666e-18    6.537317e-03

nonadiabatic coupling between state 2 and 3 =
   -1.574378e-17    6.214201e-18    6.097011e-01
    3.355751e-17   -8.737789e-18   -8.418522e-01
   -3.204462e-18   -2.718055e-17   -5.626168e-02
   -6.546872e-18    1.283015e-17    2.299108e-01
    2.172882e-17    5.735930e-17    8.019039e-02
    2.223484e-17   -4.476379e-17    3.627644e-01
   -4.946769e-17    1.470993e-18    7.635560e-02
    6.749369e-19   -4.308417e-20   -3.165202e-03
    6.800339e-18    2.832811e-18   -1.407060e-01
   -1.905251e-18   -1.164002e-18    4.228617e-02
   -2.148144e-18   -4.002442e-19   -8.772034e-02
   -1.866123e-18   -1.055835e-18   -8.405120e-02
   -2.608722e-19    7.130524e-19   -2.007651e-01
   -3.853235e-18    1.924786e-18    1.331311e-02

nonadiabatic coupling between state 2 and 4 =
    1.117529e-01   -6.483639e-02   -1.202149e-16
   -4.463289e-01   -8.608061e-02    6.410018e-17
    9.797584e-02   -3.796955e-01    2.133405e-18
    1.971896e-01    5.275662e-01    3.906450e-18
    3.597099e-01    5.002081e-01    6.602784e-18
    3.801332e-01   -5.099246e-01   -1.831919e-17
   -7.372964e-01   -2.614105e-02   -2.947506e-18
   -4.972620e-03   -2.780938e-03    5.593297e-18
   -9.263101e-02    4.872649e-02    5.702127e-17
    4.466784e-02   -7.488282e-03    6.700381e-18
    2.891455e-02    2.550039e-02    1.074562e-18
    3.814995e-02    2.464374e-02   -3.361758e-19
    9.750842e-03   -1.496450e-02   -3.054901e-18
    1.298434e-02   -3.473309e-02   -2.259683e-18

nonadiabatic coupling between state 3 and 4 =
   -1.081880e-17   -8.887663e-18    5.448256e-02
    8.749589e-18    9.307722e-18   -1.128488e-02
    9.757185e-18   -8.824038e-17    2.923685e-02
    3.812401e-18    7.512701e-17   -6.119186e-02
    7.628765e-17    1.513707e-16   -2.291815e-02
    8.032105e-17   -1.424106e-16    7.288828e-03
   -1.675408e-16   -8.312609e-19    1.361320e-02
    2.867569e-18    1.622279e-18   -4.646326e-03
    2.586555e-18    3.244329e-18   -2.042413e-03
    4.085644e-19   -1.326249e-18   -2.558318e-02
   -1.095893e-18    2.804830e-18   -9.776475e-04
    5.518103e-19   -3.027306e-19    1.864074e-03
   -4.836804e-20   -1.691194e-18    9.515887e-03
   -5.838548e-18    2.131610e-19    1.264305e-02

Tue Dec 20 12:49:43 2022
Mission success
