Evaluation for diabatz
Yifan Shen 2021

Echo of user command line input:
/home/yshen/Software/Mine/diabatz/tools/eval/v1/eval.exe -d default pretrain-IntCoordDef pretrain-SAS.in pretrain-Hd.in pretrain-Hd.net pretrain-11.in pretrain-12.in pretrain-13.in pretrain-14.in pretrain-22.in pretrain-23.in pretrain-24.in pretrain-33.in pretrain-34.in pretrain-44.in default IntCoordDef SAS.in Hd.in Hd.net 11.in 12.in 13.in 14.in 22.in 23.in 24.in 33.in 34.in 44.in -x /home/yshen/C6H7N-aniline/Columbus/fast/3/fast-3.xyz -a -g

Tue Dec 20 12:49:43 2022

energy =
    1.493992e-01    2.503861e-01    2.641664e-01    3.844203e-01

states are:
   -1.203409e-09    9.995921e-01    3.088450e-09   -2.855899e-02
   -9.999358e-01   -1.223761e-09    1.132985e-02    5.274093e-10
   -4.861679e-10   -2.855899e-02    5.390863e-10   -9.995921e-01
    1.132985e-02   -3.058126e-09    9.999358e-01    6.211338e-10

energy gradient of state 1 =
   -2.230482e-03    1.859286e-03   -9.854994e-11
   -9.057360e-04   -4.157697e-03    7.642870e-11
   -3.485413e-03    4.432320e-03    3.660623e-11
    4.053457e-03    5.297975e-03    4.036509e-11
   -1.448741e-03   -5.049788e-03   -2.071253e-11
   -1.091973e-03   -1.435176e-03   -2.383460e-11
    3.085590e-03    6.439084e-05    1.202182e-12
    3.145984e-03    1.868303e-03    4.352761e-12
   -1.682766e-04   -3.437079e-03    7.721901e-11
   -7.069466e-04    3.438684e-04   -1.032070e-10
   -3.910279e-04    1.844667e-04    3.848643e-11
    1.976023e-04    7.093339e-05    1.631550e-11
    2.739715e-04   -1.333389e-04   -1.567190e-10
   -3.280091e-04    9.153623e-05    1.120471e-10

energy gradient of state 2 =
   -6.680034e-02    6.423508e-03   -3.443232e-10
    5.465716e-02   -7.578771e-02    7.386764e-11
   -2.231520e-02    2.061491e-02    1.683787e-10
    1.314079e-02    4.498071e-02   -1.246130e-10
   -1.342126e-02   -1.626602e-02   -6.773035e-11
    2.045950e-02   -1.885657e-02   -1.127362e-10
   -8.770253e-04    2.400558e-03    7.048191e-11
   -2.513484e-03   -1.647791e-03   -1.334245e-11
    1.810144e-02    3.950772e-02    3.850132e-10
    6.472015e-04   -2.011812e-03   -1.245157e-10
   -7.237593e-04   -5.990885e-04    3.850720e-11
   -9.949395e-06   -3.401617e-05    2.166452e-11
    1.486882e-04    1.275145e-03   -1.341642e-10
   -4.937470e-04    4.683522e-07    1.635119e-10

energy gradient of state 3 =
    2.424400e-04   -2.706632e-02    2.948206e-10
   -5.264267e-03    5.348383e-02   -3.023047e-10
    1.600286e-03    5.268455e-02    6.286014e-11
    2.539533e-03    5.959803e-02    1.835824e-10
   -1.538592e-02   -6.148925e-02   -3.669583e-11
    1.558058e-02   -6.722423e-02    2.430025e-11
   -9.048697e-04   -8.010263e-03   -6.999087e-11
    7.714969e-04    1.710711e-03    3.889363e-12
    1.060714e-03   -3.885900e-03   -1.335968e-10
   -1.757235e-03   -1.227060e-04   -6.418648e-11
    1.794953e-03   -5.607129e-04    3.148817e-11
   -5.726696e-04   -2.500368e-04   -1.576912e-11
    5.983391e-04   -1.798142e-04   -1.455176e-10
   -3.033804e-04    1.312118e-03    1.671205e-10

energy gradient of state 4 =
    8.463508e-02    1.212340e-01   -6.275590e-10
   -4.689962e-02   -1.676423e-01    1.600902e-10
   -2.954542e-02    1.483822e-01    2.079685e-10
    3.854235e-02    1.444373e-01   -2.032383e-10
   -7.596508e-03   -9.326818e-02    5.964274e-12
   -7.907706e-03   -8.880442e-02    1.061287e-11
    1.364152e-02   -2.793617e-02    3.053460e-11
   -2.156536e-02   -1.761465e-02   -1.592267e-11
   -3.941825e-02   -1.605288e-02    5.827703e-10
    2.312439e-04   -2.532229e-02   -6.529862e-11
    1.005773e-02   -1.945470e-02   -4.951622e-11
   -6.368210e-03    1.469487e-02   -3.673190e-11
    1.318264e-02    2.385439e-02   -9.909386e-11
   -9.894988e-04    3.492790e-03    9.941974e-11

nonadiabatic coupling between state 1 and 2 =
    2.342654e-09   -2.241625e-09    6.400277e-01
   -2.454194e-10    2.748937e-09   -3.358348e-01
    6.821423e-10   -2.051228e-09   -2.572736e-02
   -5.614161e-10    3.567772e-10   -3.539741e-03
    1.811501e-09    2.335647e-09   -3.119298e-02
    7.483140e-10   -1.900989e-09    9.571965e-02
   -2.545941e-09    2.840827e-10    1.606392e-02
    3.209453e-10    7.516101e-11   -2.134373e-02
   -2.655542e-09    6.956961e-10   -3.164583e-01
    5.804966e-11   -2.107165e-10   -3.575111e-02
    1.527164e-11   -1.637210e-10   -9.584969e-03
    1.686417e-11   -2.211749e-11   -1.619836e-03
    1.693540e-10    6.551490e-11    1.601432e-02
   -1.567771e-10    2.858179e-11    1.322722e-02

nonadiabatic coupling between state 1 and 3 =
    2.792394e-02    1.549802e-03    1.732426e-09
   -3.631947e-02    3.998375e-03   -1.014851e-09
   -2.819039e-02    3.447706e-01   -3.403176e-10
   -2.146883e-02   -3.187306e-01   -4.124892e-10
   -3.244886e-01   -6.079462e-01    2.644222e-10
   -3.149218e-01    5.943203e-01    1.766192e-10
    6.836694e-01   -4.804584e-03    3.418988e-10
   -5.280199e-03   -2.041604e-03   -5.822908e-11
   -3.749261e-03   -1.039044e-02   -8.088227e-10
   -9.038541e-04    1.091316e-02    1.685234e-10
    2.498562e-03   -7.608848e-03    1.454302e-10
   -2.149514e-04   -1.437996e-03   -2.595282e-10
   -2.745184e-03    9.599006e-04    1.820475e-10
    2.419066e-02   -3.551897e-03   -1.171293e-10

nonadiabatic coupling between state 1 and 4 =
   -2.724637e-10    2.628587e-10   -7.368161e-02
    6.124812e-10   -2.073484e-10    1.120412e-02
   -3.447656e-10    1.037970e-09    8.093330e-02
   -2.750637e-10   -6.333997e-10   -8.038550e-02
   -5.935928e-10   -1.121497e-09   -2.833186e-02
   -5.892414e-10    9.191900e-10    1.310964e-02
    1.296421e-09   -4.183536e-11   -6.978983e-03
    4.378492e-11    3.059913e-11   -6.071054e-04
    2.360914e-10   -1.949233e-10    4.229295e-02
   -3.519135e-11   -4.144707e-11   -7.600961e-03
    2.016398e-11   -6.341488e-11    4.053409e-02
   -6.518011e-11   -2.574843e-13    8.005713e-03
   -1.329345e-11    4.634763e-11    7.725015e-03
   -2.015055e-11    7.157755e-12   -6.218824e-03

nonadiabatic coupling between state 2 and 3 =
   -2.055238e-08    8.395439e-09    6.338008e-01
    1.603308e-08   -2.843255e-08   -8.735877e-01
   -4.857844e-09    2.665531e-09   -5.196838e-02
   -1.593663e-09   -1.188530e-08    2.519674e-01
   -8.320845e-09   -3.997165e-09    8.796153e-02
   -5.777157e-09    2.612719e-08    3.773878e-01
    1.878158e-08    1.651309e-09    6.606024e-02
   -4.017203e-10    1.707188e-11   -2.242221e-03
    9.039058e-09    7.321408e-09   -1.515210e-01
   -5.468793e-10   -8.231535e-10    3.665913e-02
    1.535573e-10   -1.079591e-10   -9.625384e-02
   -6.772257e-10   -2.964808e-10   -8.489936e-02
   -9.991653e-10   -3.521062e-10   -2.063289e-01
   -2.803952e-10   -2.832310e-10    1.296454e-02

nonadiabatic coupling between state 2 and 4 =
    1.039525e-01   -7.451540e-02   -2.986950e-10
   -4.397110e-01   -7.708029e-02    5.337790e-10
    8.901799e-02   -3.661592e-01   -2.754826e-10
    2.020363e-01    5.114576e-01    9.261265e-10
    3.613629e-01    4.779343e-01   -8.419890e-10
    3.593168e-01   -4.980557e-01   -7.646140e-12
   -7.162327e-01   -1.251735e-02   -6.121674e-10
   -4.083139e-03   -2.468558e-03    3.479070e-11
   -8.662511e-02    4.922998e-02   -6.131257e-11
    4.465419e-02   -7.341230e-03    2.420181e-11
    2.787723e-02    2.467347e-02   -2.582018e-10
    3.783738e-02    2.298267e-02    6.462109e-10
    8.226537e-03   -1.468788e-02   -1.767072e-10
    1.237021e-02   -3.345249e-02    3.670927e-10

nonadiabatic coupling between state 3 and 4 =
   -1.257138e-09   -1.057508e-09    4.554136e-02
   -1.031140e-09    9.247961e-10   -6.566726e-03
    5.243931e-10   -2.030488e-09    2.796505e-02
    4.827217e-10    1.527155e-09   -5.860170e-02
    1.348751e-09    2.205549e-09   -2.287123e-02
    1.581621e-09   -1.989121e-09    7.093893e-03
   -2.963788e-09    1.047107e-11    1.337739e-02
    9.280069e-11    1.165635e-10   -3.066317e-03
    8.514795e-10    2.464992e-10   -1.349323e-04
    1.345039e-10    1.229986e-10   -2.468614e-02
    5.912244e-11    1.948472e-10   -7.848998e-04
    2.107919e-10   -9.573541e-12    1.944580e-03
   -6.564157e-11   -1.854365e-10    8.809013e-03
    3.152361e-11   -7.675239e-11    1.198067e-02

Tue Dec 20 12:49:44 2022
Mission success
