Evaluation for diabatz
Yifan Shen 2021

Echo of user command line input:
/home/yshen/Software/Mine/diabatz/tools/eval/v1/eval.exe -d default pretrain-IntCoordDef pretrain-SAS.in pretrain-Hd.in pretrain-Hd.net pretrain-11.in pretrain-12.in pretrain-13.in pretrain-14.in pretrain-22.in pretrain-23.in pretrain-24.in pretrain-33.in pretrain-34.in pretrain-44.in default IntCoordDef SAS.in Hd.in Hd.net 11.in 12.in 13.in 14.in 22.in 23.in 24.in 33.in 34.in 44.in -x /home/yshen/C6H7N-aniline/Columbus/fast/4/fast-4.xyz -a -g

Tue Dec 20 12:49:44 2022

energy =
    1.455458e-01    2.496331e-01    2.614576e-01    4.124627e-01

states are:
   -2.294341e-09    9.997077e-01    2.639805e-09   -2.417874e-02
   -9.999452e-01   -2.315258e-09    1.046567e-02    3.003425e-10
   -2.388862e-10   -2.417874e-02    5.160997e-10   -9.997077e-01
    1.046567e-02   -2.602467e-09    9.999452e-01    5.766643e-10

energy gradient of state 1 =
    4.666420e-03    2.209936e-03   -2.498129e-10
   -8.051661e-04   -2.427275e-04    1.441269e-10
   -1.923418e-03    8.943764e-04    1.049332e-10
    1.883108e-03    2.927389e-03   -4.206038e-11
   -1.384121e-03   -2.037664e-03    2.604711e-11
   -6.264954e-04   -6.464087e-04   -7.585062e-11
    2.193786e-03   -5.243974e-04   -3.762175e-12
    5.874053e-04    3.072765e-04    6.731141e-14
   -3.049278e-03   -3.692485e-03    1.627791e-10
   -1.117395e-03    6.436459e-04    1.712211e-10
   -2.024833e-04    3.253600e-05   -2.115044e-10
    2.391996e-04    1.988043e-04   -2.785613e-10
    1.086263e-04   -3.127267e-04    1.727667e-10
   -5.701886e-04    2.424439e-04    7.961037e-11

energy gradient of state 2 =
   -7.357531e-02    2.731714e-03   -9.936220e-11
    5.625625e-02   -6.711978e-02   -2.637337e-11
   -1.763346e-02    1.055940e-02    2.492067e-10
    9.708615e-03    3.465317e-02   -2.448337e-10
   -1.447671e-02   -8.777133e-03   -1.476419e-10
    1.964207e-02   -1.132609e-02    5.290710e-11
   -1.158619e-05    4.320950e-04    6.939408e-11
    2.047563e-04    1.880902e-04   -9.798283e-13
    2.001225e-02    4.057538e-02    1.858712e-10
    5.819689e-04   -1.286043e-03    1.568212e-10
   -4.709741e-04    2.780857e-04   -2.197415e-10
    2.628659e-05   -8.970122e-04   -2.783787e-10
    2.859433e-04    6.647493e-04    1.888552e-10
   -5.501061e-04   -6.766187e-04    1.142558e-10

energy gradient of state 3 =
    2.138753e-03   -2.472518e-02    2.840777e-10
   -4.689797e-03    6.162879e-02   -2.462914e-10
    3.060769e-03    4.679439e-02   -2.467591e-11
   -6.610872e-04    5.172066e-02    2.080480e-10
   -1.499445e-02   -5.686153e-02    4.689892e-11
    1.608815e-02   -6.233304e-02   -4.788094e-11
   -1.489933e-03   -9.921668e-03   -5.218392e-11
    6.123582e-04    5.801711e-04    3.905905e-13
    5.236723e-04   -6.909493e-03   -1.464365e-10
   -1.949965e-03    6.004286e-04    1.469976e-10
    2.021179e-03   -3.859210e-04   -1.685914e-10
   -7.617579e-04   -7.021738e-04   -2.148882e-10
    3.919021e-04   -7.007822e-04    9.468935e-11
   -2.897925e-04    1.215344e-03    1.198461e-10

energy gradient of state 4 =
    7.413372e-02    1.206033e-01   -5.133813e-10
   -4.768593e-02   -1.888371e-01    1.476645e-10
   -3.745409e-02    1.607414e-01    2.761634e-10
    4.285963e-02    1.550921e-01   -2.628872e-10
   -8.547154e-03   -9.585705e-02    2.094930e-11
   -3.066327e-03   -9.422057e-02   -2.918967e-11
    9.930678e-03   -3.045908e-02    1.020357e-11
   -5.871801e-03   -4.006695e-03   -1.161557e-12
   -4.095966e-02   -1.838637e-02    4.486981e-10
    1.562354e-03   -2.880370e-02   -1.548215e-11
    9.223099e-03   -2.234526e-02   -7.688870e-11
   -6.099779e-03    1.636401e-02   -1.410709e-10
    1.294227e-02    2.601771e-02    5.364803e-11
   -9.670107e-04    4.097200e-03    8.273456e-11

nonadiabatic coupling between state 1 and 2 =
    2.488674e-09   -1.826599e-09    6.009367e-01
   -1.186619e-09    2.804907e-09   -2.969489e-01
    1.240537e-09   -1.942764e-09   -3.385561e-02
    9.230422e-11    3.068495e-10    1.266109e-02
    1.630035e-09    2.754293e-09   -3.244766e-02
    4.036749e-10   -2.296257e-09    9.055075e-02
   -2.833634e-09    1.784310e-10    1.100583e-02
    2.274129e-11    1.180799e-11   -2.281764e-04
   -1.534015e-09    1.659932e-10   -3.373130e-01
   -3.972815e-11   -1.622894e-10   -3.896748e-02
   -5.861754e-11   -9.097831e-11   -2.381622e-03
   -2.421368e-10    2.409599e-10   -7.005375e-03
   -1.335089e-10   -1.886026e-10    2.024666e-02
    1.502938e-10    4.425008e-11    1.374686e-02

nonadiabatic coupling between state 1 and 3 =
    3.079805e-02    3.836972e-03    1.492215e-09
   -3.466765e-02    2.270788e-03   -7.902209e-12
   -2.626710e-02    3.589115e-01    6.768110e-10
   -2.760302e-02   -3.306923e-01    9.382010e-10
   -3.294923e-01   -6.204727e-01   -3.684134e-10
   -3.158632e-01    5.954628e-01   -4.636240e-10
    6.842314e-01    2.479304e-03   -7.871689e-10
   -5.419966e-04   -3.487080e-04    3.291879e-13
   -5.690472e-03   -1.190190e-02   -1.046045e-09
   -1.379845e-03    9.989542e-03   -7.261978e-10
    2.682274e-03   -7.691038e-03   -6.889634e-10
    1.769280e-03   -2.108016e-04    5.991095e-11
   -1.039372e-03   -7.381143e-04    4.146163e-10
    2.306400e-02   -8.954521e-04    5.062314e-10

nonadiabatic coupling between state 1 and 4 =
   -4.194473e-10    7.270725e-10   -6.824362e-02
    7.319462e-10   -4.203756e-10    2.076487e-02
   -3.071930e-10    1.131386e-09    7.604985e-02
   -3.301670e-10   -6.199396e-10   -7.458403e-02
   -6.751616e-10   -1.357983e-09   -3.265067e-02
   -6.510049e-10    7.228082e-10    1.212781e-02
    1.403797e-09   -5.256573e-11   -6.786371e-03
   -1.269679e-11   -8.356237e-12   -5.924025e-05
    4.400251e-10   -2.523136e-10    3.333267e-02
   -2.958289e-11   -2.267597e-11   -7.273244e-03
   -4.324594e-11   -5.777708e-11    3.687514e-02
   -8.094605e-11    2.880375e-11    7.711121e-03
   -9.520429e-13    8.836260e-11    7.790688e-03
   -2.537065e-11    9.355414e-11   -5.054979e-03

nonadiabatic coupling between state 2 and 3 =
   -2.579757e-08    9.531162e-09    6.450101e-01
    1.853993e-08   -2.823146e-08   -9.194013e-01
   -1.259031e-08    2.338549e-09   -5.552576e-02
    6.036812e-09   -2.022071e-08    3.502312e-01
   -9.054649e-09   -1.350554e-08    9.409792e-02
   -1.357191e-08    3.084805e-08    4.126740e-01
    2.711701e-08    4.645275e-09    2.663810e-02
   -1.802899e-11   -3.659947e-11    5.758157e-05
    1.111529e-08    9.944935e-09   -1.670236e-01
    2.844125e-09    3.350481e-10    3.488780e-02
   -3.297809e-09    8.350209e-10   -1.299534e-01
   -9.870392e-10    1.536776e-09   -7.293006e-02
   -3.327484e-10    1.671860e-09   -2.264660e-01
   -3.100021e-12    3.076276e-10    7.703465e-03

nonadiabatic coupling between state 2 and 4 =
    8.041914e-02   -7.893774e-02   -2.589162e-10
   -3.834671e-01   -6.923111e-02   -9.274041e-10
    7.763051e-02   -2.954904e-01   -6.875395e-10
    1.673715e-01    4.256685e-01   -4.614816e-10
    3.060442e-01    3.921809e-01    7.163480e-10
    3.041826e-01   -4.002355e-01    1.284334e-09
   -6.026960e-01   -1.153606e-02    1.173314e-09
   -7.238028e-04   -4.859754e-04   -2.914364e-13
   -6.614591e-02    4.215921e-02    2.329993e-10
    4.354094e-02   -2.673243e-03    5.157406e-10
    2.322719e-02    2.035576e-02    5.047288e-10
    3.436922e-02    1.835377e-02   -2.623239e-10
    4.542758e-03   -1.319653e-02   -8.112984e-10
    1.170467e-02   -2.693161e-02   -1.018211e-09

nonadiabatic coupling between state 3 and 4 =
   -6.402706e-10   -9.190035e-10    2.287864e-02
   -7.671615e-10    7.905163e-10    2.877326e-03
    4.248161e-10   -1.237821e-09    2.395131e-02
    2.825397e-10    7.461466e-10   -4.818020e-02
    8.532208e-10    1.271008e-09   -2.038893e-02
    1.002645e-09   -9.958455e-10    6.304974e-03
   -1.797369e-09    1.105800e-11    1.109301e-02
    2.231495e-11    1.649691e-11   -2.205716e-05
    3.806362e-10    2.936040e-10    4.552343e-03
    9.796519e-11    9.711785e-11   -2.068103e-02
    4.897507e-11    1.635865e-10   -3.715153e-04
    1.267375e-10   -2.445109e-11    1.810797e-03
   -7.490664e-11   -1.504039e-10    6.585615e-03
    3.985768e-11   -6.200946e-11    9.589726e-03

Tue Dec 20 12:49:45 2022
Mission success
