Evaluation for diabatz
Yifan Shen 2021

Echo of user command line input:
/home/yshen/Software/Mine/diabatz/tools/eval/v1/eval.exe -d default pretrain-IntCoordDef pretrain-SAS.in pretrain-Hd.in pretrain-Hd.net pretrain-11.in pretrain-12.in pretrain-13.in pretrain-14.in pretrain-22.in pretrain-23.in pretrain-24.in pretrain-33.in pretrain-34.in pretrain-44.in default IntCoordDef SAS.in Hd.in Hd.net 11.in 12.in 13.in 14.in 22.in 23.in 24.in 33.in 34.in 44.in -x /home/yshen/C6H7N-aniline/Columbus/fast/5/fast-5.xyz -a -g

Tue Dec 20 12:49:46 2022

energy =
    1.451708e-01    2.497917e-01    2.607849e-01    4.192830e-01

states are:
   -2.785618e-09    9.997268e-01   -8.562254e-09    2.337544e-02
    9.999491e-01    2.837906e-09    1.008508e-02    1.484344e-09
   -1.406131e-09   -2.337544e-02   -1.144409e-09    9.997268e-01
   -1.008508e-02    8.504976e-09    9.999491e-01    1.329341e-09

energy gradient of state 1 =
    8.262628e-03    1.497941e-03    1.953730e-10
   -1.048443e-03   -2.550632e-04   -1.714743e-10
   -1.756846e-03    6.100164e-04   -1.066371e-10
    1.677277e-03    2.710638e-03   -9.926756e-11
   -1.382486e-03   -1.748755e-03    6.794038e-11
   -7.040147e-04   -4.842624e-04    5.130664e-11
    2.265881e-03   -6.050001e-04   -7.314667e-12
   -8.336477e-06   -1.345397e-05    1.365757e-14
   -5.820397e-03   -2.495269e-03   -1.944078e-10
   -1.144682e-03    6.698599e-04    2.943431e-10
   -1.022776e-04    1.064942e-06   -1.047630e-10
    2.497978e-04    1.720349e-04   -4.978867e-11
    1.109228e-04   -3.096566e-04    4.433185e-10
   -5.990244e-04    2.499046e-04   -3.186423e-10

energy gradient of state 2 =
   -7.398622e-02    3.029054e-03    1.236520e-09
    5.662624e-02   -6.655674e-02   -3.067733e-10
   -1.752655e-02    9.679472e-03   -4.965979e-10
    9.622875e-03    3.362168e-02    3.804678e-10
   -1.477934e-02   -8.284747e-03    1.829313e-10
    1.977507e-02   -1.070465e-02    3.234515e-10
    9.712153e-05    5.804224e-04   -2.062263e-10
   -1.772484e-04   -1.138954e-04    3.106557e-13
    2.045353e-02    4.072294e-02   -1.214574e-09
    6.553455e-04   -1.130379e-03    3.488178e-10
   -5.380116e-04    4.330797e-04   -1.190172e-10
    8.214664e-05   -1.021111e-03   -4.937306e-11
    2.494618e-04    5.671962e-04    3.816544e-10
   -5.544223e-04   -8.223150e-04   -4.615925e-10

energy gradient of state 3 =
    3.436245e-03   -2.443700e-02   -8.837121e-10
   -4.510468e-03    6.164543e-02    8.631441e-10
    3.099542e-03    4.663698e-02   -1.839279e-10
   -8.804559e-04    5.135661e-02   -5.321999e-10
   -1.509325e-02   -5.678686e-02    1.080363e-10
    1.611688e-02   -6.216523e-02   -6.415175e-11
   -1.420247e-03   -1.005310e-02    2.085240e-10
    7.398234e-05    6.455213e-05   -9.356058e-14
   -4.841739e-04   -6.320011e-03    4.074571e-10
   -1.893492e-03    7.336050e-04    1.862581e-10
    2.180604e-03   -3.983488e-04   -8.423196e-11
   -7.512026e-04   -7.894216e-04    3.879289e-11
    4.259495e-04   -7.072151e-04    4.066599e-10
   -2.999093e-04    1.219997e-03   -4.705552e-10

energy gradient of state 4 =
    7.160558e-02    1.187013e-01    2.066404e-09
   -4.802679e-02   -1.922809e-01   -5.507866e-10
   -3.859103e-02    1.624973e-01   -5.972975e-10
    4.391516e-02    1.569717e-01    5.812456e-10
   -9.041593e-03   -9.656847e-02   -2.104466e-11
   -2.327021e-03   -9.519608e-02   -2.846098e-11
    9.696217e-03   -3.044632e-02   -8.498091e-11
   -1.283914e-03   -8.648046e-04    3.911885e-13
   -4.266679e-02   -1.788370e-02   -1.793427e-09
    1.760503e-03   -2.923158e-02    1.822584e-10
    9.058619e-03   -2.274879e-02    1.417827e-10
   -6.021427e-03    1.660920e-02    1.021637e-10
    1.289004e-02    2.629874e-02    2.826469e-10
   -9.675472e-04    4.142388e-03   -2.808945e-10

nonadiabatic coupling between state 1 and 2 =
    7.453040e-09   -6.192238e-09   -6.011304e-01
   -1.052656e-09    6.973475e-09    2.932855e-01
    1.673146e-09   -5.440070e-09    3.616357e-02
   -1.378215e-09    1.567362e-09   -1.623825e-02
    4.978273e-09    6.293761e-09    3.250495e-02
    2.219922e-09   -5.463717e-09   -8.904185e-02
   -7.045715e-09    7.478088e-10   -1.054820e-02
    1.179485e-11    7.409311e-12   -7.024264e-06
   -7.128496e-09    2.324371e-09    3.405853e-01
    1.801364e-10   -5.840805e-10    3.844655e-02
    4.283416e-11   -4.848266e-10    2.618162e-03
    3.076603e-11   -4.629259e-11    7.115940e-03
    4.312470e-10    2.181629e-10   -2.007597e-02
   -4.160766e-10    7.887449e-11   -1.367834e-02

nonadiabatic coupling between state 1 and 3 =
   -3.097843e-02   -3.314921e-03    4.734225e-09
    3.525595e-02   -2.642632e-03   -2.680436e-09
    2.593320e-02   -3.614734e-01   -1.020261e-09
    2.764554e-02    3.333204e-01   -1.035980e-09
    3.313995e-01    6.239202e-01    7.342665e-10
    3.176590e-01   -5.985924e-01    4.979125e-10
   -6.872269e-01   -2.786659e-03    9.427032e-10
    5.735606e-05    3.924820e-05    1.302667e-14
    5.707969e-03    1.207312e-02   -2.526187e-09
    1.637504e-03   -9.877424e-03    4.437324e-10
   -2.720768e-03    7.591258e-03    4.914221e-10
   -2.162694e-03    2.761153e-05   -7.790574e-10
    7.491090e-04    9.023656e-04    5.268995e-10
   -2.295635e-02    8.132293e-04   -3.292530e-10

nonadiabatic coupling between state 1 and 4 =
    4.133407e-10   -8.216307e-10   -6.654546e-02
   -1.358424e-09    6.540567e-10    2.033463e-02
    8.723247e-10   -2.440037e-09    7.428633e-02
    5.683557e-10    1.268563e-09   -7.274478e-02
    1.296682e-09    2.516045e-09   -3.225904e-02
    1.261832e-09   -1.922727e-09    1.230810e-02
   -2.821809e-09    1.015027e-10   -6.664947e-03
    4.279397e-12    2.939017e-12   -4.942897e-06
   -4.859322e-10    4.954354e-10    3.226109e-02
    7.307934e-11    1.348598e-10   -6.914946e-03
   -4.910248e-11    1.625266e-10    3.585931e-02
    1.493528e-10   -1.722247e-11    7.480227e-03
    2.438122e-11   -1.231781e-10    7.584582e-03
    5.164021e-11   -1.113302e-11   -4.980156e-03

nonadiabatic coupling between state 2 and 3 =
    8.661871e-08   -2.794288e-08    6.911727e-01
   -5.951547e-08    9.869480e-08   -9.869921e-01
    1.379842e-08   -2.475324e-09   -6.687447e-02
    4.899369e-09    4.028709e-08    3.857768e-01
    2.722582e-08    6.515166e-09    9.784466e-02
    1.804278e-08   -8.800722e-08    4.455928e-01
   -6.022598e-08   -6.193996e-09    2.779833e-02
    1.872773e-10    1.322036e-10    9.466704e-06
   -3.860070e-08   -2.804123e-08   -1.799487e-01
    1.773382e-09    3.099666e-09    4.140336e-02
   -5.484002e-10   -4.738947e-10   -1.424747e-01
    2.004629e-09    1.230889e-09   -7.500231e-02
    3.143870e-09    1.525128e-09   -2.457389e-01
    1.196289e-09    1.649591e-09    7.433212e-03

nonadiabatic coupling between state 2 and 4 =
   -7.671984e-02    7.694585e-02   -4.701047e-10
    3.714882e-01    6.638305e-02    1.133326e-09
   -7.558717e-02    2.850638e-01   -6.095461e-10
   -1.614419e-01   -4.097727e-01    2.055066e-09
   -2.949746e-01   -3.771524e-01   -1.885920e-09
   -2.934319e-01    3.843604e-01   -5.191014e-11
    5.810530e-01    1.104119e-02   -1.364992e-09
    1.332633e-04    8.989437e-05    5.275556e-14
    6.322988e-02   -4.092716e-02   -1.536606e-10
   -4.209951e-02    2.364679e-03    6.105524e-11
   -2.255726e-02   -1.937535e-02   -6.064795e-10
   -3.322207e-02   -1.776320e-02    1.454994e-09
   -4.452835e-03    1.290824e-02   -3.939172e-10
   -1.141721e-02    2.583373e-02    8.320355e-10

nonadiabatic coupling between state 3 and 4 =
   -2.584250e-09   -1.941719e-09   -2.114207e-02
   -2.330002e-09    1.619138e-09   -2.586849e-03
    1.165291e-09   -4.192794e-09   -2.333122e-02
    1.049804e-09    3.324308e-09    4.613663e-02
    2.970272e-09    4.657320e-09    1.949062e-02
    3.327767e-09   -4.074852e-09   -6.125241e-03
   -6.327107e-09   -4.589816e-11   -1.047005e-02
    1.035035e-11    7.154311e-12   -8.799019e-07
    1.815048e-09    5.211215e-10   -4.896956e-03
    3.355384e-10    2.687423e-10    1.978513e-02
    1.628771e-10    3.920279e-10    3.238719e-04
    4.540285e-10   -9.029004e-12   -1.744538e-03
   -1.288334e-10   -3.672357e-10   -6.285089e-03
    7.921598e-11   -1.582837e-10   -9.153353e-03

Tue Dec 20 12:49:47 2022
Mission success
