Evaluation for diabatz
Yifan Shen 2021

Echo of user command line input:
/home/yshen/Software/Mine/diabatz/tools/eval/v1/eval.exe -d default pretrain-IntCoordDef pretrain-SAS.in pretrain-Hd.in pretrain-Hd.net pretrain-11.in pretrain-12.in pretrain-13.in pretrain-14.in pretrain-22.in pretrain-23.in pretrain-24.in pretrain-33.in pretrain-34.in pretrain-44.in default IntCoordDef SAS.in Hd.in Hd.net 11.in 12.in 13.in 14.in 22.in 23.in 24.in 33.in 34.in 44.in -x /home/yshen/C6H7N-aniline/Columbus/fast/6/fast-6.xyz -a -g

Tue Dec 20 12:49:47 2022

energy =
    1.452298e-01    2.500710e-01    2.607214e-01    4.207457e-01

states are:
   -1.122275e-09    9.997302e-01    2.969929e-09   -2.322788e-02
   -9.999496e-01   -1.145121e-09    1.004132e-02    3.111743e-10
   -2.812932e-10   -2.322788e-02    3.198691e-10   -9.997302e-01
    1.004132e-02   -2.950349e-09    9.999496e-01    3.856628e-10

energy gradient of state 1 =
    8.985207e-03    1.116784e-03   -1.040080e-10
   -1.065981e-03   -1.566187e-04   -1.166825e-10
   -1.699345e-03    5.574277e-04    1.555338e-10
    1.615845e-03    2.668721e-03    9.244095e-11
   -1.368167e-03   -1.698440e-03   -8.034548e-11
   -7.404829e-04   -4.317760e-04   -1.228004e-10
    2.294500e-03   -6.340551e-04    1.758577e-10
   -2.244906e-05   -1.567060e-05    6.165672e-17
   -6.525889e-03   -2.172997e-03    6.803314e-11
   -1.152414e-03    6.674199e-04    1.333822e-10
   -8.085321e-05   -9.124308e-06   -2.600276e-12
    2.516112e-04    1.671664e-04   -2.771676e-10
    1.121356e-04   -3.063298e-04   -1.118638e-10
   -6.037168e-04    2.474927e-04    1.902201e-10

energy gradient of state 2 =
   -7.425720e-02    2.931280e-03   -2.891181e-10
    5.667047e-02   -6.637741e-02   -6.287563e-11
   -1.749502e-02    9.556757e-03    3.148737e-10
    9.583217e-03    3.347756e-02   -2.718978e-11
   -1.479413e-02   -8.221260e-03   -2.817026e-10
    1.977015e-02   -1.061399e-02   -2.134433e-10
    1.179745e-04    5.836039e-04    2.591135e-10
   -7.635405e-05   -5.083238e-05   -5.489221e-15
    2.058848e-02    4.069352e-02    2.478999e-10
    6.628759e-04   -1.113509e-03    1.351175e-10
   -5.444260e-04    4.476689e-04    4.125421e-12
    8.613498e-05   -1.033778e-03   -2.757915e-10
    2.435616e-04    5.565737e-04   -9.886694e-11
   -5.557332e-04   -8.361742e-04    2.878635e-10

energy gradient of state 3 =
    3.639299e-03   -2.454029e-02    2.425342e-10
   -4.450780e-03    6.161192e-02   -2.225409e-10
    3.124572e-03    4.663558e-02    6.905489e-11
   -9.151524e-04    5.136840e-02    2.497675e-10
   -1.510877e-02   -5.678584e-02   -8.369076e-11
    1.611077e-02   -6.218417e-02   -1.014281e-10
   -1.413634e-03   -1.007888e-02   -7.500040e-11
    5.265284e-06    4.703943e-06    2.500660e-15
   -7.169588e-04   -6.096571e-03   -1.470382e-10
   -1.882795e-03    7.441712e-04    8.611599e-11
    2.221050e-03   -4.153434e-04   -4.050315e-11
   -7.457675e-04   -7.974505e-04   -1.893054e-10
    4.363868e-04   -6.949954e-04   -8.575289e-11
   -3.034810e-04    1.228765e-03    2.977847e-10

energy gradient of state 4 =
    7.111184e-02    1.179588e-01   -4.998705e-10
   -4.811488e-02   -1.925145e-01    4.958000e-11
   -3.865078e-02    1.626320e-01    2.969738e-10
    4.402906e-02    1.571586e-01   -9.646327e-11
   -9.088576e-03   -9.661401e-02   -6.391136e-11
   -2.277273e-03   -9.528360e-02   -8.943511e-11
    9.674964e-03   -3.046443e-02    9.737340e-11
   -2.860532e-04   -1.922594e-04   -6.956942e-15
   -4.312424e-02   -1.772020e-02    4.143810e-10
    1.776309e-03   -2.927915e-02    3.711540e-12
    9.040318e-03   -2.279453e-02   -1.915756e-11
   -6.011328e-03    1.663784e-02   -1.678230e-10
    1.288837e-02    2.632827e-02   -9.292912e-11
   -9.677428e-04    4.147104e-03    1.675771e-10

nonadiabatic coupling between state 1 and 2 =
    1.578481e-09   -1.204060e-09    6.000544e-01
   -4.933970e-10    1.275697e-09   -2.924397e-01
    3.881817e-10   -1.578091e-09   -3.631694e-02
    2.774734e-10    9.084740e-10    1.656196e-02
    1.535149e-09    2.442878e-09   -3.243191e-02
    7.983064e-10   -2.282275e-09    8.874478e-02
   -2.708422e-09    3.643110e-10    1.047453e-02
    7.003628e-13    4.659872e-13    6.829700e-07
   -1.239624e-09    3.850675e-10   -3.402118e-01
    8.231005e-11   -1.452337e-10   -3.831742e-02
   -9.307675e-11   -8.595877e-11   -2.672731e-03
   -1.100029e-10    7.169583e-11   -7.106316e-03
   -2.189279e-11   -9.732570e-11    2.001101e-02
    5.814103e-12   -5.564626e-11    1.364938e-02

nonadiabatic coupling between state 1 and 3 =
    3.102477e-02    3.184064e-03    1.678267e-09
   -3.537060e-02    2.637660e-03   -5.056988e-10
   -2.598503e-02    3.620117e-01    7.724269e-10
   -2.759607e-02   -3.337209e-01   -2.316556e-10
   -3.318656e-01   -6.245981e-01    4.294894e-10
   -3.180468e-01    5.993584e-01   -6.437998e-10
    6.880475e-01    2.714672e-03   -2.873116e-10
   -3.921188e-06   -2.710628e-06    4.804651e-15
   -5.694602e-03   -1.209498e-02   -1.030884e-09
   -1.654654e-03    9.879562e-03   -6.847453e-10
    2.712095e-03   -7.580969e-03    6.713047e-11
    2.213374e-03   -8.131372e-06   -3.502987e-10
   -7.405703e-04   -9.326370e-04    5.638555e-10
    2.296009e-02   -8.476536e-04    2.232205e-10

nonadiabatic coupling between state 1 and 4 =
   -3.369889e-10    4.646765e-10   -6.619246e-02
    5.658988e-10   -2.775384e-10    2.021095e-02
   -3.215578e-10    8.585372e-10    7.391660e-02
   -2.845687e-10   -4.703598e-10   -7.237085e-02
   -4.546037e-10   -9.799599e-10   -3.212782e-02
   -4.416125e-10    6.148554e-10    1.230122e-02
    9.767547e-10   -3.912505e-11   -6.636336e-03
   -2.875273e-13   -1.923098e-13   -3.825673e-07
    3.241277e-10   -2.167099e-10    3.207130e-02
    1.613759e-11   -1.840143e-11   -6.856301e-03
    2.051621e-11   -4.930005e-11    3.566685e-02
   -4.215972e-11    1.686216e-11    7.436392e-03
    4.023562e-12    5.562396e-11    7.543860e-03
   -2.567969e-11    4.103165e-11   -4.963022e-03

nonadiabatic coupling between state 2 and 3 =
   -3.427950e-08    1.167223e-08    7.135164e-01
    2.893500e-08   -3.528429e-08   -1.018840e+00
   -1.546663e-08   -7.535031e-10   -7.018074e-02
   -2.222403e-09   -1.745200e-08    3.993925e-01
   -3.680915e-09   -5.163343e-09    1.006922e-01
   -4.860897e-09    3.110793e-08    4.601719e-01
    1.895292e-08    3.933055e-09    2.874356e-02
   -2.221477e-11   -1.512152e-11    7.864034e-07
    1.496720e-08    1.038354e-08   -1.859485e-01
    3.189827e-09    9.926396e-10    4.329486e-02
   -2.392019e-10   -6.611476e-10   -1.473848e-01
   -2.072277e-09    8.630702e-10   -7.706826e-02
   -1.951194e-09    5.764877e-10   -2.539770e-01
   -1.249716e-09   -1.995354e-10    7.586993e-03

nonadiabatic coupling between state 2 and 4 =
    7.608464e-02   -7.665163e-02   -2.311040e-10
   -3.692866e-01   -6.580992e-02   -2.871086e-10
    7.519416e-02   -2.832969e-01   -7.546848e-10
    1.605118e-01    4.070106e-01    3.913120e-10
    2.930832e-01    3.745939e-01    6.349208e-11
    2.914798e-01   -3.817245e-01    6.877389e-10
   -5.772596e-01   -1.088655e-02    3.676413e-10
   -2.667377e-05   -1.794592e-05   -4.237865e-16
   -6.280489e-02    4.074121e-02    1.322584e-10
    4.181548e-02   -2.329869e-03    4.131746e-10
    2.242855e-02    1.922614e-02   -2.059279e-11
    3.300043e-02    1.765000e-02    1.336231e-10
    4.432548e-03   -1.284824e-02   -5.044425e-10
    1.134706e-02   -2.565631e-02   -3.913071e-10

nonadiabatic coupling between state 3 and 4 =
   -4.275433e-10   -7.509498e-10    2.087338e-02
   -8.933227e-10    3.924041e-10    2.538889e-03
    3.084267e-10   -1.240268e-09    2.316307e-02
    4.697606e-10    1.052361e-09   -4.572880e-02
    9.730052e-10    1.424369e-09   -1.930476e-02
    1.023097e-09   -1.184944e-09    6.083206e-03
   -1.976659e-09   -5.440255e-11    1.035538e-02
    6.265106e-13    4.260377e-13    8.142306e-08
    2.192271e-10    3.100064e-10    4.918434e-03
    1.476727e-10    7.597818e-11   -1.960425e-02
    2.259427e-11    1.414298e-10   -3.194699e-04
    1.400594e-10    1.712106e-12    1.729262e-03
   -4.452463e-11   -1.168619e-10    6.225815e-03
    3.757956e-11   -5.126027e-11    9.069768e-03

Tue Dec 20 12:49:48 2022
Mission success
