Evaluation for diabatz
Yifan Shen 2021

Echo of user command line input:
/home/yshen/Software/Mine/diabatz/tools/eval/v1/eval.exe -d default pretrain-IntCoordDef pretrain-SAS.in pretrain-Hd.in pretrain-Hd.net pretrain-11.in pretrain-12.in pretrain-13.in pretrain-14.in pretrain-22.in pretrain-23.in pretrain-24.in pretrain-33.in pretrain-34.in pretrain-44.in default IntCoordDef SAS.in Hd.in Hd.net 11.in 12.in 13.in 14.in 22.in 23.in 24.in 33.in 34.in 44.in -x /home/yshen/C6H7N-aniline/Columbus/mex-B2-A2/mex-B2-A2.xyz -a -g

Tue Dec 20 12:49:52 2022

energy =
    8.580420e-02    1.861942e-01    2.618380e-01    2.626182e-01

states are:
   -9.997802e-01   -9.927507e-11    5.536925e-10   -2.096622e-02
   -8.446651e-11    9.999994e-01    1.052982e-03   -6.793796e-10
    2.096622e-02   -6.943410e-10    1.603131e-08   -9.997802e-01
   -2.175439e-10    1.052982e-03   -9.999994e-01   -1.604012e-08

energy gradient of state 1 =
    5.797982e-02    9.591137e-02    3.205552e-12
    2.663708e-02   -1.016811e-01    2.844786e-12
   -2.003590e-02   -2.816085e-02    6.447824e-11
    1.455156e-02   -1.127191e-02   -1.002001e-10
    6.336363e-03    3.571311e-02   -4.285726e-11
   -1.785581e-03    3.384694e-02    1.170882e-10
   -3.661821e-03    1.327144e-02   -2.523380e-11
   -1.004394e-01   -5.296772e-02    2.295181e-11
    1.874401e-02    1.075770e-02   -6.241130e-11
    4.309321e-03    2.517345e-04    1.941328e-10
   -2.971169e-03    1.380138e-03   -1.574236e-10
    1.664669e-03    9.765637e-04   -1.719892e-10
   -1.626885e-03    1.785538e-03    2.270829e-10
    2.979248e-04    1.870886e-04   -7.166900e-11

energy gradient of state 2 =
   -1.948762e-02   -1.879377e-02   -2.898952e-11
   -1.580266e-03   -1.897036e-02    8.803158e-12
    1.290771e-02   -4.566101e-02    5.408187e-11
   -8.404010e-03   -4.870365e-02   -7.872069e-11
    1.272237e-02    4.810366e-02    2.259722e-11
   -2.126364e-02    5.362405e-02   -1.683124e-11
    4.063139e-03    9.955082e-03    6.687695e-13
    2.580276e-02    1.720826e-02   -1.223525e-11
   -4.130660e-03    1.111867e-03    1.022668e-11
   -2.581311e-04    3.022058e-05    1.782566e-10
    5.626989e-05    2.988382e-04   -1.432204e-10
   -3.471978e-04    1.761870e-03   -1.779268e-10
   -5.213702e-04    9.938205e-04    2.321335e-10
    4.406557e-04   -9.588768e-04   -4.884383e-11

energy gradient of state 3 =
    1.839580e-03    5.888031e-03    5.572733e-10
    5.803833e-04   -6.769773e-04    1.264329e-12
    1.334196e-03   -9.525011e-05   -1.133916e-10
    2.157520e-03   -8.967575e-05   -2.092699e-10
   -9.487360e-04   -6.295810e-04    3.108738e-11
    1.371160e-03    4.401571e-04   -7.140508e-11
   -1.599350e-03   -1.857648e-04    1.149254e-10
   -2.984946e-04   -1.898671e-03   -9.373078e-11
   -2.133193e-03   -2.999989e-03   -2.217533e-10
   -2.787281e-03   -5.459938e-04    7.343158e-11
    1.099831e-04    4.181454e-05   -1.346891e-10
   -1.251486e-03    4.413022e-04   -1.456417e-10
    1.279107e-03    5.613620e-04    2.213900e-10
    3.466100e-04   -2.507633e-04   -9.490469e-12

energy gradient of state 4 =
    6.357833e-02    8.537814e-02   -5.412876e-10
    2.964199e-02   -8.655292e-02    5.711689e-11
    5.183163e-03    1.066285e-02    4.094891e-11
   -1.668116e-02    1.541942e-02    1.703161e-10
    2.865921e-02    6.305127e-03    7.021730e-11
   -3.260027e-02    1.153881e-02   -3.401112e-11
    5.480612e-03    2.139213e-03   -8.765841e-11
   -9.990831e-02   -5.531369e-02    1.208140e-10
    1.536231e-02    8.479840e-03    1.321782e-10
    2.695205e-03    5.999293e-04    1.229128e-10
   -1.882655e-03   -4.897043e-06   -2.011244e-12
    4.568105e-04   -3.866730e-04   -3.599954e-11
   -2.796579e-04    8.225952e-04    8.191892e-11
    2.944134e-04    9.122496e-04   -9.545520e-11

nonadiabatic coupling between state 1 and 2 =
   -2.732218e-09    1.598641e-09   -4.326128e-01
    2.110487e-09   -9.522585e-10    1.418798e-01
   -1.101959e-10    6.375760e-10   -7.602094e-02
    3.579517e-10   -1.119522e-10    8.884180e-02
   -4.750276e-10   -1.194638e-10   -2.542244e-02
   -2.161251e-10    2.624738e-11   -4.395857e-02
    2.851219e-10   -1.212180e-10    1.266664e-02
   -1.584137e-10   -1.323978e-09    1.813784e-01
    1.303892e-09    2.431020e-10    8.719828e-02
   -6.488908e-11    5.469055e-11    3.678472e-02
   -5.972304e-11    1.079207e-10    2.228451e-02
   -1.816218e-10    1.205481e-10   -1.496202e-03
   -2.412855e-10   -1.515599e-10   -4.096433e-03
    1.820469e-10   -8.295326e-12    1.257321e-02

nonadiabatic coupling between state 1 and 3 =
    1.360898e-09    2.878479e-10   -6.552964e-03
   -8.951236e-09   -7.169190e-12    2.146431e-02
    3.483223e-09   -7.316374e-09    3.635395e-02
    3.537783e-09    7.462472e-09   -3.023188e-02
    4.293925e-09    7.388653e-09    2.749900e-02
    4.904221e-09   -7.427034e-09   -5.170631e-02
   -9.823196e-09   -2.318540e-10   -7.466513e-03
   -1.412029e-10   -3.881443e-10   -3.843416e-03
   -2.448253e-11   -2.025974e-10   -2.442943e-03
    3.555509e-10    1.450721e-10   -2.626279e-02
   -9.214128e-12    1.158822e-11    2.452752e-02
    3.498007e-10    4.732191e-10   -4.787637e-03
    4.318652e-10   -2.760638e-10    2.387520e-02
    2.320647e-10    8.038454e-11   -4.255165e-04

nonadiabatic coupling between state 1 and 4 =
   -1.140590e-01    1.407173e-02    1.868834e-10
    5.781942e-01    7.392084e-03    9.894018e-10
   -2.355341e-01    4.382972e-01    8.395791e-10
   -1.964955e-01   -4.637527e-01    2.751937e-10
   -2.514242e-01   -4.548950e-01   -5.225006e-10
   -3.077199e-01    4.371942e-01   -1.474890e-09
    5.925529e-01    2.064614e-02   -1.078720e-09
    1.383313e-02   -1.324966e-03   -9.738875e-11
    2.665693e-03    1.182477e-02   -3.398417e-10
   -1.296876e-02   -5.618338e-03   -7.172449e-10
   -9.152810e-03    3.842518e-04   -2.774370e-11
   -2.222277e-02   -2.439510e-02    4.818952e-10
   -2.394821e-02    2.323240e-02    7.125020e-10
   -1.372056e-02   -3.056735e-03    7.728750e-10

nonadiabatic coupling between state 2 and 3 =
   -1.283802e-02   -1.919769e-02    1.067556e-09
   -1.583244e-01    7.009104e-03   -3.902267e-10
    2.372142e-02    3.580788e-01   -3.420941e-10
   -4.065889e-03   -3.338318e-01    1.318150e-09
   -3.570800e-01   -7.903273e-01   -7.811905e-10
   -4.058287e-01    7.429897e-01    1.999633e-10
    8.515437e-01    2.875496e-02   -1.149459e-09
    2.689525e-02    2.794712e-02    1.566673e-10
    1.162294e-02   -3.274017e-02   -3.322335e-10
    5.317214e-03    1.001296e-02   -1.582153e-10
    2.829164e-03   -1.267280e-02   -1.273157e-09
   -7.533649e-03    9.964280e-03    5.676884e-10
   -3.540365e-03    2.675387e-03    4.768406e-10
    2.728132e-02    1.337510e-03    6.397100e-10

nonadiabatic coupling between state 2 and 4 =
    9.738148e-10   -6.020758e-10   -6.693277e-02
   -1.581880e-09    4.143042e-10    6.804738e-02
    7.974737e-12    6.309139e-09    6.597837e-02
   -3.929746e-10   -5.890511e-09    2.057540e-02
   -5.857346e-09   -1.300328e-08    1.843629e-03
   -6.970878e-09    1.278680e-08   -4.492543e-02
    1.435698e-08    5.287220e-10    1.644695e-02
   -4.065389e-10   -1.433331e-10    1.019357e-02
   -4.392543e-10   -1.875490e-10   -1.447054e-02
    3.402196e-11    1.731021e-10   -4.467888e-02
    1.085650e-10   -1.948807e-10    2.642083e-02
   -1.194686e-10    1.470931e-11   -1.176200e-02
   -1.309385e-10   -8.072402e-11   -2.220741e-02
    4.179241e-10   -1.244229e-10   -4.529108e-03

nonadiabatic coupling between state 3 and 4 =
   -1.311996e-06   -1.677800e-06   -2.273566e+01
   -6.359858e-07    1.768633e-06    3.041976e+00
   -6.785027e-08   -2.931093e-07    2.333055e-03
    3.946359e-07   -2.519491e-07    8.658560e+00
   -5.679999e-07   -3.934506e-08    2.285601e+00
    7.513182e-07   -3.273050e-07   -6.915328e-02
   -2.545596e-07   -5.460829e-08   -2.994611e+00
    2.071851e-06    1.152618e-06    4.169347e+00
   -3.126409e-07   -2.470214e-07    7.602516e+00
   -1.124107e-07   -2.047622e-08    2.872573e+00
    4.132892e-08    6.031162e-10    3.279056e-01
   -2.801104e-08    1.758045e-08    6.648631e-01
    3.393198e-08   -7.003091e-09   -1.426936e+00
   -1.611564e-09   -2.081777e-08   -2.399315e+00

Tue Dec 20 12:49:53 2022
Mission success
