Diabatz version 1.3.0
Yifan Shen 2021

Echo of user command line input:
/home/yshen57/Software/Mine/diabatz/v1.3.0/diabatz.exe --pretrained default pretrain-IntCoordDef pretrain-SAS.in pretrain-Hd.in pretrain-Hd.net pretrain-11.in pretrain-12.in pretrain-13.in pretrain-14.in pretrain-22.in pretrain-23.in pretrain-24.in pretrain-33.in pretrain-34.in pretrain-44.in -f default -i IntCoordDef -s SAS.in -n Hd.in -l 11.in 12.in 13.in 14.in 22.in 23.in 24.in 33.in 34.in 44.in -d data/critical/list.txt data/linear-path/min-B1_min-B2/ data/NH2-rotation-A1/list.txt data/NH2-rotation-B1/list.txt data/other/NH2-angles/list.txt data/other/benzene/list.txt data/other/in-benzene/list.txt data/other/out-of-benzene/list.txt data/fast/list.txt data/other/fast_bound_N-H/list.txt data/slow/list.txt data/other/slow_bound_N-H/list.txt data/linear-path/fast-slow/list.txt data/linear-path/min-B1_stretch/list.txt data/linear-path/min-A1_stretch/list.txt data/linear-path/A1rot-sad_stretch/list.txt data/artifact/asymptote/ --energy_data data/artifact/fast-B2/ data/artifact/min-B1_stretch/ data/artifact/min-A1_stretch/ data/artifact/B1rot-sad_stretch/ data/artifact/A1rot-sad_stretch/ data/artifact/asymptote_C-N-H/ data/artifact/asymptote-B2/ -z -286.1075216397 --deg_thresh 0.005 -r reg-continue/reg -p reg-continue/prior -c txt2bin/init.net -m 10

Mon Dec 12 14:49:01 2022

The data set will be read from: 
    data/critical/min-A1/, data/critical/sad-A1/, data/critical/min-B1/, 
    data/critical/sad-B1/, data/critical/min-B2/, data/critical/sad-B2/, data/critical/min-A2/, 
    data/critical/sad-A2/, data/critical/mex-A1-B1/, data/critical/mex-B1-B2/, 
    data/critical/mex-B2-A2/, data/linear-path/min-B1_min-B2/, data/NH2-rotation-A1/0.1/, 
    data/NH2-rotation-A1/0.2/, data/NH2-rotation-A1/0.3/, data/NH2-rotation-A1/0.4/, 
    data/NH2-rotation-A1/0.5/, data/NH2-rotation-A1/0.6/, data/NH2-rotation-A1/0.7/, 
    data/NH2-rotation-A1/0.8/, data/NH2-rotation-A1/0.9/, data/NH2-rotation-A1/1.0/, 
    data/NH2-rotation-A1/1.1/, data/NH2-rotation-A1/1.2/, data/NH2-rotation-A1/1.3/, 
    data/NH2-rotation-A1/1.4/, data/NH2-rotation-A1/1.5/, data/NH2-rotation-A1/1.6/, 
    data/NH2-rotation-A1/1.7/, data/NH2-rotation-A1/1.8/, data/NH2-rotation-A1/1.9/, 
    data/NH2-rotation-A1/2.0/, data/NH2-rotation-A1/2.1/, data/NH2-rotation-A1/2.2/, 
    data/NH2-rotation-B1/0.1/, data/NH2-rotation-B1/0.2/, data/NH2-rotation-B1/0.3/, 
    data/NH2-rotation-B1/0.4/, data/NH2-rotation-B1/0.5/, data/NH2-rotation-B1/0.6/, 
    data/NH2-rotation-B1/0.7/, data/NH2-rotation-B1/0.8/, data/NH2-rotation-B1/0.9/, 
    data/NH2-rotation-B1/1.0/, data/NH2-rotation-B1/1.1/, data/NH2-rotation-B1/1.2/, 
    data/NH2-rotation-B1/1.3/, data/NH2-rotation-B1/1.4/, data/NH2-rotation-B1/1.5/, 
    data/NH2-rotation-B1/1.6/, data/NH2-rotation-B1/1.7/, data/NH2-rotation-B1/1.8/, 
    data/NH2-rotation-B1/1.9/, data/NH2-rotation-B1/2.0/, data/NH2-rotation-B1/2.1/, 
    data/NH2-rotation-B1/2.2/, data/other/NH2-angles/H-N-H_from_min-B1/0-18_4-states/, 
    data/other/NH2-angles/H-N-H_from_min-B1/19_3-states/, data/other/NH2-angles/H-N-H_from_min-A1/, 
    data/other/NH2-angles/C-N-avgH_from_min-B1/0-11_4-states/, data/other/NH2-angles/C-N-avgH_from_min-B1/12-13_5to4-states/, 
    data/other/NH2-angles/C-out-of-NH2/0-9_4-states/, data/other/NH2-angles/C-out-of-NH2/10-14_5to4-states/, 
    data/other/benzene/A1-9/0-13_4-states/, data/other/benzene/A1-9/14-19_4-states/, data/other/benzene/A1-10/, 
    data/other/benzene/B1-14/0-5_4-states/, data/other/benzene/B1-14/6-9_4-states/, data/other/benzene/B1-15/, 
    data/other/benzene/B2-27/, data/other/benzene/A2-33/, data/other/in-benzene/A1-11/, 
    data/other/in-benzene/A1-12/, data/other/in-benzene/B2-28/, data/other/in-benzene/B2-29/, 
    data/other/in-benzene/B2-30/, data/other/out-of-benzene/B1-16_H/0-5_4-states/, 
    data/other/out-of-benzene/B1-16_H/6-10_4-states/, data/other/out-of-benzene/B1-17_H/0-9_4-states/, 
    data/other/out-of-benzene/B1-17_H/10-12_4-states/, data/other/out-of-benzene/B1-18_H/, 
    data/other/out-of-benzene/B1-19_N/0-2_4-states/, data/other/out-of-benzene/B1-19_N/3-4_4-states/, 
    data/other/out-of-benzene/A2-34_H/0-6_4-states/, data/other/out-of-benzene/A2-34_H/7_3-states/, 
    data/other/out-of-benzene/A2-34_H/8-10_4-states/, data/other/out-of-benzene/A2-35_H/0-2_4-states/, 
    data/other/out-of-benzene/A2-35_H/3-7_3-states/, data/fast/0.7/, data/fast/0.8/, data/fast/0.9/, data/fast/1.1/, 
    data/fast/1.2/, data/fast/1.4/, data/fast/1.5/, data/fast/1.6/, data/fast/1.7/, 
    data/fast/1.9/, data/fast/2.0/, data/fast/2.1/, data/fast/2.2/, data/fast/2.3/, 
    data/fast/2.4/, data/fast/2.5/, data/fast/2.6/, data/fast/2.7/, data/fast/2.8/, 
    data/fast/2.9/, data/fast/3/, data/fast/4/, data/fast/5/, data/fast/6/, 
    data/fast/6_partial-loop/, data/other/fast_bound_N-H/1.1/0.8-0.9-1.1-1.2_4-states/, 
    data/other/fast_bound_N-H/1.1/1.3_3-states/, data/other/fast_bound_N-H/1.2/0.8-0.9-1.1-1.2_4-states/, 
    data/other/fast_bound_N-H/1.2/1.3_3-states/, data/other/fast_bound_N-H/1.3/0.8-0.9-1.1_3-states/, 
    data/other/fast_bound_N-H/1.3/1.2_4-states/, data/other/fast_bound_N-H/1.3/1.3_3-states/, 
    data/other/fast_bound_N-H/1.4/0.8-0.9-1.1-1.2-1.3_4-states/, data/other/fast_bound_N-H/1.4/1.4_2-states/, 
    data/other/fast_bound_N-H/1.5/0.8-0.9-1.1-1.2-1.3_4-states/, data/other/fast_bound_N-H/1.5/1.4-1.5_2-states/, data/slow/0.7/, 
    data/slow/0.8/, data/slow/0.9/, data/slow/1.1/, data/slow/1.2/, data/slow/1.3/, 
    data/slow/1.4/, data/slow/1.5/, data/slow/1.6/, data/slow/1.7/, data/slow/1.79/, 
    data/other/slow_bound_N-H/1.1/, data/other/slow_bound_N-H/1.2/, data/other/slow_bound_N-H/1.3/, 
    data/other/slow_bound_N-H/1.4/, data/other/slow_bound_N-H/1.5/, data/linear-path/fast-slow/1.1/, 
    data/linear-path/fast-slow/1.2/, data/linear-path/fast-slow/1.3/, data/linear-path/fast-slow/1.4/, 
    data/linear-path/fast-slow/1.5/, data/linear-path/fast-slow/1.6/, data/linear-path/fast-slow/1.7/, 
    data/linear-path/min-B1_stretch/0.7-0.8/, data/linear-path/min-B1_stretch/0.7-0.9/, 
    data/linear-path/min-B1_stretch/0.7-1.0/, data/linear-path/min-B1_stretch/0.8-0.8/, 
    data/linear-path/min-B1_stretch/0.8-0.9/, data/linear-path/min-B1_stretch/0.8-1.0/, 
    data/linear-path/min-B1_stretch/0.9-0.9/, data/linear-path/min-B1_stretch/0.9-1.0/, 
    data/linear-path/min-B1_stretch/1.1-1.0/, data/linear-path/min-B1_stretch/1.1-1.1/, 
    data/linear-path/min-B1_stretch/1.2-1.0/, data/linear-path/min-B1_stretch/1.2-1.1/, 
    data/linear-path/min-B1_stretch/1.2-1.2/, data/linear-path/min-B1_stretch/1.3-1.0/, 
    data/linear-path/min-B1_stretch/1.3-1.1/, data/linear-path/min-B1_stretch/1.3-1.2/, 
    data/linear-path/min-B1_stretch/1.3-1.3/, data/linear-path/min-B1_stretch/1.4-1.0/, 
    data/linear-path/min-B1_stretch/1.4-1.1/, data/linear-path/min-B1_stretch/1.4-1.2/, 
    data/linear-path/min-B1_stretch/1.4-1.3/, data/linear-path/min-B1_stretch/1.4-1.4/, 
    data/linear-path/min-B1_stretch/1.5-1.0/, data/linear-path/min-B1_stretch/1.5-1.1/, 
    data/linear-path/min-B1_stretch/1.5-1.2/, data/linear-path/min-B1_stretch/1.5-1.3/, 
    data/linear-path/min-B1_stretch/1.5-1.4/, data/linear-path/min-B1_stretch/1.6-1.0/, 
    data/linear-path/min-B1_stretch/1.6-1.1/, data/linear-path/min-B1_stretch/1.6-1.2/, 
    data/linear-path/min-B1_stretch/1.6-1.3/, data/linear-path/min-B1_stretch/1.6-1.4/, 
    data/linear-path/min-B1_stretch/1.6-1.5/, data/linear-path/min-B1_stretch/1.6-1.6/, 
    data/linear-path/min-B1_stretch/1.7-1.0/, data/linear-path/min-B1_stretch/1.7-1.1/, 
    data/linear-path/min-B1_stretch/1.7-1.2/, data/linear-path/min-B1_stretch/1.7-1.3/, 
    data/linear-path/min-B1_stretch/1.7-1.4/, data/linear-path/min-B1_stretch/1.7-1.5/, 
    data/linear-path/min-B1_stretch/1.8-1.0/, data/linear-path/min-B1_stretch/1.8-1.1/, 
    data/linear-path/min-B1_stretch/1.8-1.2/, data/linear-path/min-B1_stretch/1.9-1.0/, 
    data/linear-path/min-B1_stretch/1.9-1.1/, data/linear-path/min-B1_stretch/2.0-1.0/, 
    data/linear-path/min-B1_stretch/2.1-1.0/, data/linear-path/min-B1_stretch/2.2-1.0/, 
    data/linear-path/min-B1_stretch/2.3-1.0/, data/linear-path/min-B1_stretch/2.4-1.0/, 
    data/linear-path/min-B1_stretch/2.5-1.0/, data/linear-path/min-B1_stretch/2.6-1.0/, 
    data/linear-path/min-B1_stretch/2.7-1.0/, data/linear-path/min-B1_stretch/2.8-1.0/, 
    data/linear-path/min-B1_stretch/2.9-1.0/, data/linear-path/min-B1_stretch/3-1.0/, 
    data/linear-path/min-B1_stretch/4-1.0/, data/linear-path/min-B1_stretch/5-1.0/, 
    data/linear-path/min-B1_stretch/6-1.0/, data/linear-path/min-A1_stretch/1.1-1.0/, 
    data/linear-path/min-A1_stretch/1.1-1.1/, data/linear-path/min-A1_stretch/1.2-1.0/, 
    data/linear-path/min-A1_stretch/1.2-1.1/, data/linear-path/min-A1_stretch/1.2-1.2/, 
    data/linear-path/min-A1_stretch/1.3-1.0/, data/linear-path/min-A1_stretch/1.3-1.1/, 
    data/linear-path/min-A1_stretch/1.3-1.2/, data/linear-path/min-A1_stretch/1.3-1.3/, 
    data/linear-path/min-A1_stretch/1.4-1.0/, data/linear-path/min-A1_stretch/1.4-1.1/, 
    data/linear-path/min-A1_stretch/1.4-1.2/, data/linear-path/min-A1_stretch/1.4-1.3/, 
    data/linear-path/min-A1_stretch/1.5-1.0/, data/linear-path/min-A1_stretch/1.5-1.1/, 
    data/linear-path/min-A1_stretch/1.5-1.2/, data/linear-path/A1rot-sad_stretch/1.1-1.0/, 
    data/linear-path/A1rot-sad_stretch/1.1-1.1/, data/linear-path/A1rot-sad_stretch/1.2-1.0/, 
    data/linear-path/A1rot-sad_stretch/1.2-1.1/, data/linear-path/A1rot-sad_stretch/1.2-1.2/, 
    data/linear-path/A1rot-sad_stretch/1.3-1.0/, data/linear-path/A1rot-sad_stretch/1.3-1.1/, 
    data/linear-path/A1rot-sad_stretch/1.3-1.2/, data/linear-path/A1rot-sad_stretch/1.3-1.3/, 
    data/linear-path/A1rot-sad_stretch/1.4-1.0/, data/linear-path/A1rot-sad_stretch/1.4-1.1/, 
    data/linear-path/A1rot-sad_stretch/1.4-1.2/, data/linear-path/A1rot-sad_stretch/1.4-1.3/, 
    data/linear-path/A1rot-sad_stretch/1.4-1.4/, data/artifact/asymptote/, 
There are 1733 data points in adiabatic representation
          536 data points in composite representation

The data set will be read from: 
    data/artifact/fast-B2/, data/artifact/min-B1_stretch/, 
    data/artifact/min-A1_stretch/, data/artifact/B1rot-sad_stretch/, data/artifact/A1rot-sad_stretch/, 
    data/artifact/asymptote_C-N-H/, data/artifact/asymptote-B2/, 
There are 1646 data points without gradient

maximum ground state energy = 0.238417
maximum ||ground state energy gradient||_infinity = 0.708655
so we suggest to set gradient / energy scaling to around 2.97233

Got regularization strength, enable regularization

The number of threads = 48

Thread 1:
* owns 37 adiabatic data points
* owns 12 composite data points
* owns 35 energy-only data points
* starts with Jacobian row 0
Thread 2:
* owns 37 adiabatic data points
* owns 12 composite data points
* owns 35 energy-only data points
* starts with Jacobian row 7084
Thread 3:
* owns 37 adiabatic data points
* owns 12 composite data points
* owns 35 energy-only data points
* starts with Jacobian row 14462
Thread 4:
* owns 37 adiabatic data points
* owns 12 composite data points
* owns 35 energy-only data points
* starts with Jacobian row 22983
Thread 5:
* owns 37 adiabatic data points
* owns 12 composite data points
* owns 35 energy-only data points
* starts with Jacobian row 31288
Thread 6:
* owns 36 adiabatic data points
* owns 12 composite data points
* owns 35 energy-only data points
* starts with Jacobian row 40458
Thread 7:
* owns 36 adiabatic data points
* owns 12 composite data points
* owns 35 energy-only data points
* starts with Jacobian row 48624
Thread 8:
* owns 36 adiabatic data points
* owns 12 composite data points
* owns 35 energy-only data points
* starts with Jacobian row 56374
Thread 9:
* owns 36 adiabatic data points
* owns 11 composite data points
* owns 35 energy-only data points
* starts with Jacobian row 68116
Thread 10:
* owns 36 adiabatic data points
* owns 11 composite data points
* owns 35 energy-only data points
* starts with Jacobian row 79022
Thread 11:
* owns 36 adiabatic data points
* owns 11 composite data points
* owns 35 energy-only data points
* starts with Jacobian row 90629
Thread 12:
* owns 36 adiabatic data points
* owns 11 composite data points
* owns 35 energy-only data points
* starts with Jacobian row 96594
Thread 13:
* owns 36 adiabatic data points
* owns 11 composite data points
* owns 35 energy-only data points
* starts with Jacobian row 104561
Thread 14:
* owns 36 adiabatic data points
* owns 11 composite data points
* owns 35 energy-only data points
* starts with Jacobian row 112075
Thread 15:
* owns 36 adiabatic data points
* owns 11 composite data points
* owns 34 energy-only data points
* starts with Jacobian row 119547
Thread 16:
* owns 36 adiabatic data points
* owns 11 composite data points
* owns 34 energy-only data points
* starts with Jacobian row 129349
Thread 17:
* owns 36 adiabatic data points
* owns 11 composite data points
* owns 34 energy-only data points
* starts with Jacobian row 136125
Thread 18:
* owns 36 adiabatic data points
* owns 11 composite data points
* owns 34 energy-only data points
* starts with Jacobian row 145449
Thread 19:
* owns 36 adiabatic data points
* owns 11 composite data points
* owns 34 energy-only data points
* starts with Jacobian row 154414
Thread 20:
* owns 36 adiabatic data points
* owns 11 composite data points
* owns 34 energy-only data points
* starts with Jacobian row 163417
Thread 21:
* owns 36 adiabatic data points
* owns 11 composite data points
* owns 34 energy-only data points
* starts with Jacobian row 175557
Thread 22:
* owns 36 adiabatic data points
* owns 11 composite data points
* owns 34 energy-only data points
* starts with Jacobian row 185991
Thread 23:
* owns 36 adiabatic data points
* owns 11 composite data points
* owns 34 energy-only data points
* starts with Jacobian row 197171
Thread 24:
* owns 36 adiabatic data points
* owns 11 composite data points
* owns 34 energy-only data points
* starts with Jacobian row 206525
Thread 25:
* owns 36 adiabatic data points
* owns 11 composite data points
* owns 34 energy-only data points
* starts with Jacobian row 217705
Thread 26:
* owns 36 adiabatic data points
* owns 11 composite data points
* owns 34 energy-only data points
* starts with Jacobian row 229495
Thread 27:
* owns 36 adiabatic data points
* owns 11 composite data points
* owns 34 energy-only data points
* starts with Jacobian row 241149
Thread 28:
* owns 36 adiabatic data points
* owns 11 composite data points
* owns 34 energy-only data points
* starts with Jacobian row 252439
Thread 29:
* owns 36 adiabatic data points
* owns 11 composite data points
* owns 34 energy-only data points
* starts with Jacobian row 261903
Thread 30:
* owns 36 adiabatic data points
* owns 11 composite data points
* owns 34 energy-only data points
* starts with Jacobian row 272171
Thread 31:
* owns 36 adiabatic data points
* owns 11 composite data points
* owns 34 energy-only data points
* starts with Jacobian row 280040
Thread 32:
* owns 36 adiabatic data points
* owns 11 composite data points
* owns 34 energy-only data points
* starts with Jacobian row 295570
Thread 33:
* owns 36 adiabatic data points
* owns 11 composite data points
* owns 34 energy-only data points
* starts with Jacobian row 312880
Thread 34:
* owns 36 adiabatic data points
* owns 11 composite data points
* owns 34 energy-only data points
* starts with Jacobian row 328204
Thread 35:
* owns 36 adiabatic data points
* owns 11 composite data points
* owns 34 energy-only data points
* starts with Jacobian row 344082
Thread 36:
* owns 36 adiabatic data points
* owns 11 composite data points
* owns 34 energy-only data points
* starts with Jacobian row 361392
Thread 37:
* owns 36 adiabatic data points
* owns 11 composite data points
* owns 34 energy-only data points
* starts with Jacobian row 378702
Thread 38:
* owns 36 adiabatic data points
* owns 11 composite data points
* owns 34 energy-only data points
* starts with Jacobian row 396012
Thread 39:
* owns 36 adiabatic data points
* owns 11 composite data points
* owns 34 energy-only data points
* starts with Jacobian row 413322
Thread 40:
* owns 36 adiabatic data points
* owns 11 composite data points
* owns 34 energy-only data points
* starts with Jacobian row 430632
Thread 41:
* owns 36 adiabatic data points
* owns 11 composite data points
* owns 34 energy-only data points
* starts with Jacobian row 447942
Thread 42:
* owns 36 adiabatic data points
* owns 11 composite data points
* owns 34 energy-only data points
* starts with Jacobian row 465252
Thread 43:
* owns 36 adiabatic data points
* owns 11 composite data points
* owns 34 energy-only data points
* starts with Jacobian row 481112
Thread 44:
* owns 36 adiabatic data points
* owns 11 composite data points
* owns 34 energy-only data points
* starts with Jacobian row 497662
Thread 45:
* owns 36 adiabatic data points
* owns 11 composite data points
* owns 34 energy-only data points
* starts with Jacobian row 508443
Thread 46:
* owns 36 adiabatic data points
* owns 11 composite data points
* owns 34 energy-only data points
* starts with Jacobian row 521232
Thread 47:
* owns 36 adiabatic data points
* owns 11 composite data points
* owns 34 energy-only data points
* starts with Jacobian row 534146
Thread 48:
* owns 36 adiabatic data points
* owns 11 composite data points
* owns 34 energy-only data points
* starts with Jacobian row 546236

The data set corresponds to 557548 least square equations
There are 26834 parameters to train

The initial residue = 6.78959
 
2022 year 12 month 12 day 15:18:51
 Iteration           1 , residue   6.78958931107391     
 
2022 year 12 month 12 day 15:24:50
 Iteration           2 , residue   6.45812430283042     
 
2022 year 12 month 12 day 15:34:53
 Iteration           3 , residue   6.45812430283042     
 
2022 year 12 month 12 day 15:40:56
 Iteration           4 , residue   6.45812430283042     
 
2022 year 12 month 12 day 15:47: 4
 Iteration           5 , residue   6.45812430283042     
 
2022 year 12 month 12 day 15:53:13
 Iteration           6 , residue   6.45812430283042     
 
2022 year 12 month 12 day 15:59:21
 Iteration           7 , residue   6.45812430283042     
 
2022 year 12 month 12 day 16: 5:28
 Iteration           8 , residue   6.36215364818325     
 
2022 year 12 month 12 day 16:16:23
 Iteration           9 , residue   6.36215364818325     
 
2022 year 12 month 12 day 16:22:31
 Iteration          10 , residue   6.33161293978092     
 
2022 year 12 month 12 day 16:32:41
 Iteration          11 , residue   6.33090509863059     
 
2022 year 12 month 12 day 16:43: 9
 Iteration          12 , residue   6.31645629089161     
 
2022 year 12 month 12 day 16:53:45
 Iteration          13 , residue   6.31301321430684     
 
2022 year 12 month 12 day 17: 4:35
 Iteration          14 , residue   6.31301321430684     
 
2022 year 12 month 12 day 17:10:43
 Iteration          15 , residue   6.31166181347392     
 
2022 year 12 month 12 day 17:21:20
 Iteration          16 , residue   6.31102009151219     
 
2022 year 12 month 12 day 17:31:29
 Iteration          17 , residue   6.31065326424767     
 
2022 year 12 month 12 day 17:41:16
 Iteration          18 , residue   6.31007204949342     
 Failed trust region: max iteration exceeded!
 Final residual =    6.31007204949342     
The final residue = 6.23783

Mon Dec 12 17:41:19 2022
Mission success
