 Trust region warning: step length has converged, but residual has not met accur
 acy goal
 Final residual =   1.881958586745116E-009
 Trust region warning: step length has converged, but residual has not met accur
 acy goal
 Final residual =   3.189615875600706E-008
 Trust region warning: step length has converged, but residual has not met accur
 acy goal
 Final residual =   1.245544333722508E-008
 Trust region warning: step length has converged, but residual has not met accur
 acy goal
 Final residual =   1.228373341807293E-008
 Trust region warning: step length has converged, but residual has not met accur
 acy goal
 Final residual =   1.391159730655793E-008
 Trust region warning: step length has converged, but residual has not met accur
 acy goal
 Final residual =   1.710816175528342E-009
 Trust region warning: step length has converged, but residual has not met accur
 acy goal
 Final residual =   1.025565472628561E-008
 Trust region warning: step length has converged, but residual has not met accur
 acy goal
 Final residual =   5.221968439076657E-009
 Trust region warning: step length has converged, but residual has not met accur
 acy goal
 Final residual =   1.989820780920321E-008
 Trust region warning: step length has converged, but residual has not met accur
 acy goal
 Final residual =   4.654795914988272E-009
 Trust region warning: step length has converged, but residual has not met accur
 acy goal
 Final residual =   7.442412749656362E-009
 Failed trust region: max iteration exceeded!
 Final residual =   5.877335237718563E-009
 Trust region warning: step length has converged, but residual has not met accur
 acy goal
 Final residual =   9.509651122907690E-009
 Trust region warning: step length has converged, but residual has not met accur
 acy goal
 Final residual =   3.874362765058540E-009
 Trust region warning: step length has converged, but residual has not met accur
 acy goal
 Final residual =   5.456155818321797E-009
 Trust region warning: step length has converged, but residual has not met accur
 acy goal
 Final residual =   8.604947269695414E-009
 Trust region warning: step length has converged, but residual has not met accur
 acy goal
 Final residual =   1.491778174241146E-008
 Trust region warning: step length has converged, but residual has not met accur
 acy goal
 Final residual =   1.199507915096129E-008
 Trust region warning: step length has converged, but residual has not met accur
 acy goal
 Final residual =   1.141287834781624E-008
 Trust region warning: step length has converged, but residual has not met accur
 acy goal
 Final residual =   9.349868489150485E-010
 Trust region warning: step length has converged, but residual has not met accur
 acy goal
 Final residual =   8.892152749865667E-011
 Failed trust region: max iteration exceeded!
 Final residual =   1.175212511158156E-008
 Trust region warning: step length has converged, but residual has not met accur
 acy goal
 Final residual =   1.067072739288305E-008
 Failed trust region: max iteration exceeded!
 Final residual =   2.722023293134980E-009
 Trust region warning: step length has converged, but residual has not met accur
 acy goal
 Final residual =   2.173543057120274E-009
 Trust region warning: step length has converged, but residual has not met accur
 acy goal
 Final residual =   1.437366448098454E-008
 Trust region warning: step length has converged, but residual has not met accur
 acy goal
 Final residual =   3.252891169762364E-008
 Trust region warning: step length has converged, but residual has not met accur
 acy goal
 Final residual =   2.104918185765725E-012
 Trust region warning: step length has converged, but residual has not met accur
 acy goal
 Final residual =   1.915452472722414E-008
 Trust region warning: step length has converged, but residual has not met accur
 acy goal
 Final residual =   1.204512579256909E-008
 Trust region warning: step length has converged, but residual has not met accur
 acy goal
 Final residual =   2.187010140696572E-009
 Trust region warning: step length has converged, but residual has not met accur
 acy goal
 Final residual =   4.050083398199282E-009
 Trust region warning: step length has converged, but residual has not met accur
 acy goal
 Final residual =   6.271012784780724E-009
 Trust region warning: step length has converged, but residual has not met accur
 acy goal
 Final residual =   5.599773045937630E-009
 Trust region warning: step length has converged, but residual has not met accur
 acy goal
 Final residual =   1.393636855183221E-009
 Trust region warning: step length has converged, but residual has not met accur
 acy goal
 Final residual =   1.871338203621443E-008
 Failed trust region: max iteration exceeded!
 Final residual =   9.589106512965485E-010
 Trust region warning: step length has converged, but residual has not met accur
 acy goal
 Final residual =   1.384131177497295E-008
 Trust region warning: step length has converged, but residual has not met accur
 acy goal
 Final residual =   1.266702282159631E-009
 Trust region warning: step length has converged, but residual has not met accur
 acy goal
 Final residual =   3.212982620452699E-009
 Trust region warning: step length has converged, but residual has not met accur
 acy goal
 Final residual =   5.597990707441741E-009
 Trust region warning: step length has converged, but residual has not met accur
 acy goal
 Final residual =   1.113307148906502E-008
 Failed trust region: max iteration exceeded!
 Final residual =   2.143041934717393E-009
 Trust region warning: step length has converged, but residual has not met accur
 acy goal
 Final residual =   9.112338441917989E-011
 Trust region warning: step length has converged, but residual has not met accur
 acy goal
 Final residual =   6.545360532996017E-009
 Trust region warning: step length has converged, but residual has not met accur
 acy goal
 Final residual =   2.755917921106258E-009
 Trust region warning: step length has converged, but residual has not met accur
 acy goal
 Final residual =   1.682300417728150E-008
 Trust region warning: step length has converged, but residual has not met accur
 acy goal
 Final residual =   1.967417337097571E-008
 Trust region warning: step length has converged, but residual has not met accur
 acy goal
 Final residual =   4.913177043452691E-009
 Trust region warning: step length has converged, but residual has not met accur
 acy goal
 Final residual =   9.586915931267308E-009
 Failed trust region: max iteration exceeded!
 Final residual =   1.664391590362358E-009
 Trust region warning: step length has converged, but residual has not met accur
 acy goal
 Final residual =   2.977874665591431E-009
 Trust region warning: step length has converged, but residual has not met accur
 acy goal
 Final residual =   4.900240264586714E-009
 Trust region warning: step length has converged, but residual has not met accur
 acy goal
 Final residual =   6.864827772302586E-009
 Trust region warning: step length has converged, but residual has not met accur
 acy goal
 Final residual =   1.288362914539723E-008
 Failed trust region: max iteration exceeded!
 Final residual =   4.783967026804972E-009
 Trust region warning: step length has converged, but residual has not met accur
 acy goal
 Final residual =   6.083385745111632E-009
 Trust region warning: step length has converged, but residual has not met accur
 acy goal
 Final residual =   3.629617578128694E-009
 Trust region warning: step length has converged, but residual has not met accur
 acy goal
 Final residual =   4.402954687474348E-009
 Trust region warning: step length has converged, but residual has not met accur
 acy goal
 Final residual =   1.108618607745719E-008
 Failed trust region: max iteration exceeded!
 Final residual =   4.933044963335624E-009
 Trust region warning: step length has converged, but residual has not met accur
 acy goal
 Final residual =   2.358518757310510E-011
 Trust region warning: step length has converged, but residual has not met accur
 acy goal
 Final residual =   2.358518757310510E-011
Critics: a critical geometry searcher
Yifan Shen 2021

Echo of user command line input:
/home/yshen/Software/Mine/diabatz/tools/critics/v1/critics.exe -j min -f default -i opt.IntCoordDef -t 2 -d default IntCoordDef SAS.in pretrain-Hd.in pretrain-Hd.net pretrain-11.in pretrain-12.in pretrain-13.in pretrain-14.in pretrain-22.in pretrain-23.in pretrain-24.in pretrain-33.in pretrain-34.in pretrain-44.in default IntCoordDef SAS.in Hd.in Hd.net 11.in 12.in 13.in 14.in 22.in 23.in 24.in 33.in 34.in 44.in -x B1rot-sad.xyz -c 14 15 16 17 18 19 20 21 22 23 24 25 26 27 28 29 30 31 32 33 34 35 36 -o sad.xyz

Wed Dec  7 22:54:06 2022

Job type: min
The target electronic state is 2

Wed Dec  7 23:00:49 2022
Mission success
