Root mean square deviation analyzer for diabatz
Yifan Shen 2021

Echo of user command line input:
/home-4/yshen57@jhu.edu/Software/Mine/diabatz/tools/RMSD/v0/RMSD.exe -d default IntCoordDef SAS.in Hd.in Hd.net 11.in 12.in 13.in 14.in 22.in 23.in 24.in 33.in 34.in 44.in -s slow/1.3/ -z -286.1075216397

Wed Jun  2 17:37:41 2021

Root mean square deviation of energy:
State 1 = 5.00398e-05
State 2 = 0.00181163
State 3 = 0.00251785
State 4 = 0.00136558
Root mean square deviation of energy gradient:
State 1 = 0.000350958
State 2 = 0.00946093
State 3 = 0.0111079
State 4 = 0.00121213
Root mean square deviation of interstate coupling:
State 1-2 = 0.00257465
State 1-3 = 0.00481709
State 1-4 = 0.00280949
State 2-3 = 0.00191813
State 2-4 = 0.00191837
State 3-4 = 0.00107102

Wed Jun  2 17:38:10 2021
Mission success
