 Trust region warning: step length has converged, but residual has not met accur
 acy goal
 Final residual =   3.515845956995236E-008
 Trust region warning: step length has converged, but residual has not met accur
 acy goal
 Final residual =   6.563093488665375E-010
 Trust region warning: step length has converged, but residual has not met accur
 acy goal
 Final residual =   2.259173329436186E-008
 Trust region warning: step length has converged, but residual has not met accur
 acy goal
 Final residual =   1.293593332677899E-008
 Trust region warning: step length has converged, but residual has not met accur
 acy goal
 Final residual =   7.661233117591410E-009
 Trust region warning: step length has converged, but residual has not met accur
 acy goal
 Final residual =   9.567394821212224E-009
 Trust region warning: step length has converged, but residual has not met accur
 acy goal
 Final residual =   8.844961739887017E-009
 Trust region warning: step length has converged, but residual has not met accur
 acy goal
 Final residual =   9.303208547734988E-009
 Trust region warning: step length has converged, but residual has not met accur
 acy goal
 Final residual =   1.052326718740215E-011
 Trust region warning: step length has converged, but residual has not met accur
 acy goal
 Final residual =   2.367227786706945E-009
 Trust region warning: step length has converged, but residual has not met accur
 acy goal
 Final residual =   6.048201824400263E-009
 Trust region warning: step length has converged, but residual has not met accur
 acy goal
 Final residual =   7.556447424754573E-009
 Trust region warning: step length has converged, but residual has not met accur
 acy goal
 Final residual =   7.250547025176389E-009
 Trust region warning: step length has converged, but residual has not met accur
 acy goal
 Final residual =   1.513623458098920E-008
 Trust region warning: step length has converged, but residual has not met accur
 acy goal
 Final residual =   1.987286216090440E-008
 Trust region warning: step length has converged, but residual has not met accur
 acy goal
 Final residual =   2.982296225243049E-008
 Trust region warning: step length has converged, but residual has not met accur
 acy goal
 Final residual =   6.085370501592466E-009
 Trust region warning: step length has converged, but residual has not met accur
 acy goal
 Final residual =   1.397988159212386E-008
 Trust region warning: step length has converged, but residual has not met accur
 acy goal
 Final residual =   1.568813431304651E-008
 Trust region warning: step length has converged, but residual has not met accur
 acy goal
 Final residual =   5.866700990667084E-009
 Trust region warning: step length has converged, but residual has not met accur
 acy goal
 Final residual =   1.446445868201079E-008
 Trust region warning: step length has converged, but residual has not met accur
 acy goal
 Final residual =   2.688164861615612E-008
 Trust region warning: step length has converged, but residual has not met accur
 acy goal
 Final residual =   2.575045714183262E-010
 Trust region warning: step length has converged, but residual has not met accur
 acy goal
 Final residual =   1.512725444169797E-008
 Trust region warning: step length has converged, but residual has not met accur
 acy goal
 Final residual =   5.590146824945885E-009
 Trust region warning: step length has converged, but residual has not met accur
 acy goal
 Final residual =   5.611290334528016E-009
 Trust region warning: step length has converged, but residual has not met accur
 acy goal
 Final residual =   3.806198507544272E-008
 Trust region warning: step length has converged, but residual has not met accur
 acy goal
 Final residual =   1.518233820093890E-008
 Trust region warning: step length has converged, but residual has not met accur
 acy goal
 Final residual =   8.030973315388485E-009
 Trust region warning: step length has converged, but residual has not met accur
 acy goal
 Final residual =   7.639838075290987E-009
 Trust region warning: step length has converged, but residual has not met accur
 acy goal
 Final residual =   1.494208529483651E-008
 Trust region warning: step length has converged, but residual has not met accur
 acy goal
 Final residual =   2.236864986942745E-008
 Trust region warning: step length has converged, but residual has not met accur
 acy goal
 Final residual =   5.149058053139857E-009
 Trust region warning: step length has converged, but residual has not met accur
 acy goal
 Final residual =   8.725155477549458E-009
 Trust region warning: step length has converged, but residual has not met accur
 acy goal
 Final residual =   2.086485990304241E-009
 Trust region warning: step length has converged, but residual has not met accur
 acy goal
 Final residual =   5.347839306497884E-010
 Trust region warning: step length has converged, but residual has not met accur
 acy goal
 Final residual =   1.871440034632968E-009
 Trust region warning: step length has converged, but residual has not met accur
 acy goal
 Final residual =   1.795647889023934E-008
 Trust region warning: step length has converged, but residual has not met accur
 acy goal
 Final residual =   1.499166832667349E-008
 Trust region warning: step length has converged, but residual has not met accur
 acy goal
 Final residual =   1.585018957806624E-008
 Trust region warning: step length has converged, but residual has not met accur
 acy goal
 Final residual =   2.427800398517960E-009
 Trust region warning: step length has converged, but residual has not met accur
 acy goal
 Final residual =   1.428143805118127E-008
Critics: a critical geometry searcher
Yifan Shen 2021

Echo of user command line input:
/home/yshen/Software/Mine/diabatz/tools/critics/v1/critics.exe -j min -f default -i opt.IntCoordDef -t 2 -d default IntCoordDef SAS.in pretrain-Hd.in pretrain-Hd.net pretrain-11.in pretrain-12.in pretrain-13.in pretrain-14.in pretrain-22.in pretrain-23.in pretrain-24.in pretrain-33.in pretrain-34.in pretrain-44.in default IntCoordDef SAS.in Hd.in Hd.net 11.in 12.in 13.in 14.in 22.in 23.in 24.in 33.in 34.in 44.in -x asym.xyz -c 22 24 26 27 28 29 30 31 32 33 34 35 36 -o min.xyz

Wed Dec  7 22:36:11 2022

Job type: min
The target electronic state is 2

Wed Dec  7 22:46:32 2022
Mission success
