Diabatz version 1.0.0
Yifan Shen 2021

Echo of user command line input:
/home/yshen57/Software/Mine/diabatz/v1.0.0/diabatz.exe --pretrained default IntCoordDef SAS.in pretrained_Hd.in pretrained_Hd.net pretrained_11.in -f default -i IntCoordDef -s SAS.in -n Hd.in -l 11.in -d data/critical/list.txt data/fast/list.txt data/slow/list.txt data/linear-path/list.txt data/other/A1-rotation/list.txt data/other/B1-rotation/list.txt data/artifact/asymptote/ -z -286.1075216397

Sun Feb 20 17:53:25 2022

The data set will be read from: 
    data/critical/min-A1/, data/critical/sad-A1/, data/critical/min-B1/, 
    data/critical/sad-B1/, data/critical/min-B2/, data/critical/sad-B2/, data/critical/min-A2/, 
    data/critical/sad-A2/, data/critical/mex-B1-B2/, data/critical/mex-B2-A2/, data/fast/0.7/, 
    data/fast/0.8/, data/fast/0.9/, data/fast/1.1/, data/fast/1.2/, data/fast/1.4/, 
    data/fast/1.5/, data/fast/1.6/, data/fast/1.7/, data/fast/1.9/, data/fast/2.0/, 
    data/fast/2.1/, data/fast/2.2/, data/fast/2.3/, data/fast/2.4/, data/fast/2.5/, 
    data/fast/2.6/, data/fast/2.7/, data/fast/2.8/, data/fast/2.9/, data/fast/3/, 
    data/fast/4/, data/fast/5/, data/fast/6/, data/fast/6_partial-loop/, data/slow/0.7/, 
    data/slow/0.8/, data/slow/0.9/, data/slow/1.1/, data/slow/1.2/, data/slow/1.3/, 
    data/slow/1.4/, data/slow/1.5/, data/slow/1.6/, data/slow/1.7/, 
    data/linear-path/min-B1_min-B2/, data/linear-path/1.1-fast-slow/, data/linear-path/1.2-fast-slow/, 
    data/linear-path/1.3-fast-slow/, data/linear-path/1.4-fast-slow/, data/linear-path/1.5-fast-slow/, 
    data/linear-path/1.6-fast-slow/, data/linear-path/1.7-fast-slow/, data/other/A1-rotation/0.1/, 
    data/other/A1-rotation/0.2/, data/other/A1-rotation/0.3/, data/other/A1-rotation/0.4/, 
    data/other/A1-rotation/0.5/, data/other/A1-rotation/0.6/, data/other/A1-rotation/0.7/, 
    data/other/A1-rotation/0.8/, data/other/A1-rotation/0.9/, data/other/A1-rotation/1.0/, 
    data/other/A1-rotation/1.1/, data/other/A1-rotation/1.2/, data/other/A1-rotation/1.3/, 
    data/other/A1-rotation/1.4/, data/other/A1-rotation/1.5/, data/other/A1-rotation/1.6/, 
    data/other/A1-rotation/1.7/, data/other/A1-rotation/1.8/, data/other/A1-rotation/1.9/, 
    data/other/A1-rotation/2.0/, data/other/A1-rotation/2.1/, data/other/A1-rotation/2.2/, 
    data/other/B1-rotation/0.1/, data/other/B1-rotation/0.2/, data/other/B1-rotation/0.3/, 
    data/other/B1-rotation/0.4/, data/other/B1-rotation/0.5/, data/other/B1-rotation/0.6/, 
    data/other/B1-rotation/0.7/, data/other/B1-rotation/0.8/, data/other/B1-rotation/0.9/, 
    data/other/B1-rotation/1.0/, data/other/B1-rotation/1.1/, data/other/B1-rotation/1.2/, 
    data/other/B1-rotation/1.3/, data/other/B1-rotation/1.4/, data/other/B1-rotation/1.5/, 
    data/other/B1-rotation/1.6/, data/other/B1-rotation/1.7/, data/other/B1-rotation/1.8/, 
    data/other/B1-rotation/1.9/, data/other/B1-rotation/2.0/, data/other/B1-rotation/2.1/, 
    data/other/B1-rotation/2.2/, data/artifact/asymptote/, 
There are 1849 data points in adiabatic representation
          0 data points in composite representation

maximum ground state energy = 0.254234
maximum ||ground state energy gradient||_infinity = 0.703726
so we suggest to set gradient / energy scaling to around 2.76803

The number of threads = 4

Thread 1:
* owns 463 adiabatic data points
* owns 0 composite data points
* owns 0 energy-only data points
* starts with Jacobian row 0
Thread 2:
* owns 462 adiabatic data points
* owns 0 composite data points
* owns 0 energy-only data points
* starts with Jacobian row 10533
Thread 3:
* owns 462 adiabatic data points
* owns 0 composite data points
* owns 0 energy-only data points
* starts with Jacobian row 23411
Thread 4:
* owns 462 adiabatic data points
* owns 0 composite data points
* owns 0 energy-only data points
* starts with Jacobian row 39636

The data set corresponds to 54996 least square equations
There are 5239 parameters to train

The initial residue = 42.9365
 
2022 year  2 month 20 day 17:59:28
 Iteration           1 , residue   42.9365245791608     
 
2022 year  2 month 20 day 17:59:41
 Iteration           2 , residue   42.9365245791608     
 
2022 year  2 month 20 day 17:59:54
 Iteration           3 , residue   42.9365245791608     
 
2022 year  2 month 20 day 18: 0: 8
 Iteration           4 , residue   37.5769926984088     
 
2022 year  2 month 20 day 18: 0:35
 Iteration           5 , residue   26.1648059828260     
 
2022 year  2 month 20 day 18: 1: 2
 Iteration           6 , residue   8.05254199878554     
 
2022 year  2 month 20 day 18: 1:29
 Iteration           7 , residue   8.05254199878554     
 
2022 year  2 month 20 day 18: 1:43
 Iteration           8 , residue   2.67488934372694     
 
2022 year  2 month 20 day 18: 2:10
 Iteration           9 , residue   2.19230867669981     
 
2022 year  2 month 20 day 18: 2:37
 Iteration          10 , residue   1.66797926368228     
 
2022 year  2 month 20 day 18: 3: 3
 Iteration          11 , residue   1.66797926368228     
 
2022 year  2 month 20 day 18: 3:17
 Iteration          12 , residue  0.906779606975739     
 
2022 year  2 month 20 day 18: 3:44
 Iteration          13 , residue  0.303598512037625     
 
2022 year  2 month 20 day 18: 4:10
 Iteration          14 , residue  0.269250872743886     
 
2022 year  2 month 20 day 18: 4:37
 Iteration          15 , residue  0.257439552314680     
 
2022 year  2 month 20 day 18: 5: 3
 Iteration          16 , residue  0.249865348241353     
 
2022 year  2 month 20 day 18: 5:30
 Iteration          17 , residue  0.247620856114957     
 
2022 year  2 month 20 day 18: 5:56
 Iteration          18 , residue  0.225232143073976     
 
2022 year  2 month 20 day 18: 6:23
 Iteration          19 , residue  0.224526599440729     
 
2022 year  2 month 20 day 18: 6:50
 Iteration          20 , residue  0.223658990086698     
 
2022 year  2 month 20 day 18: 7:16
 Iteration          21 , residue  0.222816653297429     
 
2022 year  2 month 20 day 18: 7:43
 Iteration          22 , residue  0.222004772048151     
 
2022 year  2 month 20 day 18: 8:10
 Iteration          23 , residue  0.221244622269696     
 
2022 year  2 month 20 day 18: 8:36
 Iteration          24 , residue  0.220530188989861     
 
2022 year  2 month 20 day 18: 9: 3
 Iteration          25 , residue  0.219821172318725     
 
2022 year  2 month 20 day 18: 9:29
 Iteration          26 , residue  0.219094621611249     
 
2022 year  2 month 20 day 18: 9:56
 Iteration          27 , residue  0.218375114316905     
 
2022 year  2 month 20 day 18:10:22
 Iteration          28 , residue  0.217717269209919     
 
2022 year  2 month 20 day 18:10:48
 Iteration          29 , residue  0.217073923697364     
 
2022 year  2 month 20 day 18:11:15
 Iteration          30 , residue  0.216462113330791     
 
2022 year  2 month 20 day 18:11:41
 Iteration          31 , residue  0.215865373818049     
 
2022 year  2 month 20 day 18:12: 7
 Iteration          32 , residue  0.215271161266690     
 
2022 year  2 month 20 day 18:12:34
 Iteration          33 , residue  0.214673079097908     
 
2022 year  2 month 20 day 18:13: 0
 Iteration          34 , residue  0.214071063976364     
 
2022 year  2 month 20 day 18:13:26
 Iteration          35 , residue  0.213469002358920     
 
2022 year  2 month 20 day 18:13:52
 Iteration          36 , residue  0.212872098111638     
 
2022 year  2 month 20 day 18:14:19
 Iteration          37 , residue  0.212284860546926     
 
2022 year  2 month 20 day 18:14:45
 Iteration          38 , residue  0.211711336724217     
 
2022 year  2 month 20 day 18:15:11
 Iteration          39 , residue  0.211154444825024     
 
2022 year  2 month 20 day 18:15:37
 Iteration          40 , residue  0.210615881333213     
 
2022 year  2 month 20 day 18:16: 4
 Iteration          41 , residue  0.210095642735275     
 
2022 year  2 month 20 day 18:16:30
 Iteration          42 , residue  0.209592264034092     
 
2022 year  2 month 20 day 18:16:56
 Iteration          43 , residue  0.209103235537516     
 
2022 year  2 month 20 day 18:17:22
 Iteration          44 , residue  0.208625855449288     
 
2022 year  2 month 20 day 18:17:49
 Iteration          45 , residue  0.208158101433175     
 
2022 year  2 month 20 day 18:18:15
 Iteration          46 , residue  0.207698994807747     
 
2022 year  2 month 20 day 18:18:41
 Iteration          47 , residue  0.207248645152850     
 
2022 year  2 month 20 day 18:19: 7
 Iteration          48 , residue  0.206807849015161     
 
2022 year  2 month 20 day 18:19:33
 Iteration          49 , residue  0.206377343549408     
 
2022 year  2 month 20 day 18:20: 0
 Iteration          50 , residue  0.205957225740927     
 
2022 year  2 month 20 day 18:20:26
 Iteration          51 , residue  0.205546586268070     
 
2022 year  2 month 20 day 18:20:52
 Iteration          52 , residue  0.205143574306809     
 
2022 year  2 month 20 day 18:21:18
 Iteration          53 , residue  0.204745656612219     
 
2022 year  2 month 20 day 18:21:44
 Iteration          54 , residue  0.204350175247802     
 
2022 year  2 month 20 day 18:22:11
 Iteration          55 , residue  0.203954928450209     
 
2022 year  2 month 20 day 18:22:37
 Iteration          56 , residue  0.203558742864748     
 
2022 year  2 month 20 day 18:23: 3
 Iteration          57 , residue  0.203161975191708     
 
2022 year  2 month 20 day 18:23:29
 Iteration          58 , residue  0.202766065205679     
 
2022 year  2 month 20 day 18:23:55
 Iteration          59 , residue  0.202372839578187     
 
2022 year  2 month 20 day 18:24:22
 Iteration          60 , residue  0.201983792666251     
 
2022 year  2 month 20 day 18:24:48
 Iteration          61 , residue  0.201599725758520     
 
2022 year  2 month 20 day 18:25:14
 Iteration          62 , residue  0.201220667633001     
 
2022 year  2 month 20 day 18:25:40
 Iteration          63 , residue  0.200847602735719     
 
2022 year  2 month 20 day 18:26: 7
 Iteration          64 , residue  0.200479168580136     
 
2022 year  2 month 20 day 18:26:33
 Iteration          65 , residue  0.200114975432923     
 
2022 year  2 month 20 day 18:26:59
 Iteration          66 , residue  0.199755039425530     
 
2022 year  2 month 20 day 18:27:25
 Iteration          67 , residue  0.199398873713961     
 
2022 year  2 month 20 day 18:27:52
 Iteration          68 , residue  0.199045448439093     
 
2022 year  2 month 20 day 18:28:18
 Iteration          69 , residue  0.198694276225837     
 
2022 year  2 month 20 day 18:28:44
 Iteration          70 , residue  0.198345432613868     
 
2022 year  2 month 20 day 18:29:10
 Iteration          71 , residue  0.197998442836285     
 
2022 year  2 month 20 day 18:29:36
 Iteration          72 , residue  0.197653026848333     
 
2022 year  2 month 20 day 18:30: 1
 Iteration          73 , residue  0.197309010105552     
 
2022 year  2 month 20 day 18:30:25
 Iteration          74 , residue  0.196966122773353     
 
2022 year  2 month 20 day 18:30:48
 Iteration          75 , residue  0.196624030296764     
 
2022 year  2 month 20 day 18:31:12
 Iteration          76 , residue  0.196282732915089     
 
2022 year  2 month 20 day 18:31:36
 Iteration          77 , residue  0.195941895626066     
 
2022 year  2 month 20 day 18:32: 0
 Iteration          78 , residue  0.195601057632414     
 
2022 year  2 month 20 day 18:32:24
 Iteration          79 , residue  0.195261357278925     
 
2022 year  2 month 20 day 18:32:48
 Iteration          80 , residue  0.194920571451279     
 
2022 year  2 month 20 day 18:33:12
 Iteration          81 , residue  0.194580083945623     
 
2022 year  2 month 20 day 18:33:36
 Iteration          82 , residue  0.194239145470026     
 
2022 year  2 month 20 day 18:34: 1
 Iteration          83 , residue  0.193897568759176     
 
2022 year  2 month 20 day 18:34:24
 Iteration          84 , residue  0.193556186737429     
 
2022 year  2 month 20 day 18:34:49
 Iteration          85 , residue  0.193211563547447     
 
2022 year  2 month 20 day 18:35:13
 Iteration          86 , residue  0.192866646422744     
 
2022 year  2 month 20 day 18:35:37
 Iteration          87 , residue  0.192520023607322     
 
2022 year  2 month 20 day 18:36: 1
 Iteration          88 , residue  0.192171470169074     
 
2022 year  2 month 20 day 18:36:25
 Iteration          89 , residue  0.191823371472241     
 
2022 year  2 month 20 day 18:36:50
 Iteration          90 , residue  0.191467864398379     
 
2022 year  2 month 20 day 18:37:17
 Iteration          91 , residue  0.191114001973797     
 
2022 year  2 month 20 day 18:37:45
 Iteration          92 , residue  0.190754460514102     
 
2022 year  2 month 20 day 18:38:13
 Iteration          93 , residue  0.190392816178248     
 
2022 year  2 month 20 day 18:38:41
 Iteration          94 , residue  0.190026331198140     
 
2022 year  2 month 20 day 18:39: 9
 Iteration          95 , residue  0.189653347016846     
 
2022 year  2 month 20 day 18:39:36
 Iteration          96 , residue  0.189272017662732     
 
2022 year  2 month 20 day 18:40: 4
 Iteration          97 , residue  0.188882883238459     
 
2022 year  2 month 20 day 18:40:32
 Iteration          98 , residue  0.188479497541503     
 
2022 year  2 month 20 day 18:41: 0
 Iteration          99 , residue  0.188069150235913     
 
2022 year  2 month 20 day 18:41:27
 Iteration         100 , residue  0.187652578701710     
 
2022 year  2 month 20 day 18:41:55
 Iteration         101 , residue  0.187233927838661     
 
2022 year  2 month 20 day 18:42:23
 Iteration         102 , residue  0.186817576013419     
 
2022 year  2 month 20 day 18:42:51
 Iteration         103 , residue  0.186407202230153     
 
2022 year  2 month 20 day 18:43:19
 Iteration         104 , residue  0.186005131409056     
 
2022 year  2 month 20 day 18:43:47
 Iteration         105 , residue  0.185612200638857     
 Failed trust region: max iteration exceeded!
 Final residual =   0.185612200638857     
The final residue = 0.185612

Sun Feb 20 18:43:47 2022
Mission success
