Root mean square deviation analyzer for diabatz
Yifan Shen 2021

Echo of user command line input:
/home/yshen/Software/Mine/diabatz/tools/RMSD/v1/RMSD.exe -d default pretrain-IntCoordDef pretrain-SAS.in pretrain-Hd.in pretrain-Hd.net pretrain-11.in pretrain-12.in pretrain-13.in pretrain-14.in pretrain-22.in pretrain-23.in pretrain-24.in pretrain-33.in pretrain-34.in pretrain-44.in default IntCoordDef SAS.in Hd.in Hd.net 11.in 12.in 13.in 14.in 22.in 23.in 24.in 33.in 34.in 44.in -s data/critical/sad-A1/ data/critical/min-B1/ data/critical/sad-B2/ data/critical/min-A2/ -z -286.1075216397

Tue Apr 26 00:01:38 2022

Root mean square deviation of energy:
State 1 = 0.000271739
State 2 = 0.000290611
State 3 = 0.00028935
State 4 = 0.000392514
Root mean square deviation of energy gradient:
State 1 = 0.000850818
State 2 = 0.000960269
State 3 = 0.000587061
State 4 = 0.000790611
Root mean square deviation of interstate coupling:
State 1-2 = 0.00129543
State 1-3 = 0.00154123
State 1-4 = 0.0016324
State 2-3 = 0.000400239
State 2-4 = 0.00106031
State 3-4 = 0.00053362

Tue Apr 26 00:03:58 2022
Mission success
