Root mean square deviation analyzer for diabatz
Yifan Shen 2021

Echo of user command line input:
/home/yshen/Software/Mine/diabatz/tools/RMSD/v1/RMSD.exe -d default pretrain-IntCoordDef pretrain-SAS.in pretrain-Hd.in pretrain-Hd.net pretrain-11.in pretrain-12.in pretrain-13.in pretrain-14.in pretrain-22.in pretrain-23.in pretrain-24.in pretrain-33.in pretrain-34.in pretrain-44.in default IntCoordDef SAS.in Hd.in Hd.net 11.in 12.in 13.in 14.in 22.in 23.in 24.in 33.in 34.in 44.in -s data/critical/min-A1/ data/critical/min-B2/ data/linear-path/min-B1_min-B2/ -z -286.1075216397

Mon Apr 25 22:28:10 2022

Root mean square deviation of energy:
State 1 = 0.000296088
State 2 = 0.000198744
State 3 = 8.02346e-05
State 4 = 0.00010194
Root mean square deviation of energy gradient:
State 1 = 0.000471106
State 2 = 0.000602303
State 3 = 0.000527415
State 4 = 0.000428325
Root mean square deviation of interstate coupling:
State 1-2 = 0.00202289
State 1-3 = 0.00138843
State 1-4 = 0.00182801
State 2-3 = 0.00090227
State 2-4 = 0.000991415
State 3-4 = 0.0014706

Mon Apr 25 22:30:56 2022
Mission success
