Root mean square deviation analyzer for diabatz
Yifan Shen 2021

Echo of user command line input:
/home/yshen/Software/Mine/diabatz/tools/RMSD/v1/RMSD.exe -d default pretrain-IntCoordDef pretrain-SAS.in pretrain-Hd.in pretrain-Hd.net pretrain-11.in pretrain-12.in pretrain-13.in pretrain-14.in pretrain-22.in pretrain-23.in pretrain-24.in pretrain-33.in pretrain-34.in pretrain-44.in default IntCoordDef SAS.in Hd.in Hd.net 11.in 12.in 13.in 14.in 22.in 23.in 24.in 33.in 34.in 44.in -s data/fast/1.4/ data/fast/1.5/ data/fast/1.6/ data/fast/1.7/ -z -286.1075216397

Mon Apr 25 22:23:53 2022

Root mean square deviation of energy:
State 1 = 0.000905242
State 2 = 0.000851687
State 3 = 0.000786891
State 4 = 0.000354672
Root mean square deviation of energy gradient:
State 1 = 0.00117346
State 2 = 0.00205117
State 3 = 0.00145385
State 4 = 0.00133629
Root mean square deviation of interstate coupling:
State 1-2 = 0.00325341
State 1-3 = 0.00111262
State 1-4 = 0.00162701
State 2-3 = 0.00267476
State 2-4 = 0.00203255
State 3-4 = 0.00313043

Mon Apr 25 22:27:40 2022
Mission success
