Root mean square deviation analyzer for diabatz
Yifan Shen 2021

Echo of user command line input:
/home/yshen/Software/Mine/diabatz/tools/RMSD/v1/RMSD.exe -d default pretrain-IntCoordDef pretrain-SAS.in pretrain-Hd.in pretrain-Hd.net pretrain-11.in pretrain-12.in pretrain-13.in pretrain-14.in pretrain-22.in pretrain-23.in pretrain-24.in pretrain-33.in pretrain-34.in pretrain-44.in default IntCoordDef SAS.in Hd.in Hd.net 11.in 12.in 13.in 14.in 22.in 23.in 24.in 33.in 34.in 44.in -s data/fast/1.1/ data/fast/1.2/ data/critical/sad-B1/ -z -286.1075216397

Mon Apr 25 22:25:15 2022

Root mean square deviation of energy:
State 1 = 0.000799025
State 2 = 0.00108984
State 3 = 0.000842625
State 4 = 0.00039622
Root mean square deviation of energy gradient:
State 1 = 0.00139931
State 2 = 0.00221896
State 3 = 0.000918438
State 4 = 0.00205254
Root mean square deviation of interstate coupling:
State 1-2 = 0.00207003
State 1-3 = 0.00178479
State 1-4 = 0.00165138
State 2-3 = 0.00100548
State 2-4 = 0.00189762
State 3-4 = 0.000711809

Mon Apr 25 22:29:03 2022
Mission success
