Diabatz version 1.3.0
Yifan Shen 2021

Echo of user command line input:
/home/yshen57/Software/Mine/diabatz/v1.3.0/diabatz.exe --pretrained default IntCoordDef SAS.in pretrained_Hd.in pretrained_Hd.net pretrained_11.in -f default -i IntCoordDef -s SAS.in -n Hd.in -l 11.in -d data/critical/list.txt data/fast/list.txt data/slow/list.txt data/linear-path/list.txt data/other/A1-rotation/list.txt data/other/B1-rotation/list.txt data/artifact/asymptote/ -z -286.1075216397

Mon Feb 28 19:02:02 2022

The data set will be read from: 
    data/critical/min-A1/, data/critical/sad-A1/, data/critical/min-B1/, 
    data/critical/sad-B1/, data/critical/min-B2/, data/critical/sad-B2/, data/critical/min-A2/, 
    data/critical/sad-A2/, data/critical/mex-B1-B2/, data/critical/mex-B2-A2/, data/fast/0.7/, 
    data/fast/0.8/, data/fast/0.9/, data/fast/1.1/, data/fast/1.2/, data/fast/1.4/, 
    data/fast/1.5/, data/fast/1.6/, data/fast/1.7/, data/fast/1.9/, data/fast/2.0/, 
    data/fast/2.1/, data/fast/2.2/, data/fast/2.3/, data/fast/2.4/, data/fast/2.5/, 
    data/fast/2.6/, data/fast/2.7/, data/fast/2.8/, data/fast/2.9/, data/fast/3/, 
    data/fast/4/, data/fast/5/, data/fast/6/, data/fast/6_partial-loop/, data/slow/0.7/, 
    data/slow/0.8/, data/slow/0.9/, data/slow/1.1/, data/slow/1.2/, data/slow/1.3/, 
    data/slow/1.4/, data/slow/1.5/, data/slow/1.6/, data/slow/1.7/, 
    data/linear-path/min-B1_min-B2/, data/linear-path/1.1-fast-slow/, data/linear-path/1.2-fast-slow/, 
    data/linear-path/1.3-fast-slow/, data/linear-path/1.4-fast-slow/, data/linear-path/1.5-fast-slow/, 
    data/linear-path/1.6-fast-slow/, data/linear-path/1.7-fast-slow/, data/other/A1-rotation/0.1/, 
    data/other/A1-rotation/0.2/, data/other/A1-rotation/0.3/, data/other/A1-rotation/0.4/, 
    data/other/A1-rotation/0.5/, data/other/A1-rotation/0.6/, data/other/A1-rotation/0.7/, 
    data/other/A1-rotation/0.8/, data/other/A1-rotation/0.9/, data/other/A1-rotation/1.0/, 
    data/other/A1-rotation/1.1/, data/other/A1-rotation/1.2/, data/other/A1-rotation/1.3/, 
    data/other/A1-rotation/1.4/, data/other/A1-rotation/1.5/, data/other/A1-rotation/1.6/, 
    data/other/A1-rotation/1.7/, data/other/A1-rotation/1.8/, data/other/A1-rotation/1.9/, 
    data/other/A1-rotation/2.0/, data/other/A1-rotation/2.1/, data/other/A1-rotation/2.2/, 
    data/other/B1-rotation/0.1/, data/other/B1-rotation/0.2/, data/other/B1-rotation/0.3/, 
    data/other/B1-rotation/0.4/, data/other/B1-rotation/0.5/, data/other/B1-rotation/0.6/, 
    data/other/B1-rotation/0.7/, data/other/B1-rotation/0.8/, data/other/B1-rotation/0.9/, 
    data/other/B1-rotation/1.0/, data/other/B1-rotation/1.1/, data/other/B1-rotation/1.2/, 
    data/other/B1-rotation/1.3/, data/other/B1-rotation/1.4/, data/other/B1-rotation/1.5/, 
    data/other/B1-rotation/1.6/, data/other/B1-rotation/1.7/, data/other/B1-rotation/1.8/, 
    data/other/B1-rotation/1.9/, data/other/B1-rotation/2.0/, data/other/B1-rotation/2.1/, 
    data/other/B1-rotation/2.2/, data/artifact/asymptote/, 
There are 1849 data points in adiabatic representation
          0 data points in composite representation

maximum ground state energy = 0.254234
maximum ||ground state energy gradient||_infinity = 0.703726
so we suggest to set gradient / energy scaling to around 2.76803

The number of threads = 4

Thread 1:
* owns 463 adiabatic data points
* owns 0 composite data points
* owns 0 energy-only data points
* starts with Jacobian row 0
Thread 2:
* owns 462 adiabatic data points
* owns 0 composite data points
* owns 0 energy-only data points
* starts with Jacobian row 10533
Thread 3:
* owns 462 adiabatic data points
* owns 0 composite data points
* owns 0 energy-only data points
* starts with Jacobian row 23411
Thread 4:
* owns 462 adiabatic data points
* owns 0 composite data points
* owns 0 energy-only data points
* starts with Jacobian row 39636

The data set corresponds to 54996 least square equations
There are 3886 parameters to train

The initial residue = 39.2993
 
2022 year  2 month 28 day 19: 9: 9
 Iteration           1 , residue   39.2993278074998     
 
2022 year  2 month 28 day 19: 9:17
 Iteration           2 , residue   39.2993278074998     
 
2022 year  2 month 28 day 19: 9:25
 Iteration           3 , residue   39.2993278074998     
 
2022 year  2 month 28 day 19: 9:33
 Iteration           4 , residue   29.5718034944979     
 
2022 year  2 month 28 day 19: 9:49
 Iteration           5 , residue   14.9382523873809     
 
2022 year  2 month 28 day 19:10: 4
 Iteration           6 , residue   13.2680924628442     
 
2022 year  2 month 28 day 19:10:19
 Iteration           7 , residue   3.23085490936233     
 
2022 year  2 month 28 day 19:10:34
 Iteration           8 , residue   3.23085490936233     
 
2022 year  2 month 28 day 19:10:42
 Iteration           9 , residue   1.43275718419866     
 
2022 year  2 month 28 day 19:10:57
 Iteration          10 , residue  0.899104413755316     
 
2022 year  2 month 28 day 19:11:11
 Iteration          11 , residue  0.765011856002841     
 
2022 year  2 month 28 day 19:11:26
 Iteration          12 , residue  0.547409836221767     
 
2022 year  2 month 28 day 19:11:40
 Iteration          13 , residue  0.547409836221767     
 
2022 year  2 month 28 day 19:11:47
 Iteration          14 , residue  0.297810311112659     
 
2022 year  2 month 28 day 19:12: 2
 Iteration          15 , residue  0.261844881391650     
 
2022 year  2 month 28 day 19:12:17
 Iteration          16 , residue  0.261844881391650     
 
2022 year  2 month 28 day 19:12:24
 Iteration          17 , residue  0.238692152407878     
 
2022 year  2 month 28 day 19:12:38
 Iteration          18 , residue  0.235962755541398     
 
2022 year  2 month 28 day 19:12:53
 Iteration          19 , residue  0.234385863812698     
 
2022 year  2 month 28 day 19:13: 7
 Iteration          20 , residue  0.232658224633945     
 
2022 year  2 month 28 day 19:13:22
 Iteration          21 , residue  0.231133097391175     
 
2022 year  2 month 28 day 19:13:37
 Iteration          22 , residue  0.229554422549484     
 
2022 year  2 month 28 day 19:13:52
 Iteration          23 , residue  0.228024387200280     
 
2022 year  2 month 28 day 19:14: 7
 Iteration          24 , residue  0.226499210553661     
 
2022 year  2 month 28 day 19:14:23
 Iteration          25 , residue  0.225032076179127     
 
2022 year  2 month 28 day 19:14:38
 Iteration          26 , residue  0.223631517555204     
 
2022 year  2 month 28 day 19:14:52
 Iteration          27 , residue  0.222259251577373     
 
2022 year  2 month 28 day 19:15: 6
 Iteration          28 , residue  0.220935007195341     
 
2022 year  2 month 28 day 19:15:20
 Iteration          29 , residue  0.219688843765842     
 
2022 year  2 month 28 day 19:15:35
 Iteration          30 , residue  0.218521421582434     
 
2022 year  2 month 28 day 19:15:49
 Iteration          31 , residue  0.217430503615160     
 
2022 year  2 month 28 day 19:16: 3
 Iteration          32 , residue  0.216410634981955     
 
2022 year  2 month 28 day 19:16:18
 Iteration          33 , residue  0.215458675152930     
 
2022 year  2 month 28 day 19:16:32
 Iteration          34 , residue  0.214573835281474     
 
2022 year  2 month 28 day 19:16:46
 Iteration          35 , residue  0.213752587937207     
 
2022 year  2 month 28 day 19:17: 0
 Iteration          36 , residue  0.210489404747711     
 
2022 year  2 month 28 day 19:17:15
 Iteration          37 , residue  0.209877824951231     
 
2022 year  2 month 28 day 19:17:29
 Iteration          38 , residue  0.209302933916890     
 
2022 year  2 month 28 day 19:17:43
 Iteration          39 , residue  0.208737146246527     
 
2022 year  2 month 28 day 19:17:57
 Iteration          40 , residue  0.208176672016917     
 
2022 year  2 month 28 day 19:18:12
 Iteration          41 , residue  0.207620084584472     
 
2022 year  2 month 28 day 19:18:26
 Iteration          42 , residue  0.207066564055655     
 
2022 year  2 month 28 day 19:18:40
 Iteration          43 , residue  0.206515581868616     
 
2022 year  2 month 28 day 19:18:54
 Iteration          44 , residue  0.205966701438603     
 
2022 year  2 month 28 day 19:19: 8
 Iteration          45 , residue  0.205419593359489     
 
2022 year  2 month 28 day 19:19:22
 Iteration          46 , residue  0.204874102138816     
 
2022 year  2 month 28 day 19:19:36
 Iteration          47 , residue  0.204329396268965     
 
2022 year  2 month 28 day 19:19:51
 Iteration          48 , residue  0.203785676990036     
 
2022 year  2 month 28 day 19:20: 5
 Iteration          49 , residue  0.203242480491837     
 
2022 year  2 month 28 day 19:20:19
 Iteration          50 , residue  0.202699924074177     
 
2022 year  2 month 28 day 19:20:33
 Iteration          51 , residue  0.202157247116117     
 
2022 year  2 month 28 day 19:20:47
 Iteration          52 , residue  0.201614826218291     
 
2022 year  2 month 28 day 19:21: 2
 Iteration          53 , residue  0.201072810663429     
 
2022 year  2 month 28 day 19:21:16
 Iteration          54 , residue  0.200530217365062     
 
2022 year  2 month 28 day 19:21:30
 Iteration          55 , residue  0.199988106612361     
 
2022 year  2 month 28 day 19:21:45
 Iteration          56 , residue  0.199446561142374     
 
2022 year  2 month 28 day 19:21:59
 Iteration          57 , residue  0.198905877273666     
 
2022 year  2 month 28 day 19:22:13
 Iteration          58 , residue  0.198366026926048     
 
2022 year  2 month 28 day 19:22:27
 Iteration          59 , residue  0.197828011933644     
 
2022 year  2 month 28 day 19:22:41
 Iteration          60 , residue  0.197291491202070     
 
2022 year  2 month 28 day 19:22:56
 Iteration          61 , residue  0.196756607198076     
 
2022 year  2 month 28 day 19:23:10
 Iteration          62 , residue  0.196224357667992     
 
2022 year  2 month 28 day 19:23:24
 Iteration          63 , residue  0.195694992220376     
 
2022 year  2 month 28 day 19:23:39
 Iteration          64 , residue  0.195167678916414     
 
2022 year  2 month 28 day 19:23:53
 Iteration          65 , residue  0.194643491247725     
 
2022 year  2 month 28 day 19:24: 7
 Iteration          66 , residue  0.194122631173997     
 
2022 year  2 month 28 day 19:24:21
 Iteration          67 , residue  0.193604430036308     
 
2022 year  2 month 28 day 19:24:36
 Iteration          68 , residue  0.193089949124995     
 
2022 year  2 month 28 day 19:24:50
 Iteration          69 , residue  0.192579279311288     
 
2022 year  2 month 28 day 19:25: 4
 Iteration          70 , residue  0.192072784727032     
 
2022 year  2 month 28 day 19:25:18
 Iteration          71 , residue  0.191570888727914     
 
2022 year  2 month 28 day 19:25:33
 Iteration          72 , residue  0.191074050880727     
 
2022 year  2 month 28 day 19:25:47
 Iteration          73 , residue  0.190582732394598     
 
2022 year  2 month 28 day 19:26: 1
 Iteration          74 , residue  0.190097369832962     
 
2022 year  2 month 28 day 19:26:15
 Iteration          75 , residue  0.189618340236074     
 
2022 year  2 month 28 day 19:26:30
 Iteration          76 , residue  0.189145930317001     
 
2022 year  2 month 28 day 19:26:44
 Iteration          77 , residue  0.188680312856609     
 
2022 year  2 month 28 day 19:26:58
 Iteration          78 , residue  0.188221534810116     
 
2022 year  2 month 28 day 19:27:13
 Iteration          79 , residue  0.187769513102398     
 
2022 year  2 month 28 day 19:27:27
 Iteration          80 , residue  0.187324040910285     
 
2022 year  2 month 28 day 19:27:41
 Iteration          81 , residue  0.186884801056172     
 
2022 year  2 month 28 day 19:27:56
 Iteration          82 , residue  0.186451386100326     
 
2022 year  2 month 28 day 19:28:10
 Iteration          83 , residue  0.186023315200965     
 
2022 year  2 month 28 day 19:28:24
 Iteration          84 , residue  0.185600057057294     
 
2022 year  2 month 28 day 19:28:39
 Iteration          85 , residue  0.185181046907067     
 
2022 year  2 month 28 day 19:28:53
 Iteration          86 , residue  0.184765703009235     
 
2022 year  2 month 28 day 19:29: 7
 Iteration          87 , residue  0.184353444265732     
 
2022 year  2 month 28 day 19:29:21
 Iteration          88 , residue  0.183943700856590     
 
2022 year  2 month 28 day 19:29:36
 Iteration          89 , residue  0.183535927538416     
 
2022 year  2 month 28 day 19:29:50
 Iteration          90 , residue  0.183129609146080     
 
2022 year  2 month 28 day 19:30: 4
 Iteration          91 , residue  0.182724261105230     
 
2022 year  2 month 28 day 19:30:19
 Iteration          92 , residue  0.182319427535718     
 
2022 year  2 month 28 day 19:30:32
 Iteration          93 , residue  0.181914674291251     
 
2022 year  2 month 28 day 19:30:46
 Iteration          94 , residue  0.181509566407028     
 
2022 year  2 month 28 day 19:31: 0
 Iteration          95 , residue  0.181103659134399     
 
2022 year  2 month 28 day 19:31:14
 Iteration          96 , residue  0.180696483172452     
 
2022 year  2 month 28 day 19:31:28
 Iteration          97 , residue  0.180287520901245     
 
2022 year  2 month 28 day 19:31:42
 Iteration          98 , residue  0.179876477295086     
 
2022 year  2 month 28 day 19:31:55
 Iteration          99 , residue  0.179462182949187     
 
2022 year  2 month 28 day 19:32: 9
 Iteration         100 , residue  0.179044847945498     
 
2022 year  2 month 28 day 19:32:23
 Iteration         101 , residue  0.178623569037527     
 
2022 year  2 month 28 day 19:32:37
 Iteration         102 , residue  0.178198417669756     
 
2022 year  2 month 28 day 19:32:51
 Iteration         103 , residue  0.177769260060901     
 
2022 year  2 month 28 day 19:33: 5
 Iteration         104 , residue  0.177336267451774     
 
2022 year  2 month 28 day 19:33:19
 Iteration         105 , residue  0.176899833531996     
 
2022 year  2 month 28 day 19:33:32
 Iteration         106 , residue  0.176460537870256     
 Failed trust region: max iteration exceeded!
 Final residual =   0.176460537870256     
The final residue = 0.176461

Mon Feb 28 19:33:33 2022
Mission success
