 Trust region warning: step length has converged, but residual has not met accur
 acy goal
 Final residual =   1.739586684341256E-010
 Trust region warning: step length has converged, but residual has not met accur
 acy goal
 Final residual =   1.350095791756574E-010
 Trust region warning: step length has converged, but residual has not met accur
 acy goal
 Final residual =   1.033279394216901E-010
 Trust region warning: step length has converged, but residual has not met accur
 acy goal
 Final residual =   1.526490958071195E-010
 Trust region warning: step length has converged, but residual has not met accur
 acy goal
 Final residual =   1.344348518424900E-010
 Trust region warning: step length has converged, but residual has not met accur
 acy goal
 Final residual =   6.487056507985893E-011
 Trust region warning: step length has converged, but residual has not met accur
 acy goal
 Final residual =   1.224418856122289E-010
 Trust region warning: step length has converged, but residual has not met accur
 acy goal
 Final residual =   1.542213594109414E-010
 Trust region warning: step length has converged, but residual has not met accur
 acy goal
 Final residual =   1.169826839797185E-010
 Trust region warning: step length has converged, but residual has not met accur
 acy goal
 Final residual =   1.161477783478590E-010
 Trust region warning: step length has converged, but residual has not met accur
 acy goal
 Final residual =   2.512148483795276E-010
 Trust region warning: step length has converged, but residual has not met accur
 acy goal
 Final residual =   7.629985846352784E-011
 Trust region warning: step length has converged, but residual has not met accur
 acy goal
 Final residual =   3.998333866628231E-010
 Trust region warning: step length has converged, but residual has not met accur
 acy goal
 Final residual =   1.345079334311031E-010
 Trust region warning: step length has converged, but residual has not met accur
 acy goal
 Final residual =   8.421625815801946E-011
 Trust region warning: step length has converged, but residual has not met accur
 acy goal
 Final residual =   1.884843719777264E-010
 Trust region warning: step length has converged, but residual has not met accur
 acy goal
 Final residual =   1.205818310702843E-010
 Trust region warning: step length has converged, but residual has not met accur
 acy goal
 Final residual =   1.285542667280086E-010
 Trust region warning: step length has converged, but residual has not met accur
 acy goal
 Final residual =   8.720549715425928E-011
 Trust region warning: step length has converged, but residual has not met accur
 acy goal
 Final residual =   1.308209595355294E-010
 Trust region warning: step length has converged, but residual has not met accur
 acy goal
 Final residual =   7.152302156254083E-011
 Trust region warning: step length has converged, but residual has not met accur
 acy goal
 Final residual =   1.066392519613491E-010
 Trust region warning: step length has converged, but residual has not met accur
 acy goal
 Final residual =   8.874078705381900E-011
 Trust region warning: step length has converged, but residual has not met accur
 acy goal
 Final residual =   1.718319997772703E-010
 Trust region warning: step length has converged, but residual has not met accur
 acy goal
 Final residual =   9.423164820073655E-011
 Trust region warning: step length has converged, but residual has not met accur
 acy goal
 Final residual =   1.029642435367762E-010
 Trust region warning: step length has converged, but residual has not met accur
 acy goal
 Final residual =   1.821302025533022E-010
 Trust region warning: step length has converged, but residual has not met accur
 acy goal
 Final residual =   1.872447942594246E-010
 Trust region warning: step length has converged, but residual has not met accur
 acy goal
 Final residual =   7.752527043910570E-011
 Trust region warning: step length has converged, but residual has not met accur
 acy goal
 Final residual =   1.134326838861838E-010
 Trust region warning: step length has converged, but residual has not met accur
 acy goal
 Final residual =   8.687806385253095E-011
 Trust region warning: step length has converged, but residual has not met accur
 acy goal
 Final residual =   1.891558095629359E-010
 Trust region warning: step length has converged, but residual has not met accur
 acy goal
 Final residual =   3.704337622392544E-010
 Trust region warning: step length has converged, but residual has not met accur
 acy goal
 Final residual =   7.024249656042408E-011
 Trust region warning: step length has converged, but residual has not met accur
 acy goal
 Final residual =   1.438652896334178E-010
 Trust region warning: step length has converged, but residual has not met accur
 acy goal
 Final residual =   1.023502250020260E-010
 Trust region warning: step length has converged, but residual has not met accur
 acy goal
 Final residual =   1.363150892547102E-010
 Trust region warning: step length has converged, but residual has not met accur
 acy goal
 Final residual =   1.439790771475992E-010
 Trust region warning: step length has converged, but residual has not met accur
 acy goal
 Final residual =   1.247166588576948E-010
 Trust region warning: step length has converged, but residual has not met accur
 acy goal
 Final residual =   1.044426137969435E-010
 Trust region warning: step length has converged, but residual has not met accur
 acy goal
 Final residual =   7.860361022957069E-011
 Trust region warning: step length has converged, but residual has not met accur
 acy goal
 Final residual =   7.929346229290701E-011
 Trust region warning: step length has converged, but residual has not met accur
 acy goal
 Final residual =   8.418513500983445E-011
 Trust region warning: step length has converged, but residual has not met accur
 acy goal
 Final residual =   1.280246870526710E-010
 Trust region warning: step length has converged, but residual has not met accur
 acy goal
 Final residual =   9.246721286164905E-011
 Trust region warning: step length has converged, but residual has not met accur
 acy goal
 Final residual =   7.763858339007193E-011
 Trust region warning: step length has converged, but residual has not met accur
 acy goal
 Final residual =   9.708882393950799E-011
 Trust region warning: step length has converged, but residual has not met accur
 acy goal
 Final residual =   8.999304602164499E-011
 Trust region warning: step length has converged, but residual has not met accur
 acy goal
 Final residual =   1.242739934997391E-010
 Trust region warning: step length has converged, but residual has not met accur
 acy goal
 Final residual =   1.614371243425096E-010
 Trust region warning: step length has converged, but residual has not met accur
 acy goal
 Final residual =   8.521978032802924E-011
 Trust region warning: step length has converged, but residual has not met accur
 acy goal
 Final residual =   7.735498773858842E-011
 Trust region warning: step length has converged, but residual has not met accur
 acy goal
 Final residual =   7.301975827811678E-011
 Trust region warning: step length has converged, but residual has not met accur
 acy goal
 Final residual =   2.789297992749731E-010
 Trust region warning: step length has converged, but residual has not met accur
 acy goal
 Final residual =   8.976071090127922E-011
 Trust region warning: step length has converged, but residual has not met accur
 acy goal
 Final residual =   2.218399592021950E-010
 Trust region warning: step length has converged, but residual has not met accur
 acy goal
 Final residual =   1.095279008028757E-010
 Trust region warning: step length has converged, but residual has not met accur
 acy goal
 Final residual =   7.149244484910883E-011
 Trust region warning: step length has converged, but residual has not met accur
 acy goal
 Final residual =   1.328833427066255E-010
 Trust region warning: step length has converged, but residual has not met accur
 acy goal
 Final residual =   1.782054998434607E-010
 Trust region warning: step length has converged, but residual has not met accur
 acy goal
 Final residual =   8.962401190295052E-011
 Trust region warning: step length has converged, but residual has not met accur
 acy goal
 Final residual =   2.318710679537165E-010
 Trust region warning: step length has converged, but residual has not met accur
 acy goal
 Final residual =   8.250125594347885E-011
 Trust region warning: step length has converged, but residual has not met accur
 acy goal
 Final residual =   8.059072434754325E-011
 Trust region warning: step length has converged, but residual has not met accur
 acy goal
 Final residual =   3.191002164955747E-010
 Trust region warning: step length has converged, but residual has not met accur
 acy goal
 Final residual =   1.764882378543134E-010
 Trust region warning: step length has converged, but residual has not met accur
 acy goal
 Final residual =   6.277217531145430E-011
 Trust region warning: step length has converged, but residual has not met accur
 acy goal
 Final residual =   1.485870967749919E-010
 Trust region warning: step length has converged, but residual has not met accur
 acy goal
 Final residual =   1.744081771750034E-010
 Trust region warning: step length has converged, but residual has not met accur
 acy goal
 Final residual =   1.270516685183848E-010
 Trust region warning: step length has converged, but residual has not met accur
 acy goal
 Final residual =   1.485256226590609E-010
 Trust region warning: step length has converged, but residual has not met accur
 acy goal
 Final residual =   9.200255290208613E-011
 Trust region warning: step length has converged, but residual has not met accur
 acy goal
 Final residual =   2.062714570500249E-010
 Trust region warning: step length has converged, but residual has not met accur
 acy goal
 Final residual =   6.654017609684525E-011
 Trust region warning: step length has converged, but residual has not met accur
 acy goal
 Final residual =   4.651923050946188E-011
 Trust region warning: step length has converged, but residual has not met accur
 acy goal
 Final residual =   7.807426039147078E-011
 Trust region warning: step length has converged, but residual has not met accur
 acy goal
 Final residual =   6.625082322050785E-011
 Trust region warning: step length has converged, but residual has not met accur
 acy goal
 Final residual =   1.062959829080592E-010
 Trust region warning: step length has converged, but residual has not met accur
 acy goal
 Final residual =   9.129790554575372E-011
 Trust region warning: step length has converged, but residual has not met accur
 acy goal
 Final residual =   1.042843675644256E-010
 Trust region warning: step length has converged, but residual has not met accur
 acy goal
 Final residual =   1.380210479362994E-010
 Trust region warning: step length has converged, but residual has not met accur
 acy goal
 Final residual =   1.002493683861918E-010
 Trust region warning: step length has converged, but residual has not met accur
 acy goal
 Final residual =   1.225006098078188E-010
 Trust region warning: step length has converged, but residual has not met accur
 acy goal
 Final residual =   1.249744483568997E-010
 Trust region warning: step length has converged, but residual has not met accur
 acy goal
 Final residual =   1.238130998459637E-010
 Trust region warning: step length has converged, but residual has not met accur
 acy goal
 Final residual =   1.427938728189143E-010
 Trust region warning: step length has converged, but residual has not met accur
 acy goal
 Final residual =   7.803621406125533E-011
 Trust region warning: step length has converged, but residual has not met accur
 acy goal
 Final residual =   9.017523322995697E-011
 Trust region warning: step length has converged, but residual has not met accur
 acy goal
 Final residual =   1.011295891548330E-010
 Trust region warning: step length has converged, but residual has not met accur
 acy goal
 Final residual =   1.494317535039616E-010
 Trust region warning: step length has converged, but residual has not met accur
 acy goal
 Final residual =   1.005913253641293E-010
 Trust region warning: step length has converged, but residual has not met accur
 acy goal
 Final residual =   7.534059257640102E-011
 Trust region warning: step length has converged, but residual has not met accur
 acy goal
 Final residual =   4.473647050332240E-011
 Trust region warning: step length has converged, but residual has not met accur
 acy goal
 Final residual =   1.031468109612487E-010
 Trust region warning: step length has converged, but residual has not met accur
 acy goal
 Final residual =   1.421053116437274E-010
 Trust region warning: step length has converged, but residual has not met accur
 acy goal
 Final residual =   8.390809053156285E-011
 Trust region warning: step length has converged, but residual has not met accur
 acy goal
 Final residual =   8.582585549148240E-011
 Trust region warning: step length has converged, but residual has not met accur
 acy goal
 Final residual =   9.688740441312910E-011
 Trust region warning: step length has converged, but residual has not met accur
 acy goal
 Final residual =   1.301419510197633E-010
 Trust region warning: step length has converged, but residual has not met accur
 acy goal
 Final residual =   6.257686526847029E-011
 Trust region warning: step length has converged, but residual has not met accur
 acy goal
 Final residual =   1.240556161034689E-010
 Trust region warning: step length has converged, but residual has not met accur
 acy goal
 Final residual =   1.714101559249051E-010
 Trust region warning: step length has converged, but residual has not met accur
 acy goal
 Final residual =   1.170821767271788E-010
 Trust region warning: step length has converged, but residual has not met accur
 acy goal
 Final residual =   8.376165355493528E-011
 Trust region warning: step length has converged, but residual has not met accur
 acy goal
 Final residual =   1.302219308038475E-010
 Trust region warning: step length has converged, but residual has not met accur
 acy goal
 Final residual =   1.550083375631632E-010
 Trust region warning: step length has converged, but residual has not met accur
 acy goal
 Final residual =   1.224103372295400E-010
 Trust region warning: step length has converged, but residual has not met accur
 acy goal
 Final residual =   1.717949487896064E-010
 Trust region warning: step length has converged, but residual has not met accur
 acy goal
 Final residual =   6.779432214336107E-011
 Trust region warning: step length has converged, but residual has not met accur
 acy goal
 Final residual =   7.898459581862624E-011
 Trust region warning: step length has converged, but residual has not met accur
 acy goal
 Final residual =   2.412446853529462E-010
 Trust region warning: step length has converged, but residual has not met accur
 acy goal
 Final residual =   1.330957510161691E-010
 Trust region warning: step length has converged, but residual has not met accur
 acy goal
 Final residual =   7.934713380296956E-011
 Trust region warning: step length has converged, but residual has not met accur
 acy goal
 Final residual =   1.595162788263368E-010
 Trust region warning: step length has converged, but residual has not met accur
 acy goal
 Final residual =   1.184728933683369E-010
 Trust region warning: step length has converged, but residual has not met accur
 acy goal
 Final residual =   9.461014914372820E-011
 Trust region warning: step length has converged, but residual has not met accur
 acy goal
 Final residual =   5.288433153968191E-011
 Trust region warning: step length has converged, but residual has not met accur
 acy goal
 Final residual =   1.321421855945129E-010
 Trust region warning: step length has converged, but residual has not met accur
 acy goal
 Final residual =   1.612309004787401E-010
 Trust region warning: step length has converged, but residual has not met accur
 acy goal
 Final residual =   1.809494361171944E-010
 Trust region warning: step length has converged, but residual has not met accur
 acy goal
 Final residual =   1.691586530276616E-010
 Trust region warning: step length has converged, but residual has not met accur
 acy goal
 Final residual =   1.385359480333490E-010
 Trust region warning: step length has converged, but residual has not met accur
 acy goal
 Final residual =   5.430658138147837E-011
 Trust region warning: step length has converged, but residual has not met accur
 acy goal
 Final residual =   4.955054077410561E-011
 Trust region warning: step length has converged, but residual has not met accur
 acy goal
 Final residual =   1.056562177818896E-010
 Trust region warning: step length has converged, but residual has not met accur
 acy goal
 Final residual =   6.223549545552409E-011
 Trust region warning: step length has converged, but residual has not met accur
 acy goal
 Final residual =   3.157872690445766E-011
 Trust region warning: step length has converged, but residual has not met accur
 acy goal
 Final residual =   1.929617041629310E-010
 Trust region warning: step length has converged, but residual has not met accur
 acy goal
 Final residual =   1.514078436896978E-010
 Trust region warning: step length has converged, but residual has not met accur
 acy goal
 Final residual =   9.412728313975363E-011
 Trust region warning: step length has converged, but residual has not met accur
 acy goal
 Final residual =   1.360491556047953E-010
 Trust region warning: step length has converged, but residual has not met accur
 acy goal
 Final residual =   8.994323218547961E-011
 Trust region warning: step length has converged, but residual has not met accur
 acy goal
 Final residual =   1.287398674842061E-010
 Trust region warning: step length has converged, but residual has not met accur
 acy goal
 Final residual =   1.077433896130648E-010
 Trust region warning: step length has converged, but residual has not met accur
 acy goal
 Final residual =   1.462161753435801E-010
 Trust region warning: step length has converged, but residual has not met accur
 acy goal
 Final residual =   1.472485965313933E-010
 Trust region warning: step length has converged, but residual has not met accur
 acy goal
 Final residual =   1.703100333071039E-010
 Trust region warning: step length has converged, but residual has not met accur
 acy goal
 Final residual =   1.466280509681288E-010
 Trust region warning: step length has converged, but residual has not met accur
 acy goal
 Final residual =   9.657649521778266E-011
 Trust region warning: step length has converged, but residual has not met accur
 acy goal
 Final residual =   1.438658614679929E-010
 Trust region warning: step length has converged, but residual has not met accur
 acy goal
 Final residual =   9.012915866589268E-011
 Trust region warning: step length has converged, but residual has not met accur
 acy goal
 Final residual =   6.300546919326001E-011
 Trust region warning: step length has converged, but residual has not met accur
 acy goal
 Final residual =   4.930487453251854E-011
 Trust region warning: step length has converged, but residual has not met accur
 acy goal
 Final residual =   1.055323830445234E-010
 Trust region warning: step length has converged, but residual has not met accur
 acy goal
 Final residual =   8.733334293399560E-011
 Trust region warning: step length has converged, but residual has not met accur
 acy goal
 Final residual =   8.881357441749869E-011
 Trust region warning: step length has converged, but residual has not met accur
 acy goal
 Final residual =   1.923153891177186E-010
 Trust region warning: step length has converged, but residual has not met accur
 acy goal
 Final residual =   1.403800458912103E-010
 Trust region warning: step length has converged, but residual has not met accur
 acy goal
 Final residual =   1.378341622649128E-010
 Trust region warning: step length has converged, but residual has not met accur
 acy goal
 Final residual =   4.830549109944916E-010
 Trust region warning: step length has converged, but residual has not met accur
 acy goal
 Final residual =   9.983807018076081E-011
 Trust region warning: step length has converged, but residual has not met accur
 acy goal
 Final residual =   1.044558829966260E-010
 Trust region warning: step length has converged, but residual has not met accur
 acy goal
 Final residual =   1.438917748043632E-010
 Trust region warning: step length has converged, but residual has not met accur
 acy goal
 Final residual =   1.031209948028545E-010
 Trust region warning: step length has converged, but residual has not met accur
 acy goal
 Final residual =   1.216974712970411E-010
 Trust region warning: step length has converged, but residual has not met accur
 acy goal
 Final residual =   1.460057916015680E-010
 Trust region warning: step length has converged, but residual has not met accur
 acy goal
 Final residual =   1.548069581127817E-010
 Trust region warning: step length has converged, but residual has not met accur
 acy goal
 Final residual =   1.456764793182597E-010
 Trust region warning: step length has converged, but residual has not met accur
 acy goal
 Final residual =   1.387782720180252E-010
 Trust region warning: step length has converged, but residual has not met accur
 acy goal
 Final residual =   7.240150294003893E-011
 Trust region warning: step length has converged, but residual has not met accur
 acy goal
 Final residual =   7.372825200372812E-011
 Trust region warning: step length has converged, but residual has not met accur
 acy goal
 Final residual =   9.920067140761546E-011
 Trust region warning: step length has converged, but residual has not met accur
 acy goal
 Final residual =   1.253071449252199E-010
 Trust region warning: step length has converged, but residual has not met accur
 acy goal
 Final residual =   7.076760204651269E-011
 Trust region warning: step length has converged, but residual has not met accur
 acy goal
 Final residual =   5.227191770916980E-011
 Trust region warning: step length has converged, but residual has not met accur
 acy goal
 Final residual =   1.434912416840836E-010
 Trust region warning: step length has converged, but residual has not met accur
 acy goal
 Final residual =   2.732405939049498E-010
 Trust region warning: step length has converged, but residual has not met accur
 acy goal
 Final residual =   1.858075902532742E-010
 Trust region warning: step length has converged, but residual has not met accur
 acy goal
 Final residual =   7.636568951990631E-011
 Trust region warning: step length has converged, but residual has not met accur
 acy goal
 Final residual =   2.081113917008676E-010
 Trust region warning: step length has converged, but residual has not met accur
 acy goal
 Final residual =   1.109445166135383E-010
 Trust region warning: step length has converged, but residual has not met accur
 acy goal
 Final residual =   8.774275904014224E-011
 Trust region warning: step length has converged, but residual has not met accur
 acy goal
 Final residual =   1.798176452937832E-010
 Trust region warning: step length has converged, but residual has not met accur
 acy goal
 Final residual =   1.417327554231906E-010
 Trust region warning: step length has converged, but residual has not met accur
 acy goal
 Final residual =   1.260046755697100E-010
 Trust region warning: step length has converged, but residual has not met accur
 acy goal
 Final residual =   3.848029206407453E-011
 Trust region warning: step length has converged, but residual has not met accur
 acy goal
 Final residual =   1.548710931106746E-010
 Trust region warning: step length has converged, but residual has not met accur
 acy goal
 Final residual =   2.800133057118011E-010
 Trust region warning: step length has converged, but residual has not met accur
 acy goal
 Final residual =   6.860211548839735E-011
 Trust region warning: step length has converged, but residual has not met accur
 acy goal
 Final residual =   9.093732713485205E-011
 Trust region warning: step length has converged, but residual has not met accur
 acy goal
 Final residual =   7.264996136566289E-011
 Trust region warning: step length has converged, but residual has not met accur
 acy goal
 Final residual =   7.264996136566289E-011
Critics: a critical geometry searcher
Yifan Shen 2021

Echo of user command line input:
/home/yshen/Software/Mine/diabatz/tools/critics/v0/critics.exe -j min -f default -i opt.IntCoordDef -t 1 -d default IntCoordDef SAS.in Hd.in Hd.net 11.in 12.in 13.in 14.in 22.in 23.in 24.in 33.in 34.in 44.in -x A1rot-sad.xyz -c 25 26 27 28 29 30 31 32 33 34 35 36 -o sad.xyz

Fri Apr  8 22:45:13 2022

Job type: min
The target electronic state is 1

Fri Apr  8 22:47:03 2022
Mission success
