Diabatz version 1.3.0
Yifan Shen 2021

Echo of user command line input:
/home/yshen57/Software/Mine/diabatz/v1.3.0/diabatz.exe --pretrained default IntCoordDef SAS.in pretrained_Hd.in pretrained_Hd.net pretrained_11.in -f default -i IntCoordDef -s SAS.in -n Hd.in -l 11.in -d data/critical/list.txt data/fast/list.txt data/slow/list.txt data/linear-path/list.txt data/other/A1-rotation/list.txt data/other/B1-rotation/list.txt data/artifact/asymptote/ -z -286.1075216397

Mon Feb 28 19:02:02 2022

The data set will be read from: 
    data/critical/min-A1/, data/critical/sad-A1/, data/critical/min-B1/, 
    data/critical/sad-B1/, data/critical/min-B2/, data/critical/sad-B2/, data/critical/min-A2/, 
    data/critical/sad-A2/, data/critical/mex-B1-B2/, data/critical/mex-B2-A2/, data/fast/0.7/, 
    data/fast/0.8/, data/fast/0.9/, data/fast/1.1/, data/fast/1.2/, data/fast/1.4/, 
    data/fast/1.5/, data/fast/1.6/, data/fast/1.7/, data/fast/1.9/, data/fast/2.0/, 
    data/fast/2.1/, data/fast/2.2/, data/fast/2.3/, data/fast/2.4/, data/fast/2.5/, 
    data/fast/2.6/, data/fast/2.7/, data/fast/2.8/, data/fast/2.9/, data/fast/3/, 
    data/fast/4/, data/fast/5/, data/fast/6/, data/fast/6_partial-loop/, data/slow/0.7/, 
    data/slow/0.8/, data/slow/0.9/, data/slow/1.1/, data/slow/1.2/, data/slow/1.3/, 
    data/slow/1.4/, data/slow/1.5/, data/slow/1.6/, data/slow/1.7/, 
    data/linear-path/min-B1_min-B2/, data/linear-path/1.1-fast-slow/, data/linear-path/1.2-fast-slow/, 
    data/linear-path/1.3-fast-slow/, data/linear-path/1.4-fast-slow/, data/linear-path/1.5-fast-slow/, 
    data/linear-path/1.6-fast-slow/, data/linear-path/1.7-fast-slow/, data/other/A1-rotation/0.1/, 
    data/other/A1-rotation/0.2/, data/other/A1-rotation/0.3/, data/other/A1-rotation/0.4/, 
    data/other/A1-rotation/0.5/, data/other/A1-rotation/0.6/, data/other/A1-rotation/0.7/, 
    data/other/A1-rotation/0.8/, data/other/A1-rotation/0.9/, data/other/A1-rotation/1.0/, 
    data/other/A1-rotation/1.1/, data/other/A1-rotation/1.2/, data/other/A1-rotation/1.3/, 
    data/other/A1-rotation/1.4/, data/other/A1-rotation/1.5/, data/other/A1-rotation/1.6/, 
    data/other/A1-rotation/1.7/, data/other/A1-rotation/1.8/, data/other/A1-rotation/1.9/, 
    data/other/A1-rotation/2.0/, data/other/A1-rotation/2.1/, data/other/A1-rotation/2.2/, 
    data/other/B1-rotation/0.1/, data/other/B1-rotation/0.2/, data/other/B1-rotation/0.3/, 
    data/other/B1-rotation/0.4/, data/other/B1-rotation/0.5/, data/other/B1-rotation/0.6/, 
    data/other/B1-rotation/0.7/, data/other/B1-rotation/0.8/, data/other/B1-rotation/0.9/, 
    data/other/B1-rotation/1.0/, data/other/B1-rotation/1.1/, data/other/B1-rotation/1.2/, 
    data/other/B1-rotation/1.3/, data/other/B1-rotation/1.4/, data/other/B1-rotation/1.5/, 
    data/other/B1-rotation/1.6/, data/other/B1-rotation/1.7/, data/other/B1-rotation/1.8/, 
    data/other/B1-rotation/1.9/, data/other/B1-rotation/2.0/, data/other/B1-rotation/2.1/, 
    data/other/B1-rotation/2.2/, data/artifact/asymptote/, 
There are 1849 data points in adiabatic representation
          0 data points in composite representation

maximum ground state energy = 0.254234
maximum ||ground state energy gradient||_infinity = 0.703726
so we suggest to set gradient / energy scaling to around 2.76803

The number of threads = 4

Thread 1:
* owns 463 adiabatic data points
* owns 0 composite data points
* owns 0 energy-only data points
* starts with Jacobian row 0
Thread 2:
* owns 462 adiabatic data points
* owns 0 composite data points
* owns 0 energy-only data points
* starts with Jacobian row 10533
Thread 3:
* owns 462 adiabatic data points
* owns 0 composite data points
* owns 0 energy-only data points
* starts with Jacobian row 23411
Thread 4:
* owns 462 adiabatic data points
* owns 0 composite data points
* owns 0 energy-only data points
* starts with Jacobian row 39636

The data set corresponds to 54996 least square equations
There are 2221 parameters to train

The initial residue = 30.9964
 
2022 year  2 month 28 day 19: 8:58
 Iteration           1 , residue   30.9964023789715     
 
2022 year  2 month 28 day 19: 9: 1
 Iteration           2 , residue   30.9964023789715     
 
2022 year  2 month 28 day 19: 9: 3
 Iteration           3 , residue   23.4748044320948     
 
2022 year  2 month 28 day 19: 9:11
 Iteration           4 , residue   13.9742354233287     
 
2022 year  2 month 28 day 19: 9:19
 Iteration           5 , residue   9.58271521317698     
 
2022 year  2 month 28 day 19: 9:27
 Iteration           6 , residue   9.58271521317698     
 
2022 year  2 month 28 day 19: 9:30
 Iteration           7 , residue   4.89045187379572     
 
2022 year  2 month 28 day 19: 9:38
 Iteration           8 , residue   3.83045489526919     
 
2022 year  2 month 28 day 19: 9:46
 Iteration           9 , residue   3.09305366787922     
 
2022 year  2 month 28 day 19: 9:54
 Iteration          10 , residue   2.14902698429463     
 
2022 year  2 month 28 day 19:10: 2
 Iteration          11 , residue  0.658816004600363     
 
2022 year  2 month 28 day 19:10:10
 Iteration          12 , residue  0.658816004600363     
 
2022 year  2 month 28 day 19:10:13
 Iteration          13 , residue  0.332394816511645     
 
2022 year  2 month 28 day 19:10:21
 Iteration          14 , residue  0.320181469700354     
 
2022 year  2 month 28 day 19:10:29
 Iteration          15 , residue  0.310936153254416     
 
2022 year  2 month 28 day 19:10:37
 Iteration          16 , residue  0.300562905466956     
 
2022 year  2 month 28 day 19:10:45
 Iteration          17 , residue  0.300562905466956     
 
2022 year  2 month 28 day 19:10:48
 Iteration          18 , residue  0.294076888967402     
 
2022 year  2 month 28 day 19:10:55
 Iteration          19 , residue  0.291740877010105     
 
2022 year  2 month 28 day 19:11: 3
 Iteration          20 , residue  0.290568026645321     
 
2022 year  2 month 28 day 19:11:11
 Iteration          21 , residue  0.289206448364422     
 
2022 year  2 month 28 day 19:11:19
 Iteration          22 , residue  0.288168537496728     
 
2022 year  2 month 28 day 19:11:27
 Iteration          23 , residue  0.287062418012667     
 
2022 year  2 month 28 day 19:11:35
 Iteration          24 , residue  0.286086907654500     
 
2022 year  2 month 28 day 19:11:43
 Iteration          25 , residue  0.285103738290276     
 
2022 year  2 month 28 day 19:11:51
 Iteration          26 , residue  0.284182489136544     
 
2022 year  2 month 28 day 19:11:59
 Iteration          27 , residue  0.283279069003482     
 
2022 year  2 month 28 day 19:12: 7
 Iteration          28 , residue  0.282413528116067     
 
2022 year  2 month 28 day 19:12:15
 Iteration          29 , residue  0.281572149634159     
 
2022 year  2 month 28 day 19:12:23
 Iteration          30 , residue  0.280758897804044     
 
2022 year  2 month 28 day 19:12:31
 Iteration          31 , residue  0.279968571170620     
 
2022 year  2 month 28 day 19:12:39
 Iteration          32 , residue  0.279200837144533     
 
2022 year  2 month 28 day 19:12:47
 Iteration          33 , residue  0.278453056225247     
 
2022 year  2 month 28 day 19:12:55
 Iteration          34 , residue  0.277724029391431     
 
2022 year  2 month 28 day 19:13: 3
 Iteration          35 , residue  0.277011965484890     
 
2022 year  2 month 28 day 19:13:11
 Iteration          36 , residue  0.276315442395886     
 
2022 year  2 month 28 day 19:13:19
 Iteration          37 , residue  0.275632685407329     
 
2022 year  2 month 28 day 19:13:27
 Iteration          38 , residue  0.274961633128410     
 
2022 year  2 month 28 day 19:13:35
 Iteration          39 , residue  0.274299278859180     
 
2022 year  2 month 28 day 19:13:43
 Iteration          40 , residue  0.273640766977862     
 
2022 year  2 month 28 day 19:13:51
 Iteration          41 , residue  0.272977371356667     
 
2022 year  2 month 28 day 19:13:59
 Iteration          42 , residue  0.272294824474971     
 
2022 year  2 month 28 day 19:14: 7
 Iteration          43 , residue  0.271588293065739     
 
2022 year  2 month 28 day 19:14:15
 Iteration          44 , residue  0.270908959790222     
 
2022 year  2 month 28 day 19:14:23
 Iteration          45 , residue  0.270293985105685     
 
2022 year  2 month 28 day 19:14:30
 Iteration          46 , residue  0.269709602816151     
 
2022 year  2 month 28 day 19:14:38
 Iteration          47 , residue  0.269129106040339     
 
2022 year  2 month 28 day 19:14:46
 Iteration          48 , residue  0.268553720395896     
 
2022 year  2 month 28 day 19:14:54
 Iteration          49 , residue  0.267986139054354     
 
2022 year  2 month 28 day 19:15: 2
 Iteration          50 , residue  0.267427106824349     
 
2022 year  2 month 28 day 19:15:10
 Iteration          51 , residue  0.266876856063802     
 
2022 year  2 month 28 day 19:15:18
 Iteration          52 , residue  0.266335344193804     
 
2022 year  2 month 28 day 19:15:26
 Iteration          53 , residue  0.265802563170582     
 
2022 year  2 month 28 day 19:15:34
 Iteration          54 , residue  0.265278417419158     
 
2022 year  2 month 28 day 19:15:42
 Iteration          55 , residue  0.264762782898509     
 
2022 year  2 month 28 day 19:15:50
 Iteration          56 , residue  0.264255532730253     
 
2022 year  2 month 28 day 19:15:58
 Iteration          57 , residue  0.263756436566760     
 
2022 year  2 month 28 day 19:16: 6
 Iteration          58 , residue  0.263265262199415     
 
2022 year  2 month 28 day 19:16:14
 Iteration          59 , residue  0.262781562567204     
 
2022 year  2 month 28 day 19:16:22
 Iteration          60 , residue  0.262304989014180     
 
2022 year  2 month 28 day 19:16:30
 Iteration          61 , residue  0.261835000292225     
 
2022 year  2 month 28 day 19:16:38
 Iteration          62 , residue  0.261371121113669     
 
2022 year  2 month 28 day 19:16:46
 Iteration          63 , residue  0.260912077311769     
 
2022 year  2 month 28 day 19:16:54
 Iteration          64 , residue  0.260457492929150     
 
2022 year  2 month 28 day 19:17: 2
 Iteration          65 , residue  0.260006247618529     
 
2022 year  2 month 28 day 19:17:10
 Iteration          66 , residue  0.259557338616733     
 
2022 year  2 month 28 day 19:17:18
 Iteration          67 , residue  0.259110209160815     
 
2022 year  2 month 28 day 19:17:26
 Iteration          68 , residue  0.258662953037006     
 
2022 year  2 month 28 day 19:17:34
 Iteration          69 , residue  0.258215959782201     
 
2022 year  2 month 28 day 19:17:42
 Iteration          70 , residue  0.257768502281553     
 
2022 year  2 month 28 day 19:17:50
 Iteration          71 , residue  0.257320156287466     
 
2022 year  2 month 28 day 19:17:58
 Iteration          72 , residue  0.256870408862803     
 
2022 year  2 month 28 day 19:18: 6
 Iteration          73 , residue  0.256418084465131     
 
2022 year  2 month 28 day 19:18:14
 Iteration          74 , residue  0.255963046926130     
 
2022 year  2 month 28 day 19:18:22
 Iteration          75 , residue  0.255504982018798     
 
2022 year  2 month 28 day 19:18:30
 Iteration          76 , residue  0.255044587508664     
 
2022 year  2 month 28 day 19:18:38
 Iteration          77 , residue  0.254582761490933     
 
2022 year  2 month 28 day 19:18:46
 Iteration          78 , residue  0.254121285517758     
 
2022 year  2 month 28 day 19:18:54
 Iteration          79 , residue  0.253661598852568     
 
2022 year  2 month 28 day 19:19: 2
 Iteration          80 , residue  0.253205813674145     
 
2022 year  2 month 28 day 19:19:10
 Iteration          81 , residue  0.252755576124305     
 
2022 year  2 month 28 day 19:19:18
 Iteration          82 , residue  0.252312244952383     
 
2022 year  2 month 28 day 19:19:26
 Iteration          83 , residue  0.251876885206198     
 
2022 year  2 month 28 day 19:19:34
 Iteration          84 , residue  0.251449981219278     
 
2022 year  2 month 28 day 19:19:42
 Iteration          85 , residue  0.251031554861173     
 
2022 year  2 month 28 day 19:19:50
 Iteration          86 , residue  0.250621207729152     
 
2022 year  2 month 28 day 19:19:58
 Iteration          87 , residue  0.250218223160404     
 
2022 year  2 month 28 day 19:20: 6
 Iteration          88 , residue  0.249821674855565     
 
2022 year  2 month 28 day 19:20:14
 Iteration          89 , residue  0.249431539607806     
 
2022 year  2 month 28 day 19:20:22
 Iteration          90 , residue  0.249044564407219     
 
2022 year  2 month 28 day 19:20:30
 Iteration          91 , residue  0.248660906457648     
 
2022 year  2 month 28 day 19:20:38
 Iteration          92 , residue  0.248279501220595     
 
2022 year  2 month 28 day 19:20:45
 Iteration          93 , residue  0.247899502959943     
 
2022 year  2 month 28 day 19:20:53
 Iteration          94 , residue  0.247520148554554     
 
2022 year  2 month 28 day 19:21: 1
 Iteration          95 , residue  0.247140942021533     
 
2022 year  2 month 28 day 19:21: 9
 Iteration          96 , residue  0.246761690527044     
 
2022 year  2 month 28 day 19:21:17
 Iteration          97 , residue  0.246382258683478     
 
2022 year  2 month 28 day 19:21:25
 Iteration          98 , residue  0.246003562698629     
 
2022 year  2 month 28 day 19:21:33
 Iteration          99 , residue  0.245624965213017     
 
2022 year  2 month 28 day 19:21:40
 Iteration         100 , residue  0.245246448344368     
 
2022 year  2 month 28 day 19:21:48
 Iteration         101 , residue  0.244867727728137     
 
2022 year  2 month 28 day 19:21:56
 Iteration         102 , residue  0.244488556004972     
 
2022 year  2 month 28 day 19:22: 4
 Iteration         103 , residue  0.244108715267797     
 
2022 year  2 month 28 day 19:22:12
 Iteration         104 , residue  0.243728105093762     
 
2022 year  2 month 28 day 19:22:19
 Iteration         105 , residue  0.243346661683252     
 Failed trust region: max iteration exceeded!
 Final residual =   0.243346661683252     
The final residue = 0.243347

Mon Feb 28 19:22:20 2022
Mission success
