Root mean square deviation analyzer for diabatz
Yifan Shen 2021

Echo of user command line input:
/home-4/yshen57@jhu.edu/Software/Mine/diabatz/tools/RMSD/v0/RMSD.exe -d default IntCoordDef SAS.in Hd.in Hd.net 11.in 12.in 13.in 14.in 22.in 23.in 24.in 33.in 34.in 44.in -s sad-B1/ -z -286.1075216397

Wed Jun 16 17:00:36 2021

Root mean square deviation of energy:
State 1 = 0.000249492
State 2 = 0.00290761
State 3 = 0.00215879
State 4 = 0.00603177
Root mean square deviation of energy gradient:
State 1 = 0.000547039
State 2 = 0.000179664
State 3 = 0.000734398
State 4 = 0.00330417
Root mean square deviation of interstate coupling:
State 1-2 = 0.000747055
State 1-3 = 0.00242258
State 1-4 = 0.00899056
State 2-3 = 0.000416556
State 2-4 = 0.0121082
State 3-4 = 0.00295041

Wed Jun 16 17:00:52 2021
Mission success
