 Trust region warning: step length has converged, but residual has not met accur
 acy goal
 Final residual =   1.881958586745116E-009
 Trust region warning: step length has converged, but residual has not met accur
 acy goal
 Final residual =   3.189615875600706E-008
 Trust region warning: step length has converged, but residual has not met accur
 acy goal
 Final residual =   1.245544333722508E-008
 Trust region warning: step length has converged, but residual has not met accur
 acy goal
 Final residual =   1.228373341807293E-008
 Trust region warning: step length has converged, but residual has not met accur
 acy goal
 Final residual =   1.391159730655793E-008
 Trust region warning: step length has converged, but residual has not met accur
 acy goal
 Final residual =   1.710816175528342E-009
 Trust region warning: step length has converged, but residual has not met accur
 acy goal
 Final residual =   1.025565472628561E-008
 Trust region warning: step length has converged, but residual has not met accur
 acy goal
 Final residual =   5.221968439076657E-009
 Trust region warning: step length has converged, but residual has not met accur
 acy goal
 Final residual =   1.989820780920321E-008
 Trust region warning: step length has converged, but residual has not met accur
 acy goal
 Final residual =   4.654795914988272E-009
 Failed trust region: max iteration exceeded!
 Final residual =   1.149206687087966E-009
 Trust region warning: step length has converged, but residual has not met accur
 acy goal
 Final residual =   1.006833178178379E-008
 Trust region warning: step length has converged, but residual has not met accur
 acy goal
 Final residual =   9.608668700719570E-009
 Trust region warning: step length has converged, but residual has not met accur
 acy goal
 Final residual =   1.056272198345626E-008
 Failed trust region: max iteration exceeded!
 Final residual =   2.323525316584201E-009
 Trust region warning: step length has converged, but residual has not met accur
 acy goal
 Final residual =   1.459149699852607E-008
 Trust region warning: step length has converged, but residual has not met accur
 acy goal
 Final residual =   3.478227731271226E-009
 Trust region warning: step length has converged, but residual has not met accur
 acy goal
 Final residual =   8.647390993567175E-009
 Trust region warning: step length has converged, but residual has not met accur
 acy goal
 Final residual =   2.021900785330854E-008
 Trust region warning: step length has converged, but residual has not met accur
 acy goal
 Final residual =   8.172602820628212E-009
 Trust region warning: step length has converged, but residual has not met accur
 acy goal
 Final residual =   1.203259885391641E-008
 Trust region warning: step length has converged, but residual has not met accur
 acy goal
 Final residual =   3.075368429125590E-009
 Trust region warning: step length has converged, but residual has not met accur
 acy goal
 Final residual =   8.603189426508118E-009
 Trust region warning: step length has converged, but residual has not met accur
 acy goal
 Final residual =   1.166951941465430E-008
 Failed trust region: max iteration exceeded!
 Final residual =   1.429485407667706E-008
 Trust region warning: step length has converged, but residual has not met accur
 acy goal
 Final residual =   1.307978638622592E-008
 Trust region warning: step length has converged, but residual has not met accur
 acy goal
 Final residual =   2.566842250433847E-009
 Trust region warning: step length has converged, but residual has not met accur
 acy goal
 Final residual =   1.863008675083713E-009
 Trust region warning: step length has converged, but residual has not met accur
 acy goal
 Final residual =   1.900951962099347E-009
 Trust region warning: step length has converged, but residual has not met accur
 acy goal
 Final residual =   4.124426089787243E-009
 Trust region warning: step length has converged, but residual has not met accur
 acy goal
 Final residual =   1.104288683937811E-008
 Trust region warning: step length has converged, but residual has not met accur
 acy goal
 Final residual =   3.705387578037070E-009
 Trust region warning: step length has converged, but residual has not met accur
 acy goal
 Final residual =   6.339249601083303E-009
 Trust region warning: step length has converged, but residual has not met accur
 acy goal
 Final residual =   1.153821016326951E-008
 Failed trust region: max iteration exceeded!
 Final residual =   6.797845341788048E-009
 Trust region warning: step length has converged, but residual has not met accur
 acy goal
 Final residual =   1.151368557088881E-008
 Trust region warning: step length has converged, but residual has not met accur
 acy goal
 Final residual =   1.099450815069845E-008
 Trust region warning: step length has converged, but residual has not met accur
 acy goal
 Final residual =   1.558190200506307E-008
 Trust region warning: step length has converged, but residual has not met accur
 acy goal
 Final residual =   1.323392392848331E-009
 Trust region warning: step length has converged, but residual has not met accur
 acy goal
 Final residual =   4.362791654952177E-009
 Trust region warning: step length has converged, but residual has not met accur
 acy goal
 Final residual =   3.733428247997683E-009
 Trust region warning: step length has converged, but residual has not met accur
 acy goal
 Final residual =   9.181058073474680E-009
 Trust region warning: step length has converged, but residual has not met accur
 acy goal
 Final residual =   8.232906797998408E-009
 Trust region warning: step length has converged, but residual has not met accur
 acy goal
 Final residual =   1.072753721516916E-008
 Trust region warning: step length has converged, but residual has not met accur
 acy goal
 Final residual =   1.188742209214931E-009
 Trust region warning: step length has converged, but residual has not met accur
 acy goal
 Final residual =   1.135114480812612E-009
 Trust region warning: step length has converged, but residual has not met accur
 acy goal
 Final residual =   1.453237778463366E-008
 Trust region warning: step length has converged, but residual has not met accur
 acy goal
 Final residual =   1.359100771854915E-008
 Trust region warning: step length has converged, but residual has not met accur
 acy goal
 Final residual =   1.141978384380738E-008
 Failed trust region: max iteration exceeded!
 Final residual =   1.704868807941658E-008
 Trust region warning: step length has converged, but residual has not met accur
 acy goal
 Final residual =   1.127899250968768E-008
 Failed trust region: max iteration exceeded!
 Final residual =   5.059159816317333E-009
 Trust region warning: step length has converged, but residual has not met accur
 acy goal
 Final residual =   8.999499105181513E-009
 Trust region warning: step length has converged, but residual has not met accur
 acy goal
 Final residual =   9.617691268442884E-009
 Failed trust region: max iteration exceeded!
 Final residual =   7.429735304766517E-010
 Trust region warning: step length has converged, but residual has not met accur
 acy goal
 Final residual =   8.219839595839416E-009
 Trust region warning: step length has converged, but residual has not met accur
 acy goal
 Final residual =   4.905294729782489E-009
 Trust region warning: step length has converged, but residual has not met accur
 acy goal
 Final residual =   1.053671212772371E-008
 Trust region warning: step length has converged, but residual has not met accur
 acy goal
 Final residual =   1.002530245006993E-008
 Trust region warning: step length has converged, but residual has not met accur
 acy goal
 Final residual =   6.099901403272550E-009
 Trust region warning: step length has converged, but residual has not met accur
 acy goal
 Final residual =   1.721555013359913E-008
 Trust region warning: step length has converged, but residual has not met accur
 acy goal
 Final residual =   2.183558460959974E-008
 Trust region warning: step length has converged, but residual has not met accur
 acy goal
 Final residual =   1.077614359904813E-009
 Failed trust region: max iteration exceeded!
 Final residual =   6.161704431411137E-009
 Failed trust region: max iteration exceeded!
 Final residual =   6.161704431411137E-009
Critics: a critical geometry searcher
Yifan Shen 2021

Echo of user command line input:
/home/yshen/Software/Mine/diabatz/tools/critics/v1/critics.exe -j min -f default -i opt.IntCoordDef -t 3 -d default IntCoordDef SAS.in pretrain-Hd.in pretrain-Hd.net pretrain-11.in pretrain-12.in pretrain-13.in pretrain-14.in pretrain-22.in pretrain-23.in pretrain-24.in pretrain-33.in pretrain-34.in pretrain-44.in default IntCoordDef SAS.in Hd.in Hd.net 11.in 12.in 13.in 14.in 22.in 23.in 24.in 33.in 34.in 44.in -x B1rot-sad.xyz -c 14 15 16 17 18 19 20 21 22 23 24 25 26 27 28 29 30 31 32 33 34 35 36 -o sad.xyz -a

Thu Dec  8 20:57:09 2022

Job type: min
The target electronic state is 3

Thu Dec  8 21:01:11 2022
Mission success
