     -285.508864596279977
     -285.620324266930481
     -285.731371342884984
     -285.668664347795811
     -285.779096785430170
     -285.825938261881390
     -285.678881340888722
     -285.790193804197202
     -285.836971124533818
     -285.848038702432405
     -285.672465577891728
     -285.785076892207371
     -285.832447942918066
     -285.843795310977782
     -285.839569777224654
     -285.656642622374591
     -285.772445411233207
     -285.821553896154683
     -285.833748879545055
     -285.829471992512538
     -285.818865672662469
     -285.639489999116961
     -285.759657594498037
     -285.811342886232069
     -285.824855245578078
     -285.820480962877753
     -285.808997057075374
     -285.797589521332043
     -285.624342288353830
     -285.749748613577083
     -285.804658773673282
     -285.819910991422603
     -285.815455229676957
     -285.802918635629055
     -285.789596813624485
     -285.779170793438198
     -285.612032854872155
     -285.743247730343455
     -285.801839662086934
     -285.819209785399948
     -285.814752255079327
     -285.801185085426823
     -285.785862366776314
     -285.772827148105762
     -285.763624228775029
     -285.601836356952674
     -285.739156059510549
     -285.801715051546580
     -285.821539009047342
     -285.817214428847194
     -285.802810615403530
     -285.785652586935441
     -285.770131794225392
     -285.758131364188728
     -285.749822095699983
     -285.592439377779101
     -285.735931185589891
     -285.802595219320324
     -285.825159003441286
     -285.821137036378275
     -285.806211352983212
     -285.787566876450967
     -285.769905091371754
     -285.755401655288608
     -285.744478648928919
     -285.736604075711682
     -285.582730730866786
     -285.732280131484060
     -285.803063291936780
     -285.828587509803128
     -285.825046601298936
     -285.809970972114684
     -285.790287970571399
     -285.770956207535335
     -285.754383443077757
     -285.741188436429184
     -285.730994570964015
     -285.723131746990703
     -285.572217568371343
     -285.727572749775391
     -285.802386717883110
     -285.831010671479305
     -285.828112587834937
     -285.813254601560004
     -285.792999142826716
     -285.772504344471201
     -285.754345883528003
     -285.739281521450209
     -285.727049322403445
     -285.717073848053985
     -285.708906615552905
     -285.561042780127480
     -285.721854219404577
     -285.800528462995942
     -285.832300325410301
     -285.830170800298276
     -285.815845853839221
     -285.795438450557185
     -285.774251791546760
     -285.754970145319191
     -285.738437254973007
     -285.724467989858510
     -285.712563103502987
     -285.702352130547808
     -285.693716971109438
     -285.549744546458953
     -285.715599023957282
     -285.797900297324418
     -285.832776822271740
     -285.831494979307365
     -285.817937580485875
     -285.797713362280945
     -285.776224378391987
     -285.756214507141237
     -285.738570003289681
     -285.723151044246094
     -285.709518102472316
     -285.697376783805510
     -285.686695848418594
     -285.677601870420403
     -285.538953142335401
     -285.709402135419737
     -285.795053305825832
     -285.832909078142222
     -285.832505605614301
     -285.819859752991988
     -285.800052378813689
     -285.778548751280141
     -285.758116086258610
     -285.739651307451936
     -285.723036345028504
     -285.707877868065225
     -285.693953649990760
     -285.681323032517071
     -285.670209548605726
     -285.660819100632239
     -285.529166901973383
     -285.703749557799028
     -285.792447242032267
     -285.833091041430293
     -285.833553246366307
     -285.821877991750910
     -285.802622589873920
     -285.781290582865267
     -285.760648819810967
     -285.741584491494223
     -285.723985628703133
     -285.707494741162691
     -285.691956386276161
     -285.677519133935732
     -285.664504927341625
     -285.653213919148698
     -285.643788173862049
     -285.520656269413166
     -285.698917283978574
     -285.790347554770847
     -285.833542353222470
     -285.834823421940655
     -285.824108072234765
     -285.805456515414733
     -285.784394975965256
     -285.763677018323449
     -285.744169476666002
     -285.725757643944405
     -285.708112397658056
     -285.691138731308172
     -285.675069141828999
     -285.660319740841828
     -285.647281774547139
     -285.636175054347916
     -285.627005439529228
     -285.513473332725198
     -285.694976173400107
     -285.788827683206080
     -285.834310916885272
     -285.836340773025086
     -285.826524304170903
     -285.808466256311647
     -285.787707214839202
     -285.766982757088101
     -285.747136147388971
     -285.728046316245695
     -285.709407372137036
     -285.691177923424959
     -285.673666434865481
     -285.657374992868029
     -285.642778423307675
     -285.630168140243200
     -285.619604090802454
     -285.610952396923324
     -285.507516235842729
     -285.691852248994792
     -285.787826397407628
     -285.835327981484738
     -285.838023714696078
     -285.829014143693428
     -285.811498704828182
     -285.791029069075478
     -285.770323650683281
     -285.750203877077467
     -285.730542222414556
     -285.711052602311156
     -285.691740364995781
     -285.672980549789600
     -285.655350756357109
     -285.639399318943049
     -285.625480696510294
     -285.613702521789435
     -285.603961806114114
     -285.596022606873078
     -285.502603599649206
     -285.689397625329093
     -285.787215729162654
     -285.836472353655438
     -285.839746957687339
     -285.831437969193757
     -285.814392588809426
     -285.794173356475710
     -285.773485501759808
     -285.753133126659293
     -285.732984196287362
     -285.712770147542244
     -285.692536463237161
     -285.672714947553970
     -285.653947400963602
     -285.636844559478732
     -285.621814350372063
     -285.609004818414633
     -285.598339131376463
     -285.589594290273283
     -285.582481791072269
     -285.498533490199691
     -285.687446643933868
     -285.786854354872389
     -285.837619580407136
     -285.841388450414854
     -285.833672020814845
     -285.817017073633565
     -285.796998299889481
     -285.776313035143232
     -285.755753666719897
     -285.735186479743049
     -285.714358822363465
     -285.693350198481653
     -285.672639702338415
     -285.652922229386775
     -285.634859916588312
     -285.618904612540518
     -285.605237475056299
     -285.593803032285336
     -285.584388775679770
     -285.576707807368223
     -285.570461444160514
     -285.495119464923221
     -285.685849736540888
     -285.786619140154642
     -285.838669533362918
     -285.842854705873663
     -285.835629560428799
     -285.819288286943390
     -285.799419421175116
     -285.778717740070817
     -285.757969474290178
     -285.737042139963080
     -285.715697731895489
     -285.694044282945470
     -285.672599523417318
     -285.652101237940656
     -285.633252821756400
     -285.616541221139812
     -285.602173943999162
     -285.590112418327067
     -285.580152324527830
     -285.572007849842976
     -285.565376238191504
     -285.559976702817096
     -285.492206820414196
     -285.684488087579894
     -285.786418001937136
     -285.839555972164646
     -285.844088417044475
     -285.837264832201129
     -285.821169163105822
     -285.801405234764729
     -285.780669891646710
     -285.759748031295544
     -285.738510916156372
     -285.716734059737917
     -285.694549207076989
     -285.672505149422591
     -285.651373633074570
     -285.631890441871860
     -285.614569904506084
     -285.599639965594577
     -285.587075052239129
     -285.576677020176078
     -285.568160684258430
     -285.561219898565128
     -285.555567951041610
     -285.550956341342498
     -285.475420065916410
     -285.674592349807426
     -285.781667390158361
     -285.839537727294271
     -285.845514214405227
     -285.840243609037827
     -285.824943540697689
     -285.805342966112221
     -285.784219749383510
     -285.762419586836756
     -285.739875883380648
     -285.716440285666692
     -285.692336841467011
     -285.668216861673386
     -285.644954835905082
     -285.623379414386989
     -285.604080373904537
     -285.587339830846133
     -285.573164799016865
     -285.561370497812163
     -285.551669786424441
     -285.543743657636924
     -285.537285798707217
     -285.532024844561079
     -285.511016584286779
     -285.468761626431046
     -285.669125761436305
     -285.777120149127256
     -285.835887090848416
     -285.842157023916798
     -285.837228436879400
     -285.822143337074806
     -285.802657417414878
     -285.781571598437552
     -285.759751155077367
     -285.737145945481245
     -285.713621312575071
     -285.689412550519421
     -285.665180001540648
     -285.641805163306856
     -285.620121857574532
     -285.600723404179348
     -285.583894070855081
     -285.569641888149135
     -285.557782218024784
     -285.548027433552249
     -285.540057628713214
     -285.533565357272039
     -285.528278023395444
     -285.507227378824382
     -285.503472413661541
     -285.466670819427804
     -285.667245093277529
     -285.775411825162621
     -285.834368508619661
     -285.840710645006880
     -285.835880914812549
     -285.820877671533879
     -285.801459284488431
     -285.780429033285088
     -285.758654273858667
     -285.736086678076390
     -285.712593142195260
     -285.688410265197660
     -285.664199464097919
     -285.640843105037050
     -285.619175698675633
     -285.599791101797791
     -285.582973993863675
     -285.568732716541831
     -285.556882864060185
     -285.547136981431777
     -285.539175289552702
     -285.532690436318319
     -285.527409896766130
     -285.506401698402328
     -285.502661311388010
     -285.501854312463365
R^2 = 0.928102292117802
