     -285.519096350754523
     -285.632587591995105
     -285.740484842769547
     -285.682312997439681
     -285.788264490916390
     -285.835363410863010
     -285.691118636628914
     -285.799657348711094
     -285.848072727479973
     -285.861716636138112
     -285.683532267513556
     -285.794997810734344
     -285.844897381707767
     -285.858998440602761
     -285.856134457796884
     -285.666220056317741
     -285.784205640050686
     -285.837577400759926
     -285.852845329100489
     -285.849589382057729
     -285.841779044134398
     -285.648143293535156
     -285.774482472619411
     -285.832562728903554
     -285.849783851440066
     -285.846170896618730
     -285.836770961009449
     -285.829446902807831
     -285.632022179817284
     -285.767997288727429
     -285.831765295452385
     -285.851772581769808
     -285.847980987010772
     -285.837009449075026
     -285.827081132499814
     -285.821568125413137
     -285.618065218324773
     -285.764415047056445
     -285.834521097038134
     -285.858005182061220
     -285.854251709332345
     -285.841898602588230
     -285.829357089856273
     -285.820504686930860
     -285.815762447626923
     -285.605350227640031
     -285.762332926336114
     -285.839098690184244
     -285.866530029782552
     -285.863013661571131
     -285.849537844310703
     -285.834544286619348
     -285.822404189557517
     -285.813930297142235
     -285.808222661515003
     -285.592759935111758
     -285.760249004308264
     -285.843716608088982
     -285.875347616322586
     -285.872229715742264
     -285.857906624925931
     -285.840721754186518
     -285.825508768162763
     -285.813453218572874
     -285.803945766141226
     -285.795868302326426
     -285.579568529336484
     -285.757154844906893
     -285.847153020245628
     -285.883054434114683
     -285.880455826509490
     -285.865550290605086
     -285.846484491399735
     -285.828511339180693
     -285.813154888025167
     -285.800071492767529
     -285.788345498985109
     -285.777249658426513
     -285.565677406094778
     -285.752760613058797
     -285.848968002383970
     -285.889070876724645
     -285.887074047166550
     -285.871823113030416
     -285.851197605682160
     -285.830821001409845
     -285.812513934745084
     -285.796165550636829
     -285.781040571963274
     -285.766549330980354
     -285.752559506667978
     -285.551522485715736
     -285.747385599112704
     -285.849383514127680
     -285.893516087391049
     -285.892168396393060
     -285.876769658887497
     -285.854887060676390
     -285.832465648472066
     -285.811579335050510
     -285.792315122385389
     -285.774093561467851
     -285.756449156849953
     -285.739348768147920
     -285.723147978300744
     -285.537787681988277
     -285.741654707180089
     -285.848968389745835
     -285.896886321086072
     -285.896203809385497
     -285.880809178208608
     -285.857934174796981
     -285.833799635808816
     -285.810692325828200
     -285.788864219913421
     -285.767867900528870
     -285.747347804225967
     -285.727364474558442
     -285.708352805506593
     -285.690883412505116
     -285.525105879668445
     -285.736184627651596
     -285.848314523748229
     -285.899725784272732
     -285.899697903784386
     -285.884413056978985
     -285.860763120929619
     -285.835204133743446
     -285.810200509491210
     -285.786140628387784
     -285.762687918516178
     -285.739582992746989
     -285.716973014384735
     -285.695370458761147
     -285.675412500791197
     -285.657608406510690
     -285.513873532962805
     -285.731386318755256
     -285.847831267508013
     -285.902416923677720
     -285.903012179319944
     -285.887900912853013
     -285.863645459968893
     -285.836902368086157
     -285.810284531815739
     -285.784293298091143
     -285.758685128063632
     -285.733284244656318
     -285.708316452291854
     -285.684367547730290
     -285.662139774830450
     -285.642195842597403
     -285.624812884404150
     -285.504208694167744
     -285.727413408812026
     -285.847687367548929
     -285.905118825968998
     -285.906290873386411
     -285.891382697817448
     -285.866648079494269
     -285.838915095539448
     -285.810921740886556
     -285.783263842928591
     -285.755776466709847
     -285.728356339195557
     -285.701299543190487
     -285.675259126755066
     -285.650998261547556
     -285.629130573958548
     -285.609971466988611
     -285.593526169868937
     -285.496011245718648
     -285.724214914723234
     -285.847858489166242
     -285.907811324519059
     -285.909504889104142
     -285.894803991720153
     -285.869681565366420
     -285.841113257624670
     -285.811943740435765
     -285.782849059092712
     -285.753731417559720
     -285.724550402194097
     -285.695664042876103
     -285.667785487610502
     -285.641732936848598
     -285.618166406713783
     -285.597436471251058
     -285.579571302391912
     -285.564358762382426
     -285.489062173645209
     -285.721628747047475
     -285.848216542459113
     -285.910380932713622
     -285.912536990870990
     -285.898030968185708
     -285.872585950282371
     -285.843305323766344
     -285.813125922897257
     -285.782793038826640
     -285.752266919398437
     -285.721561687865801
     -285.691089329135252
     -285.661615507869158
     -285.634006633023944
     -285.608963449911187
     -285.586867483330934
     -285.567767163392034
     -285.551460360983810
     -285.537609795834726
     -285.483113029469109
     -285.719466835772266
     -285.848611488061806
     -285.912699405611079
     -285.915259281536464
     -285.900926586768207
     -285.875206133715437
     -285.845312461511469
     -285.814262944213795
     -285.782863530291706
     -285.751125187235630
     -285.719109384581088
     -285.687274619563482
     -285.656431575741124
     -285.627487819175769
     -285.601178759075594
     -285.577912188709831
     -285.557753672651302
     -285.540509484689721
     -285.525843264785692
     -285.513377954846987
     -285.477943189112523
     -285.717569223461339
     -285.848922864733765
     -285.914672362489171
     -285.917580628915630
     -285.903396240031100
     -285.877435943944363
     -285.847011334188721
     -285.815210744096078
     -285.782893818267780
     -285.750116180200109
     -285.716980398772307
     -285.683984716144380
     -285.651977790479350
     -285.621901568862427
     -285.594520195852567
     -285.570263083673410
     -285.549209765628746
     -285.531173219683637
     -285.515817591211828
     -285.502761559199257
     -285.491645603104416
     -285.473383983635188
     -285.715825977339705
     -285.849079801468122
     -285.916256885220946
     -285.919463144609551
     -285.905402404098368
     -285.879230976787539
     -285.848345314417941
     -285.815896534523858
     -285.782792082624951
     -285.749127049506001
     -285.715039639559393
     -285.681061805525133
     -285.648073815932491
     -285.617045823215960
     -285.588765269027931
     -285.563678894268548
     -285.541877257797353
     -285.523178438178775
     -285.507246659240195
     -285.493696835347805
     -285.482163066538135
     -285.472330815416456
     -285.469319482415358
     -285.714176507346963
     -285.849059009651228
     -285.917457659515208
     -285.920917397052222
     -285.906958257344286
     -285.880600554573562
     -285.849314884492742
     -285.816307947532721
     -285.782529786351290
     -285.748110382292566
     -285.713218768944898
     -285.678415314532458
     -285.644606322388654
     -285.612784745298029
     -285.583756565438819
     -285.557982101656933
     -285.535560366484901
     -285.516313138801536
     -285.499904349327664
     -285.485945585037882
     -285.474065569356696
     -285.463943225239120
     -285.455314711270489
     -285.446685042627905
     -285.702601894364022
     -285.844937237129727
     -285.918933453097679
     -285.923556527909511
     -285.910065079872993
     -285.882861995825863
     -285.849776999246387
     -285.814297626588598
     -285.777593336338327
     -285.739968815170357
     -285.701735914073936
     -285.663573659450151
     -285.626486265362473
     -285.591544679284823
     -285.559612980006932
     -285.531190135391284
     -285.506395811791435
     -285.485056907444005
     -285.466830077333668
     -285.451310611939732
     -285.438105126088317
     -285.426867386601657
     -285.417307529210518
     -285.375614231076497
     -285.441151361233096
     -285.699169631922018
     -285.842936512662561
     -285.918067667322362
     -285.922964338244583
     -285.909667642778231
     -285.882433407437645
     -285.849156993132794
     -285.813378310103190
     -285.776307863956106
     -285.738281887961534
     -285.699635936083155
     -285.661066343079995
     -285.623589472886351
     -285.588284307023798
     -285.556019720685242
     -285.527296981605332
     -285.502236184384230
     -285.480663306747317
     -285.462233164958832
     -285.446538638735092
     -285.433183629892198
     -285.421819092358362
     -285.412152393833424
     -285.370020743646023
     -285.364373177900688
     -285.439974049830880
     -285.698401716747981
     -285.842452573365392
     -285.917826320007975
     -285.922792083265790
     -285.909565280169147
     -285.882363713999666
     -285.849093525077649
     -285.813302894418712
     -285.776208619477302
     -285.738151656765979
     -285.699471041878951
     -285.660865614416309
     -285.623353482206710
     -285.588014785539883
     -285.555719115705756
     -285.526968128287876
     -285.501882068372709
     -285.480286898030045
     -285.461837306676159
     -285.446125977612724
     -285.432756577543614
     -285.421379808889355
     -285.411702787041520
     -285.369528881608005
     -285.363876424356192
     -285.363379348584601
R^2 = 0.6254505368092514
