Diabatz version 1.3.0
Yifan Shen 2021

Echo of user command line input:
/home/yshen57/Software/Mine/diabatz/v1.3.0/diabatz.exe --pretrained default IntCoordDef SAS.in pretrained_Hd.in pretrained_Hd.net pretrained_11.in -f default -i IntCoordDef -s SAS.in -n Hd.in -l 11.in -d data/critical/list.txt data/fast/list.txt data/slow/list.txt data/linear-path/list.txt data/other/A1-rotation/list.txt data/other/B1-rotation/list.txt data/artifact/asymptote/ -z -286.1075216397

Mon Feb 28 19:02:02 2022

The data set will be read from: 
    data/critical/min-A1/, data/critical/sad-A1/, data/critical/min-B1/, 
    data/critical/sad-B1/, data/critical/min-B2/, data/critical/sad-B2/, data/critical/min-A2/, 
    data/critical/sad-A2/, data/critical/mex-B1-B2/, data/critical/mex-B2-A2/, data/fast/0.7/, 
    data/fast/0.8/, data/fast/0.9/, data/fast/1.1/, data/fast/1.2/, data/fast/1.4/, 
    data/fast/1.5/, data/fast/1.6/, data/fast/1.7/, data/fast/1.9/, data/fast/2.0/, 
    data/fast/2.1/, data/fast/2.2/, data/fast/2.3/, data/fast/2.4/, data/fast/2.5/, 
    data/fast/2.6/, data/fast/2.7/, data/fast/2.8/, data/fast/2.9/, data/fast/3/, 
    data/fast/4/, data/fast/5/, data/fast/6/, data/fast/6_partial-loop/, data/slow/0.7/, 
    data/slow/0.8/, data/slow/0.9/, data/slow/1.1/, data/slow/1.2/, data/slow/1.3/, 
    data/slow/1.4/, data/slow/1.5/, data/slow/1.6/, data/slow/1.7/, 
    data/linear-path/min-B1_min-B2/, data/linear-path/1.1-fast-slow/, data/linear-path/1.2-fast-slow/, 
    data/linear-path/1.3-fast-slow/, data/linear-path/1.4-fast-slow/, data/linear-path/1.5-fast-slow/, 
    data/linear-path/1.6-fast-slow/, data/linear-path/1.7-fast-slow/, data/other/A1-rotation/0.1/, 
    data/other/A1-rotation/0.2/, data/other/A1-rotation/0.3/, data/other/A1-rotation/0.4/, 
    data/other/A1-rotation/0.5/, data/other/A1-rotation/0.6/, data/other/A1-rotation/0.7/, 
    data/other/A1-rotation/0.8/, data/other/A1-rotation/0.9/, data/other/A1-rotation/1.0/, 
    data/other/A1-rotation/1.1/, data/other/A1-rotation/1.2/, data/other/A1-rotation/1.3/, 
    data/other/A1-rotation/1.4/, data/other/A1-rotation/1.5/, data/other/A1-rotation/1.6/, 
    data/other/A1-rotation/1.7/, data/other/A1-rotation/1.8/, data/other/A1-rotation/1.9/, 
    data/other/A1-rotation/2.0/, data/other/A1-rotation/2.1/, data/other/A1-rotation/2.2/, 
    data/other/B1-rotation/0.1/, data/other/B1-rotation/0.2/, data/other/B1-rotation/0.3/, 
    data/other/B1-rotation/0.4/, data/other/B1-rotation/0.5/, data/other/B1-rotation/0.6/, 
    data/other/B1-rotation/0.7/, data/other/B1-rotation/0.8/, data/other/B1-rotation/0.9/, 
    data/other/B1-rotation/1.0/, data/other/B1-rotation/1.1/, data/other/B1-rotation/1.2/, 
    data/other/B1-rotation/1.3/, data/other/B1-rotation/1.4/, data/other/B1-rotation/1.5/, 
    data/other/B1-rotation/1.6/, data/other/B1-rotation/1.7/, data/other/B1-rotation/1.8/, 
    data/other/B1-rotation/1.9/, data/other/B1-rotation/2.0/, data/other/B1-rotation/2.1/, 
    data/other/B1-rotation/2.2/, data/artifact/asymptote/, 
There are 1849 data points in adiabatic representation
          0 data points in composite representation

maximum ground state energy = 0.254234
maximum ||ground state energy gradient||_infinity = 0.703726
so we suggest to set gradient / energy scaling to around 2.76803

The number of threads = 4

Thread 1:
* owns 463 adiabatic data points
* owns 0 composite data points
* owns 0 energy-only data points
* starts with Jacobian row 0
Thread 2:
* owns 462 adiabatic data points
* owns 0 composite data points
* owns 0 energy-only data points
* starts with Jacobian row 10533
Thread 3:
* owns 462 adiabatic data points
* owns 0 composite data points
* owns 0 energy-only data points
* starts with Jacobian row 23411
Thread 4:
* owns 462 adiabatic data points
* owns 0 composite data points
* owns 0 energy-only data points
* starts with Jacobian row 39636

The data set corresponds to 54996 least square equations
There are 4441 parameters to train

The initial residue = 36.3344
 
2022 year  2 month 28 day 19: 9:16
 Iteration           1 , residue   36.3343931365952     
 
2022 year  2 month 28 day 19: 9:26
 Iteration           2 , residue   36.3343931365952     
 
2022 year  2 month 28 day 19: 9:37
 Iteration           3 , residue   33.8468345480574     
 
2022 year  2 month 28 day 19: 9:56
 Iteration           4 , residue   19.3252231375790     
 
2022 year  2 month 28 day 19:10:15
 Iteration           5 , residue   19.3252231375790     
 
2022 year  2 month 28 day 19:10:26
 Iteration           6 , residue   13.9807616941887     
 
2022 year  2 month 28 day 19:10:45
 Iteration           7 , residue   8.57226390176130     
 
2022 year  2 month 28 day 19:11: 4
 Iteration           8 , residue   3.87074183925115     
 
2022 year  2 month 28 day 19:11:22
 Iteration           9 , residue   3.07127286813015     
 
2022 year  2 month 28 day 19:11:41
 Iteration          10 , residue   3.07127286813015     
 
2022 year  2 month 28 day 19:11:51
 Iteration          11 , residue   1.30685683822921     
 
2022 year  2 month 28 day 19:12:10
 Iteration          12 , residue  0.818877452936436     
 
2022 year  2 month 28 day 19:12:28
 Iteration          13 , residue  0.818877452936436     
 
2022 year  2 month 28 day 19:12:38
 Iteration          14 , residue  0.451207770381587     
 
2022 year  2 month 28 day 19:12:56
 Iteration          15 , residue  0.414273201726844     
 
2022 year  2 month 28 day 19:13:14
 Iteration          16 , residue  0.399677829528279     
 
2022 year  2 month 28 day 19:13:33
 Iteration          17 , residue  0.342403567517068     
 
2022 year  2 month 28 day 19:13:52
 Iteration          18 , residue  0.334571751103305     
 
2022 year  2 month 28 day 19:14:12
 Iteration          19 , residue  0.328039019752709     
 
2022 year  2 month 28 day 19:14:32
 Iteration          20 , residue  0.322138281780354     
 
2022 year  2 month 28 day 19:14:50
 Iteration          21 , residue  0.316677878907348     
 
2022 year  2 month 28 day 19:15: 7
 Iteration          22 , residue  0.311566392250394     
 
2022 year  2 month 28 day 19:15:26
 Iteration          23 , residue  0.306811688542243     
 
2022 year  2 month 28 day 19:15:44
 Iteration          24 , residue  0.302376209379349     
 
2022 year  2 month 28 day 19:16: 2
 Iteration          25 , residue  0.298225363738403     
 
2022 year  2 month 28 day 19:16:20
 Iteration          26 , residue  0.294335839351977     
 
2022 year  2 month 28 day 19:16:38
 Iteration          27 , residue  0.290684245522076     
 
2022 year  2 month 28 day 19:16:56
 Iteration          28 , residue  0.287250689793748     
 
2022 year  2 month 28 day 19:17:14
 Iteration          29 , residue  0.284021561970086     
 
2022 year  2 month 28 day 19:17:33
 Iteration          30 , residue  0.280989245019887     
 
2022 year  2 month 28 day 19:17:51
 Iteration          31 , residue  0.278148208825619     
 
2022 year  2 month 28 day 19:18: 9
 Iteration          32 , residue  0.275487278883922     
 
2022 year  2 month 28 day 19:18:27
 Iteration          33 , residue  0.272983010435455     
 
2022 year  2 month 28 day 19:18:45
 Iteration          34 , residue  0.270613014487557     
 
2022 year  2 month 28 day 19:19: 3
 Iteration          35 , residue  0.268352325335697     
 
2022 year  2 month 28 day 19:19:21
 Iteration          36 , residue  0.266177253869990     
 
2022 year  2 month 28 day 19:19:39
 Iteration          37 , residue  0.264068111098829     
 
2022 year  2 month 28 day 19:19:57
 Iteration          38 , residue  0.262011154999383     
 
2022 year  2 month 28 day 19:20:16
 Iteration          39 , residue  0.260004556027141     
 
2022 year  2 month 28 day 19:20:34
 Iteration          40 , residue  0.258054990621543     
 
2022 year  2 month 28 day 19:20:52
 Iteration          41 , residue  0.256169637142233     
 
2022 year  2 month 28 day 19:21:10
 Iteration          42 , residue  0.254350739272552     
 
2022 year  2 month 28 day 19:21:28
 Iteration          43 , residue  0.252593330386819     
 
2022 year  2 month 28 day 19:21:46
 Iteration          44 , residue  0.250891427862104     
 
2022 year  2 month 28 day 19:22: 4
 Iteration          45 , residue  0.249240562423928     
 
2022 year  2 month 28 day 19:22:22
 Iteration          46 , residue  0.247638971079190     
 
2022 year  2 month 28 day 19:22:40
 Iteration          47 , residue  0.246086217038318     
 
2022 year  2 month 28 day 19:22:58
 Iteration          48 , residue  0.244584055577010     
 
2022 year  2 month 28 day 19:23:16
 Iteration          49 , residue  0.243136289348272     
 
2022 year  2 month 28 day 19:23:34
 Iteration          50 , residue  0.241737626472953     
 
2022 year  2 month 28 day 19:23:52
 Iteration          51 , residue  0.240356571226349     
 
2022 year  2 month 28 day 19:24:10
 Iteration          52 , residue  0.239005866255951     
 
2022 year  2 month 28 day 19:24:28
 Iteration          53 , residue  0.237708931950952     
 
2022 year  2 month 28 day 19:24:46
 Iteration          54 , residue  0.236460672146014     
 
2022 year  2 month 28 day 19:25: 4
 Iteration          55 , residue  0.235249239698714     
 
2022 year  2 month 28 day 19:25:22
 Iteration          56 , residue  0.234075640532716     
 
2022 year  2 month 28 day 19:25:40
 Iteration          57 , residue  0.232938361489489     
 
2022 year  2 month 28 day 19:25:58
 Iteration          58 , residue  0.231832155124630     
 
2022 year  2 month 28 day 19:26:16
 Iteration          59 , residue  0.230754358453861     
 
2022 year  2 month 28 day 19:26:34
 Iteration          60 , residue  0.229704044897521     
 
2022 year  2 month 28 day 19:26:52
 Iteration          61 , residue  0.228680177320486     
 
2022 year  2 month 28 day 19:27:10
 Iteration          62 , residue  0.227682008089151     
 
2022 year  2 month 28 day 19:27:28
 Iteration          63 , residue  0.226708357582231     
 
2022 year  2 month 28 day 19:27:46
 Iteration          64 , residue  0.225758397842271     
 
2022 year  2 month 28 day 19:28: 4
 Iteration          65 , residue  0.224831845748469     
 
2022 year  2 month 28 day 19:28:22
 Iteration          66 , residue  0.223928429856831     
 
2022 year  2 month 28 day 19:28:40
 Iteration          67 , residue  0.223050989239924     
 
2022 year  2 month 28 day 19:28:58
 Iteration          68 , residue  0.222202873258924     
 
2022 year  2 month 28 day 19:29:16
 Iteration          69 , residue  0.221380450870009     
 
2022 year  2 month 28 day 19:29:33
 Iteration          70 , residue  0.220581042253920     
 
2022 year  2 month 28 day 19:29:51
 Iteration          71 , residue  0.219801527578423     
 
2022 year  2 month 28 day 19:30: 9
 Iteration          72 , residue  0.219041029144490     
 
2022 year  2 month 28 day 19:30:27
 Iteration          73 , residue  0.218299243314041     
 
2022 year  2 month 28 day 19:30:44
 Iteration          74 , residue  0.217574789325616     
 
2022 year  2 month 28 day 19:31: 2
 Iteration          75 , residue  0.216867480075492     
 
2022 year  2 month 28 day 19:31:19
 Iteration          76 , residue  0.216177030534897     
 
2022 year  2 month 28 day 19:31:37
 Iteration          77 , residue  0.215502817646308     
 
2022 year  2 month 28 day 19:31:54
 Iteration          78 , residue  0.214844335494381     
 
2022 year  2 month 28 day 19:32:11
 Iteration          79 , residue  0.214201269105536     
 
2022 year  2 month 28 day 19:32:29
 Iteration          80 , residue  0.213572931588160     
 
2022 year  2 month 28 day 19:32:46
 Iteration          81 , residue  0.212958593572812     
 
2022 year  2 month 28 day 19:33: 4
 Iteration          82 , residue  0.212358816599787     
 
2022 year  2 month 28 day 19:33:21
 Iteration          83 , residue  0.211769897770082     
 
2022 year  2 month 28 day 19:33:38
 Iteration          84 , residue  0.211193298035425     
 
2022 year  2 month 28 day 19:33:55
 Iteration          85 , residue  0.210628958132695     
 
2022 year  2 month 28 day 19:34:11
 Iteration          86 , residue  0.210072812805730     
 
2022 year  2 month 28 day 19:34:28
 Iteration          87 , residue  0.209526630865578     
 
2022 year  2 month 28 day 19:34:45
 Iteration          88 , residue  0.208989826279443     
 
2022 year  2 month 28 day 19:35: 2
 Iteration          89 , residue  0.208462323932125     
 
2022 year  2 month 28 day 19:35:18
 Iteration          90 , residue  0.207944664222561     
 
2022 year  2 month 28 day 19:35:35
 Iteration          91 , residue  0.207436670171366     
 
2022 year  2 month 28 day 19:35:52
 Iteration          92 , residue  0.206938849667857     
 
2022 year  2 month 28 day 19:36: 8
 Iteration          93 , residue  0.206451192392997     
 
2022 year  2 month 28 day 19:36:25
 Iteration          94 , residue  0.205968978875243     
 
2022 year  2 month 28 day 19:36:42
 Iteration          95 , residue  0.205490801323789     
 
2022 year  2 month 28 day 19:36:59
 Iteration          96 , residue  0.205009727903132     
 
2022 year  2 month 28 day 19:37:15
 Iteration          97 , residue  0.204522031006228     
 
2022 year  2 month 28 day 19:37:32
 Iteration          98 , residue  0.204022393366299     
 
2022 year  2 month 28 day 19:37:49
 Iteration          99 , residue  0.202316414791194     
 
2022 year  2 month 28 day 19:38: 5
 Iteration         100 , residue  0.201999602881290     
 
2022 year  2 month 28 day 19:38:22
 Iteration         101 , residue  0.201703800380483     
 
2022 year  2 month 28 day 19:38:39
 Iteration         102 , residue  0.201413055783979     
 
2022 year  2 month 28 day 19:38:55
 Iteration         103 , residue  0.201120841931574     
 
2022 year  2 month 28 day 19:39:12
 Iteration         104 , residue  0.200832979700932     
 
2022 year  2 month 28 day 19:39:29
 Iteration         105 , residue  0.200543385274391     
 Failed trust region: max iteration exceeded!
 Final residual =   0.200543385274391     
The final residue = 0.200543

Mon Feb 28 19:39:29 2022
Mission success
