Diabatz version 1.3.0
Yifan Shen 2021

Echo of user command line input:
/home/yshen57/Software/Mine/diabatz/v1.3.0/diabatz.exe --pretrained default IntCoordDef SAS.in pretrained_Hd.in pretrained_Hd.net pretrained_11.in -f default -i IntCoordDef -s SAS.in -n Hd.in -l 11.in -d data/critical/list.txt data/fast/list.txt data/slow/list.txt data/linear-path/list.txt data/other/A1-rotation/list.txt data/other/B1-rotation/list.txt data/artifact/asymptote/ -z -286.1075216397

Mon Feb 28 19:02:02 2022

The data set will be read from: 
    data/critical/min-A1/, data/critical/sad-A1/, data/critical/min-B1/, 
    data/critical/sad-B1/, data/critical/min-B2/, data/critical/sad-B2/, data/critical/min-A2/, 
    data/critical/sad-A2/, data/critical/mex-B1-B2/, data/critical/mex-B2-A2/, data/fast/0.7/, 
    data/fast/0.8/, data/fast/0.9/, data/fast/1.1/, data/fast/1.2/, data/fast/1.4/, 
    data/fast/1.5/, data/fast/1.6/, data/fast/1.7/, data/fast/1.9/, data/fast/2.0/, 
    data/fast/2.1/, data/fast/2.2/, data/fast/2.3/, data/fast/2.4/, data/fast/2.5/, 
    data/fast/2.6/, data/fast/2.7/, data/fast/2.8/, data/fast/2.9/, data/fast/3/, 
    data/fast/4/, data/fast/5/, data/fast/6/, data/fast/6_partial-loop/, data/slow/0.7/, 
    data/slow/0.8/, data/slow/0.9/, data/slow/1.1/, data/slow/1.2/, data/slow/1.3/, 
    data/slow/1.4/, data/slow/1.5/, data/slow/1.6/, data/slow/1.7/, 
    data/linear-path/min-B1_min-B2/, data/linear-path/1.1-fast-slow/, data/linear-path/1.2-fast-slow/, 
    data/linear-path/1.3-fast-slow/, data/linear-path/1.4-fast-slow/, data/linear-path/1.5-fast-slow/, 
    data/linear-path/1.6-fast-slow/, data/linear-path/1.7-fast-slow/, data/other/A1-rotation/0.1/, 
    data/other/A1-rotation/0.2/, data/other/A1-rotation/0.3/, data/other/A1-rotation/0.4/, 
    data/other/A1-rotation/0.5/, data/other/A1-rotation/0.6/, data/other/A1-rotation/0.7/, 
    data/other/A1-rotation/0.8/, data/other/A1-rotation/0.9/, data/other/A1-rotation/1.0/, 
    data/other/A1-rotation/1.1/, data/other/A1-rotation/1.2/, data/other/A1-rotation/1.3/, 
    data/other/A1-rotation/1.4/, data/other/A1-rotation/1.5/, data/other/A1-rotation/1.6/, 
    data/other/A1-rotation/1.7/, data/other/A1-rotation/1.8/, data/other/A1-rotation/1.9/, 
    data/other/A1-rotation/2.0/, data/other/A1-rotation/2.1/, data/other/A1-rotation/2.2/, 
    data/other/B1-rotation/0.1/, data/other/B1-rotation/0.2/, data/other/B1-rotation/0.3/, 
    data/other/B1-rotation/0.4/, data/other/B1-rotation/0.5/, data/other/B1-rotation/0.6/, 
    data/other/B1-rotation/0.7/, data/other/B1-rotation/0.8/, data/other/B1-rotation/0.9/, 
    data/other/B1-rotation/1.0/, data/other/B1-rotation/1.1/, data/other/B1-rotation/1.2/, 
    data/other/B1-rotation/1.3/, data/other/B1-rotation/1.4/, data/other/B1-rotation/1.5/, 
    data/other/B1-rotation/1.6/, data/other/B1-rotation/1.7/, data/other/B1-rotation/1.8/, 
    data/other/B1-rotation/1.9/, data/other/B1-rotation/2.0/, data/other/B1-rotation/2.1/, 
    data/other/B1-rotation/2.2/, data/artifact/asymptote/, 
There are 1849 data points in adiabatic representation
          0 data points in composite representation

maximum ground state energy = 0.254234
maximum ||ground state energy gradient||_infinity = 0.703726
so we suggest to set gradient / energy scaling to around 2.76803

The number of threads = 4

Thread 1:
* owns 463 adiabatic data points
* owns 0 composite data points
* owns 0 energy-only data points
* starts with Jacobian row 0
Thread 2:
* owns 462 adiabatic data points
* owns 0 composite data points
* owns 0 energy-only data points
* starts with Jacobian row 10533
Thread 3:
* owns 462 adiabatic data points
* owns 0 composite data points
* owns 0 energy-only data points
* starts with Jacobian row 23411
Thread 4:
* owns 462 adiabatic data points
* owns 0 composite data points
* owns 0 energy-only data points
* starts with Jacobian row 39636

The data set corresponds to 54996 least square equations
There are 1666 parameters to train

The initial residue = 47.5362
 
2022 year  2 month 28 day 19: 9:14
 Iteration           1 , residue   47.5361937878383     
 
2022 year  2 month 28 day 19: 9:16
 Iteration           2 , residue   47.5361937878383     
 
2022 year  2 month 28 day 19: 9:17
 Iteration           3 , residue   47.5361937878383     
 
2022 year  2 month 28 day 19: 9:19
 Iteration           4 , residue   41.3901614836790     
 
2022 year  2 month 28 day 19: 9:26
 Iteration           5 , residue   36.0443640620663     
 
2022 year  2 month 28 day 19: 9:32
 Iteration           6 , residue   34.3450143127001     
 
2022 year  2 month 28 day 19: 9:39
 Iteration           7 , residue   12.4186018254757     
 
2022 year  2 month 28 day 19: 9:46
 Iteration           8 , residue   10.3109286832639     
 
2022 year  2 month 28 day 19: 9:52
 Iteration           9 , residue   5.21700847704665     
 
2022 year  2 month 28 day 19: 9:59
 Iteration          10 , residue   3.89108305883590     
 
2022 year  2 month 28 day 19:10: 6
 Iteration          11 , residue   3.75152424807379     
 
2022 year  2 month 28 day 19:10:12
 Iteration          12 , residue   2.34172127091582     
 
2022 year  2 month 28 day 19:10:19
 Iteration          13 , residue   1.51547165963335     
 
2022 year  2 month 28 day 19:10:26
 Iteration          14 , residue  0.747724800722946     
 
2022 year  2 month 28 day 19:10:33
 Iteration          15 , residue  0.569690326974154     
 
2022 year  2 month 28 day 19:10:39
 Iteration          16 , residue  0.529607665406857     
 
2022 year  2 month 28 day 19:10:46
 Iteration          17 , residue  0.456467655007062     
 
2022 year  2 month 28 day 19:10:53
 Iteration          18 , residue  0.456467655007062     
 
2022 year  2 month 28 day 19:10:54
 Iteration          19 , residue  0.410199958535630     
 
2022 year  2 month 28 day 19:11: 1
 Iteration          20 , residue  0.397980083135068     
 
2022 year  2 month 28 day 19:11: 8
 Iteration          21 , residue  0.389474905869342     
 
2022 year  2 month 28 day 19:11:14
 Iteration          22 , residue  0.379816185577060     
 
2022 year  2 month 28 day 19:11:21
 Iteration          23 , residue  0.373189448033972     
 
2022 year  2 month 28 day 19:11:28
 Iteration          24 , residue  0.365293937038163     
 
2022 year  2 month 28 day 19:11:34
 Iteration          25 , residue  0.359408772858996     
 
2022 year  2 month 28 day 19:11:41
 Iteration          26 , residue  0.353123623342081     
 
2022 year  2 month 28 day 19:11:48
 Iteration          27 , residue  0.348106738834950     
 
2022 year  2 month 28 day 19:11:54
 Iteration          28 , residue  0.343496758418911     
 
2022 year  2 month 28 day 19:12: 1
 Iteration          29 , residue  0.339331513651159     
 
2022 year  2 month 28 day 19:12: 8
 Iteration          30 , residue  0.335437650763866     
 
2022 year  2 month 28 day 19:12:14
 Iteration          31 , residue  0.331778082441276     
 
2022 year  2 month 28 day 19:12:21
 Iteration          32 , residue  0.328310173122233     
 
2022 year  2 month 28 day 19:12:28
 Iteration          33 , residue  0.324969745158892     
 
2022 year  2 month 28 day 19:12:34
 Iteration          34 , residue  0.321733260169855     
 
2022 year  2 month 28 day 19:12:41
 Iteration          35 , residue  0.318565023664627     
 
2022 year  2 month 28 day 19:12:48
 Iteration          36 , residue  0.315476770990034     
 
2022 year  2 month 28 day 19:12:55
 Iteration          37 , residue  0.312435948937554     
 
2022 year  2 month 28 day 19:13: 1
 Iteration          38 , residue  0.309407411731697     
 
2022 year  2 month 28 day 19:13: 8
 Iteration          39 , residue  0.306389920570820     
 
2022 year  2 month 28 day 19:13:15
 Iteration          40 , residue  0.303455718468463     
 
2022 year  2 month 28 day 19:13:21
 Iteration          41 , residue  0.300679959720719     
 
2022 year  2 month 28 day 19:13:28
 Iteration          42 , residue  0.298073197945155     
 
2022 year  2 month 28 day 19:13:35
 Iteration          43 , residue  0.295615131845750     
 
2022 year  2 month 28 day 19:13:41
 Iteration          44 , residue  0.293304078012614     
 
2022 year  2 month 28 day 19:13:48
 Iteration          45 , residue  0.291111924691860     
 
2022 year  2 month 28 day 19:13:55
 Iteration          46 , residue  0.289036351886895     
 
2022 year  2 month 28 day 19:14: 1
 Iteration          47 , residue  0.287109774541217     
 
2022 year  2 month 28 day 19:14: 8
 Iteration          48 , residue  0.285280109935444     
 
2022 year  2 month 28 day 19:14:15
 Iteration          49 , residue  0.283545556334682     
 
2022 year  2 month 28 day 19:14:21
 Iteration          50 , residue  0.281881466070855     
 
2022 year  2 month 28 day 19:14:28
 Iteration          51 , residue  0.280292310015497     
 
2022 year  2 month 28 day 19:14:35
 Iteration          52 , residue  0.278738793418473     
 
2022 year  2 month 28 day 19:14:41
 Iteration          53 , residue  0.277261221221635     
 
2022 year  2 month 28 day 19:14:48
 Iteration          54 , residue  0.275853973615574     
 
2022 year  2 month 28 day 19:14:55
 Iteration          55 , residue  0.274483592024040     
 
2022 year  2 month 28 day 19:15: 2
 Iteration          56 , residue  0.273229248797428     
 
2022 year  2 month 28 day 19:15: 8
 Iteration          57 , residue  0.272048485106773     
 
2022 year  2 month 28 day 19:15:15
 Iteration          58 , residue  0.270984773643776     
 
2022 year  2 month 28 day 19:15:22
 Iteration          59 , residue  0.270082834471774     
 
2022 year  2 month 28 day 19:15:29
 Iteration          60 , residue  0.266732012828045     
 
2022 year  2 month 28 day 19:15:35
 Iteration          61 , residue  0.266088134090592     
 
2022 year  2 month 28 day 19:15:42
 Iteration          62 , residue  0.265481184652958     
 
2022 year  2 month 28 day 19:15:49
 Iteration          63 , residue  0.264880080495072     
 
2022 year  2 month 28 day 19:15:55
 Iteration          64 , residue  0.264288317994897     
 
2022 year  2 month 28 day 19:16: 2
 Iteration          65 , residue  0.263700482582733     
 
2022 year  2 month 28 day 19:16: 9
 Iteration          66 , residue  0.263119782386667     
 
2022 year  2 month 28 day 19:16:16
 Iteration          67 , residue  0.262544342152385     
 
2022 year  2 month 28 day 19:16:23
 Iteration          68 , residue  0.261975068429637     
 
2022 year  2 month 28 day 19:16:29
 Iteration          69 , residue  0.261411884529663     
 
2022 year  2 month 28 day 19:16:36
 Iteration          70 , residue  0.260855850065276     
 
2022 year  2 month 28 day 19:16:43
 Iteration          71 , residue  0.260307976229419     
 
2022 year  2 month 28 day 19:16:50
 Iteration          72 , residue  0.259770114982328     
 
2022 year  2 month 28 day 19:16:57
 Iteration          73 , residue  0.259244588227160     
 
2022 year  2 month 28 day 19:17: 3
 Iteration          74 , residue  0.258734600441975     
 
2022 year  2 month 28 day 19:17:10
 Iteration          75 , residue  0.258244339906739     
 
2022 year  2 month 28 day 19:17:17
 Iteration          76 , residue  0.257779183462314     
 
2022 year  2 month 28 day 19:17:24
 Iteration          77 , residue  0.257345890512644     
 
2022 year  2 month 28 day 19:17:30
 Iteration          78 , residue  0.255650058114036     
 
2022 year  2 month 28 day 19:17:37
 Iteration          79 , residue  0.255320745257178     
 
2022 year  2 month 28 day 19:17:44
 Iteration          80 , residue  0.255001398924531     
 
2022 year  2 month 28 day 19:17:51
 Iteration          81 , residue  0.254682027828955     
 
2022 year  2 month 28 day 19:17:58
 Iteration          82 , residue  0.254362677988361     
 
2022 year  2 month 28 day 19:18: 4
 Iteration          83 , residue  0.254043137296452     
 
2022 year  2 month 28 day 19:18:11
 Iteration          84 , residue  0.253723611815152     
 
2022 year  2 month 28 day 19:18:18
 Iteration          85 , residue  0.253404218316598     
 
2022 year  2 month 28 day 19:18:25
 Iteration          86 , residue  0.253085152084050     
 
2022 year  2 month 28 day 19:18:32
 Iteration          87 , residue  0.252766580121134     
 
2022 year  2 month 28 day 19:18:38
 Iteration          88 , residue  0.252448687223446     
 
2022 year  2 month 28 day 19:18:45
 Iteration          89 , residue  0.252131666368679     
 
2022 year  2 month 28 day 19:18:52
 Iteration          90 , residue  0.251815658928988     
 
2022 year  2 month 28 day 19:18:59
 Iteration          91 , residue  0.251500812714334     
 
2022 year  2 month 28 day 19:19: 6
 Iteration          92 , residue  0.251187226896686     
 
2022 year  2 month 28 day 19:19:12
 Iteration          93 , residue  0.250874947617049     
 
2022 year  2 month 28 day 19:19:19
 Iteration          94 , residue  0.250563952189631     
 
2022 year  2 month 28 day 19:19:26
 Iteration          95 , residue  0.250254202639665     
 
2022 year  2 month 28 day 19:19:33
 Iteration          96 , residue  0.249945496361410     
 
2022 year  2 month 28 day 19:19:40
 Iteration          97 , residue  0.249637642797391     
 
2022 year  2 month 28 day 19:19:46
 Iteration          98 , residue  0.249330370006345     
 
2022 year  2 month 28 day 19:19:53
 Iteration          99 , residue  0.249023239024597     
 
2022 year  2 month 28 day 19:20: 0
 Iteration         100 , residue  0.248715890148498     
 
2022 year  2 month 28 day 19:20: 7
 Iteration         101 , residue  0.248407873893618     
 
2022 year  2 month 28 day 19:20:14
 Iteration         102 , residue  0.248098879285257     
 
2022 year  2 month 28 day 19:20:20
 Iteration         103 , residue  0.247788701671377     
 
2022 year  2 month 28 day 19:20:27
 Iteration         104 , residue  0.247476840410854     
 Failed trust region: max iteration exceeded!
 Final residual =   0.247476840410854     
The final residue = 0.247477

Mon Feb 28 19:20:27 2022
Mission success
