Diabatz version 1.3.0
Yifan Shen 2021

Echo of user command line input:
/home/yshen57/Software/Mine/diabatz/v1.3.0/diabatz.exe --pretrained default IntCoordDef SAS.in pretrained_Hd.in pretrained_Hd.net pretrained_11.in -f default -i IntCoordDef -s SAS.in -n Hd.in -l 11.in -d data/critical/list.txt data/fast/list.txt data/slow/list.txt data/linear-path/list.txt data/other/A1-rotation/list.txt data/other/B1-rotation/list.txt data/artifact/asymptote/ -z -286.1075216397

Mon Feb 28 19:56:04 2022

The data set will be read from: 
    data/critical/min-A1/, data/critical/sad-A1/, data/critical/min-B1/, 
    data/critical/sad-B1/, data/critical/min-B2/, data/critical/sad-B2/, data/critical/min-A2/, 
    data/critical/sad-A2/, data/critical/mex-B2-A2/, data/fast/0.7/, data/fast/0.8/, 
    data/fast/0.9/, data/fast/1.1/, data/fast/1.2/, data/fast/1.4/, data/fast/1.5/, 
    data/fast/1.6/, data/fast/1.7/, data/fast/1.9/, data/fast/2.0/, data/fast/2.1/, 
    data/fast/2.2/, data/fast/2.3/, data/fast/2.4/, data/fast/2.5/, data/fast/2.6/, 
    data/fast/2.7/, data/fast/2.8/, data/fast/2.9/, data/fast/3/, data/fast/4/, 
    data/fast/5/, data/fast/6/, data/fast/6_partial-loop/, data/slow/0.7/, 
    data/slow/0.8/, data/slow/0.9/, data/slow/1.1/, data/slow/1.2/, data/slow/1.3/, 
    data/slow/1.4/, data/slow/1.5/, data/slow/1.6/, data/slow/1.7/, 
    data/linear-path/min-B1_min-B2/, data/linear-path/1.1-fast-slow/, data/linear-path/1.2-fast-slow/, 
    data/linear-path/1.3-fast-slow/, data/linear-path/1.4-fast-slow/, data/linear-path/1.5-fast-slow/, 
    data/linear-path/1.6-fast-slow/, data/linear-path/1.7-fast-slow/, data/other/A1-rotation/0.1/, 
    data/other/A1-rotation/0.2/, data/other/A1-rotation/0.3/, data/other/A1-rotation/0.7/, 
    data/other/A1-rotation/0.8/, data/other/A1-rotation/0.9/, data/other/A1-rotation/1.0/, 
    data/other/A1-rotation/1.1/, data/other/A1-rotation/1.2/, data/other/A1-rotation/1.3/, 
    data/other/A1-rotation/1.4/, data/other/A1-rotation/1.5/, data/other/A1-rotation/1.6/, 
    data/other/A1-rotation/1.7/, data/other/A1-rotation/1.8/, data/other/A1-rotation/1.9/, 
    data/other/A1-rotation/2.0/, data/other/A1-rotation/2.1/, data/other/A1-rotation/2.2/, 
    data/other/B1-rotation/0.1/, data/other/B1-rotation/0.2/, data/other/B1-rotation/0.3/, 
    data/other/B1-rotation/0.4/, data/other/B1-rotation/0.5/, data/other/B1-rotation/0.6/, 
    data/other/B1-rotation/0.7/, data/other/B1-rotation/0.8/, data/other/B1-rotation/0.9/, 
    data/other/B1-rotation/1.0/, data/other/B1-rotation/1.1/, data/other/B1-rotation/1.2/, 
    data/other/B1-rotation/1.3/, data/other/B1-rotation/1.4/, data/other/B1-rotation/1.5/, 
    data/other/B1-rotation/1.6/, data/other/B1-rotation/1.7/, data/other/B1-rotation/1.8/, 
    data/other/B1-rotation/2.2/, data/artifact/asymptote/, 
There are 1786 data points in adiabatic representation
          0 data points in composite representation

maximum ground state energy = 0.353304
maximum ||ground state energy gradient||_infinity = 0.706673
so we suggest to set gradient / energy scaling to around 2.00018

The number of threads = 4

Thread 1:
* owns 447 adiabatic data points
* owns 0 composite data points
* owns 0 energy-only data points
* starts with Jacobian row 0
Thread 2:
* owns 447 adiabatic data points
* owns 0 composite data points
* owns 0 energy-only data points
* starts with Jacobian row 10242
Thread 3:
* owns 446 adiabatic data points
* owns 0 composite data points
* owns 0 energy-only data points
* starts with Jacobian row 22711
Thread 4:
* owns 446 adiabatic data points
* owns 0 composite data points
* owns 0 energy-only data points
* starts with Jacobian row 38553

The data set corresponds to 53378 least square equations
There are 1666 parameters to train

The initial residue = 46.9127
 
2022 year  2 month 28 day 20: 2:48
 Iteration           1 , residue   46.9126997218648     
 
2022 year  2 month 28 day 20: 2:50
 Iteration           2 , residue   46.9126997218648     
 
2022 year  2 month 28 day 20: 2:51
 Iteration           3 , residue   43.0704685040998     
 
2022 year  2 month 28 day 20: 2:58
 Iteration           4 , residue   43.0704685040998     
 
2022 year  2 month 28 day 20: 2:59
 Iteration           5 , residue   43.0704685040998     
 
2022 year  2 month 28 day 20: 3: 1
 Iteration           6 , residue   37.3072637289037     
 
2022 year  2 month 28 day 20: 3: 7
 Iteration           7 , residue   10.6158661873689     
 
2022 year  2 month 28 day 20: 3:13
 Iteration           8 , residue   5.22681064198490     
 
2022 year  2 month 28 day 20: 3:19
 Iteration           9 , residue   2.39817329829018     
 
2022 year  2 month 28 day 20: 3:25
 Iteration          10 , residue   1.39405070425096     
 
2022 year  2 month 28 day 20: 3:31
 Iteration          11 , residue   1.39405070425096     
 
2022 year  2 month 28 day 20: 3:33
 Iteration          12 , residue  0.687545001845716     
 
2022 year  2 month 28 day 20: 3:39
 Iteration          13 , residue  0.639857562451405     
 
2022 year  2 month 28 day 20: 3:45
 Iteration          14 , residue  0.617749663800129     
 
2022 year  2 month 28 day 20: 3:51
 Iteration          15 , residue  0.595423277667227     
 
2022 year  2 month 28 day 20: 3:57
 Iteration          16 , residue  0.575480140567913     
 
2022 year  2 month 28 day 20: 4: 3
 Iteration          17 , residue  0.559169890039461     
 
2022 year  2 month 28 day 20: 4: 9
 Iteration          18 , residue  0.545494018577347     
 
2022 year  2 month 28 day 20: 4:15
 Iteration          19 , residue  0.533676285313895     
 
2022 year  2 month 28 day 20: 4:21
 Iteration          20 , residue  0.523428662789782     
 
2022 year  2 month 28 day 20: 4:27
 Iteration          21 , residue  0.514683946986508     
 
2022 year  2 month 28 day 20: 4:33
 Iteration          22 , residue  0.507432964398385     
 
2022 year  2 month 28 day 20: 4:39
 Iteration          23 , residue  0.501143024260555     
 
2022 year  2 month 28 day 20: 4:45
 Iteration          24 , residue  0.495092548520777     
 
2022 year  2 month 28 day 20: 4:52
 Iteration          25 , residue  0.488971103797663     
 
2022 year  2 month 28 day 20: 4:58
 Iteration          26 , residue  0.482328875730038     
 
2022 year  2 month 28 day 20: 5: 4
 Iteration          27 , residue  0.475618016487839     
 
2022 year  2 month 28 day 20: 5:10
 Iteration          28 , residue  0.469155722090300     
 
2022 year  2 month 28 day 20: 5:16
 Iteration          29 , residue  0.463254446712669     
 
2022 year  2 month 28 day 20: 5:22
 Iteration          30 , residue  0.457737102750502     
 
2022 year  2 month 28 day 20: 5:28
 Iteration          31 , residue  0.452640930951936     
 
2022 year  2 month 28 day 20: 5:34
 Iteration          32 , residue  0.447742090597310     
 
2022 year  2 month 28 day 20: 5:40
 Iteration          33 , residue  0.443056641157337     
 
2022 year  2 month 28 day 20: 5:46
 Iteration          34 , residue  0.438573827445549     
 
2022 year  2 month 28 day 20: 5:52
 Iteration          35 , residue  0.434250812153917     
 
2022 year  2 month 28 day 20: 5:58
 Iteration          36 , residue  0.430092632690235     
 
2022 year  2 month 28 day 20: 6: 4
 Iteration          37 , residue  0.426106701789156     
 
2022 year  2 month 28 day 20: 6:10
 Iteration          38 , residue  0.422273237110591     
 
2022 year  2 month 28 day 20: 6:16
 Iteration          39 , residue  0.418631450512756     
 
2022 year  2 month 28 day 20: 6:23
 Iteration          40 , residue  0.415177822012572     
 
2022 year  2 month 28 day 20: 6:29
 Iteration          41 , residue  0.411904473195866     
 
2022 year  2 month 28 day 20: 6:35
 Iteration          42 , residue  0.408796332158059     
 
2022 year  2 month 28 day 20: 6:41
 Iteration          43 , residue  0.405835197438646     
 
2022 year  2 month 28 day 20: 6:47
 Iteration          44 , residue  0.403002871769423     
 
2022 year  2 month 28 day 20: 6:53
 Iteration          45 , residue  0.400278144461511     
 
2022 year  2 month 28 day 20: 6:59
 Iteration          46 , residue  0.397650117966752     
 
2022 year  2 month 28 day 20: 7: 5
 Iteration          47 , residue  0.395116112451368     
 
2022 year  2 month 28 day 20: 7:11
 Iteration          48 , residue  0.392658941590414     
 
2022 year  2 month 28 day 20: 7:17
 Iteration          49 , residue  0.390276688357851     
 
2022 year  2 month 28 day 20: 7:23
 Iteration          50 , residue  0.387956817606926     
 
2022 year  2 month 28 day 20: 7:29
 Iteration          51 , residue  0.385691246182969     
 
2022 year  2 month 28 day 20: 7:35
 Iteration          52 , residue  0.383469506894113     
 
2022 year  2 month 28 day 20: 7:41
 Iteration          53 , residue  0.381280820020268     
 
2022 year  2 month 28 day 20: 7:47
 Iteration          54 , residue  0.379106533503935     
 
2022 year  2 month 28 day 20: 7:53
 Iteration          55 , residue  0.376933524019427     
 
2022 year  2 month 28 day 20: 7:58
 Iteration          56 , residue  0.374747484534148     
 
2022 year  2 month 28 day 20: 8: 5
 Iteration          57 , residue  0.372540180061989     
 
2022 year  2 month 28 day 20: 8:10
 Iteration          58 , residue  0.370319996992542     
 
2022 year  2 month 28 day 20: 8:16
 Iteration          59 , residue  0.368120946768124     
 
2022 year  2 month 28 day 20: 8:22
 Iteration          60 , residue  0.365986467441552     
 
2022 year  2 month 28 day 20: 8:28
 Iteration          61 , residue  0.363949815724913     
 
2022 year  2 month 28 day 20: 8:34
 Iteration          62 , residue  0.362015898438636     
 
2022 year  2 month 28 day 20: 8:40
 Iteration          63 , residue  0.360178927227162     
 
2022 year  2 month 28 day 20: 8:46
 Iteration          64 , residue  0.358422713814620     
 
2022 year  2 month 28 day 20: 8:52
 Iteration          65 , residue  0.356734517989658     
 
2022 year  2 month 28 day 20: 8:58
 Iteration          66 , residue  0.355100710606698     
 
2022 year  2 month 28 day 20: 9: 4
 Iteration          67 , residue  0.353510100606462     
 
2022 year  2 month 28 day 20: 9:10
 Iteration          68 , residue  0.351953101957083     
 
2022 year  2 month 28 day 20: 9:15
 Iteration          69 , residue  0.350422031355504     
 
2022 year  2 month 28 day 20: 9:21
 Iteration          70 , residue  0.348910816671340     
 
2022 year  2 month 28 day 20: 9:27
 Iteration          71 , residue  0.347413488811755     
 
2022 year  2 month 28 day 20: 9:33
 Iteration          72 , residue  0.345925868832702     
 
2022 year  2 month 28 day 20: 9:39
 Iteration          73 , residue  0.344443775506573     
 
2022 year  2 month 28 day 20: 9:45
 Iteration          74 , residue  0.342963678577961     
 
2022 year  2 month 28 day 20: 9:51
 Iteration          75 , residue  0.341482395568927     
 
2022 year  2 month 28 day 20: 9:56
 Iteration          76 , residue  0.339996572055986     
 
2022 year  2 month 28 day 20:10: 2
 Iteration          77 , residue  0.338503590527068     
 
2022 year  2 month 28 day 20:10: 8
 Iteration          78 , residue  0.337000878178579     
 
2022 year  2 month 28 day 20:10:14
 Iteration          79 , residue  0.335485426197283     
 
2022 year  2 month 28 day 20:10:20
 Iteration          80 , residue  0.333955046843692     
 
2022 year  2 month 28 day 20:10:26
 Iteration          81 , residue  0.332407094266939     
 
2022 year  2 month 28 day 20:10:32
 Iteration          82 , residue  0.330839450951169     
 
2022 year  2 month 28 day 20:10:37
 Iteration          83 , residue  0.329249271821850     
 
2022 year  2 month 28 day 20:10:43
 Iteration          84 , residue  0.327634761379859     
 
2022 year  2 month 28 day 20:10:49
 Iteration          85 , residue  0.325993952309236     
 
2022 year  2 month 28 day 20:10:55
 Iteration          86 , residue  0.324324248290710     
 
2022 year  2 month 28 day 20:11: 1
 Iteration          87 , residue  0.322624466509755     
 
2022 year  2 month 28 day 20:11: 7
 Iteration          88 , residue  0.320893316019595     
 
2022 year  2 month 28 day 20:11:12
 Iteration          89 , residue  0.319129493629987     
 
2022 year  2 month 28 day 20:11:18
 Iteration          90 , residue  0.317332872044189     
 
2022 year  2 month 28 day 20:11:24
 Iteration          91 , residue  0.315503158629710     
 
2022 year  2 month 28 day 20:11:29
 Iteration          92 , residue  0.313640977305171     
 
2022 year  2 month 28 day 20:11:35
 Iteration          93 , residue  0.311748092659471     
 
2022 year  2 month 28 day 20:11:41
 Iteration          94 , residue  0.309826633706370     
 
2022 year  2 month 28 day 20:11:46
 Iteration          95 , residue  0.307879701480868     
 
2022 year  2 month 28 day 20:11:52
 Iteration          96 , residue  0.305912835483221     
 
2022 year  2 month 28 day 20:11:58
 Iteration          97 , residue  0.303929407901867     
 
2022 year  2 month 28 day 20:12: 3
 Iteration          98 , residue  0.301937633083866     
 
2022 year  2 month 28 day 20:12: 9
 Iteration          99 , residue  0.299944074855805     
 
2022 year  2 month 28 day 20:12:15
 Iteration         100 , residue  0.297956970629542     
 
2022 year  2 month 28 day 20:12:22
 Iteration         101 , residue  0.295985270411199     
 
2022 year  2 month 28 day 20:12:27
 Iteration         102 , residue  0.294038357947630     
 
2022 year  2 month 28 day 20:12:33
 Iteration         103 , residue  0.292126385327554     
 
2022 year  2 month 28 day 20:12:39
 Iteration         104 , residue  0.290259406304004     
 
2022 year  2 month 28 day 20:12:44
 Iteration         105 , residue  0.288446028533945     
 Failed trust region: max iteration exceeded!
 Final residual =   0.288446028533945     
The final residue = 0.288446

Mon Feb 28 20:12:44 2022
Mission success
