Diabatz version 1.3.0
Yifan Shen 2021

Echo of user command line input:
/home/yshen57/Software/Mine/diabatz/v1.3.0/diabatz.exe --pretrained default IntCoordDef SAS.in pretrained_Hd.in pretrained_Hd.net pretrained_11.in -f default -i IntCoordDef -s SAS.in -n Hd.in -l 11.in -d data/critical/list.txt data/fast/list.txt data/slow/list.txt data/linear-path/list.txt data/other/A1-rotation/list.txt data/other/B1-rotation/list.txt data/artifact/asymptote/ -z -286.1075216397 -r 0.01 -p 0.0

Mon Feb 28 19:20:50 2022

The data set will be read from: 
    data/critical/min-A1/, data/critical/sad-A1/, data/critical/min-B1/, 
    data/critical/sad-B1/, data/critical/min-B2/, data/critical/sad-B2/, data/critical/min-A2/, 
    data/critical/sad-A2/, data/critical/mex-B1-B2/, data/critical/mex-B2-A2/, data/fast/0.7/, 
    data/fast/0.8/, data/fast/0.9/, data/fast/1.1/, data/fast/1.2/, data/fast/1.4/, 
    data/fast/1.5/, data/fast/1.6/, data/fast/1.7/, data/fast/1.9/, data/fast/2.0/, 
    data/fast/2.1/, data/fast/2.2/, data/fast/2.3/, data/fast/2.4/, data/fast/2.5/, 
    data/fast/2.6/, data/fast/2.7/, data/fast/2.8/, data/fast/2.9/, data/fast/3/, 
    data/fast/4/, data/fast/5/, data/fast/6/, data/fast/6_partial-loop/, data/slow/0.7/, 
    data/slow/0.8/, data/slow/0.9/, data/slow/1.1/, data/slow/1.2/, data/slow/1.3/, 
    data/slow/1.4/, data/slow/1.5/, data/slow/1.6/, data/slow/1.7/, 
    data/linear-path/min-B1_min-B2/, data/linear-path/1.1-fast-slow/, data/linear-path/1.2-fast-slow/, 
    data/linear-path/1.3-fast-slow/, data/linear-path/1.4-fast-slow/, data/linear-path/1.5-fast-slow/, 
    data/linear-path/1.6-fast-slow/, data/linear-path/1.7-fast-slow/, data/other/A1-rotation/0.1/, 
    data/other/A1-rotation/0.2/, data/other/A1-rotation/0.3/, data/other/A1-rotation/0.4/, 
    data/other/A1-rotation/0.5/, data/other/A1-rotation/0.6/, data/other/A1-rotation/0.7/, 
    data/other/A1-rotation/0.8/, data/other/A1-rotation/0.9/, data/other/A1-rotation/1.0/, 
    data/other/A1-rotation/1.1/, data/other/A1-rotation/1.2/, data/other/A1-rotation/1.3/, 
    data/other/A1-rotation/1.4/, data/other/A1-rotation/1.5/, data/other/A1-rotation/1.6/, 
    data/other/A1-rotation/1.7/, data/other/A1-rotation/1.8/, data/other/A1-rotation/1.9/, 
    data/other/A1-rotation/2.0/, data/other/A1-rotation/2.1/, data/other/A1-rotation/2.2/, 
    data/other/B1-rotation/0.1/, data/other/B1-rotation/0.2/, data/other/B1-rotation/0.3/, 
    data/other/B1-rotation/0.4/, data/other/B1-rotation/0.5/, data/other/B1-rotation/0.6/, 
    data/other/B1-rotation/0.7/, data/other/B1-rotation/0.8/, data/other/B1-rotation/0.9/, 
    data/other/B1-rotation/1.0/, data/other/B1-rotation/1.1/, data/other/B1-rotation/1.2/, 
    data/other/B1-rotation/1.3/, data/other/B1-rotation/1.4/, data/other/B1-rotation/1.5/, 
    data/other/B1-rotation/1.6/, data/other/B1-rotation/1.7/, data/other/B1-rotation/1.8/, 
    data/other/B1-rotation/1.9/, data/other/B1-rotation/2.0/, data/other/B1-rotation/2.1/, 
    data/other/B1-rotation/2.2/, data/artifact/asymptote/, 
There are 1849 data points in adiabatic representation
          0 data points in composite representation

maximum ground state energy = 0.254234
maximum ||ground state energy gradient||_infinity = 0.703726
so we suggest to set gradient / energy scaling to around 2.76803

Got regularization strength, enable regularization

The number of threads = 4

Thread 1:
* owns 463 adiabatic data points
* owns 0 composite data points
* owns 0 energy-only data points
* starts with Jacobian row 0
Thread 2:
* owns 462 adiabatic data points
* owns 0 composite data points
* owns 0 energy-only data points
* starts with Jacobian row 10533
Thread 3:
* owns 462 adiabatic data points
* owns 0 composite data points
* owns 0 energy-only data points
* starts with Jacobian row 23411
Thread 4:
* owns 462 adiabatic data points
* owns 0 composite data points
* owns 0 energy-only data points
* starts with Jacobian row 39636

The data set corresponds to 54996 least square equations
There are 1111 parameters to train

The initial residue = 53.1118
 
2022 year  2 month 28 day 19:28:15
 Iteration           1 , residue   45.1791951343692     
 
2022 year  2 month 28 day 19:28:21
 Iteration           2 , residue   23.3261564623404     
 
2022 year  2 month 28 day 19:28:27
 Iteration           3 , residue   11.1167522679699     
 
2022 year  2 month 28 day 19:28:32
 Iteration           4 , residue   11.1167522679699     
 
2022 year  2 month 28 day 19:28:33
 Iteration           5 , residue   11.1167522679699     
 
2022 year  2 month 28 day 19:28:34
 Iteration           6 , residue   10.7626541091819     
 
2022 year  2 month 28 day 19:28:40
 Iteration           7 , residue   9.47397431439663     
 
2022 year  2 month 28 day 19:28:46
 Iteration           8 , residue   8.51357587543408     
 
2022 year  2 month 28 day 19:28:51
 Iteration           9 , residue   7.88015786086139     
 
2022 year  2 month 28 day 19:28:57
 Iteration          10 , residue   7.14015474687983     
 
2022 year  2 month 28 day 19:29: 3
 Iteration          11 , residue   6.59047678230982     
 
2022 year  2 month 28 day 19:29: 9
 Iteration          12 , residue   5.94282496363176     
 
2022 year  2 month 28 day 19:29:14
 Iteration          13 , residue   5.43516075340203     
 
2022 year  2 month 28 day 19:29:20
 Iteration          14 , residue   5.00240182239644     
 
2022 year  2 month 28 day 19:29:26
 Iteration          15 , residue   4.60892324554395     
 
2022 year  2 month 28 day 19:29:32
 Iteration          16 , residue   4.26015274820584     
 
2022 year  2 month 28 day 19:29:37
 Iteration          17 , residue   3.92000791101213     
 
2022 year  2 month 28 day 19:29:43
 Iteration          18 , residue   3.59033215732663     
 
2022 year  2 month 28 day 19:29:49
 Iteration          19 , residue   3.19528661535984     
 
2022 year  2 month 28 day 19:29:55
 Iteration          20 , residue   2.78141869359876     
 
2022 year  2 month 28 day 19:30: 0
 Iteration          21 , residue   2.54734704187796     
 
2022 year  2 month 28 day 19:30: 6
 Iteration          22 , residue   1.62250994582888     
 
2022 year  2 month 28 day 19:30:12
 Iteration          23 , residue   1.33997164548871     
 
2022 year  2 month 28 day 19:30:18
 Iteration          24 , residue   1.23753083240859     
 
2022 year  2 month 28 day 19:30:23
 Iteration          25 , residue   1.23753083240859     
 
2022 year  2 month 28 day 19:30:24
 Iteration          26 , residue  0.866765892774543     
 
2022 year  2 month 28 day 19:30:30
 Iteration          27 , residue  0.802038660826364     
 
2022 year  2 month 28 day 19:30:36
 Iteration          28 , residue  0.789291941968927     
 
2022 year  2 month 28 day 19:30:41
 Iteration          29 , residue  0.707322529462216     
 
2022 year  2 month 28 day 19:30:47
 Iteration          30 , residue  0.678438804122454     
 
2022 year  2 month 28 day 19:30:53
 Iteration          31 , residue  0.661003740544145     
 
2022 year  2 month 28 day 19:30:59
 Iteration          32 , residue  0.644342937523812     
 
2022 year  2 month 28 day 19:31: 4
 Iteration          33 , residue  0.638601739113815     
 
2022 year  2 month 28 day 19:31:10
 Iteration          34 , residue  0.582559798392798     
 
2022 year  2 month 28 day 19:31:16
 Iteration          35 , residue  0.571855428649867     
 
2022 year  2 month 28 day 19:31:22
 Iteration          36 , residue  0.560320881164592     
 
2022 year  2 month 28 day 19:31:27
 Iteration          37 , residue  0.550405889607816     
 
2022 year  2 month 28 day 19:31:33
 Iteration          38 , residue  0.540830876085693     
 
2022 year  2 month 28 day 19:31:39
 Iteration          39 , residue  0.532285230287733     
 
2022 year  2 month 28 day 19:31:45
 Iteration          40 , residue  0.524275221147909     
 
2022 year  2 month 28 day 19:31:50
 Iteration          41 , residue  0.517011967607352     
 
2022 year  2 month 28 day 19:31:56
 Iteration          42 , residue  0.510359569646587     
 
2022 year  2 month 28 day 19:32: 2
 Iteration          43 , residue  0.504353245280775     
 
2022 year  2 month 28 day 19:32: 8
 Iteration          44 , residue  0.498643063916404     
 
2022 year  2 month 28 day 19:32:13
 Iteration          45 , residue  0.492520553184171     
 
2022 year  2 month 28 day 19:32:19
 Iteration          46 , residue  0.484997325211470     
 
2022 year  2 month 28 day 19:32:25
 Iteration          47 , residue  0.475884020796133     
 
2022 year  2 month 28 day 19:32:31
 Iteration          48 , residue  0.466290420430024     
 
2022 year  2 month 28 day 19:32:36
 Iteration          49 , residue  0.457575242759572     
 
2022 year  2 month 28 day 19:32:42
 Iteration          50 , residue  0.450088393371603     
 
2022 year  2 month 28 day 19:32:48
 Iteration          51 , residue  0.443473101656936     
 
2022 year  2 month 28 day 19:32:54
 Iteration          52 , residue  0.437337046729019     
 
2022 year  2 month 28 day 19:32:59
 Iteration          53 , residue  0.431462168521295     
 
2022 year  2 month 28 day 19:33: 5
 Iteration          54 , residue  0.425746761718404     
 
2022 year  2 month 28 day 19:33:11
 Iteration          55 , residue  0.420144885771941     
 
2022 year  2 month 28 day 19:33:17
 Iteration          56 , residue  0.414626821135946     
 
2022 year  2 month 28 day 19:33:22
 Iteration          57 , residue  0.409139424455241     
 
2022 year  2 month 28 day 19:33:28
 Iteration          58 , residue  0.403443170958357     
 
2022 year  2 month 28 day 19:33:34
 Iteration          59 , residue  0.399490606101414     
 
2022 year  2 month 28 day 19:33:40
 Iteration          60 , residue  0.392226768205865     
 
2022 year  2 month 28 day 19:33:45
 Iteration          61 , residue  0.384907113674157     
 
2022 year  2 month 28 day 19:33:51
 Iteration          62 , residue  0.380707453424815     
 
2022 year  2 month 28 day 19:33:57
 Iteration          63 , residue  0.374119794943344     
 
2022 year  2 month 28 day 19:34: 3
 Iteration          64 , residue  0.369683073958527     
 
2022 year  2 month 28 day 19:34: 8
 Iteration          65 , residue  0.363959959496695     
 
2022 year  2 month 28 day 19:34:14
 Iteration          66 , residue  0.359327025069256     
 
2022 year  2 month 28 day 19:34:20
 Iteration          67 , residue  0.354223121784984     
 
2022 year  2 month 28 day 19:34:26
 Iteration          68 , residue  0.349567981354372     
 
2022 year  2 month 28 day 19:34:31
 Iteration          69 , residue  0.344904220833239     
 
2022 year  2 month 28 day 19:34:37
 Iteration          70 , residue  0.340516877913466     
 
2022 year  2 month 28 day 19:34:43
 Iteration          71 , residue  0.336315186557411     
 
2022 year  2 month 28 day 19:34:48
 Iteration          72 , residue  0.332355961911343     
 
2022 year  2 month 28 day 19:34:54
 Iteration          73 , residue  0.328636539967465     
 
2022 year  2 month 28 day 19:35: 0
 Iteration          74 , residue  0.325222359156305     
 
2022 year  2 month 28 day 19:35: 6
 Iteration          75 , residue  0.322217411929145     
 
2022 year  2 month 28 day 19:35:11
 Iteration          76 , residue  0.319825583838573     
 
2022 year  2 month 28 day 19:35:17
 Iteration          77 , residue  0.318425757616075     
 
2022 year  2 month 28 day 19:35:23
 Iteration          78 , residue  0.311984709825328     
 
2022 year  2 month 28 day 19:35:29
 Iteration          79 , residue  0.310358349464201     
 
2022 year  2 month 28 day 19:35:34
 Iteration          80 , residue  0.309124839534470     
 
2022 year  2 month 28 day 19:35:40
 Iteration          81 , residue  0.307967055098363     
 
2022 year  2 month 28 day 19:35:46
 Iteration          82 , residue  0.306956978161290     
 
2022 year  2 month 28 day 19:35:52
 Iteration          83 , residue  0.306086126489026     
 
2022 year  2 month 28 day 19:35:57
 Iteration          84 , residue  0.305390148619646     
 
2022 year  2 month 28 day 19:36: 3
 Iteration          85 , residue  0.302376157743968     
 
2022 year  2 month 28 day 19:36: 9
 Iteration          86 , residue  0.301683039145024     
 
2022 year  2 month 28 day 19:36:15
 Iteration          87 , residue  0.301063048946530     
 
2022 year  2 month 28 day 19:36:20
 Iteration          88 , residue  0.300444351772891     
 
2022 year  2 month 28 day 19:36:26
 Iteration          89 , residue  0.299831731032333     
 
2022 year  2 month 28 day 19:36:32
 Iteration          90 , residue  0.299220256285618     
 
2022 year  2 month 28 day 19:36:38
 Iteration          91 , residue  0.298608010390415     
 
2022 year  2 month 28 day 19:36:43
 Iteration          92 , residue  0.297992149581522     
 
2022 year  2 month 28 day 19:36:49
 Iteration          93 , residue  0.297369901025470     
 
2022 year  2 month 28 day 19:36:55
 Iteration          94 , residue  0.296738417186672     
 
2022 year  2 month 28 day 19:37: 1
 Iteration          95 , residue  0.296095163367130     
 
2022 year  2 month 28 day 19:37: 6
 Iteration          96 , residue  0.295438393757981     
 
2022 year  2 month 28 day 19:37:12
 Iteration          97 , residue  0.294767902636383     
 
2022 year  2 month 28 day 19:37:18
 Iteration          98 , residue  0.294085951532832     
 
2022 year  2 month 28 day 19:37:24
 Iteration          99 , residue  0.293398063324408     
 
2022 year  2 month 28 day 19:37:29
 Iteration         100 , residue  0.292712587714530     
 
2022 year  2 month 28 day 19:37:35
 Iteration         101 , residue  0.292035838266815     
 
2022 year  2 month 28 day 19:37:41
 Iteration         102 , residue  0.291355066521049     
 
2022 year  2 month 28 day 19:37:47
 Iteration         103 , residue  0.288772115282462     
 Failed trust region: max iteration exceeded!
 Final residual =   0.288772115282462     
The final residue = 0.281253

Mon Feb 28 19:37:47 2022
Mission success
