 Trust region warning: step length has converged, but residual has not met accur
 acy goal
 Final residual =   1.095177299624762E-010
 Trust region warning: step length has converged, but residual has not met accur
 acy goal
 Final residual =   1.045001609370494E-010
 Trust region warning: step length has converged, but residual has not met accur
 acy goal
 Final residual =   5.997972781363691E-011
 Trust region warning: step length has converged, but residual has not met accur
 acy goal
 Final residual =   1.326301829032447E-010
 Trust region warning: step length has converged, but residual has not met accur
 acy goal
 Final residual =   1.238250823424920E-010
 Trust region warning: step length has converged, but residual has not met accur
 acy goal
 Final residual =   1.380185848211111E-010
 Trust region warning: step length has converged, but residual has not met accur
 acy goal
 Final residual =   1.245556476719894E-010
 Trust region warning: step length has converged, but residual has not met accur
 acy goal
 Final residual =   9.908409423170501E-011
 Trust region warning: step length has converged, but residual has not met accur
 acy goal
 Final residual =   3.036752718265969E-010
 Trust region warning: step length has converged, but residual has not met accur
 acy goal
 Final residual =   1.516032369875614E-010
 Trust region warning: step length has converged, but residual has not met accur
 acy goal
 Final residual =   7.679456413033746E-011
 Trust region warning: step length has converged, but residual has not met accur
 acy goal
 Final residual =   1.481760307241256E-010
 Trust region warning: step length has converged, but residual has not met accur
 acy goal
 Final residual =   1.347505558260654E-010
 Trust region warning: step length has converged, but residual has not met accur
 acy goal
 Final residual =   1.180798910586684E-010
 Trust region warning: step length has converged, but residual has not met accur
 acy goal
 Final residual =   4.356305689675449E-011
 Trust region warning: step length has converged, but residual has not met accur
 acy goal
 Final residual =   1.223114752323073E-010
 Trust region warning: step length has converged, but residual has not met accur
 acy goal
 Final residual =   9.444165984857500E-011
 Trust region warning: step length has converged, but residual has not met accur
 acy goal
 Final residual =   1.216707345220870E-010
 Trust region warning: step length has converged, but residual has not met accur
 acy goal
 Final residual =   5.916081105972289E-011
 Trust region warning: step length has converged, but residual has not met accur
 acy goal
 Final residual =   2.248571163427578E-011
 Trust region warning: step length has converged, but residual has not met accur
 acy goal
 Final residual =   8.833422418744599E-011
 Trust region warning: step length has converged, but residual has not met accur
 acy goal
 Final residual =   1.583947837475914E-010
 Trust region warning: step length has converged, but residual has not met accur
 acy goal
 Final residual =   1.313827154375927E-010
 Trust region warning: step length has converged, but residual has not met accur
 acy goal
 Final residual =   1.702548606211330E-010
 Trust region warning: step length has converged, but residual has not met accur
 acy goal
 Final residual =   1.623168914518721E-010
 Trust region warning: step length has converged, but residual has not met accur
 acy goal
 Final residual =   1.254858540656923E-010
 Trust region warning: step length has converged, but residual has not met accur
 acy goal
 Final residual =   1.540537204722808E-010
 Trust region warning: step length has converged, but residual has not met accur
 acy goal
 Final residual =   1.093074996621259E-010
 Trust region warning: step length has converged, but residual has not met accur
 acy goal
 Final residual =   2.051536948211215E-010
 Trust region warning: step length has converged, but residual has not met accur
 acy goal
 Final residual =   7.138233620250437E-011
 Trust region warning: step length has converged, but residual has not met accur
 acy goal
 Final residual =   7.777430987864506E-011
 Trust region warning: step length has converged, but residual has not met accur
 acy goal
 Final residual =   8.852803151754256E-011
 Trust region warning: step length has converged, but residual has not met accur
 acy goal
 Final residual =   1.632455497551326E-010
 Trust region warning: step length has converged, but residual has not met accur
 acy goal
 Final residual =   2.615706932358135E-010
 Trust region warning: step length has converged, but residual has not met accur
 acy goal
 Final residual =   6.894517779847626E-011
 Trust region warning: step length has converged, but residual has not met accur
 acy goal
 Final residual =   2.497462359116569E-010
 Trust region warning: step length has converged, but residual has not met accur
 acy goal
 Final residual =   1.366712066859524E-010
 Trust region warning: step length has converged, but residual has not met accur
 acy goal
 Final residual =   1.454397548012323E-010
 Trust region warning: step length has converged, but residual has not met accur
 acy goal
 Final residual =   2.556814189316999E-010
 Trust region warning: step length has converged, but residual has not met accur
 acy goal
 Final residual =   9.957258105876128E-011
 Trust region warning: step length has converged, but residual has not met accur
 acy goal
 Final residual =   1.336082162415285E-010
 Trust region warning: step length has converged, but residual has not met accur
 acy goal
 Final residual =   1.289739707294140E-010
 Trust region warning: step length has converged, but residual has not met accur
 acy goal
 Final residual =   9.968310381636962E-011
 Trust region warning: step length has converged, but residual has not met accur
 acy goal
 Final residual =   1.723190738360677E-010
 Trust region warning: step length has converged, but residual has not met accur
 acy goal
 Final residual =   1.550630008838269E-010
 Trust region warning: step length has converged, but residual has not met accur
 acy goal
 Final residual =   1.872656675726988E-010
 Trust region warning: step length has converged, but residual has not met accur
 acy goal
 Final residual =   2.070369394433368E-010
 Trust region warning: step length has converged, but residual has not met accur
 acy goal
 Final residual =   9.563197407412389E-011
 Trust region warning: step length has converged, but residual has not met accur
 acy goal
 Final residual =   1.500650137947959E-010
 Trust region warning: step length has converged, but residual has not met accur
 acy goal
 Final residual =   8.179804548353283E-011
 Trust region warning: step length has converged, but residual has not met accur
 acy goal
 Final residual =   1.979412779898489E-010
 Trust region warning: step length has converged, but residual has not met accur
 acy goal
 Final residual =   9.110043640865316E-011
 Trust region warning: step length has converged, but residual has not met accur
 acy goal
 Final residual =   1.494751056419486E-010
 Trust region warning: step length has converged, but residual has not met accur
 acy goal
 Final residual =   1.294528614933947E-010
 Trust region warning: step length has converged, but residual has not met accur
 acy goal
 Final residual =   1.017398026733219E-010
 Trust region warning: step length has converged, but residual has not met accur
 acy goal
 Final residual =   8.328999278971535E-011
 Trust region warning: step length has converged, but residual has not met accur
 acy goal
 Final residual =   1.217931329436889E-010
 Trust region warning: step length has converged, but residual has not met accur
 acy goal
 Final residual =   1.375112651881326E-010
 Trust region warning: step length has converged, but residual has not met accur
 acy goal
 Final residual =   2.202547537079098E-010
 Trust region warning: step length has converged, but residual has not met accur
 acy goal
 Final residual =   1.719431217951634E-010
 Trust region warning: step length has converged, but residual has not met accur
 acy goal
 Final residual =   1.148448619396924E-010
 Trust region warning: step length has converged, but residual has not met accur
 acy goal
 Final residual =   3.695775679530806E-010
 Trust region warning: step length has converged, but residual has not met accur
 acy goal
 Final residual =   5.081779314926995E-011
 Trust region warning: step length has converged, but residual has not met accur
 acy goal
 Final residual =   1.397044558853617E-010
 Trust region warning: step length has converged, but residual has not met accur
 acy goal
 Final residual =   1.586599433241776E-010
 Trust region warning: step length has converged, but residual has not met accur
 acy goal
 Final residual =   1.268275860906552E-010
 Trust region warning: step length has converged, but residual has not met accur
 acy goal
 Final residual =   1.717311835258826E-010
 Trust region warning: step length has converged, but residual has not met accur
 acy goal
 Final residual =   2.174339157636743E-010
 Trust region warning: step length has converged, but residual has not met accur
 acy goal
 Final residual =   1.123203307597834E-010
 Trust region warning: step length has converged, but residual has not met accur
 acy goal
 Final residual =   1.560222991148430E-010
 Trust region warning: step length has converged, but residual has not met accur
 acy goal
 Final residual =   9.656195595588887E-011
 Trust region warning: step length has converged, but residual has not met accur
 acy goal
 Final residual =   1.452984261214960E-010
 Trust region warning: step length has converged, but residual has not met accur
 acy goal
 Final residual =   8.773188555531689E-011
 Trust region warning: step length has converged, but residual has not met accur
 acy goal
 Final residual =   4.740954021246109E-011
 Trust region warning: step length has converged, but residual has not met accur
 acy goal
 Final residual =   4.740954021246109E-011
 Trust region warning: step length has converged, but residual has not met accur
 acy goal
 Final residual =   9.831088748074656E-011
 Trust region warning: step length has converged, but residual has not met accur
 acy goal
 Final residual =   1.353773850409463E-010
 Trust region warning: step length has converged, but residual has not met accur
 acy goal
 Final residual =   2.828453723631545E-010
 Trust region warning: step length has converged, but residual has not met accur
 acy goal
 Final residual =   6.351827389203621E-011
 Trust region warning: step length has converged, but residual has not met accur
 acy goal
 Final residual =   8.781704991986560E-011
 Trust region warning: step length has converged, but residual has not met accur
 acy goal
 Final residual =   1.119138890044850E-010
 Trust region warning: step length has converged, but residual has not met accur
 acy goal
 Final residual =   1.388622614494066E-010
 Trust region warning: step length has converged, but residual has not met accur
 acy goal
 Final residual =   9.251912186053099E-011
 Trust region warning: step length has converged, but residual has not met accur
 acy goal
 Final residual =   8.987860705313808E-011
 Trust region warning: step length has converged, but residual has not met accur
 acy goal
 Final residual =   1.939944667377251E-010
 Trust region warning: step length has converged, but residual has not met accur
 acy goal
 Final residual =   1.597877762515221E-010
 Trust region warning: step length has converged, but residual has not met accur
 acy goal
 Final residual =   2.639272996153103E-010
 Trust region warning: step length has converged, but residual has not met accur
 acy goal
 Final residual =   5.835018753990413E-011
 Trust region warning: step length has converged, but residual has not met accur
 acy goal
 Final residual =   1.474841509977583E-010
 Trust region warning: step length has converged, but residual has not met accur
 acy goal
 Final residual =   1.666215862426154E-010
 Trust region warning: step length has converged, but residual has not met accur
 acy goal
 Final residual =   1.317666658964514E-010
 Trust region warning: step length has converged, but residual has not met accur
 acy goal
 Final residual =   1.261472213837422E-010
 Trust region warning: step length has converged, but residual has not met accur
 acy goal
 Final residual =   1.744094533116864E-010
 Trust region warning: step length has converged, but residual has not met accur
 acy goal
 Final residual =   1.766173728238000E-010
 Trust region warning: step length has converged, but residual has not met accur
 acy goal
 Final residual =   1.045398138172637E-010
 Trust region warning: step length has converged, but residual has not met accur
 acy goal
 Final residual =   6.466549969045867E-011
 Trust region warning: step length has converged, but residual has not met accur
 acy goal
 Final residual =   1.133191047260849E-010
 Trust region warning: step length has converged, but residual has not met accur
 acy goal
 Final residual =   1.901320126338347E-010
 Trust region warning: step length has converged, but residual has not met accur
 acy goal
 Final residual =   1.373631038994146E-010
 Trust region warning: step length has converged, but residual has not met accur
 acy goal
 Final residual =   1.535935543461634E-010
 Trust region warning: step length has converged, but residual has not met accur
 acy goal
 Final residual =   9.283498935640628E-011
 Trust region warning: step length has converged, but residual has not met accur
 acy goal
 Final residual =   2.628583403075197E-010
 Trust region warning: step length has converged, but residual has not met accur
 acy goal
 Final residual =   1.508583312666547E-010
 Trust region warning: step length has converged, but residual has not met accur
 acy goal
 Final residual =   1.779367897321723E-010
 Trust region warning: step length has converged, but residual has not met accur
 acy goal
 Final residual =   1.470790537938045E-010
 Trust region warning: step length has converged, but residual has not met accur
 acy goal
 Final residual =   1.091866830575788E-010
 Trust region warning: step length has converged, but residual has not met accur
 acy goal
 Final residual =   3.338663432096830E-010
 Trust region warning: step length has converged, but residual has not met accur
 acy goal
 Final residual =   9.715417898561199E-011
 Trust region warning: step length has converged, but residual has not met accur
 acy goal
 Final residual =   3.985121978337111E-010
 Trust region warning: step length has converged, but residual has not met accur
 acy goal
 Final residual =   1.188922523093355E-010
 Trust region warning: step length has converged, but residual has not met accur
 acy goal
 Final residual =   4.922993281672002E-011
 Trust region warning: step length has converged, but residual has not met accur
 acy goal
 Final residual =   1.688491325715524E-010
 Trust region warning: step length has converged, but residual has not met accur
 acy goal
 Final residual =   9.582664043035795E-011
 Trust region warning: step length has converged, but residual has not met accur
 acy goal
 Final residual =   1.353918734004944E-010
 Trust region warning: step length has converged, but residual has not met accur
 acy goal
 Final residual =   1.048978617667987E-010
 Trust region warning: step length has converged, but residual has not met accur
 acy goal
 Final residual =   1.464034241799675E-010
 Trust region warning: step length has converged, but residual has not met accur
 acy goal
 Final residual =   1.405406510093521E-010
 Trust region warning: step length has converged, but residual has not met accur
 acy goal
 Final residual =   1.533257593365601E-010
 Trust region warning: step length has converged, but residual has not met accur
 acy goal
 Final residual =   5.463442705596426E-011
 Trust region warning: step length has converged, but residual has not met accur
 acy goal
 Final residual =   2.702506690038847E-010
 Trust region warning: step length has converged, but residual has not met accur
 acy goal
 Final residual =   1.706306975009907E-010
 Trust region warning: step length has converged, but residual has not met accur
 acy goal
 Final residual =   1.055942979526165E-010
 Trust region warning: step length has converged, but residual has not met accur
 acy goal
 Final residual =   9.851124526338971E-011
 Trust region warning: step length has converged, but residual has not met accur
 acy goal
 Final residual =   1.240424280011975E-010
 Trust region warning: step length has converged, but residual has not met accur
 acy goal
 Final residual =   1.277588740470236E-010
 Trust region warning: step length has converged, but residual has not met accur
 acy goal
 Final residual =   1.135298772550646E-010
 Trust region warning: step length has converged, but residual has not met accur
 acy goal
 Final residual =   8.671530729627456E-011
 Trust region warning: step length has converged, but residual has not met accur
 acy goal
 Final residual =   1.175438304162871E-010
 Trust region warning: step length has converged, but residual has not met accur
 acy goal
 Final residual =   1.098976233614786E-010
 Trust region warning: step length has converged, but residual has not met accur
 acy goal
 Final residual =   1.468404146828233E-010
 Trust region warning: step length has converged, but residual has not met accur
 acy goal
 Final residual =   1.049328735033815E-010
 Trust region warning: step length has converged, but residual has not met accur
 acy goal
 Final residual =   8.950542066270893E-011
 Trust region warning: step length has converged, but residual has not met accur
 acy goal
 Final residual =   1.045545871943536E-010
 Trust region warning: step length has converged, but residual has not met accur
 acy goal
 Final residual =   2.645990234142082E-010
 Trust region warning: step length has converged, but residual has not met accur
 acy goal
 Final residual =   1.051652807243852E-010
 Trust region warning: step length has converged, but residual has not met accur
 acy goal
 Final residual =   5.333020856319063E-011
 Trust region warning: step length has converged, but residual has not met accur
 acy goal
 Final residual =   2.163623801062221E-010
 Trust region warning: step length has converged, but residual has not met accur
 acy goal
 Final residual =   8.479082808717314E-011
 Trust region warning: step length has converged, but residual has not met accur
 acy goal
 Final residual =   9.649493422040709E-011
 Trust region warning: step length has converged, but residual has not met accur
 acy goal
 Final residual =   1.385810106324899E-010
 Trust region warning: step length has converged, but residual has not met accur
 acy goal
 Final residual =   6.136339982423893E-011
 Trust region warning: step length has converged, but residual has not met accur
 acy goal
 Final residual =   6.929071896874531E-011
 Trust region warning: step length has converged, but residual has not met accur
 acy goal
 Final residual =   7.533415470509897E-011
 Trust region warning: step length has converged, but residual has not met accur
 acy goal
 Final residual =   1.301833492297467E-010
 Trust region warning: step length has converged, but residual has not met accur
 acy goal
 Final residual =   1.509669261947755E-010
 Trust region warning: step length has converged, but residual has not met accur
 acy goal
 Final residual =   1.594047912120406E-010
 Trust region warning: step length has converged, but residual has not met accur
 acy goal
 Final residual =   1.483657401832833E-010
 Trust region warning: step length has converged, but residual has not met accur
 acy goal
 Final residual =   1.310215544640963E-010
 Trust region warning: step length has converged, but residual has not met accur
 acy goal
 Final residual =   1.601155371575881E-010
 Trust region warning: step length has converged, but residual has not met accur
 acy goal
 Final residual =   2.070056642999755E-010
 Trust region warning: step length has converged, but residual has not met accur
 acy goal
 Final residual =   1.277061989488773E-010
 Trust region warning: step length has converged, but residual has not met accur
 acy goal
 Final residual =   1.318484226168428E-010
 Trust region warning: step length has converged, but residual has not met accur
 acy goal
 Final residual =   4.405051250097987E-011
 Trust region warning: step length has converged, but residual has not met accur
 acy goal
 Final residual =   1.265216724757620E-010
 Trust region warning: step length has converged, but residual has not met accur
 acy goal
 Final residual =   1.211357851021450E-010
 Trust region warning: step length has converged, but residual has not met accur
 acy goal
 Final residual =   1.815118402670851E-010
 Trust region warning: step length has converged, but residual has not met accur
 acy goal
 Final residual =   9.729618949298374E-011
 Trust region warning: step length has converged, but residual has not met accur
 acy goal
 Final residual =   1.122877961376354E-010
 Trust region warning: step length has converged, but residual has not met accur
 acy goal
 Final residual =   8.616400585277591E-011
 Trust region warning: step length has converged, but residual has not met accur
 acy goal
 Final residual =   1.790444281172640E-010
 Trust region warning: step length has converged, but residual has not met accur
 acy goal
 Final residual =   2.872652311845540E-010
 Trust region warning: step length has converged, but residual has not met accur
 acy goal
 Final residual =   5.607800946946549E-011
 Trust region warning: step length has converged, but residual has not met accur
 acy goal
 Final residual =   1.610672513389299E-010
 Trust region warning: step length has converged, but residual has not met accur
 acy goal
 Final residual =   1.119525393461818E-010
 Failed trust region: max iteration exceeded!
 Final residual =    3.88458439622501     
 Failed trust region: max iteration exceeded!
 Final residual =    3.55776931466384     
 Failed trust region: max iteration exceeded!
 Final residual =    3.25360543513253     
 Failed trust region: max iteration exceeded!
 Final residual =    2.96069974304521     
 Failed trust region: max iteration exceeded!
 Final residual =    2.68489222900894     
 Failed trust region: max iteration exceeded!
 Final residual =    2.42362621106174     
 Failed trust region: max iteration exceeded!
 Final residual =    2.17161282911305     
 Failed trust region: max iteration exceeded!
 Final residual =    1.91769415444979     
 Failed trust region: max iteration exceeded!
 Final residual =    1.70583188395124     
 Failed trust region: max iteration exceeded!
 Final residual =    1.49765133819691     
 Failed trust region: max iteration exceeded!
 Final residual =    1.29802420052003     
 Failed trust region: max iteration exceeded!
 Final residual =    1.07832382866130     
 Failed trust region: max iteration exceeded!
 Final residual =   0.899247457909246     
 Failed trust region: max iteration exceeded!
 Final residual =   0.734122731416869     
 Failed trust region: max iteration exceeded!
 Final residual =   0.481854391050626     
 Failed trust region: max iteration exceeded!
 Final residual =   0.349490750316987     
