 Trust region warning: step length has converged, but residual has not met accur
 acy goal
 Final residual =   1.509877592054246E-008
 Trust region warning: step length has converged, but residual has not met accur
 acy goal
 Final residual =   1.414117263672139E-008
 Trust region warning: step length has converged, but residual has not met accur
 acy goal
 Final residual =   3.202131247098514E-009
 Trust region warning: step length has converged, but residual has not met accur
 acy goal
 Final residual =   2.013897769986953E-008
 Trust region warning: step length has converged, but residual has not met accur
 acy goal
 Final residual =   2.013897769986953E-008
Critics: a critical geometry searcher
Yifan Shen 2021

Echo of user command line input:
/home/yshen/Software/Mine/diabatz/tools/critics/v0/critics.exe -j min -f default -i opt.IntCoordDef -t 4 -d default IntCoordDef SAS.in Hd.in Hd.net 11.in 12.in 13.in 14.in 22.in 23.in 24.in 33.in 34.in 44.in -x min-A2.xyz -c 14 15 16 17 18 19 20 21 22 23 24 25 26 27 28 29 30 31 32 33 34 35 36

Fri Apr  8 22:47:59 2022

Job type: min
The target electronic state is 4

Fri Apr  8 22:48:10 2022
Mission success
