Diabatz version 1.3.0
Yifan Shen 2021

Echo of user command line input:
/home/yshen57/Software/Mine/diabatz/v1.3.0/diabatz.exe --pretrained default IntCoordDef SAS.in pretrain-Hd.in pretrain-Hd.net pretrain-11.in pretrain-12.in pretrain-13.in pretrain-14.in pretrain-22.in pretrain-23.in pretrain-24.in pretrain-33.in pretrain-34.in pretrain-44.in -f default -i IntCoordDef -s SAS.in -n Hd.in -l 11.in 12.in 13.in 14.in 22.in 23.in 24.in 33.in 34.in 44.in -d data/critical/no-deg_list.txt data/linear-path/min-B1_min-B2/ data/other/benzene/list.txt data/other/in-benzene/list.txt data/other/out-of-benzene/list.txt data/other/NH2-angles/list.txt data/fast/list.txt data/other/fast_bound_N-H/list.txt data/artifact/asymptote/ --energy_data data/artifact/fast-B2/list.txt data/artifact/asymptote-B2/ -z -286.1075216397 -r regularization/reg -p regularization/prior -m 20

Wed Apr 20 17:14:09 2022

The data set will be read from: 
    data/critical/min-A1/, data/critical/sad-A1/, data/critical/min-B1/, 
    data/critical/sad-B1/, data/critical/min-B2/, data/critical/sad-B2/, data/critical/min-A2/, 
    data/critical/sad-A2/, data/linear-path/min-B1_min-B2/, 
    data/other/benzene/A1-9/0-13_4-states/, data/other/benzene/A1-9/14-19_4-states/, data/other/benzene/A1-10/, 
    data/other/benzene/B1-14/0-5_4-states/, data/other/benzene/B1-14/6-9_4-states/, data/other/benzene/B1-15/, 
    data/other/benzene/B2-27/, data/other/benzene/A2-33/, data/other/in-benzene/A1-11/, 
    data/other/in-benzene/A1-12/, data/other/in-benzene/B2-28/, data/other/in-benzene/B2-29/, 
    data/other/in-benzene/B2-30/, data/other/out-of-benzene/B1-16_H/0-5_4-states/, 
    data/other/out-of-benzene/B1-16_H/6-10_4-states/, data/other/out-of-benzene/B1-17_H/0-9_4-states/, 
    data/other/out-of-benzene/B1-17_H/10-12_4-states/, data/other/out-of-benzene/B1-18_H/, 
    data/other/out-of-benzene/B1-19_N/0-2_4-states/, data/other/out-of-benzene/B1-19_N/3-4_4-states/, 
    data/other/out-of-benzene/A2-34_H/0-6_4-states/, data/other/out-of-benzene/A2-34_H/7_3-states/, 
    data/other/out-of-benzene/A2-34_H/8-10_4-states/, data/other/out-of-benzene/A2-35_H/0-2_4-states/, 
    data/other/out-of-benzene/A2-35_H/3-7_3-states/, data/other/NH2-angles/H-N-H_from_min-B1/0-18_4-states/, 
    data/other/NH2-angles/H-N-H_from_min-B1/19_3-states/, data/other/NH2-angles/H-N-H_from_min-A1/, 
    data/other/NH2-angles/C-N-avgH_from_min-B1/0-11_4-states/, data/other/NH2-angles/C-N-avgH_from_min-B1/12-13_5to4-states/, 
    data/other/NH2-angles/C-out-of-NH2/0-9_4-states/, data/other/NH2-angles/C-out-of-NH2/10-14_5to4-states/, 
    data/other/NH2-angles/NH2-rotation_from_min-B1/0.1/, data/other/NH2-angles/NH2-rotation_from_min-B1/0.2/, 
    data/other/NH2-angles/NH2-rotation_from_min-B1/0.3/, data/other/NH2-angles/NH2-rotation_from_min-B1/0.4/, 
    data/other/NH2-angles/NH2-rotation_from_min-B1/0.5/, data/other/NH2-angles/NH2-rotation_from_min-B1/0.6/, 
    data/other/NH2-angles/NH2-rotation_from_min-B1/0.7/, data/other/NH2-angles/NH2-rotation_from_min-B1/0.8/, 
    data/other/NH2-angles/NH2-rotation_from_min-B1/0.9/, data/other/NH2-angles/NH2-rotation_from_min-B1/1.0/, 
    data/other/NH2-angles/NH2-rotation_from_min-B1/1.1/, data/other/NH2-angles/NH2-rotation_from_min-B1/1.2/, 
    data/other/NH2-angles/NH2-rotation_from_min-B1/1.3/, data/other/NH2-angles/NH2-rotation_from_min-B1/1.4/, 
    data/other/NH2-angles/NH2-rotation_from_min-B1/1.5/, data/other/NH2-angles/NH2-rotation_from_min-B1/1.6/, 
    data/other/NH2-angles/NH2-rotation_from_min-B1/1.7/, data/other/NH2-angles/NH2-rotation_from_min-B1/1.8/, 
    data/other/NH2-angles/NH2-rotation_from_min-B1/1.9/, data/other/NH2-angles/NH2-rotation_from_min-B1/2.0/, 
    data/other/NH2-angles/NH2-rotation_from_min-B1/2.1/, data/other/NH2-angles/NH2-rotation_from_min-B1/2.2/, 
    data/other/NH2-angles/NH2-rotation_from_min-A1/0.1/, data/other/NH2-angles/NH2-rotation_from_min-A1/0.2/, 
    data/other/NH2-angles/NH2-rotation_from_min-A1/0.3/, data/other/NH2-angles/NH2-rotation_from_min-A1/0.4/, 
    data/other/NH2-angles/NH2-rotation_from_min-A1/0.5/, data/other/NH2-angles/NH2-rotation_from_min-A1/0.6/, 
    data/other/NH2-angles/NH2-rotation_from_min-A1/0.7/, data/other/NH2-angles/NH2-rotation_from_min-A1/0.8/, 
    data/other/NH2-angles/NH2-rotation_from_min-A1/0.9/, data/other/NH2-angles/NH2-rotation_from_min-A1/1.0/, 
    data/other/NH2-angles/NH2-rotation_from_min-A1/1.1/, data/other/NH2-angles/NH2-rotation_from_min-A1/1.2/, 
    data/other/NH2-angles/NH2-rotation_from_min-A1/1.3/, data/other/NH2-angles/NH2-rotation_from_min-A1/1.4/, 
    data/other/NH2-angles/NH2-rotation_from_min-A1/1.5/, data/other/NH2-angles/NH2-rotation_from_min-A1/1.6/, 
    data/other/NH2-angles/NH2-rotation_from_min-A1/1.7/, data/other/NH2-angles/NH2-rotation_from_min-A1/1.8/, 
    data/other/NH2-angles/NH2-rotation_from_min-A1/1.9/, data/other/NH2-angles/NH2-rotation_from_min-A1/2.0/, 
    data/other/NH2-angles/NH2-rotation_from_min-A1/2.1/, data/other/NH2-angles/NH2-rotation_from_min-A1/2.2/, data/fast/0.7/, 
    data/fast/0.8/, data/fast/0.9/, data/fast/1.1/, data/fast/1.2/, data/fast/1.4/, 
    data/fast/1.5/, data/fast/1.6/, data/fast/1.7/, data/fast/1.9/, data/fast/2.0/, 
    data/fast/2.1/, data/fast/2.2/, data/fast/2.3/, data/fast/2.4/, data/fast/2.5/, 
    data/fast/2.6/, data/fast/2.7/, data/fast/2.8/, data/fast/2.9/, data/fast/3/, 
    data/fast/4/, data/fast/5/, data/fast/6/, data/fast/6_partial-loop/, 
    data/other/fast_bound_N-H/1.1/, data/other/fast_bound_N-H/1.2/, data/other/fast_bound_N-H/1.3/, 
    data/other/fast_bound_N-H/1.4/, data/other/fast_bound_N-H/1.5/, data/artifact/asymptote/, 
There are 1440 data points in adiabatic representation
          1 data points in composite representation

The data set will be read from: 
    data/artifact/fast-B2/1.9/, data/artifact/fast-B2/2.0/, 
    data/artifact/fast-B2/2.1/, data/artifact/fast-B2/2.2/, data/artifact/fast-B2/2.3/, 
    data/artifact/fast-B2/2.4/, data/artifact/fast-B2/2.5/, data/artifact/fast-B2/2.6/, 
    data/artifact/fast-B2/2.7/, data/artifact/fast-B2/2.8/, data/artifact/fast-B2/2.9/, 
    data/artifact/fast-B2/3/, data/artifact/fast-B2/4/, data/artifact/fast-B2/5/, 
    data/artifact/fast-B2/6/, data/artifact/asymptote-B2/, 
There are 115 data points without gradient

maximum ground state energy = 0.228122
maximum ||ground state energy gradient||_infinity = 0.703726
so we suggest to set gradient / energy scaling to around 3.08487

Got regularization strength, enable regularization

The number of threads = 4

Thread 1:
* owns 360 adiabatic data points
* owns 1 composite data points
* owns 29 energy-only data points
* starts with Jacobian row 0
Thread 2:
* owns 360 adiabatic data points
* owns 0 composite data points
* owns 29 energy-only data points
* starts with Jacobian row 61746
Thread 3:
* owns 360 adiabatic data points
* owns 0 composite data points
* owns 29 energy-only data points
* starts with Jacobian row 123375
Thread 4:
* owns 360 adiabatic data points
* owns 0 composite data points
* owns 28 energy-only data points
* starts with Jacobian row 201623

The data set corresponds to 274765 least square equations
There are 1440 parameters to train

The initial residue = 51.4209
 
2022 year  4 month 20 day 17:33:27
 Iteration           1 , residue   23.7950333108285     
 
2022 year  4 month 20 day 17:38: 1
 Iteration           2 , residue   10.7068762332458     
 
2022 year  4 month 20 day 17:42:29
 Iteration           3 , residue   8.95533438451729     
 
2022 year  4 month 20 day 17:46:49
 Iteration           4 , residue   6.06980588244544     
 
2022 year  4 month 20 day 17:51:23
 Iteration           5 , residue   5.60373740180592     
 
2022 year  4 month 20 day 17:55:56
 Iteration           6 , residue   5.28705835526188     
 
2022 year  4 month 20 day 18: 0:30
 Iteration           7 , residue   5.28705835526188     
 
2022 year  4 month 20 day 18: 0:43
 Iteration           8 , residue   4.67658046432823     
 
2022 year  4 month 20 day 18: 5: 0
 Iteration           9 , residue   4.35465147843358     
 
2022 year  4 month 20 day 18: 9:33
 Iteration          10 , residue   3.78941693175677     
 
2022 year  4 month 20 day 18:14: 6
 Iteration          11 , residue   3.12752131797061     
 
2022 year  4 month 20 day 18:18:39
 Iteration          12 , residue   2.95856096601539     
 
2022 year  4 month 20 day 18:22:54
 Iteration          13 , residue   2.95856096601539     
 
2022 year  4 month 20 day 18:23: 6
 Iteration          14 , residue   2.93831646073596     
 
2022 year  4 month 20 day 18:27:47
 Iteration          15 , residue   2.93831646073596     
 
2022 year  4 month 20 day 18:28: 0
 Iteration          16 , residue   2.93146059249073     
 
2022 year  4 month 20 day 18:32:33
 Iteration          17 , residue   2.92741255785664     
 
2022 year  4 month 20 day 18:37: 3
 Iteration          18 , residue   2.92457433854239     
 
2022 year  4 month 20 day 18:41:20
 Iteration          19 , residue   2.92249041685033     
 
2022 year  4 month 20 day 18:45:10
 Iteration          20 , residue   2.91711146335087     
 
2022 year  4 month 20 day 18:49:35
 Iteration          21 , residue   2.91415951671651     
 
2022 year  4 month 20 day 18:53:59
 Iteration          22 , residue   2.91172204448892     
 
2022 year  4 month 20 day 18:58:24
 Iteration          23 , residue   2.90936887559611     
 Failed trust region: max iteration exceeded!
 Final residual =    2.90936887559611     
The final residue = 2.89969

Wed Apr 20 18:58:30 2022
Mission success
