Diabatz version 1.0.0
Yifan Shen 2021

Echo of user command line input:
/home/yshen/Software/Mine/diabatz/v1.0.0/diabatz.exe --pretrained default IntCoordDef SAS.in pretrain/C2v_Hd.in pretrain/C2v_Hd.net pretrain/C2v_11.in -f default -i IntCoordDef -s SAS.in -n single.in -l HN-C2v.in -d data/list.txt data/NH2-angles/list.txt -z -286.1075216397 -r regularization/reg -p regularization/prior -m 5

Mon Apr  4 21:35:57 2022

The data set will be read from: 
    data/min-A1/, data/sad-A1/, data/min-B1/, data/min-B2/, data/sad-B2/, 
    data/min-A2/, data/NH2-angles/C-N-avgH_from_min-B1/, data/NH2-angles/C-out-of-NH2/, 
    data/NH2-angles/H-N-H_from_min-A1/, data/NH2-angles/H-N-H_from_min-B1/, 
    data/NH2-angles/NH2-rotation_from_min-A1/0.1/, data/NH2-angles/NH2-rotation_from_min-A1/0.2/, 
    data/NH2-angles/NH2-rotation_from_min-A1/0.3/, data/NH2-angles/NH2-rotation_from_min-A1/0.7/, 
    data/NH2-angles/NH2-rotation_from_min-A1/0.8/, data/NH2-angles/NH2-rotation_from_min-A1/0.9/, 
    data/NH2-angles/NH2-rotation_from_min-A1/1.0/, data/NH2-angles/NH2-rotation_from_min-A1/1.1/, 
    data/NH2-angles/NH2-rotation_from_min-A1/1.2/, data/NH2-angles/NH2-rotation_from_min-A1/1.3/, 
    data/NH2-angles/NH2-rotation_from_min-A1/1.4/, data/NH2-angles/NH2-rotation_from_min-A1/1.5/, 
    data/NH2-angles/NH2-rotation_from_min-A1/1.6/, data/NH2-angles/NH2-rotation_from_min-A1/1.7/, 
    data/NH2-angles/NH2-rotation_from_min-A1/1.8/, data/NH2-angles/NH2-rotation_from_min-A1/1.9/, 
    data/NH2-angles/NH2-rotation_from_min-A1/2.0/, data/NH2-angles/NH2-rotation_from_min-A1/2.1/, 
    data/NH2-angles/NH2-rotation_from_min-A1/2.2/, data/NH2-angles/NH2-rotation_from_min-B1/0.1/, 
    data/NH2-angles/NH2-rotation_from_min-B1/0.2/, data/NH2-angles/NH2-rotation_from_min-B1/0.3/, 
    data/NH2-angles/NH2-rotation_from_min-B1/0.4/, data/NH2-angles/NH2-rotation_from_min-B1/0.5/, 
    data/NH2-angles/NH2-rotation_from_min-B1/0.6/, data/NH2-angles/NH2-rotation_from_min-B1/0.7/, 
    data/NH2-angles/NH2-rotation_from_min-B1/0.8/, data/NH2-angles/NH2-rotation_from_min-B1/0.9/, 
    data/NH2-angles/NH2-rotation_from_min-B1/1.0/, data/NH2-angles/NH2-rotation_from_min-B1/1.1/, 
    data/NH2-angles/NH2-rotation_from_min-B1/1.2/, data/NH2-angles/NH2-rotation_from_min-B1/1.3/, 
    data/NH2-angles/NH2-rotation_from_min-B1/1.4/, data/NH2-angles/NH2-rotation_from_min-B1/1.5/, 
    data/NH2-angles/NH2-rotation_from_min-B1/1.6/, data/NH2-angles/NH2-rotation_from_min-B1/1.7/, 
    data/NH2-angles/NH2-rotation_from_min-B1/1.8/, data/NH2-angles/NH2-rotation_from_min-B1/2.2/, 
There are 509 data points in adiabatic representation
          0 data points in composite representation

maximum ground state energy = 0.30328
maximum ||ground state energy gradient||_infinity = 0.147585
so we suggest to set gradient / energy scaling to around 0.486628

Got regularization strength, enable regularization

The number of threads = 4

Thread 1:
* owns 128 adiabatic data points
* owns 0 composite data points
* owns 0 energy-only data points
* starts with Jacobian row 0
Thread 2:
* owns 127 adiabatic data points
* owns 0 composite data points
* owns 0 energy-only data points
* starts with Jacobian row 2656
Thread 3:
* owns 127 adiabatic data points
* owns 0 composite data points
* owns 0 energy-only data points
* starts with Jacobian row 5431
Thread 4:
* owns 127 adiabatic data points
* owns 0 composite data points
* owns 0 energy-only data points
* starts with Jacobian row 7907

The data set corresponds to 10986 least square equations
There are 192 parameters to train

The initial residue = 1.86713
 
2022 year  4 month  4 day 21:36:39
 Iteration           1 , residue  0.404581732281090     
 Trust region warning: step length has converged, but residual has not met accur
 acy goal
 Final residual =   0.404581732281090     
The final residue = 0.397884

Mon Apr  4 21:36:40 2022
Mission success
