Diabatz version 1.3.0
Yifan Shen 2021

Echo of user command line input:
/home/yshen57/Software/Mine/diabatz/v1.3.0/diabatz.exe --pretrained default IntCoordDef SAS.in pretrained_Hd.in pretrained_Hd.net pretrained_11.in -f default -i IntCoordDef -s SAS.in -n Hd.in -l 11.in -d data/critical/list.txt data/fast/list.txt data/slow/list.txt data/linear-path/list.txt data/other/A1-rotation/list.txt data/other/B1-rotation/list.txt data/artifact/asymptote/ -z -286.1075216397

Mon Feb 28 19:02:02 2022

The data set will be read from: 
    data/critical/min-A1/, data/critical/sad-A1/, data/critical/min-B1/, 
    data/critical/sad-B1/, data/critical/min-B2/, data/critical/sad-B2/, data/critical/min-A2/, 
    data/critical/sad-A2/, data/critical/mex-B1-B2/, data/critical/mex-B2-A2/, data/fast/0.7/, 
    data/fast/0.8/, data/fast/0.9/, data/fast/1.1/, data/fast/1.2/, data/fast/1.4/, 
    data/fast/1.5/, data/fast/1.6/, data/fast/1.7/, data/fast/1.9/, data/fast/2.0/, 
    data/fast/2.1/, data/fast/2.2/, data/fast/2.3/, data/fast/2.4/, data/fast/2.5/, 
    data/fast/2.6/, data/fast/2.7/, data/fast/2.8/, data/fast/2.9/, data/fast/3/, 
    data/fast/4/, data/fast/5/, data/fast/6/, data/fast/6_partial-loop/, data/slow/0.7/, 
    data/slow/0.8/, data/slow/0.9/, data/slow/1.1/, data/slow/1.2/, data/slow/1.3/, 
    data/slow/1.4/, data/slow/1.5/, data/slow/1.6/, data/slow/1.7/, 
    data/linear-path/min-B1_min-B2/, data/linear-path/1.1-fast-slow/, data/linear-path/1.2-fast-slow/, 
    data/linear-path/1.3-fast-slow/, data/linear-path/1.4-fast-slow/, data/linear-path/1.5-fast-slow/, 
    data/linear-path/1.6-fast-slow/, data/linear-path/1.7-fast-slow/, data/other/A1-rotation/0.1/, 
    data/other/A1-rotation/0.2/, data/other/A1-rotation/0.3/, data/other/A1-rotation/0.4/, 
    data/other/A1-rotation/0.5/, data/other/A1-rotation/0.6/, data/other/A1-rotation/0.7/, 
    data/other/A1-rotation/0.8/, data/other/A1-rotation/0.9/, data/other/A1-rotation/1.0/, 
    data/other/A1-rotation/1.1/, data/other/A1-rotation/1.2/, data/other/A1-rotation/1.3/, 
    data/other/A1-rotation/1.4/, data/other/A1-rotation/1.5/, data/other/A1-rotation/1.6/, 
    data/other/A1-rotation/1.7/, data/other/A1-rotation/1.8/, data/other/A1-rotation/1.9/, 
    data/other/A1-rotation/2.0/, data/other/A1-rotation/2.1/, data/other/A1-rotation/2.2/, 
    data/other/B1-rotation/0.1/, data/other/B1-rotation/0.2/, data/other/B1-rotation/0.3/, 
    data/other/B1-rotation/0.4/, data/other/B1-rotation/0.5/, data/other/B1-rotation/0.6/, 
    data/other/B1-rotation/0.7/, data/other/B1-rotation/0.8/, data/other/B1-rotation/0.9/, 
    data/other/B1-rotation/1.0/, data/other/B1-rotation/1.1/, data/other/B1-rotation/1.2/, 
    data/other/B1-rotation/1.3/, data/other/B1-rotation/1.4/, data/other/B1-rotation/1.5/, 
    data/other/B1-rotation/1.6/, data/other/B1-rotation/1.7/, data/other/B1-rotation/1.8/, 
    data/other/B1-rotation/1.9/, data/other/B1-rotation/2.0/, data/other/B1-rotation/2.1/, 
    data/other/B1-rotation/2.2/, data/artifact/asymptote/, 
There are 1849 data points in adiabatic representation
          0 data points in composite representation

maximum ground state energy = 0.254234
maximum ||ground state energy gradient||_infinity = 0.703726
so we suggest to set gradient / energy scaling to around 2.76803

The number of threads = 4

Thread 1:
* owns 463 adiabatic data points
* owns 0 composite data points
* owns 0 energy-only data points
* starts with Jacobian row 0
Thread 2:
* owns 462 adiabatic data points
* owns 0 composite data points
* owns 0 energy-only data points
* starts with Jacobian row 10533
Thread 3:
* owns 462 adiabatic data points
* owns 0 composite data points
* owns 0 energy-only data points
* starts with Jacobian row 23411
Thread 4:
* owns 462 adiabatic data points
* owns 0 composite data points
* owns 0 energy-only data points
* starts with Jacobian row 39636

The data set corresponds to 54996 least square equations
There are 3331 parameters to train

The initial residue = 29.9054
 
2022 year  2 month 28 day 19: 9: 8
 Iteration           1 , residue   29.9053622295954     
 
2022 year  2 month 28 day 19: 9:14
 Iteration           2 , residue   20.9678873454365     
 
2022 year  2 month 28 day 19: 9:28
 Iteration           3 , residue   14.7666844016825     
 
2022 year  2 month 28 day 19: 9:41
 Iteration           4 , residue   14.7666844016825     
 
2022 year  2 month 28 day 19: 9:47
 Iteration           5 , residue   8.44763701835188     
 
2022 year  2 month 28 day 19:10: 0
 Iteration           6 , residue   5.54290048105336     
 
2022 year  2 month 28 day 19:10:13
 Iteration           7 , residue   4.10937966086724     
 
2022 year  2 month 28 day 19:10:26
 Iteration           8 , residue   3.47548901508053     
 
2022 year  2 month 28 day 19:10:40
 Iteration           9 , residue   2.42598218220476     
 
2022 year  2 month 28 day 19:10:53
 Iteration          10 , residue   1.61549848788088     
 
2022 year  2 month 28 day 19:11: 6
 Iteration          11 , residue   1.61549848788088     
 
2022 year  2 month 28 day 19:11:12
 Iteration          12 , residue  0.875840417400122     
 
2022 year  2 month 28 day 19:11:24
 Iteration          13 , residue  0.504416537410928     
 
2022 year  2 month 28 day 19:11:37
 Iteration          14 , residue  0.504416537410928     
 
2022 year  2 month 28 day 19:11:43
 Iteration          15 , residue  0.418110893215175     
 
2022 year  2 month 28 day 19:11:55
 Iteration          16 , residue  0.355122444386511     
 
2022 year  2 month 28 day 19:12: 8
 Iteration          17 , residue  0.333832833005390     
 
2022 year  2 month 28 day 19:12:21
 Iteration          18 , residue  0.317839051635015     
 
2022 year  2 month 28 day 19:12:33
 Iteration          19 , residue  0.306531025832808     
 
2022 year  2 month 28 day 19:12:46
 Iteration          20 , residue  0.297275213891675     
 
2022 year  2 month 28 day 19:12:59
 Iteration          21 , residue  0.289439846261627     
 
2022 year  2 month 28 day 19:13:11
 Iteration          22 , residue  0.282688603345139     
 
2022 year  2 month 28 day 19:13:24
 Iteration          23 , residue  0.276686968486149     
 
2022 year  2 month 28 day 19:13:38
 Iteration          24 , residue  0.271200768440565     
 
2022 year  2 month 28 day 19:13:51
 Iteration          25 , residue  0.266151341557561     
 
2022 year  2 month 28 day 19:14: 5
 Iteration          26 , residue  0.261515481082772     
 
2022 year  2 month 28 day 19:14:18
 Iteration          27 , residue  0.257346301314435     
 
2022 year  2 month 28 day 19:14:32
 Iteration          28 , residue  0.253680955715208     
 
2022 year  2 month 28 day 19:14:44
 Iteration          29 , residue  0.250450091558211     
 
2022 year  2 month 28 day 19:14:57
 Iteration          30 , residue  0.247552989965750     
 
2022 year  2 month 28 day 19:15:10
 Iteration          31 , residue  0.244896929998217     
 
2022 year  2 month 28 day 19:15:22
 Iteration          32 , residue  0.242432349732284     
 
2022 year  2 month 28 day 19:15:35
 Iteration          33 , residue  0.240109729710765     
 
2022 year  2 month 28 day 19:15:47
 Iteration          34 , residue  0.237894811751120     
 
2022 year  2 month 28 day 19:16: 0
 Iteration          35 , residue  0.235782489441748     
 
2022 year  2 month 28 day 19:16:12
 Iteration          36 , residue  0.233798016569165     
 
2022 year  2 month 28 day 19:16:25
 Iteration          37 , residue  0.231944634732868     
 
2022 year  2 month 28 day 19:16:37
 Iteration          38 , residue  0.230014712850278     
 
2022 year  2 month 28 day 19:16:50
 Iteration          39 , residue  0.228260856370452     
 
2022 year  2 month 28 day 19:17: 2
 Iteration          40 , residue  0.226577938001394     
 
2022 year  2 month 28 day 19:17:15
 Iteration          41 , residue  0.224951180431981     
 
2022 year  2 month 28 day 19:17:27
 Iteration          42 , residue  0.223377887944343     
 
2022 year  2 month 28 day 19:17:40
 Iteration          43 , residue  0.221853617159297     
 
2022 year  2 month 28 day 19:17:52
 Iteration          44 , residue  0.220371495574534     
 
2022 year  2 month 28 day 19:18: 4
 Iteration          45 , residue  0.218924901170739     
 
2022 year  2 month 28 day 19:18:17
 Iteration          46 , residue  0.217510103787829     
 
2022 year  2 month 28 day 19:18:29
 Iteration          47 , residue  0.216124872094353     
 
2022 year  2 month 28 day 19:18:42
 Iteration          48 , residue  0.214768442128275     
 
2022 year  2 month 28 day 19:18:54
 Iteration          49 , residue  0.213440587697115     
 
2022 year  2 month 28 day 19:19: 7
 Iteration          50 , residue  0.212141223649507     
 
2022 year  2 month 28 day 19:19:19
 Iteration          51 , residue  0.210870069580629     
 
2022 year  2 month 28 day 19:19:32
 Iteration          52 , residue  0.209626687588113     
 
2022 year  2 month 28 day 19:19:44
 Iteration          53 , residue  0.208410450218785     
 
2022 year  2 month 28 day 19:19:57
 Iteration          54 , residue  0.207220561724598     
 
2022 year  2 month 28 day 19:20: 9
 Iteration          55 , residue  0.206055984893144     
 
2022 year  2 month 28 day 19:20:21
 Iteration          56 , residue  0.204915976322899     
 
2022 year  2 month 28 day 19:20:34
 Iteration          57 , residue  0.203797448564493     
 
2022 year  2 month 28 day 19:20:46
 Iteration          58 , residue  0.202702564104045     
 
2022 year  2 month 28 day 19:20:59
 Iteration          59 , residue  0.201635920032381     
 
2022 year  2 month 28 day 19:21:11
 Iteration          60 , residue  0.200617297649648     
 
2022 year  2 month 28 day 19:21:23
 Iteration          61 , residue  0.199671244949785     
 
2022 year  2 month 28 day 19:21:36
 Iteration          62 , residue  0.198805376486906     
 
2022 year  2 month 28 day 19:21:48
 Iteration          63 , residue  0.198002502581981     
 
2022 year  2 month 28 day 19:22: 1
 Iteration          64 , residue  0.197218660374552     
 
2022 year  2 month 28 day 19:22:13
 Iteration          65 , residue  0.196380100940203     
 
2022 year  2 month 28 day 19:22:26
 Iteration          66 , residue  0.195658585720641     
 
2022 year  2 month 28 day 19:22:38
 Iteration          67 , residue  0.195092083413864     
 
2022 year  2 month 28 day 19:22:50
 Iteration          68 , residue  0.192594454818873     
 
2022 year  2 month 28 day 19:23: 3
 Iteration          69 , residue  0.192115718278342     
 
2022 year  2 month 28 day 19:23:15
 Iteration          70 , residue  0.191654443519007     
 
2022 year  2 month 28 day 19:23:28
 Iteration          71 , residue  0.191197348392573     
 
2022 year  2 month 28 day 19:23:40
 Iteration          72 , residue  0.190744863032332     
 
2022 year  2 month 28 day 19:23:53
 Iteration          73 , residue  0.190296540550434     
 
2022 year  2 month 28 day 19:24: 5
 Iteration          74 , residue  0.189852245757645     
 
2022 year  2 month 28 day 19:24:17
 Iteration          75 , residue  0.189411829668408     
 
2022 year  2 month 28 day 19:24:30
 Iteration          76 , residue  0.188975232124499     
 
2022 year  2 month 28 day 19:24:42
 Iteration          77 , residue  0.188542408860360     
 
2022 year  2 month 28 day 19:24:55
 Iteration          78 , residue  0.188113442554413     
 
2022 year  2 month 28 day 19:25: 7
 Iteration          79 , residue  0.187688491780075     
 
2022 year  2 month 28 day 19:25:19
 Iteration          80 , residue  0.187267622409580     
 
2022 year  2 month 28 day 19:25:32
 Iteration          81 , residue  0.186851202153323     
 
2022 year  2 month 28 day 19:25:44
 Iteration          82 , residue  0.186439367921789     
 
2022 year  2 month 28 day 19:25:57
 Iteration          83 , residue  0.186032135334107     
 
2022 year  2 month 28 day 19:26: 9
 Iteration          84 , residue  0.185629212538560     
 
2022 year  2 month 28 day 19:26:22
 Iteration          85 , residue  0.185230655422293     
 
2022 year  2 month 28 day 19:26:34
 Iteration          86 , residue  0.184832735046004     
 
2022 year  2 month 28 day 19:26:47
 Iteration          87 , residue  0.184436753781589     
 
2022 year  2 month 28 day 19:26:59
 Iteration          88 , residue  0.184041031350327     
 
2022 year  2 month 28 day 19:27:12
 Iteration          89 , residue  0.183645240617655     
 
2022 year  2 month 28 day 19:27:24
 Iteration          90 , residue  0.183249741962915     
 
2022 year  2 month 28 day 19:27:37
 Iteration          91 , residue  0.182855443574878     
 
2022 year  2 month 28 day 19:27:49
 Iteration          92 , residue  0.182463588109781     
 
2022 year  2 month 28 day 19:28: 1
 Iteration          93 , residue  0.182075521915152     
 
2022 year  2 month 28 day 19:28:14
 Iteration          94 , residue  0.181692500893808     
 
2022 year  2 month 28 day 19:28:26
 Iteration          95 , residue  0.181315556726787     
 
2022 year  2 month 28 day 19:28:39
 Iteration          96 , residue  0.180945416447327     
 
2022 year  2 month 28 day 19:28:51
 Iteration          97 , residue  0.180582469981679     
 
2022 year  2 month 28 day 19:29: 4
 Iteration          98 , residue  0.180226810878870     
 
2022 year  2 month 28 day 19:29:16
 Iteration          99 , residue  0.179878454630434     
 
2022 year  2 month 28 day 19:29:29
 Iteration         100 , residue  0.179537715940108     
 
2022 year  2 month 28 day 19:29:41
 Iteration         101 , residue  0.179205753919974     
 
2022 year  2 month 28 day 19:29:53
 Iteration         102 , residue  0.178047432110156     
 
2022 year  2 month 28 day 19:30: 6
 Iteration         103 , residue  0.177844623055647     
 
2022 year  2 month 28 day 19:30:18
 Iteration         104 , residue  0.177649859429620     
 Failed trust region: max iteration exceeded!
 Final residual =   0.177649859429619     
The final residue = 0.17765

Mon Feb 28 19:30:19 2022
Mission success
