 Trust region warning: step length has converged, but residual has not met accur
 acy goal
 Final residual =   1.121631663305293E-010
 Trust region warning: step length has converged, but residual has not met accur
 acy goal
 Final residual =   5.834018324337600E-011
 Trust region warning: step length has converged, but residual has not met accur
 acy goal
 Final residual =   1.071875197289582E-010
 Trust region warning: step length has converged, but residual has not met accur
 acy goal
 Final residual =   9.764862180575413E-011
 Trust region warning: step length has converged, but residual has not met accur
 acy goal
 Final residual =   5.475886586987259E-011
 Trust region warning: step length has converged, but residual has not met accur
 acy goal
 Final residual =   8.837330059532091E-011
 Trust region warning: step length has converged, but residual has not met accur
 acy goal
 Final residual =   1.705747710260456E-010
 Trust region warning: step length has converged, but residual has not met accur
 acy goal
 Final residual =   6.165089992382793E-011
 Trust region warning: step length has converged, but residual has not met accur
 acy goal
 Final residual =   1.072703981829282E-010
 Trust region warning: step length has converged, but residual has not met accur
 acy goal
 Final residual =   8.549117997083542E-011
 Trust region warning: step length has converged, but residual has not met accur
 acy goal
 Final residual =   1.405022649932831E-010
 Trust region warning: step length has converged, but residual has not met accur
 acy goal
 Final residual =   1.378527918237506E-010
 Trust region warning: step length has converged, but residual has not met accur
 acy goal
 Final residual =   1.278954552010137E-010
 Trust region warning: step length has converged, but residual has not met accur
 acy goal
 Final residual =   1.121103190598929E-010
 Trust region warning: step length has converged, but residual has not met accur
 acy goal
 Final residual =   8.124418650676278E-011
 Trust region warning: step length has converged, but residual has not met accur
 acy goal
 Final residual =   9.622625892379074E-011
 Trust region warning: step length has converged, but residual has not met accur
 acy goal
 Final residual =   7.828210182347810E-011
 Trust region warning: step length has converged, but residual has not met accur
 acy goal
 Final residual =   1.882106212622489E-010
 Trust region warning: step length has converged, but residual has not met accur
 acy goal
 Final residual =   9.986510004826308E-011
 Trust region warning: step length has converged, but residual has not met accur
 acy goal
 Final residual =   6.271404003786528E-011
 Trust region warning: step length has converged, but residual has not met accur
 acy goal
 Final residual =   1.351099683770488E-010
 Trust region warning: step length has converged, but residual has not met accur
 acy goal
 Final residual =   1.364583846385385E-010
 Trust region warning: step length has converged, but residual has not met accur
 acy goal
 Final residual =   8.980858100642387E-011
 Trust region warning: step length has converged, but residual has not met accur
 acy goal
 Final residual =   1.760349759060065E-010
 Trust region warning: step length has converged, but residual has not met accur
 acy goal
 Final residual =   1.292790303374600E-010
 Trust region warning: step length has converged, but residual has not met accur
 acy goal
 Final residual =   1.967721463655962E-010
 Trust region warning: step length has converged, but residual has not met accur
 acy goal
 Final residual =   5.628074164460913E-011
 Trust region warning: step length has converged, but residual has not met accur
 acy goal
 Final residual =   1.249789640451261E-010
 Trust region warning: step length has converged, but residual has not met accur
 acy goal
 Final residual =   7.595488301601134E-011
 Trust region warning: step length has converged, but residual has not met accur
 acy goal
 Final residual =   1.366068409948768E-010
 Trust region warning: step length has converged, but residual has not met accur
 acy goal
 Final residual =   4.057375854877558E-010
 Trust region warning: step length has converged, but residual has not met accur
 acy goal
 Final residual =   6.253419709048458E-011
 Trust region warning: step length has converged, but residual has not met accur
 acy goal
 Final residual =   1.877626078170904E-010
 Trust region warning: step length has converged, but residual has not met accur
 acy goal
 Final residual =   1.612587581325405E-010
 Trust region warning: step length has converged, but residual has not met accur
 acy goal
 Final residual =   1.165475933497162E-010
 Trust region warning: step length has converged, but residual has not met accur
 acy goal
 Final residual =   1.086446069060601E-010
 Trust region warning: step length has converged, but residual has not met accur
 acy goal
 Final residual =   1.654091800862417E-010
 Trust region warning: step length has converged, but residual has not met accur
 acy goal
 Final residual =   1.935334847659817E-010
 Trust region warning: step length has converged, but residual has not met accur
 acy goal
 Final residual =   1.707771879407896E-010
 Trust region warning: step length has converged, but residual has not met accur
 acy goal
 Final residual =   1.636592848238527E-010
 Trust region warning: step length has converged, but residual has not met accur
 acy goal
 Final residual =   1.120717325243866E-010
 Trust region warning: step length has converged, but residual has not met accur
 acy goal
 Final residual =   1.874261428246952E-010
 Trust region warning: step length has converged, but residual has not met accur
 acy goal
 Final residual =   8.922564296814491E-011
 Trust region warning: step length has converged, but residual has not met accur
 acy goal
 Final residual =   9.652574959081337E-011
 Trust region warning: step length has converged, but residual has not met accur
 acy goal
 Final residual =   9.307881403779589E-011
 Trust region warning: step length has converged, but residual has not met accur
 acy goal
 Final residual =   8.166534407691734E-011
 Trust region warning: step length has converged, but residual has not met accur
 acy goal
 Final residual =   7.732154054529780E-011
 Trust region warning: step length has converged, but residual has not met accur
 acy goal
 Final residual =   1.002378817632624E-010
 Trust region warning: step length has converged, but residual has not met accur
 acy goal
 Final residual =   1.035920485064444E-010
 Trust region warning: step length has converged, but residual has not met accur
 acy goal
 Final residual =   4.856380961421590E-011
 Trust region warning: step length has converged, but residual has not met accur
 acy goal
 Final residual =   7.020624207059111E-011
 Trust region warning: step length has converged, but residual has not met accur
 acy goal
 Final residual =   1.164327377954150E-010
 Trust region warning: step length has converged, but residual has not met accur
 acy goal
 Final residual =   1.294747720905113E-010
 Trust region warning: step length has converged, but residual has not met accur
 acy goal
 Final residual =   8.709946608391107E-011
 Trust region warning: step length has converged, but residual has not met accur
 acy goal
 Final residual =   1.413151157632302E-010
 Trust region warning: step length has converged, but residual has not met accur
 acy goal
 Final residual =   2.138447271634123E-010
 Trust region warning: step length has converged, but residual has not met accur
 acy goal
 Final residual =   1.029443758514530E-010
 Trust region warning: step length has converged, but residual has not met accur
 acy goal
 Final residual =   5.818864180503418E-011
 Trust region warning: step length has converged, but residual has not met accur
 acy goal
 Final residual =   1.712351630284687E-010
 Trust region warning: step length has converged, but residual has not met accur
 acy goal
 Final residual =   3.419957746248435E-011
 Trust region warning: step length has converged, but residual has not met accur
 acy goal
 Final residual =   1.191362695781049E-010
 Trust region warning: step length has converged, but residual has not met accur
 acy goal
 Final residual =   9.215487244950367E-011
 Trust region warning: step length has converged, but residual has not met accur
 acy goal
 Final residual =   1.109374029092922E-010
 Trust region warning: step length has converged, but residual has not met accur
 acy goal
 Final residual =   6.805695383724191E-011
 Trust region warning: step length has converged, but residual has not met accur
 acy goal
 Final residual =   8.635494887998691E-011
 Trust region warning: step length has converged, but residual has not met accur
 acy goal
 Final residual =   9.221796807888039E-011
 Trust region warning: step length has converged, but residual has not met accur
 acy goal
 Final residual =   1.046126955686512E-010
 Trust region warning: step length has converged, but residual has not met accur
 acy goal
 Final residual =   9.626952376570213E-011
 Trust region warning: step length has converged, but residual has not met accur
 acy goal
 Final residual =   1.088610810081401E-010
 Trust region warning: step length has converged, but residual has not met accur
 acy goal
 Final residual =   1.211177409666959E-010
 Trust region warning: step length has converged, but residual has not met accur
 acy goal
 Final residual =   1.706955312874364E-010
 Trust region warning: step length has converged, but residual has not met accur
 acy goal
 Final residual =   1.380935169183373E-010
 Trust region warning: step length has converged, but residual has not met accur
 acy goal
 Final residual =   1.646008604387418E-010
 Trust region warning: step length has converged, but residual has not met accur
 acy goal
 Final residual =   5.156126611691611E-011
 Trust region warning: step length has converged, but residual has not met accur
 acy goal
 Final residual =   1.785060132347682E-010
 Trust region warning: step length has converged, but residual has not met accur
 acy goal
 Final residual =   1.705564497520023E-010
 Trust region warning: step length has converged, but residual has not met accur
 acy goal
 Final residual =   1.551105656853415E-010
 Trust region warning: step length has converged, but residual has not met accur
 acy goal
 Final residual =   1.587057354963027E-010
 Trust region warning: step length has converged, but residual has not met accur
 acy goal
 Final residual =   3.197896101261692E-010
 Trust region warning: step length has converged, but residual has not met accur
 acy goal
 Final residual =   8.236639252470541E-011
 Trust region warning: step length has converged, but residual has not met accur
 acy goal
 Final residual =   1.460635825835603E-010
 Trust region warning: step length has converged, but residual has not met accur
 acy goal
 Final residual =   1.244689203283001E-010
 Trust region warning: step length has converged, but residual has not met accur
 acy goal
 Final residual =   1.231206827933173E-010
 Trust region warning: step length has converged, but residual has not met accur
 acy goal
 Final residual =   1.269711902025305E-010
 Trust region warning: step length has converged, but residual has not met accur
 acy goal
 Final residual =   8.025462241184804E-011
 Trust region warning: step length has converged, but residual has not met accur
 acy goal
 Final residual =   1.249621940070686E-010
 Trust region warning: step length has converged, but residual has not met accur
 acy goal
 Final residual =   1.047043872044103E-010
 Trust region warning: step length has converged, but residual has not met accur
 acy goal
 Final residual =   3.862811802173960E-011
 Trust region warning: step length has converged, but residual has not met accur
 acy goal
 Final residual =   2.127366622349136E-010
 Trust region warning: step length has converged, but residual has not met accur
 acy goal
 Final residual =   9.554342324540739E-011
 Trust region warning: step length has converged, but residual has not met accur
 acy goal
 Final residual =   8.736926929724821E-011
 Trust region warning: step length has converged, but residual has not met accur
 acy goal
 Final residual =   1.069890011917173E-010
 Trust region warning: step length has converged, but residual has not met accur
 acy goal
 Final residual =   8.562882462570634E-011
 Trust region warning: step length has converged, but residual has not met accur
 acy goal
 Final residual =   6.691138300945513E-011
 Trust region warning: step length has converged, but residual has not met accur
 acy goal
 Final residual =   9.689572555678420E-011
 Trust region warning: step length has converged, but residual has not met accur
 acy goal
 Final residual =   2.798535018748794E-011
 Trust region warning: step length has converged, but residual has not met accur
 acy goal
 Final residual =   1.615449911326870E-010
 Trust region warning: step length has converged, but residual has not met accur
 acy goal
 Final residual =   6.068797079957204E-011
 Trust region warning: step length has converged, but residual has not met accur
 acy goal
 Final residual =   8.187736761710556E-011
 Trust region warning: step length has converged, but residual has not met accur
 acy goal
 Final residual =   2.113707177907876E-010
 Trust region warning: step length has converged, but residual has not met accur
 acy goal
 Final residual =   8.263756117442681E-011
 Trust region warning: step length has converged, but residual has not met accur
 acy goal
 Final residual =   1.278297101100512E-010
 Trust region warning: step length has converged, but residual has not met accur
 acy goal
 Final residual =   1.977428912579115E-010
 Trust region warning: step length has converged, but residual has not met accur
 acy goal
 Final residual =   6.417254166165630E-011
 Trust region warning: step length has converged, but residual has not met accur
 acy goal
 Final residual =   5.821918157004391E-011
 Trust region warning: step length has converged, but residual has not met accur
 acy goal
 Final residual =   5.821918157004391E-011
 Trust region warning: step length has converged, but residual has not met accur
 acy goal
 Final residual =   3.563290352764886E-011
 Trust region warning: step length has converged, but residual has not met accur
 acy goal
 Final residual =   6.304129826481229E-011
 Trust region warning: step length has converged, but residual has not met accur
 acy goal
 Final residual =   1.225730583093917E-010
 Trust region warning: step length has converged, but residual has not met accur
 acy goal
 Final residual =   1.571638422636010E-010
 Trust region warning: step length has converged, but residual has not met accur
 acy goal
 Final residual =   1.444499892927918E-010
 Trust region warning: step length has converged, but residual has not met accur
 acy goal
 Final residual =   1.026994122430854E-010
 Trust region warning: step length has converged, but residual has not met accur
 acy goal
 Final residual =   1.098509084219737E-010
 Trust region warning: step length has converged, but residual has not met accur
 acy goal
 Final residual =   5.259210765675548E-011
 Trust region warning: step length has converged, but residual has not met accur
 acy goal
 Final residual =   1.118975336935616E-010
 Trust region warning: step length has converged, but residual has not met accur
 acy goal
 Final residual =   1.632446160480271E-010
 Trust region warning: step length has converged, but residual has not met accur
 acy goal
 Final residual =   1.148497245043831E-010
 Trust region warning: step length has converged, but residual has not met accur
 acy goal
 Final residual =   1.412249159606749E-010
 Trust region warning: step length has converged, but residual has not met accur
 acy goal
 Final residual =   1.256139849567202E-010
 Trust region warning: step length has converged, but residual has not met accur
 acy goal
 Final residual =   1.845738152570804E-010
 Trust region warning: step length has converged, but residual has not met accur
 acy goal
 Final residual =   7.086488418610680E-011
 Trust region warning: step length has converged, but residual has not met accur
 acy goal
 Final residual =   1.016609674334472E-010
 Trust region warning: step length has converged, but residual has not met accur
 acy goal
 Final residual =   1.371339446751932E-010
 Trust region warning: step length has converged, but residual has not met accur
 acy goal
 Final residual =   7.044726386460384E-011
 Trust region warning: step length has converged, but residual has not met accur
 acy goal
 Final residual =   1.056888679323989E-010
 Trust region warning: step length has converged, but residual has not met accur
 acy goal
 Final residual =   1.247631485164240E-010
 Trust region warning: step length has converged, but residual has not met accur
 acy goal
 Final residual =   1.230045336196735E-010
 Trust region warning: step length has converged, but residual has not met accur
 acy goal
 Final residual =   1.101475153283710E-010
 Trust region warning: step length has converged, but residual has not met accur
 acy goal
 Final residual =   1.031139914350127E-010
 Trust region warning: step length has converged, but residual has not met accur
 acy goal
 Final residual =   1.250780557732958E-010
 Trust region warning: step length has converged, but residual has not met accur
 acy goal
 Final residual =   1.864714594153429E-010
 Trust region warning: step length has converged, but residual has not met accur
 acy goal
 Final residual =   4.160366803249366E-011
 Trust region warning: step length has converged, but residual has not met accur
 acy goal
 Final residual =   1.484952334187901E-010
 Trust region warning: step length has converged, but residual has not met accur
 acy goal
 Final residual =   2.181957029130594E-010
 Trust region warning: step length has converged, but residual has not met accur
 acy goal
 Final residual =   1.058750845198307E-010
 Trust region warning: step length has converged, but residual has not met accur
 acy goal
 Final residual =   1.628884470253026E-010
 Trust region warning: step length has converged, but residual has not met accur
 acy goal
 Final residual =   1.803460267366430E-010
 Trust region warning: step length has converged, but residual has not met accur
 acy goal
 Final residual =   1.475670008852561E-010
 Trust region warning: step length has converged, but residual has not met accur
 acy goal
 Final residual =   8.728162808269149E-011
 Trust region warning: step length has converged, but residual has not met accur
 acy goal
 Final residual =   1.233348847707252E-010
 Trust region warning: step length has converged, but residual has not met accur
 acy goal
 Final residual =   3.535718845238476E-010
 Trust region warning: step length has converged, but residual has not met accur
 acy goal
 Final residual =   8.648142356795199E-011
 Trust region warning: step length has converged, but residual has not met accur
 acy goal
 Final residual =   1.540794720962535E-010
 Trust region warning: step length has converged, but residual has not met accur
 acy goal
 Final residual =   1.308905713626936E-010
 Trust region warning: step length has converged, but residual has not met accur
 acy goal
 Final residual =   1.375511083879227E-010
 Trust region warning: step length has converged, but residual has not met accur
 acy goal
 Final residual =   9.528481698805436E-011
 Trust region warning: step length has converged, but residual has not met accur
 acy goal
 Final residual =   6.454425299843716E-011
 Trust region warning: step length has converged, but residual has not met accur
 acy goal
 Final residual =   7.295669401510178E-011
 Trust region warning: step length has converged, but residual has not met accur
 acy goal
 Final residual =   9.695947517183259E-011
 Trust region warning: step length has converged, but residual has not met accur
 acy goal
 Final residual =   1.514691890852654E-010
 Trust region warning: step length has converged, but residual has not met accur
 acy goal
 Final residual =   1.181852107733020E-010
 Trust region warning: step length has converged, but residual has not met accur
 acy goal
 Final residual =   1.286892835272331E-010
 Trust region warning: step length has converged, but residual has not met accur
 acy goal
 Final residual =   2.322803879247456E-010
 Trust region warning: step length has converged, but residual has not met accur
 acy goal
 Final residual =   1.266787390792836E-010
 Trust region warning: step length has converged, but residual has not met accur
 acy goal
 Final residual =   1.236138180853825E-010
 Trust region warning: step length has converged, but residual has not met accur
 acy goal
 Final residual =   1.063446474948096E-010
 Trust region warning: step length has converged, but residual has not met accur
 acy goal
 Final residual =   2.435231892516820E-010
 Trust region warning: step length has converged, but residual has not met accur
 acy goal
 Final residual =   6.834700697136743E-011
 Trust region warning: step length has converged, but residual has not met accur
 acy goal
 Final residual =   1.516785065565461E-010
 Trust region warning: step length has converged, but residual has not met accur
 acy goal
 Final residual =   1.314224841767106E-010
 Trust region warning: step length has converged, but residual has not met accur
 acy goal
 Final residual =   1.389986002261711E-010
 Trust region warning: step length has converged, but residual has not met accur
 acy goal
 Final residual =   1.042972957725431E-010
 Trust region warning: step length has converged, but residual has not met accur
 acy goal
 Final residual =   7.433964291801735E-011
 Trust region warning: step length has converged, but residual has not met accur
 acy goal
 Final residual =   7.142106819892614E-011
 Trust region warning: step length has converged, but residual has not met accur
 acy goal
 Final residual =   1.029821737010308E-010
 Trust region warning: step length has converged, but residual has not met accur
 acy goal
 Final residual =   1.838895313485601E-010
 Trust region warning: step length has converged, but residual has not met accur
 acy goal
 Final residual =   9.285147287593596E-011
 Trust region warning: step length has converged, but residual has not met accur
 acy goal
 Final residual =   7.207030931714123E-011
 Trust region warning: step length has converged, but residual has not met accur
 acy goal
 Final residual =   1.640706008410720E-010
 Trust region warning: step length has converged, but residual has not met accur
 acy goal
 Final residual =   1.361666590016549E-010
 Trust region warning: step length has converged, but residual has not met accur
 acy goal
 Final residual =   1.505736084343311E-010
 Trust region warning: step length has converged, but residual has not met accur
 acy goal
 Final residual =   1.000141629792272E-010
 Trust region warning: step length has converged, but residual has not met accur
 acy goal
 Final residual =   1.568090055293291E-010
 Trust region warning: step length has converged, but residual has not met accur
 acy goal
 Final residual =   1.714750046258669E-010
 Trust region warning: step length has converged, but residual has not met accur
 acy goal
 Final residual =   1.143011173145207E-010
 Trust region warning: step length has converged, but residual has not met accur
 acy goal
 Final residual =   2.895111963768936E-010
 Trust region warning: step length has converged, but residual has not met accur
 acy goal
 Final residual =   1.379062383177707E-010
 Trust region warning: step length has converged, but residual has not met accur
 acy goal
 Final residual =   1.252321943345492E-010
 Trust region warning: step length has converged, but residual has not met accur
 acy goal
 Final residual =   1.477840895539726E-010
 Trust region warning: step length has converged, but residual has not met accur
 acy goal
 Final residual =   1.268525540515578E-010
 Trust region warning: step length has converged, but residual has not met accur
 acy goal
 Final residual =   2.313579551675551E-010
 Trust region warning: step length has converged, but residual has not met accur
 acy goal
 Final residual =   2.313579551675551E-010
Critics: a critical geometry searcher
Yifan Shen 2021

Echo of user command line input:
/home/yshen/Software/Mine/diabatz/tools/critics/v1/critics.exe -j min -f default -i opt.IntCoordDef -t 1 -d default IntCoordDef SAS.in pretrain-Hd.in pretrain-Hd.net pretrain-11.in pretrain-12.in pretrain-13.in pretrain-14.in pretrain-22.in pretrain-23.in pretrain-24.in pretrain-33.in pretrain-34.in pretrain-44.in default IntCoordDef SAS.in Hd.in Hd.net 11.in 12.in 13.in 14.in 22.in 23.in 24.in 33.in 34.in 44.in -x A1rot-sad.xyz -c 25 26 27 28 29 30 31 32 33 34 35 36 -o sad.xyz

Wed Dec  7 17:55:08 2022

Job type: min
The target electronic state is 1

Wed Dec  7 18:02:14 2022
Mission success
