loop integral based on diabatz
Yifan Shen 2022

loop structure:
    r0 - Ng- * dg + Nh * dh <- r0 + Ng+ * dg + Nh * dh 
               |                          ^            
               v                          |            
         r0 - Ng- * dg  ->  r0  ->  r0 + Ng+ * dg      
r0: flatten mex-B1-B2, i.e., N-H = 0.948978 A and C out of NH2 angle = 0
    can be shifted
g: N-H, unit vector
h: C out of NH2 angle, by h = mex-B1-B2 - flatten mex-B1-B2

Echo of user command line input:
../v1/loop.exe -d default pretrain-IntCoordDef pretrain-SAS.in pretrain-Hd.in pretrain-Hd.net pretrain-11.in pretrain-12.in pretrain-13.in pretrain-14.in pretrain-22.in pretrain-23.in pretrain-24.in pretrain-33.in pretrain-34.in pretrain-44.in default IntCoordDef SAS.in Hd.in Hd.net 11.in 12.in 13.in 14.in 22.in 23.in 24.in 33.in 34.in 44.in --shift_NH 0.111022 --shift_CNH2 1.5 --NNH+ 160 --NNH- 540 --dNH -0.001 --NCNH2 300 --dCNH2 -0.01

Sat Dec 24 12:49:43 2022

shift NH by 0.111022 A, CNH2 by 1.5
NNH+ = 160, NNH- = 540, dNNH = -0.001 A
NCNH2 = 300, dCNH2 = -0.01

integral =
    0.000000e+00    7.834402e-02    1.609100e-02   -9.721571e-04
    0.000000e+00    0.000000e+00    6.183321e+00    5.522676e-02
    0.000000e+00    0.000000e+00    0.000000e+00   -3.136629e+00
    0.000000e+00    0.000000e+00    0.000000e+00    0.000000e+00

Sat Dec 24 13:23:49 2022
Mission success
