     -285.772753404281900
     -285.880950574055646
     -285.987722404388137
     -285.928382050850416
     -286.035039967025739
     -286.083447580275276
     -285.938994710245822
     -286.045783541939443
     -286.095760272260009
     -286.110374061913546
     -285.930922069681458
     -286.037589941480178
     -286.088354628878335
     -286.104247792388833
     -286.098873031892595
     -285.912390419628309
     -286.018534974550903
     -286.069938433736866
     -286.087095897871905
     -286.082505503798359
     -286.066980235902520
     -285.890196581512612
     -285.995409253847015
     -286.047019439065537
     -286.064978267089430
     -286.060935617007488
     -286.046016149104901
     -286.025491622129778
     -285.867833665733258
     -285.971776973603937
     -286.023216473188199
     -286.041555142157108
     -286.037836530918128
     -286.023290393012985
     -286.003032008463094
     -285.980716122993442
     -285.847123082798078
     -285.949554554295958
     -286.000526626049862
     -286.018898588968909
     -286.015314834267258
     -286.000941056326951
     -285.980794816183106
     -285.958510258665456
     -285.936257898015242
     -285.828870334717408
     -285.929641375472045
     -285.979932475919838
     -285.998073275696697
     -285.994475917247883
     -285.980114278627354
     -285.959955687708884
     -285.937610474708777
     -285.915247119374442
     -285.894082959412742
     -285.813291931834044
     -285.912335277576460
     -285.961806411376699
     -285.979527724738148
     -285.975807392498666
     -285.961338200053717
     -285.941073619688495
     -285.918598618998885
     -285.896076216029201
     -285.874727741062884
     -285.855170588463409
     -285.800285091064609
     -285.897598369916977
     -285.946172153182658
     -285.963350343216007
     -285.959431628471407
     -285.944771088172104
     -285.924334877077058
     -285.901682284219419
     -285.878968678558351
     -285.857416548817582
     -285.837648096959299
     -285.819912371348892
     -285.789592659139771
     -285.885221973910745
     -285.932869074750101
     -285.949432360819571
     -285.945267575228911
     -285.930361575272855
     -285.909711557231674
     -285.886851688658055
     -285.863928435325704
     -285.842163484362345
     -285.822181768063501
     -285.804236137829605
     -285.788357005812259
     -285.780900055396614
     -285.874925411888057
     -285.921652151538524
     -285.937568469007317
     -285.933131525696410
     -285.917949315722069
     -285.897061934683450
     -285.873979573263682
     -285.850839222773288
     -285.828860472529868
     -285.808669499832433
     -285.790521553945212
     -285.774449485757600
     -285.760360389655659
     -285.773889246923716
     -285.866412493436997
     -285.912250330325321
     -285.927516789312563
     -285.922797776611844
     -285.907326253849021
     -285.886192088514179
     -285.862883006770232
     -285.839526438635801
     -285.817339073243204
     -285.796947298677310
     -285.778607744397334
     -285.762354812332092
     -285.748096858625445
     -285.735677284485632
     -285.768266323803005
     -285.859401654482554
     -285.904398701762375
     -285.919032915641139
     -285.914033564841873
     -285.898272443170413
     -285.876892362522199
     -285.853360300236091
     -285.829794369421904
     -285.807407916412330
     -285.786826844192433
     -285.768308439874204
     -285.751888014378039
     -285.737474664601450
     -285.724912205353689
     -285.714016815682953
     -285.763773394646648
     -285.853640175100566
     -285.897854616983921
     -285.911887842510964
     -285.906617896527393
     -285.890575801689295
     -285.868957830755903
     -285.845212011810816
     -285.821447600843953
     -285.798874414862610
     -285.778117425652226
     -285.759434077238723
     -285.742860133704596
     -285.728305062163940
     -285.715612814502435
     -285.704599443960205
     -285.695075538247863
     -285.760191580656169
     -285.848909139168086
     -285.892404289326294
     -285.905876169842031
     -285.900350566645955
     -285.884041986223963
     -285.862198844090585
     -285.838252018399999
     -285.814302497507640
     -285.791556559863864
     -285.770637981348614
     -285.751804026713330
     -285.735090596848636
     -285.720407271523754
     -285.707597951604100
     -285.696478442351236
     -285.686858904835390
     -285.678556580476595
     -285.757339288374055
     -285.845023296864781
     -285.887864009300927
     -285.900818661068683
     -285.895055409831059
     -285.878498379000064
     -285.856445603813825
     -285.832312554641135
     -285.808192609309742
     -285.785288616842251
     -285.764223021802650
     -285.745252693941495
     -285.728413457830982
     -285.713614832121493
     -285.700700543842572
     -285.689486077213530
     -285.679781136380882
     -285.671402400348711
     -285.664180167403231
     -285.755068264014483
     -285.841828361151101
     -285.884078516597128
     -285.896561699036283
     -285.890580321552193
     -285.873794714406358
     -285.851549275888658
     -285.827245717045344
     -285.802970486033530
     -285.779923186546625
     -285.758724886543860
     -285.739631931954023
     -285.722679933362144
     -285.707778235878152
     -285.694770317360224
     -285.683471303099680
     -285.673690434955802
     -285.665243849878266
     -285.657961252566906
     -285.651688839547830
     -285.753258871447883
     -285.839197228334740
     -285.880918052357572
     -285.892975188342007
     -285.886795608038256
     -285.869801911513491
     -285.847381214339350
     -285.822923001577692
     -285.798507466232650
     -285.775331194329851
     -285.754013892956948
     -285.734811317044034
     -285.717758779925020
     -285.702765385050839
     -285.689674319733001
     -285.678300337081907
     -285.668452228117019
     -285.659945618659322
     -285.652609664795364
     -285.646289998685063
     -285.640849446337199
     -285.751815379729635
     -285.837025961451332
     -285.878274970178779
     -285.889949817386253
     -285.883591594221571
     -285.866410056941788
     -285.843831249059690
     -285.819233837269451
     -285.794692407781838
     -285.771400777874987
     -285.749977349181790
     -285.730677261275957
     -285.713535485581303
     -285.698460847247986
     -285.685296225473564
     -285.673856004695267
     -285.663948547343921
     -285.655389005096140
     -285.648006032838055
     -285.641644752292734
     -285.636167484808198
     -285.631453220107744
     -285.750661650618781
     -285.835229976924495
     -285.876060385387916
     -285.887394195691741
     -285.880876022748566
     -285.863526088862329
     -285.840805602286196
     -285.816083690265145
     -285.791429942125831
     -285.768035661109366
     -285.746518023058741
     -285.727131556776328
     -285.709910873971012
     -285.694764506776096
     -285.681535024981486
     -285.670036458814252
     -285.660076770804324
     -285.651470678299916
     -285.644046382513181
     -285.637648546821708
     -285.632139041948676
     -285.627396424226902
     -285.623314750233249
     -285.749737386021195
     -285.833740638293250
     -285.874201101433755
     -285.885232138488618
     -285.878571532610295
     -285.861071487899153
     -285.838224752994961
     -285.813392068118617
     -285.788638590304913
     -285.765153358851819
     -285.743552416737430
     -285.724089705402491
     -285.706799477242384
     -285.691589971538633
     -285.678303458122286
     -285.666753634217230
     -285.656748094450791
     -285.648101162245723
     -285.640640631214012
     -285.634210755595461
     -285.628673005709516
     -285.623905554086321
     -285.619802095603234
     -285.616270369730273
     -285.746288835984501
     -285.827395331097705
     -285.865937203759700
     -285.875379589790725
     -285.867965891298638
     -285.849670040438355
     -285.826154564101046
     -285.800737298705485
     -285.775460207332458
     -285.751500033104094
     -285.729466287795560
     -285.709609235394566
     -285.691960714623974
     -285.676426995057170
     -285.662848437633102
     -285.651036746178420
     -285.640797413691530
     -285.631942585484296
     -285.624297851672623
     -285.617705289519222
     -285.612024263124113
     -285.607130943196864
     -285.602917150167457
     -285.599288890013327
     -285.581819559199573
     -285.745780418737013
     -285.826180892750074
     -285.864250016771166
     -285.873296716106609
     -285.865694132090937
     -285.847198195020496
     -285.823514694050743
     -285.797951032077265
     -285.772543411607955
     -285.748465420384264
     -285.726324811765210
     -285.706370799791898
     -285.688634502919797
     -285.673021602363747
     -285.659371907892364
     -285.647496571114743
     -285.637200522724527
     -285.628295340225009
     -285.620606050064850
     -285.613974180259277
     -285.608258568924271
     -285.603334890705412
     -285.599094504282220
     -285.595442990579954
     -285.577856328145288
     -285.573864921220888
     -285.745683625978700
     -285.825918260379012
     -285.863876069025707
     -285.872829377521953
     -285.865182144401956
     -285.846638885158711
     -285.822915650160894
     -285.797317392872401
     -285.771878957126205
     -285.747773181238813
     -285.725607396835983
     -285.705630563302691
     -285.687873623001906
     -285.672242113273512
     -285.658575709913691
     -285.646685431332912
     -285.636376073508757
     -285.627459078622564
     -285.619759339314840
     -285.613118253596440
     -285.607394535359788
     -285.602463742289444
     -285.598217124336543
     -285.594560162441439
     -285.576946019541197
     -285.572948015790189
     -285.572029565964613
R^2 = 0.8034782746775783
