    1,18   # NH angle bias under 3rd scaling
    1,18       1,18   
    2,7        2,7    
    1,18       1,18       1,18   
    2,7        2,7        1,18   
    1,18       1,18       1,18       1,18   
    2,7        2,7        1,18       1,18   
    2,7        2,7        2,7        2,7    
    1,18       1,1    
    1,18       1,2    
    1,18       1,3    
    1,18       1,15   
    1,18       1,5    
    1,18       1,6    
    1,18       1,7    
    1,18       1,8    
    1,18       1,9    
    1,18       1,10   
    1,18       1,11   
    1,18       1,12   
    1,18       1,13   
    1,18       1,18       3,13       3,13   
    1,18       1,18       5,3        5,3    
    1,18       1,18       7,9        7,9    
    1,18       1,18       8,3        8,3    
    2,7        2,7        3,13       3,13   
    2,7        2,7        5,3        5,3    
    2,7        2,7        7,9        7,9    
    2,7        2,7        8,3        8,3    
