    1,18       3,1    # NH angle bias under 3rd scaling
    1,18       3,2    
    1,18       3,3    
    1,18       3,4    
    1,18       3,5    
    1,18       3,6    
    1,18       3,7    
    1,18       3,8    
    1,18       3,9    
    1,18       3,10   
    1,18       3,13   
    1,18       2,1        5,3    
    1,18       2,4        5,3    
    1,18       1,18       3,1    
    1,18       1,18       3,2    
    1,18       1,18       3,3    
    1,18       1,18       3,4    
    1,18       1,18       3,5    
    1,18       1,18       3,6    
    1,18       1,18       3,7    
    1,18       1,18       3,8    
    1,18       1,18       3,9    
    1,18       1,18       3,10   
    1,18       1,18       3,13   
    1,18       1,18       2,1        5,3    
    1,18       1,18       2,4        5,3    
    2,7        2,7        3,1    
    2,7        2,7        3,2    
    2,7        2,7        3,3    
    2,7        2,7        3,4    
    2,7        2,7        3,5    
    2,7        2,7        3,6    
    2,7        2,7        3,7    
    2,7        2,7        3,8    
    2,7        2,7        3,9    
    2,7        2,7        3,10   
    2,7        2,7        3,13   
    2,7        2,7        2,1        5,3    
    2,7        2,7        2,4        5,3    
