    1,18       7,1    # NH angle bias under 3rd scaling
    1,18       7,2    
    1,18       7,3    
    1,18       7,4    
    1,18       7,5    
    1,18       7,6    
    1,18       7,9    
    1,18       2,1        8,3    
    1,18       2,4        8,3    
    1,18       1,18       7,1    
    1,18       1,18       7,2    
    1,18       1,18       7,3    
    1,18       1,18       7,4    
    1,18       1,18       7,5    
    1,18       1,18       7,6    
    1,18       1,18       7,9    
    1,18       1,18       8,3        2,1    
    1,18       1,18       8,3        2,4    
    2,7        2,7        7,1    
    2,7        2,7        7,2    
    2,7        2,7        7,3    
    2,7        2,7        7,4    
    2,7        2,7        7,5    
    2,7        2,7        7,6    
    2,7        2,7        7,9    
    2,7        2,7        8,3        2,1    
    2,7        2,7        8,3        2,4    
