    7,1        1,3               # harmonic with-HN
    7,2        1,3    
    7,3        1,3    
    7,4        1,3    
    7,5        1,3    
    7,6        1,3    
    7,1        1,4    
    7,2        1,4    
    7,3        1,4    
    7,4        1,4    
    7,5        1,4    
    7,6        1,4    
    8,1        2,1    
    8,1        2,2    
    5,1        2,1        4,1    # C2v-planar B2 x A2 <- G8 irred-5 x irred-2 x irred-4
    5,1        2,1        4,2    
    5,1        2,1        4,3    
    5,1        2,2        4,1    
    5,1        2,2        4,2    
    5,1        2,2        4,3    
    7,7        1,1               # C2v-planar B1 x A1 <- G8 irred-5 x irred-6 x irred-1
    7,7        1,2    
    7,7        1,3    
    7,7        1,5    
    7,7        1,6    
    7,7        1,7    
    7,7        1,8    
    7,7        1,9    
    7,7        1,10   
    7,7        1,11   
    7,7        1,12   
    7,7        1,13   
    8,1        2,1        1,1    # C2v-perpendicular B1 x A1 <- G8 irred-8 x irred-2 x irred-1
    8,1        2,1        1,2    
    8,1        2,1        1,3    
    8,1        2,1        1,5    
    8,1        2,1        1,6    
    8,1        2,1        1,7    
    8,1        2,1        1,8    
    8,1        2,1        1,9    
    8,1        2,1        1,10   
    8,1        2,1        1,11   
    8,1        2,1        1,12   
    8,1        2,1        1,13   
    8,1        2,1        1,4    
    8,1        2,2        1,1    
    8,1        2,2        1,2    
    8,1        2,2        1,3    
    8,1        2,2        1,5    
    8,1        2,2        1,6    
    8,1        2,2        1,7    
    8,1        2,2        1,8    
    8,1        2,2        1,9    
    8,1        2,2        1,10   
    8,1        2,2        1,11   
    8,1        2,2        1,12   
    8,1        2,2        1,13   
    8,1        2,2        1,4    
    3,13       4,1               # C2v-perpendicular B2 x A2 <- G8 irred-8 x irred-6 x irred-4
    3,13       4,2    
    3,13       4,3    
    5,1        8,1        3,1    # C2v-planar / C2v-perpendicular A2 x B2 <- G8 irred-5 x irred-8 x irred-3
    5,1        8,1        3,2    
    5,1        8,1        3,3    
    5,1        8,1        3,4    
    5,1        8,1        3,5    
    5,1        8,1        3,6    
    5,1        8,1        3,7    
    5,1        8,1        3,8    
    5,1        8,1        3,9    
    5,1        8,1        3,10   
    7,7                          # HN spherical coordinate angles
    7,7        1,4    
    7,1        1,14   
    7,2        1,14   
    7,3        1,14   
    7,4        1,14   
    7,5        1,14   
    7,6        1,14   
    5,1        6,1        1,14   
    8,1        2,1        1,14   
    8,1        2,2        1,14   
    1,22       7,1               # 1st-scaling bias replacing an irred-1 HN coord
    1,22       7,2    
    1,22       7,3    
    1,22       7,4    
    1,22       7,5    
    1,22       7,6    
    1,22       7,7    
    1,22       8,1        2,1    
    1,22       8,1        2,2    
    2,6        8,1               # 1st-scaling bias replacing an irred-2 HN coord
    2,6        5,1        4,1    
    2,6        5,1        4,2    
    2,6        5,1        4,3    
    2,6        8,1        1,2    
    2,6        8,1        1,3    
    2,6        8,1        1,4    
    2,6        8,1        1,8    
    2,6        8,1        1,9    
    2,6        8,1        1,10   
    2,6        8,1        1,11   
    2,6        8,1        1,12   
    2,6        8,1        1,13   
    1,23       7,1               # 1st-scaling redundancy bias replacing an irred-1 HN coord
    1,23       7,2    
    1,23       7,3    
    1,23       7,4    
    1,23       7,5    
    1,23       7,6    
    1,23       6,1        5,1    
    1,23       8,1        2,1    
    1,23       8,1        2,2    
    7,1        1,18              # 2nd-scaling
    7,2        1,18   
    7,3        1,18   
    7,4        1,18   
    7,5        1,18   
    7,6        1,18   
    7,1        1,19   
    7,2        1,19   
    7,3        1,19   
    7,4        1,19   
    7,5        1,19   
    7,6        1,19   
    8,2        2,3    
    8,2        2,4    
    5,2        2,3        4,1    
    5,2        2,3        4,2    
    5,2        2,3        4,3    
    5,2        2,4        4,1    
    5,2        2,4        4,2    
    5,2        2,4        4,3    
    7,8        1,1    
    7,8        1,2    
    7,8        1,18   
    7,8        1,5    
    7,8        1,6    
    7,8        1,7    
    7,8        1,8    
    7,8        1,9    
    7,8        1,10   
    7,8        1,11   
    7,8        1,12   
    7,8        1,13   
    8,2        2,3        1,1    
    8,2        2,3        1,2    
    8,2        2,3        1,18   
    8,2        2,3        1,5    
    8,2        2,3        1,6    
    8,2        2,3        1,7    
    8,2        2,3        1,8    
    8,2        2,3        1,9    
    8,2        2,3        1,10   
    8,2        2,3        1,11   
    8,2        2,3        1,12   
    8,2        2,3        1,13   
    8,2        2,3        1,19   
    8,2        2,4        1,1    
    8,2        2,4        1,18   
    8,2        2,4        1,8    
    8,2        2,4        1,9    
    8,2        2,4        1,12   
    8,2        2,4        1,13   
    8,2        2,4        1,19   
    3,14       4,1    
    3,14       4,2    
    3,14       4,3    
    5,2        8,2        3,1    
    5,2        8,2        3,2    
    5,2        8,2        3,3    
    5,2        8,2        3,4    
    5,2        8,2        3,5    
    5,2        8,2        3,6    
    5,2        8,2        3,7    
    5,2        8,2        3,8    
    5,2        8,2        3,9    
    5,2        8,2        3,10   
    7,8    
    7,8        1,19   
    1,24       7,1    
    1,24       7,2    
    1,24       7,3    
    1,24       7,4    
    1,24       7,5    
    1,24       7,6    
    1,24       7,8    
    1,24       8,2        2,3    
    1,24       8,2        2,4    
    2,7        8,2    
    2,7        5,2        4,1    
    2,7        5,2        4,2    
    2,7        5,2        4,3    
    2,7        8,2        1,1    
    2,7        8,2        1,2    
    2,7        8,2        1,18   
    2,7        8,2        1,19   
    2,7        8,2        1,5    
    2,7        8,2        1,6    
    2,7        8,2        1,7    
    2,7        8,2        1,8    
    2,7        8,2        1,9    
    2,7        8,2        1,10   
    2,7        8,2        1,11   
    2,7        8,2        1,12   
    2,7        8,2        1,13   
