    1,4    
    1,4        1,1    
    1,4        1,2    
    1,4        1,3    
    1,4        1,4    
    1,4        1,5    
    1,4        1,6    
    1,4        1,7    
    1,4        1,8    
    1,4        1,9    
    1,4        1,10   
    1,4        1,11   
    1,4        1,12   
    1,4        1,13   
    2,2        2,2    
    7,7        7,7    
    8,1        8,1    
    5,1        5,1    
    3,11       3,11   
    8,1        8,1        8,1        8,1    
    3,11       3,11       3,11       3,11   
    5,1        5,1        3,11       3,11   
    7,7        7,7        3,11       3,11   
    8,1        8,1        3,11       3,11   
    5,1        5,1        5,1        5,1    
    7,7        7,7        5,1        5,1    
    8,1        8,1        5,1        5,1    
    7,7        7,7        7,7        7,7    
    8,1        8,1        7,7        7,7    

    1,14   
    1,14       1,1    
    1,14       1,2    
    1,14       1,3    
    1,14       1,14   
    1,14       1,5    
    1,14       1,6    
    1,14       1,7    
    1,14       1,8    
    1,14       1,9    
    1,14       1,10   
    1,14       1,11   
    1,14       1,12   
    1,14       1,13   
    2,3        2,3    
    7,8        7,8    
    8,2        8,2    
    5,2        5,2    
    3,12       3,12   
    8,2        8,2        8,2        8,2    
    3,12       3,12       3,12       3,12   
    5,2        5,2        3,12       3,12   
    7,8        7,8        3,12       3,12   
    8,2        8,2        3,12       3,12   
    5,2        5,2        5,2        5,2    
    7,8        7,8        5,2        5,2    
    8,2        8,2        5,2        5,2    
    7,8        7,8        7,8        7,8    
    8,2        8,2        7,8        7,8    
