    1,4        3,1    
    1,4        3,2    
    1,4        3,3    
    1,4        3,4    
    1,4        3,5    
    1,4        3,6    
    1,4        3,7    
    1,4        3,8    
    1,4        3,9    
    1,4        3,10   
    1,4        5,1        2,1    
    1,4        2,2        5,1    
    3,11       1,4    
    8,1        8,1        3,1    
    8,1        8,1        3,2    
    8,1        8,1        3,3    
    8,1        8,1        3,4    
    8,1        8,1        3,5    
    8,1        8,1        3,6    
    8,1        8,1        3,7    
    8,1        8,1        3,8    
    8,1        8,1        3,9    
    8,1        8,1        3,10   
    8,1        8,1        5,1        2,1    
    8,1        8,1        2,2        5,1    
    8,1        8,1        3,11   
    5,1        5,1        3,1    
    5,1        5,1        3,2    
    5,1        5,1        3,3    
    5,1        5,1        3,4    
    5,1        5,1        3,5    
    5,1        5,1        3,6    
    5,1        5,1        3,7    
    5,1        5,1        3,8    
    5,1        5,1        3,9    
    5,1        5,1        3,10   
    5,1        5,1        5,1        2,1    
    5,1        5,1        5,1        2,2    
    5,1        5,1        3,11   
    3,11       3,11       3,11   
    7,7        7,7        3,11   

    1,14       3,1    
    1,14       3,2    
    1,14       3,3    
    1,14       3,4    
    1,14       3,5    
    1,14       3,6    
    1,14       3,7    
    1,14       3,8    
    1,14       3,9    
    1,14       3,10   
    1,14       5,2        2,1    
    1,14       2,3        5,2    
    3,12       1,14   
    8,2        8,2        3,1    
    8,2        8,2        3,2    
    8,2        8,2        3,3    
    8,2        8,2        3,4    
    8,2        8,2        3,5    
    8,2        8,2        3,6    
    8,2        8,2        3,7    
    8,2        8,2        3,8    
    8,2        8,2        3,9    
    8,2        8,2        3,10   
    8,2        8,2        5,2        2,1    
    8,2        8,2        2,3        5,2    
    8,2        8,2        3,12   
    5,2        5,2        3,1    
    5,2        5,2        3,2    
    5,2        5,2        3,3    
    5,2        5,2        3,4    
    5,2        5,2        3,5    
    5,2        5,2        3,6    
    5,2        5,2        3,7    
    5,2        5,2        3,8    
    5,2        5,2        3,9    
    5,2        5,2        3,10   
    5,2        5,2        5,2        2,1    
    5,2        5,2        5,2        2,3    
    5,2        5,2        3,12   
    3,12       3,12       3,12   
    7,8        7,8        3,12   
