    7,1    
    7,2    
    7,3    
    7,4    
    7,5    
    7,6    
    7,8    
    7,1        1,1    
    7,2        1,1    
    7,3        1,1    
    7,4        1,1    
    7,5        1,1    
    7,6        1,1    
    7,8        1,1    
    7,1        1,2    
    7,2        1,2    
    7,3        1,2    
    7,4        1,2    
    7,5        1,2    
    7,6        1,2    
    7,8        1,2    
    7,1        1,3    
    7,2        1,3    
    7,3        1,3    
    7,4        1,3    
    7,5        1,3    
    7,6        1,3    
    7,8        1,3    
    7,1        1,14   
    7,2        1,14   
    7,3        1,14   
    7,4        1,14   
    7,5        1,14   
    7,6        1,14   
    7,8        1,14   
    7,1        1,5    
    7,2        1,5    
    7,3        1,5    
    7,4        1,5    
    7,5        1,5    
    7,6        1,5    
    7,8        1,5    
    7,1        1,6    
    7,2        1,6    
    7,3        1,6    
    7,4        1,6    
    7,5        1,6    
    7,6        1,6    
    7,8        1,6    
    7,1        1,7    
    7,2        1,7    
    7,3        1,7    
    7,4        1,7    
    7,5        1,7    
    7,6        1,7    
    7,8        1,7    
    7,1        1,8    
    7,2        1,8    
    7,3        1,8    
    7,4        1,8    
    7,5        1,8    
    7,6        1,8    
    7,8        1,8    
    7,1        1,9    
    7,2        1,9    
    7,3        1,9    
    7,4        1,9    
    7,5        1,9    
    7,6        1,9    
    7,8        1,9    
    7,1        1,10   
    7,2        1,10   
    7,3        1,10   
    7,4        1,10   
    7,5        1,10   
    7,6        1,10   
    7,8        1,10   
    7,1        1,11   
    7,2        1,11   
    7,3        1,11   
    7,4        1,11   
    7,5        1,11   
    7,6        1,11   
    7,8        1,11   
    7,1        1,12   
    7,2        1,12   
    7,3        1,12   
    7,4        1,12   
    7,5        1,12   
    7,6        1,12   
    7,8        1,12   
    7,1        1,13   
    7,2        1,13   
    7,3        1,13   
    7,4        1,13   
    7,5        1,13   
    7,6        1,13   
    7,8        1,13   
    8,2        2,1    
    8,2        2,3    
    4,1        3,1    
    4,2        3,1    
    4,3        3,1    
    4,1        3,2    
    4,2        3,2    
    4,3        3,2    
    4,1        3,3    
    4,2        3,3    
    4,3        3,3    
    4,1        3,4    
    4,2        3,4    
    4,3        3,4    
    4,1        3,5    
    4,2        3,5    
    4,3        3,5    
    4,1        3,6    
    4,2        3,6    
    4,3        3,6    
    4,1        3,7    
    4,2        3,7    
    4,3        3,7    
    4,1        3,8    
    4,2        3,8    
    4,3        3,8    
    4,1        3,9    
    4,2        3,9    
    4,3        3,9    
    4,1        3,10   
    4,2        3,10   
    4,3        3,10   
    2,1        4,1        5,2    
    2,1        4,2        5,2    
    2,1        4,3        5,2    
    2,3        4,1        5,2    
    2,3        4,2        5,2    
    2,3        4,3        5,2    
    3,1        8,2        5,2    
    3,2        8,2        5,2    
    3,3        8,2        5,2    
    3,4        8,2        5,2    
    3,5        8,2        5,2    
    3,6        8,2        5,2    
    3,7        8,2        5,2    
    3,8        8,2        5,2    
    3,9        8,2        5,2    
    3,10       8,2        5,2    
    4,1        3,12   
    4,2        3,12   
    4,3        3,12   
    1,1        2,1        8,2    
    1,2        2,1        8,2    
    1,3        2,1        8,2    
    1,14       2,1        8,2    
    1,5        2,1        8,2    
    1,6        2,1        8,2    
    1,7        2,1        8,2    
    1,8        2,1        8,2    
    1,9        2,1        8,2    
    1,10       2,1        8,2    
    1,11       2,1        8,2    
    1,12       2,1        8,2    
    1,13       2,1        8,2    
    1,1        2,3        8,2    
    1,2        2,3        8,2    
    1,3        2,3        8,2    
    1,14       2,3        8,2    
    1,5        2,3        8,2    
    1,6        2,3        8,2    
    1,7        2,3        8,2    
    1,8        2,3        8,2    
    1,9        2,3        8,2    
    1,10       2,3        8,2    
    1,11       2,3        8,2    
    1,12       2,3        8,2    
    1,13       2,3        8,2    
    3,12       5,2        8,2    
    8,2        8,2        7,1    
    8,2        8,2        7,2    
    8,2        8,2        7,3    
    8,2        8,2        7,4    
    8,2        8,2        7,5    
    8,2        8,2        7,6    
    8,2        8,2        7,8    
    8,2        8,2        8,2        2,1    
    8,2        8,2        8,2        2,3    
    5,2        5,2        7,1    
    5,2        5,2        7,2    
    5,2        5,2        7,3    
    5,2        5,2        7,4    
    5,2        5,2        7,5    
    5,2        5,2        7,6    
    5,2        5,2        7,8    
    5,2        5,2        8,2        2,1    
    5,2        5,2        8,2        2,3    
    7,8        3,12       3,12   
    7,8        7,8        7,8    
