    1,15   # NH angles under 3rd scaling
    1,15       1,1    
    1,15       1,2    
    1,15       1,3    
    1,15       1,15   
    1,5        1,15   
    1,6        1,15   
    1,7        1,15   
    1,8        1,15   
    1,9        1,15   
    1,10       1,15   
    1,11       1,15   
    1,12       1,15   
    1,13       1,15   
    2,4        2,1    
    2,4        2,4    
    7,9        7,1    
    7,9        7,2    
    7,9        7,3    
    7,9        7,4    
    7,9        7,5    
    7,9        7,6    
    7,9        7,9    
    8,3        8,3    
    2,1        3,1        5,3    
    2,1        3,2        5,3    
    2,1        3,3        5,3    
    2,1        3,4        5,3    
    2,1        3,5        5,3    
    2,1        3,6        5,3    
    2,1        3,7        5,3    
    2,1        3,8        5,3    
    2,1        3,9        5,3    
    2,1        3,10       5,3    
    2,4        3,1        5,3    
    2,4        3,2        5,3    
    2,4        3,3        5,3    
    2,4        3,4        5,3    
    2,4        3,5        5,3    
    2,4        3,6        5,3    
    2,4        3,7        5,3    
    2,4        3,8        5,3    
    2,4        3,9        5,3    
    2,4        3,10       5,3    
    4,1        8,3        5,3    
    4,2        8,3        5,3    
    4,3        8,3        5,3    
    5,3        5,3    
    3,13       3,1    
    3,13       3,2    
    3,13       3,3    
    3,13       3,4    
    3,13       3,5    
    3,13       3,6    
    3,13       3,7    
    3,13       3,8    
    3,13       3,9    
    3,13       3,10   
    3,13       3,13   
    2,1        7,1        8,3    
    2,1        7,2        8,3    
    2,1        7,3        8,3    
    2,1        7,4        8,3    
    2,1        7,5        8,3    
    2,1        7,6        8,3    
    2,4        7,1        8,3    
    2,4        7,2        8,3    
    2,4        7,3        8,3    
    2,4        7,4        8,3    
    2,4        7,5        8,3    
    2,4        7,6        8,3    
    8,3        8,3        8,3        8,3    
    3,13       3,13       3,13       3,13   
    5,3        5,3        3,13       3,13   
    7,9        7,9        3,13       3,13   
    8,3        8,3        3,13       3,13   
    8,3        7,9        5,3        3,13   
    5,3        5,3        5,3        5,3    
    7,9        7,9        5,3        5,3    
    8,3        8,3        5,3        5,3    
    7,9        7,9        7,9        7,9    
    8,3        8,3        7,9        7,9    
