    2,1        5,3    # NH angles under 3rd scaling
    2,4        5,3    
    3,1        1,15   
    3,2        1,15   
    3,3        1,15   
    3,4        1,15   
    3,5        1,15   
    3,6        1,15   
    3,7        1,15   
    3,8        1,15   
    3,9        1,15   
    3,10       1,15   
    7,9        4,1    
    7,9        4,2    
    7,9        4,3    
    1,1        2,1        5,3    
    1,2        2,1        5,3    
    1,3        2,1        5,3    
    1,15       2,1        5,3    
    1,5        2,1        5,3    
    1,6        2,1        5,3    
    1,7        2,1        5,3    
    1,8        2,1        5,3    
    1,9        2,1        5,3    
    1,10       2,1        5,3    
    1,11       2,1        5,3    
    1,12       2,1        5,3    
    1,13       2,1        5,3    
    1,1        2,4        5,3    
    1,2        2,4        5,3    
    1,3        2,4        5,3    
    1,15       2,4        5,3    
    1,5        2,4        5,3    
    1,6        2,4        5,3    
    1,7        2,4        5,3    
    1,8        2,4        5,3    
    1,9        2,4        5,3    
    1,10       2,4        5,3    
    1,11       2,4        5,3    
    1,12       2,4        5,3    
    1,13       2,4        5,3    
    7,1        8,3        5,3    
    7,2        8,3        5,3    
    7,3        8,3        5,3    
    7,4        8,3        5,3    
    7,5        8,3        5,3    
    7,6        8,3        5,3    
    7,9        8,3        5,3    
    3,13   
    3,13       1,1    
    3,13       1,2    
    3,13       1,3    
    3,13       1,15   
    3,13       1,5    
    3,13       1,6    
    3,13       1,7    
    3,13       1,8    
    3,13       1,9    
    3,13       1,10   
    3,13       1,11   
    3,13       1,12   
    3,13       1,13   
    2,1        4,1        8,3    
    2,1        4,2        8,3    
    2,1        4,3        8,3    
    2,4        4,1        8,3    
    2,4        4,2        8,3    
    2,4        4,3        8,3    
    8,3        8,3        3,1    
    8,3        8,3        3,2    
    8,3        8,3        3,3    
    8,3        8,3        3,4    
    8,3        8,3        3,5    
    8,3        8,3        3,6    
    8,3        8,3        3,7    
    8,3        8,3        3,8    
    8,3        8,3        3,9    
    8,3        8,3        3,10   
    8,3        8,3        2,1        5,3    
    8,3        8,3        2,4        5,3    
    8,3        8,3        3,13   
    5,3        5,3        3,1    
    5,3        5,3        3,2    
    5,3        5,3        3,3    
    5,3        5,3        3,4    
    5,3        5,3        3,5    
    5,3        5,3        3,6    
    5,3        5,3        3,7    
    5,3        5,3        3,8    
    5,3        5,3        3,9    
    5,3        5,3        3,10   
    5,3        5,3        2,1        5,3    
    5,3        5,3        2,4        5,3    
    5,3        5,3        3,13   
    3,13       3,13       3,13   
    7,9        7,9        3,13   
