    8,3        5,3    # NH angles under 3rd scaling
    4,1        1,15   
    4,2        1,15   
    4,3        1,15   
    7,9        3,1    
    7,9        3,2    
    7,9        3,3    
    7,9        3,4    
    7,9        3,5    
    7,9        3,6    
    7,9        3,7    
    7,9        3,8    
    7,9        3,9    
    7,9        3,10   
    1,1        8,3        5,3    
    1,2        8,3        5,3    
    1,3        8,3        5,3    
    1,15       8,3        5,3    
    1,5        8,3        5,3    
    1,6        8,3        5,3    
    1,7        8,3        5,3    
    1,8        8,3        5,3    
    1,9        8,3        5,3    
    1,10       8,3        5,3    
    1,11       8,3        5,3    
    1,12       8,3        5,3    
    1,13       8,3        5,3    
    7,1        2,1        5,3    
    7,2        2,1        5,3    
    7,3        2,1        5,3    
    7,4        2,1        5,3    
    7,5        2,1        5,3    
    7,6        2,1        5,3    
    7,9        2,1        5,3    
    7,1        2,4        5,3    
    7,2        2,4        5,3    
    7,3        2,4        5,3    
    7,4        2,4        5,3    
    7,5        2,4        5,3    
    7,6        2,4        5,3    
    7,9        2,4        5,3    
    7,1        3,13   
    7,2        3,13   
    7,3        3,13   
    7,4        3,13   
    7,5        3,13   
    7,6        3,13   
    2,1        3,1        8,3    
    2,1        3,2        8,3    
    2,1        3,3        8,3    
    2,1        3,4        8,3    
    2,1        3,5        8,3    
    2,1        3,6        8,3    
    2,1        3,7        8,3    
    2,1        3,8        8,3    
    2,1        3,9        8,3    
    2,1        3,10       8,3    
    2,1        3,13       8,3    
    2,4        3,1        8,3    
    2,4        3,2        8,3    
    2,4        3,3        8,3    
    2,4        3,4        8,3    
    2,4        3,5        8,3    
    2,4        3,6        8,3    
    2,4        3,7        8,3    
    2,4        3,8        8,3    
    2,4        3,9        8,3    
    2,4        3,10       8,3    
    2,4        3,13       8,3    
    8,3        8,3        4,1    
    8,3        8,3        4,2    
    8,3        8,3        4,3    
    8,3        8,3        8,3        5,3    
    5,3        5,3        4,1    
    5,3        5,3        4,2    
    5,3        5,3        4,3    
    5,3        5,3        8,3        5,3    
    7,9        3,13       3,13       3,13   
    8,3        5,3        3,13       3,13   
    7,9        5,3        5,3        3,13   
    7,9        7,9        7,9        3,13   
    8,3        8,3        7,9        3,13   
    8,3        7,9        7,9        5,3    
