    7,9    # NH angles under 3rd scaling
    7,9        1,1    
    7,9        1,2    
    7,9        1,3    
    7,1        1,15   
    7,2        1,15   
    7,3        1,15   
    7,4        1,15   
    7,5        1,15   
    7,6        1,15   
    7,9        1,15   
    7,9        1,5    
    7,9        1,6    
    7,9        1,7    
    7,9        1,8    
    7,9        1,9    
    7,9        1,10   
    7,9        1,11   
    7,9        1,12   
    7,9        1,13   
    8,3        2,1    
    8,3        2,4    
    2,1        4,1        5,3    
    2,1        4,2        5,3    
    2,1        4,3        5,3    
    2,4        4,1        5,3    
    2,4        4,2        5,3    
    2,4        4,3        5,3    
    3,1        8,3        5,3    
    3,2        8,3        5,3    
    3,3        8,3        5,3    
    3,4        8,3        5,3    
    3,5        8,3        5,3    
    3,6        8,3        5,3    
    3,7        8,3        5,3    
    3,8        8,3        5,3    
    3,9        8,3        5,3    
    3,10       8,3        5,3    
    4,1        3,13   
    4,2        3,13   
    4,3        3,13   
    1,1        2,1        8,3    
    1,2        2,1        8,3    
    1,3        2,1        8,3    
    1,15       2,1        8,3    
    1,5        2,1        8,3    
    1,6        2,1        8,3    
    1,7        2,1        8,3    
    1,8        2,1        8,3    
    1,9        2,1        8,3    
    1,10       2,1        8,3    
    1,11       2,1        8,3    
    1,12       2,1        8,3    
    1,13       2,1        8,3    
    1,1        2,4        8,3    
    1,2        2,4        8,3    
    1,3        2,4        8,3    
    1,15       2,4        8,3    
    1,5        2,4        8,3    
    1,6        2,4        8,3    
    1,7        2,4        8,3    
    1,8        2,4        8,3    
    1,9        2,4        8,3    
    1,10       2,4        8,3    
    1,11       2,4        8,3    
    1,12       2,4        8,3    
    1,13       2,4        8,3    
    3,13       5,3        8,3    
    8,3        8,3        7,1    
    8,3        8,3        7,2    
    8,3        8,3        7,3    
    8,3        8,3        7,4    
    8,3        8,3        7,5    
    8,3        8,3        7,6    
    8,3        8,3        7,9    
    8,3        8,3        8,3        2,1    
    8,3        8,3        8,3        2,4    
    5,3        5,3        7,1    
    5,3        5,3        7,2    
    5,3        5,3        7,3    
    5,3        5,3        7,4    
    5,3        5,3        7,5    
    5,3        5,3        7,6    
    5,3        5,3        7,9    
    5,3        5,3        8,3        2,1    
    5,3        5,3        8,3        2,4    
    7,9        3,13       3,13   
    7,9        7,9        7,9    
