Generate Lanczos seed vector
Yifan Shen 2021

Echo of user command line input:
/home-4/yshen57@jhu.edu/Software/Mine/vibronics/tools/seed/seed.exe -w wfn-1.in -v vibration1.in vibration2.in vibration3.in vibration4.in -i initial-freq-1.in initial-freq-2.in -f final-freq-1.in final-freq-2.in final-freq-3.in final-freq-4.in -t transformation-matrix.in -s shift-vector.in -d 0.034856 0.652287 0

Tue Jun 29 00:46:19 2021

Number of irreducible representations: 4
Point group product table:
    1    2    3    4
    2    1    4    3
    3    4    1    2
    4    3    2    1
Number of normal modes:
    irreducible 0: 13
    irreducible 1: 7
    irreducible 2: 12
    irreducible 3: 4
Number of electronic states = 3
Vibrational irreducible:
    state 1: 2
    state 2: 3
    state 3: 4
Number of segmentations = 48
Segment 1 owns:
Electronic state 1: [0, 66000)
Electronic state 2: [0, 30000)
Electronic state 3: [0, 30000)
Segment 2 owns:
Electronic state 1: [66000, 132000)
Electronic state 2: [30000, 60000)
Electronic state 3: [30000, 60000)
Segment 3 owns:
Electronic state 1: [132000, 198000)
Electronic state 2: [60000, 90000)
Electronic state 3: [60000, 90000)
Segment 4 owns:
Electronic state 1: [198000, 264000)
Electronic state 2: [90000, 120000)
Electronic state 3: [90000, 120000)
Segment 5 owns:
Electronic state 1: [264000, 330000)
Electronic state 2: [120000, 150000)
Electronic state 3: [120000, 150000)
Segment 6 owns:
Electronic state 1: [330000, 396000)
Electronic state 2: [150000, 180000)
Electronic state 3: [150000, 180000)
Segment 7 owns:
Electronic state 1: [396000, 462000)
Electronic state 2: [180000, 210000)
Electronic state 3: [180000, 210000)
Segment 8 owns:
Electronic state 1: [462000, 528000)
Electronic state 2: [210000, 240000)
Electronic state 3: [210000, 240000)
Segment 9 owns:
Electronic state 1: [528000, 594000)
Electronic state 2: [240000, 270000)
Electronic state 3: [240000, 270000)
Segment 10 owns:
Electronic state 1: [594000, 660000)
Electronic state 2: [270000, 300000)
Electronic state 3: [270000, 300000)
Segment 11 owns:
Electronic state 1: [660000, 726000)
Electronic state 2: [300000, 330000)
Electronic state 3: [300000, 330000)
Segment 12 owns:
Electronic state 1: [726000, 792000)
Electronic state 2: [330000, 360000)
Electronic state 3: [330000, 360000)
Segment 13 owns:
Electronic state 1: [792000, 858000)
Electronic state 2: [360000, 390000)
Electronic state 3: [360000, 390000)
Segment 14 owns:
Electronic state 1: [858000, 924000)
Electronic state 2: [390000, 420000)
Electronic state 3: [390000, 420000)
Segment 15 owns:
Electronic state 1: [924000, 990000)
Electronic state 2: [420000, 450000)
Electronic state 3: [420000, 450000)
Segment 16 owns:
Electronic state 1: [990000, 1056000)
Electronic state 2: [450000, 480000)
Electronic state 3: [450000, 480000)
Segment 17 owns:
Electronic state 1: [1056000, 1122000)
Electronic state 2: [480000, 510000)
Electronic state 3: [480000, 510000)
Segment 18 owns:
Electronic state 1: [1122000, 1188000)
Electronic state 2: [510000, 540000)
Electronic state 3: [510000, 540000)
Segment 19 owns:
Electronic state 1: [1188000, 1254000)
Electronic state 2: [540000, 570000)
Electronic state 3: [540000, 570000)
Segment 20 owns:
Electronic state 1: [1254000, 1320000)
Electronic state 2: [570000, 600000)
Electronic state 3: [570000, 600000)
Segment 21 owns:
Electronic state 1: [1320000, 1386000)
Electronic state 2: [600000, 630000)
Electronic state 3: [600000, 630000)
Segment 22 owns:
Electronic state 1: [1386000, 1452000)
Electronic state 2: [630000, 660000)
Electronic state 3: [630000, 660000)
Segment 23 owns:
Electronic state 1: [1452000, 1518000)
Electronic state 2: [660000, 690000)
Electronic state 3: [660000, 690000)
Segment 24 owns:
Electronic state 1: [1518000, 1584000)
Electronic state 2: [690000, 720000)
Electronic state 3: [690000, 720000)
Segment 25 owns:
Electronic state 1: [1584000, 1650000)
Electronic state 2: [720000, 750000)
Electronic state 3: [720000, 750000)
Segment 26 owns:
Electronic state 1: [1650000, 1716000)
Electronic state 2: [750000, 780000)
Electronic state 3: [750000, 780000)
Segment 27 owns:
Electronic state 1: [1716000, 1782000)
Electronic state 2: [780000, 810000)
Electronic state 3: [780000, 810000)
Segment 28 owns:
Electronic state 1: [1782000, 1848000)
Electronic state 2: [810000, 840000)
Electronic state 3: [810000, 840000)
Segment 29 owns:
Electronic state 1: [1848000, 1914000)
Electronic state 2: [840000, 870000)
Electronic state 3: [840000, 870000)
Segment 30 owns:
Electronic state 1: [1914000, 1980000)
Electronic state 2: [870000, 900000)
Electronic state 3: [870000, 900000)
Segment 31 owns:
Electronic state 1: [1980000, 2046000)
Electronic state 2: [900000, 930000)
Electronic state 3: [900000, 930000)
Segment 32 owns:
Electronic state 1: [2046000, 2112000)
Electronic state 2: [930000, 960000)
Electronic state 3: [930000, 960000)
Segment 33 owns:
Electronic state 1: [2112000, 2178000)
Electronic state 2: [960000, 990000)
Electronic state 3: [960000, 990000)
Segment 34 owns:
Electronic state 1: [2178000, 2244000)
Electronic state 2: [990000, 1020000)
Electronic state 3: [990000, 1020000)
Segment 35 owns:
Electronic state 1: [2244000, 2310000)
Electronic state 2: [1020000, 1050000)
Electronic state 3: [1020000, 1050000)
Segment 36 owns:
Electronic state 1: [2310000, 2376000)
Electronic state 2: [1050000, 1080000)
Electronic state 3: [1050000, 1080000)
Segment 37 owns:
Electronic state 1: [2376000, 2442000)
Electronic state 2: [1080000, 1110000)
Electronic state 3: [1080000, 1110000)
Segment 38 owns:
Electronic state 1: [2442000, 2508000)
Electronic state 2: [1110000, 1140000)
Electronic state 3: [1110000, 1140000)
Segment 39 owns:
Electronic state 1: [2508000, 2574000)
Electronic state 2: [1140000, 1170000)
Electronic state 3: [1140000, 1170000)
Segment 40 owns:
Electronic state 1: [2574000, 2640000)
Electronic state 2: [1170000, 1200000)
Electronic state 3: [1170000, 1200000)
Segment 41 owns:
Electronic state 1: [2640000, 2706000)
Electronic state 2: [1200000, 1230000)
Electronic state 3: [1200000, 1230000)
Segment 42 owns:
Electronic state 1: [2706000, 2772000)
Electronic state 2: [1230000, 1260000)
Electronic state 3: [1230000, 1260000)
Segment 43 owns:
Electronic state 1: [2772000, 2838000)
Electronic state 2: [1260000, 1290000)
Electronic state 3: [1260000, 1290000)
Segment 44 owns:
Electronic state 1: [2838000, 2904000)
Electronic state 2: [1290000, 1320000)
Electronic state 3: [1290000, 1320000)
Segment 45 owns:
Electronic state 1: [2904000, 2970000)
Electronic state 2: [1320000, 1350000)
Electronic state 3: [1320000, 1350000)
Segment 46 owns:
Electronic state 1: [2970000, 3036000)
Electronic state 2: [1350000, 1380000)
Electronic state 3: [1350000, 1380000)
Segment 47 owns:
Electronic state 1: [3036000, 3102000)
Electronic state 2: [1380000, 1410000)
Electronic state 3: [1380000, 1410000)
Segment 48 owns:
Electronic state 1: [3102000, 3168000)
Electronic state 2: [1410000, 1440000)
Electronic state 3: [1410000, 1440000)
Vibrational basis functions of irreducible 1:
Highest phonons among the vibrational basis functions:
4, 1, 4, 1, 1, 2, 1, 1, 2, 0, 0, 0, 0, 
0, 1, 9, 1, 1, 0, 0, 
0, 0, 0, 0, 0, 0, 0, 0, 0, 0, 0, 1, 
1, 1, 1, 1, 
Vibrational basis functions of irreducible 2:
Highest phonons among the vibrational basis functions:
4, 1, 4, 1, 1, 2, 1, 1, 2, 0, 0, 0, 0, 
0, 1, 9, 1, 1, 0, 0, 
0, 0, 0, 0, 0, 0, 0, 0, 0, 0, 0, 1, 
1, 1, 1, 1, 
Vibrational basis functions of irreducible 3:
Highest phonons among the vibrational basis functions:
4, 1, 4, 1, 1, 2, 1, 1, 2, 0, 0, 0, 0, 
0, 1, 9, 1, 1, 0, 0, 
0, 0, 0, 0, 0, 0, 0, 0, 0, 0, 0, 1, 
1, 1, 1, 1, 
Vibrational basis functions of irreducible 4:
Highest phonons among the vibrational basis functions:
4, 1, 4, 1, 1, 2, 1, 1, 2, 0, 0, 0, 0, 
0, 1, 9, 1, 1, 0, 0, 
0, 0, 0, 0, 0, 0, 0, 0, 0, 0, 0, 1, 
1, 1, 1, 1, 

Read initial-state harmonic frequencies from:
    initial-freq-1.in
    initial-freq-2.in
Read final-state harmonic frequencies from:
    final-freq-1.in
    final-freq-2.in
    final-freq-3.in
    final-freq-4.in

The 10 most contributing vibrational basis functions are:
No. 1. overlap = 0.128194, phonons are:
    0    0    1    0    0    0    0    0    0    0    0    0    0    0    0    4    0    0    0    0    0    0    0    0    0    0    0    0    0    0    0    0    0    0    0    0
No. 2. overlap = 0.120786, phonons are:
    1    0    1    0    0    0    0    0    0    0    0    0    0    0    0    3    0    0    0    0    0    0    0    0    0    0    0    0    0    0    0    0    0    0    0    0
No. 3. overlap = 0.114657, phonons are:
    0    0    0    0    0    0    0    0    0    0    0    0    0    0    0    2    0    0    0    0    0    0    0    0    0    0    0    0    0    0    0    0    0    0    0    0
No. 4. overlap = 0.112715, phonons are:
    1    0    0    0    0    0    0    0    0    0    0    0    0    0    0    3    0    0    0    0    0    0    0    0    0    0    0    0    0    0    0    0    0    0    0    0
No. 5. overlap = 0.110085, phonons are:
    0    0    1    0    0    0    0    0    0    0    0    0    0    0    0    2    0    0    0    0    0    0    0    0    0    0    0    0    0    0    0    0    0    0    0    0
No. 6. overlap = 0.104454, phonons are:
    0    0    0    0    0    0    0    0    0    0    0    0    0    0    0    4    0    0    0    0    0    0    0    0    0    0    0    0    0    0    0    0    0    0    0    0
No. 7. overlap = 0.0997941, phonons are:
    0    0    2    0    0    0    0    0    0    0    0    0    0    0    0    4    0    0    0    0    0    0    0    0    0    0    0    0    0    0    0    0    0    0    0    0
No. 8. overlap = 0.0861363, phonons are:
    1    0    1    0    0    0    0    0    0    0    0    0    0    0    0    5    0    0    0    0    0    0    0    0    0    0    0    0    0    0    0    0    0    0    0    0
No. 9. overlap = 0.0818958, phonons are:
    1    0    2    0    0    0    0    0    0    0    0    0    0    0    0    3    0    0    0    0    0    0    0    0    0    0    0    0    0    0    0    0    0    0    0    0
No. 10. overlap = 0.0779829, phonons are:
    1    0    2    0    0    0    0    0    0    0    0    0    0    0    0    5    0    0    0    0    0    0    0    0    0    0    0    0    0    0    0    0    0    0    0    0

Norm of the seed vector = 0.0226203
The seed vector can be found in seed-*-*.wfn

Tue Jun 29 01:17:30 2021
Mission success
