     -285.750612410783162
     -285.857538725589848
     -285.963039700955221
     -285.904188344160389
     -286.009575405368651
     -286.057201160394015
     -285.914686936280248
     -286.020205220765547
     -286.069343081190596
     -286.083614130115222
     -285.906487766905627
     -286.011884783737287
     -286.061867612911271
     -286.077451912709535
     -286.072145419839671
     -285.888362589712415
     -285.993236289668005
     -286.043857890629738
     -286.060654738541757
     -286.056184364605372
     -286.041065569569525
     -285.866822781634028
     -285.970764599001427
     -286.021592925995719
     -286.039155855888964
     -286.035268507851811
     -286.020755512809217
     -286.000885015871404
     -285.845287036474417
     -285.947959489378093
     -285.998617130738126
     -286.016539949908235
     -286.012996592382251
     -285.998856927337044
     -285.979252572824464
     -285.957763857974555
     -285.825511023157617
     -285.926671639688436
     -285.976861853218168
     -285.994810845332267
     -285.991409465349761
     -285.977442160269391
     -285.957949950162856
     -285.936492563264949
     -285.915174772233058
     -285.808245272189311
     -285.907745457976887
     -285.957254700200508
     -285.974975386412154
     -285.971557545442749
     -285.957602379682157
     -285.938097818800998
     -285.916579776420633
     -285.895150990704678
     -285.874973827855399
     -285.793662542998959
     -285.891435033774314
     -285.940124309350324
     -285.957435645548003
     -285.953884694386545
     -285.939821974801475
     -285.920211424473564
     -285.898563594403697
     -285.876975761052449
     -285.856614283198496
     -285.838052804292033
     -285.781626930480343
     -285.877669354365651
     -285.925461279407102
     -285.942244583155173
     -285.938480158610048
     -285.924226091170738
     -285.904443910113002
     -285.882618487875106
     -285.860839451832362
     -285.840274319203957
     -285.821501541038685
     -285.804737043679097
     -285.771857607504842
     -285.866216067308756
     -285.913081309923939
     -285.929267869819626
     -285.925239214316889
     -285.910739687220826
     -285.890743699216955
     -285.868711001263080
     -285.846722317549109
     -285.825944363698113
     -285.806958321092281
     -285.789983919109204
     -285.775027896041138
     -285.764024319532098
     -285.856778821056537
     -285.902723702482774
     -285.918283062390401
     -285.913962480554858
     -285.899186743440453
     -285.878953392439143
     -285.856698201639119
     -285.834492420767162
     -285.813500667636106
     -285.794305368631626
     -285.777128650995223
     -285.761979691756949
     -285.748749911425477
     -285.757799858873682
     -285.849052250419845
     -285.894108229083997
     -285.909038020195680
     -285.904415079284661
     -285.889350029381831
     -285.868869894084298
     -285.846387982960096
     -285.823965984444044
     -285.802765616163811
     -285.783369515290929
     -285.766001189261772
     -285.750671366145809
     -285.737272728209632
     -285.725639501884245
     -285.752886219459128
     -285.842750695171560
     -285.886965884227266
     -285.901283463568802
     -285.896360151220904
     -285.881005502409380
     -285.860279451798476
     -285.837574560132168
     -285.814943198936305
     -285.793543743039152
     -285.773958344512209
     -285.756411168444743
     -285.740913851897972
     -285.727359817891852
     -285.715583706458460
     -285.705397600493939
     -285.749025226066976
     -285.837621151553833
     -285.881053735212959
     -285.894789573036974
     -285.889576418670686
     -285.873940796692523
     -285.852976855796385
     -285.830058207471041
     -285.807228366122558
     -285.785642177253578
     -285.765880861736207
     -285.748168741573522
     -285.732517906988789
     -285.718822151218490
     -285.706916251371467
     -285.696612164535395
     -285.687720194587257
     -285.746000448942709
     -285.833447152487508
     -285.876160444421544
     -285.889353058417555
     -285.883866125655402
     -285.867964018093346
     -285.846774905997336
     -285.823655250926492
     -285.800640299652457
     -285.778881359121044
     -285.758958454298806
     -285.741095727914285
     -285.725305406998984
     -285.711481397444572
     -285.699458425339287
     -285.689048199792580
     -285.680060598040996
     -285.672315310548356
     -285.743634589772682
     -285.830047743296291
     -285.872106597508264
     -285.884798782601479
     -285.879057401952593
     -285.862906843981591
     -285.841508098832662
     -285.818202220279716
     -285.795016844566646
     -285.773099849211519
     -285.753029927864930
     -285.735030828254594
     -285.719114701093417
     -285.705175391154398
     -285.693047450689846
     -285.682542267766962
     -285.673469262698575
     -285.665647563532559
     -285.658911763699223
     -285.741784831293216
     -285.827274073462775
     -285.868742370684572
     -285.880978474083634
     -285.875003579553777
     -285.858624445267935
     -285.837033036787545
     -285.813556648563974
     -285.790215987170541
     -285.768155684796000
     -285.747953058486246
     -285.729831332147228
     -285.713802442504630
     -285.699760060791107
     -285.687538490087604
     -285.676948759533218
     -285.667799827153601
     -285.659910278942220
     -285.653114114743005
     -285.647262967604036
     -285.740337573053694
     -285.825005074973546
     -285.865944040772149
     -285.877768056588820
     -285.871581000367030
     -285.854993776702202
     -285.833227109565371
     -285.809596067423456
     -285.786115101696851
     -285.763925826906416
     -285.743604199226525
     -285.725372851564373
     -285.709243423394696
     -285.695109344290984
     -285.682804626787515
     -285.672139927842636
     -285.662923754641952
     -285.654974182050466
     -285.648124661298596
     -285.642226261068402
     -285.637147843047671
     -285.739203315791372
     -285.823143042546064
     -285.863610193049283
     -285.875064484473683
     -285.868686221006215
     -285.851911156586425
     -285.829986378741637
     -285.806216137571141
     -285.782609277701908
     -285.760304644907421
     -285.739876889907237
     -285.721548030252222
     -285.705329363506905
     -285.691114040944001
     -285.678735766984062
     -285.668004829911865
     -285.658729308324780
     -285.650726802943154
     -285.643830263797213
     -285.637890249131999
     -285.632775115974539
     -285.628370085730012
     -285.738312060824171
     -285.821609532162881
     -285.861658082402073
     -285.872782574197004
     -285.866233123676921
     -285.849289662650619
     -285.827223206111796
     -285.803328464710489
     -285.779609286189611
     -285.757202002285510
     -285.736680037927840
     -285.718264799896247
     -285.701967226040267
     -285.687680174615821
     -285.675237040635579
     -285.664447758174560
     -285.655120005928779
     -285.647070950290640
     -285.640133087615993
     -285.634156517804570
     -285.629009147258728
     -285.624575763992823
     -285.620756564142880
     -285.737609361727550
     -285.820341759032544
     -285.860020363948820
     -285.870852080037992
     -285.864150199039557
     -285.847056627188351
     -285.824863922321470
     -285.800858408064869
     -285.777039499869545
     -285.754541265528815
     -285.733935997107437
     -285.715444514023318
     -285.699077394812548
     -285.684727204879209
     -285.672227039277345
     -285.661386499078446
     -285.652012895076211
     -285.643922999737356
     -285.636948901817732
     -285.630940292079288
     -285.625764676520475
     -285.621306459353150
     -285.617465475013773
     -285.614155314641721
     -285.735083036774313
     -285.814918676920456
     -285.852678691358221
     -285.861974495196591
     -285.854466782811357
     -285.836577404811010
     -285.813715958511011
     -285.789125863735194
     -285.764783341980547
     -285.741810164864603
     -285.720772093249082
     -285.701886269098850
     -285.685160857277594
     -285.670486453481260
     -285.657694243871617
     -285.646591836123093
     -285.636984439400408
     -285.628686648059386
     -285.621528347359799
     -285.615357051086505
     -285.610038159018529
     -285.605454073547151
     -285.601502754661453
     -285.598096060008231
     -285.581548954277935
     -285.734695658243709
     -285.813825277289766
     -285.851112543086629
     -285.860025860126484
     -285.852316062320597
     -285.834226598110092
     -285.811197127177650
     -285.786460635823914
     -285.761987584972985
     -285.738896590861657
     -285.717751655935672
     -285.698768872213122
     -285.681955684290358
     -285.667202099504777
     -285.654338752847821
     -285.643172699776358
     -285.633508587150345
     -285.625160441517039
     -285.617957584468968
     -285.611746980543501
     -285.606393503535628
     -285.601779059772639
     -285.597801147493158
     -285.594371199291743
     -285.577706761940533
     -285.573836393733075
     -285.734611798851290
     -285.813575578284485
     -285.850751528707065
     -285.859574573695511
     -285.851817007997454
     -285.833680221614145
     -285.810611016653638
     -285.785839929984945
     -285.761336063857129
     -285.738217285082101
     -285.717047174372226
     -285.698041569089696
     -285.681207737738305
     -285.666435543780381
     -285.653555488234929
     -285.642374493360364
     -285.632697071300413
     -285.624337113280376
     -285.617123807084738
     -285.610903987246445
     -285.605542403336983
     -285.600920844722509
     -285.596936700913318
     -285.593501304519123
     -285.576809386702337
     -285.572932421668270
     -285.572026905208531
R^2 = 0.9984560191777199
