     -285.498907220739852
     -285.609795355150823
     -285.720270894865791
     -285.657783814217566
     -285.767644715612334
     -285.814134570264969
     -285.668843100793083
     -285.779295912585496
     -285.825618714039706
     -285.837045480707218
     -285.661476842051457
     -285.773516620127509
     -285.820536049039617
     -285.832269321322428
     -285.827549681084179
     -285.645836687857695
     -285.761067940476778
     -285.809824803599668
     -285.822370895968049
     -285.817634697695496
     -285.807211179168860
     -285.628978198767811
     -285.748574257909354
     -285.799907927844799
     -285.813718357175560
     -285.808937802228456
     -285.797636697749510
     -285.786523296173925
     -285.614202487955708
     -285.739037276939428
     -285.793595815236984
     -285.809065937975390
     -285.804284068978632
     -285.791930276254163
     -285.778902588417338
     -285.768848568182079
     -285.602313354523289
     -285.732956693755057
     -285.791197003699949
     -285.808668343084548
     -285.804001394430315
     -285.790617026101188
     -285.775588441618424
     -285.762925222898900
     -285.754142603617424
     -285.592560734648657
     -285.729308900966998
     -285.791516271204443
     -285.811280336233722
     -285.806907446242974
     -285.792686434122743
     -285.775822539822400
     -285.760673747063322
     -285.749093617075971
     -285.741228226632018
     -285.583611535601904
     -285.726531807173103
     -285.792844219104950
     -285.815138875303205
     -285.811277833900874
     -285.796534951829244
     -285.778184609464745
     -285.760894824336560
     -285.746811688302671
     -285.736332559987829
     -285.728905766897356
     -285.574339675070860
     -285.723317539448601
     -285.793749078102678
     -285.818748862508698
     -285.815624185202864
     -285.800731357341988
     -285.781342489966448
     -285.762382726881413
     -285.746230262473091
     -285.733479133869366
     -285.723733048531017
     -285.716307010938976
     -285.564241658466415
     -285.719025303630872
     -285.793487649940005
     -285.821293513765795
     -285.819105317629806
     -285.804430132678306
     -285.784468808112763
     -285.764346009708220
     -285.746607848814335
     -285.731987364781332
     -285.720202945861445
     -285.710664257893256
     -285.702912171283117
     -285.553453326676447
     -285.713693229714011
     -285.792015851506790
     -285.822649513539659
     -285.821549986547097
     -285.807407841411418
     -285.787294572297128
     -285.766479913237731
     -285.747618567059419
     -285.731529554758083
     -285.718008069770406
     -285.706539969796154
     -285.696744142731973
     -285.688495439747498
     -285.542508733891054
     -285.707791675149792
     -285.789741326718342
     -285.823146980407387
     -285.823227806439206
     -285.809853208941206
     -285.789923124904021
     -285.768806140966035
     -285.749216569764599
     -285.732015943957833
     -285.717044765041067
     -285.703848609648560
     -285.692122436872694
     -285.681827957939731
     -285.673087620824617
     -285.532036312934508
     -285.701913769779253
     -285.787213318386762
     -285.823266703654724
     -285.824557415913148
     -285.812094364614325
     -285.792581124603771
     -285.771449497021138
     -285.751437132048977
     -285.733416231287094
     -285.717249048990482
     -285.702527358408474
     -285.689018286224950
     -285.676774125205270
     -285.666014282176945
     -285.656942817370464
     -285.522534270376070
     -285.696545389962125
     -285.784891452396778
     -285.823414351538133
     -285.825889254468734
     -285.814396801176827
     -285.795435533467582
     -285.774475526409844
     -285.754254063404915
     -285.735633613132961
     -285.718482530468691
     -285.702428429309521
     -285.687305220313931
     -285.673254424427455
     -285.660593858716425
     -285.649621833690503
     -285.640480286207435
     -285.514274151654206
     -285.691963629980023
     -285.783042278973710
     -285.823819653379815
     -285.827409943881435
     -285.816877395499034
     -285.798519972846748
     -285.777830433348242
     -285.757532775755749
     -285.738469112143093
     -285.720505059548316
     -285.703296599643238
     -285.686738079184352
     -285.671054946159074
     -285.656659186055037
     -285.643940202927297
     -285.633117680531655
     -285.624198579551376
     -285.507309976476279
     -285.688241280911654
     -285.781741168918984
     -285.824538255335426
     -285.829146056475963
     -285.819512388945213
     -285.801748475253703
     -285.781361433732229
     -285.761057276030442
     -285.741654544376161
     -285.723012493359647
     -285.704810335632317
     -285.686996032811180
     -285.669871000705655
     -285.653933199591279
     -285.639655613197931
     -285.627329527937036
     -285.617015992334643
     -285.608583059965554
     -285.501542333719726
     -285.685306810632255
     -285.780929337246448
     -285.825506694076353
     -285.831018452272872
     -285.822191682593655
     -285.804970377896154
     -285.784872742094478
     -285.764587623751538
     -285.744911728190516
     -285.725697853654481
     -285.706645019932353
     -285.687747928507918
     -285.669374569755689
     -285.652098417206275
     -285.636465962959164
     -285.622831538330047
     -285.611303877447540
     -285.601781923282317
     -285.594032178167197
     -285.496792558668460
     -285.683015048108757
     -285.780481530143732
     -285.826606890623509
     -285.832904556406334
     -285.824778369236242
     -285.808027123019656
     -285.788179890636968
     -285.767912335970323
     -285.748003838914599
     -285.728302688669487
     -285.708525426305698
     -285.688706887891556
     -285.669271828662318
     -285.650857922955026
     -285.634074064637161
     -285.619328053334016
     -285.606769035214995
     -285.596322109686866
     -285.587766722709659
     -285.580817084650846
     -285.492861519925384
     -285.681203137420027
     -285.780259226559906
     -285.827715807882726
     -285.834685119840344
     -285.827151491563768
     -285.810790678550234
     -285.791143904757121
     -285.770878940060186
     -285.750763449681699
     -285.730644042831614
     -285.710253171833301
     -285.689659693842486
     -285.669335654153201
     -285.649971822084638
     -285.632228492453180
     -285.616557386208967
     -285.603140762563100
     -285.591925081302179
     -285.582700278822529
     -285.575182171653239
     -285.569074879151970
     -285.489565536037503
     -285.679724271415637
     -285.780142053230747
     -285.828733551020946
     -285.836269416687799
     -285.829227072566312
     -285.813179933248648
     -285.793683067431402
     -285.773401686376360
     -285.753097298640569
     -285.732617744440290
     -285.711710122753971
     -285.690471819694949
     -285.669413516620693
     -285.649268872027108
     -285.630739439009858
     -285.614312036196850
     -285.600195272894553
     -285.588352508732555
     -285.578581869059235
     -285.570600255516581
     -285.564107714571605
     -285.558826220585843
     -285.486752535245898
     -285.678462266172062
     -285.780040558730661
     -285.829593393407833
     -285.837602771576030
     -285.830961988056060
     -285.815160453128499
     -285.795768524738435
     -285.775453481669672
     -285.754975499363354
     -285.734186164351001
     -285.712846094313818
     -285.691076387543887
     -285.669418786343385
     -285.648640910878441
     -285.629476702842737
     -285.612440363280598
     -285.597760938207387
     -285.585414786362037
     -285.575206208424902
     -285.566852733649512
     -285.560051018662591
     -285.554517112527719
     -285.550005146546027
     -285.470380529141835
     -285.668981276793261
     -285.775704695345610
     -285.829452422300676
     -285.839443317330449
     -285.834355513286482
     -285.819349579114089
     -285.800121004479649
     -285.779418087800195
     -285.758061803298290
     -285.735965879968944
     -285.712967068636317
     -285.689278770327576
     -285.665545246987904
     -285.642636862102677
     -285.621380423751589
     -285.602365581072718
     -285.585875551852666
     -285.571919281533440
     -285.560314434454710
     -285.550776584209189
     -285.542989526128110
     -285.536649708586992
     -285.531488398158331
     -285.510894886277697
     -285.463776523887645
     -285.663569122653371
     -285.771211888545679
     -285.825750274217228
     -285.836140561073250
     -285.831394775359229
     -285.816603809722380
     -285.797489890013480
     -285.776824371085411
     -285.755447805770075
     -285.733290376300772
     -285.710202529775870
     -285.686408913611217
     -285.662562821086340
     -285.639541623735624
     -285.618177301170306
     -285.599063045578703
     -285.582484226092788
     -285.568450804896941
     -285.556780588898505
     -285.547188665568171
     -285.539357931435632
     -285.532983701383102
     -285.527796011223870
     -285.507160115046474
     -285.503459584114921
     -285.461691533352450
     -285.661694270962585
     -285.769509381049090
     -285.824213129061491
     -285.834699998631379
     -285.830053069760424
     -285.815343960649500
     -285.796297573555080
     -285.775687622400994
     -285.754356741019421
     -285.732236925363964
     -285.709180175864105
     -285.685412444757503
     -285.661588100111658
     -285.638585381933865
     -285.617236958739454
     -285.598136559665193
     -285.581569965569429
     -285.567547449757626
     -285.555887051401953
     -285.546304029915746
     -285.538481408743110
     -285.532114596897372
     -285.526933701062603
     -285.506340251092467
     -285.502654298309380
     -285.501853115852782
R^2 = 0.9986340286205266
