     -285.520754624433835
     -285.634341047733130
     -285.742333480566174
     -285.684125011295862
     -285.790171686831229
     -285.837329164896005
     -285.694300025922985
     -285.802227412998604
     -285.850350323107364
     -285.864064125902985
     -285.685362301074065
     -285.796923026353511
     -285.846881155445146
     -285.861184801315630
     -285.858136251238591
     -285.668019646653306
     -285.786100412444966
     -285.839530731272362
     -285.855027471952326
     -285.851560732274493
     -285.843719951126275
     -285.649893899582992
     -285.776328260725961
     -285.834467075128259
     -285.851891645198236
     -285.848093262547764
     -285.838662883713539
     -285.831289841224191
     -285.633710834026033
     -285.769781124994836
     -285.833607689837947
     -285.853710614184877
     -285.849841401100718
     -285.838839419940030
     -285.828862119077087
     -285.823287160151267
     -285.619683876930083
     -285.766128887720470
     -285.836293495820371
     -285.859683482322907
     -285.856042127818853
     -285.843658577849794
     -285.831068080830164
     -285.822153726065665
     -285.817341491158288
     -285.606894964028072
     -285.763972844782813
     -285.840797166749098
     -285.867878720227850
     -285.864730157840370
     -285.851223897354998
     -285.836181355375913
     -285.823979306474939
     -285.815435418456332
     -285.809653860611718
     -285.594230099440551
     -285.761814350695715
     -285.845340512594646
     -285.876319830322018
     -285.873871639952256
     -285.859518105910979
     -285.842284250883893
     -285.827009313020994
     -285.814883767827723
     -285.805302393178749
     -285.797150357304758
     -285.580965952473946
     -285.758647450103012
     -285.848704183559903
     -285.883623988184866
     -285.882025009528149
     -285.867089030398802
     -285.847974246905721
     -285.829939142847536
     -285.814512696088684
     -285.801355378613664
     -285.789554812772110
     -285.778386231022125
     -285.567005691988072
     -285.754184081010749
     -285.850450028454077
     -285.889228698515637
     -285.888574092941042
     -285.873292715579964
     -285.852618223943978
     -285.832179667832520
     -285.813802605564433
     -285.797380299238796
     -285.782180748506050
     -285.767616766331741
     -285.753557804775198
     -285.552786412224066
     -285.748744707679691
     -285.850801180812823
     -285.893266854699277
     -285.893604082782531
     -285.878174902052081
     -285.856243319553244
     -285.833759955509777
     -285.812803646484838
     -285.793465511602392
     -285.775169378625662
     -285.757452232816433
     -285.740282706870175
     -285.724017557638035
     -285.538992714125698
     -285.742954921376111
     -285.850327162060069
     -285.896245498264989
     -285.897580601404115
     -285.882155527002283
     -285.859231539302925
     -285.835035048475618
     -285.811857742891618
     -285.789955714759515
     -285.768884823315716
     -285.748291985821481
     -285.728239518909788
     -285.709163490472918
     -285.691635203100589
     -285.526257789234762
     -285.737431719276572
     -285.849620173491360
     -285.898716913851956
     -285.901021573231901
     -285.885706283201557
     -285.862007362864460
     -285.836386423839144
     -285.811312803983526
     -285.787179000662775
     -285.763651718731921
     -285.740474051771400
     -285.717794936164978
     -285.696128021156426
     -285.676111168815567
     -285.658253951963957
     -285.514978113015843
     -285.732586080867009
     -285.849089587737978
     -285.901069088990823
     -285.904288519254180
     -285.889146809562305
     -285.864842372390513
     -285.838037328668690
     -285.811349496794833
     -285.785284340852911
     -285.759601598766210
     -285.734127974167563
     -285.709091044558875
     -285.685077780612346
     -285.662791113341598
     -285.642794058537504
     -285.625363770830972
     -285.505271554341618
     -285.728571451044616
     -285.848903967899673
     -285.903464318315287
     -285.907525493441483
     -285.892586874647577
     -285.867803272036667
     -285.840008336242761
     -285.811944985986486
     -285.784213165811195
     -285.756651217533260
     -285.729158348827582
     -285.702032415578344
     -285.675927639757958
     -285.651607880179483
     -285.629687070019429
     -285.610480633536270
     -285.593993616537432
     -285.497037673957948
     -285.725336525021248
     -285.849038657582469
     -285.905883608316117
     -285.910703077224639
     -285.895971736615707
     -285.870800325974244
     -285.842170066393408
     -285.812930553601120
     -285.783761950040741
     -285.754569736448559
     -285.725315979891548
     -285.696360483329329
     -285.668417568678819
     -285.642306123546007
     -285.618686470840089
     -285.597909205864141
     -285.580002317125832
     -285.564753345181771
     -285.490057050720338
     -285.722718806181263
     -285.849365159711112
     -285.908212995725194
     -285.913703627827317
     -285.899167161917148
     -285.873673159726025
     -285.844330581370912
     -285.814081184898384
     -285.783674378610499
     -285.753073687123049
     -285.722295714399081
     -285.691754218424364
     -285.662216037773248
     -285.634548268557182
     -285.609451962873322
     -285.587308666779791
     -285.568166626961727
     -285.551823392618928
     -285.537941276305673
     -285.484080784101764
     -285.720529772463578
     -285.849732982871330
     -285.910322537112734
     -285.916398796050260
     -285.902035658057059
     -285.876266220716616
     -285.846310596673561
     -285.815191083772447
     -285.783717747633091
     -285.751904832517766
     -285.719816288671893
     -285.687912386410119
     -285.657004983202739
     -285.628002332266476
     -285.601640149595255
     -285.578326249716213
     -285.558126013778519
     -285.540845393882364
     -285.526147622814165
     -285.513655190432928
     -285.478887783295818
     -285.718608999703292
     -285.850021199093874
     -285.912115349933231
     -285.918696982980066
     -285.904482150870649
     -285.878472870496182
     -285.847986308901454
     -285.816115723205371
     -285.783724875159749
     -285.750872665032887
     -285.717664142413753
     -285.684599322541601
     -285.652528037491606
     -285.622392921503717
     -285.594958425922812
     -285.570653984230432
     -285.549558946306604
     -285.531485968426921
     -285.516098788790885
     -285.503015634335839
     -285.491876517791638
     -285.474308919533257
     -285.716846095296489
     -285.850158477543062
     -285.913545578393382
     -285.920559840388876
     -285.906468656652748
     -285.880248245054133
     -285.849300630845448
     -285.816781855347983
     -285.783603481231751
     -285.749863876053610
     -285.715703724915613
     -285.681656753637185
     -285.648604404659579
     -285.617517517572139
     -285.589183840813007
     -285.564050136540402
     -285.542206780190043
     -285.523471528636833
     -285.507508198534140
     -285.493931252199275
     -285.482374322940188
     -285.472522413533341
     -285.470227823925370
     -285.715180030915690
     -285.850121091338167
     -285.914614827572962
     -285.921997498443432
     -285.908007915510552
     -285.881601228452098
     -285.850253606532192
     -285.817176673968788
     -285.783324590570032
     -285.748830614452118
     -285.713866259913061
     -285.678993668256396
     -285.645120316727684
     -285.613239845266150
     -285.584158542835837
     -285.558336749540729
     -285.535873294489534
     -285.516589634871593
     -285.500149294233495
     -285.486163407501238
     -285.474260231370693
     -285.464118228967891
     -285.455473120611259
     -285.447524313091890
     -285.703536346886608
     -285.845930247770525
     -285.915494326565693
     -285.924567558254694
     -285.911045666993232
     -285.883793598658372
     -285.850646650239753
     -285.815097281978581
     -285.778319069510985
     -285.740619976283767
     -285.702314333996014
     -285.664082942128061
     -285.626931188655362
     -285.591930708206860
     -285.559945886357866
     -285.531475712228939
     -285.506639668749926
     -285.485264332467921
     -285.467005951193471
     -285.451459363357003
     -285.438230717056172
     -285.426973319284400
     -285.417396867505147
     -285.375634498325098
     -285.441981566371282
     -285.700095019118862
     -285.843920457977617
     -285.914505305229284
     -285.923966303263967
     -285.910639164572729
     -285.883355944944356
     -285.850017578800419
     -285.814168900167374
     -285.777024531803022
     -285.738923983749203
     -285.700205290679492
     -285.661566560432163
     -285.624025330853499
     -285.588661270620094
     -285.556343561710435
     -285.527573493117245
     -285.502470976016980
     -285.480861666445492
     -285.462399973492893
     -285.446678324826564
     -285.433300155534312
     -285.421915959715363
     -285.412232666802311
     -285.370031945568883
     -285.364375314497806
     -285.440803286310654
     -285.699326135286412
     -285.843435550022036
     -285.914236553102000
     -285.923793079626705
     -285.910535833305175
     -285.883285282847964
     -285.849953142086861
     -285.814092515824484
     -285.776924318665749
     -285.738792783895235
     -285.700039427816876
     -285.661364863110066
     -285.623788371515445
     -285.588390780477766
     -285.556041988072536
     -285.527243671141377
     -285.502115891347046
     -285.480484289069807
     -285.462003146551694
     -285.446264695045784
     -285.432872134527315
     -285.421475707587888
     -285.411782091351995
     -285.369539114872453
     -285.363877592294841
     -285.363379547864781
R^2 = 0.9990470135003885
