     -285.553798781875287
     -285.660970273348084
     -285.768778314732515
     -285.706199458002516
     -285.814558432546050
     -285.860380045711906
     -285.717436426921779
     -285.826848068856293
     -285.872738401149547
     -285.884815651408701
     -285.710683074016742
     -285.821179109278887
     -285.867298482562660
     -285.879208892309066
     -285.873413291663212
     -285.693923566325054
     -285.806081685769016
     -285.852722938907448
     -285.864583984132139
     -285.858591294573102
     -285.843502398842020
     -285.672217220208893
     -285.786331750094121
     -285.833738005094290
     -285.845745158995271
     -285.839635155587644
     -285.824321042140014
     -285.804907620944562
     -285.648383157496426
     -285.764643277680022
     -285.813002601725145
     -285.825334610230527
     -285.819197770239214
     -285.803730167882520
     -285.784120290228657
     -285.763143222012104
     -285.624086987792850
     -285.742583935028335
     -285.792022021561422
     -285.804820260155054
     -285.798738461541461
     -285.783192875738166
     -285.763436961593015
     -285.742298890755137
     -285.721304880644652
     -285.600322526686170
     -285.721065971578184
     -285.771650786209648
     -285.785014465748191
     -285.779053221105187
     -285.763496511623202
     -285.743645472570677
     -285.722382016750203
     -285.701260752192525
     -285.681101153793293
     -285.577677778095961
     -285.700614595081220
     -285.752366021909836
     -285.766355219510785
     -285.760562063372220
     -285.745047733647766
     -285.725146314417259
     -285.703792217971966
     -285.682568981504801
     -285.662311049654420
     -285.643433146719019
     -285.556486434015142
     -285.681518457097752
     -285.734419187144169
     -285.749061165310820
     -285.743467062364346
     -285.728034620815151
     -285.708118992478035
     -285.686704601339557
     -285.665403369218950
     -285.645065133626360
     -285.626112351165432
     -285.608725431674145
     -285.536917799775551
     -285.663917078298823
     -285.717922858058159
     -285.733219218783404
     -285.727841224121505
     -285.712517506712857
     -285.692615091453263
     -285.671165165433820
     -285.649806773895250
     -285.629404948253296
     -285.610390200615655
     -285.592946811404147
     -285.577118704674831
     -285.519032775649919
     -285.647853895062610
     -285.702902320950500
     -285.718835762166748
     -285.713679979119775
     -285.698481247731877
     -285.678611605753133
     -285.657145348306244
     -285.635746940201955
     -285.615295992852339
     -285.596231037392897
     -285.578740467326782
     -285.562870047439958
     -285.548584507293583
     -285.502820400315500
     -285.633309970679647
     -285.689327598097236
     -285.705867735478819
     -285.700932093374092
     -285.685866275831188
     -285.666042399341109
     -285.644574057784894
     -285.623149189441563
     -285.602661112023952
     -285.583556097024598
     -285.566026683910366
     -285.550120658063520
     -285.535803545958572
     -285.522995166792327
     -285.488222684542848
     -285.620226342875071
     -285.677134176202287
     -285.694242273922271
     -285.689518919575676
     -285.674587678924013
     -285.654817344343087
     -285.633357019339201
     -285.611916070347434
     -285.591400501608518
     -285.572263892270087
     -285.554702817918326
     -285.538767141067865
     -285.524423317542983
     -285.511591444468877
     -285.500167371991267
     -285.475151972522383
     -285.608519325540158
     -285.666236889253923
     -285.683869538270130
     -285.679346783306983
     -285.664547286237166
     -285.644834294217276
     -285.623388767224867
     -285.601939454521585
     -285.581403962436241
     -285.562242655821649
     -285.544655944127271
     -285.528695738476756
     -285.514329483099402
     -285.501477650123320
     -285.490036123575408
     -285.479889783147257
     -285.463503262739550
     -285.598091192110644
     -285.656539426679046
     -285.674651297464493
     -285.670315139313232
     -285.655641492480356
     -285.635986726227202
     -285.614560212505637
     -285.593108104314922
     -285.572558517662571
     -285.553378038461744
     -285.535770652452584
     -285.519790234654636
     -285.505405225405298
     -285.492536524681100
     -285.481080121364585
     -285.470920825676785
     -285.461940679220504
     -285.453162971953475
     -285.588837679811490
     -285.647940902398602
     -285.666486728339009
     -285.662321996855098
     -285.647766369694409
     -285.628168656618129
     -285.606763447111973
     -285.585312426995984
     -285.564753159692486
     -285.545557877425438
     -285.527933856111360
     -285.511936815135357
     -285.497536163971063
     -285.484653251831674
     -285.473184216379025
     -285.463013850195978
     -285.454024091496763
     -285.446099208190276
     -285.444015111032115
     -285.580653224526429
     -285.640340368933153
     -285.659276315089755
     -285.655267507851136
     -285.640820982326773
     -285.621277771368398
     -285.599894756815218
     -285.578447418836106
     -285.557881760518796
     -285.538675097621365
     -285.521037700445277
     -285.505026993902220
     -285.490613307360775
     -285.477718438914962
     -285.466238699350129
     -285.456058898630658
     -285.447060909429126
     -285.439128894586986
     -285.432152429027610
     -285.435945546212849
     -285.573434539602999
     -285.633639856265120
     -285.652924412179289
     -285.649056280586308
     -285.634709474749059
     -285.615217353538071
     -285.593856439055514
     -285.572414411507737
     -285.551844774783945
     -285.532629391661430
     -285.514981234250513
     -285.498959285854312
     -285.484534733286750
     -285.471629808689215
     -285.460141006447259
     -285.449953176530698
     -285.440948153285603
     -285.433010022135534
     -285.426028264565275
     -285.419899536050082
     -285.428844837104180
     -285.567082974893538
     -285.627746337597046
     -285.647340851422541
     -285.643598793199317
     -285.629342303939609
     -285.609897383231100
     -285.588557807971313
     -285.567122011243612
     -285.546550135006328
     -285.527328087407227
     -285.509671261470828
     -285.493640051064062
     -285.479206431280716
     -285.466293044347140
     -285.454796569160919
     -285.444601909323637
     -285.435590880083566
     -285.427647510251120
     -285.420661208090905
     -285.414528551309843
     -285.409154178954168
     -285.422610020799368
     -285.561505978214200
     -285.622572913059003
     -285.642441862424448
     -285.638812167535264
     -285.624636872783356
     -285.605235064555757
     -285.583915642648549
     -285.562486490135484
     -285.541913602714715
     -285.522686471667384
     -285.505022646939494
     -285.488983789517874
     -285.474542591432112
     -285.461622075774471
     -285.450119100497773
     -285.439918630043735
     -285.430902473852541
     -285.422954619688767
     -285.415964418330304
     -285.409828384518562
     -285.404451095000525
     -285.399745495340483
     -285.417145623933834
     -285.556617902217454
     -285.618039427685005
     -285.638150502669589
     -285.634620490918905
     -285.620517745168172
     -285.601154957710378
     -285.579854255958594
     -285.558431807707848
     -285.537858755382558
     -285.518627752269424
     -285.500958261038761
     -285.484913073949031
     -285.470465529528383
     -285.457539000004715
     -285.446030512900563
     -285.435825096224676
     -285.426804562530492
     -285.418852870119679
     -285.411859324521174
     -285.405720389323051
     -285.400340589827351
     -285.395632822869743
     -285.391518281215156
     -285.389307989618942
     -285.531701641142888
     -285.594934372054468
     -285.616295727394004
     -285.613287890714503
     -285.599572180501127
     -285.580424285972640
     -285.559233080029458
     -285.537856789338434
     -285.517292882580762
     -285.498050342776821
     -285.480358634837501
     -285.464286568160219
     -285.449811005175320
     -285.436857296064829
     -285.425323499522051
     -285.415095105007140
     -285.406054052522109
     -285.398084239855734
     -285.391074813438763
     -285.384922032927648
     -285.379530206368372
     -285.374812017760917
     -285.370688460787221
     -285.349814799421495
     -285.382498993322372
     -285.525596951596526
     -285.589269592008577
     -285.610937797210340
     -285.608059849491724
     -285.594442028230162
     -285.575350013700870
     -285.554188695562118
     -285.532826452802396
     -285.512267154914696
     -285.493023791270048
     -285.475328309307542
     -285.459251034941133
     -285.444769737872321
     -285.431810293981698
     -285.420271050961105
     -285.410037642406621
     -285.400992065520086
     -285.393018224646312
     -285.386005244656985
     -285.379849349340759
     -285.374454804872585
     -285.369734252234707
     -285.365608643663961
     -285.344724919469002
     -285.339632709462023
     -285.380886587999726
     -285.524149575423792
     -285.587925466429340
     -285.609665860983966
     -285.606818562434114
     -285.593223923906464
     -285.574145222116613
     -285.552991095559435
     -285.531632302603441
     -285.511074215319638
     -285.491830765454665
     -285.474134485879176
     -285.458056061326317
     -285.443573477140944
     -285.430612734977387
     -285.419072252396859
     -285.408837698526497
     -285.399791085390632
     -285.391816320007933
     -285.384802523106146
     -285.378645910790510
     -285.373250739997275
     -285.368529642083104
     -285.364403559933749
     -285.343517508138405
     -285.338424758066253
     -285.337216681433461
R^2 = 0.9999806186976282
