Statisticize data set for diabatz version 0
Yifan Shen 2022

Echo of user command line input:
/home/yshen/Software/Mine/diabatz/tools/v0/data-stats/data-stats.exe -f default -i IntCoordDef -s SAS.in -n Hd.in -l 11.in 12.in 13.in 14.in 22.in 23.in 24.in 33.in 34.in 44.in -d data/critical/min-A1/ data/critical/sad-A1/ data/critical/min-B1/ data/critical/min-B2/ data/critical/sad-B2/ data/critical/min-A2/ data/linear-path/min-B1_min-B2/ data/other/in-benzene/list.txt data/other/out-of-benzene/list.txt data/other/NH2-angles/list.txt -z -286.1075216397

Fri Mar 11 11:59:09 2022

The data set will be read from: 
    data/critical/min-A1/, data/critical/sad-A1/, data/critical/min-B1/, 
    data/critical/min-B2/, data/critical/sad-B2/, data/critical/min-A2/, 
    data/linear-path/min-B1_min-B2/, data/other/in-benzene/A1-11/, data/other/in-benzene/A1-12/, 
    data/other/in-benzene/B2-28/, data/other/in-benzene/B2-29/, data/other/in-benzene/B2-30/, 
    data/other/out-of-benzene/B1-15_H/0-5_4-states/, data/other/out-of-benzene/B1-15_H/6-10_4-states/, 
    data/other/out-of-benzene/B1-16_H/0-9_4-states/, data/other/out-of-benzene/B1-16_H/10-12_4-states/, 
    data/other/out-of-benzene/B1-17_H/, data/other/out-of-benzene/B1-19_N/0-2_4-states/, 
    data/other/out-of-benzene/B1-19_N/3-4_4-states/, data/other/out-of-benzene/A2-34_H/0-6_4-states/, 
    data/other/out-of-benzene/A2-34_H/7_3-states/, data/other/out-of-benzene/A2-34_H/8-10_4-states/, 
    data/other/out-of-benzene/A2-35_H/0-2_4-states/, data/other/out-of-benzene/A2-35_H/3-7_3-states/, 
    data/other/NH2-angles/H-N-H_from_min-B1/0-18_4-states/, data/other/NH2-angles/H-N-H_from_min-B1/19_3-states/, 
    data/other/NH2-angles/H-N-H_from_min-A1/, data/other/NH2-angles/C-N-avgH_from_min-B1/0-11_4-states/, 
    data/other/NH2-angles/C-N-avgH_from_min-B1/12-13_5to4-states/, data/other/NH2-angles/C-out-of-NH2/0-9_4-states/, 
    data/other/NH2-angles/C-out-of-NH2/10-14_5to4-states/, data/other/NH2-angles/NH2-rotation_from_min-B1/0.1/, 
    data/other/NH2-angles/NH2-rotation_from_min-B1/0.2/, data/other/NH2-angles/NH2-rotation_from_min-B1/0.3/, 
    data/other/NH2-angles/NH2-rotation_from_min-B1/0.4/, data/other/NH2-angles/NH2-rotation_from_min-B1/0.5/, 
    data/other/NH2-angles/NH2-rotation_from_min-B1/0.6/, data/other/NH2-angles/NH2-rotation_from_min-B1/0.7/, 
    data/other/NH2-angles/NH2-rotation_from_min-B1/0.8/, data/other/NH2-angles/NH2-rotation_from_min-B1/0.9/, 
    data/other/NH2-angles/NH2-rotation_from_min-B1/1.0/, data/other/NH2-angles/NH2-rotation_from_min-B1/1.1/, 
    data/other/NH2-angles/NH2-rotation_from_min-B1/1.2/, data/other/NH2-angles/NH2-rotation_from_min-B1/1.3/, 
    data/other/NH2-angles/NH2-rotation_from_min-B1/1.4/, data/other/NH2-angles/NH2-rotation_from_min-B1/1.5/, 
    data/other/NH2-angles/NH2-rotation_from_min-B1/1.6/, data/other/NH2-angles/NH2-rotation_from_min-B1/1.7/, 
    data/other/NH2-angles/NH2-rotation_from_min-B1/1.8/, data/other/NH2-angles/NH2-rotation_from_min-B1/1.9/, 
    data/other/NH2-angles/NH2-rotation_from_min-B1/2.0/, data/other/NH2-angles/NH2-rotation_from_min-B1/2.1/, 
    data/other/NH2-angles/NH2-rotation_from_min-B1/2.2/, data/other/NH2-angles/NH2-rotation_from_min-A1/0.1/, 
    data/other/NH2-angles/NH2-rotation_from_min-A1/0.2/, data/other/NH2-angles/NH2-rotation_from_min-A1/0.3/, 
    data/other/NH2-angles/NH2-rotation_from_min-A1/0.4/, data/other/NH2-angles/NH2-rotation_from_min-A1/0.5/, 
    data/other/NH2-angles/NH2-rotation_from_min-A1/0.6/, data/other/NH2-angles/NH2-rotation_from_min-A1/0.7/, 
    data/other/NH2-angles/NH2-rotation_from_min-A1/0.8/, data/other/NH2-angles/NH2-rotation_from_min-A1/0.9/, 
    data/other/NH2-angles/NH2-rotation_from_min-A1/1.0/, data/other/NH2-angles/NH2-rotation_from_min-A1/1.1/, 
    data/other/NH2-angles/NH2-rotation_from_min-A1/1.2/, data/other/NH2-angles/NH2-rotation_from_min-A1/1.3/, 
    data/other/NH2-angles/NH2-rotation_from_min-A1/1.4/, data/other/NH2-angles/NH2-rotation_from_min-A1/1.5/, 
    data/other/NH2-angles/NH2-rotation_from_min-A1/1.6/, data/other/NH2-angles/NH2-rotation_from_min-A1/1.7/, 
    data/other/NH2-angles/NH2-rotation_from_min-A1/1.8/, data/other/NH2-angles/NH2-rotation_from_min-A1/1.9/, 
    data/other/NH2-angles/NH2-rotation_from_min-A1/2.0/, data/other/NH2-angles/NH2-rotation_from_min-A1/2.1/, 
    data/other/NH2-angles/NH2-rotation_from_min-A1/2.2/, 
There are 651 data points in adiabatic representation
          1 data points in composite representation

state 1 - state 1
* x      average       range [-0.143315, 2.92389]
* x standard deviation range [2.00826e-07, 1.50245]
* S      average       range [6.19051e-07, 7.5473]
* S standard deviation range [nan, nan]
state 1 - state 2
* x      average       range [0, 0]
* x standard deviation range [3.64276e-07, 0.475911]
* S      average       range [2.52454e-06, 20.0423]
* S standard deviation range [1.48488e-05, 126.723]
state 1 - state 3
* x      average       range [0, 0]
* x standard deviation range [1.29691e-06, 0.346716]
* S      average       range [1.34281e-06, 22.6411]
* S standard deviation range [nan, nan]
state 1 - state 4
* x      average       range [0, 0]
* x standard deviation range [3.91204e-07, 0.165111]
* S      average       range [1.74096e-06, 14.0681]
* S standard deviation range [9.39799e-06, 247.356]
state 2 - state 2
* x      average       range [-0.143315, 2.92389]
* x standard deviation range [2.00826e-07, 1.50245]
* S      average       range [6.19051e-07, 7.5473]
* S standard deviation range [nan, nan]
state 2 - state 3
* x      average       range [0, 0]
* x standard deviation range [3.91204e-07, 0.165111]
* S      average       range [1.74096e-06, 14.0681]
* S standard deviation range [9.39799e-06, 247.356]
state 2 - state 4
* x      average       range [0, 0]
* x standard deviation range [1.29691e-06, 0.346716]
* S      average       range [1.34281e-06, 22.6411]
* S standard deviation range [nan, nan]
state 3 - state 3
* x      average       range [-0.143315, 2.92389]
* x standard deviation range [2.00826e-07, 1.50245]
* S      average       range [6.19051e-07, 7.5473]
* S standard deviation range [nan, nan]
state 3 - state 4
* x      average       range [0, 0]
* x standard deviation range [3.64276e-07, 0.475911]
* S      average       range [2.52454e-06, 20.0423]
* S standard deviation range [1.48488e-05, 126.723]
state 4 - state 4
* x      average       range [-0.143315, 2.92389]
* x standard deviation range [2.00826e-07, 1.50245]
* S      average       range [6.19051e-07, 7.5473]
* S standard deviation range [nan, nan]
Details can be found in regset_x.txt and regset_S.txt

Fri Mar 11 12:02:40 2022
Mission success
