     -285.520824962896882
     -285.632971138031678
     -285.744704718470416
     -285.681733571715313
     -285.792852513833907
     -285.840116343103432
     -285.692683647176409
     -285.804536749169472
     -285.851681909586716
     -285.863232072291112
     -285.685664769664413
     -285.798962588464292
     -285.846755991993291
     -285.858603100200639
     -285.854007794153119
     -285.669622241144566
     -285.786111534487475
     -285.835642372227255
     -285.848323564287568
     -285.843690436438294
     -285.832864543585572
     -285.652116316711670
     -285.772970416577039
     -285.825078061129375
     -285.839056312420098
     -285.834346105628242
     -285.822642626823210
     -285.810881789904613
     -285.636521775779556
     -285.762614605487101
     -285.817947118401548
     -285.833633205037472
     -285.828873542258464
     -285.816117375207853
     -285.802442252028015
     -285.791569401672746
     -285.623707496150587
     -285.755608876106180
     -285.814623160667963
     -285.832378250193301
     -285.827665721513540
     -285.813878978858327
     -285.798202959032551
     -285.784720910193016
     -285.775013144714990
     -285.612977831220576
     -285.750984038262743
     -285.813965383117079
     -285.834104150842791
     -285.829594728270877
     -285.814971341824503
     -285.797460012181148
     -285.781492389302116
     -285.768987113118158
     -285.760144677618882
     -285.603042998025273
     -285.747221310320299
     -285.814307696869037
     -285.837092653009393
     -285.832979481780171
     -285.817834225382455
     -285.798836447674944
     -285.780727832426749
     -285.765719550196309
     -285.754263376826088
     -285.745850949587066
     -285.592809702300372
     -285.743045607401939
     -285.814251120672907
     -285.839880085188895
     -285.836364397888303
     -285.821069195701341
     -285.801032892982789
     -285.781254299777743
     -285.764176689172871
     -285.750448515513767
     -285.739716796026869
     -285.731329323240971
     -285.581797884608534
     -285.737839570496817
     -285.813075891422841
     -285.841668942086017
     -285.838931729227909
     -285.823854169950266
     -285.803245410041711
     -285.782303781517214
     -285.763640474426722
     -285.748042945338398
     -285.735272892269904
     -285.724772769107858
     -285.716106881410383
     -285.570158901672812
     -285.731656845434202
     -285.810753441843872
     -285.842345217126535
     -285.840525746999390
     -285.825981227537625
     -285.805220523080322
     -285.783587033900915
     -285.763800541526052
     -285.746734484169338
     -285.732227365033111
     -285.719797829865001
     -285.709088201713428
     -285.699988847583199
     -285.558435889949578
     -285.724976871932142
     -285.807700498117583
     -285.842240949184372
     -285.841425147953714
     -285.827648176129571
     -285.807070656749374
     -285.785134842691377
     -285.764620125293391
     -285.746442454431303
     -285.730485641365931
     -285.716328050779566
     -285.703688076916364
     -285.692542946837591
     -285.683024190784693
     -285.547261337113127
     -285.718396834681698
     -285.804470357906098
     -285.841833959245264
     -285.842052625547751
     -285.829187199922785
     -285.809026524569219
     -285.787076066866632
     -285.766138555697864
     -285.747140609880660
     -285.729987793435441
     -285.714304667659576
     -285.699881794388716
     -285.686786982223225
     -285.675248720257116
     -285.665475123570729
     -285.537133730704511
     -285.712402891014392
     -285.801522928065936
     -285.841524159622452
     -285.842758900253159
     -285.830864072635109
     -285.811255369582852
     -285.789476532405160
     -285.768329923203623
     -285.748732427876348
     -285.730595711063472
     -285.713580174710444
     -285.697543164627518
     -285.682641717595288
     -285.669202732946417
     -285.657528576040590
     -285.647761464707344
     -285.528322191812379
     -285.707269710862022
     -285.799122334472600
     -285.841534299519594
     -285.843728169495591
     -285.832793246787048
     -285.813788388791750
     -285.792280019173234
     -285.771057215384189
     -285.751016506716212
     -285.732066819972829
     -285.713896924873893
     -285.696424603327614
     -285.679890819156583
     -285.664716640114705
     -285.651295525107116
     -285.639847438861295
     -285.630376917710691
     -285.520876488308829
     -285.703065833467974
     -285.797339696092251
     -285.841912850610640
     -285.844982753764441
     -285.834946711907605
     -285.816535362873083
     -285.795329491231598
     -285.774100187333261
     -285.753720410623600
     -285.734092725458538
     -285.714929132537350
     -285.696201028628820
     -285.678225345377541
     -285.661509125325324
     -285.646529407052071
     -285.633577757940998
     -285.622712802168337
     -285.613798341473625
     -285.514691827366505
     -285.699714345002860
     -285.796110846233944
     -285.842589566399852
     -285.846438131375635
     -285.837208987370275
     -285.819340247329762
     -285.798423781408076
     -285.777213516868585
     -285.756560576252241
     -285.736361067567600
     -285.716346798651614
     -285.696535906139843
     -285.677311896241804
     -285.659257324754549
     -285.642922738627590
     -285.628662750148294
     -285.616583669095462
     -285.606580186604617
     -285.598413423303725
     -285.509583569449092
     -285.697064099613215
     -285.795304556265080
     -285.843440240332484
     -285.847965752642949
     -285.839437191146715
     -285.822038509587117
     -285.801372447084418
     -285.780179746221222
     -285.759294204110176
     -285.738607419716459
     -285.717868722158812
     -285.697136382657277
     -285.676850672282285
     -285.657658347637152
     -285.640172357439383
     -285.624800782286115
     -285.611690343996770
     -285.600761890143019
     -285.591789484980040
     -285.584481364055080
     -285.505346414312896
     -285.694946072531309
     -285.794776136288135
     -285.844336424993514
     -285.849440199683784
     -285.841504197081122
     -285.824495948724575
     -285.804030344811451
     -285.782840233917966
     -285.761747698484101
     -285.740642657485466
     -285.719290351293296
     -285.697783072215088
     -285.676608381380049
     -285.656466130373644
     -285.638020668862282
     -285.621723998767891
     -285.607755954951756
     -285.596058745365212
     -285.586416924699790
     -285.578540334664353
     -285.572126925769965
     -285.501790602852054
     -285.693207378953957
     -285.794399135386016
     -285.845173486590909
     -285.850764668958277
     -285.843319950510704
     -285.826625375850028
     -285.806309679912772
     -285.785103152661179
     -285.763821719870009
     -285.742356531521182
     -285.720487474641004
     -285.698335370494590
     -285.676426416274580
     -285.655503352743153
     -285.636271787845999
     -285.619218821182812
     -285.604550637710247
     -285.592226345222571
     -285.582038687363536
     -285.573698590954734
     -285.566899933616583
     -285.561358612057859
     -285.498758270641531
     -285.691726042291521
     -285.794078309467011
     -285.845880542808516
     -285.851878692427590
     -285.844835534581534
     -285.828386564310961
     -285.808175805800886
     -285.786935616535573
     -285.765480589173876
     -285.743705620012975
     -285.721404114781933
     -285.698720606924610
     -285.676212354578354
     -285.654656060175569
     -285.634789720259960
     -285.617127816847642
     -285.601896971604162
     -285.589069291433191
     -285.578443695310284
     -285.569731737668747
     -285.562623906288707
     -285.556830172580874
     -285.552098875180263
     -285.481473338403816
     -285.681332126779068
     -285.788829519948308
     -285.845110607531581
     -285.852806312048358
     -285.847316133678305
     -285.831662764162900
     -285.811615359408449
     -285.789987296532445
     -285.767653966975161
     -285.744572409497266
     -285.720612162970781
     -285.696010063574647
     -285.671425889089221
     -285.647739085266153
     -285.625780515035160
     -285.606140108506111
     -285.589098659115791
     -285.574660860470942
     -285.562638995206441
     -285.552742662094772
     -285.544649487620575
     -285.538049842506496
     -285.532669200658916
     -285.511162762644631
     -285.474749514886355
     -285.675800154375850
     -285.784216894885105
     -285.841344433668496
     -285.849383737527887
     -285.844235577487780
     -285.828797176507919
     -285.808864426679008
     -285.787273761554388
     -285.764920151183674
     -285.741777087565822
     -285.717727805847062
     -285.693020388595016
     -285.668323644924385
     -285.644524028635828
     -285.622457574190605
     -285.602717754748824
     -285.585587515092641
     -285.571072565571114
     -285.558985331386964
     -285.549034925190483
     -285.540898074664767
     -285.534264017039277
     -285.528856995461183
     -285.507308173150136
     -285.503487823955254
     -285.472651721394584
     -285.673912499728544
     -285.782501584431941
     -285.839807232243061
     -285.847930372129440
     -285.842881068932400
     -285.827524524478463
     -285.807659307264032
     -285.786124209913396
     -285.763816283476444
     -285.740710833672438
     -285.716692648978722
     -285.692011116784727
     -285.667336120993127
     -285.643554983877493
     -285.621504428803178
     -285.601778465878738
     -285.584660451612706
     -285.570156407475281
     -285.558078990933836
     -285.548137486581481
     -285.540008749015726
     -285.533382109597028
     -285.527981882343340
     -285.506475506239553
     -285.502669735193194
     -285.501855749780020
R^2 = 0.9986340286205266
