     -285.586478761169303
     -285.703837636939170
     -285.815602522242841
     -285.755942497115598
     -285.865761625121593
     -285.915239999800065
     -285.766494018116589
     -285.878547013361811
     -285.929165978786386
     -285.943907896502822
     -285.757893981134600
     -285.873227158884617
     -285.925506184589949
     -285.940773051885344
     -285.937475474624193
     -285.739344737776094
     -285.861197956038325
     -285.916949171479416
     -285.933402118010747
     -285.929693366722347
     -285.920645996636324
     -285.719277543967905
     -285.849484357581446
     -285.909944068597440
     -285.928347044731709
     -285.924284450257744
     -285.913647482485771
     -285.904332993258549
     -285.700639074821254
     -285.840481818260685
     -285.906629279717492
     -285.927777118924553
     -285.923577185221006
     -285.911368615122569
     -285.899449867521753
     -285.891419505006297
     -285.683837907011139
     -285.834055370272097
     -285.906540874985694
     -285.931085546361658
     -285.927003701224976
     -285.913413562318169
     -285.898881618560665
     -285.887511860206473
     -285.879925414584932
     -285.668119155699856
     -285.828969488925225
     -285.908114707505206
     -285.936495062858114
     -285.932761892837220
     -285.918049043414101
     -285.901065054697142
     -285.886407602206532
     -285.875089503473703
     -285.866378107219873
     -285.652498696823159
     -285.823855400548950
     -285.909702459061577
     -285.942148335418381
     -285.938947780659930
     -285.923387657680905
     -285.904212355915945
     -285.886482014463411
     -285.871582258555918
     -285.859071045497728
     -285.847963415334505
     -285.636351520314065
     -285.817805470413759
     -285.910183100484346
     -285.946751096228013
     -285.944218120693336
     -285.928075552626240
     -285.907019322395286
     -285.886528814747464
     -285.868328157274391
     -285.852241001390155
     -285.837484841259368
     -285.823433229966895
     -285.619651069384020
     -285.810601910877324
     -285.909188754934348
     -285.949802976113858
     -285.948027013662056
     -285.931539047363231
     -285.908923108989370
     -285.886029149288277
     -285.864877876305968
     -285.845525731571115
     -285.827370586549193
     -285.809923574832396
     -285.793124422831681
     -285.602880965186671
     -285.802611713112867
     -285.906989082859752
     -285.951476784095519
     -285.950506179070203
     -285.933870409402004
     -285.909997380165294
     -285.885058612532191
     -285.861328092793030
     -285.839060119501369
     -285.817808392235406
     -285.797208216883689
     -285.777298500493316
     -285.758482526827777
     -285.586753043410454
     -285.794487703131495
     -285.904180840429149
     -285.952301546309911
     -285.952148474013939
     -285.935516810674358
     -285.910651376237126
     -285.883999481820183
     -285.858047965521962
     -285.833216098980643
     -285.809189613247668
     -285.785713746210945
     -285.762921088855080
     -285.741294235984867
     -285.721431724934689
     -285.571912654765526
     -285.786859037277964
     -285.901368388106448
     -285.952837714219527
     -285.953483982087732
     -285.936962103119640
     -285.911321736044670
     -285.883245393429718
     -285.855397562859878
     -285.828333921129911
     -285.801851044909881
     -285.775790348406872
     -285.750371042356278
     -285.726153302914383
     -285.703802226895675
     -285.683839546290073
     -285.558757117258949
     -285.780137537580686
     -285.898961941065352
     -285.953471322215591
     -285.954875066822353
     -285.938526768192730
     -285.912280884283064
     -285.883020436971549
     -285.853558394383526
     -285.824563400032389
     -285.795925063656455
     -285.767568409515320
     -285.739791289462516
     -285.713227201082589
     -285.688606310133991
     -285.666503791575906
     -285.647197642581716
     -285.547397029931517
     -285.774469379105085
     -285.897122792573896
     -285.954355715935719
     -285.956458512356448
     -285.940313304624794
     -285.913588255276011
     -285.883337915892412
     -285.852500354921972
     -285.821838696337466
     -285.791321153770298
     -285.760945255522131
     -285.731079131828778
     -285.702423531574993
     -285.675769548318726
     -285.651743274404623
     -285.630660976633806
     -285.612520430981760
     -285.537719203666484
     -285.769790507200355
     -285.895813536375272
     -285.955458458696683
     -285.958192150258242
     -285.942254220711561
     -285.915141363332225
     -285.884055700161696
     -285.852041976655244
     -285.819943534685649
     -285.787795726804234
     -285.755658940704734
     -285.723963253698400
     -285.693469514614492
     -285.665023845803830
     -285.639298729343921
     -285.616645603080315
     -285.597085185688798
     -285.580392267863374
     -285.529488079347857
     -285.765922287279352
     -285.894889537422898
     -285.956649563371741
     -285.959942199779846
     -285.944199144931929
     -285.916763696002988
     -285.884965714058183
     -285.851942106871491
     -285.818605462174332
     -285.785049176397706
     -285.751388174131250
     -285.718106487712362
     -285.686017482627904
     -285.656015489733988
     -285.628813720296137
     -285.604794562914947
     -285.583998994443675
     -285.566211814219514
     -285.551079196825185
     -285.522436839917589
     -285.762658280749974
     -285.894182387771423
     -285.957781887801275
     -285.961562395191152
     -285.945992668260203
     -285.918281784181886
     -285.885870756549139
     -285.851977032933860
     -285.817573858385231
     -285.782805348980730
     -285.747833775592369
     -285.713189682886423
     -285.679731455245701
     -285.648394580631589
     -285.619926934206376
     -285.594737173039675
     -285.572883408448774
     -285.554158842671256
     -285.538210570521983
     -285.524643165329110
     -285.516325896216983
     -285.759819565095029
     -285.893552661099363
     -285.958741170387611
     -285.962942639226299
     -285.947521218179133
     -285.919570491066793
     -285.886628525882372
     -285.851983729472124
     -285.816663043017286
     -285.780855238601191
     -285.744763686439569
     -285.708958676123302
     -285.674336566639909
     -285.641867226974227
     -285.612327267639330
     -285.586146964659235
     -285.563398398082199
     -285.543881474321154
     -285.527243793604100
     -285.513085666337361
     -285.501028606898501
     -285.510967894584724
     -285.757277522818526
     -285.892910801678795
     -285.959464672156741
     -285.964026358765352
     -285.948728586091477
     -285.920566727755045
     -285.887163709956667
     -285.851870723745037
     -285.815762511219532
     -285.779067311752215
     -285.742024131071730
     -285.705236969349130
     -285.669633795938182
     -285.636212685172893
     -285.605773544659769
     -285.578763979099506
     -285.555267094095939
     -285.535087896661366
     -285.517874065477599
     -285.503222146331041
     -285.490747274177352
     -285.480116226900748
     -285.506229095821880
     -285.754953755282770
     -285.892215712318944
     -285.959938048490585
     -285.964806313665008
     -285.949610141794381
     -285.921262007998052
     -285.887458982488454
     -285.851607839210885
     -285.814825917402914
     -285.777376346995766
     -285.739528962914221
     -285.701916180813441
     -285.665492004851330
     -285.631277309711948
     -285.600090543527642
     -285.572392888944876
     -285.548275905240473
     -285.527548299741170
     -285.509857458022054
     -285.494796598478104
     -285.481975479452899
     -285.471054339180398
     -285.461751527668810
     -285.480788018244141
     -285.740572504509487
     -285.885287302007100
     -285.958363597643597
     -285.964638806732012
     -285.949910326532802
     -285.920716811460068
     -285.885114459451813
     -285.846790880476419
     -285.807082829599608
     -285.766428142083214
     -285.725239470252973
     -285.684267887940848
     -285.644565310034807
     -285.607230605908455
     -285.573140320305470
     -285.542794284888885
     -285.516304712756664
     -285.493485430593296
     -285.473976548237772
     -285.457354987589611
     -285.443208398394177
     -285.431171862752649
     -285.420937707818496
     -285.376437771894189
     -285.474885975759264
     -285.736771880977415
     -285.882918216449866
     -285.957076271586800
     -285.963678255977015
     -285.949144528347972
     -285.919919861981782
     -285.884126092248152
     -285.845503202900943
     -285.805428996127318
     -285.764372853784323
     -285.722771131172124
     -285.681392210480624
     -285.641300156468617
     -285.603601872557363
     -285.569178699893712
     -285.538532770012864
     -285.511776724259391
     -285.488723468806540
     -285.469011274772868
     -285.452214653294902
     -285.437918541107990
     -285.425755207419286
     -285.415414211351333
     -285.370475923373647
     -285.364459996538244
     -285.473669303821339
     -285.735964605267668
     -285.882394916616988
     -285.956783137632328
     -285.963466640462457
     -285.949002805203179
     -285.919810808008094
     -285.884023263657298
     -285.845388426680756
     -285.805290391112806
     -285.764203262053059
     -285.722566876432211
     -285.681152121281229
     -285.641024805253267
     -285.603292990537739
     -285.568838734378517
     -285.538164556159700
     -285.511383247712160
     -285.488307699553559
     -285.468576055954429
     -285.451762631636825
     -285.437452128223697
     -285.425276563414570
     -285.414925244023721
     -285.369944700799920
     -285.363923882458039
     -285.363387446150682
R^2 = 0.9990470135003885
