     -285.579477645232316
     -285.688123059320560
     -285.797405023320380
     -285.734259033930243
     -285.844091931089167
     -285.890820334210275
     -285.745541272336197
     -285.856545418538190
     -285.903361268541630
     -285.915568257795314
     -285.739021690449647
     -285.850991648327238
     -285.898017811566262
     -285.910063098313969
     -285.904411661171991
     -285.721790760324723
     -285.835422802384130
     -285.882970845477814
     -285.894946259260962
     -285.889118241648646
     -285.873557923484384
     -285.699325877878209
     -285.814914330378883
     -285.863227375334247
     -285.875340709495902
     -285.869403566332835
     -285.853618030451969
     -285.833446072926165
     -285.674532472428098
     -285.792266515227084
     -285.841532629227459
     -285.853975414899992
     -285.848006838246761
     -285.832067813456831
     -285.811699399472616
     -285.789762988518419
     -285.649152399893808
     -285.769123269744739
     -285.819468146233078
     -285.832392790442896
     -285.826463626718294
     -285.810446618481762
     -285.789932168006260
     -285.767834754430737
     -285.745756841489538
     -285.624243231166702
     -285.746460598674105
     -285.797952203260820
     -285.811466395475975
     -285.805633678661593
     -285.789605546746373
     -285.768995971363438
     -285.746773172805320
     -285.724568005416984
     -285.703263699397269
     -285.600443711960054
     -285.724854451560759
     -285.777512668344571
     -285.791682352718226
     -285.785987750312188
     -285.770001998154498
     -285.749342042593639
     -285.727028603410702
     -285.704721464112822
     -285.683318824641958
     -285.663286151090176
     -285.578125948798629
     -285.704631894496629
     -285.758439414498298
     -285.773295399367953
     -285.767766330223708
     -285.751862466241278
     -285.731188301573809
     -285.708814567697686
     -285.686429432746365
     -285.664946489533293
     -285.644838936455983
     -285.626325597884090
     -285.557486703677228
     -285.685959904815888
     -285.740872474530477
     -285.756418007621278
     -285.751069881099056
     -285.735274741257172
     -285.714613789667226
     -285.692204520910082
     -285.669762226540854
     -285.648215693278416
     -285.628046175024394
     -285.609476366732224
     -285.592577649121097
     -285.538605055246933
     -285.668900097275014
     -285.724855313118155
     -285.741073274418511
     -285.735912011792664
     -285.720241857971530
     -285.699613679662434
     -285.677188079477901
     -285.654705768542897
     -285.633110113572798
     -285.612890387496975
     -285.594273398350254
     -285.577332367581562
     -285.562050203130582
     -285.521480682983452
     -285.653444175962989
     -285.710368593335829
     -285.727227712993169
     -285.722252129117919
     -285.706714889141779
     -285.686132476321347
     -285.663704792027488
     -285.641196020853442
     -285.619563235815349
     -285.599303450199614
     -285.580647618004775
     -285.563670981276061
     -285.548357244866509
     -285.534636868771202
     -285.506060348326344
     -285.639537929274013
     -285.697352552556481
     -285.714812475349788
     -285.710016336435046
     -285.694613673350204
     -285.674084802438870
     -285.651665134697339
     -285.629140282874857
     -285.607480006515516
     -285.587188626560646
     -285.568501133128279
     -285.551494845396007
     -285.536154397566463
     -285.522410527563295
     -285.510163836201230
     -285.492256724653089
     -285.627098000286310
     -285.685722353955327
     -285.703737584893588
     -285.699111288513564
     -285.683840369010568
     -285.663368840660269
     -285.640963970930216
     -285.618430755396219
     -285.596750555690448
     -285.576434478459419
     -285.557721347684435
     -285.540690531152109
     -285.525327651470093
     -285.511563821564948
     -285.499299676132580
     -285.488420424051640
     -285.479961970076829
     -285.616023822063312
     -285.675378846586966
     -285.693901709437114
     -285.689433599726385
     -285.674288530460274
     -285.653875227876767
     -285.631489371417558
     -285.608953360396129
     -285.587259066123295
     -285.566923816306087
     -285.548190011216263
     -285.531138982536504
     -285.515757348982561
     -285.501976651329301
     -285.489697629128329
     -285.478805421787740
     -285.469179230537975
     -285.469057519899309
     -285.606206150372770
     -285.666216162915134
     -285.685198936508755
     -285.680876297876807
     -285.665849248282882
     -285.645492998876250
     -285.623128446632450
     -285.600593523685745
     -285.578889548761822
     -285.558539495878335
     -285.539789055483652
     -285.522721403625837
     -285.507324128156881
     -285.493529219088430
     -285.481237564751325
     -285.470334286915488
     -285.460698483422846
     -285.452209440724914
     -285.459421079774302
     -285.597533115884005
     -285.658127050245980
     -285.677523446815940
     -285.673333229669197
     -285.658415281711598
     -285.638113534422871
     -285.615771177132046
     -285.593239936322220
     -285.571529570384428
     -285.551168136870615
     -285.532404320613864
     -285.515323003188996
     -285.499912692342946
     -285.486105826968071
     -285.473803468518781
     -285.462890756146521
     -285.453246722151505
     -285.444750547917977
     -285.437285503154897
     -285.450931515829666
     -285.589894431835262
     -285.651006538452577
     -285.670772671729821
     -285.666702003278999
     -285.651883775008514
     -285.631633117467175
     -285.609312860246973
     -285.586786929868481
     -285.565072585524206
     -285.544702431785311
     -285.525927855293787
     -285.508835296015718
     -285.493414119143551
     -285.479597197616954
     -285.467285776490542
     -285.456365034921191
     -285.446713966882669
     -285.438211676341155
     -285.430741339567248
     -285.424192611926685
     -285.443472160242948
     -285.583184220647752
     -285.644754373306512
     -285.664849341587626
     -285.660885869413960
     -285.646157957721073
     -285.625954500682155
     -285.603655582684723
     -285.581135883126308
     -285.559419299268598
     -285.539042481053059
     -285.520259236036054
     -285.503157414747477
     -285.487727170659468
     -285.473901786796830
     -285.461582692726211
     -285.450655121236139
     -285.440998047202584
     -285.432490517978692
     -285.425015636614830
     -285.418462980708398
     -285.412729961874732
     -285.436932929519230
     -285.577302809549508
     -285.639276534349563
     -285.659662720541803
     -285.655794829331001
     -285.641148112145913
     -285.620987767587906
     -285.598709002943053
     -285.576195947599274
     -285.554478352558078
     -285.534096450894310
     -285.515306207085814
     -285.498196738782383
     -285.482758916391958
     -285.468926403805256
     -285.456600809644101
     -285.445667427537273
     -285.436005226552652
     -285.427493212997433
     -285.420014432435323
     -285.413458399498211
     -285.407722463502182
     -285.402712449423234
     -285.431211563596605
     -285.572157764495671
     -285.634486079918474
     -285.655129249260426
     -285.651346183657552
     -285.636772015473639
     -285.616650691685436
     -285.594390647196008
     -285.571884296114547
     -285.550166536168831
     -285.529780762439259
     -285.510984852127990
     -285.493869054156448
     -285.478424885431139
     -285.464586358978408
     -285.452255252989801
     -285.441316924661123
     -285.431650346173512
     -285.423134494371254
     -285.415652369569102
     -285.409093435245609
     -285.403354989271918
     -285.398342807895403
     -285.393971297183668
     -285.402304343497178
     -285.546171917636514
     -285.610311438503345
     -285.632282299326391
     -285.628943997668614
     -285.614756865022002
     -285.594850434163163
     -285.572699885482280
     -285.550239691960599
     -285.528531077582443
     -285.508133767162064
     -285.489315640142138
     -285.472172962583045
     -285.456700775293484
     -285.442835069253931
     -285.430478653826754
     -285.419517347659053
     -285.409830250380537
     -285.401296278322775
     -285.393798272702099
     -285.387225493065614
     -285.381475020028347
     -285.376452417001985
     -285.372071890971199
     -285.350128643820881
     -285.395354967922970
     -285.539926848812570
     -285.604506279179816
     -285.626803149348859
     -285.623575577168197
     -285.609486333473399
     -285.589635782613755
     -285.567515121737358
     -285.545068976146922
     -285.523364970638738
     -285.502966836377709
     -285.484144935334598
     -285.466997050086320
     -285.451519128712903
     -285.437647687893218
     -285.425285825988169
     -285.414319505780895
     -285.404627884100933
     -285.396089883835714
     -285.388588324642740
     -285.382012430201144
     -285.376259239254921
     -285.371234272198137
     -285.366851694570300
     -285.344898384590749
     -285.339665795306189
     -285.393727562635036
     -285.538464472674491
     -285.603147153635291
     -285.625520729093864
     -285.622319290145299
     -285.608253229184413
     -285.588415991064210
     -285.566302521769387
     -285.543859825982679
     -285.522157031078393
     -285.501758810597039
     -285.482936111940887
     -285.465787076506217
     -285.450307868016239
     -285.436435128923620
     -285.424072027458635
     -285.413104561935484
     -285.403411904006134
     -285.394872979232048
     -285.387370603126556
     -285.380793991685607
     -285.375040174414323
     -285.370014662081246
     -285.365631610874800
     -285.343675973294864
     -285.338442843945131
     -285.337219767346994
R^2 = 0.9999806186976282
