 Trust region warning: step length has converged, but residual has not met accur
 acy goal
 Final residual =   1.799195329562378E-008
 Trust region warning: step length has converged, but residual has not met accur
 acy goal
 Final residual =   2.976443070509354E-008
 Trust region warning: step length has converged, but residual has not met accur
 acy goal
 Final residual =   1.441534306263118E-008
 Trust region warning: step length has converged, but residual has not met accur
 acy goal
 Final residual =   1.492423451808616E-008
 Trust region warning: step length has converged, but residual has not met accur
 acy goal
 Final residual =   3.394016031369427E-009
 Trust region warning: step length has converged, but residual has not met accur
 acy goal
 Final residual =   2.260839003340008E-008
 Trust region warning: step length has converged, but residual has not met accur
 acy goal
 Final residual =   6.768285379059693E-009
 Trust region warning: step length has converged, but residual has not met accur
 acy goal
 Final residual =   1.248721090178603E-009
 Failed trust region: max iteration exceeded!
 Final residual =   1.681213037566622E-008
 Trust region warning: step length has converged, but residual has not met accur
 acy goal
 Final residual =   1.719611963694515E-009
 Trust region warning: step length has converged, but residual has not met accur
 acy goal
 Final residual =   1.712447144359848E-008
 Trust region warning: step length has converged, but residual has not met accur
 acy goal
 Final residual =   5.299380115308445E-009
 Trust region warning: step length has converged, but residual has not met accur
 acy goal
 Final residual =   8.061212934437774E-009
 Trust region warning: step length has converged, but residual has not met accur
 acy goal
 Final residual =   1.755260957719850E-008
 Trust region warning: step length has converged, but residual has not met accur
 acy goal
 Final residual =   1.016079548273290E-008
 Trust region warning: step length has converged, but residual has not met accur
 acy goal
 Final residual =   1.609972107014668E-008
 Failed trust region: max iteration exceeded!
 Final residual =   7.912882164384438E-010
g-h plane double cone analysis based on diabatz
Yifan Shen 2022

Echo of user command line input:
../v1/double-cone.exe -d default pretrain-IntCoordDef pretrain-SAS.in pretrain-Hd.in pretrain-Hd.net pretrain-11.in pretrain-12.in pretrain-13.in pretrain-14.in pretrain-22.in pretrain-23.in pretrain-24.in pretrain-33.in pretrain-34.in pretrain-44.in default IntCoordDef SAS.in Hd.in Hd.net 11.in 12.in 13.in 14.in 22.in 23.in 24.in 33.in 34.in 44.in

Fri Dec 16 11:02:25 2022


Fri Dec 16 11:30:46 2022
Mission success
