Root mean square deviation analyzer for diabatz
Yifan Shen 2021

Echo of user command line input:
/home-4/yshen57@jhu.edu/Software/Mine/diabatz/tools/RMSD/v0/RMSD.exe -d default IntCoordDef SAS.in Hd.in Hd.net 11.in 12.in 13.in 14.in 22.in 23.in 24.in 33.in 34.in 44.in -s slow/1.3/ -z -286.1075216397

Wed Jun  2 17:37:31 2021

Root mean square deviation of energy:
State 1 = 0.00202536
State 2 = 0.00613306
State 3 = 0.000671377
State 4 = 0.0268772
Root mean square deviation of energy gradient:
State 1 = 0.00645917
State 2 = 0.00883697
State 3 = 0.0105759
State 4 = 0.00326656
Root mean square deviation of interstate coupling:
State 1-2 = 0.00692447
State 1-3 = 0.0051709
State 1-4 = 0.0047364
State 2-3 = 0.00557605
State 2-4 = 0.00212474
State 3-4 = 0.00397333

Wed Jun  2 17:37:58 2021
Mission success
