 Trust region warning: step length has converged, but residual has not met accur
 acy goal
 Final residual =   8.995307891748891E-009
 Failed trust region: max iteration exceeded!
 Final residual =   2.241960023458899E-009
 Trust region warning: step length has converged, but residual has not met accur
 acy goal
 Final residual =   1.078198879457389E-008
 Trust region warning: step length has converged, but residual has not met accur
 acy goal
 Final residual =   5.380792268602906E-009
 Trust region warning: step length has converged, but residual has not met accur
 acy goal
 Final residual =   1.288627309019188E-008
 Trust region warning: step length has converged, but residual has not met accur
 acy goal
 Final residual =   7.505515228687163E-009
 Trust region warning: step length has converged, but residual has not met accur
 acy goal
 Final residual =   7.418935394295500E-009
 Failed trust region: max iteration exceeded!
 Final residual =   8.620494508360281E-011
 Trust region warning: step length has converged, but residual has not met accur
 acy goal
 Final residual =   2.020648207578132E-009
Critics: a critical geometry searcher
Yifan Shen 2021

Echo of user command line input:
/home/yshen/Software/Mine/diabatz/tools/critics/v1/critics.exe -j min -f default -i opt.IntCoordDef -t 2 -d default IntCoordDef SAS.in pretrain-Hd.in pretrain-Hd.net pretrain-11.in pretrain-12.in pretrain-13.in pretrain-14.in pretrain-22.in pretrain-23.in pretrain-24.in pretrain-33.in pretrain-34.in pretrain-44.in default IntCoordDef SAS.in Hd.in Hd.net 11.in 12.in 13.in 14.in 22.in 23.in 24.in 33.in 34.in 44.in -x B1rot-sad.xyz -c 14 15 16 17 18 19 20 21 22 23 24 25 26 27 28 29 30 31 32 33 34 35 36 -o sad.xyz

Wed Dec  7 22:30:06 2022

Job type: min
The target electronic state is 2

Wed Dec  7 22:33:52 2022
Mission success
