Diabatz version 1.3.0
Yifan Shen 2021

Echo of user command line input:
/home/yshen57/Software/Mine/diabatz/v1.3.0/diabatz.exe --pretrained default IntCoordDef SAS.in pretrained_Hd.in pretrained_Hd.net pretrained_11.in -f default -i IntCoordDef -s SAS.in -n Hd.in -l 11.in -d data/critical/list.txt data/fast/list.txt data/slow/list.txt data/linear-path/list.txt data/other/A1-rotation/list.txt data/other/B1-rotation/list.txt data/artifact/asymptote/ -z -286.1075216397 -r regularization/reg -p 0.0 -c no-reg.net

Mon Feb 28 23:55:17 2022

The data set will be read from: 
    data/critical/min-A1/, data/critical/sad-A1/, data/critical/min-B1/, 
    data/critical/sad-B1/, data/critical/min-B2/, data/critical/sad-B2/, data/critical/min-A2/, 
    data/critical/sad-A2/, data/critical/mex-B1-B2/, data/critical/mex-B2-A2/, data/fast/0.7/, 
    data/fast/0.8/, data/fast/0.9/, data/fast/1.1/, data/fast/1.2/, data/fast/1.4/, 
    data/fast/1.5/, data/fast/1.6/, data/fast/1.7/, data/fast/1.9/, data/fast/2.0/, 
    data/fast/2.1/, data/fast/2.2/, data/fast/2.3/, data/fast/2.4/, data/fast/2.5/, 
    data/fast/2.6/, data/fast/2.7/, data/fast/2.8/, data/fast/2.9/, data/fast/3/, 
    data/fast/4/, data/fast/5/, data/fast/6/, data/fast/6_partial-loop/, data/slow/0.7/, 
    data/slow/0.8/, data/slow/0.9/, data/slow/1.1/, data/slow/1.2/, data/slow/1.3/, 
    data/slow/1.4/, data/slow/1.5/, data/slow/1.6/, data/slow/1.7/, 
    data/linear-path/min-B1_min-B2/, data/linear-path/1.1-fast-slow/, data/linear-path/1.2-fast-slow/, 
    data/linear-path/1.3-fast-slow/, data/linear-path/1.4-fast-slow/, data/linear-path/1.5-fast-slow/, 
    data/linear-path/1.6-fast-slow/, data/linear-path/1.7-fast-slow/, data/other/A1-rotation/0.1/, 
    data/other/A1-rotation/0.2/, data/other/A1-rotation/0.3/, data/other/A1-rotation/0.4/, 
    data/other/A1-rotation/0.5/, data/other/A1-rotation/0.6/, data/other/A1-rotation/0.7/, 
    data/other/A1-rotation/0.8/, data/other/A1-rotation/0.9/, data/other/A1-rotation/1.0/, 
    data/other/A1-rotation/1.1/, data/other/A1-rotation/1.2/, data/other/A1-rotation/1.3/, 
    data/other/A1-rotation/1.4/, data/other/A1-rotation/1.5/, data/other/A1-rotation/1.6/, 
    data/other/A1-rotation/1.7/, data/other/A1-rotation/1.8/, data/other/A1-rotation/1.9/, 
    data/other/A1-rotation/2.0/, data/other/A1-rotation/2.1/, data/other/A1-rotation/2.2/, 
    data/other/B1-rotation/0.1/, data/other/B1-rotation/0.2/, data/other/B1-rotation/0.3/, 
    data/other/B1-rotation/0.4/, data/other/B1-rotation/0.5/, data/other/B1-rotation/0.6/, 
    data/other/B1-rotation/0.7/, data/other/B1-rotation/0.8/, data/other/B1-rotation/0.9/, 
    data/other/B1-rotation/1.0/, data/other/B1-rotation/1.1/, data/other/B1-rotation/1.2/, 
    data/other/B1-rotation/1.3/, data/other/B1-rotation/1.4/, data/other/B1-rotation/1.5/, 
    data/other/B1-rotation/1.6/, data/other/B1-rotation/1.7/, data/other/B1-rotation/1.8/, 
    data/other/B1-rotation/1.9/, data/other/B1-rotation/2.0/, data/other/B1-rotation/2.1/, 
    data/other/B1-rotation/2.2/, data/artifact/asymptote/, 
There are 1849 data points in adiabatic representation
          0 data points in composite representation

maximum ground state energy = 0.254234
maximum ||ground state energy gradient||_infinity = 0.703726
so we suggest to set gradient / energy scaling to around 2.76803

Got regularization strength, enable regularization

The number of threads = 4

Thread 1:
* owns 463 adiabatic data points
* owns 0 composite data points
* owns 0 energy-only data points
* starts with Jacobian row 0
Thread 2:
* owns 462 adiabatic data points
* owns 0 composite data points
* owns 0 energy-only data points
* starts with Jacobian row 10533
Thread 3:
* owns 462 adiabatic data points
* owns 0 composite data points
* owns 0 energy-only data points
* starts with Jacobian row 23411
Thread 4:
* owns 462 adiabatic data points
* owns 0 composite data points
* owns 0 energy-only data points
* starts with Jacobian row 39636

The data set corresponds to 54996 least square equations
There are 3331 parameters to train

The initial residue = 0.17765
 
2022 year  3 month  1 day  0: 2:28
 Iteration           1 , residue  0.918664493164742     
 
2022 year  3 month  1 day  0: 2:33
 Iteration           2 , residue  0.918664493164742     
 
2022 year  3 month  1 day  0: 2:39
 Iteration           3 , residue  0.917739078149073     
 
2022 year  3 month  1 day  0: 2:50
 Iteration           4 , residue  0.905623667595794     
 
2022 year  3 month  1 day  0: 3: 2
 Iteration           5 , residue  0.901313187294346     
 
2022 year  3 month  1 day  0: 3:13
 Iteration           6 , residue  0.897018725328873     
 
2022 year  3 month  1 day  0: 3:24
 Iteration           7 , residue  0.892756465618739     
 
2022 year  3 month  1 day  0: 3:36
 Iteration           8 , residue  0.888514451402662     
 
2022 year  3 month  1 day  0: 3:47
 Iteration           9 , residue  0.884286694129667     
 
2022 year  3 month  1 day  0: 3:59
 Iteration          10 , residue  0.880069682798389     
 
2022 year  3 month  1 day  0: 4:10
 Iteration          11 , residue  0.875861204038478     
 
2022 year  3 month  1 day  0: 4:21
 Iteration          12 , residue  0.871659780190431     
 
2022 year  3 month  1 day  0: 4:33
 Iteration          13 , residue  0.867464379944203     
 
2022 year  3 month  1 day  0: 4:44
 Iteration          14 , residue  0.863274290870510     
 
2022 year  3 month  1 day  0: 4:55
 Iteration          15 , residue  0.859088883785318     
 
2022 year  3 month  1 day  0: 5: 7
 Iteration          16 , residue  0.854907786992844     
 
2022 year  3 month  1 day  0: 5:18
 Iteration          17 , residue  0.850730677321449     
 
2022 year  3 month  1 day  0: 5:29
 Iteration          18 , residue  0.846557303303733     
 
2022 year  3 month  1 day  0: 5:41
 Iteration          19 , residue  0.842387467647319     
 
2022 year  3 month  1 day  0: 5:52
 Iteration          20 , residue  0.838221014835698     
 
2022 year  3 month  1 day  0: 6: 3
 Iteration          21 , residue  0.834057822232231     
 
2022 year  3 month  1 day  0: 6:15
 Iteration          22 , residue  0.829897793609238     
 
2022 year  3 month  1 day  0: 6:26
 Iteration          23 , residue  0.825740854390890     
 
2022 year  3 month  1 day  0: 6:37
 Iteration          24 , residue  0.821586948119399     
 
2022 year  3 month  1 day  0: 6:48
 Iteration          25 , residue  0.817436033791357     
 
2022 year  3 month  1 day  0: 7: 0
 Iteration          26 , residue  0.813288083800431     
 
2022 year  3 month  1 day  0: 7:11
 Iteration          27 , residue  0.809143082285601     
 
2022 year  3 month  1 day  0: 7:22
 Iteration          28 , residue  0.805001023733869     
 
2022 year  3 month  1 day  0: 7:34
 Iteration          29 , residue  0.800861911730195     
 
2022 year  3 month  1 day  0: 7:45
 Iteration          30 , residue  0.796725757788174     
 
2022 year  3 month  1 day  0: 7:56
 Iteration          31 , residue  0.792592580231827     
 
2022 year  3 month  1 day  0: 8: 8
 Iteration          32 , residue  0.788462403128862     
 
2022 year  3 month  1 day  0: 8:19
 Iteration          33 , residue  0.784335255295959     
 
2022 year  3 month  1 day  0: 8:30
 Iteration          34 , residue  0.780211169405324     
 
2022 year  3 month  1 day  0: 8:42
 Iteration          35 , residue  0.776090181219854     
 
2022 year  3 month  1 day  0: 8:53
 Iteration          36 , residue  0.771972328974786     
 
2022 year  3 month  1 day  0: 9: 4
 Iteration          37 , residue  0.767857652910654     
 
2022 year  3 month  1 day  0: 9:16
 Iteration          38 , residue  0.763746194949782     
 
2022 year  3 month  1 day  0: 9:27
 Iteration          39 , residue  0.759637998498899     
 
2022 year  3 month  1 day  0: 9:38
 Iteration          40 , residue  0.755533108355024     
 
2022 year  3 month  1 day  0: 9:50
 Iteration          41 , residue  0.751431570690315     
 
2022 year  3 month  1 day  0:10: 1
 Iteration          42 , residue  0.747333433093124     
 
2022 year  3 month  1 day  0:10:13
 Iteration          43 , residue  0.743238744645854     
 
2022 year  3 month  1 day  0:10:24
 Iteration          44 , residue  0.739147556024292     
 
2022 year  3 month  1 day  0:10:35
 Iteration          45 , residue  0.735059919607072     
 
2022 year  3 month  1 day  0:10:47
 Iteration          46 , residue  0.730975889587407     
 
2022 year  3 month  1 day  0:10:58
 Iteration          47 , residue  0.726895522081930     
 
2022 year  3 month  1 day  0:11: 9
 Iteration          48 , residue  0.722818875233569     
 
2022 year  3 month  1 day  0:11:21
 Iteration          49 , residue  0.718746009306743     
 
2022 year  3 month  1 day  0:11:32
 Iteration          50 , residue  0.714676986774102     
 
2022 year  3 month  1 day  0:11:44
 Iteration          51 , residue  0.710611872394596     
 
2022 year  3 month  1 day  0:11:55
 Iteration          52 , residue  0.706550733282982     
 
2022 year  3 month  1 day  0:12: 6
 Iteration          53 , residue  0.702493638971045     
 
2022 year  3 month  1 day  0:12:18
 Iteration          54 , residue  0.698440661460879     
 
2022 year  3 month  1 day  0:12:29
 Iteration          55 , residue  0.694391875270660     
 
2022 year  3 month  1 day  0:12:40
 Iteration          56 , residue  0.690347357473319     
 
2022 year  3 month  1 day  0:12:52
 Iteration          57 , residue  0.686307187728578     
 
2022 year  3 month  1 day  0:13: 3
 Iteration          58 , residue  0.682271448308854     
 
2022 year  3 month  1 day  0:13:14
 Iteration          59 , residue  0.678240224119555     
 
2022 year  3 month  1 day  0:13:26
 Iteration          60 , residue  0.674213602714366     
 
2022 year  3 month  1 day  0:13:37
 Iteration          61 , residue  0.670191674306161     
 
2022 year  3 month  1 day  0:13:49
 Iteration          62 , residue  0.666174531774249     
 
2022 year  3 month  1 day  0:14: 0
 Iteration          63 , residue  0.662162270668709     
 
2022 year  3 month  1 day  0:14:12
 Iteration          64 , residue  0.658154989212624     
 
2022 year  3 month  1 day  0:14:23
 Iteration          65 , residue  0.654152788303055     
 
2022 year  3 month  1 day  0:14:34
 Iteration          66 , residue  0.650155771511671     
 
2022 year  3 month  1 day  0:14:46
 Iteration          67 , residue  0.646164045085945     
 
2022 year  3 month  1 day  0:14:57
 Iteration          68 , residue  0.642177717951869     
 
2022 year  3 month  1 day  0:15: 8
 Iteration          69 , residue  0.638196901719177     
 
2022 year  3 month  1 day  0:15:20
 Iteration          70 , residue  0.634221710690038     
 
2022 year  3 month  1 day  0:15:31
 Iteration          71 , residue  0.630252261872220     
 
2022 year  3 month  1 day  0:15:43
 Iteration          72 , residue  0.626288674997687     
 
2022 year  3 month  1 day  0:15:54
 Iteration          73 , residue  0.622331072547567     
 
2022 year  3 month  1 day  0:16: 5
 Iteration          74 , residue  0.618379579784360     
 
2022 year  3 month  1 day  0:16:17
 Iteration          75 , residue  0.614434324792176     
 
2022 year  3 month  1 day  0:16:28
 Iteration          76 , residue  0.610495438525634     
 
2022 year  3 month  1 day  0:16:40
 Iteration          77 , residue  0.606563054867878     
 
2022 year  3 month  1 day  0:16:51
 Iteration          78 , residue  0.602637310697922     
 
2022 year  3 month  1 day  0:17: 2
 Iteration          79 , residue  0.598718345967234     
 
2022 year  3 month  1 day  0:17:14
 Iteration          80 , residue  0.594806303785107     
 
2022 year  3 month  1 day  0:17:25
 Iteration          81 , residue  0.590901330511972     
 
2022 year  3 month  1 day  0:17:37
 Iteration          82 , residue  0.587003575859414     
 
2022 year  3 month  1 day  0:17:48
 Iteration          83 , residue  0.583113192995172     
 
2022 year  3 month  1 day  0:18: 0
 Iteration          84 , residue  0.579230338651111     
 
2022 year  3 month  1 day  0:18:11
 Iteration          85 , residue  0.575355173231777     
 
2022 year  3 month  1 day  0:18:22
 Iteration          86 , residue  0.571487860921013     
 
2022 year  3 month  1 day  0:18:34
 Iteration          87 , residue  0.567628569784065     
 
2022 year  3 month  1 day  0:18:45
 Iteration          88 , residue  0.563777471862750     
 
2022 year  3 month  1 day  0:18:57
 Iteration          89 , residue  0.559934743261606     
 
2022 year  3 month  1 day  0:19: 8
 Iteration          90 , residue  0.556100564223423     
 
2022 year  3 month  1 day  0:19:20
 Iteration          91 , residue  0.552275119193260     
 
2022 year  3 month  1 day  0:19:31
 Iteration          92 , residue  0.548458596870741     
 
2022 year  3 month  1 day  0:19:42
 Iteration          93 , residue  0.544651190251299     
 
2022 year  3 month  1 day  0:19:54
 Iteration          94 , residue  0.540853096657741     
 
2022 year  3 month  1 day  0:20: 5
 Iteration          95 , residue  0.537064517764223     
 
2022 year  3 month  1 day  0:20:17
 Iteration          96 , residue  0.533285659615240     
 
2022 year  3 month  1 day  0:20:28
 Iteration          97 , residue  0.529516732642575     
 
2022 year  3 month  1 day  0:20:39
 Iteration          98 , residue  0.525757951683228     
 
2022 year  3 month  1 day  0:20:51
 Iteration          99 , residue  0.522009536001281     
 
2022 year  3 month  1 day  0:21: 2
 Iteration         100 , residue  0.518271709316253     
 
2022 year  3 month  1 day  0:21:14
 Iteration         101 , residue  0.514544699840035     
 
2022 year  3 month  1 day  0:21:25
 Iteration         102 , residue  0.510828740323813     
 Failed trust region: max iteration exceeded!
 Final residual =   0.510828740323813     
The final residue = 0.198526

Tue Mar  1 00:21:25 2022
Mission success
