Diabatz version 1.3.0
Yifan Shen 2021

Echo of user command line input:
/home/yshen57/Software/Mine/diabatz/v1.3.0/diabatz.exe --pretrained default IntCoordDef SAS.in pretrain-Hd.in pretrain-Hd.net pretrain-11.in pretrain-12.in pretrain-13.in pretrain-14.in pretrain-22.in pretrain-23.in pretrain-24.in pretrain-33.in pretrain-34.in pretrain-44.in -f default -i IntCoordDef -s SAS.in -n Hd.in -l 11.in 12.in 13.in 14.in 22.in 23.in 24.in 33.in 34.in 44.in -d data/critical/no-deg_list.txt data/linear-path/list.txt data/other/benzene/list.txt data/other/in-benzene/list.txt data/other/out-of-benzene/list.txt data/other/NH2-angles/list.txt data/fast/list.txt data/other/fast_bound_N-H/list.txt data/slow/list.txt data/other/slow_bound_N-H/list.txt data/artifact/asymptote/ --energy_data fast-B2_heavier/list.txt data/artifact/asymptote-B2/ -z -286.1075216397 -r reg-init/reg -p reg-init/prior -m 20

Tue May  3 17:21:54 2022

The data set will be read from: 
    data/critical/min-A1/, data/critical/sad-A1/, data/critical/min-B1/, 
    data/critical/sad-B1/, data/critical/min-B2/, data/critical/sad-B2/, data/critical/min-A2/, 
    data/critical/sad-A2/, data/linear-path/min-B1_min-B2/, data/linear-path/1.1-fast-slow/, 
    data/linear-path/1.2-fast-slow/, data/linear-path/1.3-fast-slow/, data/linear-path/1.4-fast-slow/, 
    data/linear-path/1.5-fast-slow/, data/linear-path/1.6-fast-slow/, data/linear-path/1.7-fast-slow/, 
    data/other/benzene/A1-9/0-13_4-states/, data/other/benzene/A1-9/14-19_4-states/, data/other/benzene/A1-10/, 
    data/other/benzene/B1-14/0-5_4-states/, data/other/benzene/B1-14/6-9_4-states/, data/other/benzene/B1-15/, 
    data/other/benzene/B2-27/, data/other/benzene/A2-33/, data/other/in-benzene/A1-11/, 
    data/other/in-benzene/A1-12/, data/other/in-benzene/B2-28/, data/other/in-benzene/B2-29/, 
    data/other/in-benzene/B2-30/, data/other/out-of-benzene/B1-16_H/0-5_4-states/, 
    data/other/out-of-benzene/B1-16_H/6-10_4-states/, data/other/out-of-benzene/B1-17_H/0-9_4-states/, 
    data/other/out-of-benzene/B1-17_H/10-12_4-states/, data/other/out-of-benzene/B1-18_H/, 
    data/other/out-of-benzene/B1-19_N/0-2_4-states/, data/other/out-of-benzene/B1-19_N/3-4_4-states/, 
    data/other/out-of-benzene/A2-34_H/0-6_4-states/, data/other/out-of-benzene/A2-34_H/7_3-states/, 
    data/other/out-of-benzene/A2-34_H/8-10_4-states/, data/other/out-of-benzene/A2-35_H/0-2_4-states/, 
    data/other/out-of-benzene/A2-35_H/3-7_3-states/, data/other/NH2-angles/H-N-H_from_min-B1/0-18_4-states/, 
    data/other/NH2-angles/H-N-H_from_min-B1/19_3-states/, data/other/NH2-angles/H-N-H_from_min-A1/, 
    data/other/NH2-angles/C-N-avgH_from_min-B1/0-11_4-states/, data/other/NH2-angles/C-N-avgH_from_min-B1/12-13_5to4-states/, 
    data/other/NH2-angles/C-out-of-NH2/0-9_4-states/, data/other/NH2-angles/C-out-of-NH2/10-14_5to4-states/, 
    data/other/NH2-angles/NH2-rotation_from_min-B1/0.1/, data/other/NH2-angles/NH2-rotation_from_min-B1/0.2/, 
    data/other/NH2-angles/NH2-rotation_from_min-B1/0.3/, data/other/NH2-angles/NH2-rotation_from_min-B1/0.4/, 
    data/other/NH2-angles/NH2-rotation_from_min-B1/0.5/, data/other/NH2-angles/NH2-rotation_from_min-B1/0.6/, 
    data/other/NH2-angles/NH2-rotation_from_min-B1/0.7/, data/other/NH2-angles/NH2-rotation_from_min-B1/0.8/, 
    data/other/NH2-angles/NH2-rotation_from_min-B1/0.9/, data/other/NH2-angles/NH2-rotation_from_min-B1/1.0/, 
    data/other/NH2-angles/NH2-rotation_from_min-B1/1.1/, data/other/NH2-angles/NH2-rotation_from_min-B1/1.2/, 
    data/other/NH2-angles/NH2-rotation_from_min-B1/1.3/, data/other/NH2-angles/NH2-rotation_from_min-B1/1.4/, 
    data/other/NH2-angles/NH2-rotation_from_min-B1/1.5/, data/other/NH2-angles/NH2-rotation_from_min-B1/1.6/, 
    data/other/NH2-angles/NH2-rotation_from_min-B1/1.7/, data/other/NH2-angles/NH2-rotation_from_min-B1/1.8/, 
    data/other/NH2-angles/NH2-rotation_from_min-B1/1.9/, data/other/NH2-angles/NH2-rotation_from_min-B1/2.0/, 
    data/other/NH2-angles/NH2-rotation_from_min-B1/2.1/, data/other/NH2-angles/NH2-rotation_from_min-B1/2.2/, 
    data/other/NH2-angles/NH2-rotation_from_min-A1/0.1/, data/other/NH2-angles/NH2-rotation_from_min-A1/0.2/, 
    data/other/NH2-angles/NH2-rotation_from_min-A1/0.3/, data/other/NH2-angles/NH2-rotation_from_min-A1/0.4/, 
    data/other/NH2-angles/NH2-rotation_from_min-A1/0.5/, data/other/NH2-angles/NH2-rotation_from_min-A1/0.6/, 
    data/other/NH2-angles/NH2-rotation_from_min-A1/0.7/, data/other/NH2-angles/NH2-rotation_from_min-A1/0.8/, 
    data/other/NH2-angles/NH2-rotation_from_min-A1/0.9/, data/other/NH2-angles/NH2-rotation_from_min-A1/1.0/, 
    data/other/NH2-angles/NH2-rotation_from_min-A1/1.1/, data/other/NH2-angles/NH2-rotation_from_min-A1/1.2/, 
    data/other/NH2-angles/NH2-rotation_from_min-A1/1.3/, data/other/NH2-angles/NH2-rotation_from_min-A1/1.4/, 
    data/other/NH2-angles/NH2-rotation_from_min-A1/1.5/, data/other/NH2-angles/NH2-rotation_from_min-A1/1.6/, 
    data/other/NH2-angles/NH2-rotation_from_min-A1/1.7/, data/other/NH2-angles/NH2-rotation_from_min-A1/1.8/, 
    data/other/NH2-angles/NH2-rotation_from_min-A1/1.9/, data/other/NH2-angles/NH2-rotation_from_min-A1/2.0/, 
    data/other/NH2-angles/NH2-rotation_from_min-A1/2.1/, data/other/NH2-angles/NH2-rotation_from_min-A1/2.2/, data/fast/0.7/, 
    data/fast/0.8/, data/fast/0.9/, data/fast/1.1/, data/fast/1.2/, data/fast/1.4/, 
    data/fast/1.5/, data/fast/1.6/, data/fast/1.7/, data/fast/1.9/, data/fast/2.0/, 
    data/fast/2.1/, data/fast/2.2/, data/fast/2.3/, data/fast/2.4/, data/fast/2.5/, 
    data/fast/2.6/, data/fast/2.7/, data/fast/2.8/, data/fast/2.9/, data/fast/3/, 
    data/fast/4/, data/fast/5/, data/fast/6/, data/fast/6_partial-loop/, 
    data/other/fast_bound_N-H/1.1/0.8-0.9-1.1-1.2_4-states/, data/other/fast_bound_N-H/1.1/1.3_3-states/, 
    data/other/fast_bound_N-H/1.2/0.8-0.9-1.1-1.2_4-states/, data/other/fast_bound_N-H/1.2/1.3_3-states/, 
    data/other/fast_bound_N-H/1.3/0.8-0.9-1.1_3-states/, data/other/fast_bound_N-H/1.3/1.2_4-states/, 
    data/other/fast_bound_N-H/1.3/1.3_3-states/, data/other/fast_bound_N-H/1.4/0.8-0.9-1.1-1.2-1.3_4-states/, 
    data/other/fast_bound_N-H/1.4/1.4_2-states/, data/other/fast_bound_N-H/1.5/0.8-0.9-1.1-1.2-1.3_4-states/, 
    data/other/fast_bound_N-H/1.5/1.4-1.5_2-states/, data/slow/0.7/, data/slow/0.8/, data/slow/0.9/, data/slow/1.1/, 
    data/slow/1.2/, data/slow/1.3/, data/slow/1.4/, data/slow/1.5/, data/slow/1.6/, 
    data/slow/1.7/, data/slow/1.79/, data/other/slow_bound_N-H/1.1/, 
    data/other/slow_bound_N-H/1.2/, data/other/slow_bound_N-H/1.3/, data/other/slow_bound_N-H/1.4/, 
    data/other/slow_bound_N-H/1.5/, data/artifact/asymptote/, 
There are 2059 data points in adiabatic representation
          1 data points in composite representation

The data set will be read from: 
    fast-B2_heavier/1.9/, fast-B2_heavier/2.0/, fast-B2_heavier/2.1/, 
    fast-B2_heavier/2.2/, fast-B2_heavier/2.3/, fast-B2_heavier/2.4/, fast-B2_heavier/2.5/, 
    fast-B2_heavier/2.6/, fast-B2_heavier/2.7/, fast-B2_heavier/2.8/, fast-B2_heavier/2.9/, 
    fast-B2_heavier/3/, fast-B2_heavier/4/, fast-B2_heavier/5/, fast-B2_heavier/6/, 
    data/artifact/asymptote-B2/, 
There are 115 data points without gradient

maximum ground state energy = 0.228122
maximum ||ground state energy gradient||_infinity = 0.703726
so we suggest to set gradient / energy scaling to around 3.08487

Got regularization strength, enable regularization

The number of threads = 4

Thread 1:
* owns 515 adiabatic data points
* owns 1 composite data points
* owns 29 energy-only data points
* starts with Jacobian row 0
Thread 2:
* owns 515 adiabatic data points
* owns 0 composite data points
* owns 29 energy-only data points
* starts with Jacobian row 104650
Thread 3:
* owns 515 adiabatic data points
* owns 0 composite data points
* owns 29 energy-only data points
* starts with Jacobian row 199121
Thread 4:
* owns 514 adiabatic data points
* owns 0 composite data points
* owns 28 energy-only data points
* starts with Jacobian row 324044

The data set corresponds to 496752 least square equations
There are 1906 parameters to train

The initial residue = 23.065
 
2022 year  5 month  3 day 17:46:57
 Iteration           1 , residue   12.0117562562261     
 
2022 year  5 month  3 day 17:52:30
 Iteration           2 , residue   12.0117562562261     
 
2022 year  5 month  3 day 17:52:54
 Iteration           3 , residue   12.0117562562261     
 
2022 year  5 month  3 day 17:53:19
 Iteration           4 , residue   10.5191885093419     
 
2022 year  5 month  3 day 17:58:50
 Iteration           5 , residue   9.60994323588245     
 
2022 year  5 month  3 day 18: 4:22
 Iteration           6 , residue   9.60994323588245     
 
2022 year  5 month  3 day 18: 4:46
 Iteration           7 , residue   8.06859571596320     
 
2022 year  5 month  3 day 18:10:17
 Iteration           8 , residue   7.39695976393490     
 
2022 year  5 month  3 day 18:15:49
 Iteration           9 , residue   6.92586496539800     
 
2022 year  5 month  3 day 18:21:19
 Iteration          10 , residue   6.74079558334937     
 
2022 year  5 month  3 day 18:26:47
 Iteration          11 , residue   6.55126820077738     
 
2022 year  5 month  3 day 18:32:16
 Iteration          12 , residue   6.45033795996848     
 
2022 year  5 month  3 day 18:37:40
 Iteration          13 , residue   6.07010232178720     
 
2022 year  5 month  3 day 18:43: 7
 Iteration          14 , residue   5.95518906978196     
 
2022 year  5 month  3 day 18:48:34
 Iteration          15 , residue   5.81615403513952     
 
2022 year  5 month  3 day 18:53:59
 Iteration          16 , residue   5.69448555697931     
 
2022 year  5 month  3 day 18:59:23
 Iteration          17 , residue   5.66158922244000     
 
2022 year  5 month  3 day 19: 4:48
 Iteration          18 , residue   5.54587801940688     
 
2022 year  5 month  3 day 19:10:13
 Iteration          19 , residue   5.37826307949609     
 
2022 year  5 month  3 day 19:15:37
 Iteration          20 , residue   5.23626734383784     
 
2022 year  5 month  3 day 19:21: 2
 Iteration          21 , residue   5.16170102295610     
 
2022 year  5 month  3 day 19:26:21
 Iteration          22 , residue   5.09003077992318     
 
2022 year  5 month  3 day 19:31:40
 Iteration          23 , residue   4.99998005634958     
 Failed trust region: max iteration exceeded!
 Final residual =    4.99998005634958     
The final residue = 4.93235

Tue May  3 19:31:48 2022
Mission success
