 Trust region warning: step length has converged, but residual has not met accur
 acy goal
 Final residual =   1.184259330076613E-008
 Trust region warning: step length has converged, but residual has not met accur
 acy goal
 Final residual =   1.965689891425078E-009
 Trust region warning: step length has converged, but residual has not met accur
 acy goal
 Final residual =   1.120528640078813E-008
 Trust region warning: step length has converged, but residual has not met accur
 acy goal
 Final residual =   1.922982296170381E-008
 Trust region warning: step length has converged, but residual has not met accur
 acy goal
 Final residual =   1.319478935173334E-008
 Failed trust region: max iteration exceeded!
 Final residual =   1.212535707698486E-009
 Trust region warning: step length has converged, but residual has not met accur
 acy goal
 Final residual =   5.365777814651200E-009
 Trust region warning: step length has converged, but residual has not met accur
 acy goal
 Final residual =   5.365777814651200E-009
 Trust region warning: step length has converged, but residual has not met accur
 acy goal
 Final residual =   1.277252063162626E-008
 Trust region warning: step length has converged, but residual has not met accur
 acy goal
 Final residual =   1.277252063162626E-008
 Trust region warning: step length has converged, but residual has not met accur
 acy goal
 Final residual =   4.497847977266426E-009
 Trust region warning: step length has converged, but residual has not met accur
 acy goal
 Final residual =   4.497847977266426E-009
 Trust region warning: step length has converged, but residual has not met accur
 acy goal
 Final residual =   7.790222117348229E-009
 Trust region warning: step length has converged, but residual has not met accur
 acy goal
 Final residual =   7.790222117348229E-009
 Trust region warning: step length has converged, but residual has not met accur
 acy goal
 Final residual =   6.549082643933196E-009
 Trust region warning: step length has converged, but residual has not met accur
 acy goal
 Final residual =   6.549082643933196E-009
 Trust region warning: step length has converged, but residual has not met accur
 acy goal
 Final residual =   3.513813746112394E-009
 Trust region warning: step length has converged, but residual has not met accur
 acy goal
 Final residual =   3.587747422290350E-009
 Trust region warning: step length has converged, but residual has not met accur
 acy goal
 Final residual =   2.124763645383723E-008
 Trust region warning: step length has converged, but residual has not met accur
 acy goal
 Final residual =    3.47005332579394     
 Trust region warning: step length has converged, but residual has not met accur
 acy goal
 Final residual =    3.47005332579394     
