Root mean square deviation analyzer for diabatz
Yifan Shen 2021

Echo of user command line input:
/home-4/yshen57@jhu.edu/Software/Mine/diabatz/tools/RMSD/v0/RMSD.exe -d default IntCoordDef SAS.in Hd.in Hd.net 11.in 12.in 13.in 14.in 22.in 23.in 24.in 33.in 34.in 44.in -s sad-B1/ -z -286.1075216397

Wed Jun 16 17:00:25 2021

Root mean square deviation of energy:
State 1 = 0.000126305
State 2 = 0.00978297
State 3 = 0.00190035
State 4 = 0.0246297
Root mean square deviation of energy gradient:
State 1 = 0.000315611
State 2 = 0.000304449
State 3 = 0.000569433
State 4 = 0.00374736
Root mean square deviation of interstate coupling:
State 1-2 = 0.000820698
State 1-3 = 0.00293338
State 1-4 = 0.00350184
State 2-3 = 0.000409265
State 2-4 = 0.00713881
State 3-4 = 0.00124476

Wed Jun 16 17:00:40 2021
Mission success
