loop integral based on diabatz
Yifan Shen 2022

loop structure:
    r0 + Nh * dh <- r0 + Nh * dh + Ng * dg 
         |                    ^            
         v                    |            
         r0      ->      r0 + Ng * dg      
r0: flatten mex-B1-B2, i.e., N-H = 0.948978 A and C out of NH2 angle = 0
    can be shifted
g: N-H, unit vector
h: C out of NH2 angle, by h = mex-B1-B2 - flatten mex-B1-B2

Echo of user command line input:
../v1/loop.exe -d default pretrain-IntCoordDef pretrain-SAS.in pretrain-Hd.in pretrain-Hd.net pretrain-11.in pretrain-12.in pretrain-13.in pretrain-14.in pretrain-22.in pretrain-23.in pretrain-24.in pretrain-33.in pretrain-34.in pretrain-44.in default IntCoordDef SAS.in Hd.in Hd.net 11.in 12.in 13.in 14.in 22.in 23.in 24.in 33.in 34.in 44.in --shift_NH -0.048978 --shift_CNH2 -0.5 --NNH 1100 --dNH 0.001 --NCNH2 200 --dCNH2 0.01

Wed Dec 21 11:12:57 2022

shift NH by -0.048978 A, CNH2 by -0.5
NNH   = 1100, dNNH  = 0.001 A
NCNH2 = 200, dCNH2 = 0.01

integral =
    0.000000e+00   -3.109174e+00   -2.900486e-02   -1.812800e-02
    0.000000e+00    0.000000e+00    3.105502e+00   -5.456454e-02
    0.000000e+00    0.000000e+00    0.000000e+00   -3.145127e+00
    0.000000e+00    0.000000e+00    0.000000e+00    0.000000e+00

Wed Dec 21 11:56:34 2022
Mission success
