1-2
   -4.456162753872042e-01
   -4.390197295114006e-01
    6.637133529543320e-02
    3.594115237663983e-02
   -3.419362506935293e-01
    4.169321734217288e-02
   -3.310916668551905e-02

1-3
    4.470251618226640e-02
    2.353359770757373e-02
   -1.711043897093810e-02
    3.834712087407415e-03
    3.967877993741706e-02
   -1.568683944370419e-02
    1.014922176887687e-01

1-4
   -3.535233971225969e-01
    4.552467298637434e-01
   -2.742274476097175e-01
   -2.599409342692728e-01
   -3.155942066611092e-01
    6.424936945212502e-02
    1.967139259929865e-01

2-3
    4.979841775771196e-02
    1.098480111376118e-01
   -5.742369546851706e-03
    1.258143108936199e-02
    1.849240613101488e-02
    7.528964607025687e-02
   -3.022931902777543e-01

2-4
   -5.282876170490628e-02
    3.208264430037537e-02
   -6.814813795322441e-02
   -4.551964782296038e-02
   -4.604256600443093e-02
   -1.077228370070694e-02
    5.514714912434113e-02

3-4
    1.983112041149279e-01
    6.428564865230101e-03
   -2.249679846555814e-02
    1.400443897357572e-02
    1.510054518957713e-01
    1.805059179209334e-02
   -1.961332497352261e-01
