1-2
old-1       -4.456162753872042e-01
old-2       -4.390197295114006e-01
old-3        6.637133529543320e-02
old-4        3.594115237663983e-02
old-5       -3.419362506935293e-01
old-6        4.169321734217288e-02
old-7       -3.310916668551905e-02
old-best        2.017613252135734e-01
1        6.107517756699750e-03
2       -2.964010643956759e-03

1-3
old-1        4.470251618226640e-02
old-2        2.353359770757373e-02
old-3       -1.711043897093810e-02
old-4        3.834712087407415e-03
old-5        3.967877993741706e-02
old-6       -1.568683944370419e-02
old-7        1.014922176887687e-01
old-best       -2.959109271464034e-03
1        2.858441650698415e-02
2       -2.938903479340142e-02

1-4
old-1       -3.535233971225969e-01
old-2        4.552467298637434e-01
old-3       -2.742274476097175e-01
old-4       -2.599409342692728e-01
old-5       -3.155942066611092e-01
old-6        6.424936945212502e-02
old-7        1.967139259929865e-01
old-best       -6.875239382090216e-02
1       -1.267414705370691e-01
2        3.917074032100902e-03

2-3
old-1        4.979841775771196e-02
old-2        1.098480111376118e-01
old-3       -5.742369546851706e-03
old-4        1.258143108936199e-02
old-5        1.849240613101488e-02
old-6        7.528964607025687e-02
old-7       -3.022931902777543e-01
old-best       -2.757569551616322e-01
1        2.261495517296932e-01
2        1.114263456545877e-01

2-4
old-1       -5.282876170490628e-02
old-2        3.208264430037537e-02
old-3       -6.814813795322441e-02
old-4       -4.551964782296038e-02
old-5       -4.604256600443093e-02
old-6       -1.077228370070694e-02
old-7        5.514714912434113e-02
old-best        7.665542339301290e-02
1       -3.846214490471820e-02
2        2.411187064188244e-02

3-4
old-1        1.983112041149279e-01
old-2        6.428564865230101e-03
old-3       -2.249679846555814e-02
old-4        1.400443897357572e-02
old-5        1.510054518957713e-01
old-6        1.805059179209334e-02
old-7       -1.961332497352261e-01
old-best       -2.485460517799025e-01
1       -8.209788474703034e-02
2       -3.033738787738041e-03

