 Trust region warning: step length has converged, but residual has not met accur
 acy goal
 Final residual =   4.672082293401883E-009
 Trust region warning: step length has converged, but residual has not met accur
 acy goal
 Final residual =   1.530593106349577E-009
 Trust region warning: step length has converged, but residual has not met accur
 acy goal
 Final residual =   1.134624489407961E-008
 Trust region warning: step length has converged, but residual has not met accur
 acy goal
 Final residual =   8.671122110749806E-009
 Trust region warning: step length has converged, but residual has not met accur
 acy goal
 Final residual =   9.001066490465589E-009
 Trust region warning: step length has converged, but residual has not met accur
 acy goal
 Final residual =   3.273540369296060E-009
 Trust region warning: step length has converged, but residual has not met accur
 acy goal
 Final residual =   5.362393852101554E-009
 Trust region warning: step length has converged, but residual has not met accur
 acy goal
 Final residual =   4.051218987873687E-009
 Trust region warning: step length has converged, but residual has not met accur
 acy goal
 Final residual =   8.912829611820650E-009
 Trust region warning: step length has converged, but residual has not met accur
 acy goal
 Final residual =   3.351926239778241E-009
 Trust region warning: step length has converged, but residual has not met accur
 acy goal
 Final residual =   6.879999268006724E-009
 Trust region warning: step length has converged, but residual has not met accur
 acy goal
 Final residual =   1.312219898771863E-008
 Trust region warning: step length has converged, but residual has not met accur
 acy goal
 Final residual =   3.038934130766226E-009
 Trust region warning: step length has converged, but residual has not met accur
 acy goal
 Final residual =   6.170310888292924E-009
 Trust region warning: step length has converged, but residual has not met accur
 acy goal
 Final residual =   1.113699822711556E-008
 Failed trust region: max iteration exceeded!
 Final residual =   4.081738167091901E-009
 Trust region warning: step length has converged, but residual has not met accur
 acy goal
 Final residual =   2.424914841023557E-008
 Trust region warning: step length has converged, but residual has not met accur
 acy goal
 Final residual =   1.868240959021320E-008
 Trust region warning: step length has converged, but residual has not met accur
 acy goal
 Final residual =   6.372354689393874E-009
 Trust region warning: step length has converged, but residual has not met accur
 acy goal
 Final residual =   4.002787589984412E-009
 Trust region warning: step length has converged, but residual has not met accur
 acy goal
 Final residual =   1.073360341123650E-008
 Failed trust region: max iteration exceeded!
 Final residual =   8.734188373001519E-009
 Trust region warning: step length has converged, but residual has not met accur
 acy goal
 Final residual =   7.334863341029267E-009
 Failed trust region: max iteration exceeded!
 Final residual =   1.137707445624254E-008
 Trust region warning: step length has converged, but residual has not met accur
 acy goal
 Final residual =   6.179663861339607E-009
 Trust region warning: step length has converged, but residual has not met accur
 acy goal
 Final residual =   4.567719972456572E-009
 Failed trust region: max iteration exceeded!
 Final residual =   1.400470969985736E-008
 Trust region warning: step length has converged, but residual has not met accur
 acy goal
 Final residual =   1.181045340366434E-008
 Failed trust region: max iteration exceeded!
 Final residual =   2.636542884478036E-009
 Failed trust region: max iteration exceeded!
 Final residual =   1.733901047469548E-009
 Trust region warning: step length has converged, but residual has not met accur
 acy goal
 Final residual =   9.584346080337299E-009
 Trust region warning: step length has converged, but residual has not met accur
 acy goal
 Final residual =   6.529666981967227E-009
 Trust region warning: step length has converged, but residual has not met accur
 acy goal
 Final residual =   7.643094329297291E-009
 Trust region warning: step length has converged, but residual has not met accur
 acy goal
 Final residual =   8.663311608196438E-010
 Trust region warning: step length has converged, but residual has not met accur
 acy goal
 Final residual =   1.062168349519844E-008
 Trust region warning: step length has converged, but residual has not met accur
 acy goal
 Final residual =   8.473043637052237E-009
 Trust region warning: step length has converged, but residual has not met accur
 acy goal
 Final residual =   9.751417408337875E-009
 Trust region warning: step length has converged, but residual has not met accur
 acy goal
 Final residual =   5.658013401167797E-009
 Trust region warning: step length has converged, but residual has not met accur
 acy goal
 Final residual =   4.337397284931881E-009
 Trust region warning: step length has converged, but residual has not met accur
 acy goal
 Final residual =   1.252822957008794E-008
 Trust region warning: step length has converged, but residual has not met accur
 acy goal
 Final residual =   2.905482463085331E-010
 Trust region warning: step length has converged, but residual has not met accur
 acy goal
 Final residual =   1.073816911219092E-008
 Trust region warning: step length has converged, but residual has not met accur
 acy goal
 Final residual =   1.593392336291999E-008
 Trust region warning: step length has converged, but residual has not met accur
 acy goal
 Final residual =   1.639270251354719E-008
 Failed trust region: max iteration exceeded!
 Final residual =   1.000489169790901E-008
 Trust region warning: step length has converged, but residual has not met accur
 acy goal
 Final residual =   8.603189426506647E-009
 Trust region warning: step length has converged, but residual has not met accur
 acy goal
 Final residual =   1.374708656182828E-009
 Trust region warning: step length has converged, but residual has not met accur
 acy goal
 Final residual =   1.387200156415827E-008
 Trust region warning: step length has converged, but residual has not met accur
 acy goal
 Final residual =   7.509289811661408E-009
 Failed trust region: max iteration exceeded!
 Final residual =   1.058644965579999E-008
 Trust region warning: step length has converged, but residual has not met accur
 acy goal
 Final residual =   4.181408103588741E-009
 Trust region warning: step length has converged, but residual has not met accur
 acy goal
 Final residual =   4.393459550508901E-009
 Trust region warning: step length has converged, but residual has not met accur
 acy goal
 Final residual =   1.273860767591468E-009
 Trust region warning: step length has converged, but residual has not met accur
 acy goal
 Final residual =   1.125208911622460E-008
 Trust region warning: step length has converged, but residual has not met accur
 acy goal
 Final residual =   5.415080217345317E-009
 Trust region warning: step length has converged, but residual has not met accur
 acy goal
 Final residual =   1.102459458399703E-008
 Trust region warning: step length has converged, but residual has not met accur
 acy goal
 Final residual =   1.520769912686405E-008
 Trust region warning: step length has converged, but residual has not met accur
 acy goal
 Final residual =   8.088593368992542E-009
 Trust region warning: step length has converged, but residual has not met accur
 acy goal
 Final residual =   3.805001474334613E-009
 Trust region warning: step length has converged, but residual has not met accur
 acy goal
 Final residual =   3.216702431427986E-009
 Trust region warning: step length has converged, but residual has not met accur
 acy goal
 Final residual =   8.286493411233940E-010
 Trust region warning: step length has converged, but residual has not met accur
 acy goal
 Final residual =   4.297119382207894E-009
 Trust region warning: step length has converged, but residual has not met accur
 acy goal
 Final residual =   8.919962774654468E-009
 Trust region warning: step length has converged, but residual has not met accur
 acy goal
 Final residual =   6.176221629001716E-010
 Trust region warning: step length has converged, but residual has not met accur
 acy goal
 Final residual =   1.794630948543702E-009
 Trust region warning: step length has converged, but residual has not met accur
 acy goal
 Final residual =   8.603189426562945E-009
 Trust region warning: step length has converged, but residual has not met accur
 acy goal
 Final residual =   1.360045501640802E-008
 Trust region warning: step length has converged, but residual has not met accur
 acy goal
 Final residual =   9.525334538286472E-009
 Trust region warning: step length has converged, but residual has not met accur
 acy goal
 Final residual =   7.645607251651437E-009
 Trust region warning: step length has converged, but residual has not met accur
 acy goal
 Final residual =   1.695871619760329E-009
 Trust region warning: step length has converged, but residual has not met accur
 acy goal
 Final residual =   3.974262501020051E-009
 Trust region warning: step length has converged, but residual has not met accur
 acy goal
 Final residual =   9.526808136744675E-009
 Trust region warning: step length has converged, but residual has not met accur
 acy goal
 Final residual =   3.890617252064831E-009
 Trust region warning: step length has converged, but residual has not met accur
 acy goal
 Final residual =   3.952813555198883E-008
 Trust region warning: step length has converged, but residual has not met accur
 acy goal
 Final residual =   1.866333713761998E-008
 Trust region warning: step length has converged, but residual has not met accur
 acy goal
 Final residual =   5.146765049890145E-011
 Trust region warning: step length has converged, but residual has not met accur
 acy goal
 Final residual =   3.424027789418710E-009
 Trust region warning: step length has converged, but residual has not met accur
 acy goal
 Final residual =   2.615191123677992E-009
 Trust region warning: step length has converged, but residual has not met accur
 acy goal
 Final residual =   1.319208955144752E-009
 Trust region warning: step length has converged, but residual has not met accur
 acy goal
 Final residual =   1.081820889775795E-008
 Trust region warning: step length has converged, but residual has not met accur
 acy goal
 Final residual =   3.714780996848933E-009
 Trust region warning: step length has converged, but residual has not met accur
 acy goal
 Final residual =   7.140365107456072E-009
 Trust region warning: step length has converged, but residual has not met accur
 acy goal
 Final residual =   1.224294661801619E-008
 Trust region warning: step length has converged, but residual has not met accur
 acy goal
 Final residual =   1.331951654187128E-008
 Trust region warning: step length has converged, but residual has not met accur
 acy goal
 Final residual =   2.064520684573512E-010
 Trust region warning: step length has converged, but residual has not met accur
 acy goal
 Final residual =   1.398000692707620E-008
 Trust region warning: step length has converged, but residual has not met accur
 acy goal
 Final residual =   1.121808497628158E-008
 Trust region warning: step length has converged, but residual has not met accur
 acy goal
 Final residual =   1.901200930320191E-009
 Trust region warning: step length has converged, but residual has not met accur
 acy goal
 Final residual =   1.181264141027000E-008
 Trust region warning: step length has converged, but residual has not met accur
 acy goal
 Final residual =   1.861065979234213E-008
 Trust region warning: step length has converged, but residual has not met accur
 acy goal
 Final residual =   2.964209728528416E-008
 Trust region warning: step length has converged, but residual has not met accur
 acy goal
 Final residual =   1.140349557076228E-008
 Trust region warning: step length has converged, but residual has not met accur
 acy goal
 Final residual =   1.933236633901230E-008
 Trust region warning: step length has converged, but residual has not met accur
 acy goal
 Final residual =   7.657632926204164E-011
 Trust region warning: step length has converged, but residual has not met accur
 acy goal
 Final residual =   1.035701789852582E-008
 Trust region warning: step length has converged, but residual has not met accur
 acy goal
 Final residual =   2.885221175110692E-009
 Trust region warning: step length has converged, but residual has not met accur
 acy goal
 Final residual =   3.437124826030668E-009
 Trust region warning: step length has converged, but residual has not met accur
 acy goal
 Final residual =   1.682239934865301E-009
 Trust region warning: step length has converged, but residual has not met accur
 acy goal
 Final residual =   3.247129345966683E-010
 Trust region warning: step length has converged, but residual has not met accur
 acy goal
 Final residual =   1.856790116297262E-008
 Trust region warning: step length has converged, but residual has not met accur
 acy goal
 Final residual =   3.960108622472982E-010
 Trust region warning: step length has converged, but residual has not met accur
 acy goal
 Final residual =   1.238438430138428E-008
 Trust region warning: step length has converged, but residual has not met accur
 acy goal
 Final residual =   3.298092449973901E-009
 Trust region warning: step length has converged, but residual has not met accur
 acy goal
 Final residual =   2.435628547106227E-009
 Trust region warning: step length has converged, but residual has not met accur
 acy goal
 Final residual =   1.029230705653574E-008
 Trust region warning: step length has converged, but residual has not met accur
 acy goal
 Final residual =   1.697096732308457E-008
 Trust region warning: step length has converged, but residual has not met accur
 acy goal
 Final residual =   3.512046234763336E-009
 Trust region warning: step length has converged, but residual has not met accur
 acy goal
 Final residual =   1.806827009070788E-008
 Trust region warning: step length has converged, but residual has not met accur
 acy goal
 Final residual =   3.216130563968650E-009
 Trust region warning: step length has converged, but residual has not met accur
 acy goal
 Final residual =   4.880774884557979E-009
 Trust region warning: step length has converged, but residual has not met accur
 acy goal
 Final residual =   3.874336495957321E-008
 Trust region warning: step length has converged, but residual has not met accur
 acy goal
 Final residual =   8.884327308475918E-009
 Trust region warning: step length has converged, but residual has not met accur
 acy goal
 Final residual =   4.703905462027726E-009
 Failed BFGS: curvature condition is violated
 y . s = -5.654260599023717E-003
 Trust region warning: step length has converged, but residual has not met accur
 acy goal
 Final residual =   4.703905462027726E-009
Critics: a critical geometry searcher
Yifan Shen 2021

Echo of user command line input:
/home/yshen/Software/Mine/diabatz/tools/critics/v0/critics.exe -j min -f default -i opt.IntCoordDef -t 3 -d default IntCoordDef SAS.in Hd.in Hd.net 11.in 12.in 13.in 14.in 22.in 23.in 24.in 33.in 34.in 44.in -x B1rot-sad.xyz -c 14 15 16 17 18 19 20 21 22 23 24 25 26 27 28 29 30 31 32 33 34 35 36 -o sad.xyz

Sun Apr 10 21:47:12 2022

Job type: min
The target electronic state is 3

Sun Apr 10 21:49:39 2022
Mission success
