    1,3    
    1,4    
    1,3        1,1    
    1,4        1,1    
    1,3        1,2    
    1,4        1,2    
    1,3        1,3    
    1,4        1,3    
    1,5        1,3    
    1,6        1,3    
    1,7        1,3    
    1,8        1,3    
    1,9        1,3    
    1,10       1,3    
    1,11       1,3    
    1,12       1,3    
    1,13       1,3    
    1,4        1,4    
    1,5        1,4    
    1,6        1,4    
    1,7        1,4    
    1,8        1,4    
    1,9        1,4    
    1,10       1,4    
    1,11       1,4    
    1,12       1,4    
    1,13       1,4    
    2,1        2,1    
    2,2        2,1    
    2,2        2,2    
    3,13       3,1    
    3,13       3,2    
    3,13       3,3    
    3,13       3,4    
    3,13       3,5    
    3,13       3,6    
    3,13       3,7    
    3,13       3,8    
    3,13       3,9    
    3,13       3,10   
    3,13       3,13   
    5,1        5,1    
    7,7        7,1    
    7,7        7,2    
    7,7        7,3    
    7,7        7,4    
    7,7        7,5    
    7,7        7,6    
    7,7        7,7    
    8,1        8,1    
