    7,7    
    7,7        1,1    
    7,7        1,2    
    7,1        1,3    
    7,2        1,3    
    7,3        1,3    
    7,4        1,3    
    7,5        1,3    
    7,6        1,3    
    7,7        1,3    
    7,1        1,4    
    7,2        1,4    
    7,3        1,4    
    7,4        1,4    
    7,5        1,4    
    7,6        1,4    
    7,7        1,4    
    7,7        1,5    
    7,7        1,6    
    7,7        1,7    
    7,7        1,8    
    7,7        1,9    
    7,7        1,10   
    7,7        1,11   
    7,7        1,12   
    7,7        1,13   
    8,1        2,1    
    8,1        2,2    
    4,1        3,13   
    4,2        3,13   
    4,3        3,13   
