Evaluation for diabatz
Yifan Shen 2021

Echo of user command line input:
/home/yshen/Software/Mine/diabatz/tools/eval/v1/eval.exe -d default pretrain-IntCoordDef pretrain-SAS.in pretrain-Hd.in pretrain-Hd.net pretrain-11.in pretrain-12.in pretrain-13.in pretrain-14.in pretrain-22.in pretrain-23.in pretrain-24.in pretrain-33.in pretrain-34.in pretrain-44.in default IntCoordDef SAS.in Hd.in Hd.net 11.in 12.in 13.in 14.in 22.in 23.in 24.in 33.in 34.in 44.in -x /home/yshen/C6H7N-aniline/Columbus/other/plot/C-NH2_oop/min-B1_min-B2/0/geom.xyz -a -g

Tue Dec 20 15:12:32 2022

energy =
    1.178350e-02    1.633128e-01    1.888843e-01    2.403129e-01

states are:
   -9.999983e-01    1.830412e-03    0.000000e+00    0.000000e+00
    1.830412e-03    9.999983e-01    0.000000e+00    0.000000e+00
    0.000000e+00    0.000000e+00   -1.000000e+00   -2.605451e-04
    0.000000e+00    0.000000e+00   -2.605451e-04    1.000000e+00

energy gradient of state 1 =
   -2.359493e-03   -4.232277e-18    6.319291e-02
    1.362275e-03   -2.522169e-18   -5.388795e-02
   -5.768695e-06   -2.681380e-02    1.682454e-02
   -5.768695e-06    2.681380e-02    1.682454e-02
    4.355162e-05   -1.685118e-02   -1.416438e-02
    4.355162e-05    1.685118e-02   -1.416438e-02
   -2.274290e-06   -2.546666e-20    1.833348e-03
    4.077753e-04   -1.497235e-02   -7.539047e-03
    4.077753e-04    1.497235e-02   -7.539047e-03
    6.107774e-05    3.448357e-03    1.344429e-03
    6.107774e-05   -3.448357e-03    1.344429e-03
   -3.986408e-05    1.718161e-03   -1.291397e-03
   -3.986408e-05   -1.718161e-03   -1.291397e-03
    6.594857e-05    5.083783e-24   -1.486586e-03

energy gradient of state 2 =
    6.533246e-03   -2.128112e-17   -1.147779e-02
   -1.890629e-03   -2.580893e-18    8.662245e-03
   -8.548636e-05    6.993144e-04   -7.914191e-03
   -8.548636e-05   -6.993144e-04   -7.914191e-03
    3.269426e-05   -1.494326e-03    6.164282e-03
    3.269426e-05    1.494326e-03    6.164282e-03
    5.769146e-05   -4.693969e-19    4.581787e-04
   -2.211994e-03    1.137343e-03    2.857096e-03
   -2.211994e-03   -1.137343e-03    2.857096e-03
   -7.357765e-05   -1.831061e-07    3.177312e-04
   -7.357765e-05    1.831061e-07    3.177312e-04
    5.575733e-06    7.937508e-04   -3.655909e-06
    5.575733e-06   -7.937508e-04   -3.655909e-06
   -3.473124e-05   -2.420942e-24   -4.851592e-04

energy gradient of state 3 =
   -1.098732e-03   -4.692392e-18    4.666491e-02
    8.751194e-04   -1.873638e-18   -3.864622e-02
   -2.239556e-04   -1.909388e-03    5.115670e-02
   -2.239556e-04    1.909388e-03    5.115670e-02
    2.836610e-04    9.457121e-03   -4.380507e-02
    2.836610e-04   -9.457121e-03   -4.380507e-02
    1.810860e-05   -8.271437e-19   -5.963869e-03
    5.009497e-05   -1.223163e-02   -7.485455e-03
    5.009497e-05    1.223163e-02   -7.485455e-03
    1.800954e-05    2.173926e-03    9.751707e-04
    1.800954e-05   -2.173926e-03    9.751707e-04
   -6.675656e-06    1.354486e-04   -1.495911e-03
   -6.675656e-06   -1.354486e-04   -1.495911e-03
   -3.676412e-05   -2.685259e-24   -7.456887e-04

energy gradient of state 4 =
    1.075513e-03   -1.346343e-17    1.426018e-02
   -2.074823e-04   -1.747850e-18   -1.210680e-03
   -1.399520e-04   -2.159096e-02    5.643413e-02
   -1.399520e-04    2.159096e-02    5.643413e-02
    2.699466e-04   -2.648062e-02   -5.990836e-02
    2.699466e-04    2.648062e-02   -5.990836e-02
   -9.807957e-05   -7.214675e-20   -4.499234e-03
   -5.704587e-04   -9.280172e-03   -1.006801e-03
   -5.704587e-04    9.280172e-03   -1.006801e-03
    8.265770e-05   -3.284455e-04    5.484406e-04
    8.265770e-05    3.284455e-04    5.484406e-04
   -2.079244e-05    9.853579e-04   -6.121580e-04
   -2.079244e-05   -9.853579e-04   -6.121580e-04
   -1.275386e-05   -8.059890e-26    5.392294e-04

nonadiabatic coupling between state 1 and 2 =
    3.565585e-02    1.870092e-19   -5.819014e-03
   -5.737277e-02    4.369849e-20   -2.302811e-03
   -5.474997e-02   -1.414349e-03   -1.573865e-03
   -5.474997e-02    1.414349e-03   -1.573865e-03
   -3.370699e-03   -1.838278e-04    7.915356e-05
   -3.370699e-03    1.838278e-04    7.915356e-05
    5.927678e-02    5.251466e-20    2.183544e-05
    1.771316e-02    1.519357e-02    6.005480e-03
    1.771316e-02   -1.519357e-02    6.005480e-03
    1.681655e-02    1.247635e-04   -1.462860e-04
    1.681655e-02   -1.247635e-04   -1.462860e-04
    7.551186e-04   -8.280970e-04   -2.464596e-04
    7.551186e-04    8.280970e-04   -2.464596e-04
    8.111807e-03    6.337484e-22   -1.360569e-04

nonadiabatic coupling between state 1 and 3 =
   -9.197742e-20   -1.293609e-01    2.621402e-18
   -7.003812e-21    5.939962e-01   -9.485704e-18
    9.497841e-04   -2.137782e-01    4.498981e-01
   -9.497841e-04   -2.137782e-01   -4.498981e-01
    2.153680e-03   -2.731794e-01   -4.522927e-01
   -2.153680e-03   -2.731794e-01    4.522927e-01
    5.474123e-20    5.858986e-01    1.599309e-17
   -4.336004e-05    9.018849e-03   -1.312428e-02
    4.336004e-05    9.018849e-03    1.312428e-02
   -4.965851e-04   -1.430597e-02   -6.119496e-03
    4.965851e-04   -1.430597e-02    6.119496e-03
   -3.290073e-04   -2.338506e-02   -1.883304e-02
    3.290073e-04   -2.338506e-02    1.883304e-02
    1.598641e-22   -1.927418e-02    0.000000e+00

nonadiabatic coupling between state 1 and 4 =
    3.330519e-21    6.966770e-04   -9.150396e-20
    2.560822e-22    2.186340e-03   -4.889537e-20
   -5.653823e-02   -1.202229e-03    5.648403e-04
    5.653823e-02   -1.202229e-03   -5.648403e-04
   -4.701565e-02   -4.719299e-04   -8.919375e-04
    4.701565e-02   -4.719299e-04    8.919375e-04
    1.060161e-22    1.023978e-03    3.664151e-20
    5.542887e-03   -1.601896e-04    5.690285e-04
   -5.542887e-03   -1.601896e-04   -5.690285e-04
    3.419230e-02   -1.138147e-04    8.922846e-05
   -3.419230e-02   -1.138147e-04   -8.922846e-05
    2.275758e-02   -8.340298e-05    1.053581e-04
   -2.275758e-02   -8.340298e-05   -1.053581e-04
   -1.295028e-24    1.561364e-04    0.000000e+00

nonadiabatic coupling between state 2 and 3 =
   -4.309701e-20   -1.266479e-02    1.218995e-18
   -2.695056e-21   -1.610838e-02    9.216975e-19
    1.492883e-01    1.239964e-02   -7.696553e-03
   -1.492883e-01    1.239964e-02    7.696553e-03
   -8.686213e-02    1.634449e-03   -3.353839e-03
    8.686213e-02    1.634449e-03    3.353839e-03
   -4.178602e-23    1.068477e-03   -7.279973e-20
    5.094456e-03   -3.910796e-03   -3.480749e-03
   -5.094456e-03   -3.910796e-03    3.480749e-03
   -6.004517e-02    3.300112e-03   -3.773728e-03
    6.004517e-02    3.300112e-03    3.773728e-03
    2.151158e-02    1.455648e-03   -2.417872e-03
   -2.151158e-02    1.455648e-03    2.417872e-03
    1.703157e-23   -2.053429e-03    0.000000e+00

nonadiabatic coupling between state 2 and 4 =
   -1.396460e-19   -2.515700e-02    4.483456e-18
   -7.348048e-21    2.700806e-01   -5.874009e-18
    1.192942e-03   -4.950436e-02   -2.350875e-01
   -1.192942e-03   -4.950436e-02    2.350875e-01
   -3.426505e-03    3.284284e-01    6.585785e-01
    3.426505e-03    3.284284e-01   -6.585785e-01
   -8.114635e-20   -7.678826e-01   -2.522008e-17
    1.859675e-05   -1.180779e-03   -9.612118e-03
   -1.859675e-05   -1.180779e-03    9.612118e-03
    5.193082e-04   -3.612096e-03   -1.475894e-02
   -5.193082e-04   -3.612096e-03    1.475894e-02
   -2.170344e-04   -1.124375e-03   -1.175652e-02
    2.170344e-04   -1.124375e-03    1.175652e-02
    1.912201e-22   -2.305465e-02    0.000000e+00

nonadiabatic coupling between state 3 and 4 =
   -2.349273e-02   -2.556495e-19    2.151851e-02
    2.038989e-01    2.390155e-20   -1.261008e-02
   -6.718586e-02    1.611426e-03   -1.781979e-03
   -6.718586e-02   -1.611426e-03   -1.781979e-03
   -4.741958e-02    4.662473e-03    5.309071e-03
   -4.741958e-02   -4.662473e-03    5.309071e-03
    6.838954e-02   -1.701999e-19   -4.489090e-03
   -9.446316e-03   -1.138072e-02   -5.832722e-03
   -9.446316e-03    1.138072e-02   -5.832722e-03
   -4.703283e-03    1.614018e-03    1.010154e-03
   -4.703283e-03   -1.614018e-03    1.010154e-03
   -2.680016e-03   -4.872855e-04   -1.154375e-03
   -2.680016e-03    4.872855e-04   -1.154375e-03
    1.407437e-02    1.099840e-21    4.803668e-04

Tue Dec 20 15:12:33 2022
Mission success
