Evaluation for diabatz
Yifan Shen 2021

Echo of user command line input:
/home/yshen/Software/Mine/diabatz/tools/eval/v1/eval.exe -d default pretrain-IntCoordDef pretrain-SAS.in pretrain-Hd.in pretrain-Hd.net pretrain-11.in pretrain-12.in pretrain-13.in pretrain-14.in pretrain-22.in pretrain-23.in pretrain-24.in pretrain-33.in pretrain-34.in pretrain-44.in default IntCoordDef SAS.in Hd.in Hd.net 11.in 12.in 13.in 14.in 22.in 23.in 24.in 33.in 34.in 44.in -x /home/yshen/C6H7N-aniline/Columbus/other/plot/C-NH2_oop/mex-B1-B2_somewhat-min-A1/2/geom.xyz -a -g

Tue Dec 20 15:12:44 2022

energy =
    8.544369e-03    1.822359e-01    1.863802e-01    2.401770e-01

states are:
   -9.999882e-01   -4.274958e-07    4.851467e-03    1.260808e-08
   -4.851467e-03    2.768427e-06   -9.999882e-01   -1.984262e-08
   -4.138097e-07    9.998746e-01    2.769806e-06    1.583571e-02
    1.906703e-08   -1.583571e-02   -6.377341e-08    9.998746e-01

energy gradient of state 1 =
    1.415098e-02   -5.962321e-04   -4.107802e-07
   -2.257220e-02   -3.195163e-03   -9.600951e-07
   -3.707426e-02    1.340571e-03   -2.934935e-02
   -3.707537e-02    1.328405e-03    2.934939e-02
    3.297795e-02    1.874681e-04   -2.922199e-02
    3.297678e-02    1.755550e-04    2.922225e-02
    1.438206e-02   -2.549311e-04    1.657366e-07
    1.019294e-03    2.956481e-04    4.524900e-03
    1.019192e-03    2.972561e-04   -4.524265e-03
    1.748703e-04    4.691132e-04    3.535253e-04
    1.748873e-04    4.692770e-04   -3.535551e-04
    3.541327e-04   -4.216502e-04    6.822321e-04
    3.542802e-04   -4.214058e-04   -6.819536e-04
   -8.625844e-04    3.260884e-04    1.787400e-08

energy gradient of state 2 =
   -5.801321e-03    9.731205e-03    1.359686e-06
    8.340380e-03   -5.661464e-03   -1.450186e-06
   -1.401894e-02    2.787840e-04    1.332274e-03
   -1.401838e-02    2.793867e-04   -1.331522e-03
    1.222009e-02    7.266279e-04   -3.108330e-03
    1.221941e-02    7.253559e-04    3.108137e-03
   -7.714597e-04   -1.336783e-04    2.505013e-08
    1.047130e-03   -2.981562e-03    6.234811e-03
    1.047057e-03   -2.979275e-03   -6.235490e-03
    1.124851e-04    2.938724e-04   -1.101207e-03
    1.124976e-04    2.934037e-04    1.101034e-03
   -1.071317e-05   -1.726177e-04   -2.888443e-04
   -1.057025e-05   -1.727498e-04    2.892871e-04
   -4.676678e-04   -2.272888e-04   -8.457799e-08

energy gradient of state 3 =
   -5.307577e-02    2.972187e-02    4.727794e-06
    3.844762e-02   -1.480049e-02   -2.639960e-06
   -5.708711e-02   -6.704062e-04    6.545328e-04
   -5.708700e-02   -6.703292e-04   -6.556190e-04
    4.741387e-02    7.907758e-04   -1.341379e-02
    4.741310e-02    7.854281e-04    1.341477e-02
    1.149589e-02    4.330874e-04    2.792516e-07
    1.003686e-02   -7.330620e-03    1.370248e-02
    1.003706e-02   -7.325185e-03   -1.370471e-02
   -3.565641e-04   -3.199050e-04   -1.647047e-03
   -3.565488e-04   -3.205365e-04    1.646618e-03
    1.338605e-03   -1.179863e-04    6.640964e-04
    1.338757e-03   -1.177600e-04   -6.636522e-04
    4.412312e-04   -5.795098e-05   -4.140702e-08

energy gradient of state 4 =
   -2.757404e-02    3.885825e-03   -1.946987e-07
    1.966915e-02   -1.481999e-03   -3.334851e-07
   -2.886196e-03   -1.396344e-03   -2.856602e-02
   -2.886740e-03   -1.408169e-03    2.856649e-02
   -7.898588e-03   -5.556405e-04   -3.995981e-02
   -7.900321e-03   -5.719718e-04    3.995836e-02
    1.088842e-02    2.465250e-04    3.463010e-07
    6.478180e-03    1.512181e-04    7.821977e-03
    6.478188e-03    1.541687e-04   -7.821233e-03
   -3.070063e-04    1.164038e-04   -2.632390e-03
   -3.070292e-04    1.153468e-04    2.632112e-03
    1.681008e-03    1.664698e-04    6.232755e-04
    1.681168e-03    1.666791e-04   -6.226603e-04
    2.883799e-03    4.114880e-04    9.337809e-08

nonadiabatic coupling between state 1 and 2 =
   -2.485178e-06   -1.841036e-05    9.038638e-02
    9.907009e-06    1.293278e-04   -6.299244e-01
   -4.532674e-01   -1.984813e-02    2.486812e-01
    4.532608e-01    1.974565e-02    2.487045e-01
    4.542911e-01   -5.058421e-04    2.785284e-01
   -4.543000e-01    3.910843e-04    2.785132e-01
    9.037371e-06    1.201238e-04   -5.828703e-01
    1.094460e-02    4.830498e-03    5.162466e-05
   -1.094445e-02   -4.830374e-03    4.868758e-05
    1.660288e-03    3.154271e-03    1.058105e-02
   -1.660755e-03   -3.158591e-03    1.058003e-02
    1.804786e-02    1.830401e-03    1.806654e-02
   -1.804803e-02   -1.837846e-03    1.806585e-02
   -4.669122e-07   -2.167585e-06    1.058717e-02

nonadiabatic coupling between state 1 and 3 =
    2.522143e-02   -5.513947e-02   -1.052755e-05
    2.064157e-02    1.037996e-01    1.975865e-05
    1.678357e-03    5.770873e-02    1.140578e-02
    1.681607e-03    5.771323e-02   -1.138043e-02
   -1.799507e-03   -1.015074e-03    6.996908e-03
   -1.802126e-03   -1.012046e-03   -6.995641e-03
    2.185437e-03   -6.700652e-02   -1.560148e-05
   -3.299628e-02   -2.771900e-02   -7.587941e-02
   -3.299869e-02   -2.775028e-02    7.586678e-02
    2.879902e-03   -1.472004e-02    1.387351e-03
    2.879924e-03   -1.471935e-02   -1.393249e-03
    4.505998e-03   -8.630229e-04    5.315202e-04
    4.505902e-03   -8.628371e-04   -5.316083e-04
    3.416478e-03   -8.413882e-03   -1.642144e-06

nonadiabatic coupling between state 1 and 4 =
   -2.169232e-08   -4.687997e-10    5.013054e-05
   -2.177322e-07   -3.165376e-06    1.550307e-02
    5.458033e-03   -6.151328e-02   -7.629892e-03
   -5.457740e-03    6.151643e-02   -7.604827e-03
   -6.351767e-03   -4.758571e-02   -5.299104e-03
    6.351997e-03    4.758784e-02   -5.279280e-03
   -2.479107e-07   -2.453033e-06    1.206644e-02
    5.909437e-03    4.090430e-03    1.087888e-03
   -5.909519e-03   -4.090893e-03    1.086078e-03
   -9.245215e-04    3.526649e-02   -1.751486e-03
    9.245629e-04   -3.526577e-02   -1.765927e-03
    3.117386e-05    2.609951e-02   -6.865310e-04
   -3.115956e-05   -2.609923e-02   -6.972975e-04
   -8.957016e-09   -1.799967e-07    9.207342e-04

nonadiabatic coupling between state 2 and 3 =
    4.668273e-05    2.391459e-04   -1.230601e+00
   -1.272460e-05    4.944201e-05   -1.957427e-01
   -4.881348e-02    1.851223e+00    3.984126e-01
    4.884912e-02   -1.851388e+00    3.976516e-01
   -4.275697e-01   -7.917136e-01   -6.824272e-02
    4.275312e-01    7.917394e-01   -6.791353e-02
   -1.367318e-05   -7.803524e-05    3.778841e-01
   -1.523914e-01   -4.104632e-01    5.062367e-02
    1.523791e-01    4.104489e-01    5.080598e-02
   -1.636707e-01   -4.675930e-01    1.651874e-01
    1.636671e-01    4.675260e-01    1.653834e-01
   -1.197330e-01    4.059249e-02    3.142288e-02
    1.197306e-01   -4.060429e-02    3.141035e-02
    8.046526e-07    2.259582e-05   -1.062817e-01

nonadiabatic coupling between state 2 and 4 =
   -8.593045e-02    8.341798e-03    3.892639e-07
    6.411053e-02   -1.969258e-01   -3.812364e-05
    6.455333e-04    5.453760e-02    2.738330e-03
    6.466957e-04    5.453875e-02   -2.716636e-03
   -2.076054e-02    5.053000e-02   -1.031932e-02
   -2.076491e-02    5.052588e-02    1.034158e-02
    2.426857e-02   -6.354032e-02   -1.519980e-05
    2.220112e-02    1.868199e-02    4.632975e-02
    2.220268e-02    1.870121e-02   -4.632152e-02
   -6.363028e-03    9.865943e-03   -9.270698e-03
   -6.363249e-03    9.861980e-03    9.274585e-03
    5.493546e-03   -1.974167e-04    4.766935e-03
    5.493759e-03   -1.954597e-04   -4.766922e-03
   -4.880261e-03   -1.472615e-02   -3.160120e-06

nonadiabatic coupling between state 3 and 4 =
   -2.871402e-06    1.341384e-05   -6.264862e-02
    7.315608e-06    1.040006e-04   -5.107022e-01
    1.792054e-01   -1.783908e-03    1.397943e-01
   -1.792056e-01    1.726788e-03    1.397983e-01
   -7.588370e-01    4.394867e-03   -3.906790e-01
    7.588521e-01   -4.233745e-03   -3.906591e-01
   -1.511010e-05   -1.935775e-04    9.399181e-01
    1.488476e-02    2.443678e-02    4.376655e-02
   -1.488597e-02   -2.445483e-02    4.375534e-02
    1.648771e-02   -7.207553e-03   -3.207583e-03
   -1.648676e-02    7.208900e-03   -3.206050e-03
    1.131018e-02    3.604592e-03    1.081326e-02
   -1.131182e-02   -3.609010e-03    1.080902e-02
   -2.293241e-06   -6.719159e-06    3.244764e-02

Tue Dec 20 15:12:45 2022
Mission success
