Evaluation for diabatz
Yifan Shen 2021

Echo of user command line input:
/home/yshen/Software/Mine/diabatz/tools/eval/v1/eval.exe -d default pretrain-IntCoordDef pretrain-SAS.in pretrain-Hd.in pretrain-Hd.net pretrain-11.in pretrain-12.in pretrain-13.in pretrain-14.in pretrain-22.in pretrain-23.in pretrain-24.in pretrain-33.in pretrain-34.in pretrain-44.in default IntCoordDef SAS.in Hd.in Hd.net 11.in 12.in 13.in 14.in 22.in 23.in 24.in 33.in 34.in 44.in -x /home/yshen/C6H7N-aniline/Columbus/other/plot/C-NH2_oop/mex-B1-B2_somewhat-min-A1/3/geom.xyz -a -g

Tue Dec 20 15:12:45 2022

energy =
    9.003341e-03    1.828454e-01    1.880354e-01    2.407022e-01

states are:
   -9.999785e-01   -1.613627e-07    6.562774e-03   -3.378804e-08
   -6.562774e-03   -3.933172e-07   -9.999785e-01    1.156749e-07
   -1.644768e-07    9.998563e-01   -3.902289e-07    1.695072e-02
   -3.024450e-08   -1.695072e-02    1.225264e-07    9.998563e-01

energy gradient of state 1 =
    1.397352e-02    9.541722e-04    3.841984e-07
   -2.302700e-02   -3.840803e-03   -1.180805e-06
   -3.860783e-02    1.496962e-03   -2.952056e-02
   -3.860834e-02    1.481986e-03    2.952037e-02
    3.449660e-02    1.709429e-04   -2.974170e-02
    3.449592e-02    1.557419e-04    2.974269e-02
    1.468532e-02   -3.087848e-04    1.132132e-07
    1.151590e-03   -2.598440e-04    6.974799e-03
    1.151775e-03   -2.562816e-04   -6.974936e-03
    1.603557e-04    4.768543e-04    2.356511e-04
    1.603609e-04    4.769621e-04   -2.352479e-04
    4.120239e-04   -4.379056e-04    6.002699e-04
    4.119841e-04   -4.376066e-04   -6.007543e-04
   -8.563005e-04    3.276046e-04    1.077019e-07

energy gradient of state 2 =
   -6.376775e-03    1.202364e-02    3.009182e-06
    9.084920e-03   -6.551700e-03   -1.695604e-06
   -1.620514e-02    3.161523e-04    1.555278e-03
   -1.620495e-02    3.169698e-04   -1.555467e-03
    1.421745e-02    7.582455e-04   -3.548077e-03
    1.421727e-02    7.564295e-04    3.548987e-03
   -1.005748e-03   -1.401069e-04   -2.390430e-08
    1.215609e-03   -3.759269e-03    8.670675e-03
    1.215825e-03   -3.754838e-03   -8.672592e-03
    1.284334e-04    3.172948e-04   -1.253860e-03
    1.284359e-04    3.166520e-04    1.254143e-03
    2.746202e-05   -1.828495e-04   -3.334345e-04
    2.740963e-05   -1.830246e-04    3.330923e-04
   -4.702109e-04   -2.335965e-04   -3.339695e-08

energy gradient of state 3 =
   -5.331504e-02    3.064732e-02    7.301977e-06
    3.851129e-02   -1.564732e-02   -3.626041e-06
   -5.870245e-02   -6.071138e-04    9.627281e-04
   -5.870251e-02   -6.065350e-04   -9.643032e-04
    4.886677e-02    8.141396e-04   -1.367967e-02
    4.886649e-02    8.071240e-04    1.368122e-02
    1.169332e-02    3.914449e-04    2.334091e-07
    1.010693e-02   -7.439028e-03    1.563641e-02
    1.010727e-02   -7.431052e-03   -1.564003e-02
   -3.401787e-04   -3.066090e-04   -1.702959e-03
   -3.401683e-04   -3.074956e-04    1.702879e-03
    1.373436e-03   -1.377076e-04    6.188871e-04
    1.373442e-03   -1.373973e-04   -6.191195e-04
    5.014011e-04   -3.977327e-05    3.043476e-08

energy gradient of state 4 =
   -2.728461e-02    4.272962e-03    8.218952e-07
    1.891753e-02   -1.488248e-03   -2.613004e-07
   -4.097470e-03   -1.532261e-03   -2.878222e-02
   -4.097923e-03   -1.546874e-03    2.878129e-02
   -6.762830e-03   -5.585199e-04   -4.047341e-02
   -6.763745e-03   -5.791759e-04    4.047321e-02
    1.111515e-02    2.409635e-04    1.992292e-07
    6.487415e-03    1.027658e-04    1.013068e-02
    6.487651e-03    1.079423e-04   -1.013052e-02
   -2.076959e-04    7.651032e-05   -2.762661e-03
   -2.077233e-04    7.508422e-05    2.762818e-03
    1.755009e-03    1.842619e-04    5.740729e-04
    1.754976e-03    1.845493e-04   -5.741995e-04
    2.904273e-03    4.600405e-04    1.834296e-07

nonadiabatic coupling between state 1 and 2 =
   -1.228630e-06   -2.211426e-05    8.671108e-02
    6.299141e-06    1.609220e-04   -6.311095e-01
   -4.538843e-01   -1.936623e-02    2.501838e-01
    4.538799e-01    1.923858e-02    2.502031e-01
    4.546310e-01   -1.359245e-03    2.792024e-01
   -4.546366e-01    1.216916e-03    2.791936e-01
    5.657777e-06    1.486031e-04   -5.828866e-01
    1.046955e-02    5.257956e-03    7.869781e-04
   -1.046958e-02   -5.258371e-03    7.840770e-04
    1.470132e-03    3.223784e-03    1.061621e-02
   -1.470430e-03   -3.229172e-03    1.061471e-02
    1.770525e-02    1.756460e-03    1.796602e-02
   -1.770561e-02   -1.765615e-03    1.796477e-02
   -6.798765e-08   -2.466333e-06    9.769300e-03

nonadiabatic coupling between state 1 and 3 =
    2.422070e-02   -5.709565e-02   -1.436748e-05
    2.222889e-02    1.066152e-01    2.782035e-05
    1.302215e-03    5.842741e-02    1.185095e-02
    1.301842e-03    5.843326e-02   -1.182148e-02
   -1.875232e-03   -1.333505e-03    7.550348e-03
   -1.874469e-03   -1.329584e-03   -7.551430e-03
    2.208939e-03   -6.781704e-02   -1.687233e-05
   -3.353887e-02   -2.815485e-02   -7.577018e-02
   -3.354035e-02   -2.819347e-02    7.575516e-02
    3.099089e-03   -1.464809e-02    1.713250e-03
    3.099127e-03   -1.464713e-02   -1.720691e-03
    4.839497e-03   -8.443980e-04    1.901790e-04
    4.839517e-03   -8.443168e-04   -1.905390e-04
    3.689106e-03   -8.567802e-03   -2.153596e-06

nonadiabatic coupling between state 1 and 4 =
   -2.802457e-09    1.183923e-07   -4.991097e-04
   -1.811764e-07   -4.155573e-06    1.643401e-02
    5.803438e-03   -6.225020e-02   -7.964898e-03
   -5.803269e-03    6.225422e-02   -7.933198e-03
   -7.099689e-03   -4.763861e-02   -5.847089e-03
    7.099781e-03    4.764157e-02   -5.822680e-03
   -1.185682e-07   -3.380559e-06    1.333484e-02
    6.175942e-03    3.968520e-03    1.310924e-03
   -6.175969e-03   -3.969189e-03    1.308745e-03
   -9.268622e-04    3.548640e-02   -1.885465e-03
    9.269181e-04   -3.548544e-02   -1.903572e-03
    6.696910e-05    2.646902e-02   -7.122824e-04
   -6.694251e-05   -2.646865e-02   -7.257646e-04
   -1.447623e-08   -2.252108e-07    9.055431e-04

nonadiabatic coupling between state 2 and 3 =
    7.560384e-06    2.621271e-04   -1.022474e+00
    2.045998e-06    3.425616e-05   -1.324912e-01
   -1.107157e-02    1.499288e+00    3.148145e-01
    1.106115e-02   -1.499448e+00    3.140497e-01
   -3.848135e-01   -6.368787e-01   -7.188260e-02
    3.848177e-01    6.369153e-01   -7.154893e-02
   -2.261583e-06   -8.841661e-05    3.457166e-01
   -1.247118e-01   -3.395310e-01    4.398114e-02
    1.247126e-01    3.395073e-01    4.415688e-02
   -1.355511e-01   -3.700063e-01    1.377207e-01
    1.355475e-01    3.699359e-01    1.379124e-01
   -9.809342e-02    2.623405e-02    2.362367e-02
    9.809375e-02   -2.624652e-02    2.361251e-02
    1.250488e-06    2.238426e-05   -8.719149e-02

nonadiabatic coupling between state 2 and 4 =
   -8.470467e-02    6.091278e-03    6.462383e-07
    6.424564e-02   -1.925961e-01   -4.866207e-05
   -2.123322e-04    5.229912e-02    3.715959e-03
   -2.123879e-04    5.230106e-02   -3.689204e-03
   -2.000794e-02    4.998623e-02   -9.320754e-03
   -2.000760e-02    4.998159e-02    9.345596e-03
    2.433276e-02   -6.221532e-02   -1.530576e-05
    2.193921e-02    1.952518e-02    4.548908e-02
    2.194009e-02    1.954838e-02   -4.547861e-02
   -6.558226e-03    1.004375e-02   -9.492289e-03
   -6.558418e-03    1.003885e-02    9.497284e-03
    5.520904e-03   -3.233906e-04    5.138751e-03
    5.521007e-03   -3.208359e-04   -5.138791e-03
   -5.238031e-03   -1.435981e-02   -3.701586e-06

nonadiabatic coupling between state 3 and 4 =
   -9.239553e-07    1.955683e-05   -7.644612e-02
    5.166393e-06    1.345691e-04   -5.280588e-01
    1.750290e-01   -2.143943e-03    1.469951e-01
   -1.750298e-01    2.068924e-03    1.469966e-01
   -7.689148e-01    6.145231e-03   -3.953193e-01
    7.689242e-01   -5.943648e-03   -3.953084e-01
   -1.000994e-05   -2.431279e-04    9.536588e-01
    1.490896e-02    2.838193e-02    4.861860e-02
   -1.491005e-02   -2.840669e-02    4.860367e-02
    1.618324e-02   -7.798786e-03   -3.322342e-03
   -1.618284e-02    7.800490e-03   -3.319133e-03
    1.109843e-02    3.815409e-03    1.183369e-02
   -1.109924e-02   -3.821394e-03    1.183060e-02
   -1.400054e-06   -8.526152e-06    3.323698e-02

Tue Dec 20 15:12:46 2022
Mission success
