Evaluation for diabatz
Yifan Shen 2021

Echo of user command line input:
/home/yshen/Software/Mine/diabatz/tools/eval/v1/eval.exe -d default pretrain-IntCoordDef pretrain-SAS.in pretrain-Hd.in pretrain-Hd.net pretrain-11.in pretrain-12.in pretrain-13.in pretrain-14.in pretrain-22.in pretrain-23.in pretrain-24.in pretrain-33.in pretrain-34.in pretrain-44.in default IntCoordDef SAS.in Hd.in Hd.net 11.in 12.in 13.in 14.in 22.in 23.in 24.in 33.in 34.in 44.in -x /home/yshen/C6H7N-aniline/Columbus/other/plot/C-NH2_oop/mex-B1-B2_somewhat-min-A1/4/geom.xyz -a -g

Tue Dec 20 15:12:46 2022

energy =
    9.609749e-03    1.836251e-01    1.897980e-01    2.413296e-01

states are:
    9.999647e-01    9.366782e-07    8.401948e-03    3.033314e-08
    8.401948e-03   -1.255134e-06   -9.999647e-01   -1.926357e-06
   -9.262040e-07    9.998372e-01   -1.297520e-06    1.804579e-02
    2.567578e-09   -1.804579e-02   -1.903439e-06    9.998372e-01

energy gradient of state 1 =
    1.378530e-02    2.600002e-03    9.001214e-07
   -2.353462e-02   -4.529712e-03   -1.746617e-06
   -4.015083e-02    1.661516e-03   -2.969766e-02
   -4.015188e-02    1.646571e-03    2.969832e-02
    3.602305e-02    1.509929e-04   -3.026607e-02
    3.602334e-02    1.352802e-04    3.026666e-02
    1.499160e-02   -3.660844e-04    2.892909e-07
    1.311952e-03   -8.450908e-04    9.611998e-03
    1.312123e-03   -8.401822e-04   -9.612391e-03
    1.478411e-04    4.834711e-04    1.191347e-04
    1.477550e-04    4.835073e-04   -1.190059e-04
    4.709464e-04   -4.540954e-04    5.183452e-04
    4.707122e-04   -4.537651e-04   -5.188507e-04
   -8.472926e-04    3.275894e-04    8.780345e-08

energy gradient of state 2 =
   -7.009336e-03    1.445291e-02    3.669720e-06
    9.798741e-03   -7.510823e-03   -1.943413e-06
   -1.838985e-02    3.610532e-04    1.777859e-03
   -1.839047e-02    3.619977e-04   -1.777617e-03
    1.621406e-02    7.848500e-04   -3.981565e-03
    1.621524e-02    7.827254e-04    3.981754e-03
   -1.250937e-03   -1.441812e-04    5.698840e-07
    1.429135e-03   -4.575105e-03    1.130950e-02
    1.429362e-03   -4.569316e-03   -1.131181e-02
    1.473484e-04    3.419311e-04   -1.405227e-03
    1.472122e-04    3.412105e-04    1.405299e-03
    6.575868e-05   -1.932816e-04   -3.792747e-04
    6.550296e-05   -1.934463e-04    3.788386e-04
   -4.717634e-04   -2.405275e-04   -5.222163e-08

energy gradient of state 3 =
   -5.368078e-02    3.152202e-02    7.613145e-06
    3.859259e-02   -1.653706e-02   -3.974752e-06
   -6.037920e-02   -5.383417e-04    1.300758e-03
   -6.037967e-02   -5.374458e-04   -1.301845e-03
    5.038398e-02    8.421496e-04   -1.394334e-02
    5.038478e-02    8.347224e-04    1.394419e-02
    1.191172e-02    3.419393e-04    7.755976e-07
    1.022062e-02   -7.509067e-03    1.780697e-02
    1.022097e-02   -7.499969e-03   -1.781063e-02
   -3.246301e-04   -2.898846e-04   -1.763434e-03
   -3.248414e-04   -2.908224e-04    1.763285e-03
    1.406104e-03   -1.594820e-04    5.742345e-04
    1.405859e-03   -1.591034e-04   -5.746187e-04
    5.625071e-04   -1.965801e-05    1.061402e-08

energy gradient of state 4 =
   -2.712931e-02    4.591986e-03    9.637830e-07
    1.839612e-02   -1.590285e-03   -6.163302e-07
   -5.291616e-03   -1.621441e-03   -2.898486e-02
   -5.292581e-03   -1.636059e-03    2.898462e-02
   -5.645934e-03   -5.525057e-04   -4.094178e-02
   -5.645650e-03   -5.736582e-04    4.094099e-02
    1.123745e-02    2.110377e-04    6.600390e-07
    6.540080e-03    9.715280e-05    1.268050e-02
    6.540302e-03    1.036090e-04   -1.268031e-02
   -1.026823e-04    3.541956e-05   -2.881485e-03
   -1.028161e-04    3.392386e-05    2.881309e-03
    1.802207e-03    1.976346e-04    5.255183e-04
    1.801982e-03    1.979882e-04   -5.256851e-04
    2.892446e-03    5.051961e-04    1.805621e-07

nonadiabatic coupling between state 1 and 2 =
   -1.748850e-08    2.122075e-05   -8.295286e-02
   -7.023930e-06   -1.614510e-04    6.323110e-01
    4.545199e-01    1.881137e-02   -2.517124e-01
   -4.545130e-01   -1.868278e-02   -2.517284e-01
   -4.549706e-01    2.204116e-03   -2.799000e-01
    4.549762e-01   -2.061518e-03   -2.798940e-01
   -6.036816e-06   -1.486050e-04    5.828876e-01
   -9.970300e-03   -5.703286e-03   -1.521777e-03
    9.970439e-03    5.704200e-03   -1.519121e-03
   -1.275093e-03   -3.290019e-03   -1.066057e-02
    1.275280e-03    3.295432e-03   -1.065884e-02
   -1.734107e-02   -1.673487e-03   -1.786777e-02
    1.734169e-02    1.682561e-03   -1.786625e-02
   -4.572491e-07    2.251705e-06   -8.916782e-03

nonadiabatic coupling between state 1 and 3 =
   -2.311535e-02    5.915559e-02    1.499745e-05
   -2.385925e-02   -1.094763e-01   -2.920110e-05
   -8.950184e-04   -5.919859e-02   -1.228780e-02
   -8.936541e-04   -5.920537e-02    1.225846e-02
    1.942077e-03    1.683641e-03   -8.117046e-03
    1.940299e-03    1.680055e-03    8.118924e-03
   -2.233895e-03    6.863842e-02    1.642324e-05
    3.403827e-02    2.857334e-02    7.545767e-02
    3.403972e-02    2.861178e-02   -7.544243e-02
   -3.323012e-03    1.458230e-02   -2.055906e-03
   -3.323060e-03    1.458147e-02    2.063308e-03
   -5.174798e-03    8.201114e-04    1.669724e-04
   -5.174842e-03    8.199915e-04   -1.665770e-04
   -3.967489e-03    8.733595e-03    2.208680e-06

nonadiabatic coupling between state 1 and 4 =
   -6.145636e-08   -2.328557e-07    1.121065e-03
    1.616959e-07    4.475434e-06   -1.741805e-02
   -6.178346e-03    6.303087e-02    8.303493e-03
    6.178210e-03   -6.303546e-02    8.271456e-03
    7.895016e-03    4.770224e-02    6.428838e-03
   -7.895065e-03   -4.770562e-02    6.404391e-03
    8.409852e-08    3.965370e-06   -1.468879e-02
   -6.434479e-03   -3.848317e-03   -1.552254e-03
    6.434584e-03    3.849197e-03   -1.550295e-03
    9.319855e-04   -3.572527e-02    2.027292e-03
   -9.320410e-04    3.572427e-02    2.045550e-03
   -1.014202e-04   -2.685968e-02    7.389084e-04
    1.013724e-04    2.685932e-02    7.525785e-04
   -6.589699e-10    2.367738e-07   -8.841810e-04

nonadiabatic coupling between state 2 and 3 =
    3.821070e-06    2.351853e-04   -8.905105e-01
    1.932089e-06    1.466032e-05   -8.956492e-02
    1.635510e-02    1.276867e+00    2.603440e-01
   -1.637221e-02   -1.276996e+00    2.596951e-01
   -3.624812e-01   -5.393085e-01   -7.642948e-02
    3.624938e-01    5.393486e-01   -7.614582e-02
   -1.066590e-06   -8.422629e-05    3.304099e-01
   -1.068887e-01   -2.939010e-01    3.937766e-02
    1.068907e-01    2.938776e-01    3.952819e-02
   -1.178618e-01   -3.079705e-01    1.206690e-01
    1.178589e-01    3.079087e-01    1.208287e-01
   -8.438739e-02    1.665125e-02    1.842402e-02
    8.438707e-02   -1.666091e-02    1.841879e-02
    1.113603e-06    1.904959e-05   -7.504465e-02

nonadiabatic coupling between state 2 and 4 =
   -8.304302e-02    3.829478e-03   -1.566022e-09
    6.416806e-02   -1.876967e-01   -4.790665e-05
   -1.187667e-03    4.985628e-02    4.762723e-03
   -1.188159e-03    4.985790e-02   -4.736850e-03
   -1.911686e-02    4.933201e-02   -8.226416e-03
   -1.911494e-02    4.932761e-02    8.250140e-03
    2.437519e-02   -6.073169e-02   -1.397721e-05
    2.156822e-02    2.031646e-02    4.441890e-02
    2.156917e-02    2.033908e-02   -4.440808e-02
   -6.756532e-03    1.019635e-02   -9.714222e-03
   -6.756714e-03    1.019180e-02    9.719327e-03
    5.539895e-03   -4.348221e-04    5.534458e-03
    5.540066e-03   -4.318225e-04   -5.534476e-03
   -5.596707e-03   -1.395190e-02   -3.615857e-06

nonadiabatic coupling between state 3 and 4 =
    3.661731e-06    2.385816e-05   -9.090895e-02
    4.801117e-06    1.396423e-04   -5.465929e-01
    1.704298e-01   -2.461463e-03    1.546922e-01
   -1.704362e-01    2.382278e-03    1.546811e-01
   -7.794287e-01    7.937644e-03   -4.001161e-01
    7.794388e-01   -7.733844e-03   -4.001085e-01
   -1.184015e-05   -2.468196e-04    9.679887e-01
    1.488226e-02    3.273270e-02    5.365043e-02
   -1.488320e-02   -3.276072e-02    5.363356e-02
    1.583045e-02   -8.421400e-03   -3.423399e-03
   -1.583307e-02    8.423423e-03   -3.415307e-03
    1.086944e-02    4.032508e-03    1.292184e-02
   -1.086818e-02   -4.039126e-03    1.292201e-02
    1.964703e-06   -8.681029e-06    3.407520e-02

Tue Dec 20 15:12:47 2022
Mission success
