Evaluation for diabatz
Yifan Shen 2021

Echo of user command line input:
/home/yshen/Software/Mine/diabatz/tools/eval/v1/eval.exe -d default pretrain-IntCoordDef pretrain-SAS.in pretrain-Hd.in pretrain-Hd.net pretrain-11.in pretrain-12.in pretrain-13.in pretrain-14.in pretrain-22.in pretrain-23.in pretrain-24.in pretrain-33.in pretrain-34.in pretrain-44.in default IntCoordDef SAS.in Hd.in Hd.net 11.in 12.in 13.in 14.in 22.in 23.in 24.in 33.in 34.in 44.in -x /home/yshen/C6H7N-aniline/Columbus/other/plot/C-NH2_oop/mex-B1-B2_somewhat-min-A1/5/geom.xyz -a -g

Tue Dec 20 15:12:48 2022

energy =
    1.038065e-02    1.845926e-01    1.916813e-01    2.420729e-01

states are:
    9.999463e-01    3.306775e-07   -1.036353e-02    1.428088e-08
    1.036353e-02    1.534650e-06    9.999463e-01    1.520458e-06
   -3.470749e-07    9.998173e-01   -1.559917e-06    1.911288e-02
   -2.340809e-08   -1.911288e-02   -1.490686e-06    9.998173e-01

energy gradient of state 1 =
    1.357590e-02    4.318064e-03    8.604601e-07
   -2.409263e-02   -5.258861e-03   -1.194526e-06
   -4.170387e-02    1.835972e-03   -2.988241e-02
   -4.170375e-02    1.820532e-03    2.988188e-02
    3.755848e-02    1.286227e-04   -3.079489e-02
    3.755706e-02    1.131239e-04    3.079565e-02
    1.530101e-02   -4.273931e-04   -5.676258e-08
    1.504472e-03   -1.450077e-03    1.243620e-02
    1.504615e-03   -1.443922e-03   -1.243665e-02
    1.370648e-04    4.888851e-04    4.958179e-06
    1.369642e-04    4.889305e-04   -4.444078e-06
    5.300532e-04   -4.700820e-04    4.367896e-04
    5.302120e-04   -4.698961e-04   -4.367936e-04
   -8.355766e-04    3.261016e-04    8.653763e-08

energy gradient of state 2 =
   -7.706613e-03    1.699246e-02    3.820361e-06
    1.047832e-02   -8.535886e-03   -1.022234e-06
   -2.057017e-02    4.132656e-04    1.996027e-03
   -2.057028e-02    4.142072e-04   -1.997544e-03
    1.820846e-02    8.061691e-04   -4.407554e-03
    1.820803e-02    8.039834e-04    4.408445e-03
   -1.504542e-03   -1.455625e-04   -3.175794e-07
    1.692095e-03   -5.417247e-03    1.415094e-02
    1.692269e-03   -5.410223e-03   -1.415337e-02
    1.686744e-04    3.677362e-04   -1.553727e-03
    1.684829e-04    3.669646e-04    1.554258e-03
    1.037583e-04   -2.037302e-04   -4.261196e-04
    1.038957e-04   -2.039604e-04    4.262178e-04
   -4.723895e-04   -2.481776e-04   -5.641880e-08

energy gradient of state 3 =
   -5.419487e-02    3.233671e-02    7.241268e-06
    3.870203e-02   -1.747402e-02   -3.444229e-06
   -6.212748e-02   -4.634508e-04    1.668724e-03
   -6.212706e-02   -4.628946e-04   -1.671112e-03
    5.197675e-02    8.751585e-04   -1.420702e-02
    5.197600e-02    8.681612e-04    1.420860e-02
    1.215247e-02    2.832257e-04    6.891336e-08
    1.038557e-02   -7.534487e-03    2.022902e-02
    1.038584e-02   -7.524341e-03   -2.023233e-02
   -3.116641e-04   -2.697038e-04   -1.828949e-03
   -3.118175e-04   -2.705651e-04    1.829090e-03
    1.435306e-03   -1.832903e-04    5.315621e-04
    1.435428e-03   -1.830698e-04   -5.314716e-04
    6.234913e-04    2.567830e-06    2.249256e-08

energy gradient of state 4 =
   -2.708641e-02    4.790046e-03    5.861719e-07
    1.809361e-02   -1.789502e-03    7.014426e-07
   -6.468075e-03   -1.656641e-03   -2.918515e-02
   -6.468618e-03   -1.671736e-03    2.918283e-02
   -4.547999e-03   -5.344817e-04   -4.136996e-02
   -4.549481e-03   -5.553855e-04    4.136982e-02
    1.125631e-02    1.555741e-04   -2.547274e-07
    6.629438e-03    1.545322e-04    1.545553e-02
    6.629640e-03    1.622453e-04   -1.545504e-02
    1.103282e-05   -5.978373e-06   -2.986689e-03
    1.078814e-05   -7.439905e-06    2.987104e-03
    1.820276e-03    2.062464e-04    4.782779e-04
    1.820431e-03    2.064392e-04   -4.779270e-04
    2.849051e-03    5.460823e-04    1.741924e-07

nonadiabatic coupling between state 1 and 2 =
    1.396642e-08    2.008125e-05   -7.912873e-02
   -6.050952e-06   -1.614490e-04    6.335263e-01
    4.551637e-01    1.819633e-02   -2.532602e-01
   -4.551577e-01   -1.806741e-02   -2.532786e-01
   -4.553059e-01    3.054314e-03   -2.806167e-01
    4.553117e-01   -2.911077e-03   -2.806100e-01
   -5.978077e-06   -1.486461e-04    5.828671e-01
   -9.449284e-03   -6.164498e-03   -2.253057e-03
    9.449282e-03    6.165649e-03   -2.249606e-03
   -1.075307e-03   -3.352770e-03   -1.071355e-02
    1.075078e-03    3.358297e-03   -1.071101e-02
   -1.695689e-02   -1.581266e-03   -1.777098e-02
    1.695751e-02    1.590359e-03   -1.776937e-02
   -9.569952e-08    2.087817e-06   -8.031648e-03

nonadiabatic coupling between state 1 and 3 =
    2.191289e-02   -6.132201e-02   -1.511207e-05
    2.553027e-02    1.123811e-01    2.768581e-05
    4.570179e-04    6.001999e-02    1.272023e-02
    4.592969e-04    6.002695e-02   -1.268855e-02
   -1.996331e-03   -2.067390e-03    8.696218e-03
   -1.998116e-03   -2.062938e-03   -8.696090e-03
    2.260392e-03   -6.946780e-02   -1.898483e-05
   -3.449770e-02   -2.896695e-02   -7.495653e-02
   -3.449908e-02   -2.900495e-02    7.494081e-02
    3.550366e-03   -1.452369e-02    2.412000e-03
    3.550403e-03   -1.452267e-02   -2.419263e-03
    5.510173e-03   -7.893690e-04   -5.370957e-04
    5.510103e-03   -7.897269e-04    5.368887e-04
    4.250322e-03   -8.910566e-03   -2.206892e-06

nonadiabatic coupling between state 1 and 4 =
    7.619169e-08   -5.217391e-07    1.816326e-03
    1.644421e-07    4.935395e-06   -1.845700e-02
   -6.582690e-03    6.385505e-02    8.649374e-03
    6.582523e-03   -6.385931e-02    8.617110e-03
    8.737530e-03    4.777696e-02    7.046175e-03
   -8.737766e-03   -4.778061e-02    7.021511e-03
    2.317639e-07    4.056514e-06   -1.612737e-02
   -6.684341e-03   -3.731317e-03   -1.812101e-03
    6.684255e-03    3.732103e-03   -1.809776e-03
    9.398350e-04   -3.598335e-02    2.175032e-03
   -9.398379e-04    3.598222e-02    2.193281e-03
   -1.344102e-04   -2.727151e-02    7.651352e-04
    1.344354e-04    2.727108e-02    7.790959e-04
   -6.143245e-09    2.097181e-07   -8.567939e-04

nonadiabatic coupling between state 2 and 3 =
   -1.326019e-05   -2.008814e-04    7.996968e-01
    1.597851e-06   -1.380363e-05    5.751208e-02
   -3.843498e-02   -1.124723e+00   -2.216647e-01
    3.842737e-02    1.124835e+00   -2.210920e-01
    3.516782e-01    4.728913e-01    8.169342e-02
   -3.516713e-01   -4.729341e-01    8.144696e-02
    6.134928e-06    8.282153e-05   -3.247174e-01
    9.439349e-02    2.618343e-01   -3.570522e-02
   -9.439002e-02   -2.618187e-01   -3.584167e-02
    1.058607e-01    2.652474e-01   -1.093030e-01
   -1.058596e-01   -2.651908e-01   -1.094399e-01
    7.499899e-02   -9.618746e-03   -1.462733e-02
   -7.499781e-02    9.625793e-03   -1.462278e-02
    4.920792e-07   -1.661073e-05    6.666482e-02

nonadiabatic coupling between state 2 and 4 =
   -8.099168e-02    1.604390e-03   -2.735306e-07
    6.389373e-02   -1.822691e-01   -4.502150e-05
   -2.276889e-03    4.721919e-02    5.877143e-03
   -2.276129e-03    4.722249e-02   -5.853563e-03
   -1.809516e-02    4.857946e-02   -7.044221e-03
   -1.809775e-02    4.857566e-02    7.069888e-03
    2.440742e-02   -5.910614e-02   -1.634758e-05
    2.110091e-02    2.103586e-02    4.314758e-02
    2.110181e-02    2.105789e-02   -4.313651e-02
   -6.960723e-03    1.032628e-02   -9.939430e-03
   -6.960925e-03    1.032114e-02    9.944519e-03
    5.554779e-03   -5.321037e-04    5.953916e-03
    5.554869e-03   -5.290088e-04   -5.954167e-03
   -5.954255e-03   -1.350598e-02   -3.512529e-06

nonadiabatic coupling between state 3 and 4 =
   -6.335693e-06   -2.630115e-05    1.059964e-01
   -6.156091e-06   -1.449140e-04    5.664045e-01
   -1.653849e-01    2.735123e-03   -1.629071e-01
    1.653920e-01   -2.652164e-03   -1.628987e-01
    7.904121e-01   -9.795632e-03    4.050847e-01
   -7.904133e-01    9.589012e-03    4.050672e-01
    7.497019e-06    2.506626e-04   -9.829472e-01
   -1.480094e-02   -3.750215e-02   -5.884497e-02
    1.480246e-02    3.753206e-02   -5.882664e-02
   -1.543192e-02    9.077408e-03    3.504455e-03
    1.543157e-02   -9.079115e-03    3.501147e-03
   -1.062092e-02   -4.254583e-03   -1.408413e-02
    1.062005e-02    4.261750e-03   -1.408393e-02
   -1.160963e-06    8.853045e-06   -3.496565e-02

Tue Dec 20 15:12:49 2022
Mission success
