Evaluation for diabatz
Yifan Shen 2021

Echo of user command line input:
/home/yshen/Software/Mine/diabatz/tools/eval/v1/eval.exe -d default pretrain-IntCoordDef pretrain-SAS.in pretrain-Hd.in pretrain-Hd.net pretrain-11.in pretrain-12.in pretrain-13.in pretrain-14.in pretrain-22.in pretrain-23.in pretrain-24.in pretrain-33.in pretrain-34.in pretrain-44.in default IntCoordDef SAS.in Hd.in Hd.net 11.in 12.in 13.in 14.in 22.in 23.in 24.in 33.in 34.in 44.in -x /home/yshen/C6H7N-aniline/Columbus/other/plot/C-NH2_oop/mex-B1-B2_somewhat-min-A1/6/geom.xyz -a -g

Tue Dec 20 15:12:49 2022

energy =
    1.133325e-02    1.857661e-01    1.937005e-01    2.429442e-01

states are:
    9.999226e-01   -1.174023e-06   -1.244251e-02    3.241407e-08
    1.244251e-02    4.512705e-07    9.999226e-01    1.459400e-07
    1.167391e-06    9.997971e-01   -4.686805e-07    2.014563e-02
   -5.775696e-08   -2.014563e-02   -1.361112e-07    9.997971e-01

energy gradient of state 1 =
    1.332971e-02    6.110166e-03   -2.382329e-06
   -2.468961e-02   -6.072343e-03    6.579827e-06
   -4.328223e-02    1.945507e-03   -3.005532e-02
   -4.325843e-02    1.912929e-03    3.009070e-02
    3.908728e-02    1.885747e-04   -3.134278e-02
    3.911139e-02    1.546069e-04    3.131242e-02
    1.561260e-02   -4.628517e-04   -6.424355e-06
    1.741876e-03   -2.065841e-03    1.544474e-02
    1.729673e-03   -2.049356e-03   -1.544795e-02
    1.278320e-04    4.935242e-04   -1.066434e-04
    1.278661e-04    4.933977e-04    1.072548e-04
    5.913973e-04   -4.851058e-04    3.541506e-04
    5.912790e-04   -4.846908e-04   -3.548207e-04
   -8.206385e-04    3.214833e-04    4.677562e-07

energy gradient of state 2 =
   -8.506264e-03    1.959839e-02    1.344032e-05
    1.113532e-02   -9.601714e-03   -1.015619e-05
   -2.274400e-02    4.281063e-04    2.219962e-03
   -2.274444e-02    4.305324e-04   -2.201265e-03
    2.019184e-02    8.622564e-04   -4.833427e-03
    2.019451e-02    8.570092e-04    4.818607e-03
   -1.765585e-03   -1.468915e-04    3.617201e-07
    2.025980e-03   -6.274749e-03    1.719053e-02
    2.012393e-03   -6.256391e-03   -1.719848e-02
    1.913152e-04    3.955445e-04   -1.698783e-03
    1.926899e-04    3.936940e-04    1.699104e-03
    1.431354e-04   -2.138132e-04   -4.752758e-04
    1.437031e-04   -2.143158e-04    4.753764e-04
   -4.705896e-04   -2.576560e-04    1.414438e-08

energy gradient of state 3 =
   -5.493570e-02    3.298010e-02    3.882546e-05
    3.888274e-02   -1.838900e-02   -2.531482e-05
   -6.395662e-02   -5.059052e-04    2.095796e-03
   -6.395776e-02   -5.036642e-04   -2.046375e-03
    5.364533e-02    1.021116e-03   -1.449449e-02
    5.365597e-02    1.005398e-03    1.445385e-02
    1.241484e-02    2.383901e-04   -5.075315e-06
    1.063162e-02   -7.496055e-03    2.291153e-02
    1.061354e-02   -7.471457e-03   -2.292754e-02
   -3.020411e-04   -2.458595e-04   -1.900431e-03
   -3.004860e-04   -2.479335e-04    1.900407e-03
    1.462473e-03   -2.069741e-04    4.897858e-04
    1.462318e-03   -2.064072e-04   -4.906950e-04
    6.837665e-04    2.825439e-05   -2.837388e-07

energy gradient of state 4 =
   -2.713154e-02    4.764245e-03    1.266519e-05
    1.799144e-02   -2.046385e-03   -8.472141e-06
   -7.638783e-03   -1.641692e-03   -2.938685e-02
   -7.614953e-03   -1.673504e-03    2.939121e-02
   -3.486679e-03   -4.975246e-04   -4.176435e-02
   -3.454720e-03   -5.428123e-04    4.176631e-02
    1.117754e-02    9.694623e-05   -4.349316e-06
    6.751717e-03    3.010974e-04    1.843540e-02
    6.737151e-03    3.208072e-04   -1.843995e-02
    1.350596e-04   -4.574381e-05   -3.077650e-03
    1.374743e-04   -4.908689e-05    3.077604e-03
    1.809969e-03    2.129815e-04    4.308697e-04
    1.809812e-03    2.134797e-04   -4.316501e-04
    2.776514e-03    5.871915e-04   -7.928992e-07

nonadiabatic coupling between state 1 and 2 =
   -2.791625e-05    4.065995e-05   -7.525512e-02
    2.481843e-04   -3.435654e-04    6.347507e-01
    4.556702e-01    1.847024e-02   -2.549990e-01
   -4.558717e-01   -1.819415e-02   -2.546658e-01
   -4.557477e-01    3.116137e-03   -2.811631e-01
    4.555283e-01   -2.811422e-03   -2.815191e-01
    2.278288e-04   -3.157102e-04    5.828178e-01
   -8.897055e-03   -6.655528e-03   -2.975377e-03
    8.894670e-03    6.658685e-03   -2.974659e-03
   -8.691794e-04   -3.411327e-03   -1.077570e-02
    8.610474e-04    3.422926e-03   -1.077322e-02
   -1.655757e-02   -1.507047e-03   -1.766963e-02
    1.654318e-02    1.526230e-03   -1.768180e-02
   -2.369355e-06    3.869367e-06   -7.115942e-03

nonadiabatic coupling between state 1 and 3 =
    2.073998e-02   -6.355837e-02   -4.249333e-05
    2.701920e-02    1.153770e-01    5.170884e-05
   -1.185131e-04    6.088538e-02    1.316422e-02
   -1.284540e-04    6.089878e-02   -1.309796e-02
   -2.031180e-03   -2.490868e-03    9.283863e-03
   -2.038742e-03   -2.480368e-03   -9.284788e-03
    2.423527e-03   -7.029733e-02   -3.922603e-05
   -3.489177e-02   -2.937608e-02   -7.427055e-02
   -3.483381e-02   -2.945667e-02    7.426594e-02
    3.808706e-03   -1.446653e-02    2.773038e-03
    3.806535e-03   -1.446313e-02   -2.791716e-03
    5.845018e-03   -7.407150e-04   -9.205253e-04
    5.845711e-03   -7.418136e-04    9.151901e-04
    4.553785e-03   -9.089297e-03   -6.698213e-06

nonadiabatic coupling between state 1 and 4 =
    9.636414e-07   -1.441429e-06    2.584925e-03
   -7.614535e-06    1.036035e-05   -1.955223e-02
   -7.136804e-03    6.470615e-02    9.024725e-03
    7.143726e-03   -6.471571e-02    8.948980e-03
    9.538655e-03    4.787971e-02    7.708309e-03
   -9.532663e-03   -4.788788e-02    7.663941e-03
   -6.868598e-06    9.444535e-06   -1.764975e-02
   -6.918207e-03   -3.631111e-03   -2.087487e-03
    6.916686e-03    3.633466e-03   -2.089179e-03
    1.020803e-03   -3.625979e-02    2.317553e-03
   -1.018991e-03    3.625724e-02    2.357638e-03
   -1.126088e-04   -2.770505e-02    7.831224e-04
    1.132282e-04    2.770418e-02    8.130274e-04
   -3.060333e-07    4.412725e-07   -8.235701e-04

nonadiabatic coupling between state 2 and 3 =
    2.848401e-04   -3.937311e-04    7.334163e-01
    1.306164e-05   -2.315853e-05    3.184223e-02
   -5.563481e-02   -1.014917e+00   -1.926875e-01
    5.548236e-02    1.015126e+00   -1.916281e-01
    3.474262e-01    4.259355e-01    8.756889e-02
   -3.473542e-01   -4.260279e-01    8.737837e-02
   -1.264231e-04    1.766116e-04   -3.252511e-01
    8.460505e-02    2.379404e-01   -3.238430e-02
   -8.463055e-02   -2.379060e-01   -3.257728e-02
    9.682097e-02    2.343782e-01   -1.013667e-01
   -9.690005e-02   -2.342678e-01   -1.015453e-01
    6.822076e-02   -3.949647e-03   -1.168514e-02
   -6.823019e-02    3.961648e-03   -1.162853e-02
    2.296014e-05   -3.342650e-05    6.054809e-02

nonadiabatic coupling between state 2 and 4 =
   -7.860939e-02   -6.843877e-04    3.024355e-05
    6.378520e-02   -1.762539e-01   -1.199299e-04
   -3.554866e-03    4.439763e-02    7.071981e-03
   -3.560358e-03    4.440564e-02   -7.021349e-03
   -1.705395e-02    4.771443e-02   -5.767698e-03
   -1.705000e-02    4.770866e-02    5.832866e-03
    2.454874e-02   -5.731489e-02   -4.090190e-05
    2.052904e-02    2.169519e-02    4.170607e-02
    2.049642e-02    2.174049e-02   -4.169851e-02
   -7.197733e-03    1.042502e-02   -1.016576e-02
   -7.189765e-03    1.041365e-02    1.018259e-02
    5.573208e-03   -6.076523e-04    6.395238e-03
    5.568255e-03   -6.009849e-04   -6.400230e-03
   -6.284790e-03   -1.303885e-02   -4.616932e-06

nonadiabatic coupling between state 3 and 4 =
    5.588058e-05   -6.656718e-05    1.216787e-01
    2.299980e-04   -3.173322e-04    5.876017e-01
   -1.599852e-01    2.698991e-03   -1.716033e-01
    1.598430e-01   -2.513277e-03   -1.717485e-01
    8.021370e-01   -1.030326e-02    4.099274e-01
   -8.018222e-01    9.859036e-03    4.105681e-01
   -3.896056e-04    5.408606e-04   -9.986444e-01
   -1.460695e-02   -4.271496e-02   -6.419705e-02
    1.455662e-02    4.278437e-02   -6.416069e-02
   -1.500013e-02    9.739748e-03    3.580872e-03
    1.500068e-02   -9.743519e-03    3.561768e-03
   -1.034884e-02   -4.496884e-03   -1.532573e-02
    1.033938e-02    4.513407e-03   -1.532457e-02
   -9.591442e-06    1.939467e-05   -3.591435e-02

Tue Dec 20 15:12:50 2022
Mission success
