Evaluation for diabatz
Yifan Shen 2021

Echo of user command line input:
/home/yshen/Software/Mine/diabatz/tools/eval/v1/eval.exe -d default pretrain-IntCoordDef pretrain-SAS.in pretrain-Hd.in pretrain-Hd.net pretrain-11.in pretrain-12.in pretrain-13.in pretrain-14.in pretrain-22.in pretrain-23.in pretrain-24.in pretrain-33.in pretrain-34.in pretrain-44.in default IntCoordDef SAS.in Hd.in Hd.net 11.in 12.in 13.in 14.in 22.in 23.in 24.in 33.in 34.in 44.in -x /home/yshen/C6H7N-aniline/Columbus/other/plot/C-NH2_oop/mex-B1-B2_somewhat-min-A1/7/geom.xyz -a -g

Tue Dec 20 15:12:50 2022

energy =
    1.248478e-02    1.871632e-01    1.958728e-01    2.439553e-01

states are:
   -9.998929e-01    8.421123e-07    1.463313e-02   -1.011475e-07
   -1.463313e-02    3.833625e-07   -9.998929e-01    1.194497e-07
    8.453415e-07    9.997765e-01    3.734720e-07    2.113985e-02
   -1.172854e-07   -2.113985e-02    1.130471e-07    9.997765e-01

energy gradient of state 1 =
    1.305825e-02    7.898365e-03   -2.486061e-07
   -2.534231e-02   -6.873266e-03    5.950522e-06
   -4.485553e-02    2.136518e-03   -3.025045e-02
   -4.483231e-02    2.103712e-03    3.028798e-02
    4.063773e-02    1.648583e-04   -3.187989e-02
    4.066301e-02    1.305188e-04    3.184867e-02
    1.592418e-02   -5.313532e-04   -6.663717e-06
    2.008070e-03   -2.679468e-03    1.863753e-02
    1.993837e-03   -2.658941e-03   -1.864252e-02
    1.213070e-04    4.968337e-04   -2.162348e-04
    1.216695e-04    4.965744e-04    2.165220e-04
    6.523892e-04   -5.008078e-04    2.716009e-04
    6.520918e-04   -5.005636e-04   -2.728182e-04
   -8.023737e-04    3.170184e-04    5.772435e-07

energy gradient of state 2 =
   -9.342622e-03    2.227091e-02    1.628388e-05
    1.173329e-02   -1.074519e-02   -9.842897e-06
   -2.490638e-02    4.897965e-04    2.428307e-03
   -2.490946e-02    4.924052e-04   -2.408926e-03
    2.216879e-02    8.760157e-04   -5.244543e-03
    2.217380e-02    8.704009e-04    5.228526e-03
   -2.032466e-03   -1.410851e-04    6.197413e-07
    2.397584e-03   -7.132530e-03    2.042990e-02
    2.381972e-03   -7.110046e-03   -2.044005e-02
    2.173408e-04    4.236215e-04   -1.839689e-03
    2.188813e-04    4.216232e-04    1.839941e-03
    1.837196e-04   -2.240456e-04   -5.265212e-04
    1.839987e-04   -2.246380e-04    5.258537e-04
   -4.684388e-04   -2.672383e-04    1.342578e-07

energy gradient of state 3 =
   -5.579874e-02    3.365557e-02    4.053422e-05
    3.907890e-02   -1.943649e-02   -2.566595e-05
   -6.588138e-02   -4.217179e-04    2.532213e-03
   -6.588373e-02   -4.190611e-04   -2.481468e-03
    5.541737e-02    1.068089e-03   -1.476885e-02
    5.542943e-02    1.052306e-03    1.472706e-02
    1.269986e-02    1.600352e-04   -4.877460e-06
    1.091890e-02   -7.416213e-03    2.588330e-02
    1.089899e-02   -7.387843e-03   -2.590036e-02
   -2.968389e-04   -2.184094e-04   -1.978776e-03
   -2.952091e-04   -2.205626e-04    1.978776e-03
    1.485753e-03   -2.356184e-04    4.515854e-04
    1.485241e-03   -2.351902e-04   -4.533052e-04
    7.414646e-04    5.510599e-05   -1.603225e-07

energy gradient of state 4 =
   -2.721525e-02    4.570977e-03    1.369244e-05
    1.805794e-02   -2.418977e-03   -8.012444e-06
   -8.791290e-03   -1.565530e-03   -2.960601e-02
   -8.769085e-03   -1.597616e-03    2.961074e-02
   -2.424798e-03   -4.515656e-04   -4.213761e-02
   -2.391310e-03   -4.970226e-04    4.213946e-02
    1.101631e-02   -4.890456e-06   -4.533726e-06
    6.881166e-03    5.371657e-04    2.160781e-02
    6.864619e-03    5.609374e-04   -2.161313e-02
    2.721181e-04   -8.544424e-05   -3.153419e-03
    2.747161e-04   -8.888332e-05    3.153042e-03
    1.772651e-03    2.116028e-04    3.855454e-04
    1.772236e-03    2.119547e-04   -3.869513e-04
    2.679979e-03    6.172915e-04   -6.179352e-07

nonadiabatic coupling between state 1 and 2 =
    2.915636e-05   -3.865585e-05    7.134916e-02
   -2.477623e-04    3.445380e-04   -6.359870e-01
   -4.563144e-01   -1.774413e-02    2.565793e-01
    4.565123e-01    1.746640e-02    2.562403e-01
    4.560572e-01   -3.972788e-03    2.818970e-01
   -4.558370e-01    3.667272e-03    2.822589e-01
   -2.267832e-04    3.155622e-04   -5.827368e-01
    8.338659e-03    7.140167e-03    3.688636e-03
   -8.335803e-03   -7.144201e-03    3.687609e-03
    6.612722e-04    3.468179e-03    1.084551e-02
   -6.525911e-04   -3.479917e-03    1.084176e-02
    1.613531e-02    1.397568e-03    1.757685e-02
   -1.612204e-02   -1.416644e-03    1.758724e-02
    2.547720e-06   -3.351568e-06    6.171611e-03

nonadiabatic coupling between state 1 and 3 =
    1.936053e-02   -6.594866e-02   -4.325542e-05
    2.876047e-02    1.183588e-01    5.274528e-05
   -6.153762e-04    6.179525e-02    1.358833e-02
   -6.256760e-04    6.181039e-02   -1.352078e-02
   -2.055404e-03   -2.940753e-03    9.880318e-03
   -2.063367e-03   -2.930329e-03   -9.881721e-03
    2.456271e-03   -7.113235e-02   -3.964239e-05
   -3.527251e-02   -2.970616e-02   -7.341777e-02
   -3.521512e-02   -2.978534e-02    7.341298e-02
    4.039163e-03   -1.442260e-02    3.147716e-03
    4.036704e-03   -1.441945e-02   -3.166443e-03
    6.175539e-03   -6.959032e-04   -1.309768e-03
    6.176566e-03   -6.972595e-04    1.304209e-03
    4.842210e-03   -9.285637e-03   -6.922000e-06

nonadiabatic coupling between state 1 and 4 =
   -1.367088e-06    1.814312e-06   -3.426674e-03
    8.090357e-06   -1.139841e-05    2.070374e-02
    7.600264e-03   -6.561527e-02   -9.386749e-03
   -7.607653e-03    6.562549e-02   -9.309780e-03
   -1.047424e-02   -4.798059e-02   -8.394412e-03
    1.046768e-02    4.798978e-02   -8.350580e-03
    7.536386e-06   -1.047980e-05    1.925399e-02
    7.148397e-03    3.524371e-03    2.382295e-03
   -7.146464e-03   -3.526863e-03    2.383840e-03
   -1.034931e-03    3.655737e-02   -2.476469e-03
    1.033000e-03   -3.655467e-02   -2.516866e-03
    1.417840e-04    2.815970e-02   -8.083769e-04
   -1.424178e-04   -2.815882e-02   -8.387615e-04
    3.141901e-07   -4.290189e-07    7.848033e-04

nonadiabatic coupling between state 2 and 3 =
   -2.652019e-04    3.705061e-04   -6.826557e-01
   -5.506943e-06    3.378259e-06   -1.014042e-02
    7.311921e-02    9.323214e-01    1.694102e-01
   -7.298180e-02   -9.325044e-01    1.684600e-01
   -3.491096e-01   -3.905381e-01   -9.402010e-02
    3.490338e-01    3.906414e-01   -9.387102e-02
    1.280653e-04   -1.783607e-04    3.301685e-01
   -7.734861e-02   -2.188394e-01    2.916228e-02
    7.737096e-02    2.188076e-01    2.933770e-02
   -9.055767e-02   -2.108015e-01    9.572536e-02
    9.063218e-02    2.106984e-01    9.588268e-02
   -6.311997e-02   -6.390828e-04    9.236889e-03
    6.312683e-02    6.284680e-04    9.187171e-03
   -2.268029e-05    2.974157e-05   -5.588360e-02

nonadiabatic coupling between state 2 and 4 =
   -7.596123e-02   -2.677988e-03    2.824395e-05
    6.318611e-02   -1.699758e-01   -1.167441e-04
   -4.845209e-03    4.142769e-02    8.317520e-03
   -4.851241e-03    4.143650e-02   -8.268830e-03
   -1.581152e-02    4.682234e-02   -4.444902e-03
   -1.580887e-02    4.681710e-02    4.508499e-03
    2.458189e-02   -5.547926e-02   -4.024077e-05
    1.991955e-02    2.222501e-02    4.013293e-02
    1.988830e-02    2.226840e-02   -4.012441e-02
   -7.422559e-03    1.051739e-02   -1.040891e-02
   -7.414447e-03    1.050631e-02    1.042617e-02
    5.592076e-03   -6.813676e-04    6.862981e-03
    5.586677e-03   -6.737571e-04   -6.868114e-03
   -6.639508e-03   -1.253255e-02   -4.198386e-06

nonadiabatic coupling between state 3 and 4 =
   -4.577279e-05    7.413257e-05   -1.379290e-01
   -2.375142e-04    3.313422e-04   -6.104066e-01
    1.540327e-01   -2.870873e-03    1.810250e-01
   -1.538992e-01    2.674608e-03    1.811323e-01
   -8.143818e-01    1.228246e-02   -4.153719e-01
    8.140514e-01   -1.183185e-02   -4.160148e-01
    3.969864e-04   -5.498566e-04    1.015258e+00
    1.440079e-02    4.836787e-02    6.968205e-02
   -1.434674e-02   -4.844350e-02    6.964214e-02
    1.450098e-02   -1.047365e-02   -3.635985e-03
   -1.450527e-02    1.047739e-02   -3.611271e-03
    1.006592e-02    4.726742e-03    1.664666e-02
   -1.005072e-02   -4.744714e-03    1.665319e-02
    1.834288e-05   -2.011117e-05    3.693000e-02

Tue Dec 20 15:12:51 2022
Mission success
