Evaluation for diabatz
Yifan Shen 2021

Echo of user command line input:
/home/yshen/Software/Mine/diabatz/tools/eval/v1/eval.exe -d default pretrain-IntCoordDef pretrain-SAS.in pretrain-Hd.in pretrain-Hd.net pretrain-11.in pretrain-12.in pretrain-13.in pretrain-14.in pretrain-22.in pretrain-23.in pretrain-24.in pretrain-33.in pretrain-34.in pretrain-44.in default IntCoordDef SAS.in Hd.in Hd.net 11.in 12.in 13.in 14.in 22.in 23.in 24.in 33.in 34.in 44.in -x /home/yshen/C6H7N-aniline/Columbus/other/plot/C-NH2_oop/mex-B1-B2_somewhat-min-A1/8/geom.xyz -a -g

Tue Dec 20 15:12:51 2022

energy =
    1.385180e-02    1.888012e-01    1.982165e-01    2.451168e-01

states are:
   -9.998567e-01   -1.108960e-06    1.692930e-02    1.168899e-07
   -1.692930e-02   -2.886627e-07   -9.998567e-01    4.526091e-08
   -1.110817e-06    9.997559e-01   -2.688255e-07    2.209376e-02
    1.422163e-07   -2.209376e-02    4.922694e-08    9.997559e-01

energy gradient of state 1 =
    1.275124e-02    9.681053e-03   -4.465794e-07
   -2.603887e-02   -7.703293e-03    5.765090e-06
   -4.643814e-02    2.337131e-03   -3.045097e-02
   -4.641470e-02    2.304361e-03    3.048878e-02
    4.219457e-02    1.390561e-04   -3.242162e-02
    4.221905e-02    1.041909e-04    3.238916e-02
    1.623726e-02   -6.039712e-04   -6.580764e-06
    2.312459e-03   -3.278865e-03    2.201338e-02
    2.295093e-03   -3.255777e-03   -2.201780e-02
    1.172470e-04    4.990710e-04   -3.230593e-04
    1.172604e-04    4.987499e-04    3.237787e-04
    7.139288e-04   -5.165033e-04    1.894199e-04
    7.139287e-04   -5.162386e-04   -1.903037e-04
   -7.803184e-04    3.110356e-04    4.949153e-07

energy gradient of state 2 =
   -1.024531e-02    2.496235e-02    1.655148e-05
    1.228277e-02   -1.194003e-02   -1.195191e-05
   -2.705674e-02    5.577069e-04    2.630503e-03
   -2.705764e-02    5.604900e-04   -2.608567e-03
    2.413213e-02    8.836334e-04   -5.648461e-03
    2.413553e-02    8.775535e-04    5.630735e-03
   -2.301622e-03   -1.305576e-04    6.107997e-07
    2.824470e-03   -7.976299e-03    2.386553e-02
    2.805650e-03   -7.951233e-03   -2.387535e-02
    2.454587e-04    4.526143e-04   -1.975596e-03
    2.468229e-04    4.505061e-04    1.976056e-03
    2.260099e-04   -2.340957e-04   -5.789764e-04
    2.266309e-04   -2.346892e-04    5.788679e-04
   -4.641645e-04   -2.779502e-04    5.125501e-08

energy gradient of state 3 =
   -5.685966e-02    3.425585e-02    3.932910e-05
    3.933269e-02   -2.054805e-02   -2.644005e-05
   -6.791113e-02   -3.302683e-04    3.004337e-03
   -6.791307e-02   -3.270976e-04   -2.952513e-03
    5.729423e-02    1.120267e-03   -1.505469e-02
    5.730520e-02    1.104022e-03    1.501189e-02
    1.300794e-02    7.063546e-05   -5.217224e-06
    1.127634e-02   -7.274955e-03    2.915628e-02
    1.125361e-02   -7.244190e-03   -2.917184e-02
   -2.969224e-04   -1.874812e-04   -2.064685e-03
   -2.954975e-04   -1.896823e-04    2.064866e-03
    1.504987e-03   -2.670286e-04    4.185553e-04
    1.504884e-03   -2.665090e-04   -4.196411e-04
    7.963857e-04    8.448523e-05   -2.318238e-07

energy gradient of state 4 =
   -2.730991e-02    4.119451e-03    1.181231e-05
    1.826321e-02   -2.856499e-03   -9.047674e-06
   -9.943779e-03   -1.435382e-03   -2.984684e-02
   -9.920221e-03   -1.467454e-03    2.985331e-02
   -1.373616e-03   -3.937356e-04   -4.250039e-02
   -1.341740e-03   -4.394687e-04    4.250053e-02
    1.079401e-02   -1.243953e-04   -4.207174e-06
    7.010327e-03    8.846295e-04    2.495750e-02
    6.990756e-03    9.108274e-04   -2.496101e-02
    4.212103e-04   -1.238823e-04   -3.213195e-03
    4.234621e-04   -1.272981e-04    3.212957e-03
    1.710667e-03    2.056241e-04    3.430823e-04
    1.710579e-03    2.060613e-04   -3.438763e-04
    2.565039e-03    6.415218e-04   -6.077417e-07

nonadiabatic coupling between state 1 and 2 =
    2.454964e-05   -3.624577e-05    6.742709e-02
   -2.435161e-04    3.417835e-04   -6.372296e-01
   -4.569419e-01   -1.696490e-02    2.581572e-01
    4.571409e-01    1.668816e-02    2.578279e-01
    4.563382e-01   -4.828437e-03    2.826413e-01
   -4.561226e-01    4.524943e-03    2.829924e-01
   -2.228353e-04    3.126042e-04   -5.826160e-01
    7.765888e-03    7.633474e-03    4.388822e-03
   -7.762451e-03   -7.638060e-03    4.386346e-03
    4.502368e-04    3.522689e-03    1.092333e-02
   -4.422429e-04   -3.534402e-03    1.092057e-02
    1.569681e-02    1.280723e-03    1.748399e-02
   -1.568280e-02   -1.299509e-03    1.749558e-02
    1.750764e-06   -2.832931e-06    5.201161e-03

nonadiabatic coupling between state 1 and 3 =
    1.789223e-02   -6.845380e-02   -4.348601e-05
    3.053635e-02    1.213666e-01    5.335117e-05
   -1.145494e-03    6.274508e-02    1.400964e-02
   -1.156105e-03    6.275964e-02   -1.394134e-02
   -2.057860e-03   -3.424261e-03    1.048386e-02
   -2.065931e-03   -3.412624e-03   -1.048595e-02
    2.492421e-03   -7.196407e-02   -3.962090e-05
   -3.561112e-02   -2.999434e-02   -7.239420e-02
   -3.555603e-02   -3.007264e-02    7.238917e-02
    4.269301e-03   -1.438699e-02    3.527691e-03
    4.266588e-03   -1.438284e-02   -3.546424e-03
    6.501547e-03   -6.437429e-04   -1.705041e-03
    6.502833e-03   -6.456666e-04    1.699394e-03
    5.131273e-03   -9.490343e-03   -7.039167e-06

nonadiabatic coupling between state 1 and 4 =
   -1.630017e-06    2.392524e-06   -4.340619e-03
    8.366926e-06   -1.147460e-05    2.191161e-02
    8.091461e-03   -6.656839e-02   -9.756331e-03
   -8.098768e-03    6.657861e-02   -9.678724e-03
   -1.145402e-02   -4.809590e-02   -9.113236e-03
    1.144712e-02    4.810550e-02   -9.070390e-03
    7.943223e-06   -1.115724e-05    2.093777e-02
    7.367352e-03    3.424172e-03    2.693258e-03
   -7.365384e-03   -3.427178e-03    2.695518e-03
   -1.052147e-03    3.687554e-02   -2.641044e-03
    1.050090e-03   -3.687269e-02   -2.681388e-03
    1.693119e-04    2.863623e-02   -8.332553e-04
   -1.699779e-04   -2.863530e-02   -8.638623e-04
    2.730706e-07   -3.755206e-07    7.406960e-04

nonadiabatic coupling between state 2 and 3 =
   -2.459832e-04    3.429062e-04   -6.420744e-01
    6.094620e-06   -1.732833e-06    9.001808e-03
    8.954591e-02    8.681314e-01    1.501454e-01
   -8.943796e-02   -8.682939e-01    1.492796e-01
   -3.545370e-01   -3.634940e-01   -1.010152e-01
    3.544632e-01    3.636012e-01   -1.008938e-01
    1.297954e-04   -1.819475e-04    3.383973e-01
   -7.143440e-02   -2.029376e-01    2.576962e-02
    7.145328e-02    2.029104e-01    2.593353e-02
   -8.581969e-02   -1.923523e-01    9.164584e-02
    8.589025e-02    1.922539e-01    9.178668e-02
   -5.916931e-02   -4.618578e-03    7.129773e-03
    5.917490e-02    4.611769e-03    7.090261e-03
   -1.913528e-05    2.854816e-05   -5.219649e-02

nonadiabatic coupling between state 2 and 4 =
   -7.312287e-02   -4.481330e-03    2.548797e-05
    6.248131e-02   -1.634031e-01   -1.113881e-04
   -6.226647e-03    3.832616e-02    9.628107e-03
   -6.234363e-03    3.833679e-02   -9.582308e-03
   -1.447827e-02    4.589204e-02   -3.062471e-03
   -1.447522e-02    4.588920e-02    3.122272e-03
    2.462213e-02   -5.358332e-02   -3.761257e-05
    1.927100e-02    2.264219e-02    3.846102e-02
    1.924160e-02    2.268359e-02   -3.845137e-02
   -7.661501e-03    1.059861e-02   -1.066743e-02
   -7.653335e-03    1.058684e-02    1.068453e-02
    5.617891e-03   -7.456449e-04    7.355329e-03
    5.612297e-03   -7.379916e-04   -7.360393e-03
   -6.994030e-03   -1.200409e-02   -3.771606e-06

nonadiabatic coupling between state 3 and 4 =
   -6.791722e-05    8.346423e-05   -1.547415e-01
   -2.423918e-04    3.399148e-04   -6.350202e-01
    1.476658e-01   -2.967683e-03    1.911035e-01
   -1.475118e-01    2.762732e-03    1.912360e-01
   -8.275233e-01    1.433633e-02   -4.211858e-01
    8.272074e-01   -1.388448e-02   -4.218381e-01
    3.936674e-04   -5.541896e-04    1.033038e+00
    1.413330e-02    5.449562e-02    7.530784e-02
   -1.407544e-02   -5.457602e-02    7.525865e-02
    1.395560e-02   -1.125342e-02   -3.672621e-03
   -1.395664e-02    1.125737e-02   -3.652114e-03
    9.759113e-03    4.961425e-03    1.807224e-02
   -9.747731e-03   -4.980852e-03    1.807029e-02
    1.022495e-05   -2.020501e-05    3.802427e-02

Tue Dec 20 15:12:52 2022
Mission success
