Evaluation for diabatz
Yifan Shen 2021

Echo of user command line input:
/home/yshen/Software/Mine/diabatz/tools/eval/v1/eval.exe -d default pretrain-IntCoordDef pretrain-SAS.in pretrain-Hd.in pretrain-Hd.net pretrain-11.in pretrain-12.in pretrain-13.in pretrain-14.in pretrain-22.in pretrain-23.in pretrain-24.in pretrain-33.in pretrain-34.in pretrain-44.in default IntCoordDef SAS.in Hd.in Hd.net 11.in 12.in 13.in 14.in 22.in 23.in 24.in 33.in 34.in 44.in -x /home/yshen/C6H7N-aniline/Columbus/other/plot/C-NH2_oop/mex-B1-B2_somewhat-min-A1/9/geom.xyz -a -g

Tue Dec 20 15:12:53 2022

energy =
    1.545154e-02    1.906970e-01    2.007527e-01    2.464395e-01

states are:
   -9.998133e-01    1.572707e-06    1.932464e-02    9.017056e-08
   -1.932464e-02    1.435013e-06   -9.998133e-01   -9.631883e-07
    1.601367e-06    9.997353e-01    1.381785e-06    2.300713e-02
    3.470678e-08   -2.300713e-02   -9.968057e-07    9.997353e-01

energy gradient of state 1 =
    1.240596e-02    1.142963e-02    1.620472e-06
   -2.677826e-02   -8.557724e-03    5.422930e-06
   -4.803056e-02    2.547916e-03   -3.065813e-02
   -4.800767e-02    2.515067e-03    3.069799e-02
    4.375714e-02    1.107293e-04   -3.296598e-02
    4.378279e-02    7.517736e-05    3.293305e-02
    1.655362e-02   -6.806837e-04   -6.354243e-06
    2.654246e-03   -3.853798e-03    2.556717e-02
    2.634901e-03   -3.826248e-03   -2.557352e-02
    1.153469e-04    5.003365e-04   -4.266917e-04
    1.159775e-04    4.998741e-04    4.268650e-04
    7.766354e-04   -5.320419e-04    1.061288e-04
    7.762439e-04   -5.318597e-04   -1.079177e-04
   -7.563636e-04    3.036248e-04    3.643987e-07

energy gradient of state 2 =
   -1.121174e-02    2.763883e-02    1.925810e-05
    1.277725e-02   -1.317977e-02   -1.124070e-05
   -2.918848e-02    6.316258e-04    2.819826e-03
   -2.919214e-02    6.346818e-04   -2.797286e-03
    2.607549e-02    8.845476e-04   -6.043317e-03
    2.608146e-02    8.779676e-04    6.024484e-03
   -2.567983e-03   -1.146934e-04    1.570633e-06
    3.305496e-03   -8.793654e-03    2.749035e-02
    3.284709e-03   -8.764029e-03   -2.750250e-02
    2.754523e-04    4.824008e-04   -2.104985e-03
    2.772647e-04    4.801352e-04    2.105117e-03
    2.715301e-04   -2.437991e-04   -6.348568e-04
    2.716620e-04   -2.444467e-04    6.336318e-04
   -4.599586e-04   -2.898030e-04   -5.420796e-08

energy gradient of state 3 =
   -5.813244e-02    3.477908e-02    4.096869e-05
    3.965145e-02   -2.173030e-02   -2.647513e-05
   -7.005625e-02   -2.302466e-04    3.508771e-03
   -7.005970e-02   -2.265552e-04   -3.455609e-03
    5.928393e-02    1.176205e-03   -1.535515e-02
    5.929657e-02    1.159575e-03    1.531115e-02
    1.334074e-02   -2.994065e-05   -4.347444e-06
    1.170872e-02   -7.069652e-03    3.274302e-02
    1.168387e-02   -7.034359e-03   -3.275972e-02
   -3.028316e-04   -1.531914e-04   -2.157682e-03
   -3.009809e-04   -1.554849e-04    2.157633e-03
    1.520981e-03   -3.011481e-04    3.894790e-04
    1.520325e-03   -3.006478e-04   -3.917020e-04
    8.456048e-04    1.166598e-04   -3.471177e-07

energy gradient of state 4 =
   -2.738267e-02    3.380803e-03    1.249002e-05
    1.857017e-02   -3.339533e-03   -8.612735e-06
   -1.110588e-02   -1.255995e-03   -3.012031e-02
   -1.108399e-02   -1.288305e-03    3.012740e-02
   -3.271812e-04   -3.258682e-04   -4.286121e-02
   -2.934993e-04   -3.720713e-04    4.286144e-02
    1.053861e-02   -2.562140e-04   -3.706112e-06
    7.124364e-03    1.349708e-03    2.847072e-02
    7.102778e-03    1.380374e-03   -2.847490e-02
    5.809741e-04   -1.608070e-04   -3.256232e-03
    5.837649e-04   -1.642844e-04    3.255327e-03
    1.628746e-03    1.959076e-04    3.022238e-04
    1.628173e-03    1.963126e-04   -3.039731e-04
    2.435638e-03    6.599727e-04   -6.505007e-07

nonadiabatic coupling between state 1 and 2 =
    2.553503e-05   -3.384481e-05    6.350576e-02
   -2.429997e-04    3.426056e-04   -6.384822e-01
   -4.575585e-01   -1.613613e-02    2.597484e-01
    4.577539e-01    1.585733e-02    2.594137e-01
    4.566003e-01   -5.686496e-03    2.833785e-01
   -4.563835e-01    5.382233e-03    2.837360e-01
   -2.218316e-04    3.126689e-04   -5.824566e-01
    7.181374e-03    8.132222e-03    5.071923e-03
   -7.177565e-03   -8.137867e-03    5.068836e-03
    2.358352e-04    3.575013e-03    1.100792e-02
   -2.271373e-04   -3.586813e-03    1.100364e-02
    1.524147e-02    1.156835e-03    1.739400e-02
   -1.522905e-02   -1.175493e-03    1.740313e-02
    2.109661e-06   -2.267160e-06    4.206872e-03

nonadiabatic coupling between state 1 and 3 =
    1.633265e-02   -7.107592e-02   -4.423233e-05
    3.234522e-02    1.243896e-01    5.381229e-05
   -1.712986e-03    6.372669e-02    1.442988e-02
   -1.722775e-03    6.374304e-02   -1.435955e-02
   -2.032694e-03   -3.938568e-03    1.109336e-02
   -2.042230e-03   -3.927316e-03   -1.109531e-02
    2.532486e-03   -7.278798e-02   -4.071183e-05
   -3.590562e-02   -3.023392e-02   -7.119830e-02
   -3.585086e-02   -3.030968e-02    7.119291e-02
    4.497842e-03   -1.435820e-02    3.910146e-03
    4.494844e-03   -1.435448e-02   -3.928904e-03
    6.821527e-03   -5.845337e-04   -2.104418e-03
    6.823102e-03   -5.865779e-04    2.098601e-03
    5.419491e-03   -9.702215e-03   -7.279826e-06

nonadiabatic coupling between state 1 and 4 =
   -2.067772e-06    2.737653e-06   -5.325386e-03
    8.880076e-06   -1.274947e-05    2.317476e-02
    8.607531e-03   -6.756593e-02   -1.013355e-02
   -8.615276e-03    6.757718e-02   -1.005467e-02
   -1.247617e-02   -4.822613e-02   -9.863801e-03
    1.246865e-02    4.823691e-02   -9.821474e-03
    8.669540e-06   -1.238033e-05    2.269817e-02
    7.574863e-03    3.331984e-03    3.020484e-03
   -7.572517e-03   -3.335129e-03    3.022485e-03
   -1.072447e-03    3.721526e-02   -2.810888e-03
    1.070246e-03   -3.721227e-02   -2.851626e-03
    1.953357e-04    2.913502e-02   -8.574440e-04
   -1.960004e-04   -2.913411e-02   -8.885752e-04
    3.013664e-07   -3.913210e-07    6.915196e-04

nonadiabatic coupling between state 2 and 3 =
   -2.270570e-04    3.293401e-04   -6.081684e-01
    5.027122e-06   -1.974112e-05    2.646635e-02
    1.053852e-01    8.166982e-01    1.336087e-01
   -1.052722e-01   -8.168397e-01    1.328170e-01
   -3.628321e-01   -3.423288e-01   -1.085036e-01
    3.627424e-01    3.424473e-01   -1.084161e-01
    1.306507e-04   -1.871967e-04    3.491926e-01
   -6.643033e-02   -1.890811e-01    2.203713e-02
    6.644658e-02    1.890567e-01    2.218935e-02
   -8.215342e-02   -1.775072e-01    8.867585e-02
    8.222187e-02    1.774122e-01    8.880347e-02
   -5.602305e-02   -8.191294e-03    5.255149e-03
    5.602608e-02    8.185316e-03    5.222241e-03
   -1.972558e-05    2.595457e-05   -4.917963e-02

nonadiabatic coupling between state 2 and 4 =
   -7.016949e-02   -6.047000e-03    2.359631e-05
    6.170985e-02   -1.566373e-01   -1.068772e-04
   -7.690831e-03    3.511982e-02    1.100628e-02
   -7.699016e-03    3.513076e-02   -1.096306e-02
   -1.306404e-02    4.495194e-02   -1.621488e-03
   -1.306459e-02    4.494966e-02    1.680647e-03
    2.466748e-02   -5.166162e-02   -3.833600e-05
    1.860702e-02    2.293896e-02    3.672398e-02
    1.857914e-02    2.297844e-02   -3.671374e-02
   -7.917151e-03    1.067333e-02   -1.094489e-02
   -7.908745e-03    1.066203e-02    1.096246e-02
    5.653740e-03   -8.041775e-04    7.872521e-03
    5.647817e-03   -7.953874e-04   -7.877712e-03
   -7.351180e-03   -1.145947e-02   -3.395901e-06

nonadiabatic coupling between state 3 and 4 =
   -5.613307e-05    9.242656e-05   -1.721414e-01
   -2.529523e-04    3.560266e-04   -6.618254e-01
    1.408016e-01   -2.980001e-03    2.020368e-01
   -1.406566e-01    2.762911e-03    2.021275e-01
   -8.418351e-01    1.648387e-02   -4.275040e-01
    8.415048e-01   -1.602497e-02   -4.281612e-01
    4.007411e-04   -5.647929e-04    1.052327e+00
    1.380469e-02    6.112723e-02    8.107816e-02
   -1.374308e-02   -6.121508e-02    8.102432e-02
    1.335835e-02   -1.208695e-02   -3.699601e-03
   -1.336425e-02    1.209134e-02   -3.671958e-03
    9.441467e-03    5.201496e-03    1.959476e-02
   -9.423591e-03   -5.222556e-03    1.960128e-02
    2.010450e-05   -2.096325e-05    3.921352e-02

Tue Dec 20 15:12:54 2022
Mission success
