Evaluation for diabatz
Yifan Shen 2021

Echo of user command line input:
/home/yshen/Software/Mine/diabatz/tools/eval/v1/eval.exe -d default pretrain-IntCoordDef pretrain-SAS.in pretrain-Hd.in pretrain-Hd.net pretrain-11.in pretrain-12.in pretrain-13.in pretrain-14.in pretrain-22.in pretrain-23.in pretrain-24.in pretrain-33.in pretrain-34.in pretrain-44.in default IntCoordDef SAS.in Hd.in Hd.net 11.in 12.in 13.in 14.in 22.in 23.in 24.in 33.in 34.in 44.in -x /home/yshen/C6H7N-aniline/Columbus/other/plot/C-NH2_oop/min-B1_min-B2/1/geom.xyz -a -g

Tue Dec 20 15:12:34 2022

energy =
    1.042314e-02    1.648349e-01    1.863754e-01    2.388287e-01

states are:
   -9.999936e-01    3.565612e-03    0.000000e+00    0.000000e+00
    3.565612e-03    9.999936e-01    0.000000e+00    0.000000e+00
    0.000000e+00    0.000000e+00   -1.000000e+00    5.148945e-05
    0.000000e+00    0.000000e+00    5.148945e-05    1.000000e+00

energy gradient of state 1 =
   -4.802656e-03   -3.852577e-18    5.074393e-02
    2.325768e-03   -1.296265e-19   -4.597397e-02
    7.950854e-05   -2.690519e-02    7.325801e-03
    7.950854e-05    2.690519e-02    7.325801e-03
    3.335845e-06   -1.882948e-02   -6.181060e-03
    3.335845e-06    1.882948e-02   -6.181060e-03
   -2.990210e-05    5.705050e-19    3.599360e-03
    1.059342e-03   -1.462946e-02   -4.829648e-03
    1.059342e-03    1.462946e-02   -4.829648e-03
    1.278687e-04    3.026099e-03    1.150776e-03
    1.278687e-04   -3.026099e-03    1.150776e-03
   -8.333374e-05    1.666496e-03   -9.855688e-04
   -8.333374e-05   -1.666496e-03   -9.855688e-04
    1.333476e-04    2.420531e-23   -1.329917e-03

energy gradient of state 2 =
    1.233633e-02   -4.632522e-18   -2.250807e-02
   -3.825421e-03   -9.151455e-19    1.529147e-02
   -9.607720e-05    4.168714e-04   -1.644846e-02
   -9.607720e-05   -4.168714e-04   -1.644846e-02
   -2.625530e-05   -3.870770e-03    1.334517e-02
   -2.625530e-05    3.870770e-03    1.334517e-02
    1.090115e-04   -5.187405e-20    2.381047e-03
   -4.013603e-03    1.727720e-03    5.322129e-03
   -4.013603e-03   -1.727720e-03    5.322129e-03
   -1.519573e-04   -3.161455e-04    1.587027e-04
   -1.519573e-04    3.161455e-04    1.587027e-04
    1.253770e-05    8.514936e-04    2.359346e-04
    1.253770e-05   -8.514936e-04    2.359346e-04
   -6.921157e-05   -1.115792e-23   -3.913894e-04

energy gradient of state 3 =
   -2.195629e-03   -4.760763e-18    3.376105e-02
    1.319625e-03   -4.843712e-19   -2.973227e-02
   -3.551440e-04   -1.541590e-03    4.068584e-02
   -3.551440e-04    1.541590e-03    4.068584e-02
    4.785105e-04    7.399078e-03   -3.492896e-02
    4.785105e-04   -7.399078e-03   -3.492896e-02
    2.402155e-05   -5.920631e-19   -4.756788e-03
    3.190451e-04   -1.181558e-02   -4.659310e-03
    3.190451e-04    1.181558e-02   -4.659310e-03
    3.618191e-05    1.784054e-03    8.020362e-04
    3.618191e-05   -1.784054e-03    8.020362e-04
   -1.628639e-05    1.060961e-04   -1.200030e-03
   -1.628639e-05   -1.060961e-04   -1.200030e-03
   -7.263131e-05   -1.231270e-23   -6.711424e-04

energy gradient of state 4 =
    2.043387e-03   -5.424062e-19    1.949724e-03
   -8.459737e-04    1.604711e-19    6.971030e-03
   -1.642193e-04   -2.231298e-02    4.584558e-02
   -1.642193e-04    2.231298e-02    4.584558e-02
    4.523227e-04   -2.818188e-02   -5.065905e-02
    4.523227e-04    2.818188e-02   -5.065905e-02
   -2.072642e-04    7.744541e-19   -2.776773e-03
   -8.979319e-04   -8.300691e-03    1.645218e-03
   -8.979319e-04    8.300691e-03    1.645218e-03
    1.772685e-04   -4.627992e-04    1.375369e-04
    1.772685e-04    4.627992e-04    1.375369e-04
   -4.421642e-05    1.063279e-03   -4.196186e-04
   -4.421642e-05   -1.063279e-03   -4.196186e-04
   -3.659594e-05   -2.077099e-24    7.566900e-04

nonadiabatic coupling between state 1 and 2 =
    3.663664e-02    3.662560e-19   -1.191328e-02
   -6.159074e-02    1.508252e-20   -4.580161e-03
   -5.423659e-02   -2.864876e-03   -3.167703e-03
   -5.423659e-02    2.864876e-03   -3.167703e-03
   -2.725418e-03   -4.743941e-04    2.403152e-04
   -2.725418e-03    4.743941e-04    2.403152e-04
    5.908203e-02    1.485727e-19    8.168038e-05
    1.849128e-02    3.076714e-02    1.205647e-02
    1.849128e-02   -3.076714e-02    1.205647e-02
    1.665038e-02    2.941400e-04   -2.629819e-04
    1.665038e-02   -2.941400e-04   -2.629819e-04
    8.156091e-04   -1.629950e-03   -5.129764e-04
    8.156091e-04    1.629950e-03   -5.129764e-04
    7.881546e-03    1.437975e-21   -2.944997e-04

nonadiabatic coupling between state 1 and 3 =
    9.163914e-20   -1.292183e-01    1.541682e-18
    2.549118e-19    5.996535e-01    4.239163e-18
    1.979903e-03   -2.180753e-01    4.485852e-01
   -1.979903e-03   -2.180753e-01   -4.485852e-01
    4.309359e-03   -2.727908e-01   -4.512021e-01
   -4.309359e-03   -2.727908e-01    4.512021e-01
   -9.400836e-20    5.851552e-01   -1.465925e-17
   -1.383877e-04    8.684064e-03   -1.359925e-02
    1.383877e-04    8.684064e-03    1.359925e-02
   -1.002157e-03   -1.360437e-02   -5.656082e-03
    1.002157e-03   -1.360437e-02    5.656082e-03
   -6.735175e-04   -2.249055e-02   -1.932431e-02
    6.735175e-04   -2.249055e-02    1.932431e-02
   -6.066723e-22   -1.903656e-02    0.000000e+00

nonadiabatic coupling between state 1 and 4 =
   -1.156267e-20    1.378821e-03   -1.214095e-19
   -1.591432e-20    4.171717e-03    4.224718e-20
   -5.628477e-02   -2.334823e-03    9.412798e-04
    5.628477e-02   -2.334823e-03   -9.412798e-04
   -4.716257e-02   -8.190538e-04   -1.600373e-03
    4.716257e-02   -8.190538e-04    1.600373e-03
   -3.367536e-22    1.800381e-03   -5.249442e-20
    5.575128e-03   -2.823925e-04    1.237138e-03
   -5.575128e-03   -2.823925e-04   -1.237138e-03
    3.406187e-02   -2.233711e-04    1.852611e-04
   -3.406187e-02   -2.233711e-04   -1.852611e-04
    2.283846e-02   -1.791146e-04    2.118612e-04
   -2.283846e-02   -1.791146e-04   -2.118612e-04
    1.040806e-23    3.265910e-04    0.000000e+00

nonadiabatic coupling between state 2 and 3 =
    9.822296e-20   -3.658506e-02    1.594529e-18
    2.231241e-19   -3.711579e-02   -9.924797e-19
    2.037912e-01    3.019234e-02   -1.854271e-02
   -2.037912e-01    3.019234e-02    1.854271e-02
   -1.121194e-01    4.582347e-03   -6.891867e-03
    1.121194e-01    4.582347e-03    6.891867e-03
    6.350137e-22    1.205889e-03    9.878853e-20
   -1.999005e-03   -7.466442e-03   -8.747630e-03
    1.999005e-03   -7.466442e-03    8.747630e-03
   -7.719094e-02    7.970713e-03   -9.262646e-03
    7.719094e-02    7.970713e-03    9.262646e-03
    2.475004e-02    3.534463e-03   -6.034692e-03
   -2.475004e-02    3.534463e-03    6.034692e-03
   -1.635467e-22   -5.131875e-03    0.000000e+00

nonadiabatic coupling between state 2 and 4 =
   -5.644172e-20   -3.180564e-02    2.352779e-18
    3.153092e-19    2.899996e-01    2.718520e-18
    2.412332e-03   -5.531513e-02   -2.331185e-01
   -2.412332e-03   -5.531513e-02    2.331185e-01
   -7.024994e-03    3.344780e-01    6.657970e-01
    7.024994e-03    3.344780e-01   -6.657970e-01
    1.441115e-19   -7.826192e-01    2.246978e-17
   -1.632599e-05   -9.308300e-04   -1.027441e-02
    1.632599e-05   -9.308300e-04    1.027441e-02
    1.119782e-03   -2.480054e-03   -1.556102e-02
   -1.119782e-03   -2.480054e-03    1.556102e-02
   -4.226064e-04   -1.672111e-03   -1.193870e-02
    4.226064e-04   -1.672111e-03    1.193870e-02
   -7.563904e-22   -2.373452e-02    0.000000e+00

nonadiabatic coupling between state 3 and 4 =
   -2.510858e-02   -4.182807e-19    4.070633e-02
    2.069075e-01   -5.569002e-20   -2.420863e-02
   -6.736473e-02    2.883204e-03   -3.395029e-03
   -6.736473e-02   -2.883204e-03   -3.395029e-03
   -4.849973e-02    8.771554e-03    1.025619e-02
   -4.849973e-02   -8.771554e-03    1.025619e-02
    6.890757e-02   -4.747467e-19   -8.934326e-03
   -9.150753e-03   -2.198237e-02   -1.086842e-02
   -9.150753e-03    2.198237e-02   -1.086842e-02
   -5.284418e-03    3.189339e-03    2.003389e-03
   -5.284418e-03   -3.189339e-03    2.003389e-03
   -2.457872e-03   -9.544720e-04   -2.255411e-03
   -2.457872e-03    9.544720e-04   -2.255411e-03
    1.480852e-02    2.704359e-21    9.551883e-04

Tue Dec 20 15:12:35 2022
Mission success
