Evaluation for diabatz
Yifan Shen 2021

Echo of user command line input:
/home/yshen/Software/Mine/diabatz/tools/eval/v1/eval.exe -d default pretrain-IntCoordDef pretrain-SAS.in pretrain-Hd.in pretrain-Hd.net pretrain-11.in pretrain-12.in pretrain-13.in pretrain-14.in pretrain-22.in pretrain-23.in pretrain-24.in pretrain-33.in pretrain-34.in pretrain-44.in default IntCoordDef SAS.in Hd.in Hd.net 11.in 12.in 13.in 14.in 22.in 23.in 24.in 33.in 34.in 44.in -x /home/yshen/C6H7N-aniline/Columbus/other/plot/C-NH2_oop/min-B1_min-B2/2/geom.xyz -a -g

Tue Dec 20 15:12:35 2022

energy =
    9.305657e-03    1.672932e-01    1.842848e-01    2.379289e-01

states are:
   -9.999888e-01    4.727565e-03    0.000000e+00    0.000000e+00
    4.727565e-03    9.999888e-01    0.000000e+00    0.000000e+00
    0.000000e+00    0.000000e+00   -9.999994e-01    1.096253e-03
    0.000000e+00    0.000000e+00    1.096253e-03    9.999994e-01

energy gradient of state 1 =
   -6.909122e-03    2.910205e-19    4.018685e-02
    2.853307e-03   -7.241574e-19   -3.885940e-02
    2.624930e-04   -2.708972e-02   -2.090903e-03
    2.624930e-04    2.708972e-02   -2.090903e-03
   -1.126721e-04   -2.082468e-02    1.826429e-03
   -1.126721e-04    2.082468e-02    1.826429e-03
   -8.590841e-05    5.093868e-19    5.469321e-03
    1.755451e-03   -1.334159e-02   -2.799900e-03
    1.755451e-03    1.334159e-02   -2.799900e-03
    1.959676e-04    2.543658e-03    9.537043e-04
    1.959676e-04   -2.543658e-03    9.537043e-04
   -1.294622e-04    1.569077e-03   -6.883997e-04
   -1.294622e-04   -1.569077e-03   -6.883997e-04
    1.981697e-04   -3.457059e-23   -1.198626e-03

energy gradient of state 2 =
    1.708037e-02    5.395109e-19   -3.167626e-02
   -5.703371e-03   -1.366958e-18    2.132969e-02
   -3.089512e-05    1.774760e-04   -2.492450e-02
   -3.089512e-05   -1.774760e-04   -2.492450e-02
   -1.629363e-04   -6.130254e-03    2.042093e-02
   -1.629363e-04    6.130254e-03    2.042093e-02
    1.504858e-04    1.859551e-19    4.213246e-03
   -5.309875e-03    2.521766e-03    7.207225e-03
   -5.309875e-03   -2.521766e-03    7.207225e-03
   -2.281123e-04   -6.234455e-04    1.063003e-05
   -2.281123e-04    6.234455e-04    1.063003e-05
    1.735860e-05    8.906254e-04    4.909371e-04
    1.735860e-05   -8.906254e-04    4.909371e-04
   -9.856773e-05    1.484970e-23   -2.771227e-04

energy gradient of state 3 =
   -2.991467e-03    1.572148e-19    2.283489e-02
    1.340524e-03   -7.710437e-19   -2.111488e-02
   -3.877343e-04   -1.098409e-03    2.994558e-02
   -3.877343e-04    1.098409e-03    2.994558e-02
    5.840013e-04    5.312772e-03   -2.580443e-02
    5.840013e-04   -5.312772e-03   -2.580443e-02
    1.784047e-05   -1.066359e-19   -3.647964e-03
    6.455690e-04   -1.061642e-02   -2.583333e-03
    6.455690e-04    1.061642e-02   -2.583333e-03
    5.706253e-05    1.317732e-03    6.260065e-04
    5.706253e-05   -1.317732e-03    6.260065e-04
   -2.966134e-05    7.254199e-05   -9.136494e-04
   -2.966134e-05   -7.254199e-05   -9.136494e-04
   -1.053723e-04    1.693750e-23   -6.123935e-04

energy gradient of state 4 =
    2.741428e-03   -3.781028e-18   -9.199972e-03
   -1.693546e-03   -1.781112e-19    1.442440e-02
   -1.437909e-04   -2.325989e-02    3.481795e-02
   -1.437909e-04    2.325989e-02    3.481795e-02
    5.190821e-04   -2.990419e-02   -4.098421e-02
    5.190821e-04    2.990419e-02   -4.098421e-02
   -2.875550e-04    7.020973e-19   -8.242195e-04
   -9.340378e-04   -6.662919e-03    3.970185e-03
   -9.340378e-04    6.662919e-03    3.970185e-03
    2.669699e-04   -6.464879e-04   -3.414792e-04
    2.669699e-04    6.464879e-04   -3.414792e-04
   -5.962348e-05    1.084574e-03   -1.718282e-04
   -5.962348e-05   -1.084574e-03   -1.718282e-04
   -5.752598e-05    2.852217e-24    1.018564e-03

nonadiabatic coupling between state 1 and 2 =
    3.895041e-02    4.735965e-19   -1.739041e-02
   -6.724015e-02    7.330165e-20   -7.061416e-03
   -5.402390e-02   -4.336034e-03   -4.489028e-03
   -5.402390e-02    4.336034e-03   -4.489028e-03
   -2.124363e-03   -9.738065e-04    4.475315e-04
   -2.124363e-03    9.738065e-04    4.475315e-04
    5.952879e-02    1.181098e-19    1.497242e-04
    1.942000e-02    4.504541e-02    1.773397e-02
    1.942000e-02   -4.504541e-02    1.773397e-02
    1.636418e-02    4.080045e-04   -4.138836e-04
    1.636418e-02   -4.080045e-04   -4.138836e-04
    8.723629e-04   -2.242348e-03   -8.662653e-04
    8.723629e-04    2.242348e-03   -8.662653e-04
    7.744384e-03   -1.348073e-21   -5.225560e-04

nonadiabatic coupling between state 1 and 3 =
   -1.820674e-20   -1.267747e-01   -1.360279e-18
    9.354976e-20    6.052146e-01   -9.783686e-18
    2.929946e-03   -2.228008e-01    4.477360e-01
   -2.929946e-03   -2.228008e-01   -4.477360e-01
    6.481364e-03   -2.727924e-01   -4.503796e-01
   -6.481364e-03   -2.727924e-01    4.503796e-01
   -2.017265e-19    5.844833e-01    1.626089e-18
   -3.487159e-04    7.935012e-03   -1.381398e-02
    3.487159e-04    7.935012e-03    1.381398e-02
   -1.494414e-03   -1.298628e-02   -5.140454e-03
    1.494414e-03   -1.298628e-02    5.140454e-03
   -9.987074e-04   -2.161697e-02   -1.959680e-02
    9.987074e-04   -2.161697e-02    1.959680e-02
    6.400323e-23   -1.840030e-02    0.000000e+00

nonadiabatic coupling between state 1 and 4 =
    1.035747e-20    1.954066e-03    1.396962e-19
    1.492481e-21    6.005779e-03   -1.380136e-19
   -5.637063e-02   -3.393200e-03    1.203666e-03
    5.637063e-02   -3.393200e-03   -1.203666e-03
   -4.725673e-02   -1.148176e-03   -2.263159e-03
    4.725673e-02   -1.148176e-03    2.263159e-03
   -9.999347e-22    2.563800e-03    1.879296e-20
    5.451999e-03   -3.388169e-04    1.989326e-03
   -5.451999e-03   -3.388169e-04   -1.989326e-03
    3.401910e-02   -3.462107e-04    2.844770e-04
   -3.401910e-02   -3.462107e-04   -2.844770e-04
    2.306728e-02   -2.840279e-04    3.234126e-04
   -2.306728e-02   -2.840279e-04   -3.234126e-04
   -1.729510e-24    4.972172e-04    0.000000e+00

nonadiabatic coupling between state 2 and 3 =
   -1.832959e-19   -8.169984e-02   -3.314507e-18
   -7.172189e-20   -6.581502e-02    4.271255e-18
    2.954805e-01    5.725531e-02   -3.313430e-02
   -2.954805e-01    5.725531e-02    3.313430e-02
   -1.535565e-01    8.693522e-03   -1.359937e-02
    1.535565e-01    8.693522e-03    1.359937e-02
    2.098512e-21    2.627922e-03   -2.058058e-19
   -1.761792e-02   -1.040489e-02   -1.721348e-02
    1.761792e-02   -1.040489e-02    1.721348e-02
   -1.041394e-01    1.537780e-02   -1.804206e-02
    1.041394e-01    1.537780e-02    1.804206e-02
    2.957083e-02    6.604041e-03   -1.189235e-02
   -2.957083e-02    6.604041e-03    1.189235e-02
    3.535647e-23   -1.016464e-02    0.000000e+00

nonadiabatic coupling between state 2 and 4 =
    3.218298e-19   -3.246851e-02   -2.316587e-18
    3.085946e-20    3.142991e-01   -6.620452e-18
    3.656371e-03   -6.306649e-02   -2.301290e-01
   -3.656371e-03   -6.306649e-02    2.301290e-01
   -1.088251e-02    3.420662e-01    6.764624e-01
    1.088251e-02    3.420662e-01   -6.764624e-01
    3.140453e-19   -8.019066e-01   -3.504123e-18
   -5.072668e-04   -2.773717e-03   -1.118106e-02
    5.072668e-04   -2.773717e-03    1.118106e-02
    1.835980e-03   -1.384681e-03   -1.620618e-02
   -1.835980e-03   -1.384681e-03    1.620618e-02
   -6.332060e-04   -2.462895e-03   -1.211230e-02
    6.332060e-04   -2.462895e-03    1.211230e-02
    8.584960e-23   -2.468091e-02    0.000000e+00

nonadiabatic coupling between state 3 and 4 =
   -2.631568e-02   -6.470193e-19    5.711410e-02
    2.109564e-01   -1.566538e-20   -3.416508e-02
   -6.744342e-02    3.708816e-03   -4.796280e-03
   -6.744342e-02   -3.708816e-03   -4.796280e-03
   -4.985641e-02    1.205339e-02    1.455588e-02
   -4.985641e-02   -1.205339e-02    1.455588e-02
    6.959641e-02   -3.401172e-19   -1.302580e-02
   -9.397740e-03   -3.119076e-02   -1.510570e-02
   -9.397740e-03    3.119076e-02   -1.510570e-02
   -6.032023e-03    4.645690e-03    2.917847e-03
   -6.032023e-03   -4.645690e-03    2.917847e-03
   -2.078736e-03   -1.409884e-03   -3.262207e-03
   -2.078736e-03    1.409884e-03   -3.262207e-03
    1.537957e-02   -2.683315e-21    1.457692e-03

Tue Dec 20 15:12:36 2022
Mission success
