Evaluation for diabatz
Yifan Shen 2021

Echo of user command line input:
/home/yshen/Software/Mine/diabatz/tools/eval/v1/eval.exe -d default pretrain-IntCoordDef pretrain-SAS.in pretrain-Hd.in pretrain-Hd.net pretrain-11.in pretrain-12.in pretrain-13.in pretrain-14.in pretrain-22.in pretrain-23.in pretrain-24.in pretrain-33.in pretrain-34.in pretrain-44.in default IntCoordDef SAS.in Hd.in Hd.net 11.in 12.in 13.in 14.in 22.in 23.in 24.in 33.in 34.in 44.in -x /home/yshen/C6H7N-aniline/Columbus/other/plot/C-NH2_oop/min-B1_min-B2/3/geom.xyz -a -g

Tue Dec 20 15:12:36 2022

energy =
    8.430786e-03    1.705416e-01    1.826111e-01    2.375805e-01

states are:
    9.999878e-01    4.937033e-03    2.203231e-08   -2.352203e-08
   -4.937033e-03    9.999878e-01    2.102112e-07    1.051435e-06
   -2.090924e-08   -2.134244e-07    9.999956e-01    2.956273e-03
    2.877465e-08   -1.050680e-06   -2.956273e-03    9.999956e-01

energy gradient of state 1 =
   -8.262140e-03    1.032591e-07    3.144271e-02
    2.919572e-03    2.257561e-07   -3.252805e-02
    5.496595e-04   -2.736526e-02   -1.144527e-02
    5.495674e-04    2.736512e-02   -1.144508e-02
   -2.964866e-04   -2.284458e-02    9.866419e-03
   -2.965598e-04    2.284453e-02    9.865864e-03
   -1.713877e-04   -2.208459e-07    7.436421e-03
    2.291835e-03   -1.103389e-02   -1.408748e-03
    2.291843e-03    1.103372e-02   -1.408631e-03
    2.611085e-04    2.008669e-03    7.546772e-04
    2.611062e-04   -2.008763e-03    7.546890e-04
   -1.771787e-04    1.433234e-03   -3.986946e-04
   -1.771881e-04   -1.432890e-03   -3.984205e-04
    2.562493e-04    1.367453e-09   -1.087893e-03

energy gradient of state 2 =
    2.071988e-02    1.358484e-07   -3.894133e-02
   -7.487767e-03    2.996906e-07    2.681969e-02
    1.123137e-04   -5.713742e-07   -3.335494e-02
    1.123108e-04    2.153098e-07   -3.335462e-02
   -3.597255e-04   -8.269078e-03    2.742676e-02
   -3.597274e-04    8.269331e-03    2.742614e-02
    1.746249e-04   -3.411191e-07    5.979217e-03
   -6.118451e-03    3.713794e-03    8.436094e-03
   -6.118402e-03   -3.713967e-03    8.436181e-03
   -2.947740e-04   -9.193418e-04   -1.217366e-04
   -2.947810e-04    9.193221e-04   -1.217777e-04
    1.638712e-05    9.133684e-04    7.548177e-04
    1.637594e-05   -9.131712e-04    7.550027e-04
   -1.182631e-04    5.118536e-09   -1.395001e-04

energy gradient of state 3 =
   -3.083475e-03    1.142740e-07    1.377702e-02
    9.226716e-04    6.553568e-07   -1.278105e-02
   -3.162944e-04   -5.702868e-04    1.895633e-02
   -3.162872e-04    5.696417e-04    1.895609e-02
    6.015901e-04    3.203020e-03   -1.644400e-02
    6.016142e-04   -3.202839e-03   -1.644445e-02
    7.629975e-08   -4.310553e-07   -2.657131e-03
    8.259685e-04   -8.523145e-03   -1.216055e-03
    8.259855e-04    8.522967e-03   -1.215934e-03
    8.322878e-05    7.793213e-04    4.530253e-04
    8.322897e-05   -7.793343e-04    4.529881e-04
   -4.755966e-05    3.542298e-05   -6.381008e-04
   -4.756893e-05   -3.510779e-05   -6.378396e-04
   -1.331789e-04    1.501354e-09   -5.608893e-04

energy gradient of state 4 =
    3.157129e-03    1.476957e-07   -1.861243e-02
   -2.471960e-03    5.210408e-07    2.077447e-02
   -1.636103e-04   -2.434183e-02    2.347779e-02
   -1.636963e-04    2.434124e-02    2.347758e-02
    4.467381e-04   -3.176154e-02   -3.105316e-02
    4.466344e-04    3.176158e-02   -3.105350e-02
   -3.045037e-04   -2.515520e-07    1.454479e-03
   -7.199323e-04   -4.318768e-03    5.728478e-03
   -7.199000e-04    4.318590e-03    5.728607e-03
    3.321901e-04   -9.184786e-04   -7.909644e-04
    3.321811e-04    9.185279e-04   -7.910414e-04
   -5.647852e-05    1.054222e-03    1.555374e-04
   -5.649156e-05   -1.053952e-03    1.557738e-04
   -5.829952e-05   -6.988918e-09    1.348384e-03

nonadiabatic coupling between state 1 and 2 =
   -4.211240e-02   -2.503147e-08    2.155252e-02
    7.397621e-02    1.763882e-07    9.922921e-03
    5.416402e-02    5.795035e-03    5.325683e-03
    5.416406e-02   -5.794818e-03    5.325741e-03
    1.531770e-03    1.740426e-03   -6.763712e-04
    1.531881e-03   -1.740408e-03   -6.763825e-04
   -6.053719e-02   -1.420013e-07   -1.976886e-04
   -2.058811e-02   -5.670090e-02   -2.272439e-02
   -2.058819e-02    5.670074e-02   -2.272437e-02
   -1.598779e-02   -3.653520e-04    6.542206e-04
   -1.598786e-02    3.652836e-04    6.542257e-04
   -9.243529e-04    2.541420e-03    1.354916e-03
   -9.244014e-04   -2.541411e-03    1.354910e-03
   -7.717641e-03   -1.713305e-08    8.540668e-04

nonadiabatic coupling between state 1 and 3 =
    2.797823e-07   -1.220641e-01   -4.978352e-07
   -1.298483e-06    6.107529e-01    2.291071e-07
    3.627551e-03   -2.279827e-01    4.473733e-01
   -3.626583e-03   -2.279828e-01   -4.473728e-01
    8.689275e-03   -2.732071e-01   -4.498449e-01
   -8.688147e-03   -2.732074e-01    4.498449e-01
   -1.213494e-06    5.839124e-01   -2.561663e-07
   -7.284731e-04    6.793850e-03   -1.374001e-02
    7.284498e-04    6.793852e-03    1.374002e-02
   -1.952525e-03   -1.245996e-02   -4.570892e-03
    1.952566e-03   -1.245946e-02    4.570633e-03
   -1.268194e-03   -2.076935e-02   -1.963961e-02
    1.268291e-03   -2.076925e-02    1.963963e-02
    2.226805e-08   -1.735084e-02    2.302427e-07

nonadiabatic coupling between state 1 and 4 =
   -5.102305e-08   -2.312012e-03    5.410862e-08
    6.701400e-08   -7.784077e-03    1.076800e-08
    5.680443e-02    4.384238e-03   -1.439289e-03
   -5.680431e-02    4.383976e-03    1.439284e-03
    4.730833e-02    1.569557e-03    3.015541e-03
   -4.730835e-02    1.569365e-03   -3.015538e-03
   -5.835751e-08   -3.557188e-03   -8.566588e-10
   -5.184940e-03    2.999309e-04   -2.805776e-03
    5.184901e-03    3.001093e-04    2.805730e-03
   -3.407201e-02    5.020861e-04   -3.813634e-04
    3.407200e-02    5.022367e-04    3.813529e-04
   -2.345024e-02    3.958004e-04   -4.417210e-04
    2.345022e-02    3.958882e-04    4.417143e-04
    6.571713e-10   -6.499098e-04    2.014866e-09

nonadiabatic coupling between state 2 and 3 =
    4.438658e-07    1.744679e-01   -1.221763e-06
   -9.568461e-07    1.105598e-01    6.897326e-07
   -4.723776e-01   -1.043372e-01    5.377735e-02
    4.723782e-01   -1.043357e-01   -5.377922e-02
    2.321649e-01   -1.392050e-02    3.093014e-02
   -2.321649e-01   -1.392144e-02   -3.092877e-02
   -2.536727e-07   -1.051760e-02   -4.070022e-08
    5.154803e-02    1.216345e-02    3.273699e-02
   -5.154837e-02    1.216239e-02   -3.273609e-02
    1.537390e-01   -2.924700e-02    3.434002e-02
   -1.537387e-01   -2.924763e-02   -3.433987e-02
   -3.790227e-02   -1.171740e-02    2.278189e-02
    3.790237e-02   -1.171723e-02   -2.278200e-02
    1.842460e-07    1.960808e-02    1.336769e-07

nonadiabatic coupling between state 2 and 4 =
    4.063420e-07   -2.643966e-02   -2.788511e-06
   -8.236250e-07    3.436495e-01   -9.216882e-07
    4.923976e-03   -7.311607e-02   -2.255078e-01
   -4.923716e-03   -7.311153e-02    2.255111e-01
   -1.507136e-02    3.509525e-01    6.900998e-01
    1.506981e-02    3.509479e-01   -6.900956e-01
    1.767594e-06   -8.253316e-01   -1.857708e-06
   -1.936346e-03   -6.957041e-03   -1.227132e-02
    1.936221e-03   -6.957746e-03    1.227133e-02
    2.694065e-03   -3.216630e-04   -1.664411e-02
   -2.694062e-03   -3.206080e-04    1.664361e-02
   -8.724351e-04   -3.545183e-03   -1.225339e-02
    8.723991e-04   -3.546148e-03    1.225294e-02
    9.905858e-08   -2.590265e-02   -1.035378e-06

nonadiabatic coupling between state 3 and 4 =
    2.666659e-02   -7.815986e-08   -7.017509e-02
   -2.148128e-01   -3.524086e-07    4.198678e-02
    6.709468e-02   -3.963953e-03    5.921679e-03
    6.709487e-02    3.964170e-03    5.921876e-03
    5.121876e-02   -1.426835e-02   -1.796009e-02
    5.121861e-02    1.426888e-02   -1.796062e-02
   -7.010944e-02   -5.048328e-07    1.646217e-02
    1.020880e-02    3.842447e-02    1.848540e-02
    1.020899e-02   -3.842431e-02    1.848539e-02
    6.885608e-03   -5.919009e-03   -3.699923e-03
    6.885493e-03    5.919045e-03   -3.699922e-03
    1.582264e-03    1.876466e-03    4.128972e-03
    1.582283e-03   -1.876462e-03    4.128990e-03
   -1.572466e-02   -1.555033e-08   -2.025619e-03

Tue Dec 20 15:12:37 2022
Mission success
