Evaluation for diabatz
Yifan Shen 2021

Echo of user command line input:
/home/yshen/Software/Mine/diabatz/tools/eval/v1/eval.exe -d default pretrain-IntCoordDef pretrain-SAS.in pretrain-Hd.in pretrain-Hd.net pretrain-11.in pretrain-12.in pretrain-13.in pretrain-14.in pretrain-22.in pretrain-23.in pretrain-24.in pretrain-33.in pretrain-34.in pretrain-44.in default IntCoordDef SAS.in Hd.in Hd.net 11.in 12.in 13.in 14.in 22.in 23.in 24.in 33.in 34.in 44.in -x /home/yshen/C6H7N-aniline/Columbus/other/plot/C-NH2_oop/min-B1_min-B2/4/geom.xyz -a -g

Tue Dec 20 15:12:37 2022

energy =
    7.909736e-03    1.744809e-01    1.814616e-01    2.377654e-01

states are:
   -9.999921e-01   -3.970691e-03    1.922032e-08    3.630059e-08
    3.970691e-03   -9.999921e-01   -1.452528e-06    1.086129e-06
    2.516640e-08   -1.446336e-06    9.999843e-01    5.598571e-03
    3.184723e-08    1.094379e-06   -5.598571e-03    9.999843e-01

energy gradient of state 1 =
   -8.544447e-03   -2.439841e-08    2.424556e-02
    2.514919e-03    1.678380e-07   -2.692219e-02
    9.461847e-04   -2.772898e-02   -2.077849e-02
    9.458530e-04    2.772841e-02   -2.077784e-02
   -5.407652e-04   -2.489980e-02    1.795703e-02
   -5.406564e-04    2.490050e-02    1.795685e-02
   -2.888956e-04   -1.984276e-07    9.481644e-03
    2.507422e-03   -7.568404e-03   -5.327995e-04
    2.507412e-03    7.568337e-03   -5.327528e-04
    3.201000e-04    1.437877e-03    5.580020e-04
    3.201719e-04   -1.437441e-03    5.577660e-04
   -2.257395e-04    1.270072e-03   -1.133219e-04
   -2.257980e-04   -1.270525e-03   -1.135737e-04
    3.042398e-04    5.852803e-09   -9.858852e-04

energy gradient of state 2 =
    2.353080e-02    3.751074e-08   -4.458286e-02
   -9.229792e-03    3.786038e-07    3.184872e-02
    3.359758e-04   -8.962207e-05   -4.178587e-02
    3.357558e-04    8.873709e-05   -4.178568e-02
   -5.970347e-04   -1.029100e-02    3.443894e-02
   -5.968410e-04    1.029185e-02    3.443900e-02
    1.668348e-04   -3.562190e-07    7.720762e-03
   -6.571608e-03    5.640687e-03    9.050957e-03
   -6.571556e-03   -5.640750e-03    9.050978e-03
   -3.454007e-04   -1.202015e-03   -2.312735e-04
   -3.453343e-04    1.202457e-03   -2.315290e-04
    6.269518e-06    9.219460e-04    1.019345e-03
    6.194962e-06   -9.223595e-04    1.019111e-03
   -1.242634e-04    9.303386e-09    2.939724e-05

energy gradient of state 3 =
   -2.029832e-03   -5.179544e-09    6.231617e-03
    1.757590e-05    6.590552e-07   -4.695694e-03
   -1.361795e-04    4.443825e-05    7.752968e-03
   -1.363090e-04   -4.556577e-05    7.752870e-03
    5.346608e-04    1.079689e-03   -6.872381e-03
    5.347556e-04   -1.078711e-03   -6.872271e-03
   -2.959179e-05   -4.368472e-07   -1.810738e-03
    6.536654e-04   -5.331628e-03   -4.095607e-04
    6.536856e-04    5.331574e-03   -4.095127e-04
    1.168559e-04    1.827077e-04    2.931551e-04
    1.169060e-04   -1.822239e-04    2.928967e-04
   -7.055915e-05   -4.583368e-06   -3.748357e-04
   -7.058256e-05    4.085589e-06   -3.751088e-04
   -1.550508e-04    9.165503e-10   -5.034058e-04

energy gradient of state 4 =
    3.255175e-03    2.963829e-08   -2.493936e-02
   -2.691596e-03    5.925339e-07    2.462436e-02
   -3.417153e-04   -2.549817e-02    1.251891e-02
   -3.420311e-04    2.549700e-02    1.251893e-02
    2.358058e-04   -3.408060e-02   -2.157745e-02
    2.358665e-04    3.408156e-02   -2.157739e-02
   -2.490906e-04   -4.018774e-07    4.182616e-03
   -3.661439e-04   -1.511565e-03    6.547764e-03
   -3.661151e-04    1.511503e-03    6.547825e-03
    3.491845e-04   -1.371493e-03   -9.462057e-04
    3.492623e-04    1.372066e-03   -9.465174e-04
   -2.699499e-05    9.830704e-04    6.148462e-04
   -2.706957e-05   -9.835883e-04    6.145529e-04
   -1.453710e-05   -4.663543e-09    1.817119e-03

nonadiabatic coupling between state 1 and 2 =
   -4.582142e-02    4.391278e-09    2.401956e-02
    8.148769e-02    6.951715e-07    1.325073e-02
    5.471358e-02    7.197046e-03    5.598440e-03
    5.471361e-02   -7.197144e-03    5.597969e-03
    8.962022e-04    2.779837e-03   -9.188315e-04
    8.962764e-04   -2.780162e-03   -9.182431e-04
   -6.201018e-02    2.097104e-07   -2.101925e-04
   -2.199980e-02   -6.507065e-02   -2.687177e-02
   -2.199987e-02    6.507026e-02   -2.687165e-02
   -1.556127e-02   -9.305535e-05    1.014673e-03
   -1.556130e-02    9.301666e-05    1.014676e-03
   -9.689812e-04    2.472550e-03    1.996376e-03
   -9.690279e-04   -2.472576e-03    1.996434e-03
   -7.815515e-03   -2.499664e-08    1.301825e-03

nonadiabatic coupling between state 1 and 3 =
   -4.121256e-07    1.152226e-01    6.772357e-07
    1.581240e-06   -6.163637e-01   -1.380386e-07
   -3.916771e-03    2.336392e-01   -4.475011e-01
    3.916368e-03    2.336388e-01    4.475005e-01
   -1.095305e-02    2.740454e-01    4.496086e-01
    1.095161e-02    2.740464e-01   -4.496085e-01
    1.125075e-06   -5.834641e-01    1.432593e-07
    1.317732e-03   -5.304913e-03    1.336133e-02
   -1.317782e-03   -5.304669e-03   -1.336145e-02
    2.362572e-03    1.202941e-02    3.944951e-03
   -2.362806e-03    1.202912e-02   -3.944783e-03
    1.452261e-03    1.995127e-02    1.944740e-02
   -1.452356e-03    1.995076e-02   -1.944768e-02
   -7.033166e-08    1.588437e-02    1.077845e-07

nonadiabatic coupling between state 1 and 4 =
    3.564302e-08    2.330173e-03   -6.943133e-08
   -1.870547e-08    9.636817e-03    3.872370e-08
   -5.760688e-02   -5.325814e-03    1.732636e-03
    5.760674e-02   -5.325750e-03   -1.732601e-03
   -4.734503e-02   -2.176123e-03   -3.970239e-03
    4.734508e-02   -2.175800e-03    3.970351e-03
    1.662197e-08    4.988629e-03   -8.970666e-08
    4.797693e-03   -1.374631e-04    3.662305e-03
   -4.797654e-03   -1.376025e-04   -3.662271e-03
    3.423905e-02   -7.080841e-04    4.702938e-04
   -3.423906e-02   -7.081390e-04   -4.703389e-04
    2.399831e-02   -5.135783e-04    5.660013e-04
   -2.399829e-02   -5.137428e-04   -5.660343e-04
    1.667636e-09    7.664770e-04    1.679366e-08

nonadiabatic coupling between state 2 and 3 =
    5.641509e-06   -4.166107e-01   -1.391853e-05
   -2.606299e-06   -2.050208e-01    1.195076e-05
    9.189258e-01    2.134661e-01   -9.036551e-02
   -9.189244e-01    2.134638e-01    9.033696e-02
   -4.286220e-01    2.055201e-02   -8.679857e-02
    4.286220e-01    2.056264e-02    8.682209e-02
   -3.069442e-07    4.379478e-02    2.250329e-06
   -1.413597e-01   -1.071330e-02   -7.011088e-02
    1.413577e-01   -1.071987e-02    7.011467e-02
   -2.752493e-01    6.400740e-02   -7.448777e-02
    2.752476e-01    6.400800e-02    7.448883e-02
    5.697788e-02    2.304830e-02   -4.949369e-02
   -5.697807e-02    2.304589e-02    4.949417e-02
   -1.541430e-07   -4.288428e-02   -5.952766e-07

nonadiabatic coupling between state 2 and 4 =
   -5.030251e-07    1.317896e-02    2.491652e-06
    1.135318e-06   -3.790336e-01    7.431847e-07
   -6.202033e-03    8.591295e-02    2.186344e-01
    6.201577e-03    8.590979e-02   -2.186366e-01
    1.965310e-02   -3.609950e-01   -7.064424e-01
   -1.965152e-02   -3.609922e-01    7.064390e-01
   -1.757572e-06    8.527617e-01    1.413936e-06
    4.861167e-03    1.365403e-02    1.347490e-02
   -4.861067e-03    1.365481e-02   -1.347510e-02
   -3.711760e-03   -7.113007e-04    1.682044e-02
    3.711729e-03   -7.123332e-04   -1.682011e-02
    1.165118e-03    4.974831e-03    1.234136e-02
   -1.165164e-03    4.976055e-03   -1.234081e-02
   -2.167446e-08    2.742128e-02    2.728990e-07

nonadiabatic coupling between state 3 and 4 =
    2.572306e-02   -1.248718e-07   -7.947773e-02
   -2.171166e-01   -1.030474e-06    4.760954e-02
    6.596665e-02   -3.526530e-03    6.612145e-03
    6.596684e-02    3.527065e-03    6.611651e-03
    5.227951e-02   -1.522309e-02   -2.024870e-02
    5.227945e-02    1.522238e-02   -2.024668e-02
   -7.006479e-02    1.012494e-06    1.902051e-02
    1.158023e-02    4.330734e-02    2.095219e-02
    1.158036e-02   -4.330707e-02    2.095215e-02
    7.771645e-03   -6.972351e-03   -4.350653e-03
    7.771544e-03    6.972396e-03   -4.350732e-03
    1.025703e-03    2.394870e-03    4.808695e-03
    1.025653e-03   -2.394922e-03    4.808638e-03
   -1.578921e-02    6.468738e-08   -2.701032e-03

Tue Dec 20 15:12:38 2022
Mission success
