Evaluation for diabatz
Yifan Shen 2021

Echo of user command line input:
/home/yshen/Software/Mine/diabatz/tools/eval/v1/eval.exe -d default pretrain-IntCoordDef pretrain-SAS.in pretrain-Hd.in pretrain-Hd.net pretrain-11.in pretrain-12.in pretrain-13.in pretrain-14.in pretrain-22.in pretrain-23.in pretrain-24.in pretrain-33.in pretrain-34.in pretrain-44.in default IntCoordDef SAS.in Hd.in Hd.net 11.in 12.in 13.in 14.in 22.in 23.in 24.in 33.in 34.in 44.in -x /home/yshen/C6H7N-aniline/Columbus/min-B2/min-B2.xyz -a -g

Tue Dec 20 15:12:39 2022

energy =
    7.964075e-03    1.791108e-01    1.810658e-01    2.384638e-01

states are:
   -9.999985e-01    1.757373e-03    0.000000e+00    0.000000e+00
    1.757373e-03    9.999985e-01    0.000000e+00    0.000000e+00
    0.000000e+00    0.000000e+00   -9.999605e-01    8.883646e-03
    0.000000e+00    0.000000e+00    8.883646e-03    9.999605e-01

energy gradient of state 1 =
    1.846500e-02   -6.938077e-03    2.974131e-18
   -2.201225e-02    8.796350e-04    2.146529e-18
   -3.015919e-02    4.250100e-04   -2.817288e-02
   -3.015919e-02    4.250100e-04    2.817288e-02
    2.612253e-02    5.356299e-05   -2.700154e-02
    2.612253e-02    5.356299e-05    2.700154e-02
    1.159571e-02   -4.372938e-05   -4.610503e-19
   -7.561237e-05    2.303251e-03   -2.772809e-03
   -7.561237e-05    2.303251e-03    2.772809e-03
    3.540544e-04    3.835496e-04    8.476444e-04
    3.540544e-04    3.835496e-04   -8.476444e-04
    1.803646e-04   -2.688933e-04    1.091256e-03
    1.803646e-04   -2.688933e-04   -1.091256e-03
   -8.927620e-04    3.092106e-04   -3.851901e-26

energy gradient of state 2 =
   -5.009834e-02    2.418336e-02    2.385092e-18
    3.689979e-02   -9.793137e-03    2.819794e-18
   -5.028858e-02   -1.078586e-03   -4.586444e-05
   -5.028858e-02   -1.078586e-03    4.586444e-05
    4.157027e-02    5.664974e-04   -1.220646e-02
    4.157027e-02    5.664974e-04    1.220646e-02
    9.487710e-03    4.338975e-04   -1.455485e-19
    9.484875e-03   -6.489561e-03    8.701413e-03
    9.484875e-03   -6.489561e-03   -8.701413e-03
   -3.045964e-04   -3.851347e-04   -1.476944e-03
   -3.045964e-04   -3.851347e-04    1.476944e-03
    1.275484e-03    2.778841e-05    9.185023e-04
    1.275484e-03    2.778841e-05   -9.185023e-04
    2.359180e-04   -1.061299e-04    8.348619e-27

energy gradient of state 3 =
   -3.421619e-04    5.255661e-04    4.086171e-18
    3.222550e-03   -1.342358e-03    1.553905e-18
   -3.614058e-03    3.292929e-05    7.405139e-04
   -3.614058e-03    3.292929e-05   -7.405139e-04
    2.853751e-03    4.844050e-04   -1.043932e-03
    2.853751e-03    4.844050e-04    1.043932e-03
   -1.120483e-03   -1.079748e-04    1.257345e-19
    6.624035e-05   -2.342995e-05   -7.972324e-04
    6.624035e-05   -2.342995e-05    7.972324e-04
    1.488344e-04    1.648982e-04   -4.563634e-04
    1.488344e-04    1.648982e-04    4.563634e-04
   -1.219722e-04   -1.031423e-04   -4.717634e-05
   -1.219722e-04   -1.031423e-04    4.717634e-05
   -4.254979e-04   -1.865534e-04    1.696262e-26

energy gradient of state 4 =
   -2.800933e-02    1.989941e-03    2.617974e-18
    2.547652e-02   -1.116272e-03    7.945762e-19
    2.690125e-03   -6.557117e-04   -2.675368e-02
    2.690125e-03   -6.557117e-04    2.675368e-02
   -1.320577e-02   -5.351038e-04   -3.698689e-02
   -1.320577e-02   -5.351038e-04    3.698689e-02
    7.269218e-03    1.045980e-04   -5.688805e-19
    6.446342e-03    2.687530e-04    1.869982e-03
    6.446342e-03    2.687530e-04   -1.869982e-03
   -7.082067e-04    2.772466e-04   -2.025539e-03
   -7.082067e-04    2.772466e-04    2.025539e-03
    1.198694e-03    6.996420e-05    8.931420e-04
    1.198694e-03    6.996420e-05   -8.931420e-04
    2.421217e-03    1.714366e-04   -2.313167e-26

nonadiabatic coupling between state 1 and 2 =
   -2.645352e-02    4.912597e-02    7.294941e-20
   -1.396017e-02   -9.008737e-02   -3.480544e-19
   -3.437335e-03   -5.586409e-02   -8.499579e-03
   -3.437335e-03   -5.586409e-02    8.499579e-03
    1.182432e-03   -1.191816e-04   -4.059425e-03
    1.182432e-03   -1.191816e-04    4.059425e-03
   -2.001866e-03    6.381487e-02   -1.915109e-19
    2.935363e-02    2.459899e-02    7.015128e-02
    2.935363e-02    2.459899e-02   -7.015128e-02
   -2.014317e-03    1.506453e-02   -4.364589e-04
   -2.014317e-03    1.506453e-02    4.364589e-04
   -2.810089e-03    9.049960e-04   -2.049117e-03
   -2.810089e-03    9.049960e-04    2.049117e-03
   -2.133097e-03    7.976033e-03   -8.880772e-25

nonadiabatic coupling between state 1 and 3 =
   -2.466872e-19    1.163040e-18   -1.064760e-01
    9.014745e-18    3.950152e-19    6.221181e-01
    4.476813e-01    1.902802e-02   -2.397568e-01
   -4.476813e-01   -1.902802e-02   -2.397568e-01
   -4.498256e-01   -2.119097e-03   -2.752861e-01
    4.498256e-01    2.119097e-03   -2.752861e-01
    1.392621e-17   -3.586385e-21    5.831136e-01
   -1.259558e-02   -2.573457e-03    3.530980e-03
    1.259558e-02    2.573457e-03    3.530980e-03
   -3.167878e-03   -2.829166e-03   -1.169779e-02
    3.167878e-03    2.829166e-03   -1.169779e-02
   -1.895587e-02   -2.183633e-03   -1.916417e-02
    1.895587e-02    2.183633e-03   -1.916417e-02
   -4.404899e-24    0.000000e+00   -1.400788e-02

nonadiabatic coupling between state 1 and 4 =
    5.892829e-20   -2.874108e-19    1.888709e-03
    2.168151e-19   -6.583097e-20    1.170644e-02
    4.164127e-03   -5.870901e-02   -6.243669e-03
   -4.164127e-03    5.870901e-02   -6.243669e-03
   -3.579594e-03   -4.756636e-02   -3.031403e-03
    3.579594e-03    4.756636e-02   -3.031403e-03
    1.868847e-19    6.998166e-23    7.005359e-03
    4.382352e-03    4.477496e-03    1.723620e-04
   -4.382352e-03   -4.477496e-03    1.723620e-04
   -6.372259e-04    3.455051e-02   -9.758418e-04
    6.372259e-04   -3.455051e-02   -9.758418e-04
   -1.535292e-04    2.473968e-02   -6.379728e-04
    1.535292e-04   -2.473968e-02   -6.379728e-04
    2.618013e-25    0.000000e+00    8.325456e-04

nonadiabatic coupling between state 2 and 3 =
   -8.698871e-18    4.514961e-17   -1.918700e+00
   -5.753736e-17    1.119086e-17   -7.205828e-01
   -3.775778e-01    3.638876e+00    8.455010e-01
    3.775778e-01   -3.638876e+00    8.455010e-01
   -4.294733e-01   -1.640472e+00    3.244178e-02
    4.294733e-01    1.640472e+00    3.244178e-02
    2.751466e-18   -2.156182e-20    3.077921e-01
   -2.663849e-01   -7.058305e-01    1.516764e-02
    2.663849e-01    7.058305e-01    1.516764e-02
   -2.825593e-01   -1.016939e+00    2.776046e-01
    2.825593e-01    1.016939e+00    2.776046e-01
   -2.157682e-01    1.580451e-01    8.650521e-02
    2.157682e-01   -1.580451e-01    8.650521e-02
   -5.753024e-23    0.000000e+00   -1.829500e-01

nonadiabatic coupling between state 2 and 4 =
   -8.435728e-19    2.984726e-18    7.615852e-03
    7.818722e-18    5.705671e-19    4.222946e-01
   -2.093006e-01    2.902071e-04   -1.021260e-01
    2.093006e-01   -2.902071e-04   -1.021260e-01
    7.268209e-01    1.765050e-04    3.726464e-01
   -7.268209e-01   -1.765050e-04    3.726464e-01
   -2.422052e-17    2.563080e-23   -8.854754e-01
   -1.438600e-02   -1.041493e-02   -2.296463e-02
    1.438600e-02    1.041493e-02   -2.296463e-02
   -1.686194e-02    4.335297e-03    1.711298e-03
    1.686194e-02   -4.335297e-03    1.711298e-03
   -1.231290e-02   -1.956133e-03   -6.829184e-03
    1.231290e-02    1.956133e-03   -6.829184e-03
   -9.217006e-24    0.000000e+00   -2.931070e-02

nonadiabatic coupling between state 3 and 4 =
    8.575189e-02   -2.034820e-02    9.112906e-19
   -5.891290e-02    2.148281e-01   -8.977564e-20
   -4.352318e-03   -6.395257e-02    2.275505e-03
   -4.352318e-03   -6.395257e-02   -2.275505e-03
    2.298032e-02   -5.200847e-02    1.477351e-02
    2.298032e-02   -5.200847e-02   -1.477351e-02
   -2.298819e-02    6.838625e-02    4.039516e-19
   -2.203814e-02   -1.419956e-02   -4.578977e-02
   -2.203814e-02   -1.419956e-02    4.578977e-02
    5.236167e-03   -8.446737e-03    7.807978e-03
    5.236167e-03   -8.446737e-03   -7.807978e-03
   -5.247943e-03   -6.544701e-04   -3.020522e-03
   -5.247943e-03   -6.544701e-04    3.020522e-03
    2.993041e-03    1.565749e-02   -1.739116e-24

Tue Dec 20 15:12:40 2022
Mission success
