Evaluation for diabatz
Yifan Shen 2021

Echo of user command line input:
/home/yshen/Software/Mine/diabatz/tools/eval/v1/eval.exe -d default pretrain-IntCoordDef pretrain-SAS.in pretrain-Hd.in pretrain-Hd.net pretrain-11.in pretrain-12.in pretrain-13.in pretrain-14.in pretrain-22.in pretrain-23.in pretrain-24.in pretrain-33.in pretrain-34.in pretrain-44.in default IntCoordDef SAS.in Hd.in Hd.net 11.in 12.in 13.in 14.in 22.in 23.in 24.in 33.in 34.in 44.in -x /home/yshen/C6H7N-aniline/Columbus/mex-B1-B2/mex-B1-B2.xyz -a -g

Tue Dec 20 15:12:40 2022

energy =
    7.884924e-03    1.812493e-01    1.819417e-01    2.390722e-01

states are:
   -9.999999e-01    0.000000e+00   -5.253563e-04    0.000000e+00
   -5.253563e-04    0.000000e+00    9.999999e-01    0.000000e+00
   -0.000000e+00   -9.999224e-01    0.000000e+00    1.246016e-02
   -0.000000e+00    1.246016e-02    0.000000e+00    9.999224e-01

energy gradient of state 1 =
    1.474870e-02   -4.487181e-03    2.559396e-19
   -2.154777e-02   -1.532205e-03    3.121724e-19
   -3.253276e-02    9.207717e-04   -2.888304e-02
   -3.253276e-02    9.207717e-04    2.888304e-02
    2.847217e-02    2.286764e-04   -2.769049e-02
    2.847217e-02    2.286764e-04    2.769049e-02
    1.348962e-02   -1.134407e-04   -7.260565e-19
    7.317616e-04    1.694336e-03   -1.719844e-03
    7.317616e-04    1.694336e-03    1.719844e-03
    2.308207e-04    4.387682e-04    7.184545e-04
    2.308207e-04    4.387682e-04   -7.184545e-04
    1.841087e-04   -3.723478e-04    9.262339e-04
    1.841087e-04   -3.723478e-04   -9.262339e-04
   -8.627599e-04    3.124173e-04   -2.429876e-24

energy gradient of state 2 =
   -4.299356e-03    3.880754e-03    1.165892e-18
    5.947403e-03   -3.410281e-03   -1.586065e-19
   -7.476478e-03    2.109048e-04    6.639899e-04
   -7.476478e-03    2.109048e-04   -6.639899e-04
    6.253374e-03    6.065400e-04   -1.752779e-03
    6.253374e-03    6.065400e-04    1.752779e-03
   -1.551740e-04   -1.068629e-04    4.212893e-19
    7.464681e-04   -9.816678e-04    1.186211e-04
    7.464681e-04   -9.816678e-04   -1.186211e-04
    8.480847e-05    2.311458e-04   -6.378350e-04
    8.480847e-05    2.311458e-04    6.378350e-04
   -1.303055e-04   -1.436409e-04   -1.623298e-04
   -1.303055e-04   -1.436409e-04    1.623298e-04
   -4.486079e-04   -2.101738e-04    1.149991e-24

energy gradient of state 3 =
   -5.288079e-02    2.673608e-02    3.720179e-18
    3.826903e-02   -1.246794e-02   -1.337409e-19
   -5.251999e-02   -8.371368e-04   -1.199625e-04
   -5.251999e-02   -8.371368e-04    1.199625e-04
    4.335865e-02    7.547810e-04   -1.258273e-02
    4.335865e-02    7.547810e-04    1.258273e-02
    1.101199e-02    5.168896e-04   -9.747385e-20
    1.000135e-02   -6.850294e-03    9.173575e-03
    1.000135e-02   -6.850294e-03   -9.173575e-03
   -4.000242e-04   -3.398108e-04   -1.494558e-03
   -4.000242e-04   -3.398108e-04    1.494558e-03
    1.220468e-03   -6.967199e-05    7.974937e-04
    1.220468e-03   -6.967199e-05   -7.974937e-04
    2.788750e-04   -1.007658e-04    4.264169e-25

energy gradient of state 4 =
   -2.928904e-02    2.760189e-03    4.089352e-18
    2.324128e-02   -1.919614e-03    3.251198e-19
    8.366179e-04   -7.891097e-04   -2.780171e-02
    8.366179e-04   -7.891097e-04    2.780171e-02
   -1.139866e-02   -5.065423e-04   -3.813287e-02
   -1.139866e-02   -5.065423e-04    3.813287e-02
    9.664675e-03    1.470343e-04   -8.220862e-19
    6.709228e-03    3.578827e-04    2.423687e-03
    6.709228e-03    3.578827e-04   -2.423687e-03
   -6.068901e-04    2.209812e-04   -2.181536e-03
   -6.068901e-04    2.209812e-04    2.181536e-03
    1.326271e-03    9.449905e-05    7.727231e-04
    1.326271e-03    9.449905e-05   -7.727231e-04
    2.649946e-03    2.569689e-04   -2.067942e-24

nonadiabatic coupling between state 1 and 2 =
    1.476692e-18    9.688259e-19   -1.007540e-01
   -1.358265e-17   -3.632054e-19    6.264663e-01
    4.515692e-01    2.093514e-02   -2.443796e-01
   -4.515692e-01   -2.093514e-02   -2.443796e-01
   -4.533414e-01   -2.068662e-03   -2.766588e-01
    4.533414e-01    2.068662e-03   -2.766588e-01
   -1.186892e-18   -3.390292e-21    5.827808e-01
   -1.220393e-02   -3.670338e-03    2.123338e-03
    1.220393e-02    3.670338e-03    2.123338e-03
   -2.200776e-03   -2.918971e-03   -1.053746e-02
    2.200776e-03    2.918971e-03   -1.053746e-02
   -1.893861e-02   -1.989209e-03   -1.838562e-02
    1.893861e-02    1.989209e-03   -1.838562e-02
    5.619324e-24    0.000000e+00   -1.281673e-02

nonadiabatic coupling between state 1 and 3 =
   -2.748551e-02    4.987004e-02   -6.727393e-19
   -1.615601e-02   -9.563735e-02    3.765264e-20
   -2.608937e-03   -5.587985e-02   -1.001708e-02
   -2.608937e-03   -5.587985e-02    1.001708e-02
    1.550008e-03    2.404092e-04   -5.419408e-03
    1.550008e-03    2.404092e-04    5.419408e-03
   -2.126941e-03    6.466914e-02   -3.979296e-19
    3.106403e-02    2.632012e-02    7.480771e-02
    3.106403e-02    2.632012e-02   -7.480771e-02
   -2.265155e-03    1.496554e-02   -5.309704e-04
   -2.265155e-03    1.496554e-02    5.309704e-04
   -3.532997e-03    8.889668e-04   -1.430562e-03
   -3.532997e-03    8.889668e-04    1.430562e-03
   -2.645431e-03    8.027767e-03   -5.476693e-23

nonadiabatic coupling between state 1 and 4 =
   -4.242417e-19   -2.844308e-19    1.278014e-03
   -3.605044e-19    4.612384e-20    1.299968e-02
    4.596018e-03   -5.957144e-02   -6.655487e-03
   -4.596018e-03    5.957144e-02   -6.655487e-03
   -4.384275e-03   -4.748704e-02   -3.867481e-03
    4.384275e-03    4.748704e-02   -3.867481e-03
   -3.024001e-20   -3.508140e-22    8.770540e-03
    5.072068e-03    4.453045e-03    5.309753e-04
   -5.072068e-03   -4.453045e-03    5.309753e-04
   -9.353550e-04    3.472124e-02   -1.388062e-03
    9.353550e-04   -3.472124e-02   -1.388062e-03
   -8.484872e-05    2.511975e-02   -6.082376e-04
    8.484872e-05   -2.511975e-02   -6.082376e-04
   -4.070223e-25    0.000000e+00    9.283493e-04

nonadiabatic coupling between state 2 and 3 =
    2.222656e-16    1.401903e-16   -6.363993e+00
    2.569262e-16   -2.365859e-17   -1.601076e+00
   -7.987409e-01    1.055296e+01    2.378598e+00
    7.987409e-01   -1.055296e+01    2.378598e+00
   -1.714631e+00   -4.630294e+00   -9.141837e-02
    1.714631e+00    4.630294e+00   -9.141837e-02
    3.327093e-18    1.379122e-19    1.421513e+00
   -8.193039e-01   -2.133839e+00    2.042320e-01
    8.193039e-01    2.133839e+00    2.042320e-01
   -8.606915e-01   -2.859009e+00    8.572775e-01
    8.606915e-01    2.859009e+00    8.572775e-01
   -6.516252e-01    3.698124e-01    2.098116e-01
    6.516252e-01   -3.698124e-01    2.098116e-01
    2.514194e-22    0.000000e+00   -5.734453e-01

nonadiabatic coupling between state 2 and 4 =
    8.673939e-02   -1.464655e-02    2.204079e-18
   -6.238275e-02    2.064133e-01   -1.052663e-19
   -2.506728e-03   -5.999752e-02   -2.671833e-04
   -2.506728e-03   -5.999752e-02    2.671833e-04
    2.214416e-02   -5.145677e-02    1.263147e-02
    2.214416e-02   -5.145677e-02   -1.263147e-02
   -2.381575e-02    6.649898e-02    7.347389e-19
   -2.227287e-02   -1.600691e-02   -4.729363e-02
   -2.227287e-02   -1.600691e-02    4.729363e-02
    5.772361e-03   -9.186277e-03    8.571930e-03
    5.772361e-03   -9.186277e-03   -8.571930e-03
   -5.325944e-03   -2.639771e-04   -3.789457e-03
   -5.325944e-03   -2.639771e-04    3.789457e-03
    3.837136e-03    1.555716e-02   -1.058178e-22

nonadiabatic coupling between state 3 and 4 =
    2.787755e-18    2.095120e-18    2.561719e-02
   -1.288384e-17   -5.270134e-19    4.650681e-01
   -1.894800e-01    5.445399e-04   -1.209346e-01
    1.894800e-01   -5.445399e-04   -1.209346e-01
    7.312919e-01    5.883813e-04    3.777034e-01
   -7.312919e-01   -5.883813e-04    3.777034e-01
    2.584492e-18    1.966028e-20   -9.022536e-01
   -1.454991e-02   -1.486309e-02   -3.046477e-02
    1.454991e-02    1.486309e-02   -3.046477e-02
   -1.713432e-02    5.602099e-03    2.786231e-03
    1.713432e-02   -5.602099e-03    2.786231e-03
   -1.185175e-02   -3.015555e-03   -8.127765e-03
    1.185175e-02    3.015555e-03   -8.127765e-03
    1.330944e-23    0.000000e+00   -3.035660e-02

Tue Dec 20 15:12:41 2022
Mission success
