Evaluation for diabatz
Yifan Shen 2021

Echo of user command line input:
/home/yshen/Software/Mine/diabatz/tools/eval/v1/eval.exe -d default pretrain-IntCoordDef pretrain-SAS.in pretrain-Hd.in pretrain-Hd.net pretrain-11.in pretrain-12.in pretrain-13.in pretrain-14.in pretrain-22.in pretrain-23.in pretrain-24.in pretrain-33.in pretrain-34.in pretrain-44.in default IntCoordDef SAS.in Hd.in Hd.net 11.in 12.in 13.in 14.in 22.in 23.in 24.in 33.in 34.in 44.in -x /home/yshen/C6H7N-aniline/Columbus/other/plot/C-NH2_oop/mex-B1-B2_somewhat-min-A1/0/geom.xyz -a -g

Tue Dec 20 15:12:41 2022

energy =
    8.001474e-03    1.814552e-01    1.833434e-01    2.393765e-01

states are:
   -9.999983e-01    0.000000e+00   -1.828647e-03    0.000000e+00
   -1.828647e-03    0.000000e+00    9.999983e-01    0.000000e+00
   -0.000000e+00   -9.999078e-01    0.000000e+00    1.358002e-02
   -0.000000e+00    1.358002e-02    0.000000e+00    9.999078e-01

energy gradient of state 1 =
    1.452568e-02   -3.331711e-03   -1.610485e-18
   -2.183132e-02   -2.040394e-03   -1.479983e-18
   -3.403717e-02    1.048441e-03   -2.902971e-02
   -3.403717e-02    1.048441e-03    2.902971e-02
    2.996446e-02    2.156828e-04   -2.819676e-02
    2.996446e-02    2.156828e-04    2.819676e-02
    1.378414e-02   -1.568410e-04   -7.687032e-19
    8.155823e-04    1.279790e-03    1.794134e-04
    8.155823e-04    1.279790e-03   -1.794134e-04
    2.102143e-04    4.501532e-04    5.952807e-04
    2.102143e-04    4.501532e-04   -5.952807e-04
    2.404890e-04   -3.888041e-04    8.450204e-04
    2.404890e-04   -3.888041e-04   -8.450204e-04
   -8.656613e-04    3.184203e-04   -1.260247e-24

energy gradient of state 2 =
   -4.775941e-03    5.642976e-03   -1.982955e-18
    6.768686e-03   -4.090291e-03   -1.153537e-18
   -9.651583e-03    2.256054e-04    8.854549e-04
   -9.651583e-03    2.256054e-04   -8.854549e-04
    8.234564e-03    6.508999e-04   -2.210274e-03
    8.234564e-03    6.508999e-04    2.210274e-03
   -3.445146e-04   -1.166602e-04   -3.102003e-20
    8.198756e-04   -1.584375e-03    1.961801e-03
    8.198756e-04   -1.584375e-03   -1.961801e-03
    9.057833e-05    2.507222e-04   -7.923766e-04
    9.057833e-05    2.507222e-04    7.923766e-04
   -8.908277e-05   -1.529705e-04   -2.037488e-04
   -8.908277e-05   -1.529705e-04    2.037488e-04
   -4.569349e-04   -2.157880e-04    6.019684e-25

energy gradient of state 3 =
   -5.288377e-02    2.775414e-02   -1.495333e-17
    3.833476e-02   -1.321256e-02   -2.213215e-18
   -5.400343e-02   -7.881664e-04    1.161486e-04
   -5.400343e-02   -7.881664e-04   -1.161486e-04
    4.466651e-02    7.627654e-04   -1.286750e-02
    4.466651e-02    7.627654e-04    1.286750e-02
    1.115696e-02    4.955662e-04   -3.657810e-19
    9.993571e-03   -7.028460e-03    1.048418e-02
    9.993571e-03   -7.028460e-03   -1.048418e-02
   -3.873464e-04   -3.365137e-04   -1.543517e-03
   -3.873464e-04   -3.365137e-04    1.543517e-03
    1.262133e-03   -8.397574e-05    7.535381e-04
    1.262133e-03   -8.397574e-05   -7.535381e-04
    3.291830e-04   -8.844951e-05    1.677708e-25

energy gradient of state 4 =
   -2.858703e-02    3.092906e-03   -1.235303e-17
    2.185185e-02   -1.714119e-03   -4.711505e-19
   -4.196435e-04   -1.017242e-03   -2.807750e-02
   -4.196435e-04   -1.017242e-03    2.807750e-02
   -1.021773e-02   -5.302897e-04   -3.878649e-02
   -1.021773e-02   -5.302897e-04    3.878649e-02
    1.014971e-02    1.958418e-04   -9.992949e-19
    6.594102e-03    2.957505e-04    3.966563e-03
    6.594102e-03    2.957505e-04   -3.966563e-03
   -5.035602e-04    1.893476e-04   -2.339974e-03
   -5.035602e-04    1.893476e-04    2.339974e-03
    1.462931e-03    1.207016e-04    7.222552e-04
    1.462931e-03    1.207016e-04   -7.222552e-04
    2.753270e-03    3.088363e-04   -1.256095e-24

nonadiabatic coupling between state 1 and 2 =
    1.260598e-18    6.229812e-19   -9.742347e-02
   -1.296694e-17    2.662100e-19    6.275995e-01
    4.520977e-01    2.063588e-02   -2.457804e-01
   -4.520977e-01   -2.063588e-02   -2.457804e-01
   -4.536410e-01   -1.252085e-03   -2.772461e-01
    4.536410e-01    1.252085e-03   -2.772461e-01
    8.530030e-18   -8.412826e-21    5.828108e-01
   -1.181330e-02   -4.035774e-03    1.407816e-03
    1.181330e-02    4.035774e-03    1.407816e-03
   -2.026383e-03   -3.003318e-03   -1.054212e-02
    2.026383e-03    3.003318e-03   -1.054212e-02
   -1.866497e-02   -1.949720e-03   -1.827636e-02
    1.866497e-02    1.949720e-03   -1.827636e-02
   -2.432912e-24    0.000000e+00   -1.211246e-02

nonadiabatic coupling between state 1 and 3 =
   -2.686875e-02    5.152686e-02   -7.695421e-19
   -1.759749e-02   -9.831040e-02    3.559143e-19
   -2.334167e-03   -5.643511e-02   -1.048381e-02
   -2.334167e-03   -5.643511e-02    1.048381e-02
    1.636971e-03    4.696328e-04   -5.928996e-03
    1.636971e-03    4.696328e-04    5.928996e-03
   -2.147479e-03    6.542951e-02   -2.592854e-19
    3.176423e-02    2.680672e-02    7.541633e-02
    3.176423e-02    2.680672e-02   -7.541633e-02
   -2.462366e-03    1.487956e-02   -7.950063e-04
   -2.462366e-03    1.487956e-02    7.950063e-04
   -3.850891e-03    8.845431e-04   -1.154823e-03
   -3.850891e-03    8.845431e-04    1.154823e-03
   -2.893837e-03    8.143345e-03   -2.829726e-23

nonadiabatic coupling between state 1 and 4 =
   -3.150475e-19   -2.119324e-19    9.366778e-04
   -3.647183e-19   -5.562041e-20    1.378910e-02
    4.858083e-03   -6.017328e-02   -6.971523e-03
   -4.858083e-03    6.017328e-02   -6.971523e-03
   -4.992675e-03   -4.751066e-02   -4.305599e-03
    4.992675e-03    4.751066e-02   -4.305599e-03
    1.849686e-19   -5.433383e-22    9.784816e-03
    5.356264e-03    4.334376e-03    6.975679e-04
   -5.356264e-03   -4.334376e-03    6.975679e-04
   -9.304528e-04    3.488361e-02   -1.505285e-03
    9.304528e-04   -3.488361e-02   -1.505285e-03
   -4.612168e-05    2.542459e-02   -6.365360e-04
    4.612168e-05   -2.542459e-02   -6.365360e-04
    1.872328e-25    0.000000e+00    9.321544e-04

nonadiabatic coupling between state 2 and 3 =
    6.462520e-17    3.979068e-17   -2.461323e+00
    9.276765e-17    8.390224e-18   -5.414731e-01
   -2.387689e-01    3.936716e+00    8.776209e-01
    2.387689e-01   -3.936716e+00    8.776209e-01
   -7.238046e-01   -1.711295e+00   -6.765693e-02
    7.238046e-01    1.711295e+00   -6.765693e-02
    9.145525e-19    6.471697e-20    6.149029e-01
   -3.131212e-01   -8.247812e-01    8.774288e-02
    3.131212e-01    8.247812e-01    8.774288e-02
   -3.306689e-01   -1.041981e+00    3.305225e-01
    3.306689e-01    1.041981e+00    3.305225e-01
   -2.474435e-01    1.208606e-01    7.498320e-02
    2.474435e-01   -1.208606e-01    7.498320e-02
   -4.389436e-23    0.000000e+00   -2.185319e-01

nonadiabatic coupling between state 2 and 4 =
    8.696119e-02   -1.264447e-02   -2.111441e-18
   -6.318807e-02    2.038215e-01    2.792752e-20
   -2.003116e-03   -5.838506e-02   -1.005517e-03
   -2.003116e-03   -5.838506e-02    1.005517e-03
    2.183927e-02   -5.126348e-02    1.199035e-02
    2.183927e-02   -5.126348e-02   -1.199035e-02
   -2.402671e-02    6.568212e-02    4.089574e-19
   -2.237040e-02   -1.691132e-02   -4.724308e-02
   -2.237040e-02   -1.691132e-02    4.724308e-02
    5.972459e-03   -9.435053e-03    8.814186e-03
    5.972459e-03   -9.435053e-03   -8.814186e-03
   -5.399402e-03   -9.765206e-05   -4.092894e-03
   -5.399402e-03   -9.765206e-05    4.092894e-03
    4.175964e-03    1.532595e-02   -5.313675e-23

nonadiabatic coupling between state 3 and 4 =
    3.765346e-18    1.366889e-18    3.720261e-02
   -1.270197e-17    3.163159e-19    4.792359e-01
   -1.864141e-01    9.595168e-04   -1.267758e-01
    1.864141e-01   -9.595168e-04   -1.267758e-01
    7.400159e-01   -9.647465e-04    3.818495e-01
   -7.400159e-01    9.647465e-04    3.818495e-01
   -1.652699e-17    3.275533e-20   -9.141878e-01
   -1.469980e-02   -1.769821e-02   -3.467159e-02
    1.469980e-02    1.769821e-02   -3.467159e-02
   -1.696026e-02    6.109671e-03    2.939464e-03
    1.696026e-02   -6.109671e-03    2.939464e-03
   -1.168523e-02   -3.205136e-03   -8.962881e-03
    1.168523e-02    3.205136e-03   -8.962881e-03
   -6.228296e-24    0.000000e+00   -3.100811e-02

Tue Dec 20 15:12:43 2022
Mission success
