Evaluation for diabatz
Yifan Shen 2021

Echo of user command line input:
/home/yshen/Software/Mine/diabatz/tools/eval/v1/eval.exe -d default pretrain-IntCoordDef pretrain-SAS.in pretrain-Hd.in pretrain-Hd.net pretrain-11.in pretrain-12.in pretrain-13.in pretrain-14.in pretrain-22.in pretrain-23.in pretrain-24.in pretrain-33.in pretrain-34.in pretrain-44.in default IntCoordDef SAS.in Hd.in Hd.net 11.in 12.in 13.in 14.in 22.in 23.in 24.in 33.in 34.in 44.in -x /home/yshen/C6H7N-aniline/Columbus/other/plot/C-NH2_oop/mex-B1-B2_somewhat-min-A1/1/geom.xyz -a -g

Tue Dec 20 15:12:43 2022

energy =
    8.215942e-03    1.817783e-01    1.848198e-01    2.397400e-01

states are:
   -9.999946e-01   -6.391326e-07    3.271820e-03    3.714004e-08
   -3.271820e-03    5.630704e-07   -9.999946e-01   -9.398675e-07
   -6.367169e-07    9.998918e-01    5.512715e-07    1.470863e-02
    4.343470e-08   -1.470863e-02   -9.481951e-07    9.998918e-01

energy gradient of state 1 =
    1.433110e-02   -2.030746e-03   -5.139851e-07
   -2.217326e-02   -2.593686e-03   -1.033665e-06
   -3.555071e-02    1.194509e-03   -2.918621e-02
   -3.555212e-02    1.182602e-03    2.918622e-02
    3.146682e-02    2.040661e-04   -2.870636e-02
    3.146626e-02    1.921209e-04    2.870749e-02
    1.408071e-02   -2.049820e-04    3.847496e-07
    9.091498e-04    8.111107e-04    2.260060e-03
    9.090327e-04    8.118773e-04   -2.259343e-03
    1.917491e-04    4.601705e-04    4.739419e-04
    1.919461e-04    4.603582e-04   -4.741072e-04
    2.971620e-04   -4.054152e-04    7.633861e-04
    2.970302e-04   -4.050785e-04   -7.638915e-04
   -8.648626e-04    3.230931e-04   -1.387291e-08

energy gradient of state 2 =
   -5.271111e-03    7.598596e-03    1.163533e-06
    7.567090e-03   -4.841002e-03   -1.936264e-06
   -1.183379e-02    2.487643e-04    1.108318e-03
   -1.183315e-02    2.493018e-04   -1.106994e-03
    1.022465e-02    6.908159e-04   -2.661733e-03
    1.022434e-02    6.896649e-04    2.662257e-03
   -5.514376e-04   -1.258143e-04    2.982509e-07
    9.172181e-04   -2.254069e-03    3.998789e-03
    9.171356e-04   -2.252600e-03   -3.999323e-03
    9.997657e-05    2.717394e-04   -9.468103e-04
    1.002193e-04    2.713307e-04    9.464295e-04
   -4.928336e-05   -1.626382e-04   -2.460428e-04
   -4.942732e-05   -1.627310e-04    2.457008e-04
   -4.624265e-04   -2.213579e-04   -1.169130e-07

energy gradient of state 3 =
   -5.293842e-02    2.875619e-02    4.786018e-06
    3.839108e-02   -1.399133e-02   -2.738305e-06
   -5.552347e-02   -7.291857e-04    3.725578e-04
   -5.552375e-02   -7.289444e-04   -3.734626e-04
    4.601613e-02    7.737053e-04   -1.314304e-02
    4.601580e-02    7.681626e-04    1.314469e-02
    1.131703e-02    4.669566e-04    4.735463e-07
    1.000153e-02   -7.192976e-03    1.198853e-02
    1.000174e-02   -7.188185e-03   -1.199086e-02
   -3.725605e-04   -3.296752e-04   -1.594063e-03
   -3.723075e-04   -3.303415e-04    1.593384e-03
    1.301579e-03   -1.002865e-04    7.088093e-04
    1.301540e-03   -9.996366e-05   -7.089930e-04
    3.840676e-04   -7.413117e-05   -7.899567e-08

energy gradient of state 4 =
   -2.800812e-02    3.480078e-03   -9.103045e-08
    2.065128e-02   -1.562743e-03   -8.945486e-07
   -1.660003e-03   -1.219260e-03   -2.833254e-02
   -1.660560e-03   -1.230817e-03    2.833358e-02
   -9.051147e-03   -5.414484e-04   -3.939691e-02
   -9.052333e-03   -5.577813e-04    3.939620e-02
    1.056184e-02    2.297089e-04    6.536681e-07
    6.514288e-03    2.207313e-04    5.764957e-03
    6.514278e-03    2.229180e-04   -5.764316e-03
   -4.042421e-04    1.545559e-04   -2.490696e-03
   -4.040061e-04    1.535212e-04    2.490172e-03
    1.582684e-03    1.447869e-04    6.722611e-04
    1.582568e-03    1.450964e-04   -6.724425e-04
    2.833468e-03    3.606526e-04    5.907933e-08

nonadiabatic coupling between state 1 and 2 =
   -3.260211e-06   -1.921283e-05    9.396228e-02
    9.913143e-06    1.291002e-04   -6.287522e-01
   -4.526701e-01   -2.027795e-02    2.472072e-01
    4.526648e-01    2.017607e-02    2.472314e-01
    4.539582e-01    3.264248e-04    2.778762e-01
   -4.539666e-01   -4.406713e-04    2.778598e-01
    8.719097e-06    1.199338e-04   -5.828418e-01
    1.139323e-02    4.422289e-03   -6.808377e-04
   -1.139315e-02   -4.421960e-03   -6.833749e-04
    1.845863e-03    3.080028e-03    1.055655e-02
   -1.846720e-03   -3.084316e-03    1.055623e-02
    1.836786e-02    1.892914e-03    1.817036e-02
   -1.836816e-02   -1.900357e-03    1.816946e-02
   -5.673905e-07   -2.300473e-06    1.136876e-02

nonadiabatic coupling between state 1 and 3 =
    2.610610e-02   -5.328445e-02   -1.048519e-05
    1.910013e-02    1.010304e-01    2.083169e-05
    2.026631e-03    5.704341e-02    1.095420e-02
    2.027290e-03    5.704744e-02   -1.093050e-02
   -1.720959e-03   -7.280054e-04    6.455036e-03
   -1.721067e-03   -7.252156e-04   -6.455198e-03
    2.162737e-03   -6.620983e-02   -1.377214e-05
   -3.240714e-02   -2.726129e-02   -7.577041e-02
   -3.240954e-02   -2.729263e-02    7.575820e-02
    2.666755e-03   -1.479783e-02    1.079178e-03
    2.666781e-03   -1.479712e-02   -1.085199e-03
    4.175782e-03   -8.764722e-04    8.539750e-04
    4.175777e-03   -8.761045e-04   -8.542020e-04
    3.150727e-03   -8.272330e-03   -1.646463e-06

nonadiabatic coupling between state 1 and 4 =
    4.142453e-08   -1.435946e-07    5.281672e-04
   -2.370760e-07   -2.843828e-06    1.462237e-02
    5.141254e-03   -6.082025e-02   -7.304289e-03
   -5.140962e-03    6.082335e-02   -7.279403e-03
   -5.651261e-03   -4.754257e-02   -4.789282e-03
    5.651401e-03    4.754444e-02   -4.769586e-03
   -1.705295e-07   -2.226140e-06    1.088318e-02
    5.635973e-03    4.212554e-03    8.837250e-04
   -5.636110e-03   -4.213004e-03    8.820433e-04
   -9.245424e-04    3.506571e-02   -1.621654e-03
    9.245965e-04   -3.506506e-02   -1.636068e-03
   -5.709468e-06    2.575135e-02   -6.591259e-04
    5.743925e-06   -2.575110e-02   -6.697056e-04
   -1.757454e-08   -1.907732e-07    9.296254e-04

nonadiabatic coupling between state 2 and 3 =
    3.675742e-05    3.261553e-04   -1.604344e+00
   -3.336384e-06    7.007519e-05   -3.034994e-01
   -1.096159e-01    2.484180e+00    5.456549e-01
    1.096140e-01   -2.484410e+00    5.446333e-01
   -5.135208e-01   -1.070647e+00   -6.620478e-02
    5.135069e-01    1.070672e+00   -6.575210e-02
   -8.999083e-06   -9.165551e-05    4.455120e-01
   -2.015013e-01   -5.367150e-01    6.198223e-02
    2.014966e-01    5.366894e-01    6.221540e-02
   -2.143674e-01   -6.423383e-01    2.150892e-01
    2.143606e-01    6.422524e-01    2.153603e-01
   -1.585548e-01    6.540796e-02    4.490578e-02
    1.585541e-01   -6.542635e-02    4.488751e-02
    3.592449e-06    3.034091e-05   -1.404402e-01

nonadiabatic coupling between state 2 and 4 =
   -8.668901e-02    1.053994e-02    7.506849e-07
    6.375225e-02   -2.006694e-01   -3.989849e-05
    1.386772e-03    5.656628e-02    1.838353e-03
    1.386874e-03    5.656686e-02   -1.815254e-03
   -2.137328e-02    5.095825e-02   -1.120978e-02
   -2.137424e-02    5.095395e-02    1.123036e-02
    2.416898e-02   -6.469821e-02   -1.327742e-05
    2.234685e-02    1.780036e-02    4.692137e-02
    2.234835e-02    1.781977e-02   -4.691339e-02
   -6.168120e-03    9.663811e-03   -9.044868e-03
   -6.168362e-03    9.660012e-03    9.048655e-03
    5.454199e-03   -5.740280e-05    4.418581e-03
    5.454412e-03   -5.568067e-05   -4.418418e-03
   -4.525676e-03   -1.504859e-02   -3.189811e-06

nonadiabatic coupling between state 3 and 4 =
   -6.822566e-06    1.100908e-05   -4.955659e-02
    6.784253e-06    1.007327e-04   -4.944412e-01
    1.829942e-01   -1.404152e-03    1.330574e-01
   -1.829911e-01    1.349612e-03    1.330663e-01
   -7.491941e-01    2.725648e-03   -3.861843e-01
    7.492140e-01   -2.566845e-03   -3.861683e-01
   -1.669340e-05   -1.906172e-04    9.267528e-01
    1.481393e-02    2.087745e-02    3.911410e-02
   -1.481494e-02   -2.089367e-02    3.910363e-02
    1.674534e-02   -6.645069e-03   -3.081045e-03
   -1.674429e-02    6.646504e-03   -3.079527e-03
    1.150468e-02    3.399685e-03    9.858808e-03
   -1.150729e-02   -3.403743e-03    9.852911e-03
   -3.659427e-06   -6.547374e-06    3.170502e-02

Tue Dec 20 15:12:44 2022
Mission success
