 Trust region warning: step length has converged, but residual has not met accur
 acy goal
 Final residual =   3.706571504091623E-009
 Trust region warning: step length has converged, but residual has not met accur
 acy goal
 Final residual =   3.821454639345715E-011
 Trust region warning: step length has converged, but residual has not met accur
 acy goal
 Final residual =   1.527263152561402E-008
 Trust region warning: step length has converged, but residual has not met accur
 acy goal
 Final residual =   1.648000771199307E-008
 Trust region warning: step length has converged, but residual has not met accur
 acy goal
 Final residual =   2.189775847745277E-008
 Trust region warning: step length has converged, but residual has not met accur
 acy goal
 Final residual =   5.826199126518166E-009
 Trust region warning: step length has converged, but residual has not met accur
 acy goal
 Final residual =   1.849226394424194E-009
 Trust region warning: step length has converged, but residual has not met accur
 acy goal
 Final residual =   6.143073699647340E-009
 Trust region warning: step length has converged, but residual has not met accur
 acy goal
 Final residual =   6.744739100639188E-009
 Trust region warning: step length has converged, but residual has not met accur
 acy goal
 Final residual =   9.531233207787139E-009
 Trust region warning: step length has converged, but residual has not met accur
 acy goal
 Final residual =   3.857691878281938E-009
 Trust region warning: step length has converged, but residual has not met accur
 acy goal
 Final residual =   6.053646058342453E-009
 Trust region warning: step length has converged, but residual has not met accur
 acy goal
 Final residual =   6.100206918695538E-009
 Trust region warning: step length has converged, but residual has not met accur
 acy goal
 Final residual =   6.055685034885569E-009
 Trust region warning: step length has converged, but residual has not met accur
 acy goal
 Final residual =   1.623186903520594E-008
 Trust region warning: step length has converged, but residual has not met accur
 acy goal
 Final residual =   7.344194982482410E-009
 Trust region warning: step length has converged, but residual has not met accur
 acy goal
 Final residual =   2.458927780247370E-008
 Trust region warning: step length has converged, but residual has not met accur
 acy goal
 Final residual =   1.737005512001339E-008
 Trust region warning: step length has converged, but residual has not met accur
 acy goal
 Final residual =   1.490246809587509E-008
 Trust region warning: step length has converged, but residual has not met accur
 acy goal
 Final residual =   1.369744741759058E-008
 Trust region warning: step length has converged, but residual has not met accur
 acy goal
 Final residual =   7.559343090616647E-009
 Trust region warning: step length has converged, but residual has not met accur
 acy goal
 Final residual =   1.009966149324303E-008
 Trust region warning: step length has converged, but residual has not met accur
 acy goal
 Final residual =   2.288319315098001E-008
 Trust region warning: step length has converged, but residual has not met accur
 acy goal
 Final residual =   2.711292361106049E-008
 Trust region warning: step length has converged, but residual has not met accur
 acy goal
 Final residual =   1.537822383067943E-008
 Trust region warning: step length has converged, but residual has not met accur
 acy goal
 Final residual =   8.344775409041204E-009
 Failed trust region: max iteration exceeded!
 Final residual =   3.699651749391313E-010
 Trust region warning: step length has converged, but residual has not met accur
 acy goal
 Final residual =   2.501672146531885E-008
 Trust region warning: step length has converged, but residual has not met accur
 acy goal
 Final residual =   5.606363282166005E-009
 Trust region warning: step length has converged, but residual has not met accur
 acy goal
 Final residual =   6.627204677409087E-009
 Trust region warning: step length has converged, but residual has not met accur
 acy goal
 Final residual =   4.176146273234945E-008
 Trust region warning: step length has converged, but residual has not met accur
 acy goal
 Final residual =   1.325696508268974E-008
 Trust region warning: step length has converged, but residual has not met accur
 acy goal
 Final residual =   1.574695313337604E-008
 Trust region warning: step length has converged, but residual has not met accur
 acy goal
 Final residual =   1.822959677060449E-008
 Trust region warning: step length has converged, but residual has not met accur
 acy goal
 Final residual =   7.966156984275087E-009
 Trust region warning: step length has converged, but residual has not met accur
 acy goal
 Final residual =   1.690797497130123E-008
 Trust region warning: step length has converged, but residual has not met accur
 acy goal
 Final residual =   1.538658840192262E-008
 Trust region warning: step length has converged, but residual has not met accur
 acy goal
 Final residual =   8.717099643523319E-009
 Trust region warning: step length has converged, but residual has not met accur
 acy goal
 Final residual =   3.134635316145104E-008
 Trust region warning: step length has converged, but residual has not met accur
 acy goal
 Final residual =   6.479676425958799E-009
 Trust region warning: step length has converged, but residual has not met accur
 acy goal
 Final residual =   4.815939525422221E-009
 Trust region warning: step length has converged, but residual has not met accur
 acy goal
 Final residual =   1.860981119670876E-008
 Trust region warning: step length has converged, but residual has not met accur
 acy goal
 Final residual =   2.763736051292171E-008
 Trust region warning: step length has converged, but residual has not met accur
 acy goal
 Final residual =   2.763736051292171E-008
 Trust region warning: step length has converged, but residual has not met accur
 acy goal
 Final residual =   1.704191465514277E-008
 Trust region warning: step length has converged, but residual has not met accur
 acy goal
 Final residual =   1.522937994493904E-008
 Trust region warning: step length has converged, but residual has not met accur
 acy goal
 Final residual =   1.288945158431921E-008
 Trust region warning: step length has converged, but residual has not met accur
 acy goal
 Final residual =   1.383303886389010E-008
 Trust region warning: step length has converged, but residual has not met accur
 acy goal
 Final residual =   3.941116327932588E-009
 Trust region warning: step length has converged, but residual has not met accur
 acy goal
 Final residual =   2.216375161948641E-008
 Trust region warning: step length has converged, but residual has not met accur
 acy goal
 Final residual =   1.814142373322550E-009
 Trust region warning: step length has converged, but residual has not met accur
 acy goal
 Final residual =   2.312863476993085E-008
 Trust region warning: step length has converged, but residual has not met accur
 acy goal
 Final residual =   6.506270560448686E-009
 Trust region warning: step length has converged, but residual has not met accur
 acy goal
 Final residual =   4.398888373685259E-009
 Trust region warning: step length has converged, but residual has not met accur
 acy goal
 Final residual =   1.040522922779501E-008
 Trust region warning: step length has converged, but residual has not met accur
 acy goal
 Final residual =   6.691815543035624E-009
 Trust region warning: step length has converged, but residual has not met accur
 acy goal
 Final residual =   1.061443875042594E-008
 Trust region warning: step length has converged, but residual has not met accur
 acy goal
 Final residual =   5.431582963329136E-009
 Trust region warning: step length has converged, but residual has not met accur
 acy goal
 Final residual =   3.072598624292016E-008
 Trust region warning: step length has converged, but residual has not met accur
 acy goal
 Final residual =   6.451283331825267E-009
 Trust region warning: step length has converged, but residual has not met accur
 acy goal
 Final residual =   2.970156800224062E-008
 Trust region warning: step length has converged, but residual has not met accur
 acy goal
 Final residual =   1.925702004112468E-008
 Trust region warning: step length has converged, but residual has not met accur
 acy goal
 Final residual =   1.432217159191785E-008
 Trust region warning: step length has converged, but residual has not met accur
 acy goal
 Final residual =   2.923944222543607E-010
 Trust region warning: step length has converged, but residual has not met accur
 acy goal
 Final residual =   1.777377851729809E-008
 Trust region warning: step length has converged, but residual has not met accur
 acy goal
 Final residual =   2.052500277938533E-008
 Trust region warning: step length has converged, but residual has not met accur
 acy goal
 Final residual =   1.553481470674641E-008
 Trust region warning: step length has converged, but residual has not met accur
 acy goal
 Final residual =   9.980886238538297E-009
 Trust region warning: step length has converged, but residual has not met accur
 acy goal
 Final residual =   1.910812251993575E-008
 Trust region warning: step length has converged, but residual has not met accur
 acy goal
 Final residual =   7.638201615396811E-009
 Trust region warning: step length has converged, but residual has not met accur
 acy goal
 Final residual =   1.021545046194035E-008
 Trust region warning: step length has converged, but residual has not met accur
 acy goal
 Final residual =   1.416778184000986E-008
 Trust region warning: step length has converged, but residual has not met accur
 acy goal
 Final residual =   1.426677566403663E-008
 Trust region warning: step length has converged, but residual has not met accur
 acy goal
 Final residual =   8.942512212207892E-009
 Trust region warning: step length has converged, but residual has not met accur
 acy goal
 Final residual =   3.047238790242771E-008
 Trust region warning: step length has converged, but residual has not met accur
 acy goal
 Final residual =   5.975891131131754E-009
 Trust region warning: step length has converged, but residual has not met accur
 acy goal
 Final residual =   2.022615331727281E-008
 Trust region warning: step length has converged, but residual has not met accur
 acy goal
 Final residual =   2.367500677431888E-009
 Trust region warning: step length has converged, but residual has not met accur
 acy goal
 Final residual =   9.634474726726333E-009
 Trust region warning: step length has converged, but residual has not met accur
 acy goal
 Final residual =   1.937481605609564E-009
 Trust region warning: step length has converged, but residual has not met accur
 acy goal
 Final residual =   1.483518919049306E-008
 Trust region warning: step length has converged, but residual has not met accur
 acy goal
 Final residual =   1.986491884147166E-008
 Trust region warning: step length has converged, but residual has not met accur
 acy goal
 Final residual =   1.936800766354198E-009
 Trust region warning: step length has converged, but residual has not met accur
 acy goal
 Final residual =   1.516873876255912E-008
 Trust region warning: step length has converged, but residual has not met accur
 acy goal
 Final residual =   8.191193388274527E-009
 Trust region warning: step length has converged, but residual has not met accur
 acy goal
 Final residual =   1.914479347163976E-008
 Trust region warning: step length has converged, but residual has not met accur
 acy goal
 Final residual =   1.029002700519650E-008
 Trust region warning: step length has converged, but residual has not met accur
 acy goal
 Final residual =   1.174055223067798E-009
 Trust region warning: step length has converged, but residual has not met accur
 acy goal
 Final residual =   8.114534879418786E-009
 Trust region warning: step length has converged, but residual has not met accur
 acy goal
 Final residual =   1.374089868142134E-008
 Trust region warning: step length has converged, but residual has not met accur
 acy goal
 Final residual =   6.739320315697050E-009
 Trust region warning: step length has converged, but residual has not met accur
 acy goal
 Final residual =   1.729158902501070E-009
 Trust region warning: step length has converged, but residual has not met accur
 acy goal
 Final residual =   2.382789394079649E-008
 Trust region warning: step length has converged, but residual has not met accur
 acy goal
 Final residual =   5.483433711549617E-009
 Trust region warning: step length has converged, but residual has not met accur
 acy goal
 Final residual =   2.101986377481963E-008
 Trust region warning: step length has converged, but residual has not met accur
 acy goal
 Final residual =   3.191113910615714E-008
 Trust region warning: step length has converged, but residual has not met accur
 acy goal
 Final residual =   2.684573787945857E-008
 Trust region warning: step length has converged, but residual has not met accur
 acy goal
 Final residual =   7.858303213903772E-009
 Trust region warning: step length has converged, but residual has not met accur
 acy goal
 Final residual =   2.558447405690389E-008
 Trust region warning: step length has converged, but residual has not met accur
 acy goal
 Final residual =   2.235594479390457E-008
 Trust region warning: step length has converged, but residual has not met accur
 acy goal
 Final residual =   2.197062393275970E-008
 Trust region warning: step length has converged, but residual has not met accur
 acy goal
 Final residual =   2.197062393275970E-008
Critics: a critical geometry searcher
Yifan Shen 2021

Echo of user command line input:
/home/yshen/Software/Mine/diabatz/tools/critics/v1/critics.exe -j min -f default -i opt.IntCoordDef -t 2 -d default IntCoordDef SAS.in pretrain-Hd.in pretrain-Hd.net pretrain-11.in pretrain-12.in pretrain-13.in pretrain-14.in pretrain-22.in pretrain-23.in pretrain-24.in pretrain-33.in pretrain-34.in pretrain-44.in default IntCoordDef SAS.in Hd.in Hd.net 11.in 12.in 13.in 14.in 22.in 23.in 24.in 33.in 34.in 44.in -x asym.xyz -c 22 24 26 27 28 29 30 31 32 33 34 35 36 -o min.xyz

Thu Dec  8 00:17:15 2022

Job type: min
The target electronic state is 2

Thu Dec  8 00:20:53 2022
Mission success
