Diabatz version 0.3.0
Yifan Shen 2021

Echo of user command line input:
/home/yshen/Software/Mine/diabatz/v0.3.0/diabatz.exe -f default -i IntCoordDef -s SAS.in -n Hd.in -l 11.in 12.in 13.in 14.in 22.in 23.in 24.in 33.in 34.in 44.in -d data/critical/min-A1/ data/critical/sad-A1/ data/critical/min-B1/ data/critical/min-B2/ data/critical/sad-B2/ data/critical/min-A2/ data/linear-path/min-B1_min-B2/ data/other/NH2-angles/list.txt data/other/benzene/list.txt data/other/in-benzene/list.txt data/other/out-of-benzene/list.txt -z -286.1075216397 -r reg-continue/reg -p reg-continue/prior -c replace-diag.net -m 10

Thu Apr 21 20:29:44 2022

The data set will be read from: 
    data/critical/min-A1/, data/critical/sad-A1/, data/critical/min-B1/, 
    data/critical/min-B2/, data/critical/sad-B2/, data/critical/min-A2/, 
    data/linear-path/min-B1_min-B2/, data/other/NH2-angles/H-N-H_from_min-B1/0-18_4-states/, 
    data/other/NH2-angles/H-N-H_from_min-B1/19_3-states/, data/other/NH2-angles/H-N-H_from_min-A1/, 
    data/other/NH2-angles/C-N-avgH_from_min-B1/0-11_4-states/, data/other/NH2-angles/C-N-avgH_from_min-B1/12-13_5to4-states/, 
    data/other/NH2-angles/C-out-of-NH2/0-9_4-states/, data/other/NH2-angles/C-out-of-NH2/10-14_5to4-states/, 
    data/other/NH2-angles/NH2-rotation_from_min-B1/0.1/, data/other/NH2-angles/NH2-rotation_from_min-B1/0.2/, 
    data/other/NH2-angles/NH2-rotation_from_min-B1/0.3/, data/other/NH2-angles/NH2-rotation_from_min-B1/0.4/, 
    data/other/NH2-angles/NH2-rotation_from_min-B1/0.5/, data/other/NH2-angles/NH2-rotation_from_min-B1/0.6/, 
    data/other/NH2-angles/NH2-rotation_from_min-B1/0.7/, data/other/NH2-angles/NH2-rotation_from_min-B1/0.8/, 
    data/other/NH2-angles/NH2-rotation_from_min-B1/0.9/, data/other/NH2-angles/NH2-rotation_from_min-B1/1.0/, 
    data/other/NH2-angles/NH2-rotation_from_min-B1/1.1/, data/other/NH2-angles/NH2-rotation_from_min-B1/1.2/, 
    data/other/NH2-angles/NH2-rotation_from_min-B1/1.3/, data/other/NH2-angles/NH2-rotation_from_min-B1/1.4/, 
    data/other/NH2-angles/NH2-rotation_from_min-B1/1.5/, data/other/NH2-angles/NH2-rotation_from_min-B1/1.6/, 
    data/other/NH2-angles/NH2-rotation_from_min-B1/1.7/, data/other/NH2-angles/NH2-rotation_from_min-B1/1.8/, 
    data/other/NH2-angles/NH2-rotation_from_min-B1/1.9/, data/other/NH2-angles/NH2-rotation_from_min-B1/2.0/, 
    data/other/NH2-angles/NH2-rotation_from_min-B1/2.1/, data/other/NH2-angles/NH2-rotation_from_min-B1/2.2/, 
    data/other/NH2-angles/NH2-rotation_from_min-A1/0.1/, data/other/NH2-angles/NH2-rotation_from_min-A1/0.2/, 
    data/other/NH2-angles/NH2-rotation_from_min-A1/0.3/, data/other/NH2-angles/NH2-rotation_from_min-A1/0.4/, 
    data/other/NH2-angles/NH2-rotation_from_min-A1/0.5/, data/other/NH2-angles/NH2-rotation_from_min-A1/0.6/, 
    data/other/NH2-angles/NH2-rotation_from_min-A1/0.7/, data/other/NH2-angles/NH2-rotation_from_min-A1/0.8/, 
    data/other/NH2-angles/NH2-rotation_from_min-A1/0.9/, data/other/NH2-angles/NH2-rotation_from_min-A1/1.0/, 
    data/other/NH2-angles/NH2-rotation_from_min-A1/1.1/, data/other/NH2-angles/NH2-rotation_from_min-A1/1.2/, 
    data/other/NH2-angles/NH2-rotation_from_min-A1/1.3/, data/other/NH2-angles/NH2-rotation_from_min-A1/1.4/, 
    data/other/NH2-angles/NH2-rotation_from_min-A1/1.5/, data/other/NH2-angles/NH2-rotation_from_min-A1/1.6/, 
    data/other/NH2-angles/NH2-rotation_from_min-A1/1.7/, data/other/NH2-angles/NH2-rotation_from_min-A1/1.8/, 
    data/other/NH2-angles/NH2-rotation_from_min-A1/1.9/, data/other/NH2-angles/NH2-rotation_from_min-A1/2.0/, 
    data/other/NH2-angles/NH2-rotation_from_min-A1/2.1/, data/other/NH2-angles/NH2-rotation_from_min-A1/2.2/, 
    data/other/benzene/A1-9/0-13_4-states/, data/other/benzene/A1-9/14-19_4-states/, data/other/benzene/A1-10/, 
    data/other/benzene/B1-14/0-5_4-states/, data/other/benzene/B1-14/6-9_4-states/, data/other/benzene/B1-15/, 
    data/other/benzene/B2-27/, data/other/benzene/A2-33/, data/other/in-benzene/A1-11/, 
    data/other/in-benzene/A1-12/, data/other/in-benzene/B2-28/, data/other/in-benzene/B2-29/, 
    data/other/in-benzene/B2-30/, data/other/out-of-benzene/B1-16_H/0-5_4-states/, 
    data/other/out-of-benzene/B1-16_H/6-10_4-states/, data/other/out-of-benzene/B1-17_H/0-9_4-states/, 
    data/other/out-of-benzene/B1-17_H/10-12_4-states/, data/other/out-of-benzene/B1-18_H/, 
    data/other/out-of-benzene/B1-19_N/0-2_4-states/, data/other/out-of-benzene/B1-19_N/3-4_4-states/, 
    data/other/out-of-benzene/A2-34_H/0-6_4-states/, data/other/out-of-benzene/A2-34_H/7_3-states/, 
    data/other/out-of-benzene/A2-34_H/8-10_4-states/, data/other/out-of-benzene/A2-35_H/0-2_4-states/, 
    data/other/out-of-benzene/A2-35_H/3-7_3-states/, 
There are 731 data points in adiabatic representation
          1 data points in composite representation

maximum ground state energy = 0.228122
maximum ||ground state energy gradient||_infinity = 0.156611
so we suggest to set gradient / energy scaling to around 0.686524

Got regularization strength, enable regularization

The number of threads = 4

Thread 1:
* owns 183 adiabatic data points
* owns 1 composite data points
* owns 0 energy-only data points
* starts with Jacobian row 0
Thread 2:
* owns 183 adiabatic data points
* owns 0 composite data points
* owns 0 energy-only data points
* starts with Jacobian row 32958
Thread 3:
* owns 183 adiabatic data points
* owns 0 composite data points
* owns 0 energy-only data points
* starts with Jacobian row 64049
Thread 4:
* owns 182 adiabatic data points
* owns 0 composite data points
* owns 0 energy-only data points
* starts with Jacobian row 98657

The data set corresponds to 128361 least square equations
There are 4292 parameters to train

The initial residue = 1.79493
 
2022 year  4 month 21 day 20:37: 1
 Iteration           1 , residue   1.12607495169817     
 
2022 year  4 month 21 day 20:40: 6
 Iteration           2 , residue   1.12082688936950     
 
2022 year  4 month 21 day 20:43:10
 Iteration           3 , residue   1.12082688936950     
 
2022 year  4 month 21 day 20:44: 0
 Iteration           4 , residue   1.12082688936950     
 
2022 year  4 month 21 day 20:44:50
 Iteration           5 , residue   1.12082688936950     
 
2022 year  4 month 21 day 20:45:41
 Iteration           6 , residue   1.11923020033196     
 
2022 year  4 month 21 day 20:48:46
 Iteration           7 , residue   1.11791740738696     
 
2022 year  4 month 21 day 20:51:52
 Iteration           8 , residue   1.11791740738696     
 
2022 year  4 month 21 day 20:52:43
 Iteration           9 , residue   1.11791740738696     
 
2022 year  4 month 21 day 20:53:34
 Iteration          10 , residue   1.11612303364058     
 
2022 year  4 month 21 day 20:56:45
 Iteration          11 , residue   1.11553193369485     
 
2022 year  4 month 21 day 21: 0: 2
 Iteration          12 , residue   1.11533136000988     
 
2022 year  4 month 21 day 21: 3: 9
 Iteration          13 , residue   1.11525501857320     
 
2022 year  4 month 21 day 21: 6:17
 Iteration          14 , residue   1.11521466134886     
 
2022 year  4 month 21 day 21: 9:27
 Iteration          15 , residue   1.11514443524064     
 Failed trust region: max iteration exceeded!
 Final residual =    1.11514443524064     
The final residue = 1.04254

Thu Apr 21 21:09:31 2022
Mission success
