Diabatz version 1.3.0
Yifan Shen 2021

Echo of user command line input:
/home/yshen57/Software/Mine/diabatz/v1.3.0/diabatz.exe --pretrained default IntCoordDef SAS.in pretrained_Hd.in pretrained_Hd.net pretrained_11.in -f default -i IntCoordDef -s SAS.in -n Hd.in -l 11.in -d data/critical/list.txt data/fast/list.txt data/slow/list.txt data/linear-path/list.txt data/other/A1-rotation/list.txt data/other/B1-rotation/list.txt data/artifact/asymptote/ -z -286.1075216397

Mon Feb 28 19:02:02 2022

The data set will be read from: 
    data/critical/min-A1/, data/critical/sad-A1/, data/critical/min-B1/, 
    data/critical/sad-B1/, data/critical/min-B2/, data/critical/sad-B2/, data/critical/min-A2/, 
    data/critical/sad-A2/, data/critical/mex-B1-B2/, data/critical/mex-B2-A2/, data/fast/0.7/, 
    data/fast/0.8/, data/fast/0.9/, data/fast/1.1/, data/fast/1.2/, data/fast/1.4/, 
    data/fast/1.5/, data/fast/1.6/, data/fast/1.7/, data/fast/1.9/, data/fast/2.0/, 
    data/fast/2.1/, data/fast/2.2/, data/fast/2.3/, data/fast/2.4/, data/fast/2.5/, 
    data/fast/2.6/, data/fast/2.7/, data/fast/2.8/, data/fast/2.9/, data/fast/3/, 
    data/fast/4/, data/fast/5/, data/fast/6/, data/fast/6_partial-loop/, data/slow/0.7/, 
    data/slow/0.8/, data/slow/0.9/, data/slow/1.1/, data/slow/1.2/, data/slow/1.3/, 
    data/slow/1.4/, data/slow/1.5/, data/slow/1.6/, data/slow/1.7/, 
    data/linear-path/min-B1_min-B2/, data/linear-path/1.1-fast-slow/, data/linear-path/1.2-fast-slow/, 
    data/linear-path/1.3-fast-slow/, data/linear-path/1.4-fast-slow/, data/linear-path/1.5-fast-slow/, 
    data/linear-path/1.6-fast-slow/, data/linear-path/1.7-fast-slow/, data/other/A1-rotation/0.1/, 
    data/other/A1-rotation/0.2/, data/other/A1-rotation/0.3/, data/other/A1-rotation/0.4/, 
    data/other/A1-rotation/0.5/, data/other/A1-rotation/0.6/, data/other/A1-rotation/0.7/, 
    data/other/A1-rotation/0.8/, data/other/A1-rotation/0.9/, data/other/A1-rotation/1.0/, 
    data/other/A1-rotation/1.1/, data/other/A1-rotation/1.2/, data/other/A1-rotation/1.3/, 
    data/other/A1-rotation/1.4/, data/other/A1-rotation/1.5/, data/other/A1-rotation/1.6/, 
    data/other/A1-rotation/1.7/, data/other/A1-rotation/1.8/, data/other/A1-rotation/1.9/, 
    data/other/A1-rotation/2.0/, data/other/A1-rotation/2.1/, data/other/A1-rotation/2.2/, 
    data/other/B1-rotation/0.1/, data/other/B1-rotation/0.2/, data/other/B1-rotation/0.3/, 
    data/other/B1-rotation/0.4/, data/other/B1-rotation/0.5/, data/other/B1-rotation/0.6/, 
    data/other/B1-rotation/0.7/, data/other/B1-rotation/0.8/, data/other/B1-rotation/0.9/, 
    data/other/B1-rotation/1.0/, data/other/B1-rotation/1.1/, data/other/B1-rotation/1.2/, 
    data/other/B1-rotation/1.3/, data/other/B1-rotation/1.4/, data/other/B1-rotation/1.5/, 
    data/other/B1-rotation/1.6/, data/other/B1-rotation/1.7/, data/other/B1-rotation/1.8/, 
    data/other/B1-rotation/1.9/, data/other/B1-rotation/2.0/, data/other/B1-rotation/2.1/, 
    data/other/B1-rotation/2.2/, data/artifact/asymptote/, 
There are 1849 data points in adiabatic representation
          0 data points in composite representation

maximum ground state energy = 0.254234
maximum ||ground state energy gradient||_infinity = 0.703726
so we suggest to set gradient / energy scaling to around 2.76803

The number of threads = 4

Thread 1:
* owns 463 adiabatic data points
* owns 0 composite data points
* owns 0 energy-only data points
* starts with Jacobian row 0
Thread 2:
* owns 462 adiabatic data points
* owns 0 composite data points
* owns 0 energy-only data points
* starts with Jacobian row 10533
Thread 3:
* owns 462 adiabatic data points
* owns 0 composite data points
* owns 0 energy-only data points
* starts with Jacobian row 23411
Thread 4:
* owns 462 adiabatic data points
* owns 0 composite data points
* owns 0 energy-only data points
* starts with Jacobian row 39636

The data set corresponds to 54996 least square equations
There are 4996 parameters to train

The initial residue = 31.0555
 
2022 year  2 month 28 day 19: 9:22
 Iteration           1 , residue   31.0554735383558     
 
2022 year  2 month 28 day 19: 9:35
 Iteration           2 , residue   31.0554735383558     
 
2022 year  2 month 28 day 19: 9:49
 Iteration           3 , residue   25.4664311818390     
 
2022 year  2 month 28 day 19:10:11
 Iteration           4 , residue   25.4664311818390     
 
2022 year  2 month 28 day 19:10:25
 Iteration           5 , residue   14.8204179008768     
 
2022 year  2 month 28 day 19:10:47
 Iteration           6 , residue   14.8204179008768     
 
2022 year  2 month 28 day 19:11: 0
 Iteration           7 , residue   8.30367305605257     
 
2022 year  2 month 28 day 19:11:23
 Iteration           8 , residue   1.98008462810761     
 
2022 year  2 month 28 day 19:11:45
 Iteration           9 , residue  0.926579687635327     
 
2022 year  2 month 28 day 19:12: 7
 Iteration          10 , residue  0.783962900908922     
 
2022 year  2 month 28 day 19:12:29
 Iteration          11 , residue  0.469125567922820     
 
2022 year  2 month 28 day 19:12:51
 Iteration          12 , residue  0.354899015464623     
 
2022 year  2 month 28 day 19:13:13
 Iteration          13 , residue  0.349380237584861     
 
2022 year  2 month 28 day 19:13:36
 Iteration          14 , residue  0.265783168938436     
 
2022 year  2 month 28 day 19:13:59
 Iteration          15 , residue  0.261972592340345     
 
2022 year  2 month 28 day 19:14:23
 Iteration          16 , residue  0.247254107024094     
 
2022 year  2 month 28 day 19:14:45
 Iteration          17 , residue  0.245117516070850     
 
2022 year  2 month 28 day 19:15: 7
 Iteration          18 , residue  0.243245433888756     
 
2022 year  2 month 28 day 19:15:28
 Iteration          19 , residue  0.241399137633166     
 
2022 year  2 month 28 day 19:15:50
 Iteration          20 , residue  0.239604407937057     
 
2022 year  2 month 28 day 19:16:12
 Iteration          21 , residue  0.237831685640905     
 
2022 year  2 month 28 day 19:16:34
 Iteration          22 , residue  0.236144543310723     
 
2022 year  2 month 28 day 19:16:55
 Iteration          23 , residue  0.234539527963570     
 
2022 year  2 month 28 day 19:17:17
 Iteration          24 , residue  0.232995283935234     
 
2022 year  2 month 28 day 19:17:39
 Iteration          25 , residue  0.231512146847707     
 
2022 year  2 month 28 day 19:18: 1
 Iteration          26 , residue  0.230080166843208     
 
2022 year  2 month 28 day 19:18:22
 Iteration          27 , residue  0.228696562536767     
 
2022 year  2 month 28 day 19:18:44
 Iteration          28 , residue  0.227352896654056     
 
2022 year  2 month 28 day 19:19: 6
 Iteration          29 , residue  0.226037822670312     
 
2022 year  2 month 28 day 19:19:28
 Iteration          30 , residue  0.224738643499018     
 
2022 year  2 month 28 day 19:19:49
 Iteration          31 , residue  0.223442209638430     
 
2022 year  2 month 28 day 19:20:11
 Iteration          32 , residue  0.222137059201397     
 
2022 year  2 month 28 day 19:20:33
 Iteration          33 , residue  0.220814825453331     
 
2022 year  2 month 28 day 19:20:54
 Iteration          34 , residue  0.219467612050989     
 
2022 year  2 month 28 day 19:21:16
 Iteration          35 , residue  0.218087479536659     
 
2022 year  2 month 28 day 19:21:38
 Iteration          36 , residue  0.216674963980067     
 
2022 year  2 month 28 day 19:22: 0
 Iteration          37 , residue  0.215244468776554     
 
2022 year  2 month 28 day 19:22:21
 Iteration          38 , residue  0.213817975988900     
 
2022 year  2 month 28 day 19:22:43
 Iteration          39 , residue  0.212410322699631     
 
2022 year  2 month 28 day 19:23: 5
 Iteration          40 , residue  0.211022932310252     
 
2022 year  2 month 28 day 19:23:26
 Iteration          41 , residue  0.209644932613071     
 
2022 year  2 month 28 day 19:23:48
 Iteration          42 , residue  0.208261547829672     
 
2022 year  2 month 28 day 19:24:10
 Iteration          43 , residue  0.206860537632397     
 
2022 year  2 month 28 day 19:24:31
 Iteration          44 , residue  0.205442131679491     
 
2022 year  2 month 28 day 19:24:53
 Iteration          45 , residue  0.204021955448206     
 
2022 year  2 month 28 day 19:25:15
 Iteration          46 , residue  0.202626903271058     
 
2022 year  2 month 28 day 19:25:36
 Iteration          47 , residue  0.201283102951496     
 
2022 year  2 month 28 day 19:25:58
 Iteration          48 , residue  0.200007254636269     
 
2022 year  2 month 28 day 19:26:20
 Iteration          49 , residue  0.198803103873080     
 
2022 year  2 month 28 day 19:26:41
 Iteration          50 , residue  0.197667685457950     
 
2022 year  2 month 28 day 19:27: 3
 Iteration          51 , residue  0.196596683297084     
 
2022 year  2 month 28 day 19:27:25
 Iteration          52 , residue  0.195587232716474     
 
2022 year  2 month 28 day 19:27:46
 Iteration          53 , residue  0.194635195461510     
 
2022 year  2 month 28 day 19:28: 8
 Iteration          54 , residue  0.193735574378858     
 
2022 year  2 month 28 day 19:28:30
 Iteration          55 , residue  0.192884235951871     
 
2022 year  2 month 28 day 19:28:52
 Iteration          56 , residue  0.192079912424515     
 
2022 year  2 month 28 day 19:29:13
 Iteration          57 , residue  0.191324519368503     
 
2022 year  2 month 28 day 19:29:35
 Iteration          58 , residue  0.190621572121827     
 
2022 year  2 month 28 day 19:29:56
 Iteration          59 , residue  0.189973508670701     
 
2022 year  2 month 28 day 19:30:18
 Iteration          60 , residue  0.189380337417935     
 
2022 year  2 month 28 day 19:30:39
 Iteration          61 , residue  0.188839694925501     
 
2022 year  2 month 28 day 19:31: 0
 Iteration          62 , residue  0.188348332516052     
 
2022 year  2 month 28 day 19:31:21
 Iteration          63 , residue  0.187908980136200     
 
2022 year  2 month 28 day 19:31:42
 Iteration          64 , residue  0.186181553043194     
 
2022 year  2 month 28 day 19:32: 3
 Iteration          65 , residue  0.185828901019603     
 
2022 year  2 month 28 day 19:32:24
 Iteration          66 , residue  0.185505866037731     
 
2022 year  2 month 28 day 19:32:44
 Iteration          67 , residue  0.185192503964308     
 
2022 year  2 month 28 day 19:33: 5
 Iteration          68 , residue  0.184885396947318     
 
2022 year  2 month 28 day 19:33:27
 Iteration          69 , residue  0.184584304876040     
 
2022 year  2 month 28 day 19:33:47
 Iteration          70 , residue  0.184288854005179     
 
2022 year  2 month 28 day 19:34: 7
 Iteration          71 , residue  0.183999029636726     
 
2022 year  2 month 28 day 19:34:28
 Iteration          72 , residue  0.183714677619830     
 
2022 year  2 month 28 day 19:34:48
 Iteration          73 , residue  0.183435661074854     
 
2022 year  2 month 28 day 19:35: 8
 Iteration          74 , residue  0.183161760704883     
 
2022 year  2 month 28 day 19:35:29
 Iteration          75 , residue  0.182892756869706     
 
2022 year  2 month 28 day 19:35:49
 Iteration          76 , residue  0.182628409904808     
 
2022 year  2 month 28 day 19:36: 9
 Iteration          77 , residue  0.182368497027506     
 
2022 year  2 month 28 day 19:36:30
 Iteration          78 , residue  0.182112817836834     
 
2022 year  2 month 28 day 19:36:50
 Iteration          79 , residue  0.181861194199292     
 
2022 year  2 month 28 day 19:37:10
 Iteration          80 , residue  0.181613456228746     
 
2022 year  2 month 28 day 19:37:30
 Iteration          81 , residue  0.181369416109560     
 
2022 year  2 month 28 day 19:37:51
 Iteration          82 , residue  0.181128828648554     
 
2022 year  2 month 28 day 19:38:11
 Iteration          83 , residue  0.180891338218907     
 
2022 year  2 month 28 day 19:38:31
 Iteration          84 , residue  0.180656412534948     
 
2022 year  2 month 28 day 19:38:51
 Iteration          85 , residue  0.180423270142039     
 
2022 year  2 month 28 day 19:39:11
 Iteration          86 , residue  0.179586800755170     
 
2022 year  2 month 28 day 19:39:31
 Iteration          87 , residue  0.179435602278761     
 
2022 year  2 month 28 day 19:39:50
 Iteration          88 , residue  0.179290044455129     
 
2022 year  2 month 28 day 19:40: 9
 Iteration          89 , residue  0.179145184232940     
 
2022 year  2 month 28 day 19:40:28
 Iteration          90 , residue  0.179000376260252     
 
2022 year  2 month 28 day 19:40:47
 Iteration          91 , residue  0.178855487424990     
 
2022 year  2 month 28 day 19:41: 6
 Iteration          92 , residue  0.178710531373495     
 
2022 year  2 month 28 day 19:41:26
 Iteration          93 , residue  0.178565664987026     
 
2022 year  2 month 28 day 19:41:45
 Iteration          94 , residue  0.178421129116846     
 
2022 year  2 month 28 day 19:42: 4
 Iteration          95 , residue  0.178277213608770     
 
2022 year  2 month 28 day 19:42:23
 Iteration          96 , residue  0.178134194444649     
 
2022 year  2 month 28 day 19:42:42
 Iteration          97 , residue  0.177992246689371     
 
2022 year  2 month 28 day 19:43: 1
 Iteration          98 , residue  0.177851409160928     
 
2022 year  2 month 28 day 19:43:20
 Iteration          99 , residue  0.177711588799166     
 
2022 year  2 month 28 day 19:43:39
 Iteration         100 , residue  0.177572609210607     
 
2022 year  2 month 28 day 19:43:58
 Iteration         101 , residue  0.177434235059130     
 
2022 year  2 month 28 day 19:44:17
 Iteration         102 , residue  0.177296267411012     
 
2022 year  2 month 28 day 19:44:36
 Iteration         103 , residue  0.177158494528070     
 
2022 year  2 month 28 day 19:44:55
 Iteration         104 , residue  0.177020755108761     
 Failed trust region: max iteration exceeded!
 Final residual =   0.177020755108761     
The final residue = 0.177021

Mon Feb 28 19:44:55 2022
Mission success
