Diabatz version 1.3.0
Yifan Shen 2021

Echo of user command line input:
/home/yshen57/Software/Mine/diabatz/v1.3.0/diabatz.exe --pretrained default IntCoordDef SAS.in pretrain-Hd.in pretrain-Hd.net pretrain-11.in pretrain-12.in pretrain-13.in pretrain-14.in pretrain-22.in pretrain-23.in pretrain-24.in pretrain-33.in pretrain-34.in pretrain-44.in -f default -i IntCoordDef -s SAS.in -n Hd.in -l 11.in 12.in 13.in 14.in 22.in 23.in 24.in 33.in 34.in 44.in -d data/critical/no-deg_list.txt data/linear-path/min-B1_min-B2/ data/other/benzene/list.txt data/other/in-benzene/list.txt data/other/out-of-benzene/list.txt data/other/NH2-angles/list.txt data/fast/list.txt data/other/fast_bound_N-H/list.txt data/artifact/asymptote/ --energy_data data/artifact/fast-B2/list.txt data/artifact/asymptote-B2/ -z -286.1075216397 -r reg-init/reg -p reg-init/prior -m 20

Tue Apr 19 21:28:39 2022

The data set will be read from: 
    data/critical/min-A1/, data/critical/sad-A1/, data/critical/min-B1/, 
    data/critical/sad-B1/, data/critical/min-B2/, data/critical/sad-B2/, data/critical/min-A2/, 
    data/critical/sad-A2/, data/linear-path/min-B1_min-B2/, 
    data/other/benzene/A1-9/0-13_4-states/, data/other/benzene/A1-9/14-19_4-states/, data/other/benzene/A1-10/, 
    data/other/benzene/B1-14/0-5_4-states/, data/other/benzene/B1-14/6-9_4-states/, data/other/benzene/B1-15/, 
    data/other/benzene/B2-27/, data/other/benzene/A2-33/, data/other/in-benzene/A1-11/, 
    data/other/in-benzene/A1-12/, data/other/in-benzene/B2-28/, data/other/in-benzene/B2-29/, 
    data/other/in-benzene/B2-30/, data/other/out-of-benzene/B1-16_H/0-5_4-states/, 
    data/other/out-of-benzene/B1-16_H/6-10_4-states/, data/other/out-of-benzene/B1-17_H/0-9_4-states/, 
    data/other/out-of-benzene/B1-17_H/10-12_4-states/, data/other/out-of-benzene/B1-18_H/, 
    data/other/out-of-benzene/B1-19_N/0-2_4-states/, data/other/out-of-benzene/B1-19_N/3-4_4-states/, 
    data/other/out-of-benzene/A2-34_H/0-6_4-states/, data/other/out-of-benzene/A2-34_H/7_3-states/, 
    data/other/out-of-benzene/A2-34_H/8-10_4-states/, data/other/out-of-benzene/A2-35_H/0-2_4-states/, 
    data/other/out-of-benzene/A2-35_H/3-7_3-states/, data/other/NH2-angles/H-N-H_from_min-B1/0-18_4-states/, 
    data/other/NH2-angles/H-N-H_from_min-B1/19_3-states/, data/other/NH2-angles/H-N-H_from_min-A1/, 
    data/other/NH2-angles/C-N-avgH_from_min-B1/0-11_4-states/, data/other/NH2-angles/C-N-avgH_from_min-B1/12-13_5to4-states/, 
    data/other/NH2-angles/C-out-of-NH2/0-9_4-states/, data/other/NH2-angles/C-out-of-NH2/10-14_5to4-states/, 
    data/other/NH2-angles/NH2-rotation_from_min-B1/0.1/, data/other/NH2-angles/NH2-rotation_from_min-B1/0.2/, 
    data/other/NH2-angles/NH2-rotation_from_min-B1/0.3/, data/other/NH2-angles/NH2-rotation_from_min-B1/0.4/, 
    data/other/NH2-angles/NH2-rotation_from_min-B1/0.5/, data/other/NH2-angles/NH2-rotation_from_min-B1/0.6/, 
    data/other/NH2-angles/NH2-rotation_from_min-B1/0.7/, data/other/NH2-angles/NH2-rotation_from_min-B1/0.8/, 
    data/other/NH2-angles/NH2-rotation_from_min-B1/0.9/, data/other/NH2-angles/NH2-rotation_from_min-B1/1.0/, 
    data/other/NH2-angles/NH2-rotation_from_min-B1/1.1/, data/other/NH2-angles/NH2-rotation_from_min-B1/1.2/, 
    data/other/NH2-angles/NH2-rotation_from_min-B1/1.3/, data/other/NH2-angles/NH2-rotation_from_min-B1/1.4/, 
    data/other/NH2-angles/NH2-rotation_from_min-B1/1.5/, data/other/NH2-angles/NH2-rotation_from_min-B1/1.6/, 
    data/other/NH2-angles/NH2-rotation_from_min-B1/1.7/, data/other/NH2-angles/NH2-rotation_from_min-B1/1.8/, 
    data/other/NH2-angles/NH2-rotation_from_min-B1/1.9/, data/other/NH2-angles/NH2-rotation_from_min-B1/2.0/, 
    data/other/NH2-angles/NH2-rotation_from_min-B1/2.1/, data/other/NH2-angles/NH2-rotation_from_min-B1/2.2/, 
    data/other/NH2-angles/NH2-rotation_from_min-A1/0.1/, data/other/NH2-angles/NH2-rotation_from_min-A1/0.2/, 
    data/other/NH2-angles/NH2-rotation_from_min-A1/0.3/, data/other/NH2-angles/NH2-rotation_from_min-A1/0.4/, 
    data/other/NH2-angles/NH2-rotation_from_min-A1/0.5/, data/other/NH2-angles/NH2-rotation_from_min-A1/0.6/, 
    data/other/NH2-angles/NH2-rotation_from_min-A1/0.7/, data/other/NH2-angles/NH2-rotation_from_min-A1/0.8/, 
    data/other/NH2-angles/NH2-rotation_from_min-A1/0.9/, data/other/NH2-angles/NH2-rotation_from_min-A1/1.0/, 
    data/other/NH2-angles/NH2-rotation_from_min-A1/1.1/, data/other/NH2-angles/NH2-rotation_from_min-A1/1.2/, 
    data/other/NH2-angles/NH2-rotation_from_min-A1/1.3/, data/other/NH2-angles/NH2-rotation_from_min-A1/1.4/, 
    data/other/NH2-angles/NH2-rotation_from_min-A1/1.5/, data/other/NH2-angles/NH2-rotation_from_min-A1/1.6/, 
    data/other/NH2-angles/NH2-rotation_from_min-A1/1.7/, data/other/NH2-angles/NH2-rotation_from_min-A1/1.8/, 
    data/other/NH2-angles/NH2-rotation_from_min-A1/1.9/, data/other/NH2-angles/NH2-rotation_from_min-A1/2.0/, 
    data/other/NH2-angles/NH2-rotation_from_min-A1/2.1/, data/other/NH2-angles/NH2-rotation_from_min-A1/2.2/, data/fast/0.7/, 
    data/fast/0.8/, data/fast/0.9/, data/fast/1.1/, data/fast/1.2/, data/fast/1.4/, 
    data/fast/1.5/, data/fast/1.6/, data/fast/1.7/, data/fast/1.9/, data/fast/2.0/, 
    data/fast/2.1/, data/fast/2.2/, data/fast/2.3/, data/fast/2.4/, data/fast/2.5/, 
    data/fast/2.6/, data/fast/2.7/, data/fast/2.8/, data/fast/2.9/, data/fast/3/, 
    data/fast/4/, data/fast/5/, data/fast/6/, data/fast/6_partial-loop/, 
    data/other/fast_bound_N-H/1.1/, data/other/fast_bound_N-H/1.2/, data/other/fast_bound_N-H/1.3/, 
    data/other/fast_bound_N-H/1.4/, data/other/fast_bound_N-H/1.5/, data/artifact/asymptote/, 
There are 1440 data points in adiabatic representation
          1 data points in composite representation

The data set will be read from: 
    data/artifact/fast-B2/1.9/, data/artifact/fast-B2/2.0/, 
    data/artifact/fast-B2/2.1/, data/artifact/fast-B2/2.2/, data/artifact/fast-B2/2.3/, 
    data/artifact/fast-B2/2.4/, data/artifact/fast-B2/2.5/, data/artifact/fast-B2/2.6/, 
    data/artifact/fast-B2/2.7/, data/artifact/fast-B2/2.8/, data/artifact/fast-B2/2.9/, 
    data/artifact/fast-B2/3/, data/artifact/fast-B2/4/, data/artifact/fast-B2/5/, 
    data/artifact/fast-B2/6/, data/artifact/asymptote-B2/, 
There are 115 data points without gradient

maximum ground state energy = 0.228122
maximum ||ground state energy gradient||_infinity = 0.703726
so we suggest to set gradient / energy scaling to around 3.08487

Got regularization strength, enable regularization

The number of threads = 4

Thread 1:
* owns 360 adiabatic data points
* owns 1 composite data points
* owns 29 energy-only data points
* starts with Jacobian row 0
Thread 2:
* owns 360 adiabatic data points
* owns 0 composite data points
* owns 29 energy-only data points
* starts with Jacobian row 61746
Thread 3:
* owns 360 adiabatic data points
* owns 0 composite data points
* owns 29 energy-only data points
* starts with Jacobian row 123375
Thread 4:
* owns 360 adiabatic data points
* owns 0 composite data points
* owns 28 energy-only data points
* starts with Jacobian row 201623

The data set corresponds to 274765 least square equations
There are 1440 parameters to train

The initial residue = 47.8459
 
2022 year  4 month 19 day 21:47:57
 Iteration           1 , residue   25.4650026242982     
 
2022 year  4 month 19 day 21:52:29
 Iteration           2 , residue   8.64045147027255     
 
2022 year  4 month 19 day 21:57: 2
 Iteration           3 , residue   8.09291412652017     
 
2022 year  4 month 19 day 22: 1:55
 Iteration           4 , residue   5.22201418073296     
 
2022 year  4 month 19 day 22: 6:39
 Iteration           5 , residue   4.54097532467313     
 
2022 year  4 month 19 day 22:11:54
 Iteration           6 , residue   4.54097532467313     
 
2022 year  4 month 19 day 22:12: 9
 Iteration           7 , residue   4.33213680254187     
 
2022 year  4 month 19 day 22:17: 7
 Iteration           8 , residue   3.21920912852047     
 
2022 year  4 month 19 day 22:21:10
 Iteration           9 , residue   3.21920912852047     
 
2022 year  4 month 19 day 22:21:25
 Iteration          10 , residue   3.07308958187278     
 
2022 year  4 month 19 day 22:26: 2
 Iteration          11 , residue   3.01877566312021     
 
2022 year  4 month 19 day 22:30:33
 Iteration          12 , residue   3.01877566312021     
 
2022 year  4 month 19 day 22:30:48
 Iteration          13 , residue   2.98138069567120     
 
2022 year  4 month 19 day 22:35:13
 Iteration          14 , residue   2.97158572587832     
 
2022 year  4 month 19 day 22:39:35
 Iteration          15 , residue   2.96773840515379     
 
2022 year  4 month 19 day 22:43:57
 Iteration          16 , residue   2.96773840515379     
 
2022 year  4 month 19 day 22:44:12
 Iteration          17 , residue   2.96446143254342     
 
2022 year  4 month 19 day 22:48:35
 Iteration          18 , residue   2.96446143254342     
 
2022 year  4 month 19 day 22:48:50
 Iteration          19 , residue   2.96446143254342     
 
2022 year  4 month 19 day 22:49: 5
 Iteration          20 , residue   2.96446143254342     
 
2022 year  4 month 19 day 22:49:20
 Iteration          21 , residue   2.96446143254342     
 
2022 year  4 month 19 day 22:49:36
 Iteration          22 , residue   2.96446143254342     
 
2022 year  4 month 19 day 22:49:51
 Iteration          23 , residue   2.96292687556562     
 
2022 year  4 month 19 day 22:54:25
 Iteration          24 , residue   2.96256210550332     
 
2022 year  4 month 19 day 22:59:51
 Iteration          25 , residue   2.96240801560316     
 
2022 year  4 month 19 day 23: 4:47
 Iteration          26 , residue   2.96230747713444     
 
2022 year  4 month 19 day 23: 9:18
 Iteration          27 , residue   2.96225830319582     
 
2022 year  4 month 19 day 23:13:44
 Iteration          28 , residue   2.96222296969275     
 
2022 year  4 month 19 day 23:18: 1
 Iteration          29 , residue   2.96220645215286     
 Failed trust region: max iteration exceeded!
 Final residual =    2.96220645215286     
The final residue = 2.95571

Tue Apr 19 23:18:08 2022
Mission success
