    1,16   # NH angle bias under 1st scaling
    1,16       1,16   
    2,5        2,5    
    1,16       1,16       1,16   
    2,5        2,5        1,16   
    1,16       1,16       1,16       1,16   
    2,5        2,5        1,16       1,16   
    2,5        2,5        2,5        2,5    
    1,16       1,1    
    1,16       1,2    
    1,16       1,3    
    1,16       1,4    
    1,16       1,5    
    1,16       1,6    
    1,16       1,7    
    1,16       1,8    
    1,16       1,9    
    1,16       1,10   
    1,16       1,11   
    1,16       1,12   
    1,16       1,13   
    1,16       1,16       3,11       3,11   
    1,16       1,16       5,1        5,1    
    1,16       1,16       7,7        7,7    
    1,16       1,16       8,1        8,1    
    2,5        2,5        3,11       3,11   
    2,5        2,5        5,1        5,1    
    2,5        2,5        7,7        7,7    
    2,5        2,5        8,1        8,1    
