    1,16       3,1    # NH angle bias under 1st scaling
    1,16       3,2    
    1,16       3,3    
    1,16       3,4    
    1,16       3,5    
    1,16       3,6    
    1,16       3,7    
    1,16       3,8    
    1,16       3,9    
    1,16       3,10   
    1,16       3,11   
    1,16       2,1        5,1    
    1,16       2,2        5,1    
    1,16       1,16       3,1    
    1,16       1,16       3,2    
    1,16       1,16       3,3    
    1,16       1,16       3,4    
    1,16       1,16       3,5    
    1,16       1,16       3,6    
    1,16       1,16       3,7    
    1,16       1,16       3,8    
    1,16       1,16       3,9    
    1,16       1,16       3,10   
    1,16       1,16       3,11   
    1,16       1,16       2,1        5,1    
    1,16       1,16       2,2        5,1    
    2,5        2,5        3,1    
    2,5        2,5        3,2    
    2,5        2,5        3,3    
    2,5        2,5        3,4    
    2,5        2,5        3,5    
    2,5        2,5        3,6    
    2,5        2,5        3,7    
    2,5        2,5        3,8    
    2,5        2,5        3,9    
    2,5        2,5        3,10   
    2,5        2,5        3,11   
    2,5        2,5        2,1        5,1    
    2,5        2,5        2,2        5,1    
