    1,16       7,1    # NH angle bias under 1st scaling
    1,16       7,2    
    1,16       7,3    
    1,16       7,4    
    1,16       7,5    
    1,16       7,6    
    1,16       7,7    
    1,16       2,1        8,1    
    1,16       2,2        8,1    
    1,16       1,16       7,1    
    1,16       1,16       7,2    
    1,16       1,16       7,3    
    1,16       1,16       7,4    
    1,16       1,16       7,5    
    1,16       1,16       7,6    
    1,16       1,16       7,7    
    1,16       1,16       8,1        2,1    
    1,16       1,16       8,1        2,2    
    2,5        2,5        7,1    
    2,5        2,5        7,2    
    2,5        2,5        7,3    
    2,5        2,5        7,4    
    2,5        2,5        7,5    
    2,5        2,5        7,6    
    2,5        2,5        7,7    
    2,5        2,5        8,1        2,1    
    2,5        2,5        8,1        2,2    
