    1,3    
    1,4    
    1,3        1,1    
    1,4        1,1    
    1,3        1,2    
    1,4        1,2    
    1,3        1,3    
    1,4        1,3    
    1,3        1,5    
    1,3        1,6    
    1,3        1,7    
    1,3        1,8    
    1,3        1,9    
    1,3        1,10   
    1,3        1,11   
    1,3        1,12   
    1,3        1,13   
    1,4        1,4    
    1,4        1,5    
    1,4        1,6    
    1,4        1,7    
    1,4        1,8    
    1,4        1,9    
    1,4        1,10   
    1,4        1,11   
    1,4        1,12   
    1,4        1,13   
    2,1        2,1    
    2,2        2,2    
    7,7        7,7    
    8,1        8,1    
    5,1        5,1    
    3,11       3,11   
    8,1        8,1        8,1        8,1    
    3,11       3,11       3,11       3,11   
    5,1        5,1        3,11       3,11   
    7,7        7,7        3,11       3,11   
    8,1        8,1        3,11       3,11   
    5,1        5,1        5,1        5,1    
    7,7        7,7        5,1        5,1    
    8,1        8,1        5,1        5,1    
    7,7        7,7        7,7        7,7    
    8,1        8,1        7,7        7,7    
    3,11       3,11       1,13   
    5,1        5,1        1,13   
    7,7        7,7        1,13   
    8,1        8,1        1,13   
