    1,3        3,1    
    1,3        3,2    
    1,3        3,3    
    1,3        3,4    
    1,3        3,5    
    1,3        3,6    
    1,3        3,7    
    1,3        3,8    
    1,3        3,9    
    1,3        3,10   
    1,4        3,1    
    1,4        3,2    
    1,4        3,3    
    1,4        3,4    
    1,4        3,5    
    1,4        3,6    
    1,4        3,7    
    1,4        3,8    
    1,4        3,9    
    1,4        3,10   
    1,3        2,1        5,1    
    1,4        2,1        5,1    
    1,3        2,2        5,1    
    1,4        2,2        5,1    
    3,11       1,3    
    3,11       1,4    
    3,11       3,11       3,11   
    7,7        7,7        3,11   
