    1,3        7,1    
    1,3        7,2    
    1,3        7,3    
    1,3        7,4    
    1,3        7,5    
    1,3        7,6    
    7,7        1,3    
    1,4        7,1    
    1,4        7,2    
    1,4        7,3    
    1,4        7,4    
    1,4        7,5    
    1,4        7,6    
    7,7        1,4    
    1,3        2,1        8,1    
    1,4        2,1        8,1    
    1,3        2,2        8,1    
    1,4        2,2        8,1    
    7,7        3,11       3,11   
    7,7        7,7        7,7    
