Diabatz version 1.0.0
Yifan Shen 2021

Echo of user command line input:
/home/yshen57/Software/Mine/diabatz/v1.0.0/diabatz.exe --pretrained default IntCoordDef SAS.in pretrained_Hd.in pretrained_Hd.net pretrained_11.in -f default -i IntCoordDef -s SAS.in -n Hd.in -l 11.in -d data/critical/list.txt data/fast/list.txt data/slow/list.txt data/linear-path/list.txt data/other/A1-rotation/list.txt data/other/B1-rotation/list.txt data/artifact/asymptote/ -z -286.1075216397 -m 200

Sun Feb 20 19:08:03 2022

The data set will be read from: 
    data/critical/min-A1/, data/critical/sad-A1/, data/critical/min-B1/, 
    data/critical/sad-B1/, data/critical/min-B2/, data/critical/sad-B2/, data/critical/min-A2/, 
    data/critical/sad-A2/, data/critical/mex-B2-A2/, data/fast/0.7/, data/fast/0.8/, 
    data/fast/0.9/, data/fast/1.1/, data/fast/1.2/, data/fast/1.4/, data/fast/1.5/, 
    data/fast/1.6/, data/fast/1.7/, data/fast/1.9/, data/fast/2.0/, data/fast/2.1/, 
    data/fast/2.2/, data/fast/2.3/, data/fast/2.4/, data/fast/2.5/, data/fast/2.6/, 
    data/fast/2.7/, data/fast/2.8/, data/fast/2.9/, data/fast/3/, data/fast/4/, 
    data/fast/5/, data/fast/6/, data/fast/6_partial-loop/, data/slow/0.7/, 
    data/slow/0.8/, data/slow/0.9/, data/slow/1.1/, data/slow/1.2/, data/slow/1.3/, 
    data/slow/1.4/, data/slow/1.5/, data/slow/1.6/, data/slow/1.7/, 
    data/linear-path/min-B1_min-B2/, data/linear-path/1.1-fast-slow/, data/linear-path/1.2-fast-slow/, 
    data/linear-path/1.3-fast-slow/, data/linear-path/1.4-fast-slow/, data/linear-path/1.5-fast-slow/, 
    data/linear-path/1.6-fast-slow/, data/linear-path/1.7-fast-slow/, data/other/A1-rotation/0.1/, 
    data/other/A1-rotation/0.2/, data/other/A1-rotation/0.3/, data/other/A1-rotation/0.7/, 
    data/other/A1-rotation/0.8/, data/other/A1-rotation/0.9/, data/other/A1-rotation/1.0/, 
    data/other/A1-rotation/1.1/, data/other/A1-rotation/1.2/, data/other/A1-rotation/1.3/, 
    data/other/A1-rotation/1.4/, data/other/A1-rotation/1.5/, data/other/A1-rotation/1.6/, 
    data/other/A1-rotation/1.7/, data/other/A1-rotation/1.8/, data/other/A1-rotation/1.9/, 
    data/other/A1-rotation/2.0/, data/other/A1-rotation/2.1/, data/other/A1-rotation/2.2/, 
    data/other/B1-rotation/0.1/, data/other/B1-rotation/0.2/, data/other/B1-rotation/0.3/, 
    data/other/B1-rotation/0.4/, data/other/B1-rotation/0.5/, data/other/B1-rotation/0.6/, 
    data/other/B1-rotation/0.7/, data/other/B1-rotation/0.8/, data/other/B1-rotation/0.9/, 
    data/other/B1-rotation/1.0/, data/other/B1-rotation/1.1/, data/other/B1-rotation/1.2/, 
    data/other/B1-rotation/1.3/, data/other/B1-rotation/1.4/, data/other/B1-rotation/1.5/, 
    data/other/B1-rotation/1.6/, data/other/B1-rotation/1.7/, data/other/B1-rotation/1.8/, 
    data/other/B1-rotation/2.2/, data/artifact/asymptote/, 
There are 1786 data points in adiabatic representation
          0 data points in composite representation

maximum ground state energy = 0.353304
maximum ||ground state energy gradient||_infinity = 0.706673
so we suggest to set gradient / energy scaling to around 2.00018

The number of threads = 4

Thread 1:
* owns 447 adiabatic data points
* owns 0 composite data points
* owns 0 energy-only data points
* starts with Jacobian row 0
Thread 2:
* owns 447 adiabatic data points
* owns 0 composite data points
* owns 0 energy-only data points
* starts with Jacobian row 10242
Thread 3:
* owns 446 adiabatic data points
* owns 0 composite data points
* owns 0 energy-only data points
* starts with Jacobian row 22711
Thread 4:
* owns 446 adiabatic data points
* owns 0 composite data points
* owns 0 energy-only data points
* starts with Jacobian row 38553

The data set corresponds to 53378 least square equations
There are 5239 parameters to train

The initial residue = 47.4595
 
2022 year  2 month 20 day 19:14: 7
 Iteration           1 , residue   47.4594741482566     
 
2022 year  2 month 20 day 19:14:20
 Iteration           2 , residue   47.4594741482566     
 
2022 year  2 month 20 day 19:14:33
 Iteration           3 , residue   47.4594741482566     
 
2022 year  2 month 20 day 19:14:48
 Iteration           4 , residue   15.4200273731129     
 
2022 year  2 month 20 day 19:15:14
 Iteration           5 , residue   15.4200273731129     
 
2022 year  2 month 20 day 19:15:28
 Iteration           6 , residue   13.5513406832294     
 
2022 year  2 month 20 day 19:15:54
 Iteration           7 , residue   4.70531434370691     
 
2022 year  2 month 20 day 19:16:20
 Iteration           8 , residue   4.70531434370691     
 
2022 year  2 month 20 day 19:16:33
 Iteration           9 , residue   3.59868543754548     
 
2022 year  2 month 20 day 19:16:59
 Iteration          10 , residue   2.01991908975323     
 
2022 year  2 month 20 day 19:17:25
 Iteration          11 , residue   1.50109936340499     
 
2022 year  2 month 20 day 19:17:51
 Iteration          12 , residue   1.37166667143688     
 
2022 year  2 month 20 day 19:18:16
 Iteration          13 , residue   1.04405445324085     
 
2022 year  2 month 20 day 19:18:42
 Iteration          14 , residue   1.04405445324085     
 
2022 year  2 month 20 day 19:18:56
 Iteration          15 , residue  0.990937672741451     
 
2022 year  2 month 20 day 19:19:21
 Iteration          16 , residue  0.950028608071620     
 
2022 year  2 month 20 day 19:19:47
 Iteration          17 , residue  0.916150779951616     
 
2022 year  2 month 20 day 19:20:13
 Iteration          18 , residue  0.887994015004473     
 
2022 year  2 month 20 day 19:20:39
 Iteration          19 , residue  0.854082811582192     
 
2022 year  2 month 20 day 19:21: 4
 Iteration          20 , residue  0.834524251888909     
 
2022 year  2 month 20 day 19:21:29
 Iteration          21 , residue  0.798963296335626     
 
2022 year  2 month 20 day 19:21:54
 Iteration          22 , residue  0.784919251458275     
 
2022 year  2 month 20 day 19:22:19
 Iteration          23 , residue  0.748639507319649     
 
2022 year  2 month 20 day 19:22:44
 Iteration          24 , residue  0.730651858406267     
 
2022 year  2 month 20 day 19:23: 9
 Iteration          25 , residue  0.702644717952138     
 
2022 year  2 month 20 day 19:23:35
 Iteration          26 , residue  0.681468500986012     
 
2022 year  2 month 20 day 19:24: 0
 Iteration          27 , residue  0.660710201177346     
 
2022 year  2 month 20 day 19:24:25
 Iteration          28 , residue  0.641915492643707     
 
2022 year  2 month 20 day 19:24:50
 Iteration          29 , residue  0.623540682372771     
 
2022 year  2 month 20 day 19:25:16
 Iteration          30 , residue  0.606372117431406     
 
2022 year  2 month 20 day 19:25:43
 Iteration          31 , residue  0.590099054243044     
 
2022 year  2 month 20 day 19:26: 9
 Iteration          32 , residue  0.574609131908034     
 
2022 year  2 month 20 day 19:26:35
 Iteration          33 , residue  0.559729551333176     
 
2022 year  2 month 20 day 19:27: 1
 Iteration          34 , residue  0.545456093676431     
 
2022 year  2 month 20 day 19:27:26
 Iteration          35 , residue  0.531689010193598     
 
2022 year  2 month 20 day 19:27:51
 Iteration          36 , residue  0.518420619895195     
 
2022 year  2 month 20 day 19:28:17
 Iteration          37 , residue  0.505602749894636     
 
2022 year  2 month 20 day 19:28:42
 Iteration          38 , residue  0.493213744536708     
 
2022 year  2 month 20 day 19:29: 6
 Iteration          39 , residue  0.481238876077788     
 
2022 year  2 month 20 day 19:29:31
 Iteration          40 , residue  0.469658027799259     
 
2022 year  2 month 20 day 19:29:56
 Iteration          41 , residue  0.458459431350740     
 
2022 year  2 month 20 day 19:30:21
 Iteration          42 , residue  0.447627347612744     
 
2022 year  2 month 20 day 19:30:46
 Iteration          43 , residue  0.437149238932430     
 
2022 year  2 month 20 day 19:31:12
 Iteration          44 , residue  0.427012039385382     
 
2022 year  2 month 20 day 19:31:38
 Iteration          45 , residue  0.417202815641920     
 
2022 year  2 month 20 day 19:32: 3
 Iteration          46 , residue  0.407707856106471     
 
2022 year  2 month 20 day 19:32:29
 Iteration          47 , residue  0.398512610173303     
 
2022 year  2 month 20 day 19:32:54
 Iteration          48 , residue  0.389601966206001     
 
2022 year  2 month 20 day 19:33:20
 Iteration          49 , residue  0.380960973562820     
 
2022 year  2 month 20 day 19:33:46
 Iteration          50 , residue  0.372575537469281     
 
2022 year  2 month 20 day 19:34:11
 Iteration          51 , residue  0.364433029318188     
 
2022 year  2 month 20 day 19:34:38
 Iteration          52 , residue  0.356524156252106     
 
2022 year  2 month 20 day 19:35: 6
 Iteration          53 , residue  0.348845154672800     
 
2022 year  2 month 20 day 19:35:34
 Iteration          54 , residue  0.341396799363156     
 
2022 year  2 month 20 day 19:36: 3
 Iteration          55 , residue  0.334181574297478     
 
2022 year  2 month 20 day 19:36:31
 Iteration          56 , residue  0.327201981183524     
 
2022 year  2 month 20 day 19:36:59
 Iteration          57 , residue  0.320459898089490     
 
2022 year  2 month 20 day 19:37:27
 Iteration          58 , residue  0.313956382625224     
 
2022 year  2 month 20 day 19:37:55
 Iteration          59 , residue  0.307691786514803     
 
2022 year  2 month 20 day 19:38:23
 Iteration          60 , residue  0.301665916844186     
 
2022 year  2 month 20 day 19:38:51
 Iteration          61 , residue  0.295877842879825     
 
2022 year  2 month 20 day 19:39:19
 Iteration          62 , residue  0.290325037405987     
 
2022 year  2 month 20 day 19:39:45
 Iteration          63 , residue  0.285002195560284     
 
2022 year  2 month 20 day 19:40:11
 Iteration          64 , residue  0.279900867831905     
 
2022 year  2 month 20 day 19:40:37
 Iteration          65 , residue  0.275010268642681     
 
2022 year  2 month 20 day 19:41: 3
 Iteration          66 , residue  0.270318361451191     
 
2022 year  2 month 20 day 19:41:28
 Iteration          67 , residue  0.265812494484914     
 
2022 year  2 month 20 day 19:41:54
 Iteration          68 , residue  0.261479580938581     
 
2022 year  2 month 20 day 19:42:20
 Iteration          69 , residue  0.257305885021442     
 
2022 year  2 month 20 day 19:42:46
 Iteration          70 , residue  0.253276517887025     
 
2022 year  2 month 20 day 19:43:12
 Iteration          71 , residue  0.249375361994150     
 
2022 year  2 month 20 day 19:43:38
 Iteration          72 , residue  0.245586493734593     
 
2022 year  2 month 20 day 19:44: 4
 Iteration          73 , residue  0.241896780822704     
 
2022 year  2 month 20 day 19:44:30
 Iteration          74 , residue  0.238297260306228     
 
2022 year  2 month 20 day 19:44:56
 Iteration          75 , residue  0.234781777886914     
 
2022 year  2 month 20 day 19:45:22
 Iteration          76 , residue  0.231344664397956     
 
2022 year  2 month 20 day 19:45:48
 Iteration          77 , residue  0.227979821126215     
 
2022 year  2 month 20 day 19:46:14
 Iteration          78 , residue  0.224681149736141     
 
2022 year  2 month 20 day 19:46:40
 Iteration          79 , residue  0.221443008277375     
 
2022 year  2 month 20 day 19:47: 5
 Iteration          80 , residue  0.218260145031987     
 
2022 year  2 month 20 day 19:47:32
 Iteration          81 , residue  0.215127485465891     
 
2022 year  2 month 20 day 19:47:58
 Iteration          82 , residue  0.212040319680440     
 
2022 year  2 month 20 day 19:48:24
 Iteration          83 , residue  0.208994981223017     
 
2022 year  2 month 20 day 19:48:50
 Iteration          84 , residue  0.205989554677757     
 
2022 year  2 month 20 day 19:49:15
 Iteration          85 , residue  0.203024083429396     
 
2022 year  2 month 20 day 19:49:41
 Iteration          86 , residue  0.200100143157897     
 
2022 year  2 month 20 day 19:50: 7
 Iteration          87 , residue  0.197220066903536     
 
2022 year  2 month 20 day 19:50:33
 Iteration          88 , residue  0.194386243715404     
 
2022 year  2 month 20 day 19:50:59
 Iteration          89 , residue  0.191600788323601     
 
2022 year  2 month 20 day 19:51:25
 Iteration          90 , residue  0.188865653474798     
 
2022 year  2 month 20 day 19:51:51
 Iteration          91 , residue  0.186183028576044     
 
2022 year  2 month 20 day 19:52:17
 Iteration          92 , residue  0.183555725364289     
 
2022 year  2 month 20 day 19:52:43
 Iteration          93 , residue  0.180987280087657     
 
2022 year  2 month 20 day 19:53: 9
 Iteration          94 , residue  0.178481696824412     
 
2022 year  2 month 20 day 19:53:33
 Iteration          95 , residue  0.176042962315249     
 
2022 year  2 month 20 day 19:53:58
 Iteration          96 , residue  0.173674515047765     
 
2022 year  2 month 20 day 19:54:22
 Iteration          97 , residue  0.171378762751647     
 
2022 year  2 month 20 day 19:54:46
 Iteration          98 , residue  0.169156669354246     
 
2022 year  2 month 20 day 19:55:12
 Iteration          99 , residue  0.167007535045439     
 
2022 year  2 month 20 day 19:55:39
 Iteration         100 , residue  0.164929206422885     
 
2022 year  2 month 20 day 19:56: 6
 Iteration         101 , residue  0.162918719616252     
 
2022 year  2 month 20 day 19:56:33
 Iteration         102 , residue  0.160973018606771     
 
2022 year  2 month 20 day 19:57: 0
 Iteration         103 , residue  0.159089423082619     
 
2022 year  2 month 20 day 19:57:27
 Iteration         104 , residue  0.157265786476137     
 
2022 year  2 month 20 day 19:57:55
 Iteration         105 , residue  0.155500419178726     
 
2022 year  2 month 20 day 19:58:22
 Iteration         106 , residue  0.153791876499431     
 
2022 year  2 month 20 day 19:58:48
 Iteration         107 , residue  0.152138728032245     
 
2022 year  2 month 20 day 19:59:16
 Iteration         108 , residue  0.150539405808677     
 
2022 year  2 month 20 day 19:59:43
 Iteration         109 , residue  0.148992165327839     
 
2022 year  2 month 20 day 20: 0:10
 Iteration         110 , residue  0.147495133603400     
 
2022 year  2 month 20 day 20: 0:37
 Iteration         111 , residue  0.146046390129038     
 
2022 year  2 month 20 day 20: 1: 4
 Iteration         112 , residue  0.144644047342776     
 
2022 year  2 month 20 day 20: 1:31
 Iteration         113 , residue  0.143286320069426     
 
2022 year  2 month 20 day 20: 1:58
 Iteration         114 , residue  0.141971592371078     
 
2022 year  2 month 20 day 20: 2:25
 Iteration         115 , residue  0.140698484247490     
 
2022 year  2 month 20 day 20: 2:52
 Iteration         116 , residue  0.139465906704151     
 
2022 year  2 month 20 day 20: 3:19
 Iteration         117 , residue  0.138273085978610     
 
2022 year  2 month 20 day 20: 3:47
 Iteration         118 , residue  0.137119540070911     
 
2022 year  2 month 20 day 20: 4:14
 Iteration         119 , residue  0.136005007696884     
 
2022 year  2 month 20 day 20: 4:41
 Iteration         120 , residue  0.134929343515460     
 
2022 year  2 month 20 day 20: 5: 8
 Iteration         121 , residue  0.133892405040910     
 
2022 year  2 month 20 day 20: 5:32
 Iteration         122 , residue  0.132893953040489     
 
2022 year  2 month 20 day 20: 5:56
 Iteration         123 , residue  0.131933578421839     
 
2022 year  2 month 20 day 20: 6:20
 Iteration         124 , residue  0.131010656662814     
 
2022 year  2 month 20 day 20: 6:45
 Iteration         125 , residue  0.130124325908452     
 
2022 year  2 month 20 day 20: 7: 9
 Iteration         126 , residue  0.129273485916343     
 
2022 year  2 month 20 day 20: 7:33
 Iteration         127 , residue  0.128456817345999     
 
2022 year  2 month 20 day 20: 7:58
 Iteration         128 , residue  0.127672819785152     
 
2022 year  2 month 20 day 20: 8:22
 Iteration         129 , residue  0.126919863109394     
 
2022 year  2 month 20 day 20: 8:46
 Iteration         130 , residue  0.126196243265398     
 
2022 year  2 month 20 day 20: 9:11
 Iteration         131 , residue  0.125500233916348     
 
2022 year  2 month 20 day 20: 9:35
 Iteration         132 , residue  0.124830128561757     
 
2022 year  2 month 20 day 20: 9:59
 Iteration         133 , residue  0.124184271585529     
 
2022 year  2 month 20 day 20:10:24
 Iteration         134 , residue  0.123561078932092     
 
2022 year  2 month 20 day 20:10:48
 Iteration         135 , residue  0.122959049821454     
 
2022 year  2 month 20 day 20:11:12
 Iteration         136 , residue  0.122376771180329     
 
2022 year  2 month 20 day 20:11:36
 Iteration         137 , residue  0.121812916706032     
 
2022 year  2 month 20 day 20:12: 1
 Iteration         138 , residue  0.121266242934067     
 
2022 year  2 month 20 day 20:12:25
 Iteration         139 , residue  0.120735584752747     
 
2022 year  2 month 20 day 20:12:49
 Iteration         140 , residue  0.120219852350266     
 
2022 year  2 month 20 day 20:13:14
 Iteration         141 , residue  0.119718030703177     
 
2022 year  2 month 20 day 20:13:38
 Iteration         142 , residue  0.119229468077892     
 
2022 year  2 month 20 day 20:14: 2
 Iteration         143 , residue  0.118752718439957     
 
2022 year  2 month 20 day 20:14:26
 Iteration         144 , residue  0.118287316639107     
 
2022 year  2 month 20 day 20:14:50
 Iteration         145 , residue  0.117832581635750     
 
2022 year  2 month 20 day 20:15:14
 Iteration         146 , residue  0.117387931141513     
 
2022 year  2 month 20 day 20:15:38
 Iteration         147 , residue  0.116952872942538     
 
2022 year  2 month 20 day 20:16: 2
 Iteration         148 , residue  0.116526993653698     
 
2022 year  2 month 20 day 20:16:26
 Iteration         149 , residue  0.116109936599933     
 
2022 year  2 month 20 day 20:16:50
 Iteration         150 , residue  0.115701371786340     
 
2022 year  2 month 20 day 20:17:14
 Iteration         151 , residue  0.115300967090186     
 
2022 year  2 month 20 day 20:17:38
 Iteration         152 , residue  0.114908369289654     
 
2022 year  2 month 20 day 20:18: 2
 Iteration         153 , residue  0.114523196583611     
 
2022 year  2 month 20 day 20:18:26
 Iteration         154 , residue  0.114145042579183     
 
2022 year  2 month 20 day 20:18:50
 Iteration         155 , residue  0.113773486563719     
 
2022 year  2 month 20 day 20:19:14
 Iteration         156 , residue  0.113408101833985     
 
2022 year  2 month 20 day 20:19:39
 Iteration         157 , residue  0.113048464474780     
 
2022 year  2 month 20 day 20:20: 2
 Iteration         158 , residue  0.112694156406682     
 
2022 year  2 month 20 day 20:20:26
 Iteration         159 , residue  0.112344767670928     
 
2022 year  2 month 20 day 20:20:50
 Iteration         160 , residue  0.111999896972337     
 
2022 year  2 month 20 day 20:21:14
 Iteration         161 , residue  0.111659153223698     
 
2022 year  2 month 20 day 20:21:38
 Iteration         162 , residue  0.111322156239118     
 
2022 year  2 month 20 day 20:22: 2
 Iteration         163 , residue  0.110988543658422     
 
2022 year  2 month 20 day 20:22:26
 Iteration         164 , residue  0.110657975561906     
 
2022 year  2 month 20 day 20:22:51
 Iteration         165 , residue  0.110330145685251     
 
2022 year  2 month 20 day 20:23:14
 Iteration         166 , residue  0.110004793176413     
 
2022 year  2 month 20 day 20:23:38
 Iteration         167 , residue  0.109681712759304     
 
2022 year  2 month 20 day 20:24: 2
 Iteration         168 , residue  0.109360764669320     
 
2022 year  2 month 20 day 20:24:26
 Iteration         169 , residue  0.109041878179735     
 
2022 year  2 month 20 day 20:24:50
 Iteration         170 , residue  0.108725047452165     
 
2022 year  2 month 20 day 20:25:14
 Iteration         171 , residue  0.108410320214609     
 
2022 year  2 month 20 day 20:25:38
 Iteration         172 , residue  0.108097779921485     
 
2022 year  2 month 20 day 20:26: 2
 Iteration         173 , residue  0.107787526011380     
 
2022 year  2 month 20 day 20:26:26
 Iteration         174 , residue  0.107479654008256     
 
2022 year  2 month 20 day 20:26:50
 Iteration         175 , residue  0.107174242951342     
 
2022 year  2 month 20 day 20:27:14
 Iteration         176 , residue  0.106871348630395     
 
2022 year  2 month 20 day 20:27:38
 Iteration         177 , residue  0.106571003333441     
 
2022 year  2 month 20 day 20:28: 2
 Iteration         178 , residue  0.106273222804150     
 
2022 year  2 month 20 day 20:28:26
 Iteration         179 , residue  0.105978009133807     
 
2022 year  2 month 20 day 20:28:50
 Iteration         180 , residue  0.105685356558748     
 
2022 year  2 month 20 day 20:29:14
 Iteration         181 , residue  0.105395254442426     
 
2022 year  2 month 20 day 20:29:38
 Iteration         182 , residue  0.105107685694967     
 
2022 year  2 month 20 day 20:30: 2
 Iteration         183 , residue  0.104822627535388     
 
2022 year  2 month 20 day 20:30:26
 Iteration         184 , residue  0.104540048615182     
 
2022 year  2 month 20 day 20:30:50
 Iteration         185 , residue  0.104259908143726     
 
2022 year  2 month 20 day 20:31:13
 Iteration         186 , residue  0.103982152965645     
 
2022 year  2 month 20 day 20:31:35
 Iteration         187 , residue  0.103706720327532     
 
2022 year  2 month 20 day 20:31:58
 Iteration         188 , residue  0.103433537651237     
 
2022 year  2 month 20 day 20:32:21
 Iteration         189 , residue  0.103162525552890     
 
2022 year  2 month 20 day 20:32:45
 Iteration         190 , residue  0.102893598367948     
 
2022 year  2 month 20 day 20:33: 9
 Iteration         191 , residue  0.102626668915265     
 
2022 year  2 month 20 day 20:33:32
 Iteration         192 , residue  0.102361647006698     
 
2022 year  2 month 20 day 20:33:56
 Iteration         193 , residue  0.102098440729709     
 
2022 year  2 month 20 day 20:34:19
 Iteration         194 , residue  0.101836953940662     
 
2022 year  2 month 20 day 20:34:43
 Iteration         195 , residue  0.101577082200225     
 
2022 year  2 month 20 day 20:35: 7
 Iteration         196 , residue  0.101318713323763     
 
2022 year  2 month 20 day 20:35:30
 Iteration         197 , residue  0.101061721050446     
 
2022 year  2 month 20 day 20:35:54
 Iteration         198 , residue  0.100805966339547     
 
2022 year  2 month 20 day 20:36:18
 Iteration         199 , residue  0.100551297528859     
 
2022 year  2 month 20 day 20:36:42
 Iteration         200 , residue  0.100297552779860     
 
2022 year  2 month 20 day 20:37: 6
 Iteration         201 , residue  0.100044564773990     
 
2022 year  2 month 20 day 20:37:30
 Iteration         202 , residue  9.979216611571960E-002
 
2022 year  2 month 20 day 20:37:56
 Iteration         203 , residue  9.954019555519864E-002
 
2022 year  2 month 20 day 20:38:22
 Iteration         204 , residue  9.928850524022870E-002
 
2022 year  2 month 20 day 20:38:49
 Iteration         205 , residue  9.903696695357168E-002
 
2022 year  2 month 20 day 20:39:15
 Iteration         206 , residue  9.878547888569748E-002
 Failed trust region: max iteration exceeded!
 Final residual =   9.878547888569741E-002
The final residue = 0.0987855

Sun Feb 20 20:39:15 2022
Mission success
