Root mean square deviation analyzer for diabatz
Yifan Shen 2021

Echo of user command line input:
/home-4/yshen57@jhu.edu/Software/Mine/diabatz/tools/RMSD/v0/RMSD.exe -d default IntCoordDef SAS.in Hd.in Hd.net 11.in 12.in 13.in 14.in 22.in 23.in 24.in 33.in 34.in 44.in -s sad-B1/ -z -286.1075216397

Wed Jun 16 18:40:17 2021

Root mean square deviation of energy:
State 1 = 1.04043e-05
State 2 = 0.00111273
State 3 = 0.000515281
State 4 = 0.00288795
Root mean square deviation of energy gradient:
State 1 = 0.00019332
State 2 = 0.000106229
State 3 = 0.000279044
State 4 = 0.00332052
Root mean square deviation of interstate coupling:
State 1-2 = 0.000715552
State 1-3 = 0.00163963
State 1-4 = 0.00191395
State 2-3 = 0.000185314
State 2-4 = 0.00517968
State 3-4 = 0.00106852

Wed Jun 16 18:40:35 2021
Mission success
