Performing C SOURCE FILE Test CMAKE_HAVE_LIBC_PTHREAD failed with the following output:
Change Dir: /home/yshen/C6H7N-aniline/diabatz/analysis/loop/corner/v1/CMakeFiles/CMakeTmp

Run Build Command(s):/usr/bin/make -f Makefile cmTC_89923/fast && /usr/bin/make  -f CMakeFiles/cmTC_89923.dir/build.make CMakeFiles/cmTC_89923.dir/build
make[1]: Entering directory '/home/yshen/C6H7N-aniline/diabatz/analysis/loop/corner/v1/CMakeFiles/CMakeTmp'
Building C object CMakeFiles/cmTC_89923.dir/src.c.o
/opt/intel/oneapi/compiler/2022.1.0/linux/bin/intel64/icc -DCMAKE_HAVE_LIBC_PTHREAD   -MD -MT CMakeFiles/cmTC_89923.dir/src.c.o -MF CMakeFiles/cmTC_89923.dir/src.c.o.d -o CMakeFiles/cmTC_89923.dir/src.c.o -c /home/yshen/C6H7N-aniline/diabatz/analysis/loop/corner/v1/CMakeFiles/CMakeTmp/src.c
Linking C executable cmTC_89923
/home/yshen/Software/Programming/cmake-3.21.2-linux-x86_64/bin/cmake -E cmake_link_script CMakeFiles/cmTC_89923.dir/link.txt --verbose=1
/opt/intel/oneapi/compiler/2022.1.0/linux/bin/intel64/icc -rdynamic CMakeFiles/cmTC_89923.dir/src.c.o -o cmTC_89923 
CMakeFiles/cmTC_89923.dir/src.c.o: In function `main':
src.c:(.text+0x39): undefined reference to `pthread_create'
src.c:(.text+0x42): undefined reference to `pthread_detach'
src.c:(.text+0x4b): undefined reference to `pthread_cancel'
src.c:(.text+0x56): undefined reference to `pthread_join'
src.c:(.text+0x61): undefined reference to `pthread_atfork'
CMakeFiles/cmTC_89923.dir/build.make:99: recipe for target 'cmTC_89923' failed
make[1]: *** [cmTC_89923] Error 1
make[1]: Leaving directory '/home/yshen/C6H7N-aniline/diabatz/analysis/loop/corner/v1/CMakeFiles/CMakeTmp'
Makefile:127: recipe for target 'cmTC_89923/fast' failed
make: *** [cmTC_89923/fast] Error 2


Source file was:
#include <pthread.h>

static void* test_func(void* data)
{
  return data;
}

int main(void)
{
  pthread_t thread;
  pthread_create(&thread, NULL, test_func, NULL);
  pthread_detach(thread);
  pthread_cancel(thread);
  pthread_join(thread, NULL);
  pthread_atfork(NULL, NULL, NULL);
  pthread_exit(NULL);

  return 0;
}

Determining if the function pthread_create exists in the pthreads failed with the following output:
Change Dir: /home/yshen/C6H7N-aniline/diabatz/analysis/loop/corner/v1/CMakeFiles/CMakeTmp

Run Build Command(s):/usr/bin/make -f Makefile cmTC_bdb00/fast && /usr/bin/make  -f CMakeFiles/cmTC_bdb00.dir/build.make CMakeFiles/cmTC_bdb00.dir/build
make[1]: Entering directory '/home/yshen/C6H7N-aniline/diabatz/analysis/loop/corner/v1/CMakeFiles/CMakeTmp'
Building C object CMakeFiles/cmTC_bdb00.dir/CheckFunctionExists.c.o
/opt/intel/oneapi/compiler/2022.1.0/linux/bin/intel64/icc   -DCHECK_FUNCTION_EXISTS=pthread_create -MD -MT CMakeFiles/cmTC_bdb00.dir/CheckFunctionExists.c.o -MF CMakeFiles/cmTC_bdb00.dir/CheckFunctionExists.c.o.d -o CMakeFiles/cmTC_bdb00.dir/CheckFunctionExists.c.o -c /home/yshen/Software/Programming/cmake-3.21.2-linux-x86_64/share/cmake-3.21/Modules/CheckFunctionExists.c
Linking C executable cmTC_bdb00
/home/yshen/Software/Programming/cmake-3.21.2-linux-x86_64/bin/cmake -E cmake_link_script CMakeFiles/cmTC_bdb00.dir/link.txt --verbose=1
/opt/intel/oneapi/compiler/2022.1.0/linux/bin/intel64/icc  -DCHECK_FUNCTION_EXISTS=pthread_create -rdynamic CMakeFiles/cmTC_bdb00.dir/CheckFunctionExists.c.o -o cmTC_bdb00  -lpthreads 
ld: cannot find -lpthreads
CMakeFiles/cmTC_bdb00.dir/build.make:99: recipe for target 'cmTC_bdb00' failed
make[1]: *** [cmTC_bdb00] Error 1
make[1]: Leaving directory '/home/yshen/C6H7N-aniline/diabatz/analysis/loop/corner/v1/CMakeFiles/CMakeTmp'
Makefile:127: recipe for target 'cmTC_bdb00/fast' failed
make: *** [cmTC_bdb00/fast] Error 2



