Diabatz version 1.3.0
Yifan Shen 2021

Echo of user command line input:
/home/yshen/Software/Mine/diabatz/v1.3.0/diabatz.exe --pretrained default IntCoordDef SAS.in pretrain/C2v_Hd.in pretrain/C2v_Hd.net pretrain/C2v_11.in pretrain/C2v_12.in pretrain/C2v_13.in pretrain/C2v_14.in pretrain/C2v_22.in pretrain/C2v_23.in pretrain/C2v_24.in pretrain/C2v_33.in pretrain/C2v_34.in pretrain/C2v_44.in -f default -i IntCoordDef -s SAS.in -n Hd.in -l 11.in 12.in 13.in 14.in 22.in 23.in 24.in 33.in 34.in 44.in -d data/critical/min-A1/ data/critical/sad-A1/ data/critical/min-B1/ data/critical/min-B2/ data/critical/sad-B2/ data/critical/min-A2/ data/linear-path/min-B1_min-B2/ data/other/benzene/list.txt data/other/in-benzene/list.txt data/other/out-of-benzene/list.txt data/other/NH2-angles/list.txt -z -286.1075216397

Fri Apr  1 13:59:03 2022

The data set will be read from: 
    data/critical/min-A1/, data/critical/sad-A1/, data/critical/min-B1/, 
    data/critical/min-B2/, data/critical/sad-B2/, data/critical/min-A2/, 
    data/linear-path/min-B1_min-B2/, data/other/benzene/A1-9/0-13_4-states/, 
    data/other/benzene/A1-9/14-19_4-states/, data/other/benzene/A1-10/, data/other/benzene/B1-14/0-5_4-states/, 
    data/other/benzene/B1-14/6-9_4-states/, data/other/benzene/B1-15/, data/other/benzene/B2-27/, 
    data/other/benzene/A2-33/, data/other/in-benzene/A1-11/, data/other/in-benzene/A1-12/, 
    data/other/in-benzene/B2-28/, data/other/in-benzene/B2-29/, data/other/in-benzene/B2-30/, 
    data/other/out-of-benzene/B1-16_H/0-5_4-states/, data/other/out-of-benzene/B1-16_H/6-10_4-states/, 
    data/other/out-of-benzene/B1-17_H/0-9_4-states/, data/other/out-of-benzene/B1-17_H/10-12_4-states/, 
    data/other/out-of-benzene/B1-18_H/, data/other/out-of-benzene/B1-19_N/0-2_4-states/, 
    data/other/out-of-benzene/B1-19_N/3-4_4-states/, data/other/out-of-benzene/A2-34_H/0-6_4-states/, 
    data/other/out-of-benzene/A2-34_H/7_3-states/, data/other/out-of-benzene/A2-34_H/8-10_4-states/, 
    data/other/out-of-benzene/A2-35_H/0-2_4-states/, data/other/out-of-benzene/A2-35_H/3-7_3-states/, 
    data/other/NH2-angles/H-N-H_from_min-B1/0-18_4-states/, data/other/NH2-angles/H-N-H_from_min-B1/19_3-states/, 
    data/other/NH2-angles/H-N-H_from_min-A1/, data/other/NH2-angles/C-N-avgH_from_min-B1/0-11_4-states/, 
    data/other/NH2-angles/C-N-avgH_from_min-B1/12-13_5to4-states/, data/other/NH2-angles/C-out-of-NH2/0-9_4-states/, 
    data/other/NH2-angles/C-out-of-NH2/10-14_5to4-states/, data/other/NH2-angles/NH2-rotation_from_min-B1/0.1/, 
    data/other/NH2-angles/NH2-rotation_from_min-B1/0.2/, data/other/NH2-angles/NH2-rotation_from_min-B1/0.3/, 
    data/other/NH2-angles/NH2-rotation_from_min-B1/0.4/, data/other/NH2-angles/NH2-rotation_from_min-B1/0.5/, 
    data/other/NH2-angles/NH2-rotation_from_min-B1/0.6/, data/other/NH2-angles/NH2-rotation_from_min-B1/0.7/, 
    data/other/NH2-angles/NH2-rotation_from_min-B1/0.8/, data/other/NH2-angles/NH2-rotation_from_min-B1/0.9/, 
    data/other/NH2-angles/NH2-rotation_from_min-B1/1.0/, data/other/NH2-angles/NH2-rotation_from_min-B1/1.1/, 
    data/other/NH2-angles/NH2-rotation_from_min-B1/1.2/, data/other/NH2-angles/NH2-rotation_from_min-B1/1.3/, 
    data/other/NH2-angles/NH2-rotation_from_min-B1/1.4/, data/other/NH2-angles/NH2-rotation_from_min-B1/1.5/, 
    data/other/NH2-angles/NH2-rotation_from_min-B1/1.6/, data/other/NH2-angles/NH2-rotation_from_min-B1/1.7/, 
    data/other/NH2-angles/NH2-rotation_from_min-B1/1.8/, data/other/NH2-angles/NH2-rotation_from_min-B1/1.9/, 
    data/other/NH2-angles/NH2-rotation_from_min-B1/2.0/, data/other/NH2-angles/NH2-rotation_from_min-B1/2.1/, 
    data/other/NH2-angles/NH2-rotation_from_min-B1/2.2/, data/other/NH2-angles/NH2-rotation_from_min-A1/0.1/, 
    data/other/NH2-angles/NH2-rotation_from_min-A1/0.2/, data/other/NH2-angles/NH2-rotation_from_min-A1/0.3/, 
    data/other/NH2-angles/NH2-rotation_from_min-A1/0.4/, data/other/NH2-angles/NH2-rotation_from_min-A1/0.5/, 
    data/other/NH2-angles/NH2-rotation_from_min-A1/0.6/, data/other/NH2-angles/NH2-rotation_from_min-A1/0.7/, 
    data/other/NH2-angles/NH2-rotation_from_min-A1/0.8/, data/other/NH2-angles/NH2-rotation_from_min-A1/0.9/, 
    data/other/NH2-angles/NH2-rotation_from_min-A1/1.0/, data/other/NH2-angles/NH2-rotation_from_min-A1/1.1/, 
    data/other/NH2-angles/NH2-rotation_from_min-A1/1.2/, data/other/NH2-angles/NH2-rotation_from_min-A1/1.3/, 
    data/other/NH2-angles/NH2-rotation_from_min-A1/1.4/, data/other/NH2-angles/NH2-rotation_from_min-A1/1.5/, 
    data/other/NH2-angles/NH2-rotation_from_min-A1/1.6/, data/other/NH2-angles/NH2-rotation_from_min-A1/1.7/, 
    data/other/NH2-angles/NH2-rotation_from_min-A1/1.8/, data/other/NH2-angles/NH2-rotation_from_min-A1/1.9/, 
    data/other/NH2-angles/NH2-rotation_from_min-A1/2.0/, data/other/NH2-angles/NH2-rotation_from_min-A1/2.1/, 
    data/other/NH2-angles/NH2-rotation_from_min-A1/2.2/, 
There are 731 data points in adiabatic representation
          1 data points in composite representation

maximum ground state energy = 0.228122
maximum ||ground state energy gradient||_infinity = 0.156611
so we suggest to set gradient / energy scaling to around 0.686524

The number of threads = 4

Thread 1:
* owns 183 adiabatic data points
* owns 1 composite data points
* owns 0 energy-only data points
* starts with Jacobian row 0
Thread 2:
* owns 183 adiabatic data points
* owns 0 composite data points
* owns 0 energy-only data points
* starts with Jacobian row 32958
Thread 3:
* owns 183 adiabatic data points
* owns 0 composite data points
* owns 0 energy-only data points
* starts with Jacobian row 62286
Thread 4:
* owns 182 adiabatic data points
* owns 0 composite data points
* owns 0 energy-only data points
* starts with Jacobian row 91490

The data set corresponds to 128398 least square equations
There are 2352 parameters to train

The initial residue = 19.4895
 
2022 year  4 month  1 day 14: 4:16
 Iteration           1 , residue   19.4894843213900     
 
2022 year  4 month  1 day 14: 4:35
 Iteration           2 , residue   4.79419982795209     
 
2022 year  4 month  1 day 14: 6:18
 Iteration           3 , residue   3.27896726300619     
 
2022 year  4 month  1 day 14: 8: 3
 Iteration           4 , residue   2.96487403989827     
 
2022 year  4 month  1 day 14: 9:38
 Iteration           5 , residue   2.80449552271537     
 
2022 year  4 month  1 day 14:11:29
 Iteration           6 , residue   2.80449552271537     
 
2022 year  4 month  1 day 14:11:58
 Iteration           7 , residue   2.75870256462482     
 
2022 year  4 month  1 day 14:13:52
 Iteration           8 , residue   2.75129879932506     
 
2022 year  4 month  1 day 14:15:41
 Iteration           9 , residue   2.74232247588287     
 
2022 year  4 month  1 day 14:17:39
 Iteration          10 , residue   2.74232247588287     
 
2022 year  4 month  1 day 14:18: 1
 Iteration          11 , residue   2.74232247588287     
 
2022 year  4 month  1 day 14:18:31
 Iteration          12 , residue   2.74232247588287     
 
2022 year  4 month  1 day 14:18:57
 Iteration          13 , residue   2.74232247588287     
