 Trust region warning: step length has converged, but residual has not met accur
 acy goal
 Final residual =   1.884870809773174E-010
 Trust region warning: step length has converged, but residual has not met accur
 acy goal
 Final residual =   2.227777864959266E-010
 Trust region warning: step length has converged, but residual has not met accur
 acy goal
 Final residual =   1.467648617011625E-010
 Trust region warning: step length has converged, but residual has not met accur
 acy goal
 Final residual =   1.542783778711125E-010
 Trust region warning: step length has converged, but residual has not met accur
 acy goal
 Final residual =   8.758852833912578E-011
 Trust region warning: step length has converged, but residual has not met accur
 acy goal
 Final residual =   5.223922477293152E-011
 Trust region warning: step length has converged, but residual has not met accur
 acy goal
 Final residual =   1.416864557768476E-010
 Trust region warning: step length has converged, but residual has not met accur
 acy goal
 Final residual =   1.712112566914247E-010
 Trust region warning: step length has converged, but residual has not met accur
 acy goal
 Final residual =   1.314810148275562E-010
 Trust region warning: step length has converged, but residual has not met accur
 acy goal
 Final residual =   6.642859075481606E-011
 Trust region warning: step length has converged, but residual has not met accur
 acy goal
 Final residual =   1.520460040183348E-010
 Trust region warning: step length has converged, but residual has not met accur
 acy goal
 Final residual =   7.662112040197545E-011
 Trust region warning: step length has converged, but residual has not met accur
 acy goal
 Final residual =   1.329079939968229E-010
 Trust region warning: step length has converged, but residual has not met accur
 acy goal
 Final residual =   1.422200324908907E-010
 Trust region warning: step length has converged, but residual has not met accur
 acy goal
 Final residual =   8.873126262675244E-011
 Trust region warning: step length has converged, but residual has not met accur
 acy goal
 Final residual =   7.331283311797568E-011
 Trust region warning: step length has converged, but residual has not met accur
 acy goal
 Final residual =   9.082176734081421E-011
 Trust region warning: step length has converged, but residual has not met accur
 acy goal
 Final residual =   6.971238691710059E-011
 Trust region warning: step length has converged, but residual has not met accur
 acy goal
 Final residual =   7.077629397061678E-011
 Trust region warning: step length has converged, but residual has not met accur
 acy goal
 Final residual =   1.132103050086336E-010
 Trust region warning: step length has converged, but residual has not met accur
 acy goal
 Final residual =   1.701185070130689E-010
 Trust region warning: step length has converged, but residual has not met accur
 acy goal
 Final residual =   1.353908842017379E-010
 Trust region warning: step length has converged, but residual has not met accur
 acy goal
 Final residual =   9.770320109475699E-011
 Trust region warning: step length has converged, but residual has not met accur
 acy goal
 Final residual =   1.291287065515946E-010
 Trust region warning: step length has converged, but residual has not met accur
 acy goal
 Final residual =   8.127941732310439E-011
 Trust region warning: step length has converged, but residual has not met accur
 acy goal
 Final residual =   1.527237337946922E-010
 Trust region warning: step length has converged, but residual has not met accur
 acy goal
 Final residual =   7.860082242622279E-011
 Trust region warning: step length has converged, but residual has not met accur
 acy goal
 Final residual =   1.395753407204619E-010
 Trust region warning: step length has converged, but residual has not met accur
 acy goal
 Final residual =   8.696020378205558E-011
 Trust region warning: step length has converged, but residual has not met accur
 acy goal
 Final residual =   1.682469478355146E-010
 Trust region warning: step length has converged, but residual has not met accur
 acy goal
 Final residual =   1.341796712191146E-010
 Trust region warning: step length has converged, but residual has not met accur
 acy goal
 Final residual =   8.780316143107165E-011
 Trust region warning: step length has converged, but residual has not met accur
 acy goal
 Final residual =   9.565744650355573E-011
 Trust region warning: step length has converged, but residual has not met accur
 acy goal
 Final residual =   1.471681190892579E-010
 Trust region warning: step length has converged, but residual has not met accur
 acy goal
 Final residual =   1.479077845787278E-010
 Trust region warning: step length has converged, but residual has not met accur
 acy goal
 Final residual =   2.389261193232454E-010
 Trust region warning: step length has converged, but residual has not met accur
 acy goal
 Final residual =   1.509744291459984E-010
 Trust region warning: step length has converged, but residual has not met accur
 acy goal
 Final residual =   2.245430191522376E-010
 Trust region warning: step length has converged, but residual has not met accur
 acy goal
 Final residual =   8.114494549602074E-011
 Trust region warning: step length has converged, but residual has not met accur
 acy goal
 Final residual =   1.845735371577102E-010
 Trust region warning: step length has converged, but residual has not met accur
 acy goal
 Final residual =   9.064837319926110E-011
 Trust region warning: step length has converged, but residual has not met accur
 acy goal
 Final residual =   1.357418141386156E-010
 Trust region warning: step length has converged, but residual has not met accur
 acy goal
 Final residual =   7.518967906206484E-011
 Trust region warning: step length has converged, but residual has not met accur
 acy goal
 Final residual =   7.816709704798929E-011
 Trust region warning: step length has converged, but residual has not met accur
 acy goal
 Final residual =   2.510391256380235E-011
 Trust region warning: step length has converged, but residual has not met accur
 acy goal
 Final residual =   6.881370896878155E-011
 Trust region warning: step length has converged, but residual has not met accur
 acy goal
 Final residual =   9.946796219631757E-011
 Trust region warning: step length has converged, but residual has not met accur
 acy goal
 Final residual =   2.316190363419852E-010
 Trust region warning: step length has converged, but residual has not met accur
 acy goal
 Final residual =   9.490083902715430E-011
 Trust region warning: step length has converged, but residual has not met accur
 acy goal
 Final residual =   6.294918841652037E-011
 Trust region warning: step length has converged, but residual has not met accur
 acy goal
 Final residual =   8.856112226786510E-011
 Trust region warning: step length has converged, but residual has not met accur
 acy goal
 Final residual =   1.694943521509136E-010
 Trust region warning: step length has converged, but residual has not met accur
 acy goal
 Final residual =   1.458280175391348E-010
 Trust region warning: step length has converged, but residual has not met accur
 acy goal
 Final residual =   9.213923610732296E-011
 Trust region warning: step length has converged, but residual has not met accur
 acy goal
 Final residual =   1.310675847789141E-010
 Trust region warning: step length has converged, but residual has not met accur
 acy goal
 Final residual =   1.288849361848626E-010
 Trust region warning: step length has converged, but residual has not met accur
 acy goal
 Final residual =   9.118016669148086E-011
 Trust region warning: step length has converged, but residual has not met accur
 acy goal
 Final residual =   2.411757055563961E-010
 Trust region warning: step length has converged, but residual has not met accur
 acy goal
 Final residual =   1.050971289231747E-010
 Trust region warning: step length has converged, but residual has not met accur
 acy goal
 Final residual =   1.861294135299460E-010
 Trust region warning: step length has converged, but residual has not met accur
 acy goal
 Final residual =   2.831434681412095E-010
 Trust region warning: step length has converged, but residual has not met accur
 acy goal
 Final residual =   1.371162190356462E-010
 Trust region warning: step length has converged, but residual has not met accur
 acy goal
 Final residual =   1.345789558598350E-010
 Trust region warning: step length has converged, but residual has not met accur
 acy goal
 Final residual =   1.804790333454412E-010
 Trust region warning: step length has converged, but residual has not met accur
 acy goal
 Final residual =   1.186724705126105E-010
 Trust region warning: step length has converged, but residual has not met accur
 acy goal
 Final residual =   1.833048730311364E-010
 Trust region warning: step length has converged, but residual has not met accur
 acy goal
 Final residual =   1.607156654806451E-010
 Trust region warning: step length has converged, but residual has not met accur
 acy goal
 Final residual =   1.040750884914434E-010
 Trust region warning: step length has converged, but residual has not met accur
 acy goal
 Final residual =   1.441968267507475E-010
 Trust region warning: step length has converged, but residual has not met accur
 acy goal
 Final residual =   1.612017061451871E-010
 Trust region warning: step length has converged, but residual has not met accur
 acy goal
 Final residual =   1.475337438032140E-010
 Trust region warning: step length has converged, but residual has not met accur
 acy goal
 Final residual =   1.085533521254578E-010
 Trust region warning: step length has converged, but residual has not met accur
 acy goal
 Final residual =   2.111079590385777E-010
 Trust region warning: step length has converged, but residual has not met accur
 acy goal
 Final residual =   6.794060405773076E-011
 Trust region warning: step length has converged, but residual has not met accur
 acy goal
 Final residual =   1.170748866666508E-010
 Trust region warning: step length has converged, but residual has not met accur
 acy goal
 Final residual =   9.871397057365489E-011
 Trust region warning: step length has converged, but residual has not met accur
 acy goal
 Final residual =   9.387509077285947E-011
 Trust region warning: step length has converged, but residual has not met accur
 acy goal
 Final residual =   1.443066323591944E-010
 Trust region warning: step length has converged, but residual has not met accur
 acy goal
 Final residual =   1.601098332635890E-010
 Trust region warning: step length has converged, but residual has not met accur
 acy goal
 Final residual =   7.113611070397248E-011
 Trust region warning: step length has converged, but residual has not met accur
 acy goal
 Final residual =   1.725577872526307E-010
 Trust region warning: step length has converged, but residual has not met accur
 acy goal
 Final residual =   2.142942171312407E-010
 Trust region warning: step length has converged, but residual has not met accur
 acy goal
 Final residual =   4.292706786829737E-011
 Trust region warning: step length has converged, but residual has not met accur
 acy goal
 Final residual =   6.517997279743377E-011
 Trust region warning: step length has converged, but residual has not met accur
 acy goal
 Final residual =   2.185737517446612E-010
 Trust region warning: step length has converged, but residual has not met accur
 acy goal
 Final residual =   1.001377548233932E-010
 Trust region warning: step length has converged, but residual has not met accur
 acy goal
 Final residual =   7.980659822660221E-011
 Trust region warning: step length has converged, but residual has not met accur
 acy goal
 Final residual =   1.727811870898993E-010
 Trust region warning: step length has converged, but residual has not met accur
 acy goal
 Final residual =   1.134820593027830E-010
 Trust region warning: step length has converged, but residual has not met accur
 acy goal
 Final residual =   1.598433591414161E-010
 Trust region warning: step length has converged, but residual has not met accur
 acy goal
 Final residual =   1.378320060418224E-010
 Trust region warning: step length has converged, but residual has not met accur
 acy goal
 Final residual =   1.390815825604171E-010
 Trust region warning: step length has converged, but residual has not met accur
 acy goal
 Final residual =   3.143551816921311E-010
 Trust region warning: step length has converged, but residual has not met accur
 acy goal
 Final residual =   1.788605250524280E-010
 Trust region warning: step length has converged, but residual has not met accur
 acy goal
 Final residual =   7.358222055753821E-011
 Trust region warning: step length has converged, but residual has not met accur
 acy goal
 Final residual =   1.389466976174196E-010
 Trust region warning: step length has converged, but residual has not met accur
 acy goal
 Final residual =   5.773522104361984E-011
 Trust region warning: step length has converged, but residual has not met accur
 acy goal
 Final residual =   1.496895424711772E-010
 Trust region warning: step length has converged, but residual has not met accur
 acy goal
 Final residual =   1.193758031878258E-010
 Trust region warning: step length has converged, but residual has not met accur
 acy goal
 Final residual =   1.326133872348811E-010
 Trust region warning: step length has converged, but residual has not met accur
 acy goal
 Final residual =   9.690019535743551E-011
 Trust region warning: step length has converged, but residual has not met accur
 acy goal
 Final residual =   1.899378711139511E-010
 Trust region warning: step length has converged, but residual has not met accur
 acy goal
 Final residual =   1.045452494796283E-010
 Trust region warning: step length has converged, but residual has not met accur
 acy goal
 Final residual =   1.454087624359336E-010
 Trust region warning: step length has converged, but residual has not met accur
 acy goal
 Final residual =   1.274462160436303E-010
 Trust region warning: step length has converged, but residual has not met accur
 acy goal
 Final residual =   1.054736410925769E-010
 Trust region warning: step length has converged, but residual has not met accur
 acy goal
 Final residual =   3.038954399809829E-011
 Trust region warning: step length has converged, but residual has not met accur
 acy goal
 Final residual =   2.076199374139470E-010
 Trust region warning: step length has converged, but residual has not met accur
 acy goal
 Final residual =   9.324503606254613E-011
 Trust region warning: step length has converged, but residual has not met accur
 acy goal
 Final residual =   2.607005399119848E-010
 Trust region warning: step length has converged, but residual has not met accur
 acy goal
 Final residual =   2.135361250382922E-010
 Trust region warning: step length has converged, but residual has not met accur
 acy goal
 Final residual =   1.616410181357206E-010
 Trust region warning: step length has converged, but residual has not met accur
 acy goal
 Final residual =   8.634397896065899E-011
 Trust region warning: step length has converged, but residual has not met accur
 acy goal
 Final residual =   1.120258908040606E-010
 Trust region warning: step length has converged, but residual has not met accur
 acy goal
 Final residual =   7.722155197557431E-011
 Trust region warning: step length has converged, but residual has not met accur
 acy goal
 Final residual =   1.429675982808770E-010
 Trust region warning: step length has converged, but residual has not met accur
 acy goal
 Final residual =   1.429675982808770E-010
Critics: a critical geometry searcher
Yifan Shen 2021

Echo of user command line input:
/home/yshen/Software/Mine/diabatz/tools/critics/v1/critics.exe -j min -f default -i opt.IntCoordDef -t 1 -d default IntCoordDef SAS.in pretrain-Hd.in pretrain-Hd.net pretrain-11.in pretrain-12.in pretrain-13.in pretrain-14.in pretrain-22.in pretrain-23.in pretrain-24.in pretrain-33.in pretrain-34.in pretrain-44.in default IntCoordDef SAS.in Hd.in Hd.net 11.in 12.in 13.in 14.in 22.in 23.in 24.in 33.in 34.in 44.in -x A1rot-sad.xyz -c 25 26 27 28 29 30 31 32 33 34 35 36 -o sad.xyz

Wed Dec  7 22:43:34 2022

Job type: min
The target electronic state is 1

Wed Dec  7 22:52:39 2022
Mission success
