Diabatz version 1.3.0
Yifan Shen 2021

Echo of user command line input:
/home/yshen57/Software/Mine/diabatz/v1.3.0/diabatz.exe --pretrained default IntCoordDef SAS.in pretrain-Hd.in pretrain-Hd.net pretrain-11.in pretrain-12.in pretrain-13.in pretrain-14.in pretrain-22.in pretrain-23.in pretrain-24.in pretrain-33.in pretrain-34.in pretrain-44.in -f default -i IntCoordDef -s SAS.in -n Hd.in -l 11.in 12.in 13.in 14.in 22.in 23.in 24.in 33.in 34.in 44.in -d data/critical/no-deg_list.txt data/linear-path/min-B1_min-B2/ data/other/benzene/list.txt data/other/in-benzene/list.txt data/other/out-of-benzene/list.txt data/other/NH2-angles/list.txt data/fast/list.txt data/other/fast_bound_N-H/list.txt data/artifact/asymptote/ --energy_data data/artifact/fast-B2/list.txt data/artifact/asymptote-B2/ -z -286.1075216397 -r reg-init/reg -p reg-init/prior -c CHK/10.net -m 10

Tue Apr 19 21:35:08 2022

The data set will be read from: 
    data/critical/min-A1/, data/critical/sad-A1/, data/critical/min-B1/, 
    data/critical/sad-B1/, data/critical/min-B2/, data/critical/sad-B2/, data/critical/min-A2/, 
    data/critical/sad-A2/, data/linear-path/min-B1_min-B2/, 
    data/other/benzene/A1-9/0-13_4-states/, data/other/benzene/A1-9/14-19_4-states/, data/other/benzene/A1-10/, 
    data/other/benzene/B1-14/0-5_4-states/, data/other/benzene/B1-14/6-9_4-states/, data/other/benzene/B1-15/, 
    data/other/benzene/B2-27/, data/other/benzene/A2-33/, data/other/in-benzene/A1-11/, 
    data/other/in-benzene/A1-12/, data/other/in-benzene/B2-28/, data/other/in-benzene/B2-29/, 
    data/other/in-benzene/B2-30/, data/other/out-of-benzene/B1-16_H/0-5_4-states/, 
    data/other/out-of-benzene/B1-16_H/6-10_4-states/, data/other/out-of-benzene/B1-17_H/0-9_4-states/, 
    data/other/out-of-benzene/B1-17_H/10-12_4-states/, data/other/out-of-benzene/B1-18_H/, 
    data/other/out-of-benzene/B1-19_N/0-2_4-states/, data/other/out-of-benzene/B1-19_N/3-4_4-states/, 
    data/other/out-of-benzene/A2-34_H/0-6_4-states/, data/other/out-of-benzene/A2-34_H/7_3-states/, 
    data/other/out-of-benzene/A2-34_H/8-10_4-states/, data/other/out-of-benzene/A2-35_H/0-2_4-states/, 
    data/other/out-of-benzene/A2-35_H/3-7_3-states/, data/other/NH2-angles/H-N-H_from_min-B1/0-18_4-states/, 
    data/other/NH2-angles/H-N-H_from_min-B1/19_3-states/, data/other/NH2-angles/H-N-H_from_min-A1/, 
    data/other/NH2-angles/C-N-avgH_from_min-B1/0-11_4-states/, data/other/NH2-angles/C-N-avgH_from_min-B1/12-13_5to4-states/, 
    data/other/NH2-angles/C-out-of-NH2/0-9_4-states/, data/other/NH2-angles/C-out-of-NH2/10-14_5to4-states/, 
    data/other/NH2-angles/NH2-rotation_from_min-B1/0.1/, data/other/NH2-angles/NH2-rotation_from_min-B1/0.2/, 
    data/other/NH2-angles/NH2-rotation_from_min-B1/0.3/, data/other/NH2-angles/NH2-rotation_from_min-B1/0.4/, 
    data/other/NH2-angles/NH2-rotation_from_min-B1/0.5/, data/other/NH2-angles/NH2-rotation_from_min-B1/0.6/, 
    data/other/NH2-angles/NH2-rotation_from_min-B1/0.7/, data/other/NH2-angles/NH2-rotation_from_min-B1/0.8/, 
    data/other/NH2-angles/NH2-rotation_from_min-B1/0.9/, data/other/NH2-angles/NH2-rotation_from_min-B1/1.0/, 
    data/other/NH2-angles/NH2-rotation_from_min-B1/1.1/, data/other/NH2-angles/NH2-rotation_from_min-B1/1.2/, 
    data/other/NH2-angles/NH2-rotation_from_min-B1/1.3/, data/other/NH2-angles/NH2-rotation_from_min-B1/1.4/, 
    data/other/NH2-angles/NH2-rotation_from_min-B1/1.5/, data/other/NH2-angles/NH2-rotation_from_min-B1/1.6/, 
    data/other/NH2-angles/NH2-rotation_from_min-B1/1.7/, data/other/NH2-angles/NH2-rotation_from_min-B1/1.8/, 
    data/other/NH2-angles/NH2-rotation_from_min-B1/1.9/, data/other/NH2-angles/NH2-rotation_from_min-B1/2.0/, 
    data/other/NH2-angles/NH2-rotation_from_min-B1/2.1/, data/other/NH2-angles/NH2-rotation_from_min-B1/2.2/, 
    data/other/NH2-angles/NH2-rotation_from_min-A1/0.1/, data/other/NH2-angles/NH2-rotation_from_min-A1/0.2/, 
    data/other/NH2-angles/NH2-rotation_from_min-A1/0.3/, data/other/NH2-angles/NH2-rotation_from_min-A1/0.4/, 
    data/other/NH2-angles/NH2-rotation_from_min-A1/0.5/, data/other/NH2-angles/NH2-rotation_from_min-A1/0.6/, 
    data/other/NH2-angles/NH2-rotation_from_min-A1/0.7/, data/other/NH2-angles/NH2-rotation_from_min-A1/0.8/, 
    data/other/NH2-angles/NH2-rotation_from_min-A1/0.9/, data/other/NH2-angles/NH2-rotation_from_min-A1/1.0/, 
    data/other/NH2-angles/NH2-rotation_from_min-A1/1.1/, data/other/NH2-angles/NH2-rotation_from_min-A1/1.2/, 
    data/other/NH2-angles/NH2-rotation_from_min-A1/1.3/, data/other/NH2-angles/NH2-rotation_from_min-A1/1.4/, 
    data/other/NH2-angles/NH2-rotation_from_min-A1/1.5/, data/other/NH2-angles/NH2-rotation_from_min-A1/1.6/, 
    data/other/NH2-angles/NH2-rotation_from_min-A1/1.7/, data/other/NH2-angles/NH2-rotation_from_min-A1/1.8/, 
    data/other/NH2-angles/NH2-rotation_from_min-A1/1.9/, data/other/NH2-angles/NH2-rotation_from_min-A1/2.0/, 
    data/other/NH2-angles/NH2-rotation_from_min-A1/2.1/, data/other/NH2-angles/NH2-rotation_from_min-A1/2.2/, data/fast/0.7/, 
    data/fast/0.8/, data/fast/0.9/, data/fast/1.1/, data/fast/1.2/, data/fast/1.4/, 
    data/fast/1.5/, data/fast/1.6/, data/fast/1.7/, data/fast/1.9/, data/fast/2.0/, 
    data/fast/2.1/, data/fast/2.2/, data/fast/2.3/, data/fast/2.4/, data/fast/2.5/, 
    data/fast/2.6/, data/fast/2.7/, data/fast/2.8/, data/fast/2.9/, data/fast/3/, 
    data/fast/4/, data/fast/5/, data/fast/6/, data/fast/6_partial-loop/, 
    data/other/fast_bound_N-H/1.1/, data/other/fast_bound_N-H/1.2/, data/other/fast_bound_N-H/1.3/, 
    data/other/fast_bound_N-H/1.4/, data/other/fast_bound_N-H/1.5/, data/artifact/asymptote/, 
There are 1440 data points in adiabatic representation
          1 data points in composite representation

The data set will be read from: 
    data/artifact/fast-B2/1.9/, data/artifact/fast-B2/2.0/, 
    data/artifact/fast-B2/2.1/, data/artifact/fast-B2/2.2/, data/artifact/fast-B2/2.3/, 
    data/artifact/fast-B2/2.4/, data/artifact/fast-B2/2.5/, data/artifact/fast-B2/2.6/, 
    data/artifact/fast-B2/2.7/, data/artifact/fast-B2/2.8/, data/artifact/fast-B2/2.9/, 
    data/artifact/fast-B2/3/, data/artifact/fast-B2/4/, data/artifact/fast-B2/5/, 
    data/artifact/fast-B2/6/, data/artifact/asymptote-B2/, 
There are 115 data points without gradient

maximum ground state energy = 0.228122
maximum ||ground state energy gradient||_infinity = 0.703726
so we suggest to set gradient / energy scaling to around 3.08487

Got regularization strength, enable regularization

The number of threads = 16

Thread 1:
* owns 90 adiabatic data points
* owns 1 composite data points
* owns 8 energy-only data points
* starts with Jacobian row 0
Thread 2:
* owns 90 adiabatic data points
* owns 0 composite data points
* owns 8 energy-only data points
* starts with Jacobian row 17636
Thread 3:
* owns 90 adiabatic data points
* owns 0 composite data points
* owns 8 energy-only data points
* starts with Jacobian row 31009
Thread 4:
* owns 90 adiabatic data points
* owns 0 composite data points
* owns 7 energy-only data points
* starts with Jacobian row 48298
Thread 5:
* owns 90 adiabatic data points
* owns 0 composite data points
* owns 7 energy-only data points
* starts with Jacobian row 61754
Thread 6:
* owns 90 adiabatic data points
* owns 0 composite data points
* owns 7 energy-only data points
* starts with Jacobian row 80642
Thread 7:
* owns 90 adiabatic data points
* owns 0 composite data points
* owns 7 energy-only data points
* starts with Jacobian row 93330
Thread 8:
* owns 90 adiabatic data points
* owns 0 composite data points
* owns 7 energy-only data points
* starts with Jacobian row 108600
Thread 9:
* owns 90 adiabatic data points
* owns 0 composite data points
* owns 7 energy-only data points
* starts with Jacobian row 123379
Thread 10:
* owns 90 adiabatic data points
* owns 0 composite data points
* owns 7 energy-only data points
* starts with Jacobian row 140675
Thread 11:
* owns 90 adiabatic data points
* owns 0 composite data points
* owns 7 energy-only data points
* starts with Jacobian row 160449
Thread 12:
* owns 90 adiabatic data points
* owns 0 composite data points
* owns 7 energy-only data points
* starts with Jacobian row 181949
Thread 13:
* owns 90 adiabatic data points
* owns 0 composite data points
* owns 7 energy-only data points
* starts with Jacobian row 201623
Thread 14:
* owns 90 adiabatic data points
* owns 0 composite data points
* owns 7 energy-only data points
* starts with Jacobian row 223123
Thread 15:
* owns 90 adiabatic data points
* owns 0 composite data points
* owns 7 energy-only data points
* starts with Jacobian row 240607
Thread 16:
* owns 90 adiabatic data points
* owns 0 composite data points
* owns 7 energy-only data points
* starts with Jacobian row 255027

The data set corresponds to 274765 least square equations
There are 1440 parameters to train

The initial residue = 2.88837
 
2022 year  4 month 19 day 21:43: 1
 Iteration           1 , residue   2.89697667797482     
 
2022 year  4 month 19 day 21:43: 4
 Iteration           2 , residue   2.88367980395343     
 
2022 year  4 month 19 day 21:44: 0
 Iteration           3 , residue   2.87669947173565     
 
2022 year  4 month 19 day 21:44:56
 Iteration           4 , residue   2.87669947173565     
 
2022 year  4 month 19 day 21:44:59
 Iteration           5 , residue   2.87669947173565     
 
2022 year  4 month 19 day 21:45: 2
 Iteration           6 , residue   2.87647502137966     
 
2022 year  4 month 19 day 21:45:58
 Iteration           7 , residue   2.87422589513314     
 
2022 year  4 month 19 day 21:46:56
 Iteration           8 , residue   2.87200586035661     
 
2022 year  4 month 19 day 21:47:54
 Iteration           9 , residue   2.87122979008003     
 
2022 year  4 month 19 day 21:48:53
 Iteration          10 , residue   2.86858439024326     
 
2022 year  4 month 19 day 21:49:52
 Iteration          11 , residue   2.86803998669467     
 
2022 year  4 month 19 day 21:50:51
 Iteration          12 , residue   2.86774673054145     
 
2022 year  4 month 19 day 21:51:50
 Iteration          13 , residue   2.86747108903469     
 Failed trust region: max iteration exceeded!
 Final residual =    2.86747108903469     
The final residue = 2.8581

Tue Apr 19 21:51:52 2022
Mission success
