Diabatz version 1.0.0
Yifan Shen 2021

Echo of user command line input:
/home/yshen/Software/Mine/diabatz/v1.0.0/diabatz.exe --pretrained default IntCoordDef SAS.in pretrain/HN_Hd.in pretrain/HN_Hd.net pretrain/HN_11.in -f default -i IntCoordDef -s SAS.in -n single.in -l benzene.in -d data/list.txt data/NH2-angles/list.txt data/benzene/list.txt data/in-benzene/list.txt data/out-of-benzene/list.txt -z -286.1075216397 -r regularization/reg -p regularization/prior -m 5

Sat Apr  9 14:51:17 2022

The data set will be read from: 
    data/min-A1/, data/sad-A1/, data/min-B1/, data/min-B2/, data/sad-B2/, 
    data/min-A2/, data/min-B1_min-B2/, data/NH2-angles/C-N-avgH_from_min-B1/, 
    data/NH2-angles/C-out-of-NH2/, data/NH2-angles/H-N-H_from_min-A1/, 
    data/NH2-angles/H-N-H_from_min-B1/, data/NH2-angles/NH2-rotation_from_min-A1/0.1/, 
    data/NH2-angles/NH2-rotation_from_min-A1/0.2/, data/NH2-angles/NH2-rotation_from_min-A1/0.3/, 
    data/NH2-angles/NH2-rotation_from_min-A1/0.7/, data/NH2-angles/NH2-rotation_from_min-A1/0.8/, 
    data/NH2-angles/NH2-rotation_from_min-A1/0.9/, data/NH2-angles/NH2-rotation_from_min-A1/1.0/, 
    data/NH2-angles/NH2-rotation_from_min-A1/1.1/, data/NH2-angles/NH2-rotation_from_min-A1/1.2/, 
    data/NH2-angles/NH2-rotation_from_min-A1/1.3/, data/NH2-angles/NH2-rotation_from_min-A1/1.4/, 
    data/NH2-angles/NH2-rotation_from_min-A1/1.5/, data/NH2-angles/NH2-rotation_from_min-A1/1.6/, 
    data/NH2-angles/NH2-rotation_from_min-A1/1.7/, data/NH2-angles/NH2-rotation_from_min-A1/1.8/, 
    data/NH2-angles/NH2-rotation_from_min-A1/1.9/, data/NH2-angles/NH2-rotation_from_min-A1/2.0/, 
    data/NH2-angles/NH2-rotation_from_min-A1/2.1/, data/NH2-angles/NH2-rotation_from_min-A1/2.2/, 
    data/NH2-angles/NH2-rotation_from_min-B1/0.1/, data/NH2-angles/NH2-rotation_from_min-B1/0.2/, 
    data/NH2-angles/NH2-rotation_from_min-B1/0.3/, data/NH2-angles/NH2-rotation_from_min-B1/0.4/, 
    data/NH2-angles/NH2-rotation_from_min-B1/0.5/, data/NH2-angles/NH2-rotation_from_min-B1/0.6/, 
    data/NH2-angles/NH2-rotation_from_min-B1/0.7/, data/NH2-angles/NH2-rotation_from_min-B1/0.8/, 
    data/NH2-angles/NH2-rotation_from_min-B1/0.9/, data/NH2-angles/NH2-rotation_from_min-B1/1.0/, 
    data/NH2-angles/NH2-rotation_from_min-B1/1.1/, data/NH2-angles/NH2-rotation_from_min-B1/1.2/, 
    data/NH2-angles/NH2-rotation_from_min-B1/1.3/, data/NH2-angles/NH2-rotation_from_min-B1/1.4/, 
    data/NH2-angles/NH2-rotation_from_min-B1/1.5/, data/NH2-angles/NH2-rotation_from_min-B1/1.6/, 
    data/NH2-angles/NH2-rotation_from_min-B1/1.7/, data/NH2-angles/NH2-rotation_from_min-B1/1.8/, 
    data/NH2-angles/NH2-rotation_from_min-B1/2.2/, data/benzene/A1-9/, data/benzene/A1-10/, data/benzene/B1-14/, 
    data/benzene/B1-15/, data/benzene/B2-27/, data/benzene/A2-33/, data/in-benzene/A1-11/, 
    data/in-benzene/A1-12/, data/in-benzene/B2-28/, data/in-benzene/B2-29/, 
    data/in-benzene/B2-30/, data/out-of-benzene/B1-16_H/, data/out-of-benzene/B1-17_H/, 
    data/out-of-benzene/B1-18_H/, data/out-of-benzene/B1-19_N/, data/out-of-benzene/A2-34_H/, 
    data/out-of-benzene/A2-35_H/, 
There are 726 data points in adiabatic representation
          0 data points in composite representation

maximum ground state energy = 0.367116
maximum ||ground state energy gradient||_infinity = 0.16914
so we suggest to set gradient / energy scaling to around 0.460726

Got regularization strength, enable regularization

The number of threads = 4

Thread 1:
* owns 182 adiabatic data points
* owns 0 composite data points
* owns 0 energy-only data points
* starts with Jacobian row 0
Thread 2:
* owns 182 adiabatic data points
* owns 0 composite data points
* owns 0 energy-only data points
* starts with Jacobian row 3796
Thread 3:
* owns 181 adiabatic data points
* owns 0 composite data points
* owns 0 energy-only data points
* starts with Jacobian row 7662
Thread 4:
* owns 181 adiabatic data points
* owns 0 composite data points
* owns 0 energy-only data points
* starts with Jacobian row 11525

The data set corresponds to 15096 least square equations
There are 98 parameters to train

The initial residue = 1.60285
 
2022 year  4 month  9 day 14:52:46
 Iteration           1 , residue  0.714382033948770     
 Trust region warning: step length has converged, but residual has not met accur
 acy goal
 Final residual =   0.714382033948770     
The final residue = 0.564151

Sat Apr  9 14:52:47 2022
Mission success
