    1,14   # 2nd scaling
    1,15   
    1,14       1,1    
    1,15       1,1    
    1,14       1,2    
    1,15       1,2    
    1,14       1,14   
    1,15       1,14   
    1,5        1,14   
    1,6        1,14   
    1,7        1,14   
    1,8        1,14   
    1,9        1,14   
    1,10       1,14   
    1,11       1,14   
    1,12       1,14   
    1,13       1,14   
    1,15       1,15   
    1,5        1,15   
    1,6        1,15   
    1,7        1,15   
    1,8        1,15   
    1,9        1,15   
    1,10       1,15   
    1,11       1,15   
    1,12       1,15   
    1,13       1,15   
    2,3        2,3    
    2,4        2,3    
    2,4        2,4    
    7,8        7,1    
    7,8        7,2    
    7,8        7,3    
    7,8        7,4    
    7,8        7,5    
    7,8        7,6    
    7,8        7,8    
    8,2        8,2    
    2,3        3,1        5,2    
    2,3        3,2        5,2    
    2,3        3,3        5,2    
    2,3        3,4        5,2    
    2,3        3,5        5,2    
    2,3        3,6        5,2    
    2,3        3,7        5,2    
    2,3        3,8        5,2    
    2,3        3,9        5,2    
    2,3        3,10       5,2    
    2,4        3,1        5,2    
    2,4        3,2        5,2    
    2,4        3,3        5,2    
    2,4        3,4        5,2    
    2,4        3,5        5,2    
    2,4        3,6        5,2    
    2,4        3,7        5,2    
    2,4        3,8        5,2    
    2,4        3,9        5,2    
    2,4        3,10       5,2    
    4,1        8,2        5,2    
    4,2        8,2        5,2    
    4,3        8,2        5,2    
    5,2        5,2    
    3,12       3,1    
    3,12       3,2    
    3,12       3,3    
    3,12       3,4    
    3,12       3,5    
    3,12       3,6    
    3,12       3,7    
    3,12       3,8    
    3,12       3,9    
    3,12       3,10   
    3,12       3,12   
    2,3        7,1        8,2    
    2,3        7,2        8,2    
    2,3        7,3        8,2    
    2,3        7,4        8,2    
    2,3        7,5        8,2    
    2,3        7,6        8,2    
    2,4        7,1        8,2    
    2,4        7,2        8,2    
    2,4        7,3        8,2    
    2,4        7,4        8,2    
    2,4        7,5        8,2    
    2,4        7,6        8,2    
    8,2        8,2        8,2        8,2    
    3,12       3,12       3,12       3,12   
    5,2        5,2        3,12       3,12   
    7,8        7,8        3,12       3,12   
    8,2        8,2        3,12       3,12   
    8,2        7,8        5,2        3,12   
    5,2        5,2        5,2        5,2    
    7,8        7,8        5,2        5,2    
    8,2        8,2        5,2        5,2    
    7,8        7,8        7,8        7,8    
    8,2        8,2        7,8        7,8    
    3,12       3,12       1,13   
    5,2        5,2        1,13   
    7,8        7,8        1,13   
    8,2        8,2        1,13   
    1,18   
    1,18       1,18   
    2,7        2,7    
    1,18       1,18       1,18   
    2,7        2,7        1,18   
    1,18       1,18       1,18       1,18   
    2,7        2,7        1,18       1,18   
    2,7        2,7        2,7        2,7    
    1,18       1,1    
    1,18       1,2    
    1,18       1,14   
    1,18       1,15   
    1,18       1,5    
    1,18       1,6    
    1,18       1,7    
    1,18       1,8    
    1,18       1,9    
    1,18       1,10   
    1,18       1,11   
    1,18       1,12   
    1,18       1,13   
    1,18       1,18       1,13   
    1,18       1,18       3,12       3,12   
    1,18       1,18       5,2        5,2    
    1,18       1,18       7,8        7,8    
    1,18       1,18       8,2        8,2    
    2,7        2,7        1,13   
    2,7        2,7        3,12       3,12   
    2,7        2,7        5,2        5,2    
    2,7        2,7        7,8        7,8    
    2,7        2,7        8,2        8,2    
