    3,1        1,14   # 2nd scaling
    3,2        1,14   
    3,3        1,14   
    3,4        1,14   
    3,5        1,14   
    3,6        1,14   
    3,7        1,14   
    3,8        1,14   
    3,9        1,14   
    3,10       1,14   
    3,1        1,15   
    3,2        1,15   
    3,3        1,15   
    3,4        1,15   
    3,5        1,15   
    3,6        1,15   
    3,7        1,15   
    3,8        1,15   
    3,9        1,15   
    3,10       1,15   
    7,8        4,1    
    7,8        4,2    
    7,8        4,3    
    2,3        5,2    
    2,4        5,2    
    1,1        2,3        5,2    
    1,2        2,3        5,2    
    1,14       2,3        5,2    
    1,15       2,3        5,2    
    1,5        2,3        5,2    
    1,6        2,3        5,2    
    1,7        2,3        5,2    
    1,8        2,3        5,2    
    1,9        2,3        5,2    
    1,10       2,3        5,2    
    1,11       2,3        5,2    
    1,12       2,3        5,2    
    1,13       2,3        5,2    
    1,1        2,4        5,2    
    1,2        2,4        5,2    
    1,14       2,4        5,2    
    1,15       2,4        5,2    
    1,5        2,4        5,2    
    1,6        2,4        5,2    
    1,7        2,4        5,2    
    1,8        2,4        5,2    
    1,9        2,4        5,2    
    1,10       2,4        5,2    
    1,11       2,4        5,2    
    1,12       2,4        5,2    
    1,13       2,4        5,2    
    7,1        8,2        5,2    
    7,2        8,2        5,2    
    7,3        8,2        5,2    
    7,4        8,2        5,2    
    7,5        8,2        5,2    
    7,6        8,2        5,2    
    7,8        8,2        5,2    
    3,12   
    3,12       1,1    
    3,12       1,2    
    3,12       1,14   
    3,12       1,15   
    3,12       1,5    
    3,12       1,6    
    3,12       1,7    
    3,12       1,8    
    3,12       1,9    
    3,12       1,10   
    3,12       1,11   
    3,12       1,12   
    3,12       1,13   
    2,3        4,1        8,2    
    2,3        4,2        8,2    
    2,3        4,3        8,2    
    2,4        4,1        8,2    
    2,4        4,2        8,2    
    2,4        4,3        8,2    
    3,12       3,12       3,12   
    7,8        7,8        3,12   
    1,18       3,1    
    1,18       3,2    
    1,18       3,3    
    1,18       3,4    
    1,18       3,5    
    1,18       3,6    
    1,18       3,7    
    1,18       3,8    
    1,18       3,9    
    1,18       3,10   
    1,18       3,12   
    1,18       2,3        5,2    
    1,18       2,4        5,2    
    1,18       1,18       3,12   
    1,18       1,18       3,12   
    2,7        2,7        3,12   
    2,7        2,7        3,12   
