    7,8    # 2nd scaling
    7,8        1,1    
    7,8        1,2    
    7,1        1,14   
    7,2        1,14   
    7,3        1,14   
    7,4        1,14   
    7,5        1,14   
    7,6        1,14   
    7,8        1,14   
    7,1        1,15   
    7,2        1,15   
    7,3        1,15   
    7,4        1,15   
    7,5        1,15   
    7,6        1,15   
    7,8        1,15   
    7,8        1,5    
    7,8        1,6    
    7,8        1,7    
    7,8        1,8    
    7,8        1,9    
    7,8        1,10   
    7,8        1,11   
    7,8        1,12   
    7,8        1,13   
    8,2        2,3    
    8,2        2,4    
    2,3        4,1        5,2    
    2,3        4,2        5,2    
    2,3        4,3        5,2    
    2,4        4,1        5,2    
    2,4        4,2        5,2    
    2,4        4,3        5,2    
    3,1        8,2        5,2    
    3,2        8,2        5,2    
    3,3        8,2        5,2    
    3,4        8,2        5,2    
    3,5        8,2        5,2    
    3,6        8,2        5,2    
    3,7        8,2        5,2    
    3,8        8,2        5,2    
    3,9        8,2        5,2    
    3,10       8,2        5,2    
    4,1        3,12   
    4,2        3,12   
    4,3        3,12   
    1,1        2,3        8,2    
    1,2        2,3        8,2    
    1,14       2,3        8,2    
    1,15       2,3        8,2    
    1,5        2,3        8,2    
    1,6        2,3        8,2    
    1,7        2,3        8,2    
    1,8        2,3        8,2    
    1,9        2,3        8,2    
    1,10       2,3        8,2    
    1,11       2,3        8,2    
    1,12       2,3        8,2    
    1,13       2,3        8,2    
    1,1        2,4        8,2    
    1,2        2,4        8,2    
    1,14       2,4        8,2    
    1,15       2,4        8,2    
    1,5        2,4        8,2    
    1,6        2,4        8,2    
    1,7        2,4        8,2    
    1,8        2,4        8,2    
    1,9        2,4        8,2    
    1,10       2,4        8,2    
    1,11       2,4        8,2    
    1,12       2,4        8,2    
    1,13       2,4        8,2    
    3,12       5,2        8,2    
    7,8        3,12       3,12   
    7,8        7,8        7,8    
    1,18       7,1    
    1,18       7,2    
    1,18       7,3    
    1,18       7,4    
    1,18       7,5    
    1,18       7,6    
    1,18       7,8    
    1,18       2,3        8,2    
    1,18       2,4        8,2    
    1,18       1,18       7,8    
    2,7        2,7        7,8    
