Diabatz version 1.0.0
Yifan Shen 2021

Echo of user command line input:
/home/yshen/Software/Mine/diabatz/v1.0.0/diabatz.exe --pretrained default IntCoordDef SAS.in pretrain/C2v_Hd.in pretrain/C2v_Hd.net pretrain/C2v_11.in -f default -i IntCoordDef -s SAS.in -n single.in -l HN-C2v.in -d data/critical/list.txt data/NH2-rotation-A1/list.txt data/NH2-rotation-B1/list.txt data/NH2-angles/list.txt -z -286.1075216397 -r regularization/reg -p regularization/prior -m 5

Fri Apr  8 17:53:10 2022

The data set will be read from: 
    data/critical/min-A1/, data/critical/sad-A1/, data/critical/min-B1/, 
    data/critical/min-B2/, data/critical/sad-B2/, data/critical/min-A2/, 
    data/critical/mex-B1-B2/, data/critical/min-B1_min-B2/, data/NH2-rotation-A1/0.1/, 
    data/NH2-rotation-A1/0.2/, data/NH2-rotation-A1/0.3/, data/NH2-rotation-A1/0.4/, 
    data/NH2-rotation-A1/0.5/, data/NH2-rotation-A1/0.6/, data/NH2-rotation-A1/0.7/, 
    data/NH2-rotation-A1/0.8/, data/NH2-rotation-A1/0.9/, data/NH2-rotation-A1/1.0/, 
    data/NH2-rotation-A1/1.1/, data/NH2-rotation-A1/1.2/, data/NH2-rotation-A1/1.3/, 
    data/NH2-rotation-A1/1.4/, data/NH2-rotation-A1/1.5/, data/NH2-rotation-A1/1.6/, 
    data/NH2-rotation-A1/1.7/, data/NH2-rotation-A1/1.8/, data/NH2-rotation-A1/1.9/, 
    data/NH2-rotation-A1/2.0/, data/NH2-rotation-A1/2.1/, data/NH2-rotation-A1/2.2/, 
    data/NH2-rotation-B1/0.1/, data/NH2-rotation-B1/0.2/, data/NH2-rotation-B1/0.3/, 
    data/NH2-rotation-B1/0.4/, data/NH2-rotation-B1/0.5/, data/NH2-rotation-B1/0.6/, 
    data/NH2-rotation-B1/1.3/, data/NH2-rotation-B1/1.4/, data/NH2-rotation-B1/1.5/, 
    data/NH2-rotation-B1/1.6/, data/NH2-rotation-B1/1.7/, data/NH2-rotation-B1/1.8/, 
    data/NH2-rotation-B1/2.0/, data/NH2-rotation-B1/2.1/, data/NH2-rotation-B1/2.2/, 
    data/NH2-angles/C-N-avgH_from_min-B1/, data/NH2-angles/C-out-of-NH2/, data/NH2-angles/H-N-H_from_min-A1/, 
    data/NH2-angles/H-N-H_from_min-B1/, 
There are 569 data points in adiabatic representation
          0 data points in composite representation

maximum ground state energy = 0.386939
maximum ||ground state energy gradient||_infinity = 0.147238
so we suggest to set gradient / energy scaling to around 0.380519

Got regularization strength, enable regularization

The number of threads = 4

Thread 1:
* owns 143 adiabatic data points
* owns 0 composite data points
* owns 0 energy-only data points
* starts with Jacobian row 0
Thread 2:
* owns 142 adiabatic data points
* owns 0 composite data points
* owns 0 energy-only data points
* starts with Jacobian row 2939
Thread 3:
* owns 142 adiabatic data points
* owns 0 composite data points
* owns 0 energy-only data points
* starts with Jacobian row 5927
Thread 4:
* owns 142 adiabatic data points
* owns 0 composite data points
* owns 0 energy-only data points
* starts with Jacobian row 9627

The data set corresponds to 12569 least square equations
There are 192 parameters to train

The initial residue = 2.04693
 
2022 year  4 month  8 day 17:54:30
 Iteration           1 , residue  0.266185102419283     
 Trust region warning: step length has converged, but residual has not met accur
 acy goal
 Final residual =   0.266185102419283     
The final residue = 0.262786

Fri Apr  8 17:54:31 2022
Mission success
