Diabatz version 1.0.0
Yifan Shen 2021

Echo of user command line input:
/home/yshen57/Software/Mine/diabatz/v1.0.0/diabatz.exe --pretrained default IntCoordDef SAS.in pretrained_Hd.in pretrained_Hd.net pretrained_11.in -f default -i IntCoordDef -s SAS.in -n Hd.in -l 11.in -d data/critical/list.txt data/fast/list.txt data/slow/list.txt data/linear-path/list.txt data/other/A1-rotation/list.txt data/other/B1-rotation/list.txt data/artifact/asymptote/ -z -286.1075216397

Sun Feb 20 17:53:25 2022

The data set will be read from: 
    data/critical/min-A1/, data/critical/sad-A1/, data/critical/min-B1/, 
    data/critical/sad-B1/, data/critical/min-B2/, data/critical/sad-B2/, data/critical/min-A2/, 
    data/critical/sad-A2/, data/critical/mex-B1-B2/, data/critical/mex-B2-A2/, data/fast/0.7/, 
    data/fast/0.8/, data/fast/0.9/, data/fast/1.1/, data/fast/1.2/, data/fast/1.4/, 
    data/fast/1.5/, data/fast/1.6/, data/fast/1.7/, data/fast/1.9/, data/fast/2.0/, 
    data/fast/2.1/, data/fast/2.2/, data/fast/2.3/, data/fast/2.4/, data/fast/2.5/, 
    data/fast/2.6/, data/fast/2.7/, data/fast/2.8/, data/fast/2.9/, data/fast/3/, 
    data/fast/4/, data/fast/5/, data/fast/6/, data/fast/6_partial-loop/, data/slow/0.7/, 
    data/slow/0.8/, data/slow/0.9/, data/slow/1.1/, data/slow/1.2/, data/slow/1.3/, 
    data/slow/1.4/, data/slow/1.5/, data/slow/1.6/, data/slow/1.7/, 
    data/linear-path/min-B1_min-B2/, data/linear-path/1.1-fast-slow/, data/linear-path/1.2-fast-slow/, 
    data/linear-path/1.3-fast-slow/, data/linear-path/1.4-fast-slow/, data/linear-path/1.5-fast-slow/, 
    data/linear-path/1.6-fast-slow/, data/linear-path/1.7-fast-slow/, data/other/A1-rotation/0.1/, 
    data/other/A1-rotation/0.2/, data/other/A1-rotation/0.3/, data/other/A1-rotation/0.4/, 
    data/other/A1-rotation/0.5/, data/other/A1-rotation/0.6/, data/other/A1-rotation/0.7/, 
    data/other/A1-rotation/0.8/, data/other/A1-rotation/0.9/, data/other/A1-rotation/1.0/, 
    data/other/A1-rotation/1.1/, data/other/A1-rotation/1.2/, data/other/A1-rotation/1.3/, 
    data/other/A1-rotation/1.4/, data/other/A1-rotation/1.5/, data/other/A1-rotation/1.6/, 
    data/other/A1-rotation/1.7/, data/other/A1-rotation/1.8/, data/other/A1-rotation/1.9/, 
    data/other/A1-rotation/2.0/, data/other/A1-rotation/2.1/, data/other/A1-rotation/2.2/, 
    data/other/B1-rotation/0.1/, data/other/B1-rotation/0.2/, data/other/B1-rotation/0.3/, 
    data/other/B1-rotation/0.4/, data/other/B1-rotation/0.5/, data/other/B1-rotation/0.6/, 
    data/other/B1-rotation/0.7/, data/other/B1-rotation/0.8/, data/other/B1-rotation/0.9/, 
    data/other/B1-rotation/1.0/, data/other/B1-rotation/1.1/, data/other/B1-rotation/1.2/, 
    data/other/B1-rotation/1.3/, data/other/B1-rotation/1.4/, data/other/B1-rotation/1.5/, 
    data/other/B1-rotation/1.6/, data/other/B1-rotation/1.7/, data/other/B1-rotation/1.8/, 
    data/other/B1-rotation/1.9/, data/other/B1-rotation/2.0/, data/other/B1-rotation/2.1/, 
    data/other/B1-rotation/2.2/, data/artifact/asymptote/, 
There are 1849 data points in adiabatic representation
          0 data points in composite representation

maximum ground state energy = 0.254234
maximum ||ground state energy gradient||_infinity = 0.703726
so we suggest to set gradient / energy scaling to around 2.76803

The number of threads = 4

Thread 1:
* owns 463 adiabatic data points
* owns 0 composite data points
* owns 0 energy-only data points
* starts with Jacobian row 0
Thread 2:
* owns 462 adiabatic data points
* owns 0 composite data points
* owns 0 energy-only data points
* starts with Jacobian row 10533
Thread 3:
* owns 462 adiabatic data points
* owns 0 composite data points
* owns 0 energy-only data points
* starts with Jacobian row 23411
Thread 4:
* owns 462 adiabatic data points
* owns 0 composite data points
* owns 0 energy-only data points
* starts with Jacobian row 39636

The data set corresponds to 54996 least square equations
There are 1165 parameters to train

The initial residue = 56.6752
 
2022 year  2 month 20 day 17:59:20
 Iteration           1 , residue   56.6752320988564     
 
2022 year  2 month 20 day 17:59:21
 Iteration           2 , residue   56.6752320988564     
 
2022 year  2 month 20 day 17:59:22
 Iteration           3 , residue   56.6752320988564     
 
2022 year  2 month 20 day 17:59:23
 Iteration           4 , residue   20.8749918634011     
 
2022 year  2 month 20 day 17:59:31
 Iteration           5 , residue   20.8749918634011     
 
2022 year  2 month 20 day 17:59:32
 Iteration           6 , residue   20.0508431977154     
 
2022 year  2 month 20 day 17:59:41
 Iteration           7 , residue   5.09567423804816     
 
2022 year  2 month 20 day 17:59:49
 Iteration           8 , residue   3.90921238218182     
 
2022 year  2 month 20 day 17:59:58
 Iteration           9 , residue   2.18786716658578     
 
2022 year  2 month 20 day 18: 0: 7
 Iteration          10 , residue   1.88136339512644     
 
2022 year  2 month 20 day 18: 0:15
 Iteration          11 , residue   1.58698278181810     
 
2022 year  2 month 20 day 18: 0:23
 Iteration          12 , residue   1.33911710994362     
 
2022 year  2 month 20 day 18: 0:32
 Iteration          13 , residue   1.10581581298910     
 
2022 year  2 month 20 day 18: 0:40
 Iteration          14 , residue  0.922447724014721     
 
2022 year  2 month 20 day 18: 0:49
 Iteration          15 , residue  0.795860411658406     
 
2022 year  2 month 20 day 18: 0:57
 Iteration          16 , residue  0.712870318797960     
 
2022 year  2 month 20 day 18: 1: 6
 Iteration          17 , residue  0.536890020500668     
 
2022 year  2 month 20 day 18: 1:14
 Iteration          18 , residue  0.536890020500668     
 
2022 year  2 month 20 day 18: 1:15
 Iteration          19 , residue  0.488684917837970     
 
2022 year  2 month 20 day 18: 1:24
 Iteration          20 , residue  0.464691285634909     
 
2022 year  2 month 20 day 18: 1:32
 Iteration          21 , residue  0.445646813821641     
 
2022 year  2 month 20 day 18: 1:41
 Iteration          22 , residue  0.427551181380064     
 
2022 year  2 month 20 day 18: 1:49
 Iteration          23 , residue  0.413257613023398     
 
2022 year  2 month 20 day 18: 1:58
 Iteration          24 , residue  0.399699826707072     
 
2022 year  2 month 20 day 18: 2: 6
 Iteration          25 , residue  0.388347137464802     
 
2022 year  2 month 20 day 18: 2:15
 Iteration          26 , residue  0.378643043026423     
 
2022 year  2 month 20 day 18: 2:23
 Iteration          27 , residue  0.370655560714969     
 
2022 year  2 month 20 day 18: 2:32
 Iteration          28 , residue  0.363904349610013     
 
2022 year  2 month 20 day 18: 2:40
 Iteration          29 , residue  0.357923387047794     
 
2022 year  2 month 20 day 18: 2:49
 Iteration          30 , residue  0.352496585424987     
 
2022 year  2 month 20 day 18: 2:57
 Iteration          31 , residue  0.347742320942675     
 
2022 year  2 month 20 day 18: 3: 6
 Iteration          32 , residue  0.343601249163811     
 
2022 year  2 month 20 day 18: 3:14
 Iteration          33 , residue  0.339976216283654     
 
2022 year  2 month 20 day 18: 3:23
 Iteration          34 , residue  0.336763002024861     
 
2022 year  2 month 20 day 18: 3:31
 Iteration          35 , residue  0.333900955155810     
 
2022 year  2 month 20 day 18: 3:40
 Iteration          36 , residue  0.331348284560085     
 
2022 year  2 month 20 day 18: 3:48
 Iteration          37 , residue  0.329065818685540     
 
2022 year  2 month 20 day 18: 3:57
 Iteration          38 , residue  0.327007567482221     
 
2022 year  2 month 20 day 18: 4: 5
 Iteration          39 , residue  0.325127057991973     
 
2022 year  2 month 20 day 18: 4:14
 Iteration          40 , residue  0.323386519536562     
 
2022 year  2 month 20 day 18: 4:22
 Iteration          41 , residue  0.321757912532036     
 
2022 year  2 month 20 day 18: 4:31
 Iteration          42 , residue  0.320220591845831     
 
2022 year  2 month 20 day 18: 4:39
 Iteration          43 , residue  0.318758827918072     
 
2022 year  2 month 20 day 18: 4:48
 Iteration          44 , residue  0.317360210010268     
 
2022 year  2 month 20 day 18: 4:56
 Iteration          45 , residue  0.316014648882415     
 
2022 year  2 month 20 day 18: 5: 5
 Iteration          46 , residue  0.314713952664048     
 
2022 year  2 month 20 day 18: 5:13
 Iteration          47 , residue  0.313451349083550     
 
2022 year  2 month 20 day 18: 5:22
 Iteration          48 , residue  0.312221432930412     
 
2022 year  2 month 20 day 18: 5:30
 Iteration          49 , residue  0.311019365427752     
 
2022 year  2 month 20 day 18: 5:39
 Iteration          50 , residue  0.309842738413801     
 
2022 year  2 month 20 day 18: 5:47
 Iteration          51 , residue  0.308685758917113     
 
2022 year  2 month 20 day 18: 5:56
 Iteration          52 , residue  0.307548908154361     
 
2022 year  2 month 20 day 18: 6: 4
 Iteration          53 , residue  0.306430193650971     
 
2022 year  2 month 20 day 18: 6:13
 Iteration          54 , residue  0.305328596310095     
 
2022 year  2 month 20 day 18: 6:21
 Iteration          55 , residue  0.304241966045282     
 
2022 year  2 month 20 day 18: 6:29
 Iteration          56 , residue  0.303168189798259     
 
2022 year  2 month 20 day 18: 6:38
 Iteration          57 , residue  0.302102928400726     
 
2022 year  2 month 20 day 18: 6:47
 Iteration          58 , residue  0.301039828864745     
 
2022 year  2 month 20 day 18: 6:55
 Iteration          59 , residue  0.299970069881501     
 
2022 year  2 month 20 day 18: 7: 4
 Iteration          60 , residue  0.298883941937268     
 
2022 year  2 month 20 day 18: 7:12
 Iteration          61 , residue  0.297774077736822     
 
2022 year  2 month 20 day 18: 7:21
 Iteration          62 , residue  0.296642810242563     
 
2022 year  2 month 20 day 18: 7:29
 Iteration          63 , residue  0.295509936624658     
 
2022 year  2 month 20 day 18: 7:38
 Iteration          64 , residue  0.294400029863962     
 
2022 year  2 month 20 day 18: 7:46
 Iteration          65 , residue  0.293339153913205     
 
2022 year  2 month 20 day 18: 7:55
 Iteration          66 , residue  0.292325416689785     
 
2022 year  2 month 20 day 18: 8: 3
 Iteration          67 , residue  0.291360635968038     
 
2022 year  2 month 20 day 18: 8:12
 Iteration          68 , residue  0.290447395119753     
 
2022 year  2 month 20 day 18: 8:20
 Iteration          69 , residue  0.289583385976182     
 
2022 year  2 month 20 day 18: 8:29
 Iteration          70 , residue  0.288764024120505     
 
2022 year  2 month 20 day 18: 8:37
 Iteration          71 , residue  0.287984456706641     
 
2022 year  2 month 20 day 18: 8:46
 Iteration          72 , residue  0.287240526311673     
 
2022 year  2 month 20 day 18: 8:54
 Iteration          73 , residue  0.286528597571535     
 
2022 year  2 month 20 day 18: 9: 3
 Iteration          74 , residue  0.285846451652465     
 
2022 year  2 month 20 day 18: 9:11
 Iteration          75 , residue  0.285192302113145     
 
2022 year  2 month 20 day 18: 9:20
 Iteration          76 , residue  0.284565032411682     
 
2022 year  2 month 20 day 18: 9:29
 Iteration          77 , residue  0.283963584109628     
 
2022 year  2 month 20 day 18: 9:37
 Iteration          78 , residue  0.283386056202848     
 
2022 year  2 month 20 day 18: 9:46
 Iteration          79 , residue  0.282829740378606     
 
2022 year  2 month 20 day 18: 9:54
 Iteration          80 , residue  0.282290475405129     
 
2022 year  2 month 20 day 18:10: 2
 Iteration          81 , residue  0.281763125974602     
 
2022 year  2 month 20 day 18:10:11
 Iteration          82 , residue  0.281242464836704     
 
2022 year  2 month 20 day 18:10:19
 Iteration          83 , residue  0.280724799227306     
 
2022 year  2 month 20 day 18:10:28
 Iteration          84 , residue  0.280210093486439     
 
2022 year  2 month 20 day 18:10:36
 Iteration          85 , residue  0.279703500876661     
 
2022 year  2 month 20 day 18:10:45
 Iteration          86 , residue  0.279214224204457     
 
2022 year  2 month 20 day 18:10:53
 Iteration          87 , residue  0.278750358553002     
 
2022 year  2 month 20 day 18:11: 2
 Iteration          88 , residue  0.278311092474992     
 
2022 year  2 month 20 day 18:11:10
 Iteration          89 , residue  0.277884427679706     
 
2022 year  2 month 20 day 18:11:19
 Iteration          90 , residue  0.277457494475616     
 
2022 year  2 month 20 day 18:11:27
 Iteration          91 , residue  0.277018300543927     
 
2022 year  2 month 20 day 18:11:36
 Iteration          92 , residue  0.276572141418054     
 
2022 year  2 month 20 day 18:11:44
 Iteration          93 , residue  0.276128168289868     
 
2022 year  2 month 20 day 18:11:53
 Iteration          94 , residue  0.275697837382852     
 
2022 year  2 month 20 day 18:12: 1
 Iteration          95 , residue  0.275290354636073     
 
2022 year  2 month 20 day 18:12:10
 Iteration          96 , residue  0.274910575981856     
 
2022 year  2 month 20 day 18:12:18
 Iteration          97 , residue  0.274559482804824     
 
2022 year  2 month 20 day 18:12:27
 Iteration          98 , residue  0.274235360052443     
 
2022 year  2 month 20 day 18:12:35
 Iteration          99 , residue  0.273935106684525     
 
2022 year  2 month 20 day 18:12:44
 Iteration         100 , residue  0.273655458686870     
 
2022 year  2 month 20 day 18:12:52
 Iteration         101 , residue  0.273393361205448     
 
2022 year  2 month 20 day 18:13: 1
 Iteration         102 , residue  0.273146236196529     
 
2022 year  2 month 20 day 18:13: 9
 Iteration         103 , residue  0.272912118151763     
 
2022 year  2 month 20 day 18:13:18
 Iteration         104 , residue  0.272688936377917     
 
2022 year  2 month 20 day 18:13:26
 Iteration         105 , residue  0.272475455663488     
 Failed trust region: max iteration exceeded!
 Final residual =   0.272475455663488     
The final residue = 0.272475

Sun Feb 20 18:13:27 2022
Mission success
