Diabatz version 1.0.0
Yifan Shen 2021

Echo of user command line input:
/home/yshen57/Software/Mine/diabatz/v1.0.0/diabatz.exe --pretrained default IntCoordDef SAS.in pretrained_Hd.in pretrained_Hd.net pretrained_11.in -f default -i IntCoordDef -s SAS.in -n Hd.in -l 11.in -d data/critical/list.txt data/fast/list.txt data/slow/list.txt data/linear-path/list.txt data/other/A1-rotation/list.txt data/other/B1-rotation/list.txt data/artifact/asymptote/ -z -286.1075216397

Sun Feb 20 18:50:16 2022

The data set will be read from: 
    data/critical/min-A1/, data/critical/sad-A1/, data/critical/min-B1/, 
    data/critical/sad-B1/, data/critical/min-B2/, data/critical/sad-B2/, data/critical/min-A2/, 
    data/critical/sad-A2/, data/critical/mex-B1-B2/, data/critical/mex-B2-A2/, data/fast/0.7/, 
    data/fast/0.8/, data/fast/0.9/, data/fast/1.1/, data/fast/1.2/, data/fast/1.4/, 
    data/fast/1.5/, data/fast/1.6/, data/fast/1.7/, data/fast/1.9/, data/fast/2.0/, 
    data/fast/2.1/, data/fast/2.2/, data/fast/2.3/, data/fast/2.4/, data/fast/2.5/, 
    data/fast/2.6/, data/fast/2.7/, data/fast/2.8/, data/fast/2.9/, data/fast/3/, 
    data/fast/4/, data/fast/5/, data/fast/6/, data/fast/6_partial-loop/, data/slow/0.7/, 
    data/slow/0.8/, data/slow/0.9/, data/slow/1.1/, data/slow/1.2/, data/slow/1.3/, 
    data/slow/1.4/, data/slow/1.5/, data/slow/1.6/, data/slow/1.7/, 
    data/linear-path/min-B1_min-B2/, data/linear-path/1.1-fast-slow/, data/linear-path/1.2-fast-slow/, 
    data/linear-path/1.3-fast-slow/, data/linear-path/1.4-fast-slow/, data/linear-path/1.5-fast-slow/, 
    data/linear-path/1.6-fast-slow/, data/linear-path/1.7-fast-slow/, data/other/A1-rotation/0.1/, 
    data/other/A1-rotation/0.2/, data/other/A1-rotation/0.3/, data/other/A1-rotation/0.4/, 
    data/other/A1-rotation/0.5/, data/other/A1-rotation/0.6/, data/other/A1-rotation/0.7/, 
    data/other/A1-rotation/0.8/, data/other/A1-rotation/0.9/, data/other/A1-rotation/1.0/, 
    data/other/A1-rotation/1.1/, data/other/A1-rotation/1.2/, data/other/A1-rotation/1.3/, 
    data/other/A1-rotation/1.4/, data/other/A1-rotation/1.5/, data/other/A1-rotation/1.6/, 
    data/other/A1-rotation/1.7/, data/other/A1-rotation/1.8/, data/other/A1-rotation/1.9/, 
    data/other/A1-rotation/2.0/, data/other/A1-rotation/2.1/, data/other/A1-rotation/2.2/, 
    data/other/B1-rotation/0.1/, data/other/B1-rotation/0.2/, data/other/B1-rotation/0.3/, 
    data/other/B1-rotation/0.4/, data/other/B1-rotation/0.5/, data/other/B1-rotation/0.6/, 
    data/other/B1-rotation/0.7/, data/other/B1-rotation/0.8/, data/other/B1-rotation/0.9/, 
    data/other/B1-rotation/1.0/, data/other/B1-rotation/1.1/, data/other/B1-rotation/1.2/, 
    data/other/B1-rotation/1.3/, data/other/B1-rotation/1.4/, data/other/B1-rotation/1.5/, 
    data/other/B1-rotation/1.6/, data/other/B1-rotation/1.7/, data/other/B1-rotation/1.8/, 
    data/other/B1-rotation/1.9/, data/other/B1-rotation/2.0/, data/other/B1-rotation/2.1/, 
    data/other/B1-rotation/2.2/, data/artifact/asymptote/, 
There are 1849 data points in adiabatic representation
          0 data points in composite representation

maximum ground state energy = 0.254234
maximum ||ground state energy gradient||_infinity = 0.703726
so we suggest to set gradient / energy scaling to around 2.76803

The number of threads = 4

Thread 1:
* owns 463 adiabatic data points
* owns 0 composite data points
* owns 0 energy-only data points
* starts with Jacobian row 0
Thread 2:
* owns 462 adiabatic data points
* owns 0 composite data points
* owns 0 energy-only data points
* starts with Jacobian row 10533
Thread 3:
* owns 462 adiabatic data points
* owns 0 composite data points
* owns 0 energy-only data points
* starts with Jacobian row 23411
Thread 4:
* owns 462 adiabatic data points
* owns 0 composite data points
* owns 0 energy-only data points
* starts with Jacobian row 39636

The data set corresponds to 54996 least square equations
There are 2911 parameters to train

The initial residue = 34.2206
 
2022 year  2 month 20 day 18:56:34
 Iteration           1 , residue   34.2206410970748     
 
2022 year  2 month 20 day 18:56:39
 Iteration           2 , residue   34.2206410970748     
 
2022 year  2 month 20 day 18:56:43
 Iteration           3 , residue   34.2206410970748     
 
2022 year  2 month 20 day 18:56:48
 Iteration           4 , residue   13.0560820235732     
 
2022 year  2 month 20 day 18:57: 2
 Iteration           5 , residue   13.0560820235732     
 
2022 year  2 month 20 day 18:57: 7
 Iteration           6 , residue   6.72572656034858     
 
2022 year  2 month 20 day 18:57:21
 Iteration           7 , residue   4.14677665425019     
 
2022 year  2 month 20 day 18:57:36
 Iteration           8 , residue   3.47505258290695     
 
2022 year  2 month 20 day 18:57:50
 Iteration           9 , residue   3.47505258290695     
 
2022 year  2 month 20 day 18:57:54
 Iteration          10 , residue   3.47505258290695     
 
2022 year  2 month 20 day 18:57:59
 Iteration          11 , residue   2.80386252923027     
 
2022 year  2 month 20 day 18:58:13
 Iteration          12 , residue   1.35132759097317     
 
2022 year  2 month 20 day 18:58:28
 Iteration          13 , residue   1.35132759097317     
 
2022 year  2 month 20 day 18:58:32
 Iteration          14 , residue   1.22004276121876     
 
2022 year  2 month 20 day 18:58:46
 Iteration          15 , residue   1.18261603844237     
 
2022 year  2 month 20 day 18:59: 0
 Iteration          16 , residue   1.15048838503486     
 
2022 year  2 month 20 day 18:59:14
 Iteration          17 , residue   1.12035608169229     
 
2022 year  2 month 20 day 18:59:29
 Iteration          18 , residue   1.09134668216443     
 
2022 year  2 month 20 day 18:59:43
 Iteration          19 , residue   1.06330665618170     
 
2022 year  2 month 20 day 18:59:57
 Iteration          20 , residue   1.03606070613435     
 
2022 year  2 month 20 day 19: 0:11
 Iteration          21 , residue   1.00953676519042     
 
2022 year  2 month 20 day 19: 0:25
 Iteration          22 , residue  0.983707526375801     
 
2022 year  2 month 20 day 19: 0:39
 Iteration          23 , residue  0.958578250924071     
 
2022 year  2 month 20 day 19: 0:54
 Iteration          24 , residue  0.934169060575325     
 
2022 year  2 month 20 day 19: 1: 8
 Iteration          25 , residue  0.910508116397243     
 
2022 year  2 month 20 day 19: 1:22
 Iteration          26 , residue  0.887627274191274     
 
2022 year  2 month 20 day 19: 1:36
 Iteration          27 , residue  0.865558753085418     
 
2022 year  2 month 20 day 19: 1:50
 Iteration          28 , residue  0.844331749759369     
 
2022 year  2 month 20 day 19: 2: 4
 Iteration          29 , residue  0.823968979031751     
 
2022 year  2 month 20 day 19: 2:18
 Iteration          30 , residue  0.804483654834249     
 
2022 year  2 month 20 day 19: 2:33
 Iteration          31 , residue  0.785877444671657     
 
2022 year  2 month 20 day 19: 2:47
 Iteration          32 , residue  0.768139667371703     
 
2022 year  2 month 20 day 19: 3: 1
 Iteration          33 , residue  0.751247658438938     
 
2022 year  2 month 20 day 19: 3:15
 Iteration          34 , residue  0.735167989416661     
 
2022 year  2 month 20 day 19: 3:29
 Iteration          35 , residue  0.719858295722392     
 
2022 year  2 month 20 day 19: 3:43
 Iteration          36 , residue  0.705269449996640     
 
2022 year  2 month 20 day 19: 3:57
 Iteration          37 , residue  0.691347930427642     
 
2022 year  2 month 20 day 19: 4:12
 Iteration          38 , residue  0.678038241974855     
 
2022 year  2 month 20 day 19: 4:26
 Iteration          39 , residue  0.665285203528146     
 
2022 year  2 month 20 day 19: 4:40
 Iteration          40 , residue  0.653035988292762     
 
2022 year  2 month 20 day 19: 4:54
 Iteration          41 , residue  0.641241725097870     
 
2022 year  2 month 20 day 19: 5: 8
 Iteration          42 , residue  0.629858476388334     
 
2022 year  2 month 20 day 19: 5:22
 Iteration          43 , residue  0.618847452469400     
 
2022 year  2 month 20 day 19: 5:36
 Iteration          44 , residue  0.608174537009158     
 
2022 year  2 month 20 day 19: 5:51
 Iteration          45 , residue  0.597809496431590     
 
2022 year  2 month 20 day 19: 6: 5
 Iteration          46 , residue  0.587725282739396     
 
2022 year  2 month 20 day 19: 6:19
 Iteration          47 , residue  0.577897473354109     
 
2022 year  2 month 20 day 19: 6:33
 Iteration          48 , residue  0.568303577024483     
 
2022 year  2 month 20 day 19: 6:47
 Iteration          49 , residue  0.558922910841200     
 
2022 year  2 month 20 day 19: 7: 1
 Iteration          50 , residue  0.549744588190481     
 
2022 year  2 month 20 day 19: 7:15
 Iteration          51 , residue  0.540810388519232     
 
2022 year  2 month 20 day 19: 7:29
 Iteration          52 , residue  0.532221332456594     
 
2022 year  2 month 20 day 19: 7:42
 Iteration          53 , residue  0.523708114421012     
 
2022 year  2 month 20 day 19: 7:55
 Iteration          54 , residue  0.515015155144054     
 
2022 year  2 month 20 day 19: 8: 8
 Iteration          55 , residue  0.506588001460414     
 
2022 year  2 month 20 day 19: 8:21
 Iteration          56 , residue  0.498498828439534     
 
2022 year  2 month 20 day 19: 8:33
 Iteration          57 , residue  0.490653130333743     
 
2022 year  2 month 20 day 19: 8:46
 Iteration          58 , residue  0.483011035827953     
 
2022 year  2 month 20 day 19: 8:58
 Iteration          59 , residue  0.475560324699653     
 
2022 year  2 month 20 day 19: 9:11
 Iteration          60 , residue  0.468297830977332     
 
2022 year  2 month 20 day 19: 9:23
 Iteration          61 , residue  0.461224026751340     
 
2022 year  2 month 20 day 19: 9:36
 Iteration          62 , residue  0.454341053584207     
 
2022 year  2 month 20 day 19: 9:48
 Iteration          63 , residue  0.447651609056720     
 
2022 year  2 month 20 day 19:10: 1
 Iteration          64 , residue  0.441158175845793     
 
2022 year  2 month 20 day 19:10:13
 Iteration          65 , residue  0.434862504581491     
 
2022 year  2 month 20 day 19:10:26
 Iteration          66 , residue  0.428765286890308     
 
2022 year  2 month 20 day 19:10:38
 Iteration          67 , residue  0.422865965224538     
 
2022 year  2 month 20 day 19:10:51
 Iteration          68 , residue  0.417162625355207     
 
2022 year  2 month 20 day 19:11: 3
 Iteration          69 , residue  0.411651966567633     
 
2022 year  2 month 20 day 19:11:16
 Iteration          70 , residue  0.406329365573778     
 
2022 year  2 month 20 day 19:11:28
 Iteration          71 , residue  0.401189040193969     
 
2022 year  2 month 20 day 19:11:41
 Iteration          72 , residue  0.396224299527941     
 
2022 year  2 month 20 day 19:11:53
 Iteration          73 , residue  0.391427837678648     
 
2022 year  2 month 20 day 19:12: 6
 Iteration          74 , residue  0.386792021567289     
 
2022 year  2 month 20 day 19:12:18
 Iteration          75 , residue  0.382309125707888     
 
2022 year  2 month 20 day 19:12:31
 Iteration          76 , residue  0.377971490615415     
 
2022 year  2 month 20 day 19:12:43
 Iteration          77 , residue  0.373771596110547     
 
2022 year  2 month 20 day 19:12:56
 Iteration          78 , residue  0.369702067650669     
 
2022 year  2 month 20 day 19:13: 8
 Iteration          79 , residue  0.365755640474867     
 
2022 year  2 month 20 day 19:13:21
 Iteration          80 , residue  0.361925116066631     
 
2022 year  2 month 20 day 19:13:33
 Iteration          81 , residue  0.358203348623934     
 
2022 year  2 month 20 day 19:13:46
 Iteration          82 , residue  0.354583301253958     
 
2022 year  2 month 20 day 19:13:58
 Iteration          83 , residue  0.351058207275297     
 
2022 year  2 month 20 day 19:14:11
 Iteration          84 , residue  0.347621857600117     
 
2022 year  2 month 20 day 19:14:23
 Iteration          85 , residue  0.344269005376553     
 
2022 year  2 month 20 day 19:14:36
 Iteration          86 , residue  0.340995847552549     
 
2022 year  2 month 20 day 19:14:48
 Iteration          87 , residue  0.337800543031086     
 
2022 year  2 month 20 day 19:15: 1
 Iteration          88 , residue  0.334683751797082     
 
2022 year  2 month 20 day 19:15:14
 Iteration          89 , residue  0.331649058646685     
 
2022 year  2 month 20 day 19:15:26
 Iteration          90 , residue  0.328702663266522     
 
2022 year  2 month 20 day 19:15:39
 Iteration          91 , residue  0.325851471134258     
 
2022 year  2 month 20 day 19:15:51
 Iteration          92 , residue  0.323100168750409     
 
2022 year  2 month 20 day 19:16: 4
 Iteration          93 , residue  0.320449902136521     
 
2022 year  2 month 20 day 19:16:16
 Iteration          94 , residue  0.317899752550236     
 
2022 year  2 month 20 day 19:16:29
 Iteration          95 , residue  0.315448896473235     
 
2022 year  2 month 20 day 19:16:41
 Iteration          96 , residue  0.313097375694537     
 
2022 year  2 month 20 day 19:16:54
 Iteration          97 , residue  0.310845443100816     
 
2022 year  2 month 20 day 19:17: 6
 Iteration          98 , residue  0.308692283698953     
 
2022 year  2 month 20 day 19:17:19
 Iteration          99 , residue  0.306634809284504     
 
2022 year  2 month 20 day 19:17:31
 Iteration         100 , residue  0.304667250005324     
 
2022 year  2 month 20 day 19:17:44
 Iteration         101 , residue  0.302782952864060     
 
2022 year  2 month 20 day 19:17:56
 Iteration         102 , residue  0.300978956291432     
 
2022 year  2 month 20 day 19:18: 9
 Iteration         103 , residue  0.299253805255262     
 
2022 year  2 month 20 day 19:18:22
 Iteration         104 , residue  0.297600693420255     
 
2022 year  2 month 20 day 19:18:34
 Iteration         105 , residue  0.296017779955485     
 
2022 year  2 month 20 day 19:18:47
 Iteration         106 , residue  0.294504193134805     
 
2022 year  2 month 20 day 19:18:59
 Iteration         107 , residue  0.293054638908066     
 Failed trust region: max iteration exceeded!
 Final residual =   0.293054638908066     
The final residue = 0.293055

Sun Feb 20 19:18:59 2022
Mission success
