     -285.523474002570538
     -285.635772228028941
     -285.747657858791342
     -285.684628206451464
     -285.795899198893665
     -285.843256572902078
     -285.695868136056163
     -285.807797326195839
     -285.855009513423283
     -285.866723659781542
     -285.688588190307428
     -285.802038059430913
     -285.849925007698801
     -285.861942231545640
     -285.857205595765492
     -285.672497029700139
     -285.789138373366654
     -285.838762755845323
     -285.851603871237501
     -285.846839605963225
     -285.835965081023005
     -285.654912854419251
     -285.775919004608227
     -285.828120193899451
     -285.842242750932030
     -285.837417024305182
     -285.825664913412652
     -285.813825825646063
     -285.639219347386586
     -285.765464227417738
     -285.820890285071073
     -285.836697398893421
     -285.831845494834852
     -285.819040695696799
     -285.805287321668970
     -285.794315505213149
     -285.626293251998447
     -285.758346682277647
     -285.817454511578319
     -285.835297314875959
     -285.830525858330759
     -285.816690483588104
     -285.800936212914337
     -285.787355197974250
     -285.777535616737055
     -285.615445498667896
     -285.753603756033726
     -285.816678645626894
     -285.836859791255563
     -285.832336776687555
     -285.817664758153740
     -285.800075177662393
     -285.784008588682809
     -285.771391496739682
     -285.762430972839866
     -285.605391538970196
     -285.749721901588885
     -285.816901832876454
     -285.839670919292701
     -285.835602403694452
     -285.820408515209294
     -285.801332486653791
     -285.783124905305044
     -285.768004807315435
     -285.756430545544731
     -285.747898991803311
     -285.595042041496356
     -285.745429996921530
     -285.816729054931386
     -285.842271619461542
     -285.838871118053646
     -285.823527283779185
     -285.803412730212699
     -285.783535170907101
     -285.766345744543059
     -285.752499482483415
     -285.741648636494119
     -285.733144961959283
     -285.583919779246969
     -285.740113515458916
     -285.815443381123771
     -285.843869340823119
     -285.841328004835702
     -285.826201813470618
     -285.805514802714072
     -285.784474208089023
     -285.765699085239362
     -285.749983467750496
     -285.737094288179662
     -285.726477963268621
     -285.717701631013654
     -285.572177984232496
     -285.733827978317493
     -285.813018119466051
     -285.844355172465896
     -285.842819210528432
     -285.828226058979169
     -285.807387103673875
     -285.785654648393972
     -285.765756340259941
     -285.748572194502685
     -285.733945948864061
     -285.721400211947014
     -285.710580139237891
     -285.701377973028855
     -285.560360890617289
     -285.727053922923517
     -285.809871093847789
     -285.844065990259026
     -285.843624529590784
     -285.829798925679199
     -285.809143155451011
     -285.787108375292462
     -285.766481842135306
     -285.748186082872735
     -285.732110143304965
     -285.717836350969606
     -285.705085932548911
     -285.693837990391330
     -285.684225152446515
     -285.549101476156295
     -285.720389024048529
     -285.806556092011760
     -285.843483784765510
     -285.844167145560277
     -285.831253087847870
     -285.811014161646312
     -285.788964737843173
     -285.767915410915236
     -285.748799376697491
     -285.731527433749932
     -285.715728106225072
     -285.701194788396720
     -285.687997164152421
     -285.676364820294395
     -285.666506361983409
     -285.538898262349562
     -285.714319472983050
     -285.803533054773482
     -285.843011673199214
     -285.844797812867569
     -285.832854353162077
     -285.813167399261829
     -285.791289595983585
     -285.770031171022879
     -285.750315587295063
     -285.732059743979789
     -285.714928005877823
     -285.698780551237348
     -285.683776292126367
     -285.670243225585523
     -285.658484207055153
     -285.648641488323790
     -285.530020077272013
     -285.709119646645263
     -285.801065814994729
     -285.842874511168645
     -285.845700435924584
     -285.834716881128543
     -285.815633772285253
     -285.794026436566242
     -285.772691817018028
     -285.752533019949510
     -285.733464206703729
     -285.715178109855856
     -285.697595343752027
     -285.680958747502189
     -285.665690486568394
     -285.652184509936262
     -285.640660816292325
     -285.631123648956248
     -285.522516174907025
     -285.704857570389777
     -285.799224977752942
     -285.843121802178473
     -285.846896821331995
     -285.836812147387718
     -285.818322547505204
     -285.797017709763168
     -285.775676590105661
     -285.755178724995460
     -285.735431913328000
     -285.716152118657874
     -285.697313570191795
     -285.679235074861765
     -285.662424772917575
     -285.647360193019779
     -285.634332936510589
     -285.623401334552511
     -285.614428674996361
     -285.516281111979367
     -285.701455679939329
     -285.797945725909301
     -285.843683398354244
     -285.848301796957855
     -285.839024020865054
     -285.821077029976550
     -285.800061597954311
     -285.778739517655652
     -285.757968488638767
     -285.737649853451728
     -285.717519382786804
     -285.697598045717484
     -285.678271223740694
     -285.660122570361466
     -285.643703122609963
     -285.629367526732551
     -285.617221799494303
     -285.607160118142019
     -285.598942952855793
     -285.511129526819218
     -285.698762107306948
     -285.797096108697701
     -285.844434465295478
     -285.849786090982434
     -285.841208897398758
     -285.823731964991168
     -285.802966936387918
     -285.781662419765553
     -285.760658789253966
     -285.739852878357851
     -285.718997979051267
     -285.698155194992182
     -285.677766672538439
     -285.658480266001334
     -285.640909414179021
     -285.625462231627637
     -285.612285147152875
     -285.601298494437685
     -285.592275687289373
     -285.584924239121676
     -285.506855373598796
     -285.696607082140815
     -285.796530690636530
     -285.845245425881558
     -285.851223539939042
     -285.843238905248938
     -285.826152406044400
     -285.805587836030725
     -285.784285909378070
     -285.763075285543664
     -285.741851118042632
     -285.720382610101524
     -285.698764886465767
     -285.677487383551977
     -285.657251050653599
     -285.638720727517693
     -285.622348450025186
     -285.608313760023634
     -285.596558351575652
     -285.586866128924896
     -285.578946211646723
     -285.572495804668108
     -285.503268158650144
     -285.694836985075654
     -285.796122286246600
     -285.846010222571351
     -285.852516605725725
     -285.845023255190654
     -285.828250429681987
     -285.807835767644235
     -285.786517424633473
     -285.765117903441762
     -285.743533588590537
     -285.721548329961422
     -285.699285781257458
     -285.677274014958641
     -285.656256869535298
     -285.636940443013600
     -285.619811868952297
     -285.605077039294258
     -285.592694547945200
     -285.582456488100831
     -285.574073064449294
     -285.567237409026916
     -285.561664683980325
     -285.500209317430290
     -285.693329139403943
     -285.795774951318322
     -285.846656426372192
     -285.853604120185707
     -285.846512330252210
     -285.829985109133645
     -285.809675384523018
     -285.788323379498536
     -285.766750263736355
     -285.744856168073056
     -285.722438461093020
     -285.699644508678205
     -285.677033444253141
     -285.655383067958439
     -285.635431866418287
     -285.617694355607796
     -285.602396864178900
     -285.589510985146489
     -285.578834987038249
     -285.570079702153976
     -285.562934872689766
     -285.557109735494066
     -285.552351929084182
     -285.482814046384419
     -285.682824885083335
     -285.790415822991406
     -285.845629771058157
     -285.854421400998319
     -285.848882590540825
     -285.833150970177428
     -285.813004599322426
     -285.791264720687252
     -285.768813302729484
     -285.745612618749192
     -285.721536170473712
     -285.696823626520086
     -285.672136639955852
     -285.648355754240868
     -285.626312322385331
     -285.606596308458109
     -285.589488212882372
     -285.574992215376085
     -285.562919948126250
     -285.552980287771845
     -285.544850115213478
     -285.538219066611532
     -285.532811915754678
     -285.511195138932237
     -285.476075741296256
     -285.677278431109414
     -285.785788716357501
     -285.841820305971680
     -285.850984344907147
     -285.845787552779598
     -285.830270900951746
     -285.810239185022283
     -285.788536704138494
     -285.766065005367238
     -285.742802815247046
     -285.718637331779291
     -285.693819469969696
     -285.669019914220314
     -285.645126216039841
     -285.622974899970018
     -285.603159473130120
     -285.585962587288520
     -285.571389438905555
     -285.559251802736071
     -285.549258069296855
     -285.541084220686912
     -285.534418759573612
     -285.528985228986244
     -285.507326067867041
     -285.503491237101400
     -285.473976400403330
     -285.675389229060897
     -285.784071858503182
     -285.840274950597745
     -285.849529432107545
     -285.844431496823006
     -285.828996701521135
     -285.809032518206152
     -285.787385605096347
     -285.764959590258854
     -285.741735013952450
     -285.717600627509796
     -285.692808650758252
     -285.668030842887902
     -285.644155623880295
     -285.622020207181436
     -285.602218636858879
     -285.585033976407431
     -285.570471733408567
     -285.558343914881789
     -285.548359083286698
     -285.540193347636716
     -285.533535304730208
     -285.528108568467189
     -285.506491853555247
     -285.502671600938186
     -285.501856068123857
R^2 = 0.8344980692125287
