     -285.567806405595036
     -285.682480970389634
     -285.794551422195241
     -285.732302020982956
     -285.843118535257759
     -285.890607657098997
     -285.744881468535482
     -285.856956313295314
     -285.904498051354324
     -285.918324920114060
     -285.738791970012528
     -285.853271867225658
     -285.901786681160218
     -285.915839104802330
     -285.913219435476776
     -285.724652213081981
     -285.843802809739543
     -285.894566886227778
     -285.909329023385339
     -285.906389202801961
     -285.898564577468903
     -285.709505331157004
     -285.834708443831687
     -285.888646159917585
     -285.904583327605280
     -285.901266049777405
     -285.892034249020867
     -285.883386608923786
     -285.696701875948804
     -285.828905627216614
     -285.886698987068542
     -285.904224306887613
     -285.900561957652371
     -285.889739895272498
     -285.878590242568066
     -285.870763498918336
     -285.686929105382490
     -285.826686488288885
     -285.888786970883189
     -285.908249850788934
     -285.904347268701031
     -285.891952267861768
     -285.878206832507090
     -285.867166436581101
     -285.860101045140368
     -285.679145585029914
     -285.826677064875810
     -285.893336103409752
     -285.915021639566646
     -285.911037733472938
     -285.897247816715435
     -285.881050980479245
     -285.866898215437516
     -285.856409596352137
     -285.849271925204334
     -285.671679662187785
     -285.826941353143695
     -285.898244859491001
     -285.922372298788162
     -285.918496455573120
     -285.903598554889470
     -285.885263370575331
     -285.868304962179366
     -285.854657424333084
     -285.844263486380953
     -285.836093250956708
     -285.663188284362207
     -285.825936343003434
     -285.901837185457907
     -285.928555793842975
     -285.924981654648377
     -285.909314914399488
     -285.889247388034107
     -285.869909870966296
     -285.853500943293113
     -285.840175726564041
     -285.829066195087762
     -285.819207172875906
     -285.653167006146020
     -285.823014257947364
     -285.903361126692630
     -285.932746278318803
     -285.929647769171822
     -285.913551574384201
     -285.892181127864262
     -285.870932249527982
     -285.852214063953625
     -285.836346948757239
     -285.822591737269931
     -285.810083172050497
     -285.798382317938149
     -285.641942802241374
     -285.818406482365504
     -285.902969401701739
     -285.935022198626712
     -285.932535959113920
     -285.916310260542843
     -285.894035790028454
     -285.871323040553989
     -285.850740477525335
     -285.832729319341070
     -285.816647738228369
     -285.801714580056512
     -285.787566640836133
     -285.774349314256597
     -285.630328797978052
     -285.812869622877315
     -285.901362680475813
     -285.936014905021580
     -285.934231091921447
     -285.918112520886154
     -285.895268326114547
     -285.871479125529845
     -285.849428880164794
     -285.829642023175040
     -285.811547002338273
     -285.794432174503413
     -285.778007274917627
     -285.762492060529723
     -285.748386522232920
     -285.619207285096820
     -285.807260586298923
     -285.899362156145457
     -285.936486432405047
     -285.935447626299947
     -285.919600894717178
     -285.896441859237029
     -285.871884718590763
     -285.848694582629207
     -285.827450109121685
     -285.807628807228411
     -285.788576050878248
     -285.770070142017744
     -285.752407223882244
     -285.736163998284496
     -285.721882949305666
     -285.609235239704731
     -285.802235036113700
     -285.897605423841469
     -285.937029045971997
     -285.936735427039139
     -285.921256783108049
     -285.897958881023328
     -285.872861353132521
     -285.848785755243568
     -285.826344677006489
     -285.805049450463230
     -285.784292348674001
     -285.763914727484291
     -285.744287284136078
     -285.726064186145834
     -285.709859359971574
     -285.696026658692915
     -285.600734385374835
     -285.798131286533874
     -285.896427558737741
     -285.937947838662296
     -285.938366139690686
     -285.923294502743488
     -285.899965316462840
     -285.874483078332219
     -285.849709558276004
     -285.826278568061582
     -285.803725287093073
     -285.781481013059476
     -285.759443948718626
     -285.738054545084651
     -285.718040890138070
     -285.700085953910786
     -285.684600795082929
     -285.671661648387442
     -285.593726828553827
     -285.795000648948019
     -285.895888447254265
     -285.939287540936050
     -285.940361382019660
     -285.925692930002981
     -285.902387031390390
     -285.876618611069603
     -285.851280060673275
     -285.827019592011141
     -285.803390384733746
     -285.779856771810046
     -285.756367310455630
     -285.733425435239951
     -285.711826637525860
     -285.692317236190263
     -285.675361048695891
     -285.661072835494679
     -285.649280398955000
     -285.588040103407138
     -285.792708050881856
     -285.895870362430855
     -285.940928071719384
     -285.942587830242985
     -285.928290738856390
     -285.905025884835027
     -285.879028697164017
     -285.853217267748903
     -285.828251468220628
     -285.803699533691088
     -285.779054291619502
     -285.754308216227912
     -285.730019924592909
     -285.707044102095722
     -285.686182787857604
     -285.667946269897357
     -285.652483302777227
     -285.639642474904292
     -285.629091277880150
     -285.583417090177988
     -285.791038363617304
     -285.896181428045111
     -285.942685156526579
     -285.944856231286053
     -285.930883460312259
     -285.907654980406733
     -285.881459835006638
     -285.855239800830191
     -285.829666140524694
     -285.804321000493985
     -285.778722194335330
     -285.752899987853084
     -285.727460125219238
     -285.703307658540155
     -285.681291935850027
     -285.661962639322383
     -285.645497297346992
     -285.631762052453666
     -285.620431742545463
     -285.611107508381792
     -285.579596600186676
     -285.789774182620704
     -285.896630890581378
     -285.944382549686281
     -285.946991527915429
     -285.933290659695956
     -285.910082740382336
     -285.883705383290078
     -285.857123549664152
     -285.831020833084949
     -285.804993079009421
     -285.778580268556084
     -285.751844818242887
     -285.725431860154174
     -285.700288168383850
     -285.677302068486540
     -285.657055564460336
     -285.639749688682116
     -285.625264820614575
     -285.613281628000095
     -285.603400311620476
     -285.595226046770676
     -285.576357219787894
     -285.788737579646067
     -285.897068824129690
     -285.945888933920344
     -285.948867655675315
     -285.935387627981356
     -285.912181206074138
     -285.885630521327300
     -285.858723759381803
     -285.832158113927449
     -285.805543240501493
     -285.778438907277348
     -285.750934622247712
     -285.723707849279890
     -285.697739146180311
     -285.673948133349313
     -285.652942593178068
     -285.634942167918155
     -285.619838374075186
     -285.607316267760325
     -285.596975021240269
     -285.588414915336841
     -285.581284754039416
     -285.573531903911260
     -285.787803223477624
     -285.897397697928398
     -285.947127182475811
     -285.950414992394485
     -285.937110087768644
     -285.913887697307928
     -285.887170867934060
     -285.859970990657359
     -285.832999923434556
     -285.805881192977608
     -285.778192246744425
     -285.750045242801093
     -285.722143796282239
     -285.695495301839912
     -285.671043954481320
     -285.649417592542704
     -285.630850188450779
     -285.615241684888304
     -285.602280265280683
     -285.591563994970329
     -285.582689038906096
     -285.575298241407495
     -285.569098477773991
     -285.555417448354433
     -285.778363698283840
     -285.893706525671803
     -285.947485525727529
     -285.952067732841442
     -285.939355460979243
     -285.915813878383972
     -285.888098861191452
     -285.859383671492537
     -285.830498148728111
     -285.801162999406188
     -285.771046835893856
     -285.740352698626339
     -285.709873517690824
     -285.680699409077306
     -285.653845033775610
     -285.629992262325231
     -285.609410905024106
     -285.592019175954135
     -285.577508376813284
     -285.565467934889909
     -285.555477263587306
     -285.547157692878102
     -285.540192571486273
     -285.508449305559566
     -285.547965685615452
     -285.772564194418806
     -285.889000940434812
     -285.943566871990072
     -285.948415640727376
     -285.935851864744734
     -285.912296733578557
     -285.884454668875151
     -285.855536273939492
     -285.826399957746389
     -285.796788143307140
     -285.766385797873738
     -285.735408086517452
     -285.704656682109999
     -285.675227708324485
     -285.648139614781655
     -285.624076277558629
     -285.603308113829712
     -285.585752889817172
     -285.571100708537415
     -285.558939308186780
     -285.548846136597547
     -285.540440448886045
     -285.533403532956470
     -285.501382899381440
     -285.494291437744721
     -285.545677097887904
     -285.770598074429415
     -285.887251075262213
     -285.941983161397957
     -285.946897857299746
     -285.934387149648614
     -285.910859153800516
     -285.883026225534707
     -285.854104777796294
     -285.824957486826975
     -285.795329898990701
     -285.764909243937439
     -285.733912295948699
     -285.703141840702813
     -285.673694738984807
     -285.646589895949489
     -285.622511435441709
     -285.601729872499618
     -285.584162966397116
     -285.569500743147671
     -285.557330820265520
     -285.547230500824980
     -285.538818885298099
     -285.531777106979519
     -285.499740056697306
     -285.492648872999837
     -285.491007024644091
R^2 = 0.789054376506676
