     -285.581600963155381
     -285.690368252042504
     -285.799772090841145
     -285.736579206737417
     -285.846533978695220
     -285.893337361901615
     -285.748092333999182
     -285.859156062420766
     -285.906036822993883
     -285.918430355826729
     -285.741364936385025
     -285.853456769061495
     -285.900557912385807
     -285.912786518580560
     -285.906974835119684
     -285.724095025574400
     -285.837848942432686
     -285.885471965611657
     -285.897641570075734
     -285.891642434910636
     -285.876043136060673
     -285.701567421746347
     -285.817277749045900
     -285.865665774086551
     -285.877977845670387
     -285.871865038213343
     -285.856040521646776
     -285.835805842739433
     -285.676694690759120
     -285.794550608356928
     -285.843891702442590
     -285.856531172539349
     -285.850388984590097
     -285.834410979114466
     -285.813979843748712
     -285.791964107257400
     -285.651224993139977
     -285.771317737789730
     -285.821737594363356
     -285.834851156946911
     -285.828756147976776
     -285.812700159054543
     -285.792122987197502
     -285.769946248084864
     -285.747778710058810
     -285.626221171539271
     -285.748560413845553
     -285.800126998517555
     -285.813817939171315
     -285.807831547046476
     -285.791764434445554
     -285.771092137681137
     -285.748790013585847
     -285.726495221112657
     -285.705096262219342
     -285.602326167376248
     -285.726858781775832
     -285.779591978644930
     -285.793923182812705
     -285.788090133740752
     -285.772065400897361
     -285.751342723954963
     -285.728949959234853
     -285.706553194852120
     -285.685055902507713
     -285.664927743999556
     -285.579915263572673
     -285.706543084069551
     -285.760425584156508
     -285.775425999938932
     -285.769775573010122
     -285.753832728341990
     -285.733095842292983
     -285.710642782879688
     -285.688168022843513
     -285.666590426756898
     -285.646387388723213
     -285.627780909509170
     -285.559187492442845
     -285.687782568380385
     -285.742770118180260
     -285.758442115819435
     -285.752990597877044
     -285.737156477349458
     -285.716432804377973
     -285.693944210083657
     -285.671412290629576
     -285.649771104493595
     -285.629506101283198
     -285.610843152348878
     -285.593855908729324
     -285.540223435760367
     -285.670640352587270
     -285.726670548515699
     -285.742996888733046
     -285.737750320318412
     -285.722041185811577
     -285.701350286120942
     -285.678845360399237
     -285.656273424379378
     -285.634583116535737
     -285.614267905503539
     -285.595557775714667
     -285.578528218937549
     -285.563163646234329
     -285.523023652860559
     -285.655109020638974
     -285.712108418097046
     -285.729058265749757
     -285.724015027007340
     -285.708438806345498
     -285.687793672143584
     -285.665286662312553
     -285.642688266053653
     -285.620960828141961
     -285.600605557569907
     -285.581856584732918
     -285.564791421995722
     -285.549395277333986
     -285.535599490602351
     -285.507535298003461
     -285.641134753750009
     -285.699024357117707
     -285.716558173346073
     -285.711711214124477
     -285.696269570353934
     -285.675677978061060
     -285.653178984782414
     -285.630564507875079
     -285.608809578642138
     -285.588422713730893
     -285.569642079656376
     -285.552547265915678
     -285.537124409833950
     -285.523305129194455
     -285.510990417632399
     -285.493671071786139
     -285.628634222218182
     -285.687333555972486
     -285.705406905606424
     -285.700745563658927
     -285.685435663470230
     -285.664901413738392
     -285.642417218471223
     -285.619794377852372
     -285.598019525273003
     -285.577607963085597
     -285.558801691668464
     -285.541682349127711
     -285.526237061193456
     -285.512397820652041
     -285.500065655019682
     -285.489125800394675
     -285.481322897458767
     -285.617506624244129
     -285.676936628853014
     -285.695503032440058
     -285.691014455120637
     -285.675830405168824
     -285.655354381203836
     -285.632889199207455
     -285.610263563101171
     -285.588474615954738
     -285.568043881181211
     -285.549216935449238
     -285.532077380760995
     -285.516613338954869
     -285.502757230665281
     -285.490410188264320
     -285.479457378379664
     -285.469777767378787
     -285.470371798419478
     -285.607642303691819
     -285.667727296319413
     -285.686740287217901
     -285.682410504409290
     -285.667344474129663
     -285.646925503341492
     -285.624481625560577
     -285.601857077529019
     -285.580058449731496
     -285.559612911891634
     -285.540769330854801
     -285.523613152988560
     -285.508133469267364
     -285.494263149562642
     -285.481903475025547
     -285.470939594645643
     -285.461250371401889
     -285.452714679842188
     -285.460694958960346
     -285.598928869868928
     -285.659597784316190
     -285.679012330197793
     -285.674827036867612
     -285.659870108224311
     -285.639505639554045
     -285.617083956726049
     -285.594463090831368
     -285.572658072020033
     -285.552201153549845
     -285.533344196650944
     -285.516174353217650
     -285.500681634119360
     -285.486799358108158
     -285.474428979458878
     -285.463455664542550
     -285.453758210796423
     -285.445215387701126
     -285.437709943603977
     -285.452170666388611
     -285.591255457193085
     -285.652442543895631
     -285.672215975727283
     -285.668161081850258
     -285.653303872894071
     -285.632990493971192
     -285.610590911213876
     -285.587975355750530
     -285.566166358532655
     -285.545700719837384
     -285.526833002703711
     -285.509651917417216
     -285.494148332292866
     -285.480256000129941
     -285.467876558803539
     -285.456895214690121
     -285.447190726900487
     -285.438641787497204
     -285.431131051389173
     -285.424547595121510
     -285.444681655264390
     -285.584515590468072
     -285.646160723212120
     -285.666253292840565
     -285.662315292447715
     -285.647548400069127
     -285.627282221648727
     -285.604903978114123
     -285.582294653470854
     -285.560483416739544
     -285.540011113567687
     -285.521134727908532
     -285.503944380611529
     -285.488431728271280
     -285.474530933772314
     -285.462143819501705
     -285.451155645467566
     -285.441445151682899
     -285.432890973597239
     -285.425375692899308
     -285.418788308365720
     -285.413025633994607
     -285.438117253310054
     -285.578609008139210
     -285.640657713024552
     -285.661032877963919
     -285.657199081134138
     -285.642513383263349
     -285.622290317323859
     -285.599932227141835
     -285.577329546713202
     -285.555517298798407
     -285.535039912178320
     -285.516156527727674
     -285.498958533415816
     -285.483438302773152
     -285.469530379550122
     -285.457136765188977
     -285.446142780538082
     -285.436427159802349
     -285.427868497385361
     -285.420349317489183
     -285.413758555924915
     -285.407992964391383
     -285.402957779081817
     -285.432374639289435
     -285.573442714987380
     -285.635846010495470
     -285.656470523868506
     -285.652729187362752
     -285.638116038493138
     -285.617931993323396
     -285.595592623296795
     -285.572996647130481
     -285.551184234311222
     -285.530702975625275
     -285.511813924671856
     -285.494609600691888
     -285.479083023714338
     -285.465169086625281
     -285.452769960436683
     -285.441771029563938
     -285.432051031325216
     -285.423488530661189
     -285.415966006524968
     -285.409372343574319
     -285.403604242063182
     -285.398566889456049
     -285.394174130646320
     -285.403378977944215
     -285.547368426882429
     -285.611582927834490
     -285.633495339508443
     -285.630238560127964
     -285.616012446795651
     -285.596043294555272
     -285.573813420337274
     -285.551263601730739
     -285.529460334478983
     -285.508967539102230
     -285.490056271440153
     -285.472825067872634
     -285.457270472330833
     -285.443329355655010
     -285.430904920027842
     -285.419883011316074
     -285.410142494286447
     -285.401561873366916
     -285.394023468412115
     -285.387415960148530
     -285.381635831573760
     -285.376588057316781
     -285.372186283188000
     -285.350154594791888
     -285.396417994775391
     -285.541111750463813
     -285.605766160916346
     -285.627994729636441
     -285.624858532032931
     -285.610730307652432
     -285.590817035411249
     -285.568617048997737
     -285.546081278322447
     -285.524282619940664
     -285.503789000723259
     -285.484873959037998
     -285.467637547781294
     -285.452077218155637
     -285.438130366699681
     -285.425700484594643
     -285.414673561843301
     -285.404928520412227
     -285.396343871285239
     -285.388801912758140
     -285.382191289689445
     -285.376408443205719
     -285.371358304918317
     -285.366954479192486
     -285.344912727967142
     -285.339668531087966
     -285.394789349179632
     -285.539648134017909
     -285.604405795063997
     -285.626708746686234
     -285.623601004702209
     -285.609495963055622
     -285.589596003553879
     -285.567403208721942
     -285.544870887850379
     -285.523073440072494
     -285.502579734634764
     -285.483663895336463
     -285.466426333893367
     -285.450864717151148
     -285.436916567422259
     -285.424485445757284
     -285.413457377690065
     -285.403711300009604
     -285.395125726373749
     -285.387582950934132
     -285.380971610866084
     -285.375188138057297
     -285.370137454493602
     -285.365733155189162
     -285.343689076363432
     -285.338444339419084
     -285.337220022513122
R^2 = 0.7672199250098644
