Root mean square deviation analyzer for diabatz
Yifan Shen 2021

Echo of user command line input:
/home/yshen/Software/Mine/diabatz/tools/RMSD/v0/RMSD.exe -d default IntCoordDef SAS.in Hd.in Hd.net 11.in 12.in 13.in 14.in 22.in 23.in 24.in 33.in 34.in 44.in -s data/critical/min-A1/ data/critical/sad-A1/ data/critical/min-B1/ data/critical/sad-B1/ data/critical/min-B2/ data/critical/sad-B2/ data/critical/min-A2/ data/linear-path/min-B1_min-B2/ data/fast/list.txt -z -286.1075216397

Tue Apr 26 12:08:26 2022

Root mean square deviation of energy:
State 1 = 0.00127979
State 2 = 0.000895236
State 3 = 0.00117196
State 4 = 0.000350969
Root mean square deviation of energy gradient:
State 1 = 0.00114697
State 2 = 0.0018026
State 3 = 0.00120782
State 4 = 0.00127256
Root mean square deviation of interstate coupling:
State 1-2 = 0.00357909
State 1-3 = 0.00175429
State 1-4 = 0.00167095
State 2-3 = 0.00171001
State 2-4 = 0.00163385
State 3-4 = 0.00201175

Tue Apr 26 12:15:25 2022
Mission success

217.711157633885 cm^-1 = 0.0009919651481222766 Hartree = sqrt((0.00127979**2 + 0.000895236**2 + 0.00117196**2 + 0.000350969**2) / 4)
