Root mean square deviation analyzer for diabatz
Yifan Shen 2021

Echo of user command line input:
/home/yshen/Software/Mine/diabatz/tools/RMSD/v0/RMSD.exe -d default IntCoordDef SAS.in Hd.in Hd.net 11.in 12.in 13.in 14.in 22.in 23.in 24.in 33.in 34.in 44.in -s data/fast/1.7/ -z -286.1075216397

Sat Nov 26 19:35:46 2022

Root mean square deviation of energy:
State 1 = 0.000702136
State 2 = 0.000223066
State 3 = 0.00038008
State 4 = 0.000629095
Root mean square deviation of energy gradient:
State 1 = 0.00244977
State 2 = 0.00229161
State 3 = 0.001766
State 4 = 0.00199663
Root mean square deviation of interstate coupling:
State 1-2 = 0.00409651
State 1-3 = 0.00106733
State 1-4 = 0.0023873
State 2-3 = 0.00128944
State 2-4 = 0.00114451
State 3-4 = 0.00205709

Sat Nov 26 19:36:18 2022
Mission success
