Root mean square deviation analyzer for diabatz
Yifan Shen 2021

Echo of user command line input:
/home/yshen/Software/Mine/diabatz/tools/RMSD/v1/RMSD.exe -d default pretrain-IntCoordDef pretrain-SAS.in pretrain-Hd.in pretrain-Hd.net pretrain-11.in pretrain-12.in pretrain-13.in pretrain-14.in pretrain-22.in pretrain-23.in pretrain-24.in pretrain-33.in pretrain-34.in pretrain-44.in default IntCoordDef SAS.in Hd.in Hd.net 11.in 12.in 13.in 14.in 22.in 23.in 24.in 33.in 34.in 44.in -s ../data/critical/min-B1/ -z -286.1075216397

Mon Dec 12 21:38:44 2022

Root mean square deviation of energy:
State 1 = 0.000483795
State 2 = 0.000660995
State 3 = 0.00029904
State 4 = 0.000840087
Root mean square deviation of energy gradient:
State 1 = 0.000653615
State 2 = 0.000703972
State 3 = 0.000708037
State 4 = 0.000870317
Root mean square deviation of interstate coupling:
State 1-2 = 0.00081393
State 1-3 = 0.00172929
State 1-4 = 0.00163754
State 2-3 = 0.000553717
State 2-4 = 0.00101341
State 3-4 = 0.00031328

Mon Dec 12 21:39:59 2022
Mission success
