Root mean square deviation analyzer for diabatz
Yifan Shen 2021

Echo of user command line input:
/home/yshen/Software/Mine/diabatz/tools/RMSD/v1/RMSD.exe -d default pretrain-IntCoordDef pretrain-SAS.in pretrain-Hd.in pretrain-Hd.net pretrain-11.in pretrain-12.in pretrain-13.in pretrain-14.in pretrain-22.in pretrain-23.in pretrain-24.in pretrain-33.in pretrain-34.in pretrain-44.in default IntCoordDef SAS.in Hd.in Hd.net 11.in 12.in 13.in 14.in 22.in 23.in 24.in 33.in 34.in 44.in -s ../data/critical/min-A1/ -z -286.1075216397

Mon Dec 12 21:36:21 2022

Root mean square deviation of energy:
State 1 = 0.000640795
State 2 = 0.00095023
State 3 = 0.000565224
State 4 = 0.000600139
Root mean square deviation of energy gradient:
State 1 = 0.000732429
State 2 = 0.00299157
State 3 = 0.00249176
State 4 = 0.00140914
Root mean square deviation of interstate coupling:
State 1-2 = 0.00229367
State 1-3 = 0.00133222
State 1-4 = 0.00205158
State 2-3 = 0.00115905
State 2-4 = 0.00163936
State 3-4 = 0.00112721

Mon Dec 12 21:37:18 2022
Mission success
