Root mean square deviation analyzer for diabatz
Yifan Shen 2021

Echo of user command line input:
/home/yshen/Software/Mine/diabatz/tools/RMSD/v0/RMSD.exe -d default IntCoordDef SAS.in Hd.in Hd.net 11.in 12.in 13.in 14.in 22.in 23.in 24.in 33.in 34.in 44.in -s data/critical/sad-B1/ -z -286.1075216397

Sat Nov 26 18:37:58 2022

Root mean square deviation of energy:
State 1 = 0.000421668
State 2 = 0.00196465
State 3 = 0.0002279
State 4 = -nan
Root mean square deviation of energy gradient:
State 1 = 0.00181756
State 2 = 0.00293406
State 3 = 0.000827961
State 4 = -nan
Root mean square deviation of interstate coupling:
State 1-2 = 0.00198521
State 1-3 = 0.00204133
State 1-4 = -nan
State 2-3 = 0.0012518
State 2-4 = -nan
State 3-4 = -nan

Sat Nov 26 18:38:47 2022
Mission success
