Root mean square deviation analyzer for diabatz
Yifan Shen 2021

Echo of user command line input:
/home-4/yshen57@jhu.edu/Software/Mine/diabatz/tools/RMSD/v0/RMSD.exe -d default IntCoordDef SAS.in Hd.in Hd.net 11.in 12.in 13.in 14.in 22.in 23.in 24.in 33.in 34.in 44.in -s sad-B1/ -z -286.1075216397

Wed Jun  2 15:38:30 2021

Root mean square deviation of energy:
State 1 = 2.75573e-05
State 2 = 0.00200473
State 3 = 0.00195999
State 4 = 0.00696317
Root mean square deviation of energy gradient:
State 1 = 0.000602351
State 2 = 0.000266968
State 3 = 0.000914795
State 4 = 0.00533116
Root mean square deviation of interstate coupling:
State 1-2 = 0.00076827
State 1-3 = 0.00272703
State 1-4 = 0.00810367
State 2-3 = 0.00044175
State 2-4 = 0.0163035
State 3-4 = 0.00263374

Wed Jun  2 15:39:00 2021
Mission success
