     -285.764739381172205
     -285.872476559795302
     -285.978788398977144
     -285.919625039809546
     -286.025822964834219
     -286.073947581303344
     -285.929212680755199
     -286.035535803935943
     -286.085397147024366
     -286.099699586883048
     -285.922077973903754
     -286.028285854551882
     -286.078767545169569
     -286.094208953918667
     -286.089198863446939
     -285.903693448363924
     -286.009378012135983
     -286.060498474541419
     -286.077359544657213
     -286.072978459866079
     -286.057600316483558
     -285.881736339093948
     -285.986489020277759
     -286.037816208715753
     -286.055585306212947
     -286.051645301920871
     -286.036872958531660
     -286.016585160402201
     -285.859672821101867
     -285.963156137822011
     -286.014312640625747
     -286.032522749544967
     -286.028845613618842
     -286.014446600227018
     -285.994424944522848
     -285.972408456840469
     -285.839300509460656
     -285.941271989807888
     -285.991961064781322
     -286.010227463849901
     -286.006662188261885
     -285.992435534834897
     -285.972526023536773
     -285.950540863806452
     -285.928626774450095
     -285.821405009019657
     -285.921716058623645
     -285.971724162291025
     -285.989752635501475
     -285.986180518882179
     -285.971966004775027
     -285.952044142702221
     -285.929998327489443
     -285.907973243449021
     -285.887166331126991
     -285.806186994299821
     -285.904770348891589
     -285.953958485911357
     -285.971538941160077
     -285.967872382296548
     -285.953550314364861
     -285.933522462845303
     -285.911346859943023
     -285.889162728267252
     -285.868171500940662
     -285.848974736504715
     -285.793531693566194
     -285.890384981267914
     -285.938675767753068
     -285.955669695662380
     -285.951848158305040
     -285.937334742519056
     -285.917135260269731
     -285.894782065199365
     -285.872406730832211
     -285.851211848731111
     -285.831803785036357
     -285.814419599461701
     -285.783173384699182
     -285.878342708319622
     -285.925706812378451
     -285.942033161771974
     -285.938018228120427
     -285.923259352677690
     -285.902846063482230
     -285.880285592695884
     -285.857700610657503
     -285.836292907333814
     -285.816671579198498
     -285.799077489000354
     -285.783532480040890
     -285.774791813812044
     -285.868357179152952
     -285.914800922022891
     -285.930422704786963
     -285.926193211443945
     -285.911158125982922
     -285.890507473790024
     -285.867724510157529
     -285.844922430961105
     -285.823300928357355
     -285.803470343823392
     -285.785673937971978
     -285.769935992842250
     -285.756157929596327
     -285.768065627145234
     -285.860128882507865
     -285.905683722615720
     -285.920596366714165
     -285.916144084165410
     -285.900819685915906
     -285.879922249426727
     -285.856912565470111
     -285.833894268629592
     -285.812064150876722
     -285.792032764474357
     -285.774044750230132
     -285.758125941222772
     -285.744179020372144
     -285.732044068038419
     -285.762699432161526
     -285.853374771690426
     -285.898088822189777
     -285.912310580589349
     -285.907636600532442
     -285.892022603374357
     -285.870879251571807
     -285.847646587073029
     -285.824418927552699
     -285.802389722182852
     -285.782169038126483
     -285.764002173844005
     -285.747915871405780
     -285.733813554485209
     -285.721535717043480
     -285.710897055509747
     -285.758435234738386
     -285.847842024041711
     -285.891773469144539
     -285.905337825646825
     -285.900449663951235
     -285.884554693626455
     -285.863173451538728
     -285.839727030380914
     -285.816300890708021
     -285.794084952366347
     -285.773688351319493
     -285.755356542941740
     -285.739116722465553
     -285.724872683780859
     -285.712465057925442
     -285.701708415520216
     -285.692413241541090
     -285.755055042518848
     -285.843312609880115
     -285.886524763257796
     -285.899474607845889
     -285.894383955840681
     -285.878222499932008
     -285.856616086644351
     -285.832968658741038
     -285.809357409142592
     -285.786968719138486
     -285.766410528786764
     -285.747928114187232
     -285.731548807380477
     -285.717176514911614
     -285.704651816797991
     -285.693789035682130
     -285.684398229899500
     -285.676297527311590
     -285.752378816690168
     -285.839602834030302
     -285.882160549685921
     -285.894543837914512
     -285.889264865479277
     -285.872854959161600
     -285.851038912821025
     -285.827205261435665
     -285.803423587398129
     -285.780876842570365
     -285.760171635694292
     -285.741552847868888
     -285.725047734816314
     -285.710560141962844
     -285.697930475489954
     -285.686972736997916
     -285.677496527898484
     -285.669319413637197
     -285.662273247145208
     -285.750260271238062
     -285.836560377224032
     -285.878527535889589
     -285.890394146795018
     -285.884942256107820
     -285.868303773475304
     -285.846295063803268
     -285.822290902747284
     -285.798353943029383
     -285.775663891182148
     -285.754825979342968
     -285.736084564788882
     -285.719466689254887
     -285.704876024626913
     -285.692152727915072
     -285.681110441791475
     -285.671558305380870
     -285.663313342074218
     -285.656206811216350
     -285.650086877104741
     -285.748581954671522
     -285.834060320407843
     -285.875498147650148
     -285.886897682256290
     -285.881288618593999
     -285.864442046582553
     -285.842258078254133
     -285.818099263279748
     -285.794021999228676
     -285.771202974965547
     -285.750246061756172
     -285.731395025879010
     -285.714676611817879
     -285.699994249799715
     -285.687187806287909
     -285.676070551773876
     -285.666451174542203
     -285.658146186855390
     -285.650986299444924
     -285.644819112242089
     -285.639509635894285
     -285.747250391628768
     -285.832000982199872
     -285.872966994146850
     -285.883947294829170
     -285.878196533452751
     -285.861162120686345
     -285.838820041649910
     -285.814522027647001
     -285.790318869453301
     -285.767384487186121
     -285.746321446656509
     -285.727372898786427
     -285.710565246149656
     -285.695801640672357
     -285.682921640704024
     -285.671738148062673
     -285.662059422444599
     -285.653701501967703
     -285.646494596163109
     -285.640285794525198
     -285.634939603040777
     -285.630337267015761
     -285.746191666107222
     -285.830300001262344
     -285.870847412945295
     -285.881453623536515
     -285.875575965569112
     -285.858373156196194
     -285.835889398465724
     -285.811466884232004
     -285.787151407386602
     -285.764114374009807
     -285.742957124122711
     -285.723922197876107
     -285.707035638128673
     -285.692200303789775
     -285.679255443801196
     -285.668013605770966
     -285.658282649494254
     -285.649878178760787
     -285.642629949427544
     -285.636384592643481
     -285.631006163770564
     -285.626375474724227
     -285.622388804319939
     -285.745347598048511
     -285.828890859169917
     -285.869068325529895
     -285.879342348610010
     -285.873351671969601
     -285.855998751771779
     -285.833388745713307
     -285.808855458624294
     -285.784440252104503
     -285.761312268291078
     -285.740071714340218
     -285.720960543041087
     -285.704004437938863
     -285.689105965091130
     -285.676104073480815
     -285.664810977712762
     -285.655034169679595
     -285.646588859245412
     -285.639304394667136
     -285.633026997956051
     -285.627620324070222
     -285.622964801122464
     -285.618956346228686
     -285.615504816894600
     -285.742232851150845
     -285.822879355113400
     -285.861138230994868
     -285.869668335940787
     -285.863079833796974
     -285.844931107450066
     -285.821652359958421
     -285.796534492350190
     -285.771595672271076
     -285.747992745682382
     -285.726319388537433
     -285.706813876172191
     -285.689499478459481
     -285.674276791748696
     -285.660982856130659
     -285.649427892812980
     -285.639417292059363
     -285.630764085623014
     -285.623295418264831
     -285.616855335018840
     -285.611305384623847
     -285.606523993372036
     -285.602405203931937
     -285.598857140316682
     -285.581721612641957
     -285.741768244361708
     -285.821708727224177
     -285.859494854464742
     -285.867590388025917
     -285.860851885047680
     -285.842503072490615
     -285.819056300366526
     -285.793792036180378
     -285.768722687004981
     -285.745001943420959
     -285.723221722965491
     -285.703619251027931
     -285.686217077213712
     -285.670915209513680
     -285.657550136848386
     -285.645931528207711
     -285.635864211550768
     -285.627160650822134
     -285.619647427115467
     -285.613168036217303
     -285.607583500882413
     -285.602771751338992
     -285.598626368505109
     -285.595055051341660
     -285.577802192046022
     -285.573854595580030
     -285.741676132888074
     -285.821450776137738
     -285.859125588003963
     -285.867118542103924
     -285.860344578643378
     -285.841948443913452
     -285.818461937761356
     -285.793163078260136
     -285.768062913807910
     -285.744314385560187
     -285.722508989320829
     -285.702883695823289
     -285.685460878580443
     -285.670140401708068
     -285.656758620154278
     -285.645125069710559
     -285.635044443619563
     -285.626329070504255
     -285.618805397650021
     -285.612316790839088
     -285.606724148602552
     -285.601905284207703
     -285.597753669844110
     -285.594176904487824
     -285.576896564726610
     -285.572942371434010
     -285.572028602893056
R^2 = 0.6119445722397507
