     -285.506661893503122
     -285.620635642615298
     -285.730251718693296
     -285.670235579650296
     -285.778213323186151
     -285.825719010422063
     -285.678492913047478
     -285.788231421083594
     -285.837057965736619
     -285.850033911540493
     -285.669670379875242
     -285.781559087877270
     -285.831712572771153
     -285.845549903395977
     -285.841232345344224
     -285.648873497813497
     -285.765620461665378
     -285.818743781809815
     -285.834287233377211
     -285.830109502652306
     -285.818715080508753
     -285.626464052544179
     -285.749475207902719
     -285.806478934641177
     -285.824232025413039
     -285.820166558563244
     -285.808166519236067
     -285.796377714520247
     -285.606597601805277
     -285.736849114240954
     -285.798415152755126
     -285.818844423826079
     -285.814931395362180
     -285.802179702797218
     -285.788774970239729
     -285.778996932963480
     -285.590332994745438
     -285.728383509484900
     -285.794929508868734
     -285.818356060710414
     -285.814639341016630
     -285.801069326745278
     -285.785824877455354
     -285.773518318127117
     -285.765066948726485
     -285.576867448971541
     -285.722908630923371
     -285.794599427675109
     -285.821163743212310
     -285.817660882542157
     -285.803227118584289
     -285.786006729297526
     -285.770958916156360
     -285.759270698778096
     -285.749949605506686
     -285.564785786854884
     -285.718715291072783
     -285.795505979736674
     -285.825186669731124
     -285.821885209248251
     -285.806545812002753
     -285.787272210870015
     -285.769374498379875
     -285.754323459203135
     -285.741351087541943
     -285.728988552622013
     -285.552955015544796
     -285.714453811352882
     -285.796143958247228
     -285.828800146115157
     -285.825666607028552
     -285.809386134827776
     -285.788031812455529
     -285.767260321564038
     -285.748830897357720
     -285.732207845740277
     -285.716104425165156
     -285.699527644949228
     -285.540918214279145
     -285.709520701577617
     -285.795805991536440
     -285.831222149602581
     -285.828213809283682
     -285.810971924978446
     -285.787556631300220
     -285.763959972652799
     -285.742226373683479
     -285.722052667493983
     -285.702334175956935
     -285.682214093099503
     -285.661525252721788
     -285.528846577576246
     -285.703998618812534
     -285.794513808952274
     -285.832437081207729
     -285.829511691562345
     -285.811310058657057
     -285.785898182508049
     -285.759586545598097
     -285.734694841156568
     -285.711146287023666
     -285.688013091735911
     -285.664568809968330
     -285.640735616486268
     -285.617036783965830
     -285.517245934655023
     -285.698350042534457
     -285.792701832437615
     -285.832869083821777
     -285.829991036122067
     -285.810855939124451
     -285.783551291066260
     -285.754684638290712
     -285.726835668951367
     -285.700142739969351
     -285.673845772021309
     -285.647340343700989
     -285.620630007927559
     -285.594285846874754
     -285.569143422520142
     -285.506636746561639
     -285.693085607874195
     -285.790876266410578
     -285.833031577472241
     -285.830174698377562
     -285.810155511226526
     -285.781093445802071
     -285.749868593922088
     -285.719301380655509
     -285.689730231132899
     -285.660550700928525
     -285.631270432427925
     -285.601966033901590
     -285.573249535125228
     -285.545973108803821
     -285.520906819231186
     -285.497349059156193
     -285.688549266392670
     -285.789392647903753
     -285.833297256887079
     -285.830445077427669
     -285.809609798659721
     -285.778947699183789
     -285.745585059965720
     -285.712561183951550
     -285.680396939337584
     -285.648629566463228
     -285.616867929676062
     -285.585253477799597
     -285.554433208063642
     -285.525271829250983
     -285.498536633180379
     -285.474701501973186
     -285.489465965168165
     -285.684853915107396
     -285.788385601510527
     -285.833822492558227
     -285.830966953469726
     -285.809396264545853
     -285.777303691415852
     -285.742034728070905
     -285.706824404163569
     -285.672357045004446
     -285.638296682354110
     -285.604342283145229
     -285.570692321713864
     -285.538023704378929
     -285.507210812233609
     -285.479016968705139
     -285.453903983387931
     -285.431993375073432
     -285.482873760463349
     -285.681925506246046
     -285.787808625019807
     -285.834583679646698
     -285.831723105011861
     -285.809504210476632
     -285.776153842840358
     -285.739210161479093
     -285.702080624807024
     -285.665593710548308
     -285.629525195274311
     -285.593653223528918
     -285.558226044696710
     -285.523946257993487
     -285.491696025507622
     -285.462234460377488
     -285.436012132200744
     -285.413135991870945
     -285.393441452658749
     -285.477354164254507
     -285.679590741064032
     -285.787518725022210
     -285.835459906850076
     -285.832596851168205
     -285.809817983468633
     -285.775378112903297
     -285.736982770573206
     -285.698189318815650
     -285.659951602475473
     -285.622142566065008
     -285.584609147747187
     -285.547642764319960
     -285.511968200209481
     -285.478474212399988
     -285.447916092612957
     -285.420734506114457
     -285.397023645698823
     -285.376605454692481
     -285.359143930743812
     -285.472668608994411
     -285.677658071958831
     -285.787355336408154
     -285.836310925842270
     -285.833450265845443
     -285.810196340857715
     -285.774825271903069
     -285.735186506738103
     -285.694966229036027
     -285.655225997765569
     -285.615922266550115
     -285.576961156783227
     -285.538671310066604
     -285.501796753803148
     -285.467232114298611
     -285.435729598310957
     -285.407721534205052
     -285.383291287910026
     -285.362249322241610
     -285.344248568134958
     -285.328888376353916
     -285.468611579162257
     -285.675968731638875
     -285.787189988872512
     -285.837026501214837
     -285.834173948670866
     -285.810523526890961
     -285.774365901142289
     -285.733673175103661
     -285.692241140037027
     -285.651222943639823
     -285.610646092146965
     -285.570467188086411
     -285.531046808020051
     -285.493145718528467
     -285.457663954401880
     -285.425351502687704
     -285.396633948602414
     -285.371585714797561
     -285.350007674845529
     -285.331543438742756
     -285.315783752817481
     -285.302335884737204
     -285.465031794029471
     -285.674416359818338
     -285.786945084474667
     -285.837545218778416
     -285.834706291423061
     -285.810729769071656
     -285.773914598721888
     -285.732336632968952
     -285.689884141510504
     -285.647787469142145
     -285.606134064579351
     -285.564923273335978
     -285.524542937602746
     -285.485768397430490
     -285.449504760498996
     -285.416500638461741
     -285.387176356317013
     -285.361599119012965
     -285.339561926178305
     -285.320700636649519
     -285.304598764940124
     -285.290857015309768
     -285.279126683645586
     -285.461830887138490
     -285.672944694914179
     -285.786591096934956
     -285.837851871578891
     -285.835031275281381
     -285.810790099095414
     -285.773430174021712
     -285.731114553897100
     -285.687808991180532
     -285.644808426193208
     -285.602250520430800
     -285.560170584303989
     -285.518979633806453
     -285.479465682161447
     -285.442538611773557
     -285.408946393971007
     -285.379105388248945
     -285.353077089749206
     -285.330648123872379
     -285.311447971370001
     -285.295054116041456
     -285.281061727162637
     -285.269117092844056
     -285.258925030373973
     -285.444097371942860
     -285.662880955731111
     -285.781541345278754
     -285.835944998901596
     -285.833358560256556
     -285.808250525706171
     -285.768841168131416
     -285.723652997785223
     -285.676966251880742
     -285.630336286549095
     -285.584104067526766
     -285.538453337058684
     -285.493894875323065
     -285.451276327260416
     -285.411536343905993
     -285.375429544706549
     -285.343364246485123
     -285.315385003238930
     -285.291256782575260
     -285.270585498601918
     -285.252924912946639
     -285.237847330062664
     -285.224977563652715
     -285.214000591773583
     -285.165749106088072
     -285.440247968907784
     -285.660335438425079
     -285.779874288925328
     -285.834910844299714
     -285.832434688832905
     -285.807320223329498
     -285.767731004208088
     -285.722240064302753
     -285.675170294435304
     -285.628111735037351
     -285.581432487330403
     -285.535336644490883
     -285.490349505919369
     -285.447328419796236
     -285.407217910004931
     -285.370775532970299
     -285.338410377313437
     -285.310166239848513
     -285.285806308354381
     -285.264934084594870
     -285.247100576963192
     -285.231875207243377
     -285.218879925247450
     -285.207796963472560
     -285.159105690849628
     -285.152406556099322
     -285.439564967490128
     -285.659875454182270
     -285.779569420134465
     -285.834732726136679
     -285.832288597880449
     -285.807199266619762
     -285.767610669841702
     -285.722102784501089
     -285.675004149322888
     -285.627909290660000
     -285.581189779416036
     -285.535052312027176
     -285.490024070880736
     -285.446963703158701
     -285.406816570077183
     -285.370340709942411
     -285.337945427404577
     -285.309674543071083
     -285.285291135283160
     -285.264398509301031
     -285.246547425180552
     -285.231307030710411
     -285.218298994897907
     -285.207205275682043
     -285.158469842687282
     -285.151765426837812
     -285.151123888769973
R^2 = 0.939368056875723
