     -285.566617603320651
     -285.674524873109249
     -285.783068692809366
     -285.720206724938350
     -285.829301477797628
     -285.875575758138154
     -285.730832562360604
     -285.841212734777628
     -285.887594190636776
     -285.899226051810786
     -285.724829637243147
     -285.836061450821092
     -285.882633491279535
     -285.894112394079741
     -285.888887596670656
     -285.707834796705413
     -285.820728694465117
     -285.867822614778277
     -285.879211283105235
     -285.873830266734444
     -285.858506038157373
     -285.685749791236503
     -285.800600099437474
     -285.848459021612257
     -285.859976056376127
     -285.854495468396237
     -285.838946022102562
     -285.819153941554362
     -285.661436827137777
     -285.778432725637117
     -285.827244716856910
     -285.839093122684460
     -285.833579181661605
     -285.817876246458866
     -285.797887709452198
     -285.776431739849443
     -285.636599575975197
     -285.755832301526425
     -285.805723055234239
     -285.818065269340195
     -285.812578791504791
     -285.796797872855450
     -285.776663299357551
     -285.755046327133414
     -285.733511235563924
     -285.612263679817431
     -285.733742903025188
     -285.784780384831322
     -285.797731896201071
     -285.792322116017488
     -285.776530073689457
     -285.756300375284127
     -285.734558018077394
     -285.712895672060768
     -285.692164638610450
     -285.589042472754898
     -285.712715068055900
     -285.764919162059186
     -285.778551390612677
     -285.773254499812197
     -285.757504837241640
     -285.737224758658385
     -285.715391760826890
     -285.693627442900663
     -285.672798075999196
     -285.653343714591529
     -285.567288823214255
     -285.693056624612609
     -285.746410021833697
     -285.760757166148380
     -285.755597193344499
     -285.739929418949259
     -285.719635131259395
     -285.697741838734657
     -285.675899525155046
     -285.654989854511371
     -285.635460613578118
     -285.617511388627065
     -285.547185742821796
     -285.674920799660811
     -285.729379246594817
     -285.744446225517834
     -285.739436908948790
     -285.723877858694095
     -285.703596784081753
     -285.681667956675994
     -285.659768483678477
     -285.638795222985436
     -285.619204016875472
     -285.601198322204141
     -285.584835769321955
     -285.528803206449140
     -285.658360104177575
     -285.713861197240135
     -285.729631229326799
     -285.724778151700036
     -285.709344087466093
     -285.689095786134601
     -285.667150627301453
     -285.645211137738158
     -285.624188755337457
     -285.604547341405691
     -285.586494465879809
     -285.570089599840060
     -285.555306547446719
     -285.512135564632331
     -285.643360913312222
     -285.699831207904481
     -285.716272383332011
     -285.711574999471964
     -285.696273849083013
     -285.676071313240186
     -285.654124070297712
     -285.632158120495376
     -285.611098608026680
     -285.591417134555002
     -285.573325415981003
     -285.556884943981231
     -285.542070319629318
     -285.528806673980682
     -285.497127199663453
     -285.629866636311476
     -285.687227136813362
     -285.704297781876107
     -285.699751176477321
     -285.684584602979669
     -285.664435609045938
     -285.642496382655793
     -285.620514352205021
     -285.599427348415077
     -285.579714280604264
     -285.561590900792737
     -285.545120777789407
     -285.530279442017502
     -285.516992302460949
     -285.505157580787113
     -285.483690620062248
     -285.617793751395823
     -285.675963982284259
     -285.693616846412965
     -285.689213172627888
     -285.674178342712082
     -285.654086691339387
     -285.632162262960719
     -285.610171868798432
     -285.589064941662059
     -285.569327176575086
     -285.551178159420942
     -285.534683507617558
     -285.519819739993181
     -285.506512640534709
     -285.494660464790570
     -285.484148256781680
     -285.471719406407772
     -285.607043114094608
     -285.665944015837681
     -285.684129416754274
     -285.679859024762493
     -285.664950045083572
     -285.644916619477669
     -285.623011204369845
     -285.601018014720125
     -285.579896993016689
     -285.560140055343538
     -285.541970363874555
     -285.525455499923737
     -285.510572978427433
     -285.497249011220845
     -285.485381958708047
     -285.474856795439564
     -285.465554145111582
     -285.461097488728626
     -285.597507974902385
     -285.657063864664167
     -285.675731963935789
     -285.671584255411233
     -285.656793295404498
     -285.636816922975470
     -285.614932812083055
     -285.592940710508060
     -285.571810008153534
     -285.552038267414105
     -285.533851940640261
     -285.517320453511388
     -285.502422290100071
     -285.489084111478292
     -285.477204426829417
     -285.466668193065630
     -285.457355930494771
     -285.449149420295157
     -285.451705730346248
     -285.589079622156305
     -285.649219433737699
     -285.668321815383308
     -285.664285868946308
     -285.649604010575899
     -285.629682140264777
     -285.607820224325337
     -285.585831804887221
     -285.564694711518825
     -285.544911590149070
     -285.526711887513159
     -285.510166734817233
     -285.495255536028822
     -285.481905401100619
     -285.470015012339559
     -285.459469344039348
     -285.450148850966116
     -285.441935209230905
     -285.434714846210511
     -285.443426503061801
     -285.581651274767694
     -285.642309258604485
     -285.661799966525393
     -285.657864979216299
     -285.643282840532947
     -285.623412059969212
     -285.601572244100453
     -285.579589135093613
     -285.558448063318735
     -285.538656221723954
     -285.520445758853214
     -285.503889364304086
     -285.488967299489559
     -285.475607108409633
     -285.463707656971451
     -285.453153959474150
     -285.443826432357412
     -285.435606674314215
     -285.428381019282995
     -285.422042628302563
     -285.436146758569009
     -285.575120674674167
     -285.636236704552346
     -285.656072871079914
     -285.652228456445187
     -285.637736634339490
     -285.617913054278176
     -285.596094577632130
     -285.574117699445424
     -285.552974388157111
     -285.533175882085629
     -285.514956750689407
     -285.498391094129772
     -285.483459962099403
     -285.470091308683436
     -285.458184184301047
     -285.447623656883025
     -285.438290123771253
     -285.430065127045737
     -285.422834927424560
     -285.416492608178260
     -285.410939200438520
     -285.429759979382254
     -285.569391715112829
     -285.630911317132359
     -285.651053490621109
     -285.647289867899190
     -285.632879240301236
     -285.613098772720832
     -285.591300449427422
     -285.569330215455295
     -285.548185892983497
     -285.528382303463843
     -285.510156173276130
     -285.493582869701640
     -285.478644159368855
     -285.465268377228824
     -285.453354752755899
     -285.442788414721122
     -285.433449754658284
     -285.425220273601383
     -285.417986174781959
     -285.411640478504978
     -285.406084153602933
     -285.401226591060890
     -285.424167304235311
     -285.564375360834731
     -285.626249553476953
     -285.646661810428327
     -285.642969913001423
     -285.628631834404644
     -285.608890387594045
     -285.587110784456058
     -285.565147254746250
     -285.544002767369932
     -285.524195305784474
     -285.505963509093988
     -285.489383875851388
     -285.474438819183717
     -285.461057023177659
     -285.449137886877281
     -285.438566602620654
     -285.429223565054826
     -285.420990245750886
     -285.413752802691420
     -285.407404205028115
     -285.401845370148351
     -285.396985640308799
     -285.392742820372746
     -285.395795735493436
     -285.538925165333126
     -285.602610563419375
     -285.624418868584883
     -285.621103378370037
     -285.607152335310616
     -285.587625781429324
     -285.565955674099882
     -285.544038301949911
     -285.522902960141096
     -285.503083961864832
     -285.484829948465688
     -285.468223435635537
     -285.453250360403615
     -285.439841384810734
     -285.427896939071786
     -285.417302676976135
     -285.407939120619403
     -285.399687681059959
     -285.392434357181969
     -285.386071914205672
     -285.380501052262332
     -285.375630900772933
     -285.371379065517829
     -285.349971469725062
     -285.388916662228496
     -285.532750398818450
     -285.596875706405115
     -285.619026962805151
     -285.615805260178888
     -285.601952106071280
     -285.582481432189240
     -285.560841212664229
     -285.538937888445503
     -285.517807155506716
     -285.497987333389744
     -285.479729545967473
     -285.463117825448137
     -285.448139016132302
     -285.434724305759289
     -285.422774413542470
     -285.412175137407303
     -285.402807056649067
     -285.394551588882223
     -285.387294711431935
     -285.380929153650470
     -285.375355573798174
     -285.370483058278353
     -285.366229171426198
     -285.344811512804199
     -285.339649225828907
     -285.387296768962415
     -285.531295534702224
     -285.595524092882442
     -285.617756049041475
     -285.614556485177843
     -285.600726513804148
     -285.581269152661491
     -285.559636124718111
     -285.537736250303112
     -285.516606727968167
     -285.496786819630927
     -285.478528234595558
     -285.461915363889830
     -285.446935267457491
     -285.433519258811543
     -285.421568127034789
     -285.410967705583687
     -285.401598588576121
     -285.393342196300409
     -285.386084501937546
     -285.379718227156786
     -285.374144020979429
     -285.369270960183314
     -285.365016599752551
     -285.343596613530167
     -285.338433786489702
     -285.337218221913417
R^2 = 0.5831730528893786
