 Trust region warning: step length has converged, but residual has not met accur
 acy goal
 Final residual =   6.013318075562553E-009
 Trust region warning: step length has converged, but residual has not met accur
 acy goal
 Final residual =   5.324032640684864E-009
 Trust region warning: step length has converged, but residual has not met accur
 acy goal
 Final residual =   1.618560322227139E-008
 Trust region warning: step length has converged, but residual has not met accur
 acy goal
 Final residual =   6.258300512111914E-009
 Trust region warning: step length has converged, but residual has not met accur
 acy goal
 Final residual =   1.521430854958302E-008
 Trust region warning: step length has converged, but residual has not met accur
 acy goal
 Final residual =   1.504258204571121E-008
 Trust region warning: step length has converged, but residual has not met accur
 acy goal
 Final residual =   1.867914476531825E-008
 Trust region warning: step length has converged, but residual has not met accur
 acy goal
 Final residual =   3.678344174504809E-009
 Trust region warning: step length has converged, but residual has not met accur
 acy goal
 Final residual =   6.616814793823425E-009
 Trust region warning: step length has converged, but residual has not met accur
 acy goal
 Final residual =   1.816340887720987E-008
 Trust region warning: step length has converged, but residual has not met accur
 acy goal
 Final residual =   1.570618841628439E-008
 Trust region warning: step length has converged, but residual has not met accur
 acy goal
 Final residual =   3.249728672261093E-011
 Trust region warning: step length has converged, but residual has not met accur
 acy goal
 Final residual =   8.708012484772732E-009
 Trust region warning: step length has converged, but residual has not met accur
 acy goal
 Final residual =   7.051326819822812E-009
 Trust region warning: step length has converged, but residual has not met accur
 acy goal
 Final residual =   5.848300114072941E-009
 Trust region warning: step length has converged, but residual has not met accur
 acy goal
 Final residual =   9.995071306162205E-009
 Trust region warning: step length has converged, but residual has not met accur
 acy goal
 Final residual =   1.017729660000248E-008
 Trust region warning: step length has converged, but residual has not met accur
 acy goal
 Final residual =   1.743024636458396E-008
 Trust region warning: step length has converged, but residual has not met accur
 acy goal
 Final residual =   1.258164868142984E-009
Critics: a critical geometry searcher
Yifan Shen 2021

Echo of user command line input:
/home/yshen/Software/Mine/diabatz/tools/critics/v1/critics.exe -j min -f default -i opt.IntCoordDef -t 1 -d default IntCoordDef SAS.in pretrain-Hd.in pretrain-Hd.net pretrain-11.in pretrain-12.in pretrain-13.in pretrain-14.in pretrain-22.in pretrain-23.in pretrain-24.in pretrain-33.in pretrain-34.in pretrain-44.in default IntCoordDef SAS.in Hd.in Hd.net 11.in 12.in 13.in 14.in 22.in 23.in 24.in 33.in 34.in 44.in -x asym.xyz -c 22 24 26 27 28 29 30 31 32 33 34 35 36 -o min.xyz

Tue Dec  6 12:04:04 2022

Job type: min
The target electronic state is 1

Tue Dec  6 12:06:28 2022
Mission success
