 Trust region warning: step length has converged, but residual has not met accur
 acy goal
 Final residual =   8.655942629946288E-011
 Trust region warning: step length has converged, but residual has not met accur
 acy goal
 Final residual =   6.193664464129480E-011
 Trust region warning: step length has converged, but residual has not met accur
 acy goal
 Final residual =   1.057674311304048E-010
 Trust region warning: step length has converged, but residual has not met accur
 acy goal
 Final residual =   7.516661661743290E-011
 Trust region warning: step length has converged, but residual has not met accur
 acy goal
 Final residual =   1.106265692867232E-010
 Trust region warning: step length has converged, but residual has not met accur
 acy goal
 Final residual =   1.141366899624264E-010
 Trust region warning: step length has converged, but residual has not met accur
 acy goal
 Final residual =   9.972117129938696E-011
 Trust region warning: step length has converged, but residual has not met accur
 acy goal
 Final residual =   1.232323014817830E-010
 Trust region warning: step length has converged, but residual has not met accur
 acy goal
 Final residual =   1.955082281680159E-010
 Trust region warning: step length has converged, but residual has not met accur
 acy goal
 Final residual =   7.874403526501901E-011
 Trust region warning: step length has converged, but residual has not met accur
 acy goal
 Final residual =   1.209751005141636E-010
 Trust region warning: step length has converged, but residual has not met accur
 acy goal
 Final residual =   1.132968340465066E-010
 Trust region warning: step length has converged, but residual has not met accur
 acy goal
 Final residual =   1.118011141353542E-010
 Trust region warning: step length has converged, but residual has not met accur
 acy goal
 Final residual =   2.052845081039635E-010
 Trust region warning: step length has converged, but residual has not met accur
 acy goal
 Final residual =   1.094000739739310E-010
 Trust region warning: step length has converged, but residual has not met accur
 acy goal
 Final residual =   1.401716699291417E-010
 Trust region warning: step length has converged, but residual has not met accur
 acy goal
 Final residual =   1.460840156844121E-010
 Trust region warning: step length has converged, but residual has not met accur
 acy goal
 Final residual =   1.311051871276547E-010
 Trust region warning: step length has converged, but residual has not met accur
 acy goal
 Final residual =   8.355413840272377E-011
 Trust region warning: step length has converged, but residual has not met accur
 acy goal
 Final residual =   1.263268730876466E-010
 Trust region warning: step length has converged, but residual has not met accur
 acy goal
 Final residual =   9.956007859513869E-011
 Trust region warning: step length has converged, but residual has not met accur
 acy goal
 Final residual =   6.657449379026757E-011
 Trust region warning: step length has converged, but residual has not met accur
 acy goal
 Final residual =   1.662851098109860E-010
 Trust region warning: step length has converged, but residual has not met accur
 acy goal
 Final residual =   1.065723477892789E-010
 Trust region warning: step length has converged, but residual has not met accur
 acy goal
 Final residual =   1.496397237075284E-010
 Trust region warning: step length has converged, but residual has not met accur
 acy goal
 Final residual =   7.049501651693778E-011
 Trust region warning: step length has converged, but residual has not met accur
 acy goal
 Final residual =   1.023699158327373E-010
 Trust region warning: step length has converged, but residual has not met accur
 acy goal
 Final residual =   9.842700693253542E-011
 Trust region warning: step length has converged, but residual has not met accur
 acy goal
 Final residual =   1.078792214665268E-010
 Trust region warning: step length has converged, but residual has not met accur
 acy goal
 Final residual =   1.509170617714972E-010
 Trust region warning: step length has converged, but residual has not met accur
 acy goal
 Final residual =   1.559646572814769E-010
 Trust region warning: step length has converged, but residual has not met accur
 acy goal
 Final residual =   9.590308843129530E-011
 Trust region warning: step length has converged, but residual has not met accur
 acy goal
 Final residual =   1.294345186070861E-010
 Trust region warning: step length has converged, but residual has not met accur
 acy goal
 Final residual =   1.543467754673321E-010
 Trust region warning: step length has converged, but residual has not met accur
 acy goal
 Final residual =   1.581818241232807E-010
 Trust region warning: step length has converged, but residual has not met accur
 acy goal
 Final residual =   2.429707780817367E-010
 Trust region warning: step length has converged, but residual has not met accur
 acy goal
 Final residual =   2.441919660881488E-010
 Trust region warning: step length has converged, but residual has not met accur
 acy goal
 Final residual =   1.540460984110525E-010
 Trust region warning: step length has converged, but residual has not met accur
 acy goal
 Final residual =   9.934669305051168E-011
 Trust region warning: step length has converged, but residual has not met accur
 acy goal
 Final residual =   1.144378623777751E-010
 Trust region warning: step length has converged, but residual has not met accur
 acy goal
 Final residual =   1.704971071877570E-010
 Trust region warning: step length has converged, but residual has not met accur
 acy goal
 Final residual =   1.882422978824246E-010
 Trust region warning: step length has converged, but residual has not met accur
 acy goal
 Final residual =   1.076614924807234E-010
 Trust region warning: step length has converged, but residual has not met accur
 acy goal
 Final residual =   1.294656785814148E-010
 Trust region warning: step length has converged, but residual has not met accur
 acy goal
 Final residual =   1.052148352254491E-010
 Trust region warning: step length has converged, but residual has not met accur
 acy goal
 Final residual =   1.187426341276756E-010
 Trust region warning: step length has converged, but residual has not met accur
 acy goal
 Final residual =   1.126666016372892E-010
 Trust region warning: step length has converged, but residual has not met accur
 acy goal
 Final residual =   1.370210544965004E-010
 Trust region warning: step length has converged, but residual has not met accur
 acy goal
 Final residual =   1.365143274157457E-010
 Trust region warning: step length has converged, but residual has not met accur
 acy goal
 Final residual =   1.267103517589568E-010
 Trust region warning: step length has converged, but residual has not met accur
 acy goal
 Final residual =   1.381543966271358E-010
 Trust region warning: step length has converged, but residual has not met accur
 acy goal
 Final residual =   4.575007363709596E-011
 Trust region warning: step length has converged, but residual has not met accur
 acy goal
 Final residual =   1.177174000433585E-010
 Trust region warning: step length has converged, but residual has not met accur
 acy goal
 Final residual =   8.849572690383238E-011
 Trust region warning: step length has converged, but residual has not met accur
 acy goal
 Final residual =   1.106997048475845E-010
 Trust region warning: step length has converged, but residual has not met accur
 acy goal
 Final residual =   9.614949851460629E-011
 Trust region warning: step length has converged, but residual has not met accur
 acy goal
 Final residual =   1.044092815369732E-010
 Trust region warning: step length has converged, but residual has not met accur
 acy goal
 Final residual =   7.870788631834969E-011
 Trust region warning: step length has converged, but residual has not met accur
 acy goal
 Final residual =   1.128889386763994E-010
 Trust region warning: step length has converged, but residual has not met accur
 acy goal
 Final residual =   1.155487718659898E-010
 Trust region warning: step length has converged, but residual has not met accur
 acy goal
 Final residual =   1.448612760535225E-010
 Trust region warning: step length has converged, but residual has not met accur
 acy goal
 Final residual =   1.403347080479678E-010
 Trust region warning: step length has converged, but residual has not met accur
 acy goal
 Final residual =   1.730014960494572E-010
 Trust region warning: step length has converged, but residual has not met accur
 acy goal
 Final residual =   1.128641117033280E-010
 Trust region warning: step length has converged, but residual has not met accur
 acy goal
 Final residual =   1.027348777046903E-010
 Trust region warning: step length has converged, but residual has not met accur
 acy goal
 Final residual =   1.051538526144511E-010
 Trust region warning: step length has converged, but residual has not met accur
 acy goal
 Final residual =   1.476421895502619E-010
 Trust region warning: step length has converged, but residual has not met accur
 acy goal
 Final residual =   1.321433362983082E-010
 Trust region warning: step length has converged, but residual has not met accur
 acy goal
 Final residual =   1.120701605177551E-010
 Trust region warning: step length has converged, but residual has not met accur
 acy goal
 Final residual =   1.555542453817420E-010
 Trust region warning: step length has converged, but residual has not met accur
 acy goal
 Final residual =   7.769379429551447E-011
 Trust region warning: step length has converged, but residual has not met accur
 acy goal
 Final residual =   3.248072812988479E-011
 Trust region warning: step length has converged, but residual has not met accur
 acy goal
 Final residual =   1.778102139797325E-010
 Trust region warning: step length has converged, but residual has not met accur
 acy goal
 Final residual =   1.778102139797325E-010
 Trust region warning: step length has converged, but residual has not met accur
 acy goal
 Final residual =   4.381824251071254E-011
 Trust region warning: step length has converged, but residual has not met accur
 acy goal
 Final residual =   9.117467703287946E-011
 Trust region warning: step length has converged, but residual has not met accur
 acy goal
 Final residual =   7.221763101699105E-011
 Trust region warning: step length has converged, but residual has not met accur
 acy goal
 Final residual =   5.644906560316004E-011
 Trust region warning: step length has converged, but residual has not met accur
 acy goal
 Final residual =   1.223070213896255E-010
 Trust region warning: step length has converged, but residual has not met accur
 acy goal
 Final residual =   1.843233810607184E-010
 Trust region warning: step length has converged, but residual has not met accur
 acy goal
 Final residual =   1.400693185175731E-010
 Trust region warning: step length has converged, but residual has not met accur
 acy goal
 Final residual =   1.206492142837564E-010
 Trust region warning: step length has converged, but residual has not met accur
 acy goal
 Final residual =   8.983666774908891E-011
 Trust region warning: step length has converged, but residual has not met accur
 acy goal
 Final residual =   1.405688262175776E-010
 Trust region warning: step length has converged, but residual has not met accur
 acy goal
 Final residual =   5.349872716248888E-011
 Trust region warning: step length has converged, but residual has not met accur
 acy goal
 Final residual =   1.068826763170031E-010
 Trust region warning: step length has converged, but residual has not met accur
 acy goal
 Final residual =   4.767371358445574E-011
 Trust region warning: step length has converged, but residual has not met accur
 acy goal
 Final residual =   1.565239741233152E-010
 Trust region warning: step length has converged, but residual has not met accur
 acy goal
 Final residual =   7.441306571350929E-011
 Trust region warning: step length has converged, but residual has not met accur
 acy goal
 Final residual =   2.754202982690281E-010
 Trust region warning: step length has converged, but residual has not met accur
 acy goal
 Final residual =   1.477891489031957E-010
 Trust region warning: step length has converged, but residual has not met accur
 acy goal
 Final residual =   1.054631480430800E-010
 Trust region warning: step length has converged, but residual has not met accur
 acy goal
 Final residual =   1.745513172639172E-010
 Trust region warning: step length has converged, but residual has not met accur
 acy goal
 Final residual =   8.702283154815463E-011
 Trust region warning: step length has converged, but residual has not met accur
 acy goal
 Final residual =   6.991920844093563E-011
 Trust region warning: step length has converged, but residual has not met accur
 acy goal
 Final residual =   7.747838707413656E-011
 Trust region warning: step length has converged, but residual has not met accur
 acy goal
 Final residual =   1.538264231161168E-010
 Trust region warning: step length has converged, but residual has not met accur
 acy goal
 Final residual =   1.187229930407704E-010
 Trust region warning: step length has converged, but residual has not met accur
 acy goal
 Final residual =   1.414608029992030E-010
 Trust region warning: step length has converged, but residual has not met accur
 acy goal
 Final residual =   1.232272247206953E-010
 Trust region warning: step length has converged, but residual has not met accur
 acy goal
 Final residual =   8.649598764351589E-011
 Trust region warning: step length has converged, but residual has not met accur
 acy goal
 Final residual =   1.900863657931683E-010
 Trust region warning: step length has converged, but residual has not met accur
 acy goal
 Final residual =   1.359978349409514E-010
 Trust region warning: step length has converged, but residual has not met accur
 acy goal
 Final residual =   1.206250195545655E-010
 Trust region warning: step length has converged, but residual has not met accur
 acy goal
 Final residual =   9.264088860560066E-011
 Trust region warning: step length has converged, but residual has not met accur
 acy goal
 Final residual =   2.135112204182738E-010
 Trust region warning: step length has converged, but residual has not met accur
 acy goal
 Final residual =   1.029098037947313E-010
 Trust region warning: step length has converged, but residual has not met accur
 acy goal
 Final residual =   1.287256572524960E-010
 Trust region warning: step length has converged, but residual has not met accur
 acy goal
 Final residual =   3.629536688411809E-011
 Trust region warning: step length has converged, but residual has not met accur
 acy goal
 Final residual =   2.682455487010681E-011
 Trust region warning: step length has converged, but residual has not met accur
 acy goal
 Final residual =   1.336905856759877E-010
 Trust region warning: step length has converged, but residual has not met accur
 acy goal
 Final residual =   1.272963156809997E-010
 Trust region warning: step length has converged, but residual has not met accur
 acy goal
 Final residual =   5.703006548232779E-011
 Trust region warning: step length has converged, but residual has not met accur
 acy goal
 Final residual =   1.008010600305419E-010
 Trust region warning: step length has converged, but residual has not met accur
 acy goal
 Final residual =   7.276733318934282E-011
 Trust region warning: step length has converged, but residual has not met accur
 acy goal
 Final residual =   1.080442533533154E-010
 Trust region warning: step length has converged, but residual has not met accur
 acy goal
 Final residual =   2.317370708033200E-010
 Trust region warning: step length has converged, but residual has not met accur
 acy goal
 Final residual =   7.995111522460506E-011
 Trust region warning: step length has converged, but residual has not met accur
 acy goal
 Final residual =   8.210094665154455E-011
 Trust region warning: step length has converged, but residual has not met accur
 acy goal
 Final residual =   2.041132019944956E-010
 Trust region warning: step length has converged, but residual has not met accur
 acy goal
 Final residual =   1.545415508564041E-010
 Trust region warning: step length has converged, but residual has not met accur
 acy goal
 Final residual =   1.936252331296679E-010
 Trust region warning: step length has converged, but residual has not met accur
 acy goal
 Final residual =   1.340212518722343E-010
 Trust region warning: step length has converged, but residual has not met accur
 acy goal
 Final residual =   2.036962217966199E-010
 Trust region warning: step length has converged, but residual has not met accur
 acy goal
 Final residual =   1.091959824963010E-010
 Trust region warning: step length has converged, but residual has not met accur
 acy goal
 Final residual =   3.171582914856634E-010
 Trust region warning: step length has converged, but residual has not met accur
 acy goal
 Final residual =   2.069352232756839E-010
 Trust region warning: step length has converged, but residual has not met accur
 acy goal
 Final residual =   6.630906301046764E-011
 Trust region warning: step length has converged, but residual has not met accur
 acy goal
 Final residual =   1.732122838783504E-010
 Trust region warning: step length has converged, but residual has not met accur
 acy goal
 Final residual =   1.095948215931007E-010
 Trust region warning: step length has converged, but residual has not met accur
 acy goal
 Final residual =   8.881948538688848E-011
 Trust region warning: step length has converged, but residual has not met accur
 acy goal
 Final residual =   1.998198269848814E-010
 Trust region warning: step length has converged, but residual has not met accur
 acy goal
 Final residual =   1.621053507863286E-010
 Trust region warning: step length has converged, but residual has not met accur
 acy goal
 Final residual =   1.303545683212027E-010
 Trust region warning: step length has converged, but residual has not met accur
 acy goal
 Final residual =   1.530748918990548E-010
 Trust region warning: step length has converged, but residual has not met accur
 acy goal
 Final residual =   1.530748918990548E-010
Critics: a critical geometry searcher
Yifan Shen 2021

Echo of user command line input:
/home/yshen/Software/Mine/diabatz/tools/critics/v1/critics.exe -j min -f default -i opt.IntCoordDef -t 1 -d default IntCoordDef SAS.in pretrain-Hd.in pretrain-Hd.net pretrain-11.in pretrain-12.in pretrain-13.in pretrain-14.in pretrain-22.in pretrain-23.in pretrain-24.in pretrain-33.in pretrain-34.in pretrain-44.in default IntCoordDef SAS.in Hd.in Hd.net 11.in 12.in 13.in 14.in 22.in 23.in 24.in 33.in 34.in 44.in -x A1rot-sad.xyz -c 25 26 27 28 29 30 31 32 33 34 35 36 -o sad.xyz -a

Thu Dec  8 20:57:18 2022

Job type: min
The target electronic state is 1

Thu Dec  8 21:01:55 2022
Mission success
