 Trust region warning: step length has converged, but residual has not met accur
 acy goal
 Final residual =   1.984998441752508E-009
 Trust region warning: step length has converged, but residual has not met accur
 acy goal
 Final residual =   1.984998441752508E-009
 Trust region warning: step length has converged, but residual has not met accur
 acy goal
 Final residual =   3.233705975960251E-009
 Trust region warning: step length has converged, but residual has not met accur
 acy goal
 Final residual =   3.233705975960251E-009
 Trust region warning: step length has converged, but residual has not met accur
 acy goal
 Final residual =   1.196505712462704E-009
 Trust region warning: step length has converged, but residual has not met accur
 acy goal
 Final residual =   1.196505712462704E-009
 Trust region warning: step length has converged, but residual has not met accur
 acy goal
 Final residual =   1.196505712462704E-009
Critics: a critical geometry searcher
Yifan Shen 2021

Echo of user command line input:
/home/yshen/Software/Mine/diabatz/tools/critics/v1/critics.exe -j sad -f default -i opt.IntCoordDef -t 3 -d default IntCoordDef SAS.in pretrain-Hd.in pretrain-Hd.net pretrain-11.in pretrain-12.in pretrain-13.in pretrain-14.in pretrain-22.in pretrain-23.in pretrain-24.in pretrain-33.in pretrain-34.in pretrain-44.in default IntCoordDef SAS.in Hd.in Hd.net 11.in 12.in 13.in 14.in 22.in 23.in 24.in 33.in 34.in 44.in -x min-1.43.xyz -c 26 27 28 29 30 31 32 33 34 35 36

Thu May 26 11:17:18 2022

Job type: sad
The target electronic state is 3

Thu May 26 11:20:01 2022
Mission success
