Diabatz version 1.3.0
Yifan Shen 2021

Echo of user command line input:
/home/yshen57/Software/Mine/diabatz/v1.3.0/diabatz.exe --pretrained default pretrain-IntCoordDef pretrain-SAS.in pretrain-Hd.in pretrain-Hd.net pretrain-11.in pretrain-12.in pretrain-13.in pretrain-14.in pretrain-22.in pretrain-23.in pretrain-24.in pretrain-33.in pretrain-34.in pretrain-44.in -f default -i IntCoordDef -s SAS.in -n Hd.in -l 11.in 12.in 13.in 14.in 22.in 23.in 24.in 33.in 34.in 44.in -d data/critical/no-deg_list.txt data/linear-path/min-B1_min-B2/ data/NH2-rotation-A1/list.txt data/NH2-rotation-B1/list.txt data/other/NH2-angles/list.txt data/other/benzene/list.txt data/other/in-benzene/list.txt data/other/out-of-benzene/list.txt data/fast/list.txt data/other/fast_bound_N-H/list.txt data/slow/list.txt data/other/slow_bound_N-H/list.txt data/linear-path/fast-slow/list.txt data/linear-path/min-B1_stretch/list.txt data/linear-path/min-A1_stretch/list.txt data/linear-path/A1rot-sad_stretch/list.txt data/artifact/asymptote/ --energy_data data/artifact/fast-B2/ data/artifact/min-B1_stretch/ data/artifact/min-A1_stretch/ data/artifact/B1rot-sad_stretch/ data/artifact/A1rot-sad_stretch/ data/artifact/asymptote_C-N-H/ data/artifact/asymptote-B2/ -z -286.1075216397 --deg_thresh 0.005 -r reg-init/reg

Sun Dec 11 00:31:14 2022

The data set will be read from: 
    data/critical/min-A1/, data/critical/sad-A1/, data/critical/min-B1/, 
    data/critical/sad-B1/, data/critical/min-B2/, data/critical/sad-B2/, data/critical/min-A2/, 
    data/critical/sad-A2/, data/linear-path/min-B1_min-B2/, data/NH2-rotation-A1/0.1/, 
    data/NH2-rotation-A1/0.2/, data/NH2-rotation-A1/0.3/, data/NH2-rotation-A1/0.4/, 
    data/NH2-rotation-A1/0.5/, data/NH2-rotation-A1/0.6/, data/NH2-rotation-A1/0.7/, 
    data/NH2-rotation-A1/0.8/, data/NH2-rotation-A1/0.9/, data/NH2-rotation-A1/1.0/, 
    data/NH2-rotation-A1/1.1/, data/NH2-rotation-A1/1.2/, data/NH2-rotation-A1/1.3/, 
    data/NH2-rotation-A1/1.4/, data/NH2-rotation-A1/1.5/, data/NH2-rotation-A1/1.6/, 
    data/NH2-rotation-A1/1.7/, data/NH2-rotation-A1/1.8/, data/NH2-rotation-A1/1.9/, 
    data/NH2-rotation-A1/2.0/, data/NH2-rotation-A1/2.1/, data/NH2-rotation-A1/2.2/, 
    data/NH2-rotation-B1/0.1/, data/NH2-rotation-B1/0.2/, data/NH2-rotation-B1/0.3/, 
    data/NH2-rotation-B1/0.4/, data/NH2-rotation-B1/0.5/, data/NH2-rotation-B1/0.6/, 
    data/NH2-rotation-B1/0.7/, data/NH2-rotation-B1/0.8/, data/NH2-rotation-B1/0.9/, 
    data/NH2-rotation-B1/1.0/, data/NH2-rotation-B1/1.1/, data/NH2-rotation-B1/1.2/, 
    data/NH2-rotation-B1/1.3/, data/NH2-rotation-B1/1.4/, data/NH2-rotation-B1/1.5/, 
    data/NH2-rotation-B1/1.6/, data/NH2-rotation-B1/1.7/, data/NH2-rotation-B1/1.8/, 
    data/NH2-rotation-B1/1.9/, data/NH2-rotation-B1/2.0/, data/NH2-rotation-B1/2.1/, 
    data/NH2-rotation-B1/2.2/, data/other/NH2-angles/H-N-H_from_min-B1/0-18_4-states/, 
    data/other/NH2-angles/H-N-H_from_min-B1/19_3-states/, data/other/NH2-angles/H-N-H_from_min-A1/, 
    data/other/NH2-angles/C-N-avgH_from_min-B1/0-11_4-states/, data/other/NH2-angles/C-N-avgH_from_min-B1/12-13_5to4-states/, 
    data/other/NH2-angles/C-out-of-NH2/0-9_4-states/, data/other/NH2-angles/C-out-of-NH2/10-14_5to4-states/, 
    data/other/benzene/A1-9/0-13_4-states/, data/other/benzene/A1-9/14-19_4-states/, data/other/benzene/A1-10/, 
    data/other/benzene/B1-14/0-5_4-states/, data/other/benzene/B1-14/6-9_4-states/, data/other/benzene/B1-15/, 
    data/other/benzene/B2-27/, data/other/benzene/A2-33/, data/other/in-benzene/A1-11/, 
    data/other/in-benzene/A1-12/, data/other/in-benzene/B2-28/, data/other/in-benzene/B2-29/, 
    data/other/in-benzene/B2-30/, data/other/out-of-benzene/B1-16_H/0-5_4-states/, 
    data/other/out-of-benzene/B1-16_H/6-10_4-states/, data/other/out-of-benzene/B1-17_H/0-9_4-states/, 
    data/other/out-of-benzene/B1-17_H/10-12_4-states/, data/other/out-of-benzene/B1-18_H/, 
    data/other/out-of-benzene/B1-19_N/0-2_4-states/, data/other/out-of-benzene/B1-19_N/3-4_4-states/, 
    data/other/out-of-benzene/A2-34_H/0-6_4-states/, data/other/out-of-benzene/A2-34_H/7_3-states/, 
    data/other/out-of-benzene/A2-34_H/8-10_4-states/, data/other/out-of-benzene/A2-35_H/0-2_4-states/, 
    data/other/out-of-benzene/A2-35_H/3-7_3-states/, data/fast/0.7/, data/fast/0.8/, data/fast/0.9/, data/fast/1.1/, 
    data/fast/1.2/, data/fast/1.4/, data/fast/1.5/, data/fast/1.6/, data/fast/1.7/, 
    data/fast/1.9/, data/fast/2.0/, data/fast/2.1/, data/fast/2.2/, data/fast/2.3/, 
    data/fast/2.4/, data/fast/2.5/, data/fast/2.6/, data/fast/2.7/, data/fast/2.8/, 
    data/fast/2.9/, data/fast/3/, data/fast/4/, data/fast/5/, data/fast/6/, 
    data/fast/6_partial-loop/, data/other/fast_bound_N-H/1.1/0.8-0.9-1.1-1.2_4-states/, 
    data/other/fast_bound_N-H/1.1/1.3_3-states/, data/other/fast_bound_N-H/1.2/0.8-0.9-1.1-1.2_4-states/, 
    data/other/fast_bound_N-H/1.2/1.3_3-states/, data/other/fast_bound_N-H/1.3/0.8-0.9-1.1_3-states/, 
    data/other/fast_bound_N-H/1.3/1.2_4-states/, data/other/fast_bound_N-H/1.3/1.3_3-states/, 
    data/other/fast_bound_N-H/1.4/0.8-0.9-1.1-1.2-1.3_4-states/, data/other/fast_bound_N-H/1.4/1.4_2-states/, 
    data/other/fast_bound_N-H/1.5/0.8-0.9-1.1-1.2-1.3_4-states/, data/other/fast_bound_N-H/1.5/1.4-1.5_2-states/, data/slow/0.7/, 
    data/slow/0.8/, data/slow/0.9/, data/slow/1.1/, data/slow/1.2/, data/slow/1.3/, 
    data/slow/1.4/, data/slow/1.5/, data/slow/1.6/, data/slow/1.7/, data/slow/1.79/, 
    data/other/slow_bound_N-H/1.1/, data/other/slow_bound_N-H/1.2/, data/other/slow_bound_N-H/1.3/, 
    data/other/slow_bound_N-H/1.4/, data/other/slow_bound_N-H/1.5/, data/linear-path/fast-slow/1.1/, 
    data/linear-path/fast-slow/1.2/, data/linear-path/fast-slow/1.3/, data/linear-path/fast-slow/1.4/, 
    data/linear-path/fast-slow/1.5/, data/linear-path/fast-slow/1.6/, data/linear-path/fast-slow/1.7/, 
    data/linear-path/min-B1_stretch/0.7-0.8/, data/linear-path/min-B1_stretch/0.7-0.9/, 
    data/linear-path/min-B1_stretch/0.7-1.0/, data/linear-path/min-B1_stretch/0.8-0.8/, 
    data/linear-path/min-B1_stretch/0.8-0.9/, data/linear-path/min-B1_stretch/0.8-1.0/, 
    data/linear-path/min-B1_stretch/0.9-0.9/, data/linear-path/min-B1_stretch/0.9-1.0/, 
    data/linear-path/min-B1_stretch/1.1-1.0/, data/linear-path/min-B1_stretch/1.1-1.1/, 
    data/linear-path/min-B1_stretch/1.2-1.0/, data/linear-path/min-B1_stretch/1.2-1.1/, 
    data/linear-path/min-B1_stretch/1.2-1.2/, data/linear-path/min-B1_stretch/1.3-1.0/, 
    data/linear-path/min-B1_stretch/1.3-1.1/, data/linear-path/min-B1_stretch/1.3-1.2/, 
    data/linear-path/min-B1_stretch/1.3-1.3/, data/linear-path/min-B1_stretch/1.4-1.0/, 
    data/linear-path/min-B1_stretch/1.4-1.1/, data/linear-path/min-B1_stretch/1.4-1.2/, 
    data/linear-path/min-B1_stretch/1.4-1.3/, data/linear-path/min-B1_stretch/1.4-1.4/, 
    data/linear-path/min-B1_stretch/1.5-1.0/, data/linear-path/min-B1_stretch/1.5-1.1/, 
    data/linear-path/min-B1_stretch/1.5-1.2/, data/linear-path/min-B1_stretch/1.5-1.3/, 
    data/linear-path/min-B1_stretch/1.5-1.4/, data/linear-path/min-B1_stretch/1.6-1.0/, 
    data/linear-path/min-B1_stretch/1.6-1.1/, data/linear-path/min-B1_stretch/1.6-1.2/, 
    data/linear-path/min-B1_stretch/1.6-1.3/, data/linear-path/min-B1_stretch/1.6-1.4/, 
    data/linear-path/min-B1_stretch/1.6-1.5/, data/linear-path/min-B1_stretch/1.6-1.6/, 
    data/linear-path/min-B1_stretch/1.7-1.0/, data/linear-path/min-B1_stretch/1.7-1.1/, 
    data/linear-path/min-B1_stretch/1.7-1.2/, data/linear-path/min-B1_stretch/1.7-1.3/, 
    data/linear-path/min-B1_stretch/1.7-1.4/, data/linear-path/min-B1_stretch/1.7-1.5/, 
    data/linear-path/min-B1_stretch/1.8-1.0/, data/linear-path/min-B1_stretch/1.8-1.1/, 
    data/linear-path/min-B1_stretch/1.8-1.2/, data/linear-path/min-B1_stretch/1.9-1.0/, 
    data/linear-path/min-B1_stretch/1.9-1.1/, data/linear-path/min-B1_stretch/2.0-1.0/, 
    data/linear-path/min-B1_stretch/2.1-1.0/, data/linear-path/min-B1_stretch/2.2-1.0/, 
    data/linear-path/min-B1_stretch/2.3-1.0/, data/linear-path/min-B1_stretch/2.4-1.0/, 
    data/linear-path/min-B1_stretch/2.5-1.0/, data/linear-path/min-B1_stretch/2.6-1.0/, 
    data/linear-path/min-B1_stretch/2.7-1.0/, data/linear-path/min-B1_stretch/2.8-1.0/, 
    data/linear-path/min-B1_stretch/2.9-1.0/, data/linear-path/min-B1_stretch/3-1.0/, 
    data/linear-path/min-B1_stretch/4-1.0/, data/linear-path/min-B1_stretch/5-1.0/, 
    data/linear-path/min-B1_stretch/6-1.0/, data/linear-path/min-A1_stretch/1.1-1.0/, 
    data/linear-path/min-A1_stretch/1.1-1.1/, data/linear-path/min-A1_stretch/1.2-1.0/, 
    data/linear-path/min-A1_stretch/1.2-1.1/, data/linear-path/min-A1_stretch/1.2-1.2/, 
    data/linear-path/min-A1_stretch/1.3-1.0/, data/linear-path/min-A1_stretch/1.3-1.1/, 
    data/linear-path/min-A1_stretch/1.3-1.2/, data/linear-path/min-A1_stretch/1.3-1.3/, 
    data/linear-path/min-A1_stretch/1.4-1.0/, data/linear-path/min-A1_stretch/1.4-1.1/, 
    data/linear-path/min-A1_stretch/1.4-1.2/, data/linear-path/min-A1_stretch/1.4-1.3/, 
    data/linear-path/min-A1_stretch/1.5-1.0/, data/linear-path/min-A1_stretch/1.5-1.1/, 
    data/linear-path/min-A1_stretch/1.5-1.2/, data/linear-path/A1rot-sad_stretch/1.1-1.0/, 
    data/linear-path/A1rot-sad_stretch/1.1-1.1/, data/linear-path/A1rot-sad_stretch/1.2-1.0/, 
    data/linear-path/A1rot-sad_stretch/1.2-1.1/, data/linear-path/A1rot-sad_stretch/1.2-1.2/, 
    data/linear-path/A1rot-sad_stretch/1.3-1.0/, data/linear-path/A1rot-sad_stretch/1.3-1.1/, 
    data/linear-path/A1rot-sad_stretch/1.3-1.2/, data/linear-path/A1rot-sad_stretch/1.3-1.3/, 
    data/linear-path/A1rot-sad_stretch/1.4-1.0/, data/linear-path/A1rot-sad_stretch/1.4-1.1/, 
    data/linear-path/A1rot-sad_stretch/1.4-1.2/, data/linear-path/A1rot-sad_stretch/1.4-1.3/, 
    data/linear-path/A1rot-sad_stretch/1.4-1.4/, data/artifact/asymptote/, 
There are 1733 data points in adiabatic representation
          355 data points in composite representation

The data set will be read from: 
    data/artifact/fast-B2/, data/artifact/min-B1_stretch/, 
    data/artifact/min-A1_stretch/, data/artifact/B1rot-sad_stretch/, data/artifact/A1rot-sad_stretch/, 
    data/artifact/asymptote_C-N-H/, data/artifact/asymptote-B2/, 
There are 1646 data points without gradient

maximum ground state energy = 0.238417
maximum ||ground state energy gradient||_infinity = 0.708655
so we suggest to set gradient / energy scaling to around 2.97233

Got regularization strength, enable regularization

The number of threads = 48

Thread 1:
* owns 37 adiabatic data points
* owns 8 composite data points
* owns 35 energy-only data points
* starts with Jacobian row 0
Thread 2:
* owns 37 adiabatic data points
* owns 8 composite data points
* owns 35 energy-only data points
* starts with Jacobian row 6324
Thread 3:
* owns 37 adiabatic data points
* owns 8 composite data points
* owns 35 energy-only data points
* starts with Jacobian row 12942
Thread 4:
* owns 37 adiabatic data points
* owns 8 composite data points
* owns 35 energy-only data points
* starts with Jacobian row 20703
Thread 5:
* owns 37 adiabatic data points
* owns 8 composite data points
* owns 35 energy-only data points
* starts with Jacobian row 26988
Thread 6:
* owns 36 adiabatic data points
* owns 8 composite data points
* owns 35 energy-only data points
* starts with Jacobian row 33778
Thread 7:
* owns 36 adiabatic data points
* owns 8 composite data points
* owns 35 energy-only data points
* starts with Jacobian row 42444
Thread 8:
* owns 36 adiabatic data points
* owns 8 composite data points
* owns 35 energy-only data points
* starts with Jacobian row 50874
Thread 9:
* owns 36 adiabatic data points
* owns 8 composite data points
* owns 35 energy-only data points
* starts with Jacobian row 62036
Thread 10:
* owns 36 adiabatic data points
* owns 8 composite data points
* owns 35 energy-only data points
* starts with Jacobian row 70752
Thread 11:
* owns 36 adiabatic data points
* owns 8 composite data points
* owns 35 energy-only data points
* starts with Jacobian row 80489
Thread 12:
* owns 36 adiabatic data points
* owns 8 composite data points
* owns 35 energy-only data points
* starts with Jacobian row 85774
Thread 13:
* owns 36 adiabatic data points
* owns 8 composite data points
* owns 35 energy-only data points
* starts with Jacobian row 93061
Thread 14:
* owns 36 adiabatic data points
* owns 8 composite data points
* owns 35 energy-only data points
* starts with Jacobian row 100975
Thread 15:
* owns 36 adiabatic data points
* owns 8 composite data points
* owns 34 energy-only data points
* starts with Jacobian row 109037
Thread 16:
* owns 36 adiabatic data points
* owns 8 composite data points
* owns 34 energy-only data points
* starts with Jacobian row 116879
Thread 17:
* owns 36 adiabatic data points
* owns 8 composite data points
* owns 34 energy-only data points
* starts with Jacobian row 123055
Thread 18:
* owns 36 adiabatic data points
* owns 8 composite data points
* owns 34 energy-only data points
* starts with Jacobian row 131779
Thread 19:
* owns 36 adiabatic data points
* owns 8 composite data points
* owns 34 energy-only data points
* starts with Jacobian row 140144
Thread 20:
* owns 36 adiabatic data points
* owns 7 composite data points
* owns 34 energy-only data points
* starts with Jacobian row 148547
Thread 21:
* owns 36 adiabatic data points
* owns 7 composite data points
* owns 34 energy-only data points
* starts with Jacobian row 159037
Thread 22:
* owns 36 adiabatic data points
* owns 7 composite data points
* owns 34 energy-only data points
* starts with Jacobian row 168551
Thread 23:
* owns 36 adiabatic data points
* owns 7 composite data points
* owns 34 energy-only data points
* starts with Jacobian row 180231
Thread 24:
* owns 36 adiabatic data points
* owns 7 composite data points
* owns 34 energy-only data points
* starts with Jacobian row 189899
Thread 25:
* owns 36 adiabatic data points
* owns 7 composite data points
* owns 34 energy-only data points
* starts with Jacobian row 200319
Thread 26:
* owns 36 adiabatic data points
* owns 7 composite data points
* owns 34 energy-only data points
* starts with Jacobian row 209919
Thread 27:
* owns 36 adiabatic data points
* owns 7 composite data points
* owns 34 energy-only data points
* starts with Jacobian row 219881
Thread 28:
* owns 36 adiabatic data points
* owns 7 composite data points
* owns 34 energy-only data points
* starts with Jacobian row 231561
Thread 29:
* owns 36 adiabatic data points
* owns 7 composite data points
* owns 34 energy-only data points
* starts with Jacobian row 241415
Thread 30:
* owns 36 adiabatic data points
* owns 7 composite data points
* owns 34 energy-only data points
* starts with Jacobian row 252073
Thread 31:
* owns 36 adiabatic data points
* owns 7 composite data points
* owns 34 energy-only data points
* starts with Jacobian row 260332
Thread 32:
* owns 36 adiabatic data points
* owns 7 composite data points
* owns 34 energy-only data points
* starts with Jacobian row 275062
Thread 33:
* owns 36 adiabatic data points
* owns 7 composite data points
* owns 34 energy-only data points
* starts with Jacobian row 290892
Thread 34:
* owns 36 adiabatic data points
* owns 7 composite data points
* owns 34 energy-only data points
* starts with Jacobian row 306722
Thread 35:
* owns 36 adiabatic data points
* owns 7 composite data points
* owns 34 energy-only data points
* starts with Jacobian row 322552
Thread 36:
* owns 36 adiabatic data points
* owns 7 composite data points
* owns 34 energy-only data points
* starts with Jacobian row 338382
Thread 37:
* owns 36 adiabatic data points
* owns 7 composite data points
* owns 34 energy-only data points
* starts with Jacobian row 354212
Thread 38:
* owns 36 adiabatic data points
* owns 7 composite data points
* owns 34 energy-only data points
* starts with Jacobian row 370042
Thread 39:
* owns 36 adiabatic data points
* owns 7 composite data points
* owns 34 energy-only data points
* starts with Jacobian row 385872
Thread 40:
* owns 36 adiabatic data points
* owns 7 composite data points
* owns 34 energy-only data points
* starts with Jacobian row 401702
Thread 41:
* owns 36 adiabatic data points
* owns 7 composite data points
* owns 34 energy-only data points
* starts with Jacobian row 417532
Thread 42:
* owns 36 adiabatic data points
* owns 7 composite data points
* owns 34 energy-only data points
* starts with Jacobian row 433362
Thread 43:
* owns 36 adiabatic data points
* owns 7 composite data points
* owns 34 energy-only data points
* starts with Jacobian row 447742
Thread 44:
* owns 36 adiabatic data points
* owns 7 composite data points
* owns 34 energy-only data points
* starts with Jacobian row 462812
Thread 45:
* owns 36 adiabatic data points
* owns 7 composite data points
* owns 34 energy-only data points
* starts with Jacobian row 472113
Thread 46:
* owns 36 adiabatic data points
* owns 7 composite data points
* owns 34 energy-only data points
* starts with Jacobian row 483422
Thread 47:
* owns 36 adiabatic data points
* owns 7 composite data points
* owns 34 energy-only data points
* starts with Jacobian row 494856
Thread 48:
* owns 36 adiabatic data points
* owns 7 composite data points
* owns 34 energy-only data points
* starts with Jacobian row 505466

The data set corresponds to 515298 least square equations
There are 26834 parameters to train

The initial residue = 11.4037
 
2022 year 12 month 11 day  1: 3:22
 Iteration           1 , residue   11.4049046069412     
 
2022 year 12 month 11 day  1: 8:42
 Iteration           2 , residue   10.5882273587658     
 
2022 year 12 month 11 day  1:18:28
 Iteration           3 , residue   9.31300856163467     
 
2022 year 12 month 11 day  1:28: 2
 Iteration           4 , residue   9.31300856163467     
 
2022 year 12 month 11 day  1:33:13
 Iteration           5 , residue   7.77805513566342     
 
2022 year 12 month 11 day  1:43: 5
 Iteration           6 , residue   7.77805513566342     
 
2022 year 12 month 11 day  1:48:23
 Iteration           7 , residue   6.84106899638153     
 
2022 year 12 month 11 day  1:57:51
 Iteration           8 , residue   6.01015521324521     
 
2022 year 12 month 11 day  2: 7:24
 Iteration           9 , residue   6.01015521324521     
 
2022 year 12 month 11 day  2:12:35
 Iteration          10 , residue   5.56924327776551     
 
2022 year 12 month 11 day  2:22: 5
 Iteration          11 , residue   5.39112850763874     
 
2022 year 12 month 11 day  2:31:43
 Iteration          12 , residue   5.26961988019749     
 
2022 year 12 month 11 day  2:41:18
 Iteration          13 , residue   5.25486312913842     
 
2022 year 12 month 11 day  2:50:50
 Iteration          14 , residue   5.16083264752081     
 
2022 year 12 month 11 day  3: 0:38
 Iteration          15 , residue   5.14057139891403     
 
2022 year 12 month 11 day  3:10:28
 Iteration          16 , residue   5.10994245918590     
 
2022 year 12 month 11 day  3:20:23
 Iteration          17 , residue   5.10992063927349     
 
2022 year 12 month 11 day  3:30:14
 Iteration          18 , residue   5.08780938551476     
 
2022 year 12 month 11 day  3:40: 5
 Iteration          19 , residue   5.08780938551476     
 
2022 year 12 month 11 day  3:45:16
 Iteration          20 , residue   5.08780938551476     
 
2022 year 12 month 11 day  3:50:25
 Iteration          21 , residue   5.08756749567507     
 
2022 year 12 month 11 day  4: 0:34
 Iteration          22 , residue   5.08756749567507     
 
2022 year 12 month 11 day  4: 5:49
 Iteration          23 , residue   5.07925683864100     
 
2022 year 12 month 11 day  4:15:51
 Iteration          24 , residue   5.07925683864100     
 
2022 year 12 month 11 day  4:21: 7
 Iteration          25 , residue   5.07817763171742     
 
2022 year 12 month 11 day  4:31:12
 Iteration          26 , residue   5.07810120675708     
 
2022 year 12 month 11 day  4:41: 1
 Iteration          27 , residue   5.07737577663570     
 
2022 year 12 month 11 day  4:50:46
 Iteration          28 , residue   5.07719992107629     
 Failed trust region: max iteration exceeded!
 Final residual =    5.07719992107629     
The final residue = 5.07222

Sun Dec 11 04:50:48 2022
Mission success
