Generate Lanczos seed vector
Yifan Shen 2021

Echo of user command line input:
/home-4/yshen57@jhu.edu/Software/Mine/vibronics/tools/seed/seed.exe -w wfn-2.in -v vibration1.in vibration2.in vibration3.in vibration4.in -i initial-freq-1.in initial-freq-2.in -f final-freq-1.in final-freq-2.in final-freq-3.in final-freq-4.in -t transformation-matrix.in -s shift-vector.in

Sat Apr 10 20:08:41 2021

Number of irreducible representations: 4
Point group product table:
    1    2    3    4
    2    1    4    3
    3    4    1    2
    4    3    2    1
Number of normal modes:
    irreducible 0: 13
    irreducible 1: 7
    irreducible 2: 12
    irreducible 3: 4
Number of electronic states = 3
Vibrational irreducible:
    state 1: 1
    state 2: 4
    state 3: 3
Number of segmentations = 24
Segment 0 owns:
Electronic state 0: [0, 360)
Electronic state 1: [0, 360)
Electronic state 2: [0, 360)
Segment 1 owns:
Electronic state 0: [360, 720)
Electronic state 1: [360, 720)
Electronic state 2: [360, 720)
Segment 2 owns:
Electronic state 0: [720, 1080)
Electronic state 1: [720, 1080)
Electronic state 2: [720, 1080)
Segment 3 owns:
Electronic state 0: [1080, 1440)
Electronic state 1: [1080, 1440)
Electronic state 2: [1080, 1440)
Segment 4 owns:
Electronic state 0: [1440, 1800)
Electronic state 1: [1440, 1800)
Electronic state 2: [1440, 1800)
Segment 5 owns:
Electronic state 0: [1800, 2160)
Electronic state 1: [1800, 2160)
Electronic state 2: [1800, 2160)
Segment 6 owns:
Electronic state 0: [2160, 2520)
Electronic state 1: [2160, 2520)
Electronic state 2: [2160, 2520)
Segment 7 owns:
Electronic state 0: [2520, 2880)
Electronic state 1: [2520, 2880)
Electronic state 2: [2520, 2880)
Segment 8 owns:
Electronic state 0: [2880, 3240)
Electronic state 1: [2880, 3240)
Electronic state 2: [2880, 3240)
Segment 9 owns:
Electronic state 0: [3240, 3600)
Electronic state 1: [3240, 3600)
Electronic state 2: [3240, 3600)
Segment 10 owns:
Electronic state 0: [3600, 3960)
Electronic state 1: [3600, 3960)
Electronic state 2: [3600, 3960)
Segment 11 owns:
Electronic state 0: [3960, 4320)
Electronic state 1: [3960, 4320)
Electronic state 2: [3960, 4320)
Segment 12 owns:
Electronic state 0: [4320, 4680)
Electronic state 1: [4320, 4680)
Electronic state 2: [4320, 4680)
Segment 13 owns:
Electronic state 0: [4680, 5040)
Electronic state 1: [4680, 5040)
Electronic state 2: [4680, 5040)
Segment 14 owns:
Electronic state 0: [5040, 5400)
Electronic state 1: [5040, 5400)
Electronic state 2: [5040, 5400)
Segment 15 owns:
Electronic state 0: [5400, 5760)
Electronic state 1: [5400, 5760)
Electronic state 2: [5400, 5760)
Segment 16 owns:
Electronic state 0: [5760, 6120)
Electronic state 1: [5760, 6120)
Electronic state 2: [5760, 6120)
Segment 17 owns:
Electronic state 0: [6120, 6480)
Electronic state 1: [6120, 6480)
Electronic state 2: [6120, 6480)
Segment 18 owns:
Electronic state 0: [6480, 6840)
Electronic state 1: [6480, 6840)
Electronic state 2: [6480, 6840)
Segment 19 owns:
Electronic state 0: [6840, 7200)
Electronic state 1: [6840, 7200)
Electronic state 2: [6840, 7200)
Segment 20 owns:
Electronic state 0: [7200, 7560)
Electronic state 1: [7200, 7560)
Electronic state 2: [7200, 7560)
Segment 21 owns:
Electronic state 0: [7560, 7920)
Electronic state 1: [7560, 7920)
Electronic state 2: [7560, 7920)
Segment 22 owns:
Electronic state 0: [7920, 8280)
Electronic state 1: [7920, 8280)
Electronic state 2: [7920, 8280)
Segment 23 owns:
Electronic state 0: [8280, 8640)
Electronic state 1: [8280, 8640)
Electronic state 2: [8280, 8640)
Vibrational basis functions of irreducible 0:
Highest phonons among the vibrational basis functions:
3, 0, 4, 0, 0, 1, 1, 0, 2, 0, 0, 0, 1, 
0, 0, 8, 1, 1, 0, 0, 
0, 0, 0, 0, 0, 0, 0, 0, 0, 0, 0, 0, 
0, 0, 0, 0, 
Vibrational basis functions of irreducible 1:
Highest phonons among the vibrational basis functions:
3, 0, 4, 0, 0, 1, 1, 0, 2, 0, 0, 0, 1, 
0, 0, 8, 1, 1, 0, 0, 
0, 0, 0, 0, 0, 0, 0, 0, 0, 0, 0, 0, 
0, 0, 0, 0, 
Vibrational basis functions of irreducible 2:
Highest phonons among the vibrational basis functions:
3, 0, 4, 0, 0, 1, 1, 0, 2, 0, 0, 0, 1, 
0, 0, 8, 1, 1, 0, 0, 
0, 0, 0, 0, 0, 0, 0, 0, 0, 0, 0, 0, 
0, 1, 0, 0, 
Vibrational basis functions of irreducible 3:
Highest phonons among the vibrational basis functions:
3, 0, 4, 0, 0, 1, 1, 0, 2, 0, 0, 0, 1, 
0, 0, 8, 1, 1, 0, 0, 
0, 0, 0, 0, 0, 0, 0, 0, 0, 0, 0, 0, 
0, 1, 0, 0, 

Read initial-state harmonic frequencies from:
    initial-freq-1.in
    initial-freq-2.in
Read final-state harmonic frequencies from:
    final-freq-1.in
    final-freq-2.in
    final-freq-3.in
    final-freq-4.in

The 10 most contributing vibrational basis functions are:
No. 1. overlap = 0.128194, phonons are:
    0    0    1    0    0    0    0    0    0    0    0    0    0    0    0    4    0    0    0    0    0    0    0    0    0    0    0    0    0    0    0    0    0    0    0    0
No. 2. overlap = 0.120786, phonons are:
    1    0    1    0    0    0    0    0    0    0    0    0    0    0    0    3    0    0    0    0    0    0    0    0    0    0    0    0    0    0    0    0    0    0    0    0
No. 3. overlap = 0.114657, phonons are:
    0    0    0    0    0    0    0    0    0    0    0    0    0    0    0    2    0    0    0    0    0    0    0    0    0    0    0    0    0    0    0    0    0    0    0    0
No. 4. overlap = 0.112715, phonons are:
    1    0    0    0    0    0    0    0    0    0    0    0    0    0    0    3    0    0    0    0    0    0    0    0    0    0    0    0    0    0    0    0    0    0    0    0
No. 5. overlap = 0.110085, phonons are:
    0    0    1    0    0    0    0    0    0    0    0    0    0    0    0    2    0    0    0    0    0    0    0    0    0    0    0    0    0    0    0    0    0    0    0    0
No. 6. overlap = 0.104454, phonons are:
    0    0    0    0    0    0    0    0    0    0    0    0    0    0    0    4    0    0    0    0    0    0    0    0    0    0    0    0    0    0    0    0    0    0    0    0
No. 7. overlap = 0.0997941, phonons are:
    0    0    2    0    0    0    0    0    0    0    0    0    0    0    0    4    0    0    0    0    0    0    0    0    0    0    0    0    0    0    0    0    0    0    0    0
No. 8. overlap = 0.0861363, phonons are:
    1    0    1    0    0    0    0    0    0    0    0    0    0    0    0    5    0    0    0    0    0    0    0    0    0    0    0    0    0    0    0    0    0    0    0    0
No. 9. overlap = 0.0818958, phonons are:
    1    0    2    0    0    0    0    0    0    0    0    0    0    0    0    3    0    0    0    0    0    0    0    0    0    0    0    0    0    0    0    0    0    0    0    0
No. 10. overlap = 0.0779829, phonons are:
    1    0    2    0    0    0    0    0    0    0    0    0    0    0    0    5    0    0    0    0    0    0    0    0    0    0    0    0    0    0    0    0    0    0    0    0

Norm of the seed vector = 0.631654
The seed vector can be found in seed-*-*.wfn

Sat Apr 10 20:08:43 2021
Mission success
