Root mean square deviation analyzer for diabatz
Yifan Shen 2021

Echo of user command line input:
/home-4/yshen57@jhu.edu/Software/Mine/diabatz/tools/RMSD/v0/RMSD.exe -d default IntCoordDef SAS.in Hd.in Hd.net 11.in 12.in 13.in 14.in 22.in 23.in 24.in 33.in 34.in 44.in -s min-B1/ -z -286.1075216397

Mon Jun  7 11:38:38 2021

Root mean square deviation of energy:
State 1 = 4.75701e-05
State 2 = 0.0017618
State 3 = 0.0111459
State 4 = 0.0161484
Root mean square deviation of energy gradient:
State 1 = 0.000218066
State 2 = 0.000118576
State 3 = 0.000409911
State 4 = 0.000584896
Root mean square deviation of interstate coupling:
State 1-2 = 0.000567301
State 1-3 = 0.00208987
State 1-4 = 0.00165672
State 2-3 = 0.000147755
State 2-4 = 0.00150086
State 3-4 = 0.000760969

Mon Jun  7 11:38:53 2021
Mission success
