Root mean square deviation analyzer for diabatz
Yifan Shen 2021

Echo of user command line input:
/home-4/yshen57@jhu.edu/Software/Mine/diabatz/tools/RMSD/v0/RMSD.exe -d default IntCoordDef SAS.in Hd.in Hd.net 11.in 12.in 13.in 14.in 22.in 23.in 24.in 33.in 34.in 44.in -s slow/1.3/ -z -286.1075216397

Mon Jun  7 11:39:04 2021

Root mean square deviation of energy:
State 1 = 7.7207e-05
State 2 = 0.00594236
State 3 = 0.0195388
State 4 = 0.0172474
Root mean square deviation of energy gradient:
State 1 = 0.000955727
State 2 = 0.00243968
State 3 = 0.00438155
State 4 = 0.00367877
Root mean square deviation of interstate coupling:
State 1-2 = 0.0121732
State 1-3 = 0.00480361
State 1-4 = 0.00298951
State 2-3 = 0.00318415
State 2-4 = 0.00506951
State 3-4 = 0.00360204

Mon Jun  7 11:39:24 2021
Mission success
