 Trust region warning: step length has converged, but residual has not met accur
 acy goal
 Final residual =   1.700853307387304E-010
 Trust region warning: step length has converged, but residual has not met accur
 acy goal
 Final residual =   7.558462542645978E-011
 Trust region warning: step length has converged, but residual has not met accur
 acy goal
 Final residual =   2.645325160338401E-010
 Trust region warning: step length has converged, but residual has not met accur
 acy goal
 Final residual =   1.470229942428730E-010
 Trust region warning: step length has converged, but residual has not met accur
 acy goal
 Final residual =   1.142557134529126E-010
 Trust region warning: step length has converged, but residual has not met accur
 acy goal
 Final residual =   8.589140749523717E-011
 Trust region warning: step length has converged, but residual has not met accur
 acy goal
 Final residual =   4.904328452650674E-011
 Trust region warning: step length has converged, but residual has not met accur
 acy goal
 Final residual =   8.407302909219429E-011
 Trust region warning: step length has converged, but residual has not met accur
 acy goal
 Final residual =   1.462232403679273E-010
 Trust region warning: step length has converged, but residual has not met accur
 acy goal
 Final residual =   1.197800888631844E-010
 Trust region warning: step length has converged, but residual has not met accur
 acy goal
 Final residual =   2.499977549514284E-010
 Trust region warning: step length has converged, but residual has not met accur
 acy goal
 Final residual =   7.409262828200792E-011
 Trust region warning: step length has converged, but residual has not met accur
 acy goal
 Final residual =   1.200561860344922E-010
 Trust region warning: step length has converged, but residual has not met accur
 acy goal
 Final residual =   1.614797240401193E-010
 Trust region warning: step length has converged, but residual has not met accur
 acy goal
 Final residual =   1.777169936489096E-010
 Trust region warning: step length has converged, but residual has not met accur
 acy goal
 Final residual =   1.662991822349314E-010
 Trust region warning: step length has converged, but residual has not met accur
 acy goal
 Final residual =   1.593493564033058E-010
 Trust region warning: step length has converged, but residual has not met accur
 acy goal
 Final residual =   7.109813935616802E-011
 Trust region warning: step length has converged, but residual has not met accur
 acy goal
 Final residual =   1.852733998290875E-010
 Trust region warning: step length has converged, but residual has not met accur
 acy goal
 Final residual =   1.106448442704501E-010
 Trust region warning: step length has converged, but residual has not met accur
 acy goal
 Final residual =   9.617023462077718E-011
 Trust region warning: step length has converged, but residual has not met accur
 acy goal
 Final residual =   2.286559169599883E-010
 Trust region warning: step length has converged, but residual has not met accur
 acy goal
 Final residual =   1.382051957839704E-010
 Trust region warning: step length has converged, but residual has not met accur
 acy goal
 Final residual =   7.991353904679407E-011
 Trust region warning: step length has converged, but residual has not met accur
 acy goal
 Final residual =   9.334631327329201E-011
 Trust region warning: step length has converged, but residual has not met accur
 acy goal
 Final residual =   8.924906962813966E-011
 Trust region warning: step length has converged, but residual has not met accur
 acy goal
 Final residual =   1.418600922268547E-010
 Trust region warning: step length has converged, but residual has not met accur
 acy goal
 Final residual =   6.384837276982070E-011
 Trust region warning: step length has converged, but residual has not met accur
 acy goal
 Final residual =   1.067923643324182E-010
 Trust region warning: step length has converged, but residual has not met accur
 acy goal
 Final residual =   1.317548263413089E-010
 Trust region warning: step length has converged, but residual has not met accur
 acy goal
 Final residual =   1.796148451992537E-010
 Trust region warning: step length has converged, but residual has not met accur
 acy goal
 Final residual =   1.632001153374221E-010
 Trust region warning: step length has converged, but residual has not met accur
 acy goal
 Final residual =   2.838344645543875E-010
 Trust region warning: step length has converged, but residual has not met accur
 acy goal
 Final residual =   7.082076017616160E-011
 Trust region warning: step length has converged, but residual has not met accur
 acy goal
 Final residual =   1.482554947258043E-010
 Trust region warning: step length has converged, but residual has not met accur
 acy goal
 Final residual =   2.279260244364305E-010
 Trust region warning: step length has converged, but residual has not met accur
 acy goal
 Final residual =   1.449705593137532E-010
 Trust region warning: step length has converged, but residual has not met accur
 acy goal
 Final residual =   1.416207368214416E-010
 Trust region warning: step length has converged, but residual has not met accur
 acy goal
 Final residual =   8.932199812651762E-011
 Trust region warning: step length has converged, but residual has not met accur
 acy goal
 Final residual =   8.888696579126463E-011
 Trust region warning: step length has converged, but residual has not met accur
 acy goal
 Final residual =   1.183650258681791E-010
 Trust region warning: step length has converged, but residual has not met accur
 acy goal
 Final residual =   1.468889461452276E-010
 Trust region warning: step length has converged, but residual has not met accur
 acy goal
 Final residual =   1.666867306194528E-010
 Trust region warning: step length has converged, but residual has not met accur
 acy goal
 Final residual =   1.713669136431454E-010
 Trust region warning: step length has converged, but residual has not met accur
 acy goal
 Final residual =   1.161394504870885E-010
 Trust region warning: step length has converged, but residual has not met accur
 acy goal
 Final residual =   8.410164456352188E-011
 Trust region warning: step length has converged, but residual has not met accur
 acy goal
 Final residual =   1.268542626166262E-010
 Trust region warning: step length has converged, but residual has not met accur
 acy goal
 Final residual =   8.063282814477220E-011
 Trust region warning: step length has converged, but residual has not met accur
 acy goal
 Final residual =   7.150637748375437E-011
 Trust region warning: step length has converged, but residual has not met accur
 acy goal
 Final residual =   1.348786326332702E-010
 Trust region warning: step length has converged, but residual has not met accur
 acy goal
 Final residual =   1.464945130828649E-010
 Trust region warning: step length has converged, but residual has not met accur
 acy goal
 Final residual =   1.781226163476552E-010
 Trust region warning: step length has converged, but residual has not met accur
 acy goal
 Final residual =   1.437870826845299E-010
 Trust region warning: step length has converged, but residual has not met accur
 acy goal
 Final residual =   1.093833701647508E-010
 Trust region warning: step length has converged, but residual has not met accur
 acy goal
 Final residual =   8.006556523879290E-011
 Trust region warning: step length has converged, but residual has not met accur
 acy goal
 Final residual =   1.167423226854430E-010
 Trust region warning: step length has converged, but residual has not met accur
 acy goal
 Final residual =   7.047966201892208E-011
 Trust region warning: step length has converged, but residual has not met accur
 acy goal
 Final residual =   6.568428681944212E-011
 Trust region warning: step length has converged, but residual has not met accur
 acy goal
 Final residual =   9.535785047972963E-011
 Trust region warning: step length has converged, but residual has not met accur
 acy goal
 Final residual =   9.959229166574091E-011
 Trust region warning: step length has converged, but residual has not met accur
 acy goal
 Final residual =   1.517483448700358E-010
 Trust region warning: step length has converged, but residual has not met accur
 acy goal
 Final residual =   9.812799302799111E-011
 Trust region warning: step length has converged, but residual has not met accur
 acy goal
 Final residual =   1.981226201804912E-010
 Trust region warning: step length has converged, but residual has not met accur
 acy goal
 Final residual =   7.743105649450099E-011
 Trust region warning: step length has converged, but residual has not met accur
 acy goal
 Final residual =   1.293324759696279E-010
 Trust region warning: step length has converged, but residual has not met accur
 acy goal
 Final residual =   8.703528313172404E-011
 Trust region warning: step length has converged, but residual has not met accur
 acy goal
 Final residual =   7.484651132790465E-011
 Trust region warning: step length has converged, but residual has not met accur
 acy goal
 Final residual =   1.459059407180384E-010
 Trust region warning: step length has converged, but residual has not met accur
 acy goal
 Final residual =   1.448895862913949E-010
 Trust region warning: step length has converged, but residual has not met accur
 acy goal
 Final residual =   5.566840797840806E-011
 Trust region warning: step length has converged, but residual has not met accur
 acy goal
 Final residual =   1.646944368727657E-010
 Trust region warning: step length has converged, but residual has not met accur
 acy goal
 Final residual =   1.757544131291699E-010
 Trust region warning: step length has converged, but residual has not met accur
 acy goal
 Final residual =   1.522664221102008E-010
 Trust region warning: step length has converged, but residual has not met accur
 acy goal
 Final residual =   1.616879200612052E-010
 Trust region warning: step length has converged, but residual has not met accur
 acy goal
 Final residual =   8.597590992315866E-011
 Trust region warning: step length has converged, but residual has not met accur
 acy goal
 Final residual =   1.149340364372088E-010
 Trust region warning: step length has converged, but residual has not met accur
 acy goal
 Final residual =   4.876317366102480E-011
 Trust region warning: step length has converged, but residual has not met accur
 acy goal
 Final residual =   9.552127076618582E-011
 Trust region warning: step length has converged, but residual has not met accur
 acy goal
 Final residual =   6.939269114090526E-011
 Trust region warning: step length has converged, but residual has not met accur
 acy goal
 Final residual =   1.395605554913682E-010
 Trust region warning: step length has converged, but residual has not met accur
 acy goal
 Final residual =   8.710773402663502E-011
 Trust region warning: step length has converged, but residual has not met accur
 acy goal
 Final residual =   1.570210646462716E-010
 Trust region warning: step length has converged, but residual has not met accur
 acy goal
 Final residual =   8.920793549585202E-011
 Trust region warning: step length has converged, but residual has not met accur
 acy goal
 Final residual =   8.920793549585202E-011
 Trust region warning: step length has converged, but residual has not met accur
 acy goal
 Final residual =   1.083200944112117E-010
 Trust region warning: step length has converged, but residual has not met accur
 acy goal
 Final residual =   1.679136905591891E-010
 Trust region warning: step length has converged, but residual has not met accur
 acy goal
 Final residual =   7.352846751780226E-011
 Trust region warning: step length has converged, but residual has not met accur
 acy goal
 Final residual =   7.538645836737016E-011
 Trust region warning: step length has converged, but residual has not met accur
 acy goal
 Final residual =   9.243564528302058E-011
 Trust region warning: step length has converged, but residual has not met accur
 acy goal
 Final residual =   1.119571917094096E-010
 Trust region warning: step length has converged, but residual has not met accur
 acy goal
 Final residual =   1.587897487587254E-010
 Trust region warning: step length has converged, but residual has not met accur
 acy goal
 Final residual =   9.423456086719861E-011
 Trust region warning: step length has converged, but residual has not met accur
 acy goal
 Final residual =   1.603588192529134E-010
 Trust region warning: step length has converged, but residual has not met accur
 acy goal
 Final residual =   1.091368942241639E-010
 Trust region warning: step length has converged, but residual has not met accur
 acy goal
 Final residual =   1.374224084640466E-010
 Trust region warning: step length has converged, but residual has not met accur
 acy goal
 Final residual =   1.077949955884268E-010
 Trust region warning: step length has converged, but residual has not met accur
 acy goal
 Final residual =   4.727721349819388E-011
 Trust region warning: step length has converged, but residual has not met accur
 acy goal
 Final residual =   1.895590436958257E-010
 Trust region warning: step length has converged, but residual has not met accur
 acy goal
 Final residual =   9.762545480744615E-011
 Trust region warning: step length has converged, but residual has not met accur
 acy goal
 Final residual =   1.253893149913001E-010
 Trust region warning: step length has converged, but residual has not met accur
 acy goal
 Final residual =   9.298376636241925E-011
 Trust region warning: step length has converged, but residual has not met accur
 acy goal
 Final residual =   3.307239932263326E-010
 Trust region warning: step length has converged, but residual has not met accur
 acy goal
 Final residual =   1.488324327273449E-010
 Trust region warning: step length has converged, but residual has not met accur
 acy goal
 Final residual =   9.424589184128342E-011
 Trust region warning: step length has converged, but residual has not met accur
 acy goal
 Final residual =   8.257533307381765E-011
 Trust region warning: step length has converged, but residual has not met accur
 acy goal
 Final residual =   1.008203314980095E-010
 Trust region warning: step length has converged, but residual has not met accur
 acy goal
 Final residual =   1.014462522563289E-010
 Trust region warning: step length has converged, but residual has not met accur
 acy goal
 Final residual =   9.909265133062298E-011
 Trust region warning: step length has converged, but residual has not met accur
 acy goal
 Final residual =   6.549358827698947E-011
 Trust region warning: step length has converged, but residual has not met accur
 acy goal
 Final residual =   5.727345407944934E-011
 Trust region warning: step length has converged, but residual has not met accur
 acy goal
 Final residual =   1.188445939319067E-010
 Trust region warning: step length has converged, but residual has not met accur
 acy goal
 Final residual =   1.664104249268410E-010
 Trust region warning: step length has converged, but residual has not met accur
 acy goal
 Final residual =   1.288671757204263E-010
 Trust region warning: step length has converged, but residual has not met accur
 acy goal
 Final residual =   1.785206757930662E-010
 Trust region warning: step length has converged, but residual has not met accur
 acy goal
 Final residual =   1.353693124114510E-010
 Trust region warning: step length has converged, but residual has not met accur
 acy goal
 Final residual =   1.288392593034784E-010
 Trust region warning: step length has converged, but residual has not met accur
 acy goal
 Final residual =   1.016493918534858E-010
 Trust region warning: step length has converged, but residual has not met accur
 acy goal
 Final residual =   1.331927094315053E-010
 Trust region warning: step length has converged, but residual has not met accur
 acy goal
 Final residual =   2.927546911516473E-010
 Trust region warning: step length has converged, but residual has not met accur
 acy goal
 Final residual =   8.476135400750371E-011
 Trust region warning: step length has converged, but residual has not met accur
 acy goal
 Final residual =   1.325025290241138E-010
 Trust region warning: step length has converged, but residual has not met accur
 acy goal
 Final residual =   8.468373571649192E-011
 Trust region warning: step length has converged, but residual has not met accur
 acy goal
 Final residual =   1.187798707587565E-010
 Trust region warning: step length has converged, but residual has not met accur
 acy goal
 Final residual =   1.396870700864507E-010
 Trust region warning: step length has converged, but residual has not met accur
 acy goal
 Final residual =   1.177708192903227E-010
 Trust region warning: step length has converged, but residual has not met accur
 acy goal
 Final residual =   2.030247398564364E-010
 Trust region warning: step length has converged, but residual has not met accur
 acy goal
 Final residual =   1.392604200801143E-010
 Trust region warning: step length has converged, but residual has not met accur
 acy goal
 Final residual =   9.703071420501598E-011
 Trust region warning: step length has converged, but residual has not met accur
 acy goal
 Final residual =   1.293100088135423E-010
 Trust region warning: step length has converged, but residual has not met accur
 acy goal
 Final residual =   1.357934694818158E-010
 Trust region warning: step length has converged, but residual has not met accur
 acy goal
 Final residual =   1.733267487776698E-010
 Trust region warning: step length has converged, but residual has not met accur
 acy goal
 Final residual =   6.729624852529626E-011
 Trust region warning: step length has converged, but residual has not met accur
 acy goal
 Final residual =   1.479239504189695E-010
 Trust region warning: step length has converged, but residual has not met accur
 acy goal
 Final residual =   1.174155376809654E-010
 Trust region warning: step length has converged, but residual has not met accur
 acy goal
 Final residual =   1.060462900542648E-010
 Trust region warning: step length has converged, but residual has not met accur
 acy goal
 Final residual =   1.313358948268445E-010
 Trust region warning: step length has converged, but residual has not met accur
 acy goal
 Final residual =   5.831959597298737E-011
 Trust region warning: step length has converged, but residual has not met accur
 acy goal
 Final residual =   1.173923973723511E-010
 Trust region warning: step length has converged, but residual has not met accur
 acy goal
 Final residual =   1.050114278451362E-010
 Trust region warning: step length has converged, but residual has not met accur
 acy goal
 Final residual =   4.821286148001498E-011
 Trust region warning: step length has converged, but residual has not met accur
 acy goal
 Final residual =   1.493792939040847E-010
 Trust region warning: step length has converged, but residual has not met accur
 acy goal
 Final residual =   8.945913476010932E-011
 Trust region warning: step length has converged, but residual has not met accur
 acy goal
 Final residual =   1.119928006971308E-010
 Trust region warning: step length has converged, but residual has not met accur
 acy goal
 Final residual =   8.993305136542914E-011
 Trust region warning: step length has converged, but residual has not met accur
 acy goal
 Final residual =   2.153896778388858E-010
 Trust region warning: step length has converged, but residual has not met accur
 acy goal
 Final residual =   1.051797931829235E-010
 Trust region warning: step length has converged, but residual has not met accur
 acy goal
 Final residual =   1.046875514569509E-010
 Trust region warning: step length has converged, but residual has not met accur
 acy goal
 Final residual =   1.160593364070321E-010
 Trust region warning: step length has converged, but residual has not met accur
 acy goal
 Final residual =   8.783780754200601E-011
 Trust region warning: step length has converged, but residual has not met accur
 acy goal
 Final residual =   1.053695540416206E-010
 Trust region warning: step length has converged, but residual has not met accur
 acy goal
 Final residual =   1.148092846123537E-010
 Trust region warning: step length has converged, but residual has not met accur
 acy goal
 Final residual =   1.244671262299696E-010
 Trust region warning: step length has converged, but residual has not met accur
 acy goal
 Final residual =   1.189069776546750E-010
 Trust region warning: step length has converged, but residual has not met accur
 acy goal
 Final residual =   9.251108470076310E-011
 Trust region warning: step length has converged, but residual has not met accur
 acy goal
 Final residual =   1.750123105360599E-010
 Trust region warning: step length has converged, but residual has not met accur
 acy goal
 Final residual =   1.750123105360599E-010
Critics: a critical geometry searcher
Yifan Shen 2021

Echo of user command line input:
/home/yshen/Software/Mine/diabatz/tools/critics/v1/critics.exe -j min -f default -i opt.IntCoordDef -t 1 -d default IntCoordDef SAS.in pretrain-Hd.in pretrain-Hd.net pretrain-11.in pretrain-12.in pretrain-13.in pretrain-14.in pretrain-22.in pretrain-23.in pretrain-24.in pretrain-33.in pretrain-34.in pretrain-44.in default IntCoordDef SAS.in Hd.in Hd.net 11.in 12.in 13.in 14.in 22.in 23.in 24.in 33.in 34.in 44.in -x A1rot-sad.xyz -c 25 26 27 28 29 30 31 32 33 34 35 36 -o sad.xyz

Wed Dec  7 22:51:14 2022

Job type: min
The target electronic state is 1

Wed Dec  7 23:00:35 2022
Mission success
