 Trust region warning: step length has converged, but residual has not met accur
 acy goal
 Final residual =   1.930614964091624E-008
 Trust region warning: step length has converged, but residual has not met accur
 acy goal
 Final residual =   1.788001999855699E-008
 Trust region warning: step length has converged, but residual has not met accur
 acy goal
 Final residual =   3.407278772799237E-009
 Trust region warning: step length has converged, but residual has not met accur
 acy goal
 Final residual =   1.771753259911256E-008
 Trust region warning: step length has converged, but residual has not met accur
 acy goal
 Final residual =   1.668288119388939E-009
 Trust region warning: step length has converged, but residual has not met accur
 acy goal
 Final residual =   2.536508447191531E-009
 Trust region warning: step length has converged, but residual has not met accur
 acy goal
 Final residual =   4.538161848870123E-009
 Trust region warning: step length has converged, but residual has not met accur
 acy goal
 Final residual =   3.219224948451433E-008
 Trust region warning: step length has converged, but residual has not met accur
 acy goal
 Final residual =   1.079251575100775E-008
 Trust region warning: step length has converged, but residual has not met accur
 acy goal
 Final residual =   1.490119833028205E-008
 Trust region warning: step length has converged, but residual has not met accur
 acy goal
 Final residual =   1.361081218569687E-008
 Trust region warning: step length has converged, but residual has not met accur
 acy goal
 Final residual =   1.550706333719830E-008
 Trust region warning: step length has converged, but residual has not met accur
 acy goal
 Final residual =   6.442428351969099E-009
 Trust region warning: step length has converged, but residual has not met accur
 acy goal
 Final residual =   1.177487845748772E-008
 Trust region warning: step length has converged, but residual has not met accur
 acy goal
 Final residual =   2.678931642260030E-008
 Trust region warning: step length has converged, but residual has not met accur
 acy goal
 Final residual =   1.741260091185730E-008
 Trust region warning: step length has converged, but residual has not met accur
 acy goal
 Final residual =   6.588941116927866E-009
 Trust region warning: step length has converged, but residual has not met accur
 acy goal
 Final residual =   1.316495421716274E-008
 Trust region warning: step length has converged, but residual has not met accur
 acy goal
 Final residual =   1.833561967831760E-009
 Trust region warning: step length has converged, but residual has not met accur
 acy goal
 Final residual =   2.770479694348813E-011
 Trust region warning: step length has converged, but residual has not met accur
 acy goal
 Final residual =   1.826292535124534E-008
 Trust region warning: step length has converged, but residual has not met accur
 acy goal
 Final residual =   5.424574975624321E-012
 Failed trust region: max iteration exceeded!
 Final residual =   1.087937925697030E-012
Critics: a critical geometry searcher
Yifan Shen 2021

Echo of user command line input:
/home/yshen57/Software/Mine/diabatz/tools/critics/v1/critics.exe -j min -f default -i opt.IntCoordDef -t 1 -d default IntCoordDef SAS.in pretrain-Hd.in pretrain-Hd.net pretrain-11.in pretrain-12.in pretrain-13.in pretrain-14.in pretrain-22.in pretrain-23.in pretrain-24.in pretrain-33.in pretrain-34.in pretrain-44.in default IntCoordDef SAS.in Hd.in Hd.net 11.in 12.in 13.in 14.in 22.in 23.in 24.in 33.in 34.in 44.in -x asym.xyz -c 22 24 26 27 28 29 30 31 32 33 34 35 36 -o min.xyz

Thu Nov 24 21:44:34 2022

Job type: min
The target electronic state is 1

Thu Nov 24 21:46:09 2022
Mission success
