 Trust region warning: step length has converged, but residual has not met accur
 acy goal
 Final residual =   1.376560042179769E-012
 Trust region warning: step length has converged, but residual has not met accur
 acy goal
 Final residual =   1.848253842469807E-012
 Trust region warning: step length has converged, but residual has not met accur
 acy goal
 Final residual =   2.733348388356024E-012
 Trust region warning: step length has converged, but residual has not met accur
 acy goal
 Final residual =   3.117441339481146E-012
 Trust region warning: step length has converged, but residual has not met accur
 acy goal
 Final residual =   1.723026757985440E-012
 Trust region warning: step length has converged, but residual has not met accur
 acy goal
 Final residual =   8.110846092995317E-012
 BFGS warning: step length has converged, but gradient norm has not met accuracy
  goal
 Euclidean norm of gradient =  7.797624246467157E-002
Critics: a critical geometry searcher
Yifan Shen 2021

Echo of user command line input:
/home/yshen57/Software/Mine/diabatz/tools/critics/v1/critics.exe -j min -f default -i opt.IntCoordDef -t 3 -d default IntCoordDef SAS.in pretrain-Hd.in pretrain-Hd.net pretrain-11.in pretrain-12.in pretrain-13.in pretrain-14.in pretrain-22.in pretrain-23.in pretrain-24.in pretrain-33.in pretrain-34.in pretrain-44.in default IntCoordDef SAS.in Hd.in Hd.net 11.in 12.in 13.in 14.in 22.in 23.in 24.in 33.in 34.in 44.in -x min-B2.xyz -c 21 22 23 24 25 26 27 28 29 30 31 32 33 34 35 36

Thu Nov 24 18:57:02 2022

Job type: min
The target electronic state is 3

Thu Nov 24 19:02:13 2022
Mission success
