Root mean square deviation analyzer for diabatz
Yifan Shen 2021

Echo of user command line input:
/home-4/yshen57@jhu.edu/Software/Mine/diabatz/tools/RMSD/v0/RMSD.exe -d default IntCoordDef SAS.in Hd.in Hd.net 11.in 12.in 13.in 14.in 22.in 23.in 24.in 33.in 34.in 44.in -s min-A1/ -z -286.1075216397

Mon Jun  7 11:38:43 2021

Root mean square deviation of energy:
State 1 = 1.94734e-05
State 2 = 0.00240968
State 3 = 0.0213643
State 4 = 0.0217133
Root mean square deviation of energy gradient:
State 1 = 5.5176e-05
State 2 = 0.000262204
State 3 = 0.000541725
State 4 = 0.00061271
Root mean square deviation of interstate coupling:
State 1-2 = 0.00121497
State 1-3 = 0.00268563
State 1-4 = 0.00182565
State 2-3 = 0.000281717
State 2-4 = 0.00138433
State 3-4 = 0.000337922

Mon Jun  7 11:38:59 2021
Mission success
