Root mean square deviation analyzer for diabatz
Yifan Shen 2021

Echo of user command line input:
/home-4/yshen57@jhu.edu/Software/Mine/diabatz/tools/RMSD/v0/RMSD.exe -d default IntCoordDef SAS.in Hd.in Hd.net 11.in 12.in 13.in 14.in 22.in 23.in 24.in 33.in 34.in 44.in -s sad-B1/ -z -286.1075216397

Mon Jun  7 11:38:55 2021

Root mean square deviation of energy:
State 1 = 3.38716e-05
State 2 = 0.00304371
State 3 = 0.00161883
State 4 = 0.00253727
Root mean square deviation of energy gradient:
State 1 = 0.000355922
State 2 = 0.000163529
State 3 = 0.00113284
State 4 = 0.00320478
Root mean square deviation of interstate coupling:
State 1-2 = 0.000741272
State 1-3 = 0.00236768
State 1-4 = 0.00891206
State 2-3 = 0.000341729
State 2-4 = 0.0127158
State 3-4 = 0.00291094

Mon Jun  7 11:39:13 2021
Mission success
